Processing /home/hwilco/Documents/RNA Research/RNAStructProfiling-master/output/training/glmS/Staphylococcus_haemo.1_sfold/input/Staphylococcus_haemo.1_sfold.out
Structure 1: 17 27 11 8 4 3 5 6 13 10 9 7 2 1 
	-> 1 2 3 4 5 6 7 8 9 10 11 13 17 
Structure 2: 12 8 14 4 28 16 5 6 13 10 9 7 2 1 
	-> 1 2 4 5 6 7 8 9 10 12 13 14 16 
Structure 3: 20 11 8 4 3 5 6 10 9 7 2 1 
	-> 1 2 3 4 5 6 7 8 9 10 11 
Structure 4: 12 8 4 3 19 16 5 6 13 10 9 7 2 1 
	-> 1 2 3 4 5 6 7 8 9 10 12 13 16 19 
Structure 5: 18 17 11 22 8 4 3 5 6 13 10 9 7 2 39 1 
	-> 1 2 3 4 5 6 7 8 9 10 11 13 17 18 
Structure 6: 86 87 3 88 89 65 16 5 6 10 9 7 2 1 
	-> 1 2 3 5 6 7 9 10 16 
Structure 7: 44 17 11 8 4 3 5 45 30 9 7 2 1 
	-> 1 2 3 4 5 7 8 9 11 17 
Structure 8: 18 17 11 8 14 4 3 5 6 13 10 9 7 2 1 
	-> 1 2 3 4 5 6 7 8 9 10 11 13 14 17 18 
Structure 9: 32 11 8 4 3 5 6 10 9 7 2 1 
	-> 1 2 3 4 5 6 7 8 9 10 11 
Structure 10: 54 15 11 8 4 3 5 6 10 9 7 2 1 
	-> 1 2 3 4 5 6 7 8 9 10 11 15 
Structure 11: 17 11 8 14 4 3 5 6 10 9 7 2 1 
	-> 1 2 3 4 5 6 7 8 9 10 11 14 17 
Structure 12: 15 11 8 14 4 3 5 6 13 10 9 7 2 1 
	-> 1 2 3 4 5 6 7 8 9 10 11 13 14 15 
Structure 13: 12 8 14 4 3 5 6 10 9 7 2 1 
	-> 1 2 3 4 5 6 7 8 9 10 12 14 
Structure 14: 18 17 11 8 14 4 3 5 45 90 21 7 2 1 
	-> 1 2 3 4 5 7 8 11 14 17 18 
Structure 15: 17 11 8 4 3 24 26 25 2 1 
	-> 1 2 3 4 8 11 17 
Structure 16: 12 8 4 3 28 5 6 10 9 7 2 1 
	-> 1 2 3 4 5 6 7 8 9 10 12 
Structure 17: 20 11 8 14 4 3 5 6 13 10 9 7 2 1 
	-> 1 2 3 4 5 6 7 8 9 10 11 13 14 
Structure 18: 33 15 11 8 14 4 3 5 6 10 9 7 2 1 
	-> 1 2 3 4 5 6 7 8 9 10 11 14 15 
Structure 19: 18 17 11 8 14 4 3 5 6 10 9 7 2 1 
	-> 1 2 3 4 5 6 7 8 9 10 11 14 17 18 
Structure 20: 12 8 14 4 3 16 5 6 13 10 9 7 39 1 
	-> 1 3 4 5 6 7 8 9 10 12 13 14 16 
Structure 21: 15 11 8 14 4 3 5 6 13 10 9 7 2 1 
	-> 1 2 3 4 5 6 7 8 9 10 11 13 14 15 
Structure 22: 12 8 4 3 19 16 5 6 10 9 7 2 1 
	-> 1 2 3 4 5 6 7 8 9 10 12 16 19 
Structure 23: 12 8 14 4 3 16 5 6 10 9 7 2 1 
	-> 1 2 3 4 5 6 7 8 9 10 12 14 16 
Structure 24: 12 8 14 4 3 34 24 26 46 25 2 1 
	-> 1 2 3 4 8 12 14 
Structure 25: 15 11 8 4 3 5 6 10 9 7 2 1 
	-> 1 2 3 4 5 6 7 8 9 10 11 15 
Structure 26: 15 11 8 14 4 3 5 6 10 9 7 2 1 
	-> 1 2 3 4 5 6 7 8 9 10 11 14 15 
Structure 27: 15 11 8 4 3 5 6 10 9 7 2 1 
	-> 1 2 3 4 5 6 7 8 9 10 11 15 
Structure 28: 17 11 8 4 3 5 6 10 9 7 2 1 
	-> 1 2 3 4 5 6 7 8 9 10 11 17 
Structure 29: 18 17 11 8 4 3 5 6 10 9 7 2 1 
	-> 1 2 3 4 5 6 7 8 9 10 11 17 18 
Structure 30: 15 11 8 4 3 5 6 13 10 9 7 2 1 
	-> 1 2 3 4 5 6 7 8 9 10 11 13 15 
Structure 31: 12 8 4 3 16 5 6 13 10 9 7 2 1 
	-> 1 2 3 4 5 6 7 8 9 10 12 13 16 
Structure 32: 12 8 4 3 16 5 6 10 9 7 2 1 
	-> 1 2 3 4 5 6 7 8 9 10 12 16 
Structure 33: 12 8 4 3 34 24 26 46 25 2 1 
	-> 1 2 3 4 8 12 
Structure 34: 55 15 11 8 14 4 3 5 6 13 10 9 7 2 1 
	-> 1 2 3 4 5 6 7 8 9 10 11 13 14 15 
Structure 35: 15 11 8 4 3 5 6 10 9 7 2 1 
	-> 1 2 3 4 5 6 7 8 9 10 11 15 
Structure 36: 18 17 11 8 4 3 5 6 13 10 9 7 2 1 
	-> 1 2 3 4 5 6 7 8 9 10 11 13 17 18 
Structure 37: 15 11 8 14 4 3 5 6 10 9 7 2 1 
	-> 1 2 3 4 5 6 7 8 9 10 11 14 15 
Structure 38: 12 8 14 4 3 16 5 6 10 9 7 2 1 
	-> 1 2 3 4 5 6 7 8 9 10 12 14 16 
Structure 39: 12 8 4 3 16 5 6 10 9 7 2 1 
	-> 1 2 3 4 5 6 7 8 9 10 12 16 
Structure 40: 12 8 4 3 19 16 5 6 10 9 7 2 1 
	-> 1 2 3 4 5 6 7 8 9 10 12 16 19 
Structure 41: 12 8 4 3 19 16 5 6 10 9 7 2 1 
	-> 1 2 3 4 5 6 7 8 9 10 12 16 19 
Structure 42: 12 8 4 3 19 16 5 6 10 36 37 2 1 
	-> 1 2 3 4 5 6 8 10 12 16 19 
Structure 43: 32 15 11 8 4 29 5 6 10 9 7 2 1 
	-> 1 2 4 5 6 7 8 9 10 11 15 
Structure 44: 12 41 8 14 4 3 16 5 6 10 9 7 2 1 
	-> 1 2 3 4 5 6 7 8 9 10 12 14 16 
Structure 45: 18 17 11 8 4 3 5 6 10 9 7 2 1 
	-> 1 2 3 4 5 6 7 8 9 10 11 17 18 
Structure 46: 15 11 8 14 4 3 5 6 10 9 7 2 1 
	-> 1 2 3 4 5 6 7 8 9 10 11 14 15 
Structure 47: 15 11 8 14 4 3 5 6 13 10 9 7 2 1 
	-> 1 2 3 4 5 6 7 8 9 10 11 13 14 15 
Structure 48: 15 11 8 4 3 5 6 10 9 7 2 1 
	-> 1 2 3 4 5 6 7 8 9 10 11 15 
Structure 49: 15 11 8 14 4 3 5 6 13 10 9 7 2 1 
	-> 1 2 3 4 5 6 7 8 9 10 11 13 14 15 
Structure 50: 12 8 4 3 19 16 5 6 66 50 7 2 1 
	-> 1 2 3 4 5 6 7 8 12 16 19 
Structure 51: 12 8 14 4 3 19 16 5 6 13 10 9 7 2 1 
	-> 1 2 3 4 5 6 7 8 9 10 12 13 14 16 19 
Structure 52: 12 14 4 3 19 16 5 6 13 10 91 36 37 2 1 
	-> 1 2 3 4 5 6 10 12 13 14 16 19 
Structure 53: 18 17 11 8 14 4 3 5 6 10 9 7 2 1 
	-> 1 2 3 4 5 6 7 8 9 10 11 14 17 18 
Structure 54: 18 17 11 8 4 3 5 6 10 9 7 2 1 
	-> 1 2 3 4 5 6 7 8 9 10 11 17 18 
Structure 55: 15 11 22 8 67 4 3 5 6 10 9 7 2 1 
	-> 1 2 3 4 5 6 7 8 9 10 11 15 
Structure 56: 12 8 14 4 3 19 16 5 6 10 9 7 2 1 
	-> 1 2 3 4 5 6 7 8 9 10 12 14 16 19 
Structure 57: 92 93 94 95 3 96 5 6 10 9 7 2 1 
	-> 1 2 3 5 6 7 9 10 
Structure 58: 12 8 4 3 19 16 5 6 10 9 7 2 1 
	-> 1 2 3 4 5 6 7 8 9 10 12 16 19 
Structure 59: 12 23 14 4 3 16 5 6 10 9 7 2 1 
	-> 1 2 3 4 5 6 7 9 10 12 14 16 
Structure 60: 15 40 11 22 8 4 3 5 6 10 9 7 2 1 
	-> 1 2 3 4 5 6 7 8 9 10 11 15 
Structure 61: 15 11 8 14 4 3 5 6 10 9 7 2 1 
	-> 1 2 3 4 5 6 7 8 9 10 11 14 15 
Structure 62: 12 8 4 3 19 16 5 6 10 9 7 2 1 
	-> 1 2 3 4 5 6 7 8 9 10 12 16 19 
Structure 63: 20 8 14 4 3 19 16 5 6 10 9 7 2 1 
	-> 1 2 3 4 5 6 7 8 9 10 14 16 19 
Structure 64: 15 11 8 4 3 5 6 10 9 7 2 1 
	-> 1 2 3 4 5 6 7 8 9 10 11 15 
Structure 65: 15 40 11 8 4 3 5 6 10 9 7 2 38 1 
	-> 1 2 3 4 5 6 7 8 9 10 11 15 
Structure 66: 20 11 8 14 4 3 28 5 6 10 9 7 2 1 
	-> 1 2 3 4 5 6 7 8 9 10 11 14 
Structure 67: 12 8 4 3 5 6 13 10 9 7 2 1 
	-> 1 2 3 4 5 6 7 8 9 10 12 13 
Structure 68: 12 8 14 4 3 28 34 24 26 25 2 1 
	-> 1 2 3 4 8 12 14 
Structure 69: 15 11 8 4 3 5 6 13 10 9 7 2 1 
	-> 1 2 3 4 5 6 7 8 9 10 11 13 15 
Structure 70: 20 11 8 4 3 5 6 10 9 7 2 1 
	-> 1 2 3 4 5 6 7 8 9 10 11 
Structure 71: 12 8 4 3 16 5 6 10 9 7 2 1 
	-> 1 2 3 4 5 6 7 8 9 10 12 16 
Structure 72: 15 11 8 4 3 5 6 21 9 7 2 1 
	-> 1 2 3 4 5 6 7 8 9 11 15 
Structure 73: 12 8 14 4 3 34 24 26 25 2 1 
	-> 1 2 3 4 8 12 14 
Structure 74: 18 17 11 8 31 68 3 5 6 10 9 7 2 1 
	-> 1 2 3 5 6 7 8 9 10 11 17 18 
Structure 75: 12 8 4 3 5 6 10 9 7 2 39 1 
	-> 1 2 3 4 5 6 7 8 9 10 12 
Structure 76: 15 11 8 4 3 5 6 13 10 9 7 2 1 
	-> 1 2 3 4 5 6 7 8 9 10 11 13 15 
Structure 77: 12 8 14 4 3 5 6 13 10 9 7 2 1 
	-> 1 2 3 4 5 6 7 8 9 10 12 13 14 
Structure 78: 12 51 8 4 3 5 6 10 9 7 2 1 
	-> 1 2 3 4 5 6 7 8 9 10 12 
Structure 79: 20 11 8 4 3 5 6 10 9 7 2 1 
	-> 1 2 3 4 5 6 7 8 9 10 11 
Structure 80: 35 15 11 8 4 3 5 6 10 9 7 2 1 
	-> 1 2 3 4 5 6 7 8 9 10 11 15 
Structure 81: 18 17 11 22 8 4 3 5 6 13 10 9 7 2 1 
	-> 1 2 3 4 5 6 7 8 9 10 11 13 17 18 
Structure 82: 12 8 4 3 19 16 5 6 10 9 7 2 1 
	-> 1 2 3 4 5 6 7 8 9 10 12 16 19 
Structure 83: 12 8 4 3 19 16 5 6 10 9 7 2 1 
	-> 1 2 3 4 5 6 7 8 9 10 12 16 19 
Structure 84: 15 11 8 14 4 3 5 6 10 9 7 2 1 
	-> 1 2 3 4 5 6 7 8 9 10 11 14 15 
Structure 85: 18 17 11 8 4 3 5 56 24 26 25 2 1 
	-> 1 2 3 4 5 8 11 17 18 
Structure 86: 15 11 8 4 3 5 6 10 9 7 2 1 
	-> 1 2 3 4 5 6 7 8 9 10 11 15 
Structure 87: 15 11 22 8 4 3 5 6 21 7 2 1 
	-> 1 2 3 4 5 6 7 8 11 15 
Structure 88: 12 8 4 3 19 16 5 6 13 9 7 2 1 
	-> 1 2 3 4 5 6 7 8 9 12 13 16 19 
Structure 89: 15 11 8 4 3 5 6 10 9 7 2 1 
	-> 1 2 3 4 5 6 7 8 9 10 11 15 
Structure 90: 12 8 14 4 3 16 5 6 10 9 7 2 1 
	-> 1 2 3 4 5 6 7 8 9 10 12 14 16 
Structure 91: 12 8 14 4 3 16 5 6 10 9 7 2 1 
	-> 1 2 3 4 5 6 7 8 9 10 12 14 16 
Structure 92: 18 17 11 8 4 3 5 6 10 9 7 2 1 
	-> 1 2 3 4 5 6 7 8 9 10 11 17 18 
Structure 93: 12 8 4 3 19 16 5 6 97 50 7 2 1 
	-> 1 2 3 4 5 6 7 8 12 16 19 
Structure 94: 12 23 14 4 3 34 24 26 25 2 1 
	-> 1 2 3 4 12 14 
Structure 95: 35 15 11 8 14 4 3 5 6 13 10 9 7 2 1 
	-> 1 2 3 4 5 6 7 8 9 10 11 13 14 15 
Structure 96: 20 11 8 4 3 5 6 13 10 9 7 2 1 
	-> 1 2 3 4 5 6 7 8 9 10 11 13 
Structure 97: 18 17 11 8 4 3 5 6 13 10 9 7 2 1 
	-> 1 2 3 4 5 6 7 8 9 10 11 13 17 18 
Structure 98: 18 15 11 8 4 3 5 6 10 9 7 2 1 
	-> 1 2 3 4 5 6 7 8 9 10 11 15 18 
Structure 99: 12 8 14 4 3 16 5 6 10 9 7 2 1 
	-> 1 2 3 4 5 6 7 8 9 10 12 14 16 
Structure 100: 18 17 11 8 31 3 29 5 6 13 10 9 7 2 1 
	-> 1 2 3 5 6 7 8 9 10 11 13 17 18 
Structure 101: 12 8 4 3 5 6 21 9 7 2 1 
	-> 1 2 3 4 5 6 7 8 9 12 
Structure 102: 12 8 4 3 29 19 16 5 6 21 9 7 2 1 
	-> 1 2 3 4 5 6 7 8 9 12 16 19 
Structure 103: 12 8 4 3 19 16 5 6 10 9 7 2 1 
	-> 1 2 3 4 5 6 7 8 9 10 12 16 19 
Structure 104: 20 11 8 14 4 3 5 6 21 9 7 2 1 
	-> 1 2 3 4 5 6 7 8 9 11 14 
Structure 105: 15 11 8 4 3 5 6 13 10 9 7 2 1 
	-> 1 2 3 4 5 6 7 8 9 10 11 13 15 
Structure 106: 15 11 22 8 4 3 5 6 13 10 9 7 2 1 
	-> 1 2 3 4 5 6 7 8 9 10 11 13 15 
Structure 107: 12 8 4 3 19 16 5 6 10 9 7 2 1 
	-> 1 2 3 4 5 6 7 8 9 10 12 16 19 
Structure 108: 12 8 14 4 3 69 5 6 10 9 7 2 1 
	-> 1 2 3 4 5 6 7 8 9 10 12 14 
Structure 109: 12 8 14 4 3 70 16 5 6 10 9 7 2 1 
	-> 1 2 3 4 5 6 7 8 9 10 12 14 16 
Structure 110: 12 8 14 4 3 19 16 5 6 13 10 9 7 2 1 
	-> 1 2 3 4 5 6 7 8 9 10 12 13 14 16 19 
Structure 111: 15 11 8 14 4 3 5 6 10 7 2 1 
	-> 1 2 3 4 5 6 7 8 10 11 14 15 
Structure 112: 18 17 11 8 14 4 3 5 6 13 10 9 7 2 1 
	-> 1 2 3 4 5 6 7 8 9 10 11 13 14 17 18 
Structure 113: 18 17 11 8 4 3 5 6 10 9 7 2 1 
	-> 1 2 3 4 5 6 7 8 9 10 11 17 18 
Structure 114: 15 11 8 4 3 5 6 21 9 7 2 1 
	-> 1 2 3 4 5 6 7 8 9 11 15 
Structure 115: 20 11 8 4 3 5 6 13 10 9 7 2 1 
	-> 1 2 3 4 5 6 7 8 9 10 11 13 
Structure 116: 18 17 11 8 4 3 5 6 10 9 7 2 1 
	-> 1 2 3 4 5 6 7 8 9 10 11 17 18 
Structure 117: 12 8 14 4 98 19 16 5 6 21 9 7 2 1 
	-> 1 2 4 5 6 7 8 9 12 14 16 19 
Structure 118: 33 15 11 8 4 3 5 6 13 10 9 7 2 1 
	-> 1 2 3 4 5 6 7 8 9 10 11 13 15 
Structure 119: 32 35 15 11 8 4 99 3 5 6 13 10 9 7 2 1 
	-> 1 2 3 4 5 6 7 8 9 10 11 13 15 
Structure 120: 15 11 8 14 4 3 5 6 21 7 2 1 
	-> 1 2 3 4 5 6 7 8 11 14 15 
Structure 121: 18 17 11 8 14 4 3 5 6 13 10 9 7 2 1 
	-> 1 2 3 4 5 6 7 8 9 10 11 13 14 17 18 
Structure 122: 12 8 4 3 19 16 5 6 10 9 7 2 1 
	-> 1 2 3 4 5 6 7 8 9 10 12 16 19 
Structure 123: 12 8 4 3 19 16 5 6 10 9 7 2 1 
	-> 1 2 3 4 5 6 7 8 9 10 12 16 19 
Structure 124: 12 8 31 3 16 5 6 10 9 7 2 1 
	-> 1 2 3 5 6 7 8 9 10 12 16 
Structure 125: 15 11 8 31 100 3 5 6 13 10 9 7 2 1 
	-> 1 2 3 5 6 7 8 9 10 11 13 15 
Structure 126: 17 11 8 4 3 24 26 25 2 1 
	-> 1 2 3 4 8 11 17 
Structure 127: 12 8 4 3 19 16 5 6 10 9 7 2 1 
	-> 1 2 3 4 5 6 7 8 9 10 12 16 19 
Structure 128: 12 8 4 3 16 5 6 21 9 7 2 1 
	-> 1 2 3 4 5 6 7 8 9 12 16 
Structure 129: 12 8 4 3 19 16 5 6 13 10 9 7 2 1 
	-> 1 2 3 4 5 6 7 8 9 10 12 13 16 19 
Structure 130: 12 8 4 3 19 16 5 6 10 9 7 2 1 
	-> 1 2 3 4 5 6 7 8 9 10 12 16 19 
Structure 131: 15 11 8 14 4 3 5 6 10 9 7 2 1 
	-> 1 2 3 4 5 6 7 8 9 10 11 14 15 
Structure 132: 32 15 11 22 8 4 3 5 6 10 9 7 2 1 
	-> 1 2 3 4 5 6 7 8 9 10 11 15 
Structure 133: 15 11 8 4 3 5 6 10 9 7 2 1 
	-> 1 2 3 4 5 6 7 8 9 10 11 15 
Structure 134: 15 11 8 4 3 5 6 10 9 7 2 1 
	-> 1 2 3 4 5 6 7 8 9 10 11 15 
Structure 135: 18 17 11 8 14 4 3 24 57 9 25 2 1 
	-> 1 2 3 4 8 9 11 14 17 18 
Structure 136: 18 17 11 8 4 3 29 5 6 21 9 7 2 1 
	-> 1 2 3 4 5 6 7 8 9 11 17 18 
Structure 137: 18 17 11 8 4 3 5 6 10 9 7 2 1 
	-> 1 2 3 4 5 6 7 8 9 10 11 17 18 
Structure 138: 15 11 8 4 3 5 6 13 10 9 7 2 1 
	-> 1 2 3 4 5 6 7 8 9 10 11 13 15 
Structure 139: 12 8 4 28 19 16 5 6 13 10 9 7 2 1 
	-> 1 2 4 5 6 7 8 9 10 12 13 16 19 
Structure 140: 20 11 8 14 4 3 5 6 10 9 7 2 1 
	-> 1 2 3 4 5 6 7 8 9 10 11 14 
Structure 141: 12 14 4 3 19 16 5 6 13 10 9 7 2 1 
	-> 1 2 3 4 5 6 7 9 10 12 13 14 16 19 
Structure 142: 18 15 11 8 14 4 3 5 6 13 9 7 2 1 
	-> 1 2 3 4 5 6 7 8 9 11 13 14 15 18 
Structure 143: 15 11 8 4 3 5 6 10 9 7 2 1 
	-> 1 2 3 4 5 6 7 8 9 10 11 15 
Structure 144: 12 14 4 3 19 16 5 6 10 9 7 2 1 
	-> 1 2 3 4 5 6 7 9 10 12 14 16 19 
Structure 145: 12 8 4 3 5 6 21 9 7 2 1 
	-> 1 2 3 4 5 6 7 8 9 12 
Structure 146: 15 11 8 4 3 5 6 10 9 7 2 1 
	-> 1 2 3 4 5 6 7 8 9 10 11 15 
Structure 147: 12 8 4 3 19 16 5 6 13 10 9 7 2 1 
	-> 1 2 3 4 5 6 7 8 9 10 12 13 16 19 
Structure 148: 12 8 14 4 3 16 5 6 10 9 7 2 1 
	-> 1 2 3 4 5 6 7 8 9 10 12 14 16 
Structure 149: 18 17 11 8 14 4 3 5 6 13 10 9 7 2 1 
	-> 1 2 3 4 5 6 7 8 9 10 11 13 14 17 18 
Structure 150: 18 17 11 8 4 3 5 6 10 9 7 2 1 
	-> 1 2 3 4 5 6 7 8 9 10 11 17 18 
Structure 151: 12 23 8 31 3 16 5 6 10 9 7 2 1 
	-> 1 2 3 5 6 7 8 9 10 12 16 
Structure 152: 12 22 8 4 3 16 5 6 10 9 7 2 1 
	-> 1 2 3 4 5 6 7 8 9 10 12 16 
Structure 153: 20 11 8 4 3 5 6 13 10 9 7 2 1 
	-> 1 2 3 4 5 6 7 8 9 10 11 13 
Structure 154: 18 17 11 42 14 4 3 5 6 10 9 7 2 1 
	-> 1 2 3 4 5 6 7 9 10 11 14 17 18 
Structure 155: 17 11 8 4 3 5 6 10 9 7 2 1 
	-> 1 2 3 4 5 6 7 8 9 10 11 17 
Structure 156: 20 11 8 4 3 5 6 13 10 9 7 2 1 
	-> 1 2 3 4 5 6 7 8 9 10 11 13 
Structure 157: 20 11 8 14 4 3 5 6 21 9 7 2 1 
	-> 1 2 3 4 5 6 7 8 9 11 14 
Structure 158: 15 11 8 14 4 3 5 6 10 9 7 2 1 
	-> 1 2 3 4 5 6 7 8 9 10 11 14 15 
Structure 159: 15 11 8 4 3 5 6 10 9 7 2 1 
	-> 1 2 3 4 5 6 7 8 9 10 11 15 
Structure 160: 33 15 11 42 8 14 4 3 5 6 10 9 7 2 1 
	-> 1 2 3 4 5 6 7 8 9 10 11 14 15 
Structure 161: 17 11 8 4 3 5 6 10 9 7 2 1 
	-> 1 2 3 4 5 6 7 8 9 10 11 17 
Structure 162: 12 8 4 3 16 5 6 13 10 9 7 2 1 
	-> 1 2 3 4 5 6 7 8 9 10 12 13 16 
Structure 163: 12 23 14 4 3 5 6 10 9 7 2 1 
	-> 1 2 3 4 5 6 7 9 10 12 14 
Structure 164: 12 41 8 4 3 5 6 13 10 9 7 2 1 
	-> 1 2 3 4 5 6 7 8 9 10 12 13 
Structure 165: 12 8 4 3 19 16 5 6 13 10 9 7 2 1 
	-> 1 2 3 4 5 6 7 8 9 10 12 13 16 19 
Structure 166: 20 11 8 14 4 3 5 6 10 9 7 2 1 
	-> 1 2 3 4 5 6 7 8 9 10 11 14 
Structure 167: 12 8 4 3 5 6 9 7 2 1 
	-> 1 2 3 4 5 6 7 8 9 12 
Structure 168: 17 11 8 4 3 5 6 10 9 7 2 1 
	-> 1 2 3 4 5 6 7 8 9 10 11 17 
Structure 169: 18 17 11 8 4 3 5 6 10 9 7 2 1 
	-> 1 2 3 4 5 6 7 8 9 10 11 17 18 
Structure 170: 18 17 11 8 14 4 3 5 6 13 10 9 7 2 1 
	-> 1 2 3 4 5 6 7 8 9 10 11 13 14 17 18 
Structure 171: 18 17 11 8 4 3 5 6 13 10 9 7 2 1 
	-> 1 2 3 4 5 6 7 8 9 10 11 13 17 18 
Structure 172: 12 8 4 3 5 6 13 10 9 7 2 1 
	-> 1 2 3 4 5 6 7 8 9 10 12 13 
Structure 173: 12 23 14 4 3 19 16 5 6 10 9 7 2 1 
	-> 1 2 3 4 5 6 7 9 10 12 14 16 19 
Structure 174: 32 15 11 8 14 4 3 5 6 10 9 7 2 1 
	-> 1 2 3 4 5 6 7 8 9 10 11 14 15 
Structure 175: 12 14 4 3 19 16 5 6 10 9 7 2 1 
	-> 1 2 3 4 5 6 7 9 10 12 14 16 19 
Structure 176: 12 8 4 3 101 16 5 6 13 10 9 7 2 1 
	-> 1 2 3 4 5 6 7 8 9 10 12 13 16 
Structure 177: 18 17 27 11 8 4 3 5 6 10 9 7 2 1 
	-> 1 2 3 4 5 6 7 8 9 10 11 17 18 
Structure 178: 15 11 8 14 4 3 5 6 10 9 7 2 1 
	-> 1 2 3 4 5 6 7 8 9 10 11 14 15 
Structure 179: 12 8 4 3 5 6 10 9 7 2 1 
	-> 1 2 3 4 5 6 7 8 9 10 12 
Structure 180: 18 17 11 22 8 14 4 3 5 6 21 7 2 1 
	-> 1 2 3 4 5 6 7 8 11 14 17 18 
Structure 181: 12 22 8 4 3 5 6 10 9 7 2 1 
	-> 1 2 3 4 5 6 7 8 9 10 12 
Structure 182: 12 8 4 3 19 16 5 6 21 7 2 1 
	-> 1 2 3 4 5 6 7 8 12 16 19 
Structure 183: 15 11 8 14 4 3 5 6 21 9 7 2 1 
	-> 1 2 3 4 5 6 7 8 9 11 14 15 
Structure 184: 12 8 4 3 19 16 5 6 10 9 7 2 1 
	-> 1 2 3 4 5 6 7 8 9 10 12 16 19 
Structure 185: 12 22 8 4 3 5 6 10 9 7 2 38 1 
	-> 1 2 3 4 5 6 7 8 9 10 12 
Structure 186: 12 8 4 3 19 16 5 6 13 10 9 7 2 1 
	-> 1 2 3 4 5 6 7 8 9 10 12 13 16 19 
Structure 187: 52 11 8 4 3 24 26 9 102 2 1 
	-> 1 2 3 4 8 9 11 
Structure 188: 15 11 8 4 3 5 6 10 9 7 2 1 
	-> 1 2 3 4 5 6 7 8 9 10 11 15 
Structure 189: 20 11 8 14 4 3 5 6 10 9 7 2 1 
	-> 1 2 3 4 5 6 7 8 9 10 11 14 
Structure 190: 12 14 4 3 16 5 6 10 9 7 2 1 
	-> 1 2 3 4 5 6 7 9 10 12 14 16 
Structure 191: 15 11 8 4 3 5 6 10 9 7 2 1 
	-> 1 2 3 4 5 6 7 8 9 10 11 15 
Structure 192: 12 8 14 4 3 19 16 5 6 10 9 7 2 1 
	-> 1 2 3 4 5 6 7 8 9 10 12 14 16 19 
Structure 193: 35 15 11 8 14 4 3 5 6 21 9 7 2 1 
	-> 1 2 3 4 5 6 7 8 9 11 14 15 
Structure 194: 12 8 4 3 16 5 6 10 9 7 2 1 
	-> 1 2 3 4 5 6 7 8 9 10 12 16 
Structure 195: 18 17 11 8 4 3 5 6 13 10 9 7 2 1 
	-> 1 2 3 4 5 6 7 8 9 10 11 13 17 18 
Structure 196: 12 23 14 4 3 5 6 13 10 9 7 2 1 
	-> 1 2 3 4 5 6 7 9 10 12 13 14 
Structure 197: 18 17 11 22 8 4 3 5 6 13 10 9 7 2 1 
	-> 1 2 3 4 5 6 7 8 9 10 11 13 17 18 
Structure 198: 12 8 4 3 19 16 5 6 10 9 7 2 1 
	-> 1 2 3 4 5 6 7 8 9 10 12 16 19 
Structure 199: 18 17 11 8 4 3 5 6 13 10 9 7 2 1 
	-> 1 2 3 4 5 6 7 8 9 10 11 13 17 18 
Structure 200: 12 8 14 4 3 28 5 6 10 9 7 2 1 
	-> 1 2 3 4 5 6 7 8 9 10 12 14 
Structure 201: 18 17 11 8 14 4 3 5 6 10 9 7 2 1 
	-> 1 2 3 4 5 6 7 8 9 10 11 14 17 18 
Structure 202: 12 8 14 4 3 19 16 5 6 10 9 7 2 1 
	-> 1 2 3 4 5 6 7 8 9 10 12 14 16 19 
Structure 203: 15 11 8 4 3 5 6 10 9 7 2 1 
	-> 1 2 3 4 5 6 7 8 9 10 11 15 
Structure 204: 12 51 8 4 3 16 5 6 10 9 7 2 1 
	-> 1 2 3 4 5 6 7 8 9 10 12 16 
Structure 205: 15 11 8 14 4 3 5 6 10 9 7 2 1 
	-> 1 2 3 4 5 6 7 8 9 10 11 14 15 
Structure 206: 18 17 11 8 4 3 5 6 58 10 9 7 2 1 
	-> 1 2 3 4 5 6 7 8 9 10 11 17 18 
Structure 207: 12 4 3 103 5 6 13 10 9 7 2 1 
	-> 1 2 3 4 5 6 7 9 10 12 13 
Structure 208: 20 11 8 4 3 5 6 10 9 7 2 1 
	-> 1 2 3 4 5 6 7 8 9 10 11 
Structure 209: 12 8 4 3 28 19 16 5 6 10 9 7 2 1 
	-> 1 2 3 4 5 6 7 8 9 10 12 16 19 
Structure 210: 15 11 8 14 4 3 5 6 21 71 53 2 1 
	-> 1 2 3 4 5 6 8 11 14 15 
Structure 211: 20 11 8 4 3 5 6 13 10 9 7 2 1 
	-> 1 2 3 4 5 6 7 8 9 10 11 13 
Structure 212: 12 8 4 3 16 5 6 10 9 7 2 1 
	-> 1 2 3 4 5 6 7 8 9 10 12 16 
Structure 213: 18 17 11 8 14 4 3 5 6 10 9 7 2 1 
	-> 1 2 3 4 5 6 7 8 9 10 11 14 17 18 
Structure 214: 33 18 17 11 8 14 4 3 5 6 10 9 7 2 1 
	-> 1 2 3 4 5 6 7 8 9 10 11 14 17 18 
Structure 215: 15 11 8 31 3 5 6 13 10 9 7 2 1 
	-> 1 2 3 5 6 7 8 9 10 11 13 15 
Structure 216: 12 8 4 3 5 6 10 9 7 2 1 
	-> 1 2 3 4 5 6 7 8 9 10 12 
Structure 217: 12 8 4 3 19 16 5 6 13 10 9 7 2 1 
	-> 1 2 3 4 5 6 7 8 9 10 12 13 16 19 
Structure 218: 12 8 4 3 29 5 6 10 9 7 2 1 
	-> 1 2 3 4 5 6 7 8 9 10 12 
Structure 219: 104 47 11 8 14 4 3 48 105 25 2 1 
	-> 1 2 3 4 8 11 14 
Structure 220: 35 15 11 8 4 3 5 6 13 10 9 7 2 1 
	-> 1 2 3 4 5 6 7 8 9 10 11 13 15 
Structure 221: 18 17 11 8 14 4 3 5 6 13 10 9 7 2 1 
	-> 1 2 3 4 5 6 7 8 9 10 11 13 14 17 18 
Structure 222: 12 8 4 3 19 16 5 6 10 9 7 2 1 
	-> 1 2 3 4 5 6 7 8 9 10 12 16 19 
Structure 223: 12 8 4 3 16 5 6 10 9 7 2 1 
	-> 1 2 3 4 5 6 7 8 9 10 12 16 
Structure 224: 15 11 8 14 4 3 5 6 10 9 7 2 1 
	-> 1 2 3 4 5 6 7 8 9 10 11 14 15 
Structure 225: 18 17 11 22 8 4 3 5 6 13 10 9 7 2 1 
	-> 1 2 3 4 5 6 7 8 9 10 11 13 17 18 
Structure 226: 18 15 11 8 4 3 5 6 13 10 9 7 2 1 
	-> 1 2 3 4 5 6 7 8 9 10 11 13 15 18 
Structure 227: 18 17 11 8 14 4 3 5 6 10 9 7 2 1 
	-> 1 2 3 4 5 6 7 8 9 10 11 14 17 18 
Structure 228: 20 11 8 4 28 5 6 10 9 7 2 1 
	-> 1 2 4 5 6 7 8 9 10 11 
Structure 229: 20 11 8 4 3 5 6 10 9 7 2 1 
	-> 1 2 3 4 5 6 7 8 9 10 11 
Structure 230: 15 11 8 14 4 3 5 6 10 9 7 2 1 
	-> 1 2 3 4 5 6 7 8 9 10 11 14 15 
Structure 231: 15 11 8 14 4 3 5 6 10 9 7 2 1 
	-> 1 2 3 4 5 6 7 8 9 10 11 14 15 
Structure 232: 12 23 14 4 3 16 5 6 13 10 9 7 2 1 
	-> 1 2 3 4 5 6 7 9 10 12 13 14 16 
Structure 233: 15 11 8 31 3 5 6 10 9 7 2 1 
	-> 1 2 3 5 6 7 8 9 10 11 15 
Structure 234: 12 8 14 4 3 19 16 5 6 21 9 7 2 1 
	-> 1 2 3 4 5 6 7 8 9 12 14 16 19 
Structure 235: 12 8 14 4 3 16 5 6 10 9 7 2 1 
	-> 1 2 3 4 5 6 7 8 9 10 12 14 16 
Structure 236: 12 8 4 3 19 16 5 6 13 10 9 7 2 1 
	-> 1 2 3 4 5 6 7 8 9 10 12 13 16 19 
Structure 237: 20 11 8 14 4 3 5 6 13 10 9 7 2 1 
	-> 1 2 3 4 5 6 7 8 9 10 11 13 14 
Structure 238: 12 8 4 3 16 5 6 13 10 9 7 2 1 
	-> 1 2 3 4 5 6 7 8 9 10 12 13 16 
Structure 239: 12 23 14 4 3 34 24 26 25 2 1 
	-> 1 2 3 4 12 14 
Structure 240: 15 11 8 4 3 5 6 10 9 7 2 1 
	-> 1 2 3 4 5 6 7 8 9 10 11 15 
Structure 241: 15 11 22 8 4 3 5 6 13 10 9 7 2 1 
	-> 1 2 3 4 5 6 7 8 9 10 11 13 15 
Structure 242: 12 8 4 3 16 5 6 13 10 9 7 2 1 
	-> 1 2 3 4 5 6 7 8 9 10 12 13 16 
Structure 243: 18 15 11 8 4 3 5 6 10 9 7 2 1 
	-> 1 2 3 4 5 6 7 8 9 10 11 15 18 
Structure 244: 15 11 8 4 3 5 6 13 10 9 7 2 1 
	-> 1 2 3 4 5 6 7 8 9 10 11 13 15 
Structure 245: 15 11 8 4 3 5 6 10 9 7 2 1 
	-> 1 2 3 4 5 6 7 8 9 10 11 15 
Structure 246: 12 8 4 3 19 16 5 6 13 10 9 7 2 1 
	-> 1 2 3 4 5 6 7 8 9 10 12 13 16 19 
Structure 247: 18 17 11 8 14 4 3 5 6 10 9 7 2 1 
	-> 1 2 3 4 5 6 7 8 9 10 11 14 17 18 
Structure 248: 12 8 14 4 3 19 16 5 6 13 10 36 37 2 1 
	-> 1 2 3 4 5 6 8 10 12 13 14 16 19 
Structure 249: 12 8 4 3 19 16 5 6 13 10 9 7 2 1 
	-> 1 2 3 4 5 6 7 8 9 10 12 13 16 19 
Structure 250: 12 23 14 4 3 106 5 6 10 9 7 2 1 
	-> 1 2 3 4 5 6 7 9 10 12 14 
Structure 251: 15 11 8 4 3 5 6 10 9 7 2 1 
	-> 1 2 3 4 5 6 7 8 9 10 11 15 
Structure 252: 15 11 8 4 3 5 6 13 10 9 7 2 1 
	-> 1 2 3 4 5 6 7 8 9 10 11 13 15 
Structure 253: 15 11 8 4 3 5 6 10 9 7 2 1 
	-> 1 2 3 4 5 6 7 8 9 10 11 15 
Structure 254: 52 11 8 4 3 107 24 26 59 2 1 
	-> 1 2 3 4 8 11 
Structure 255: 12 8 4 3 19 16 5 6 13 10 9 7 2 1 
	-> 1 2 3 4 5 6 7 8 9 10 12 13 16 19 
Structure 256: 12 8 14 4 3 19 16 5 6 10 9 7 2 1 
	-> 1 2 3 4 5 6 7 8 9 10 12 14 16 19 
Structure 257: 18 17 11 8 14 4 3 5 6 13 10 37 2 1 
	-> 1 2 3 4 5 6 8 10 11 13 14 17 18 
Structure 258: 12 8 4 3 16 5 6 10 9 7 2 1 
	-> 1 2 3 4 5 6 7 8 9 10 12 16 
Structure 259: 72 47 108 11 8 14 4 3 48 60 25 2 1 
	-> 1 2 3 4 8 11 14 
Structure 260: 18 17 27 11 8 4 3 5 6 10 9 7 2 1 
	-> 1 2 3 4 5 6 7 8 9 10 11 17 18 
Structure 261: 15 11 8 4 3 5 6 10 9 7 2 1 
	-> 1 2 3 4 5 6 7 8 9 10 11 15 
Structure 262: 15 11 8 4 3 5 6 10 9 7 2 38 1 
	-> 1 2 3 4 5 6 7 8 9 10 11 15 
Structure 263: 12 8 4 3 16 5 6 13 10 9 7 2 1 
	-> 1 2 3 4 5 6 7 8 9 10 12 13 16 
Structure 264: 15 11 8 4 3 5 6 21 7 2 1 
	-> 1 2 3 4 5 6 7 8 11 15 
Structure 265: 20 11 8 4 3 5 6 13 10 9 7 2 1 
	-> 1 2 3 4 5 6 7 8 9 10 11 13 
Structure 266: 15 11 8 4 3 5 6 10 9 7 2 1 
	-> 1 2 3 4 5 6 7 8 9 10 11 15 
Structure 267: 12 8 4 3 29 19 16 5 6 13 10 9 7 2 1 
	-> 1 2 3 4 5 6 7 8 9 10 12 13 16 19 
Structure 268: 17 11 8 4 3 5 6 13 10 9 7 2 1 
	-> 1 2 3 4 5 6 7 8 9 10 11 13 17 
Structure 269: 20 11 8 4 3 29 5 6 10 9 7 2 1 
	-> 1 2 3 4 5 6 7 8 9 10 11 
Structure 270: 18 17 11 8 4 3 5 6 10 9 7 2 1 
	-> 1 2 3 4 5 6 7 8 9 10 11 17 18 
Structure 271: 15 40 11 8 4 3 5 6 10 9 7 2 1 
	-> 1 2 3 4 5 6 7 8 9 10 11 15 
Structure 272: 17 11 8 4 3 5 6 13 10 9 7 2 1 
	-> 1 2 3 4 5 6 7 8 9 10 11 13 17 
Structure 273: 15 11 8 14 4 3 5 6 10 9 7 2 1 
	-> 1 2 3 4 5 6 7 8 9 10 11 14 15 
Structure 274: 33 15 11 22 8 4 3 5 6 13 10 9 7 2 1 
	-> 1 2 3 4 5 6 7 8 9 10 11 13 15 
Structure 275: 18 17 73 11 8 4 3 5 6 10 9 7 2 1 
	-> 1 2 3 4 5 6 7 8 9 10 11 17 18 
Structure 276: 18 17 11 8 4 3 5 6 13 10 9 7 2 1 
	-> 1 2 3 4 5 6 7 8 9 10 11 13 17 18 
Structure 277: 17 11 8 4 3 5 6 10 9 7 2 1 
	-> 1 2 3 4 5 6 7 8 9 10 11 17 
Structure 278: 18 17 11 8 14 4 3 5 6 10 9 7 2 1 
	-> 1 2 3 4 5 6 7 8 9 10 11 14 17 18 
Structure 279: 12 23 8 4 3 19 16 5 6 13 10 9 7 2 1 
	-> 1 2 3 4 5 6 7 8 9 10 12 13 16 19 
Structure 280: 15 11 8 14 4 3 5 6 10 9 7 2 1 
	-> 1 2 3 4 5 6 7 8 9 10 11 14 15 
Structure 281: 12 8 4 3 19 16 5 6 10 9 7 74 1 
	-> 1 3 4 5 6 7 8 9 10 12 16 19 
Structure 282: 12 8 4 3 16 5 6 13 10 9 7 2 1 
	-> 1 2 3 4 5 6 7 8 9 10 12 13 16 
Structure 283: 20 11 8 14 4 3 5 6 21 9 7 2 1 
	-> 1 2 3 4 5 6 7 8 9 11 14 
Structure 284: 20 11 8 14 4 3 5 6 13 10 9 7 2 1 
	-> 1 2 3 4 5 6 7 8 9 10 11 13 14 
Structure 285: 18 17 11 8 4 3 5 6 10 9 7 2 1 
	-> 1 2 3 4 5 6 7 8 9 10 11 17 18 
Structure 286: 20 11 8 14 4 3 5 6 10 9 7 2 1 
	-> 1 2 3 4 5 6 7 8 9 10 11 14 
Structure 287: 12 8 4 3 5 6 21 7 2 1 
	-> 1 2 3 4 5 6 7 8 12 
Structure 288: 15 11 8 4 3 5 6 13 10 9 7 2 1 
	-> 1 2 3 4 5 6 7 8 9 10 11 13 15 
Structure 289: 18 17 11 8 4 3 5 6 10 9 7 2 1 
	-> 1 2 3 4 5 6 7 8 9 10 11 17 18 
Structure 290: 18 17 11 8 4 3 5 6 13 10 9 7 2 1 
	-> 1 2 3 4 5 6 7 8 9 10 11 13 17 18 
Structure 291: 17 11 8 4 3 5 6 10 9 7 2 1 
	-> 1 2 3 4 5 6 7 8 9 10 11 17 
Structure 292: 18 17 11 22 8 4 3 5 6 13 10 9 7 2 1 
	-> 1 2 3 4 5 6 7 8 9 10 11 13 17 18 
Structure 293: 12 14 4 3 19 16 5 6 13 10 9 7 2 1 
	-> 1 2 3 4 5 6 7 9 10 12 13 14 16 19 
Structure 294: 12 8 4 3 28 16 5 6 10 9 7 2 1 
	-> 1 2 3 4 5 6 7 8 9 10 12 16 
Structure 295: 12 8 14 4 3 70 16 5 6 13 10 9 7 2 1 
	-> 1 2 3 4 5 6 7 8 9 10 12 13 14 16 
Structure 296: 20 11 8 14 4 3 5 6 21 9 7 2 1 
	-> 1 2 3 4 5 6 7 8 9 11 14 
Structure 297: 20 11 8 31 68 3 5 6 13 10 9 7 2 1 
	-> 1 2 3 5 6 7 8 9 10 11 13 
Structure 298: 17 11 8 4 3 5 6 10 9 7 2 1 
	-> 1 2 3 4 5 6 7 8 9 10 11 17 
Structure 299: 15 11 22 8 4 3 5 6 10 9 7 2 1 
	-> 1 2 3 4 5 6 7 8 9 10 11 15 
Structure 300: 18 17 11 8 14 4 3 5 6 13 10 9 7 2 1 
	-> 1 2 3 4 5 6 7 8 9 10 11 13 14 17 18 
Structure 301: 15 11 22 8 14 4 3 5 6 10 9 7 2 1 
	-> 1 2 3 4 5 6 7 8 9 10 11 14 15 
Structure 302: 12 22 8 14 4 3 5 6 10 9 7 2 1 
	-> 1 2 3 4 5 6 7 8 9 10 12 14 
Structure 303: 35 15 11 8 4 3 5 6 10 9 7 2 1 
	-> 1 2 3 4 5 6 7 8 9 10 11 15 
Structure 304: 15 11 8 14 4 3 5 6 10 9 7 2 1 
	-> 1 2 3 4 5 6 7 8 9 10 11 14 15 
Structure 305: 20 11 8 14 4 3 5 6 10 9 7 2 1 
	-> 1 2 3 4 5 6 7 8 9 10 11 14 
Structure 306: 20 11 22 8 4 3 5 6 10 9 7 2 1 
	-> 1 2 3 4 5 6 7 8 9 10 11 
Structure 307: 12 109 8 4 3 5 6 10 9 7 2 1 
	-> 1 2 3 4 5 6 7 8 9 10 12 
Structure 308: 18 17 11 8 4 3 5 6 10 9 110 7 2 1 
	-> 1 2 3 4 5 6 7 8 9 10 11 17 18 
Structure 309: 75 27 11 42 8 4 3 5 6 13 10 9 7 2 1 
	-> 1 2 3 4 5 6 7 8 9 10 11 13 
Structure 310: 12 8 4 3 19 16 5 6 13 10 9 7 2 1 
	-> 1 2 3 4 5 6 7 8 9 10 12 13 16 19 
Structure 311: 12 8 4 3 19 16 5 6 13 10 9 7 2 1 
	-> 1 2 3 4 5 6 7 8 9 10 12 13 16 19 
Structure 312: 15 11 8 4 5 6 13 10 9 7 2 1 
	-> 1 2 4 5 6 7 8 9 10 11 13 15 
Structure 313: 15 11 8 14 4 3 5 6 21 9 7 2 1 
	-> 1 2 3 4 5 6 7 8 9 11 14 15 
Structure 314: 12 8 4 3 19 16 5 6 10 9 7 2 1 
	-> 1 2 3 4 5 6 7 8 9 10 12 16 19 
Structure 315: 18 17 11 23 8 4 3 5 6 21 7 2 1 
	-> 1 2 3 4 5 6 7 8 11 17 18 
Structure 316: 18 17 11 22 8 4 3 5 6 10 9 7 2 1 
	-> 1 2 3 4 5 6 7 8 9 10 11 17 18 
Structure 317: 20 11 8 4 3 5 6 13 10 9 7 2 1 
	-> 1 2 3 4 5 6 7 8 9 10 11 13 
Structure 318: 18 15 11 8 4 76 3 5 6 10 9 7 2 1 
	-> 1 2 3 4 5 6 7 8 9 10 11 15 18 
Structure 319: 12 8 4 3 16 5 6 10 9 7 2 1 
	-> 1 2 3 4 5 6 7 8 9 10 12 16 
Structure 320: 18 17 11 8 4 3 5 6 10 9 7 2 1 
	-> 1 2 3 4 5 6 7 8 9 10 11 17 18 
Structure 321: 12 8 4 3 19 16 5 6 10 9 7 1 
	-> 1 3 4 5 6 7 8 9 10 12 16 19 
Structure 322: 15 11 42 8 14 4 3 5 6 21 9 7 2 1 
	-> 1 2 3 4 5 6 7 8 9 11 14 15 
Structure 323: 18 17 11 8 4 3 5 6 13 10 9 7 2 1 
	-> 1 2 3 4 5 6 7 8 9 10 11 13 17 18 
Structure 324: 12 8 4 111 19 16 5 6 13 10 9 7 2 1 
	-> 1 2 4 5 6 7 8 9 10 12 13 16 19 
Structure 325: 15 11 8 4 3 5 6 13 10 9 7 2 1 
	-> 1 2 3 4 5 6 7 8 9 10 11 13 15 
Structure 326: 20 11 8 4 3 5 6 10 9 7 2 1 
	-> 1 2 3 4 5 6 7 8 9 10 11 
Structure 327: 20 11 8 4 3 5 6 13 10 9 7 2 1 
	-> 1 2 3 4 5 6 7 8 9 10 11 13 
Structure 328: 18 17 11 8 14 4 3 5 6 13 10 9 7 2 1 
	-> 1 2 3 4 5 6 7 8 9 10 11 13 14 17 18 
Structure 329: 15 11 8 14 4 3 5 6 10 9 7 2 1 
	-> 1 2 3 4 5 6 7 8 9 10 11 14 15 
Structure 330: 18 17 11 22 8 14 4 3 5 6 10 9 7 2 1 
	-> 1 2 3 4 5 6 7 8 9 10 11 14 17 18 
Structure 331: 18 17 11 8 4 3 5 6 10 9 7 2 1 
	-> 1 2 3 4 5 6 7 8 9 10 11 17 18 
Structure 332: 18 17 11 22 8 4 3 5 6 13 10 9 7 2 1 
	-> 1 2 3 4 5 6 7 8 9 10 11 13 17 18 
Structure 333: 20 11 8 4 3 5 6 10 9 7 2 1 
	-> 1 2 3 4 5 6 7 8 9 10 11 
Structure 334: 12 8 14 4 3 5 6 10 9 7 2 1 
	-> 1 2 3 4 5 6 7 8 9 10 12 14 
Structure 335: 12 4 3 19 16 5 6 10 9 7 2 1 
	-> 1 2 3 4 5 6 7 9 10 12 16 19 
Structure 336: 18 17 11 8 14 4 3 5 6 10 9 7 2 1 
	-> 1 2 3 4 5 6 7 8 9 10 11 14 17 18 
Structure 337: 12 8 4 3 5 6 10 9 7 2 1 
	-> 1 2 3 4 5 6 7 8 9 10 12 
Structure 338: 15 11 8 14 4 3 5 6 13 10 9 7 2 1 
	-> 1 2 3 4 5 6 7 8 9 10 11 13 14 15 
Structure 339: 12 8 4 3 19 16 5 6 10 9 7 2 1 
	-> 1 2 3 4 5 6 7 8 9 10 12 16 19 
Structure 340: 12 8 4 112 19 16 5 6 10 9 7 2 1 
	-> 1 2 4 5 6 7 8 9 10 12 16 19 
Structure 341: 12 8 4 3 34 43 30 9 7 2 1 
	-> 1 2 3 4 7 8 9 12 
Structure 342: 15 11 8 4 3 5 6 10 9 7 2 1 
	-> 1 2 3 4 5 6 7 8 9 10 11 15 
Structure 343: 12 8 4 3 19 16 5 45 30 9 7 2 1 
	-> 1 2 3 4 5 7 8 9 12 16 19 
Structure 344: 12 8 4 3 19 16 5 6 13 10 9 7 2 1 
	-> 1 2 3 4 5 6 7 8 9 10 12 13 16 19 
Structure 345: 15 11 22 8 4 3 5 6 21 53 2 1 
	-> 1 2 3 4 5 6 8 11 15 
Structure 346: 15 11 8 4 3 5 6 10 9 7 2 1 
	-> 1 2 3 4 5 6 7 8 9 10 11 15 
Structure 347: 12 8 14 4 3 19 16 5 6 10 9 7 2 1 
	-> 1 2 3 4 5 6 7 8 9 10 12 14 16 19 
Structure 348: 18 17 11 8 4 3 5 6 10 9 7 2 1 
	-> 1 2 3 4 5 6 7 8 9 10 11 17 18 
Structure 349: 18 17 27 11 8 14 4 3 5 6 10 9 7 2 1 
	-> 1 2 3 4 5 6 7 8 9 10 11 14 17 18 
Structure 350: 12 8 4 3 19 16 5 6 21 7 2 1 
	-> 1 2 3 4 5 6 7 8 12 16 19 
Structure 351: 15 11 8 4 3 5 6 13 10 9 7 2 1 
	-> 1 2 3 4 5 6 7 8 9 10 11 13 15 
Structure 352: 15 11 22 8 14 4 3 5 6 21 9 7 2 1 
	-> 1 2 3 4 5 6 7 8 9 11 14 15 
Structure 353: 15 11 8 4 3 5 6 13 10 9 7 2 1 
	-> 1 2 3 4 5 6 7 8 9 10 11 13 15 
Structure 354: 20 11 8 14 4 3 5 6 13 10 9 7 2 1 
	-> 1 2 3 4 5 6 7 8 9 10 11 13 14 
Structure 355: 18 17 11 8 4 3 5 6 50 7 2 1 
	-> 1 2 3 4 5 6 7 8 11 17 18 
Structure 356: 18 17 27 11 8 4 3 5 6 10 9 7 2 1 
	-> 1 2 3 4 5 6 7 8 9 10 11 17 18 
Structure 357: 12 8 4 3 16 5 6 10 9 7 2 1 
	-> 1 2 3 4 5 6 7 8 9 10 12 16 
Structure 358: 15 11 8 4 3 5 6 10 9 7 2 1 
	-> 1 2 3 4 5 6 7 8 9 10 11 15 
Structure 359: 15 11 8 4 3 5 6 10 9 7 2 1 
	-> 1 2 3 4 5 6 7 8 9 10 11 15 
Structure 360: 18 17 11 8 4 3 5 6 10 9 7 2 1 
	-> 1 2 3 4 5 6 7 8 9 10 11 17 18 
Structure 361: 18 17 11 8 4 3 5 6 10 9 7 2 1 
	-> 1 2 3 4 5 6 7 8 9 10 11 17 18 
Structure 362: 15 11 8 4 3 5 6 10 9 7 2 1 
	-> 1 2 3 4 5 6 7 8 9 10 11 15 
Structure 363: 20 11 22 8 4 3 5 6 21 7 2 1 
	-> 1 2 3 4 5 6 7 8 11 
Structure 364: 12 8 4 3 19 16 5 6 10 9 7 2 1 
	-> 1 2 3 4 5 6 7 8 9 10 12 16 19 
Structure 365: 12 8 4 3 29 19 16 5 6 10 9 7 2 1 
	-> 1 2 3 4 5 6 7 8 9 10 12 16 19 
Structure 366: 12 8 4 3 16 5 6 13 10 9 7 2 1 
	-> 1 2 3 4 5 6 7 8 9 10 12 13 16 
Structure 367: 20 11 8 4 3 5 6 10 9 7 2 1 
	-> 1 2 3 4 5 6 7 8 9 10 11 
Structure 368: 20 11 8 4 3 5 6 10 9 7 2 1 
	-> 1 2 3 4 5 6 7 8 9 10 11 
Structure 369: 18 17 11 8 4 3 5 6 13 10 9 7 2 1 
	-> 1 2 3 4 5 6 7 8 9 10 11 13 17 18 
Structure 370: 12 8 4 3 19 16 5 6 10 9 7 2 1 
	-> 1 2 3 4 5 6 7 8 9 10 12 16 19 
Structure 371: 15 11 8 4 3 5 6 13 10 9 7 2 1 
	-> 1 2 3 4 5 6 7 8 9 10 11 13 15 
Structure 372: 18 17 11 22 8 4 3 5 6 13 10 9 7 2 1 
	-> 1 2 3 4 5 6 7 8 9 10 11 13 17 18 
Structure 373: 20 11 8 4 3 5 6 10 9 7 2 1 
	-> 1 2 3 4 5 6 7 8 9 10 11 
Structure 374: 18 17 11 8 14 4 3 5 6 21 7 2 1 
	-> 1 2 3 4 5 6 7 8 11 14 17 18 
Structure 375: 44 17 27 11 22 8 4 3 5 6 10 9 7 2 1 
	-> 1 2 3 4 5 6 7 8 9 10 11 17 
Structure 376: 12 14 4 3 16 5 6 13 10 9 7 2 1 
	-> 1 2 3 4 5 6 7 9 10 12 13 14 16 
Structure 377: 40 11 8 4 3 5 6 13 10 9 7 2 1 
	-> 1 2 3 4 5 6 7 8 9 10 11 13 
Structure 378: 12 8 4 3 5 6 13 10 36 37 2 1 
	-> 1 2 3 4 5 6 8 10 12 13 
Structure 379: 18 15 11 8 4 3 5 6 10 9 7 2 1 
	-> 1 2 3 4 5 6 7 8 9 10 11 15 18 
Structure 380: 35 15 11 8 4 3 5 6 13 10 9 7 2 1 
	-> 1 2 3 4 5 6 7 8 9 10 11 13 15 
Structure 381: 12 22 8 14 4 3 5 6 10 9 7 2 1 
	-> 1 2 3 4 5 6 7 8 9 10 12 14 
Structure 382: 18 17 11 8 4 3 5 6 10 9 7 2 1 
	-> 1 2 3 4 5 6 7 8 9 10 11 17 18 
Structure 383: 15 11 8 4 3 5 6 10 9 7 2 1 
	-> 1 2 3 4 5 6 7 8 9 10 11 15 
Structure 384: 12 8 4 3 16 5 6 10 9 7 2 1 
	-> 1 2 3 4 5 6 7 8 9 10 12 16 
Structure 385: 18 17 11 8 4 3 5 6 13 10 9 7 2 1 
	-> 1 2 3 4 5 6 7 8 9 10 11 13 17 18 
Structure 386: 12 23 14 4 3 5 6 10 9 7 2 1 
	-> 1 2 3 4 5 6 7 9 10 12 14 
Structure 387: 17 11 8 4 3 5 6 10 9 7 2 1 
	-> 1 2 3 4 5 6 7 8 9 10 11 17 
Structure 388: 18 17 27 11 8 4 3 5 6 10 9 7 2 1 
	-> 1 2 3 4 5 6 7 8 9 10 11 17 18 
Structure 389: 12 8 14 4 3 113 5 6 10 9 7 2 1 
	-> 1 2 3 4 5 6 7 8 9 10 12 14 
Structure 390: 18 17 11 8 4 3 5 6 13 10 9 7 2 1 
	-> 1 2 3 4 5 6 7 8 9 10 11 13 17 18 
Structure 391: 12 8 4 3 114 34 24 26 9 25 2 1 
	-> 1 2 3 4 8 9 12 
Structure 392: 27 11 8 4 3 5 6 10 9 7 2 1 
	-> 1 2 3 4 5 6 7 8 9 10 11 
Structure 393: 20 11 8 14 4 3 5 6 13 10 9 7 2 1 
	-> 1 2 3 4 5 6 7 8 9 10 11 13 14 
Structure 394: 12 8 4 3 19 16 5 6 10 9 7 2 1 
	-> 1 2 3 4 5 6 7 8 9 10 12 16 19 
Structure 395: 18 17 11 8 14 4 3 5 6 10 9 7 2 1 
	-> 1 2 3 4 5 6 7 8 9 10 11 14 17 18 
Structure 396: 55 49 11 8 14 4 3 5 6 10 9 7 2 1 
	-> 1 2 3 4 5 6 7 8 9 10 11 14 
Structure 397: 15 11 8 4 3 5 6 10 9 7 2 1 
	-> 1 2 3 4 5 6 7 8 9 10 11 15 
Structure 398: 15 11 8 4 3 5 30 115 116 7 2 1 
	-> 1 2 3 4 5 7 8 11 15 
Structure 399: 18 17 11 8 4 3 5 6 13 10 9 7 2 1 
	-> 1 2 3 4 5 6 7 8 9 10 11 13 17 18 
Structure 400: 12 23 8 4 3 77 5 6 10 9 7 2 1 
	-> 1 2 3 4 5 6 7 8 9 10 12 
Structure 401: 15 11 8 4 3 5 6 10 9 7 2 1 
	-> 1 2 3 4 5 6 7 8 9 10 11 15 
Structure 402: 18 15 11 8 14 4 3 5 6 10 9 7 2 1 
	-> 1 2 3 4 5 6 7 8 9 10 11 14 15 18 
Structure 403: 78 79 49 11 8 4 3 5 6 13 10 9 7 1 117 118 
	-> 1 3 4 5 6 7 8 9 10 11 13 
Structure 404: 15 11 8 4 3 5 6 10 9 7 2 1 
	-> 1 2 3 4 5 6 7 8 9 10 11 15 
Structure 405: 20 11 8 4 3 5 6 21 9 7 2 1 
	-> 1 2 3 4 5 6 7 8 9 11 
Structure 406: 18 17 11 8 14 4 3 5 6 10 9 7 2 1 
	-> 1 2 3 4 5 6 7 8 9 10 11 14 17 18 
Structure 407: 33 15 11 8 4 3 5 6 13 10 9 7 2 1 
	-> 1 2 3 4 5 6 7 8 9 10 11 13 15 
Structure 408: 17 11 8 4 3 119 5 6 10 9 7 2 1 
	-> 1 2 3 4 5 6 7 8 9 10 11 17 
Structure 409: 12 8 4 3 19 16 5 6 10 9 7 2 1 
	-> 1 2 3 4 5 6 7 8 9 10 12 16 19 
Structure 410: 20 11 22 8 4 3 5 6 13 10 9 7 2 1 
	-> 1 2 3 4 5 6 7 8 9 10 11 13 
Structure 411: 35 15 11 8 14 4 3 5 6 10 9 7 2 1 
	-> 1 2 3 4 5 6 7 8 9 10 11 14 15 
Structure 412: 20 11 8 14 4 3 5 6 10 9 7 2 1 
	-> 1 2 3 4 5 6 7 8 9 10 11 14 
Structure 413: 20 11 22 8 4 3 5 6 10 9 7 2 1 
	-> 1 2 3 4 5 6 7 8 9 10 11 
Structure 414: 18 17 11 8 4 3 5 6 13 10 9 7 2 1 
	-> 1 2 3 4 5 6 7 8 9 10 11 13 17 18 
Structure 415: 18 17 11 8 4 5 6 13 10 9 7 2 1 
	-> 1 2 4 5 6 7 8 9 10 11 13 17 18 
Structure 416: 20 11 8 4 3 5 6 10 9 7 2 1 
	-> 1 2 3 4 5 6 7 8 9 10 11 
Structure 417: 20 11 8 4 3 5 6 13 10 9 7 2 1 
	-> 1 2 3 4 5 6 7 8 9 10 11 13 
Structure 418: 18 17 11 22 8 4 3 5 6 21 7 2 1 
	-> 1 2 3 4 5 6 7 8 11 17 18 
Structure 419: 20 11 8 4 3 5 6 10 36 37 2 1 
	-> 1 2 3 4 5 6 8 10 11 
Structure 420: 12 8 4 3 29 19 16 5 6 13 10 9 7 2 1 
	-> 1 2 3 4 5 6 7 8 9 10 12 13 16 19 
Structure 421: 17 11 8 4 3 5 6 13 10 9 7 2 1 
	-> 1 2 3 4 5 6 7 8 9 10 11 13 17 
Structure 422: 18 17 27 11 8 4 3 5 6 10 9 7 2 1 
	-> 1 2 3 4 5 6 7 8 9 10 11 17 18 
Structure 423: 12 14 4 3 16 5 6 10 9 7 2 1 
	-> 1 2 3 4 5 6 7 9 10 12 14 16 
Structure 424: 20 11 22 8 4 3 5 6 10 9 7 2 1 
	-> 1 2 3 4 5 6 7 8 9 10 11 
Structure 425: 12 8 4 3 19 16 5 6 10 9 7 2 1 
	-> 1 2 3 4 5 6 7 8 9 10 12 16 19 
Structure 426: 15 11 8 14 4 3 5 6 13 10 9 7 2 1 
	-> 1 2 3 4 5 6 7 8 9 10 11 13 14 15 
Structure 427: 15 11 8 14 4 3 5 6 21 36 37 2 1 
	-> 1 2 3 4 5 6 8 11 14 15 
Structure 428: 18 17 11 8 4 3 5 6 13 10 9 7 2 1 
	-> 1 2 3 4 5 6 7 8 9 10 11 13 17 18 
Structure 429: 18 17 11 8 14 4 3 5 6 10 9 7 2 1 
	-> 1 2 3 4 5 6 7 8 9 10 11 14 17 18 
Structure 430: 15 11 8 14 4 3 5 6 13 21 9 7 2 1 
	-> 1 2 3 4 5 6 7 8 9 11 13 14 15 
Structure 431: 12 8 14 4 3 19 16 5 6 10 9 7 2 1 
	-> 1 2 3 4 5 6 7 8 9 10 12 14 16 19 
Structure 432: 12 14 4 3 19 16 5 6 13 10 9 7 2 1 
	-> 1 2 3 4 5 6 7 9 10 12 13 14 16 19 
Structure 433: 15 11 8 4 3 5 6 10 9 7 2 1 
	-> 1 2 3 4 5 6 7 8 9 10 11 15 
Structure 434: 18 17 11 22 8 4 3 5 6 10 9 7 2 1 
	-> 1 2 3 4 5 6 7 8 9 10 11 17 18 
Structure 435: 15 11 8 4 3 5 6 13 10 9 7 2 1 
	-> 1 2 3 4 5 6 7 8 9 10 11 13 15 
Structure 436: 18 17 11 22 8 4 3 5 6 10 9 7 2 1 
	-> 1 2 3 4 5 6 7 8 9 10 11 17 18 
Structure 437: 15 11 8 14 4 3 5 6 10 9 7 2 1 
	-> 1 2 3 4 5 6 7 8 9 10 11 14 15 
Structure 438: 20 11 8 4 3 5 6 13 10 9 7 2 1 
	-> 1 2 3 4 5 6 7 8 9 10 11 13 
Structure 439: 15 11 8 4 3 29 5 6 10 9 7 2 1 
	-> 1 2 3 4 5 6 7 8 9 10 11 15 
Structure 440: 17 11 8 4 3 5 6 10 9 7 2 1 
	-> 1 2 3 4 5 6 7 8 9 10 11 17 
Structure 441: 32 15 11 8 4 3 5 6 10 9 7 2 1 
	-> 1 2 3 4 5 6 7 8 9 10 11 15 
Structure 442: 18 17 11 8 4 3 5 6 10 9 7 2 1 
	-> 1 2 3 4 5 6 7 8 9 10 11 17 18 
Structure 443: 12 8 4 3 19 16 5 6 21 7 2 1 
	-> 1 2 3 4 5 6 7 8 12 16 19 
Structure 444: 12 14 4 3 19 16 5 6 21 9 7 2 1 
	-> 1 2 3 4 5 6 7 9 12 14 16 19 
Structure 445: 20 11 8 31 3 5 6 10 9 7 2 1 
	-> 1 2 3 5 6 7 8 9 10 11 
Structure 446: 35 15 11 8 4 3 5 6 13 10 9 7 2 1 
	-> 1 2 3 4 5 6 7 8 9 10 11 13 15 
Structure 447: 12 8 4 3 19 16 5 6 13 10 9 7 2 1 
	-> 1 2 3 4 5 6 7 8 9 10 12 13 16 19 
Structure 448: 12 8 4 3 19 16 5 6 10 9 7 2 1 
	-> 1 2 3 4 5 6 7 8 9 10 12 16 19 
Structure 449: 12 23 14 4 3 5 6 10 9 7 2 1 
	-> 1 2 3 4 5 6 7 9 10 12 14 
Structure 450: 15 11 8 4 3 5 6 10 9 7 2 1 
	-> 1 2 3 4 5 6 7 8 9 10 11 15 
Structure 451: 12 8 4 3 5 6 13 10 9 7 2 1 
	-> 1 2 3 4 5 6 7 8 9 10 12 13 
Structure 452: 12 8 4 3 5 6 13 10 9 7 2 1 
	-> 1 2 3 4 5 6 7 8 9 10 12 13 
Structure 453: 18 17 11 8 4 3 5 6 10 9 7 2 1 
	-> 1 2 3 4 5 6 7 8 9 10 11 17 18 
Structure 454: 15 11 8 4 3 5 6 13 10 9 7 2 1 
	-> 1 2 3 4 5 6 7 8 9 10 11 13 15 
Structure 455: 20 11 8 4 3 5 6 10 9 7 2 1 
	-> 1 2 3 4 5 6 7 8 9 10 11 
Structure 456: 15 11 8 4 3 5 6 10 9 7 2 1 
	-> 1 2 3 4 5 6 7 8 9 10 11 15 
Structure 457: 18 17 11 8 4 3 5 6 13 10 9 7 2 1 
	-> 1 2 3 4 5 6 7 8 9 10 11 13 17 18 
Structure 458: 15 11 8 14 4 3 5 6 10 9 7 2 1 
	-> 1 2 3 4 5 6 7 8 9 10 11 14 15 
Structure 459: 12 8 14 4 3 5 6 13 10 9 7 2 1 
	-> 1 2 3 4 5 6 7 8 9 10 12 13 14 
Structure 460: 12 8 4 3 28 34 24 57 9 25 2 1 
	-> 1 2 3 4 8 9 12 
Structure 461: 12 8 14 4 3 16 5 6 13 10 9 7 2 1 
	-> 1 2 3 4 5 6 7 8 9 10 12 13 14 16 
Structure 462: 18 15 61 11 8 14 4 3 5 6 21 7 2 1 
	-> 1 2 3 4 5 6 7 8 11 14 15 18 
Structure 463: 12 8 14 4 3 80 24 26 46 25 2 1 
	-> 1 2 3 4 8 12 14 
Structure 464: 18 17 11 8 14 4 3 5 6 13 10 9 7 2 1 
	-> 1 2 3 4 5 6 7 8 9 10 11 13 14 17 18 
Structure 465: 18 17 11 22 8 4 3 5 6 10 9 7 2 1 
	-> 1 2 3 4 5 6 7 8 9 10 11 17 18 
Structure 466: 12 23 8 14 4 3 16 5 6 10 9 7 2 1 
	-> 1 2 3 4 5 6 7 8 9 10 12 14 16 
Structure 467: 12 8 14 4 3 19 16 5 6 13 10 9 7 2 1 
	-> 1 2 3 4 5 6 7 8 9 10 12 13 14 16 19 
Structure 468: 20 11 8 14 4 3 5 6 10 9 7 2 1 
	-> 1 2 3 4 5 6 7 8 9 10 11 14 
Structure 469: 12 8 14 4 3 19 16 5 6 21 9 7 2 1 
	-> 1 2 3 4 5 6 7 8 9 12 14 16 19 
Structure 470: 18 17 27 11 8 4 3 5 6 13 10 9 7 2 1 
	-> 1 2 3 4 5 6 7 8 9 10 11 13 17 18 
Structure 471: 12 8 4 3 5 6 10 9 7 2 1 
	-> 1 2 3 4 5 6 7 8 9 10 12 
Structure 472: 12 8 4 3 5 6 10 9 7 2 1 
	-> 1 2 3 4 5 6 7 8 9 10 12 
Structure 473: 18 17 11 8 4 3 5 6 13 10 9 7 2 1 
	-> 1 2 3 4 5 6 7 8 9 10 11 13 17 18 
Structure 474: 12 8 14 4 3 19 16 5 6 10 9 7 2 1 
	-> 1 2 3 4 5 6 7 8 9 10 12 14 16 19 
Structure 475: 18 17 27 11 8 4 3 5 6 13 10 9 7 2 1 
	-> 1 2 3 4 5 6 7 8 9 10 11 13 17 18 
Structure 476: 12 8 4 3 16 5 6 13 10 9 7 2 1 
	-> 1 2 3 4 5 6 7 8 9 10 12 13 16 
Structure 477: 15 11 8 4 3 5 6 21 7 2 1 
	-> 1 2 3 4 5 6 7 8 11 15 
Structure 478: 20 11 8 4 3 5 6 13 9 7 2 1 
	-> 1 2 3 4 5 6 7 8 9 11 13 
Structure 479: 18 17 11 8 4 3 5 6 10 9 7 2 1 
	-> 1 2 3 4 5 6 7 8 9 10 11 17 18 
Structure 480: 15 11 8 4 3 5 6 24 26 81 2 1 
	-> 1 2 3 4 5 6 8 11 15 
Structure 481: 20 11 42 8 4 3 5 6 10 9 7 2 1 
	-> 1 2 3 4 5 6 7 8 9 10 11 
Structure 482: 15 11 8 14 4 3 5 6 10 9 7 2 1 
	-> 1 2 3 4 5 6 7 8 9 10 11 14 15 
Structure 483: 12 8 4 3 19 16 5 6 10 9 7 2 1 
	-> 1 2 3 4 5 6 7 8 9 10 12 16 19 
Structure 484: 18 17 11 8 4 3 5 6 10 9 7 2 1 
	-> 1 2 3 4 5 6 7 8 9 10 11 17 18 
Structure 485: 12 8 14 4 3 5 6 10 9 7 2 1 
	-> 1 2 3 4 5 6 7 8 9 10 12 14 
Structure 486: 75 27 11 8 14 4 3 5 6 10 9 7 2 38 1 
	-> 1 2 3 4 5 6 7 8 9 10 11 14 
Structure 487: 12 23 14 4 3 16 5 6 13 10 9 7 2 1 
	-> 1 2 3 4 5 6 7 9 10 12 13 14 16 
Structure 488: 12 14 4 3 120 34 24 82 121 9 25 2 1 
	-> 1 2 3 4 9 12 14 
Structure 489: 12 8 4 3 16 5 6 10 9 7 2 1 
	-> 1 2 3 4 5 6 7 8 9 10 12 16 
Structure 490: 18 17 11 22 8 4 3 5 6 13 10 9 7 2 1 
	-> 1 2 3 4 5 6 7 8 9 10 11 13 17 18 
Structure 491: 15 11 22 8 4 3 5 6 13 10 36 83 37 2 1 
	-> 1 2 3 4 5 6 8 10 11 13 15 
Structure 492: 18 17 11 8 4 3 24 26 25 2 1 
	-> 1 2 3 4 8 11 17 18 
Structure 493: 12 41 8 14 4 3 19 16 5 6 10 9 7 2 1 
	-> 1 2 3 4 5 6 7 8 9 10 12 14 16 19 
Structure 494: 15 11 8 4 3 5 6 10 9 7 2 1 
	-> 1 2 3 4 5 6 7 8 9 10 11 15 
Structure 495: 20 11 8 4 3 5 6 10 9 7 2 1 
	-> 1 2 3 4 5 6 7 8 9 10 11 
Structure 496: 15 11 8 4 3 5 6 10 9 7 2 1 
	-> 1 2 3 4 5 6 7 8 9 10 11 15 
Structure 497: 47 11 22 8 14 4 3 48 60 122 25 2 1 
	-> 1 2 3 4 8 11 14 
Structure 498: 12 8 14 4 3 16 5 6 10 9 7 2 1 
	-> 1 2 3 4 5 6 7 8 9 10 12 14 16 
Structure 499: 15 11 8 4 3 5 6 10 9 7 2 1 
	-> 1 2 3 4 5 6 7 8 9 10 11 15 
Structure 500: 12 14 4 3 19 16 5 6 10 9 7 2 1 
	-> 1 2 3 4 5 6 7 9 10 12 14 16 19 
Structure 501: 12 23 14 4 3 16 5 6 13 10 9 7 2 1 
	-> 1 2 3 4 5 6 7 9 10 12 13 14 16 
Structure 502: 15 11 8 4 3 5 6 21 9 7 2 1 
	-> 1 2 3 4 5 6 7 8 9 11 15 
Structure 503: 12 8 14 4 3 34 43 30 21 36 83 37 2 1 
	-> 1 2 3 4 8 12 14 
Structure 504: 20 11 8 14 4 3 5 6 10 9 7 2 1 
	-> 1 2 3 4 5 6 7 8 9 10 11 14 
Structure 505: 18 17 11 8 4 3 5 6 13 10 9 7 2 1 
	-> 1 2 3 4 5 6 7 8 9 10 11 13 17 18 
Structure 506: 12 8 4 3 5 6 13 10 9 7 2 1 
	-> 1 2 3 4 5 6 7 8 9 10 12 13 
Structure 507: 12 14 4 3 19 16 5 6 10 9 7 2 1 
	-> 1 2 3 4 5 6 7 9 10 12 14 16 19 
Structure 508: 20 11 8 4 3 5 6 13 10 9 7 2 1 
	-> 1 2 3 4 5 6 7 8 9 10 11 13 
Structure 509: 12 8 14 4 3 19 16 5 6 10 9 7 2 1 
	-> 1 2 3 4 5 6 7 8 9 10 12 14 16 19 
Structure 510: 20 11 8 14 4 3 5 6 10 9 7 2 1 
	-> 1 2 3 4 5 6 7 8 9 10 11 14 
Structure 511: 12 8 4 3 16 5 6 10 9 7 2 1 
	-> 1 2 3 4 5 6 7 8 9 10 12 16 
Structure 512: 18 17 11 8 14 4 3 5 6 13 10 9 7 2 1 
	-> 1 2 3 4 5 6 7 8 9 10 11 13 14 17 18 
Structure 513: 20 11 8 14 4 3 5 6 10 9 7 2 1 
	-> 1 2 3 4 5 6 7 8 9 10 11 14 
Structure 514: 17 11 22 8 4 3 5 6 9 7 2 1 
	-> 1 2 3 4 5 6 7 8 9 11 17 
Structure 515: 15 11 8 4 62 5 6 10 9 7 2 1 
	-> 1 2 4 5 6 7 8 9 10 11 15 
Structure 516: 17 11 8 14 4 3 28 5 6 10 9 7 2 1 
	-> 1 2 3 4 5 6 7 8 9 10 11 14 17 
Structure 517: 12 8 4 3 5 6 10 9 7 2 1 
	-> 1 2 3 4 5 6 7 8 9 10 12 
Structure 518: 20 11 8 4 3 5 6 10 9 7 2 1 
	-> 1 2 3 4 5 6 7 8 9 10 11 
Structure 519: 17 11 8 14 4 3 5 30 9 7 2 1 
	-> 1 2 3 4 5 7 8 9 11 14 17 
Structure 520: 15 11 8 4 3 5 6 13 10 9 7 2 1 
	-> 1 2 3 4 5 6 7 8 9 10 11 13 15 
Structure 521: 15 11 8 14 4 3 5 6 10 9 7 2 1 
	-> 1 2 3 4 5 6 7 8 9 10 11 14 15 
Structure 522: 15 11 8 14 4 3 5 6 10 9 7 2 1 
	-> 1 2 3 4 5 6 7 8 9 10 11 14 15 
Structure 523: 12 8 4 3 19 16 5 6 13 10 9 7 2 1 
	-> 1 2 3 4 5 6 7 8 9 10 12 13 16 19 
Structure 524: 15 11 8 4 3 5 6 10 9 7 2 1 
	-> 1 2 3 4 5 6 7 8 9 10 11 15 
Structure 525: 12 8 4 123 3 19 16 5 6 10 9 7 2 1 
	-> 1 2 3 4 5 6 7 8 9 10 12 16 19 
Structure 526: 20 11 8 4 3 5 6 10 9 7 2 1 
	-> 1 2 3 4 5 6 7 8 9 10 11 
Structure 527: 20 11 8 14 4 3 5 6 10 9 7 2 1 
	-> 1 2 3 4 5 6 7 8 9 10 11 14 
Structure 528: 15 11 22 8 14 4 3 5 6 13 10 9 7 2 1 
	-> 1 2 3 4 5 6 7 8 9 10 11 13 14 15 
Structure 529: 32 11 8 4 3 5 6 13 10 9 7 2 1 
	-> 1 2 3 4 5 6 7 8 9 10 11 13 
Structure 530: 124 15 11 8 4 3 5 6 13 10 9 7 2 1 
	-> 1 2 3 4 5 6 7 8 9 10 11 13 15 
Structure 531: 12 8 4 3 16 5 6 21 9 7 2 1 
	-> 1 2 3 4 5 6 7 8 9 12 16 
Structure 532: 18 17 11 22 8 4 3 5 6 13 10 9 7 2 1 
	-> 1 2 3 4 5 6 7 8 9 10 11 13 17 18 
Structure 533: 12 8 4 3 5 6 10 9 7 2 1 
	-> 1 2 3 4 5 6 7 8 9 10 12 
Structure 534: 12 8 14 4 3 19 16 5 6 10 9 7 2 1 
	-> 1 2 3 4 5 6 7 8 9 10 12 14 16 19 
Structure 535: 15 11 8 14 4 3 5 6 10 9 7 2 1 
	-> 1 2 3 4 5 6 7 8 9 10 11 14 15 
Structure 536: 18 17 11 8 4 3 29 5 6 10 9 7 2 1 
	-> 1 2 3 4 5 6 7 8 9 10 11 17 18 
Structure 537: 12 8 14 4 3 19 16 5 6 21 9 7 2 1 
	-> 1 2 3 4 5 6 7 8 9 12 14 16 19 
Structure 538: 12 8 31 3 16 5 6 13 10 9 7 2 1 
	-> 1 2 3 5 6 7 8 9 10 12 13 16 
Structure 539: 17 11 8 4 3 5 6 10 9 7 2 1 
	-> 1 2 3 4 5 6 7 8 9 10 11 17 
Structure 540: 12 8 4 3 19 16 5 6 10 9 7 2 1 
	-> 1 2 3 4 5 6 7 8 9 10 12 16 19 
Structure 541: 17 11 8 4 3 5 6 10 9 7 2 1 
	-> 1 2 3 4 5 6 7 8 9 10 11 17 
Structure 542: 15 11 8 14 4 3 5 6 10 9 7 2 1 
	-> 1 2 3 4 5 6 7 8 9 10 11 14 15 
Structure 543: 15 11 8 14 4 3 5 6 10 9 7 2 1 
	-> 1 2 3 4 5 6 7 8 9 10 11 14 15 
Structure 544: 17 11 41 8 4 3 5 6 13 10 9 7 2 1 
	-> 1 2 3 4 5 6 7 8 9 10 11 13 17 
Structure 545: 18 17 11 22 8 4 3 5 6 10 9 7 2 1 
	-> 1 2 3 4 5 6 7 8 9 10 11 17 18 
Structure 546: 35 15 11 8 4 3 5 6 10 9 7 2 1 
	-> 1 2 3 4 5 6 7 8 9 10 11 15 
Structure 547: 12 11 22 8 4 3 5 6 13 10 9 7 2 1 
	-> 1 2 3 4 5 6 7 8 9 10 11 12 13 
Structure 548: 18 17 11 8 4 3 5 6 13 10 9 7 2 1 
	-> 1 2 3 4 5 6 7 8 9 10 11 13 17 18 
Structure 549: 18 17 11 8 14 4 3 5 6 13 10 9 7 2 1 
	-> 1 2 3 4 5 6 7 8 9 10 11 13 14 17 18 
Structure 550: 15 11 8 4 3 5 6 10 9 7 2 1 
	-> 1 2 3 4 5 6 7 8 9 10 11 15 
Structure 551: 12 8 4 3 16 5 6 10 9 7 2 1 
	-> 1 2 3 4 5 6 7 8 9 10 12 16 
Structure 552: 12 8 4 3 16 5 6 9 7 2 1 
	-> 1 2 3 4 5 6 7 8 9 12 16 
Structure 553: 12 8 4 3 19 16 5 6 13 10 9 7 2 1 
	-> 1 2 3 4 5 6 7 8 9 10 12 13 16 19 
Structure 554: 12 8 4 3 16 5 24 26 25 2 1 
	-> 1 2 3 4 5 8 12 16 
Structure 555: 17 11 8 4 3 5 6 21 9 7 2 1 
	-> 1 2 3 4 5 6 7 8 9 11 17 
Structure 556: 15 11 8 4 3 5 6 10 9 7 2 1 
	-> 1 2 3 4 5 6 7 8 9 10 11 15 
Structure 557: 18 17 11 8 4 3 5 6 13 10 9 7 2 1 
	-> 1 2 3 4 5 6 7 8 9 10 11 13 17 18 
Structure 558: 17 40 11 8 4 3 5 6 13 10 9 7 2 1 
	-> 1 2 3 4 5 6 7 8 9 10 11 13 17 
Structure 559: 12 8 67 4 3 16 5 6 10 9 7 2 1 
	-> 1 2 3 4 5 6 7 8 9 10 12 16 
Structure 560: 20 11 8 4 3 5 6 10 9 7 2 1 
	-> 1 2 3 4 5 6 7 8 9 10 11 
Structure 561: 12 8 4 3 16 5 6 10 9 7 2 1 
	-> 1 2 3 4 5 6 7 8 9 10 12 16 
Structure 562: 12 8 4 3 19 16 5 6 10 9 7 2 1 
	-> 1 2 3 4 5 6 7 8 9 10 12 16 19 
Structure 563: 18 17 11 8 4 3 5 6 10 9 7 2 1 
	-> 1 2 3 4 5 6 7 8 9 10 11 17 18 
Structure 564: 18 17 11 8 4 3 5 6 13 10 9 7 2 1 
	-> 1 2 3 4 5 6 7 8 9 10 11 13 17 18 
Structure 565: 12 14 4 3 65 16 5 6 13 10 9 7 2 1 
	-> 1 2 3 4 5 6 7 9 10 12 13 14 16 
Structure 566: 12 8 14 4 3 19 16 5 6 10 9 7 2 1 
	-> 1 2 3 4 5 6 7 8 9 10 12 14 16 19 
Structure 567: 18 17 11 8 4 3 29 5 6 21 9 7 2 1 
	-> 1 2 3 4 5 6 7 8 9 11 17 18 
Structure 568: 72 11 8 4 3 5 6 13 10 9 7 2 1 
	-> 1 2 3 4 5 6 7 8 9 10 11 13 
Structure 569: 18 17 11 8 14 4 3 5 6 10 9 7 2 1 
	-> 1 2 3 4 5 6 7 8 9 10 11 14 17 18 
Structure 570: 12 8 4 3 16 5 6 10 9 7 2 1 
	-> 1 2 3 4 5 6 7 8 9 10 12 16 
Structure 571: 32 84 52 11 8 4 3 56 24 57 9 59 2 1 
	-> 1 2 3 4 8 9 11 
Structure 572: 12 23 85 14 4 3 19 16 5 6 10 9 7 2 1 
	-> 1 2 3 4 5 6 7 9 10 12 14 16 19 
Structure 573: 35 15 11 8 14 4 3 5 6 10 9 7 2 1 
	-> 1 2 3 4 5 6 7 8 9 10 11 14 15 
Structure 574: 12 8 4 3 19 16 5 6 10 9 7 2 1 
	-> 1 2 3 4 5 6 7 8 9 10 12 16 19 
Structure 575: 12 8 31 3 16 5 6 13 10 9 7 2 1 
	-> 1 2 3 5 6 7 8 9 10 12 13 16 
Structure 576: 32 15 11 8 4 3 5 6 21 9 7 2 1 
	-> 1 2 3 4 5 6 7 8 9 11 15 
Structure 577: 12 8 4 3 5 6 9 7 2 1 
	-> 1 2 3 4 5 6 7 8 9 12 
Structure 578: 12 63 8 14 4 3 16 5 6 58 9 7 2 1 
	-> 1 2 3 4 5 6 7 8 9 12 14 16 
Structure 579: 18 17 11 8 14 4 3 5 6 10 9 7 2 1 
	-> 1 2 3 4 5 6 7 8 9 10 11 14 17 18 
Structure 580: 12 8 4 3 5 6 13 10 9 7 2 1 
	-> 1 2 3 4 5 6 7 8 9 10 12 13 
Structure 581: 12 8 4 3 19 16 5 6 13 10 9 7 2 1 
	-> 1 2 3 4 5 6 7 8 9 10 12 13 16 19 
Structure 582: 33 11 8 14 4 3 5 6 10 9 7 2 1 
	-> 1 2 3 4 5 6 7 8 9 10 11 14 
Structure 583: 15 11 8 14 4 3 5 6 10 9 7 2 1 
	-> 1 2 3 4 5 6 7 8 9 10 11 14 15 
Structure 584: 12 8 14 4 3 19 16 5 6 24 26 46 81 2 1 
	-> 1 2 3 4 5 6 8 12 14 16 19 
Structure 585: 15 40 11 8 4 3 5 6 10 9 7 2 1 
	-> 1 2 3 4 5 6 7 8 9 10 11 15 
Structure 586: 15 11 8 4 3 5 6 10 9 7 2 1 
	-> 1 2 3 4 5 6 7 8 9 10 11 15 
Structure 587: 17 11 8 4 3 5 6 13 10 9 7 2 1 
	-> 1 2 3 4 5 6 7 8 9 10 11 13 17 
Structure 588: 18 17 11 8 4 3 5 6 10 9 7 2 1 
	-> 1 2 3 4 5 6 7 8 9 10 11 17 18 
Structure 589: 12 8 4 3 19 16 5 6 10 9 7 2 1 
	-> 1 2 3 4 5 6 7 8 9 10 12 16 19 
Structure 590: 12 8 4 3 19 16 5 6 10 9 7 2 38 1 
	-> 1 2 3 4 5 6 7 8 9 10 12 16 19 
Structure 591: 18 17 11 22 8 4 3 5 6 13 10 9 7 2 1 
	-> 1 2 3 4 5 6 7 8 9 10 11 13 17 18 
Structure 592: 12 8 4 3 5 6 10 9 7 2 1 
	-> 1 2 3 4 5 6 7 8 9 10 12 
Structure 593: 18 17 11 8 4 3 5 6 10 9 7 2 1 
	-> 1 2 3 4 5 6 7 8 9 10 11 17 18 
Structure 594: 12 8 4 3 16 5 6 13 10 9 7 2 1 
	-> 1 2 3 4 5 6 7 8 9 10 12 13 16 
Structure 595: 12 23 14 4 3 5 6 10 9 7 2 1 
	-> 1 2 3 4 5 6 7 9 10 12 14 
Structure 596: 15 11 41 8 4 3 5 6 10 9 7 2 1 
	-> 1 2 3 4 5 6 7 8 9 10 11 15 
Structure 597: 12 8 4 3 19 16 5 6 10 9 7 2 1 
	-> 1 2 3 4 5 6 7 8 9 10 12 16 19 
Structure 598: 12 8 4 3 19 16 5 6 13 10 9 7 2 1 
	-> 1 2 3 4 5 6 7 8 9 10 12 13 16 19 
Structure 599: 18 17 11 22 8 4 3 5 6 10 9 7 2 1 
	-> 1 2 3 4 5 6 7 8 9 10 11 17 18 
Structure 600: 20 11 8 14 4 3 5 6 10 9 7 2 1 
	-> 1 2 3 4 5 6 7 8 9 10 11 14 
Structure 601: 20 11 8 4 3 5 6 13 10 9 7 2 1 
	-> 1 2 3 4 5 6 7 8 9 10 11 13 
Structure 602: 15 11 8 4 3 5 6 13 10 9 7 2 1 
	-> 1 2 3 4 5 6 7 8 9 10 11 13 15 
Structure 603: 15 11 8 14 4 3 5 6 10 9 7 2 1 
	-> 1 2 3 4 5 6 7 8 9 10 11 14 15 
Structure 604: 15 11 8 4 3 5 6 10 9 7 2 1 
	-> 1 2 3 4 5 6 7 8 9 10 11 15 
Structure 605: 12 8 14 4 3 5 6 13 10 9 7 2 1 
	-> 1 2 3 4 5 6 7 8 9 10 12 13 14 
Structure 606: 18 17 11 8 4 3 5 6 10 9 7 2 1 
	-> 1 2 3 4 5 6 7 8 9 10 11 17 18 
Structure 607: 12 8 14 4 3 16 5 6 13 10 9 7 2 1 
	-> 1 2 3 4 5 6 7 8 9 10 12 13 14 16 
Structure 608: 33 15 11 8 14 4 3 5 6 10 9 7 2 1 
	-> 1 2 3 4 5 6 7 8 9 10 11 14 15 
Structure 609: 18 17 11 8 4 3 5 6 13 10 9 7 2 1 
	-> 1 2 3 4 5 6 7 8 9 10 11 13 17 18 
Structure 610: 54 18 17 11 22 8 4 3 5 6 10 9 7 2 1 
	-> 1 2 3 4 5 6 7 8 9 10 11 17 18 
Structure 611: 12 8 4 3 16 5 6 13 10 9 7 2 1 
	-> 1 2 3 4 5 6 7 8 9 10 12 13 16 
Structure 612: 15 11 8 4 3 5 43 30 9 7 2 1 
	-> 1 2 3 4 5 7 8 9 11 15 
Structure 613: 15 11 8 4 3 28 5 6 10 9 7 2 38 1 
	-> 1 2 3 4 5 6 7 8 9 10 11 15 
Structure 614: 18 17 11 8 4 3 29 5 6 13 10 9 7 2 1 
	-> 1 2 3 4 5 6 7 8 9 10 11 13 17 18 
Structure 615: 18 15 11 8 4 3 5 6 13 10 9 7 2 1 
	-> 1 2 3 4 5 6 7 8 9 10 11 13 15 18 
Structure 616: 15 11 8 4 3 28 5 6 21 7 2 1 
	-> 1 2 3 4 5 6 7 8 11 15 
Structure 617: 15 11 8 4 3 5 6 13 10 9 7 2 1 
	-> 1 2 3 4 5 6 7 8 9 10 11 13 15 
Structure 618: 15 11 8 4 3 5 6 13 10 9 7 2 1 
	-> 1 2 3 4 5 6 7 8 9 10 11 13 15 
Structure 619: 12 23 85 14 4 3 19 16 5 6 13 10 9 7 2 1 
	-> 1 2 3 4 5 6 7 9 10 12 13 14 16 19 
Structure 620: 12 8 14 4 3 34 24 26 46 25 2 1 
	-> 1 2 3 4 8 12 14 
Structure 621: 18 17 11 8 4 3 5 6 13 10 9 7 2 1 
	-> 1 2 3 4 5 6 7 8 9 10 11 13 17 18 
Structure 622: 12 8 4 3 19 16 5 6 10 9 7 2 1 
	-> 1 2 3 4 5 6 7 8 9 10 12 16 19 
Structure 623: 64 125 12 8 14 4 3 16 5 6 10 9 7 2 1 
	-> 1 2 3 4 5 6 7 8 9 10 12 14 16 
Structure 624: 12 8 14 4 3 5 6 10 9 7 2 1 
	-> 1 2 3 4 5 6 7 8 9 10 12 14 
Structure 625: 18 17 11 8 4 3 77 5 6 10 9 7 2 1 
	-> 1 2 3 4 5 6 7 8 9 10 11 17 18 
Structure 626: 12 8 4 3 19 16 5 6 10 9 7 2 1 
	-> 1 2 3 4 5 6 7 8 9 10 12 16 19 
Structure 627: 35 15 11 8 4 3 5 6 10 9 7 2 1 
	-> 1 2 3 4 5 6 7 8 9 10 11 15 
Structure 628: 20 11 8 14 4 3 5 6 10 9 7 2 1 
	-> 1 2 3 4 5 6 7 8 9 10 11 14 
Structure 629: 15 11 8 14 4 3 5 6 10 9 7 2 1 
	-> 1 2 3 4 5 6 7 8 9 10 11 14 15 
Structure 630: 12 8 14 4 3 16 5 6 13 10 9 7 2 1 
	-> 1 2 3 4 5 6 7 8 9 10 12 13 14 16 
Structure 631: 15 11 8 14 4 3 5 6 10 9 7 2 1 
	-> 1 2 3 4 5 6 7 8 9 10 11 14 15 
Structure 632: 15 11 8 14 4 3 5 6 10 9 7 2 1 
	-> 1 2 3 4 5 6 7 8 9 10 11 14 15 
Structure 633: 20 11 8 4 3 5 6 21 7 2 1 
	-> 1 2 3 4 5 6 7 8 11 
Structure 634: 17 11 8 14 4 3 5 6 10 9 7 2 1 
	-> 1 2 3 4 5 6 7 8 9 10 11 14 17 
Structure 635: 15 11 8 4 3 5 6 13 10 9 7 2 38 1 
	-> 1 2 3 4 5 6 7 8 9 10 11 13 15 
Structure 636: 12 8 4 3 19 16 5 6 13 10 9 7 2 1 
	-> 1 2 3 4 5 6 7 8 9 10 12 13 16 19 
Structure 637: 32 15 11 8 4 3 5 6 10 9 7 2 1 
	-> 1 2 3 4 5 6 7 8 9 10 11 15 
Structure 638: 12 8 4 3 19 16 5 6 13 10 9 7 2 38 1 
	-> 1 2 3 4 5 6 7 8 9 10 12 13 16 19 
Structure 639: 18 17 11 8 4 3 5 6 13 10 9 7 2 1 
	-> 1 2 3 4 5 6 7 8 9 10 11 13 17 18 
Structure 640: 12 51 8 4 3 16 5 6 10 9 7 2 1 
	-> 1 2 3 4 5 6 7 8 9 10 12 16 
Structure 641: 12 8 4 3 16 5 6 10 9 7 2 1 
	-> 1 2 3 4 5 6 7 8 9 10 12 16 
Structure 642: 15 11 8 4 3 5 6 10 9 7 2 1 
	-> 1 2 3 4 5 6 7 8 9 10 11 15 
Structure 643: 18 17 11 8 14 4 3 5 6 10 9 7 2 1 
	-> 1 2 3 4 5 6 7 8 9 10 11 14 17 18 
Structure 644: 15 11 8 4 3 5 6 13 10 9 7 2 1 
	-> 1 2 3 4 5 6 7 8 9 10 11 13 15 
Structure 645: 15 11 8 4 3 28 5 6 21 126 71 53 2 1 
	-> 1 2 3 4 5 6 8 11 15 
Structure 646: 12 8 4 3 5 6 21 9 7 2 1 
	-> 1 2 3 4 5 6 7 8 9 12 
Structure 647: 12 8 4 3 127 16 5 6 10 9 7 2 1 
	-> 1 2 3 4 5 6 7 8 9 10 12 16 
Structure 648: 18 17 11 8 4 3 5 6 13 10 9 7 2 1 
	-> 1 2 3 4 5 6 7 8 9 10 11 13 17 18 
Structure 649: 12 8 4 3 16 5 6 13 10 9 7 2 1 
	-> 1 2 3 4 5 6 7 8 9 10 12 13 16 
Structure 650: 20 11 8 4 3 5 6 10 9 7 2 1 
	-> 1 2 3 4 5 6 7 8 9 10 11 
Structure 651: 15 11 8 4 3 5 6 10 9 7 2 1 
	-> 1 2 3 4 5 6 7 8 9 10 11 15 
Structure 652: 15 11 8 4 3 5 6 13 10 9 7 2 1 
	-> 1 2 3 4 5 6 7 8 9 10 11 13 15 
Structure 653: 20 11 8 4 3 5 6 10 9 7 2 1 
	-> 1 2 3 4 5 6 7 8 9 10 11 
Structure 654: 15 11 8 4 3 5 6 13 10 9 7 2 1 
	-> 1 2 3 4 5 6 7 8 9 10 11 13 15 
Structure 655: 12 8 4 3 19 16 5 6 13 10 9 7 2 1 
	-> 1 2 3 4 5 6 7 8 9 10 12 13 16 19 
Structure 656: 12 8 4 62 19 16 5 6 10 9 7 2 1 
	-> 1 2 4 5 6 7 8 9 10 12 16 19 
Structure 657: 20 11 42 8 4 3 5 6 13 10 9 7 2 1 
	-> 1 2 3 4 5 6 7 8 9 10 11 13 
Structure 658: 15 11 8 4 3 5 6 10 9 7 2 1 
	-> 1 2 3 4 5 6 7 8 9 10 11 15 
Structure 659: 17 11 22 8 4 3 5 6 13 10 9 7 2 1 
	-> 1 2 3 4 5 6 7 8 9 10 11 13 17 
Structure 660: 17 11 8 4 3 5 6 10 9 7 2 1 
	-> 1 2 3 4 5 6 7 8 9 10 11 17 
Structure 661: 12 14 4 3 16 5 6 10 9 7 2 1 
	-> 1 2 3 4 5 6 7 9 10 12 14 16 
Structure 662: 55 18 17 11 8 4 3 5 6 13 10 9 7 2 1 
	-> 1 2 3 4 5 6 7 8 9 10 11 13 17 18 
Structure 663: 15 11 8 4 3 5 6 13 10 9 7 2 1 
	-> 1 2 3 4 5 6 7 8 9 10 11 13 15 
Structure 664: 12 8 4 3 16 5 6 10 9 7 2 1 
	-> 1 2 3 4 5 6 7 8 9 10 12 16 
Structure 665: 15 11 8 4 3 5 6 10 9 7 2 1 
	-> 1 2 3 4 5 6 7 8 9 10 11 15 
Structure 666: 20 11 8 4 3 5 6 10 9 7 2 1 
	-> 1 2 3 4 5 6 7 8 9 10 11 
Structure 667: 18 17 11 8 4 3 5 6 13 10 9 7 2 1 
	-> 1 2 3 4 5 6 7 8 9 10 11 13 17 18 
Structure 668: 15 11 8 4 3 5 6 13 10 9 7 2 1 
	-> 1 2 3 4 5 6 7 8 9 10 11 13 15 
Structure 669: 12 63 22 8 4 3 16 5 6 21 7 2 1 
	-> 1 2 3 4 5 6 7 8 12 16 
Structure 670: 12 8 4 3 19 16 5 6 10 9 7 2 1 
	-> 1 2 3 4 5 6 7 8 9 10 12 16 19 
Structure 671: 20 11 8 4 3 5 6 10 9 7 2 1 
	-> 1 2 3 4 5 6 7 8 9 10 11 
Structure 672: 15 11 8 4 3 5 6 10 9 7 2 1 
	-> 1 2 3 4 5 6 7 8 9 10 11 15 
Structure 673: 20 11 8 4 3 5 6 10 9 7 2 1 
	-> 1 2 3 4 5 6 7 8 9 10 11 
Structure 674: 128 49 8 4 3 5 6 13 10 9 7 2 1 
	-> 1 2 3 4 5 6 7 8 9 10 13 
Structure 675: 20 11 8 4 3 5 6 10 9 7 2 1 
	-> 1 2 3 4 5 6 7 8 9 10 11 
Structure 676: 15 11 8 4 3 5 6 13 10 9 7 2 1 
	-> 1 2 3 4 5 6 7 8 9 10 11 13 15 
Structure 677: 20 11 8 14 4 3 5 6 10 9 7 2 1 
	-> 1 2 3 4 5 6 7 8 9 10 11 14 
Structure 678: 15 11 8 14 4 3 24 82 9 25 2 1 
	-> 1 2 3 4 8 9 11 14 15 
Structure 679: 20 11 8 14 4 3 5 6 10 9 7 2 1 
	-> 1 2 3 4 5 6 7 8 9 10 11 14 
Structure 680: 12 8 14 4 3 19 16 5 6 10 9 7 2 1 
	-> 1 2 3 4 5 6 7 8 9 10 12 14 16 19 
Structure 681: 18 17 11 8 4 3 5 6 13 10 9 7 2 1 
	-> 1 2 3 4 5 6 7 8 9 10 11 13 17 18 
Structure 682: 18 17 11 8 4 3 5 6 13 10 9 7 2 1 
	-> 1 2 3 4 5 6 7 8 9 10 11 13 17 18 
Structure 683: 17 11 8 4 3 5 6 10 9 7 2 1 
	-> 1 2 3 4 5 6 7 8 9 10 11 17 
Structure 684: 12 8 14 4 3 16 5 6 13 10 9 7 2 1 
	-> 1 2 3 4 5 6 7 8 9 10 12 13 14 16 
Structure 685: 18 17 11 8 4 3 5 6 10 9 7 2 1 
	-> 1 2 3 4 5 6 7 8 9 10 11 17 18 
Structure 686: 15 11 8 4 3 5 6 10 9 7 2 1 
	-> 1 2 3 4 5 6 7 8 9 10 11 15 
Structure 687: 15 40 11 8 4 3 5 6 10 9 7 2 1 
	-> 1 2 3 4 5 6 7 8 9 10 11 15 
Structure 688: 12 8 14 4 3 19 16 5 6 9 7 2 1 
	-> 1 2 3 4 5 6 7 8 9 12 14 16 19 
Structure 689: 12 22 8 4 3 16 5 6 10 9 7 2 1 
	-> 1 2 3 4 5 6 7 8 9 10 12 16 
Structure 690: 18 17 11 8 14 4 3 5 6 21 9 7 2 1 
	-> 1 2 3 4 5 6 7 8 9 11 14 17 18 
Structure 691: 12 8 4 3 16 5 6 10 9 7 2 1 
	-> 1 2 3 4 5 6 7 8 9 10 12 16 
Structure 692: 20 11 8 14 4 3 5 6 21 9 7 2 1 
	-> 1 2 3 4 5 6 7 8 9 11 14 
Structure 693: 15 11 8 4 3 5 6 10 9 7 2 1 
	-> 1 2 3 4 5 6 7 8 9 10 11 15 
Structure 694: 33 15 11 8 4 3 5 6 10 9 7 2 1 
	-> 1 2 3 4 5 6 7 8 9 10 11 15 
Structure 695: 12 8 4 3 5 6 21 9 7 2 1 
	-> 1 2 3 4 5 6 7 8 9 12 
Structure 696: 12 22 8 4 3 5 6 10 9 7 2 1 
	-> 1 2 3 4 5 6 7 8 9 10 12 
Structure 697: 33 15 11 8 4 3 5 6 10 9 7 2 1 
	-> 1 2 3 4 5 6 7 8 9 10 11 15 
Structure 698: 12 8 4 3 16 5 6 10 9 7 2 1 
	-> 1 2 3 4 5 6 7 8 9 10 12 16 
Structure 699: 15 11 8 4 3 5 6 10 9 7 2 1 
	-> 1 2 3 4 5 6 7 8 9 10 11 15 
Structure 700: 20 11 8 4 3 5 6 10 9 7 2 1 
	-> 1 2 3 4 5 6 7 8 9 10 11 
Structure 701: 15 11 8 14 4 3 5 6 10 9 7 2 1 
	-> 1 2 3 4 5 6 7 8 9 10 11 14 15 
Structure 702: 12 8 4 3 19 16 5 6 13 10 9 7 2 1 
	-> 1 2 3 4 5 6 7 8 9 10 12 13 16 19 
Structure 703: 20 11 8 4 3 5 6 13 10 9 7 2 1 
	-> 1 2 3 4 5 6 7 8 9 10 11 13 
Structure 704: 12 8 4 3 16 5 6 21 7 2 1 
	-> 1 2 3 4 5 6 7 8 12 16 
Structure 705: 12 8 4 3 19 16 5 6 10 9 7 2 1 
	-> 1 2 3 4 5 6 7 8 9 10 12 16 19 
Structure 706: 12 8 14 4 3 28 19 16 5 6 10 9 7 2 39 1 
	-> 1 2 3 4 5 6 7 8 9 10 12 14 16 19 
Structure 707: 18 17 11 22 8 4 3 5 6 10 9 7 2 1 
	-> 1 2 3 4 5 6 7 8 9 10 11 17 18 
Structure 708: 129 11 8 4 3 5 6 10 9 7 2 1 
	-> 1 2 3 4 5 6 7 8 9 10 11 
Structure 709: 15 11 8 14 4 3 5 6 10 7 2 1 
	-> 1 2 3 4 5 6 7 8 10 11 14 15 
Structure 710: 18 11 8 4 3 5 6 13 10 9 7 2 1 
	-> 1 2 3 4 5 6 7 8 9 10 11 13 18 
Structure 711: 35 15 11 8 14 4 3 5 6 10 9 7 2 1 
	-> 1 2 3 4 5 6 7 8 9 10 11 14 15 
Structure 712: 18 17 11 22 8 4 3 5 6 10 9 7 2 1 
	-> 1 2 3 4 5 6 7 8 9 10 11 17 18 
Structure 713: 12 14 4 3 19 16 5 6 13 10 9 7 2 1 
	-> 1 2 3 4 5 6 7 9 10 12 13 14 16 19 
Structure 714: 18 15 11 8 4 3 5 6 10 9 7 2 1 
	-> 1 2 3 4 5 6 7 8 9 10 11 15 18 
Structure 715: 12 8 4 3 19 16 5 6 10 9 7 2 1 
	-> 1 2 3 4 5 6 7 8 9 10 12 16 19 
Structure 716: 15 11 8 4 28 5 6 10 9 7 2 1 
	-> 1 2 4 5 6 7 8 9 10 11 15 
Structure 717: 18 17 11 8 4 3 5 6 10 9 7 2 1 
	-> 1 2 3 4 5 6 7 8 9 10 11 17 18 
Structure 718: 18 17 11 8 4 3 5 30 9 7 2 1 
	-> 1 2 3 4 5 7 8 9 11 17 18 
Structure 719: 18 17 11 8 4 3 5 6 13 10 9 7 2 1 
	-> 1 2 3 4 5 6 7 8 9 10 11 13 17 18 
Structure 720: 12 8 4 3 16 5 6 10 9 7 2 1 
	-> 1 2 3 4 5 6 7 8 9 10 12 16 
Structure 721: 20 11 8 4 3 5 6 13 10 9 7 2 1 
	-> 1 2 3 4 5 6 7 8 9 10 11 13 
Structure 722: 18 17 11 8 4 3 5 6 10 9 7 2 1 
	-> 1 2 3 4 5 6 7 8 9 10 11 17 18 
Structure 723: 12 8 4 3 16 5 6 13 10 9 7 2 1 
	-> 1 2 3 4 5 6 7 8 9 10 12 13 16 
Structure 724: 20 11 8 31 3 5 6 21 9 7 2 1 
	-> 1 2 3 5 6 7 8 9 11 
Structure 725: 20 11 22 8 4 3 5 6 10 9 7 2 1 
	-> 1 2 3 4 5 6 7 8 9 10 11 
Structure 726: 12 8 14 4 3 19 16 5 6 13 10 9 7 74 39 1 
	-> 1 3 4 5 6 7 8 9 10 12 13 14 16 19 
Structure 727: 12 8 14 4 3 19 16 5 6 10 9 7 2 1 
	-> 1 2 3 4 5 6 7 8 9 10 12 14 16 19 
Structure 728: 18 17 27 11 8 4 3 5 6 10 9 7 2 1 
	-> 1 2 3 4 5 6 7 8 9 10 11 17 18 
Structure 729: 18 17 11 8 4 3 5 6 10 9 7 2 1 
	-> 1 2 3 4 5 6 7 8 9 10 11 17 18 
Structure 730: 15 11 8 4 3 5 6 13 10 9 7 2 1 
	-> 1 2 3 4 5 6 7 8 9 10 11 13 15 
Structure 731: 12 8 4 3 19 16 5 6 13 10 9 7 2 1 
	-> 1 2 3 4 5 6 7 8 9 10 12 13 16 19 
Structure 732: 15 11 22 8 4 3 5 6 10 9 7 2 1 
	-> 1 2 3 4 5 6 7 8 9 10 11 15 
Structure 733: 12 8 14 4 3 19 16 5 6 10 9 7 2 1 
	-> 1 2 3 4 5 6 7 8 9 10 12 14 16 19 
Structure 734: 15 11 8 4 3 5 6 13 10 9 7 2 1 
	-> 1 2 3 4 5 6 7 8 9 10 11 13 15 
Structure 735: 18 17 11 8 14 4 3 5 6 10 9 7 2 1 
	-> 1 2 3 4 5 6 7 8 9 10 11 14 17 18 
Structure 736: 12 8 4 3 5 6 13 10 9 7 2 1 
	-> 1 2 3 4 5 6 7 8 9 10 12 13 
Structure 737: 12 8 4 3 19 16 5 6 10 9 7 2 1 
	-> 1 2 3 4 5 6 7 8 9 10 12 16 19 
Structure 738: 12 8 4 3 5 6 13 10 9 7 2 1 
	-> 1 2 3 4 5 6 7 8 9 10 12 13 
Structure 739: 12 8 14 4 3 19 16 5 6 13 10 9 7 2 1 
	-> 1 2 3 4 5 6 7 8 9 10 12 13 14 16 19 
Structure 740: 12 8 4 3 16 5 6 10 9 7 2 1 
	-> 1 2 3 4 5 6 7 8 9 10 12 16 
Structure 741: 18 17 27 11 8 4 3 5 6 21 9 7 2 1 
	-> 1 2 3 4 5 6 7 8 9 11 17 18 
Structure 742: 15 11 8 4 3 5 6 13 10 9 7 2 1 
	-> 1 2 3 4 5 6 7 8 9 10 11 13 15 
Structure 743: 12 8 4 3 19 16 5 6 21 9 7 2 1 
	-> 1 2 3 4 5 6 7 8 9 12 16 19 
Structure 744: 44 17 27 61 11 8 4 3 5 6 10 9 7 2 1 
	-> 1 2 3 4 5 6 7 8 9 10 11 17 
Structure 745: 18 17 11 8 4 3 5 6 21 7 2 1 
	-> 1 2 3 4 5 6 7 8 11 17 18 
Structure 746: 12 8 14 4 3 19 16 5 6 10 9 7 2 1 
	-> 1 2 3 4 5 6 7 8 9 10 12 14 16 19 
Structure 747: 18 15 11 8 4 3 5 6 10 9 7 2 1 
	-> 1 2 3 4 5 6 7 8 9 10 11 15 18 
Structure 748: 18 17 11 8 4 3 5 6 10 9 7 2 1 
	-> 1 2 3 4 5 6 7 8 9 10 11 17 18 
Structure 749: 12 8 4 3 19 16 5 6 21 9 7 2 1 
	-> 1 2 3 4 5 6 7 8 9 12 16 19 
Structure 750: 18 17 11 8 4 3 5 6 13 10 9 7 2 1 
	-> 1 2 3 4 5 6 7 8 9 10 11 13 17 18 
Structure 751: 15 11 8 4 3 5 6 13 10 9 7 2 1 
	-> 1 2 3 4 5 6 7 8 9 10 11 13 15 
Structure 752: 18 17 11 8 4 3 5 6 10 9 7 2 1 
	-> 1 2 3 4 5 6 7 8 9 10 11 17 18 
Structure 753: 18 17 11 8 4 62 5 6 10 9 7 2 1 
	-> 1 2 4 5 6 7 8 9 10 11 17 18 
Structure 754: 12 8 14 4 76 3 19 16 5 6 13 10 9 7 2 1 
	-> 1 2 3 4 5 6 7 8 9 10 12 13 14 16 19 
Structure 755: 20 11 22 8 4 3 5 6 10 9 7 2 1 
	-> 1 2 3 4 5 6 7 8 9 10 11 
Structure 756: 18 17 11 8 4 3 5 6 13 10 9 7 2 1 
	-> 1 2 3 4 5 6 7 8 9 10 11 13 17 18 
Structure 757: 17 11 8 4 3 5 6 10 9 7 2 39 1 
	-> 1 2 3 4 5 6 7 8 9 10 11 17 
Structure 758: 12 8 4 3 19 16 5 6 13 10 9 7 2 1 
	-> 1 2 3 4 5 6 7 8 9 10 12 13 16 19 
Structure 759: 12 11 22 8 4 3 5 6 21 7 2 1 
	-> 1 2 3 4 5 6 7 8 11 12 
Structure 760: 12 8 4 3 5 6 9 7 2 1 
	-> 1 2 3 4 5 6 7 8 9 12 
Structure 761: 12 8 4 3 5 6 13 10 9 7 2 1 
	-> 1 2 3 4 5 6 7 8 9 10 12 13 
Structure 762: 18 17 11 8 14 4 3 5 6 10 9 7 2 1 
	-> 1 2 3 4 5 6 7 8 9 10 11 14 17 18 
Structure 763: 15 11 22 8 4 3 5 6 13 10 9 7 2 1 
	-> 1 2 3 4 5 6 7 8 9 10 11 13 15 
Structure 764: 18 17 11 8 4 3 5 6 13 10 9 7 2 1 
	-> 1 2 3 4 5 6 7 8 9 10 11 13 17 18 
Structure 765: 12 23 14 4 3 5 6 10 9 7 2 1 
	-> 1 2 3 4 5 6 7 9 10 12 14 
Structure 766: 12 8 14 4 3 19 16 5 6 10 9 7 2 1 
	-> 1 2 3 4 5 6 7 8 9 10 12 14 16 19 
Structure 767: 17 11 8 4 3 5 6 10 9 7 2 1 
	-> 1 2 3 4 5 6 7 8 9 10 11 17 
Structure 768: 12 8 4 3 16 5 6 13 10 9 7 2 1 
	-> 1 2 3 4 5 6 7 8 9 10 12 13 16 
Structure 769: 18 17 11 8 4 3 5 6 13 9 7 2 1 
	-> 1 2 3 4 5 6 7 8 9 11 13 17 18 
Structure 770: 12 8 14 4 3 5 6 21 36 37 2 1 
	-> 1 2 3 4 5 6 8 12 14 
Structure 771: 15 11 8 14 4 3 5 6 10 9 7 2 1 
	-> 1 2 3 4 5 6 7 8 9 10 11 14 15 
Structure 772: 15 11 8 4 3 5 6 13 10 9 7 2 1 
	-> 1 2 3 4 5 6 7 8 9 10 11 13 15 
Structure 773: 18 17 11 8 4 3 5 6 10 9 7 2 1 
	-> 1 2 3 4 5 6 7 8 9 10 11 17 18 
Structure 774: 18 17 27 11 8 4 3 5 6 10 9 7 2 1 
	-> 1 2 3 4 5 6 7 8 9 10 11 17 18 
Structure 775: 15 11 8 14 4 3 5 6 10 9 7 2 1 
	-> 1 2 3 4 5 6 7 8 9 10 11 14 15 
Structure 776: 20 11 8 4 3 5 6 13 10 9 7 2 1 
	-> 1 2 3 4 5 6 7 8 9 10 11 13 
Structure 777: 15 11 8 14 4 3 5 6 13 10 9 7 2 1 
	-> 1 2 3 4 5 6 7 8 9 10 11 13 14 15 
Structure 778: 12 8 4 3 16 5 6 10 9 7 2 1 
	-> 1 2 3 4 5 6 7 8 9 10 12 16 
Structure 779: 12 8 14 4 3 19 16 5 6 13 10 9 7 2 1 
	-> 1 2 3 4 5 6 7 8 9 10 12 13 14 16 19 
Structure 780: 15 11 8 4 3 5 6 10 9 7 2 1 
	-> 1 2 3 4 5 6 7 8 9 10 11 15 
Structure 781: 12 8 14 4 3 69 5 6 13 10 9 7 2 1 
	-> 1 2 3 4 5 6 7 8 9 10 12 13 14 
Structure 782: 20 11 8 4 3 28 5 6 10 9 7 2 1 
	-> 1 2 3 4 5 6 7 8 9 10 11 
Structure 783: 18 17 11 8 4 3 5 6 10 9 7 2 1 
	-> 1 2 3 4 5 6 7 8 9 10 11 17 18 
Structure 784: 18 17 11 8 4 3 5 6 10 9 7 2 1 
	-> 1 2 3 4 5 6 7 8 9 10 11 17 18 
Structure 785: 18 17 11 63 8 4 3 5 6 58 10 9 7 2 1 
	-> 1 2 3 4 5 6 7 8 9 10 11 17 18 
Structure 786: 32 15 11 8 14 4 3 5 6 13 10 9 7 2 1 
	-> 1 2 3 4 5 6 7 8 9 10 11 13 14 15 
Structure 787: 12 8 4 3 16 5 6 10 9 7 2 1 
	-> 1 2 3 4 5 6 7 8 9 10 12 16 
Structure 788: 20 11 8 4 3 5 6 13 10 9 7 2 1 
	-> 1 2 3 4 5 6 7 8 9 10 11 13 
Structure 789: 12 8 14 4 3 19 16 5 6 10 9 7 2 1 
	-> 1 2 3 4 5 6 7 8 9 10 12 14 16 19 
Structure 790: 15 11 8 4 3 5 6 10 9 7 2 1 
	-> 1 2 3 4 5 6 7 8 9 10 11 15 
Structure 791: 32 15 11 22 8 4 3 5 6 13 10 9 7 2 1 
	-> 1 2 3 4 5 6 7 8 9 10 11 13 15 
Structure 792: 20 11 22 8 4 3 5 6 13 10 9 7 2 1 
	-> 1 2 3 4 5 6 7 8 9 10 11 13 
Structure 793: 15 11 8 14 4 3 5 6 21 9 7 2 1 
	-> 1 2 3 4 5 6 7 8 9 11 14 15 
Structure 794: 12 14 4 3 19 16 5 6 21 9 7 2 1 
	-> 1 2 3 4 5 6 7 9 12 14 16 19 
Structure 795: 20 11 8 4 3 5 6 10 9 7 2 1 
	-> 1 2 3 4 5 6 7 8 9 10 11 
Structure 796: 12 22 8 4 3 34 43 30 9 7 2 1 
	-> 1 2 3 4 7 8 9 12 
Structure 797: 12 8 14 4 3 130 5 6 10 9 7 2 1 
	-> 1 2 3 4 5 6 7 8 9 10 12 14 
Structure 798: 54 18 17 11 8 4 3 5 6 10 9 7 2 1 
	-> 1 2 3 4 5 6 7 8 9 10 11 17 18 
Structure 799: 18 17 11 8 14 4 3 5 6 10 9 7 2 1 
	-> 1 2 3 4 5 6 7 8 9 10 11 14 17 18 
Structure 800: 12 14 4 3 19 16 5 6 10 9 7 2 1 
	-> 1 2 3 4 5 6 7 9 10 12 14 16 19 
Structure 801: 12 23 14 4 3 5 6 10 9 7 2 1 
	-> 1 2 3 4 5 6 7 9 10 12 14 
Structure 802: 18 17 11 8 14 4 3 29 5 56 24 26 25 2 1 
	-> 1 2 3 4 5 8 11 14 17 18 
Structure 803: 18 17 11 8 4 3 5 6 10 9 7 2 1 
	-> 1 2 3 4 5 6 7 8 9 10 11 17 18 
Structure 804: 12 8 14 4 3 19 16 5 6 10 9 7 2 1 
	-> 1 2 3 4 5 6 7 8 9 10 12 14 16 19 
Structure 805: 18 17 11 8 4 3 5 6 13 10 9 7 2 1 
	-> 1 2 3 4 5 6 7 8 9 10 11 13 17 18 
Structure 806: 18 17 11 8 4 3 5 6 10 9 7 2 1 
	-> 1 2 3 4 5 6 7 8 9 10 11 17 18 
Structure 807: 20 11 8 4 3 5 6 10 9 7 2 1 
	-> 1 2 3 4 5 6 7 8 9 10 11 
Structure 808: 15 11 8 4 3 5 6 10 9 7 2 1 
	-> 1 2 3 4 5 6 7 8 9 10 11 15 
Structure 809: 12 8 4 3 19 16 5 6 13 10 9 7 2 1 
	-> 1 2 3 4 5 6 7 8 9 10 12 13 16 19 
Structure 810: 12 8 4 3 19 16 5 6 10 9 7 2 1 
	-> 1 2 3 4 5 6 7 8 9 10 12 16 19 
Structure 811: 15 11 8 4 3 5 6 10 9 7 2 39 1 
	-> 1 2 3 4 5 6 7 8 9 10 11 15 
Structure 812: 17 11 8 4 3 5 6 13 10 9 7 2 1 
	-> 1 2 3 4 5 6 7 8 9 10 11 13 17 
Structure 813: 15 11 22 8 4 3 5 6 10 9 7 2 1 
	-> 1 2 3 4 5 6 7 8 9 10 11 15 
Structure 814: 17 11 8 4 3 5 6 10 9 7 2 1 
	-> 1 2 3 4 5 6 7 8 9 10 11 17 
Structure 815: 15 11 8 4 3 5 6 13 10 9 7 2 1 
	-> 1 2 3 4 5 6 7 8 9 10 11 13 15 
Structure 816: 18 17 11 8 14 4 3 5 6 13 10 9 7 2 1 
	-> 1 2 3 4 5 6 7 8 9 10 11 13 14 17 18 
Structure 817: 18 17 11 8 14 4 3 29 5 6 13 10 9 7 2 1 
	-> 1 2 3 4 5 6 7 8 9 10 11 13 14 17 18 
Structure 818: 20 11 8 14 4 3 5 6 13 10 9 7 2 1 
	-> 1 2 3 4 5 6 7 8 9 10 11 13 14 
Structure 819: 131 47 11 8 14 4 3 48 25 2 1 
	-> 1 2 3 4 8 11 14 
Structure 820: 12 8 4 3 19 16 5 6 10 9 7 2 1 
	-> 1 2 3 4 5 6 7 8 9 10 12 16 19 
Structure 821: 33 15 11 8 14 4 3 5 6 21 7 2 1 
	-> 1 2 3 4 5 6 7 8 11 14 15 
Structure 822: 33 49 11 8 4 3 5 6 10 9 7 2 1 
	-> 1 2 3 4 5 6 7 8 9 10 11 
Structure 823: 18 17 11 8 14 4 3 5 6 10 9 7 2 1 
	-> 1 2 3 4 5 6 7 8 9 10 11 14 17 18 
Structure 824: 18 15 11 8 4 3 5 6 10 9 7 2 1 
	-> 1 2 3 4 5 6 7 8 9 10 11 15 18 
Structure 825: 12 22 8 4 3 16 5 6 13 10 9 7 2 1 
	-> 1 2 3 4 5 6 7 8 9 10 12 13 16 
Structure 826: 12 8 4 3 19 16 5 6 10 9 7 2 1 
	-> 1 2 3 4 5 6 7 8 9 10 12 16 19 
Structure 827: 17 11 22 8 4 3 5 6 10 9 7 2 1 
	-> 1 2 3 4 5 6 7 8 9 10 11 17 
Structure 828: 17 11 8 4 3 29 5 6 10 9 7 2 1 
	-> 1 2 3 4 5 6 7 8 9 10 11 17 
Structure 829: 12 23 14 4 3 16 5 6 13 10 9 7 2 1 
	-> 1 2 3 4 5 6 7 9 10 12 13 14 16 
Structure 830: 12 132 8 4 3 19 16 5 6 10 9 7 2 1 
	-> 1 2 3 4 5 6 7 8 9 10 12 16 19 
Structure 831: 15 11 8 4 3 5 6 10 9 7 2 1 
	-> 1 2 3 4 5 6 7 8 9 10 11 15 
Structure 832: 20 11 8 4 3 5 6 13 10 9 7 2 1 
	-> 1 2 3 4 5 6 7 8 9 10 11 13 
Structure 833: 12 8 4 3 19 16 5 6 13 10 9 7 2 1 
	-> 1 2 3 4 5 6 7 8 9 10 12 13 16 19 
Structure 834: 15 11 8 4 3 5 6 13 10 9 7 2 1 
	-> 1 2 3 4 5 6 7 8 9 10 11 13 15 
Structure 835: 12 23 14 4 3 5 6 10 9 7 2 1 
	-> 1 2 3 4 5 6 7 9 10 12 14 
Structure 836: 12 8 14 4 3 19 16 5 6 13 10 9 7 2 1 
	-> 1 2 3 4 5 6 7 8 9 10 12 13 14 16 19 
Structure 837: 15 11 8 4 3 5 6 10 9 7 2 1 
	-> 1 2 3 4 5 6 7 8 9 10 11 15 
Structure 838: 64 15 11 8 4 3 5 6 10 9 7 2 1 
	-> 1 2 3 4 5 6 7 8 9 10 11 15 
Structure 839: 15 11 8 4 3 5 6 13 10 9 7 2 1 
	-> 1 2 3 4 5 6 7 8 9 10 11 13 15 
Structure 840: 12 8 4 3 5 6 10 9 7 2 1 
	-> 1 2 3 4 5 6 7 8 9 10 12 
Structure 841: 12 8 4 3 19 16 5 6 10 9 7 2 1 
	-> 1 2 3 4 5 6 7 8 9 10 12 16 19 
Structure 842: 18 17 11 8 14 4 3 5 6 10 9 7 2 1 
	-> 1 2 3 4 5 6 7 8 9 10 11 14 17 18 
Structure 843: 15 11 22 8 4 3 5 6 13 10 9 7 2 1 
	-> 1 2 3 4 5 6 7 8 9 10 11 13 15 
Structure 844: 15 11 8 4 3 5 6 13 10 9 7 2 1 
	-> 1 2 3 4 5 6 7 8 9 10 11 13 15 
Structure 845: 18 17 11 8 14 4 3 5 6 21 7 2 1 
	-> 1 2 3 4 5 6 7 8 11 14 17 18 
Structure 846: 15 11 8 14 4 3 5 6 10 9 7 2 1 
	-> 1 2 3 4 5 6 7 8 9 10 11 14 15 
Structure 847: 18 17 11 8 4 3 5 6 10 9 7 2 1 
	-> 1 2 3 4 5 6 7 8 9 10 11 17 18 
Structure 848: 12 8 4 3 16 5 6 13 10 9 7 2 1 
	-> 1 2 3 4 5 6 7 8 9 10 12 13 16 
Structure 849: 12 8 14 4 3 16 5 6 13 10 9 7 2 1 
	-> 1 2 3 4 5 6 7 8 9 10 12 13 14 16 
Structure 850: 18 17 11 8 14 4 3 5 6 10 9 7 2 1 
	-> 1 2 3 4 5 6 7 8 9 10 11 14 17 18 
Structure 851: 15 11 8 4 3 5 6 13 10 9 7 2 1 
	-> 1 2 3 4 5 6 7 8 9 10 11 13 15 
Structure 852: 12 8 4 3 5 6 13 10 9 7 2 1 
	-> 1 2 3 4 5 6 7 8 9 10 12 13 
Structure 853: 12 8 14 4 3 5 6 13 10 9 7 2 1 
	-> 1 2 3 4 5 6 7 8 9 10 12 13 14 
Structure 854: 18 17 27 11 8 14 4 3 5 6 10 9 7 2 1 
	-> 1 2 3 4 5 6 7 8 9 10 11 14 17 18 
Structure 855: 32 15 11 8 31 3 5 6 10 9 7 2 1 
	-> 1 2 3 5 6 7 8 9 10 11 15 
Structure 856: 20 11 8 14 4 3 5 6 13 10 9 7 2 1 
	-> 1 2 3 4 5 6 7 8 9 10 11 13 14 
Structure 857: 15 11 8 14 4 3 5 6 10 36 53 2 1 
	-> 1 2 3 4 5 6 8 10 11 14 15 
Structure 858: 35 15 11 22 8 4 3 5 6 10 9 7 2 1 
	-> 1 2 3 4 5 6 7 8 9 10 11 15 
Structure 859: 15 11 8 14 4 3 5 6 10 9 7 2 1 
	-> 1 2 3 4 5 6 7 8 9 10 11 14 15 
Structure 860: 18 17 11 8 4 3 5 6 10 9 7 2 1 
	-> 1 2 3 4 5 6 7 8 9 10 11 17 18 
Structure 861: 15 11 22 8 4 3 5 6 13 10 9 7 2 1 
	-> 1 2 3 4 5 6 7 8 9 10 11 13 15 
Structure 862: 18 17 11 22 8 4 3 24 26 25 2 1 
	-> 1 2 3 4 8 11 17 18 
Structure 863: 15 11 8 4 3 5 6 21 9 7 2 1 
	-> 1 2 3 4 5 6 7 8 9 11 15 
Structure 864: 33 15 11 8 4 3 5 6 10 9 7 2 1 
	-> 1 2 3 4 5 6 7 8 9 10 11 15 
Structure 865: 12 23 14 4 3 5 6 10 9 7 2 38 1 
	-> 1 2 3 4 5 6 7 9 10 12 14 
Structure 866: 15 11 8 4 3 5 6 10 9 7 2 1 
	-> 1 2 3 4 5 6 7 8 9 10 11 15 
Structure 867: 32 15 11 22 8 14 4 3 5 6 10 9 7 2 1 
	-> 1 2 3 4 5 6 7 8 9 10 11 14 15 
Structure 868: 18 17 11 8 14 4 3 5 6 13 10 9 7 2 1 
	-> 1 2 3 4 5 6 7 8 9 10 11 13 14 17 18 
Structure 869: 15 11 8 14 4 3 5 6 10 9 7 2 1 
	-> 1 2 3 4 5 6 7 8 9 10 11 14 15 
Structure 870: 18 17 11 8 4 3 5 6 10 9 7 2 1 
	-> 1 2 3 4 5 6 7 8 9 10 11 17 18 
Structure 871: 12 23 14 4 3 5 6 10 9 7 2 1 
	-> 1 2 3 4 5 6 7 9 10 12 14 
Structure 872: 18 17 11 8 14 4 3 5 30 9 7 2 1 
	-> 1 2 3 4 5 7 8 9 11 14 17 18 
Structure 873: 15 11 8 4 3 5 6 13 10 9 7 2 1 
	-> 1 2 3 4 5 6 7 8 9 10 11 13 15 
Structure 874: 12 8 14 4 3 19 16 5 6 13 10 9 7 2 1 
	-> 1 2 3 4 5 6 7 8 9 10 12 13 14 16 19 
Structure 875: 12 8 14 4 3 19 16 5 6 10 9 7 2 1 
	-> 1 2 3 4 5 6 7 8 9 10 12 14 16 19 
Structure 876: 12 23 14 4 3 16 5 6 13 10 9 7 2 1 
	-> 1 2 3 4 5 6 7 9 10 12 13 14 16 
Structure 877: 12 8 14 4 3 16 5 6 10 9 7 2 1 
	-> 1 2 3 4 5 6 7 8 9 10 12 14 16 
Structure 878: 15 11 8 14 4 3 5 6 10 9 7 2 1 
	-> 1 2 3 4 5 6 7 8 9 10 11 14 15 
Structure 879: 15 11 8 4 3 5 6 10 9 7 2 1 
	-> 1 2 3 4 5 6 7 8 9 10 11 15 
Structure 880: 12 8 14 4 3 19 16 5 6 10 9 7 2 1 
	-> 1 2 3 4 5 6 7 8 9 10 12 14 16 19 
Structure 881: 15 11 8 4 3 5 6 13 10 9 7 2 1 
	-> 1 2 3 4 5 6 7 8 9 10 11 13 15 
Structure 882: 12 8 4 3 80 43 30 9 7 2 1 
	-> 1 2 3 4 7 8 9 12 
Structure 883: 64 33 15 11 8 4 3 5 6 10 9 7 2 1 
	-> 1 2 3 4 5 6 7 8 9 10 11 15 
Structure 884: 20 11 8 14 4 3 5 6 13 10 9 7 2 1 
	-> 1 2 3 4 5 6 7 8 9 10 11 13 14 
Structure 885: 15 11 8 14 4 3 5 6 133 66 50 7 2 1 
	-> 1 2 3 4 5 6 7 8 11 14 15 
Structure 886: 12 51 8 4 3 16 5 6 10 9 7 2 1 
	-> 1 2 3 4 5 6 7 8 9 10 12 16 
Structure 887: 12 8 4 3 16 5 6 10 9 7 2 1 
	-> 1 2 3 4 5 6 7 8 9 10 12 16 
Structure 888: 18 17 11 8 14 4 3 5 6 10 9 7 2 1 
	-> 1 2 3 4 5 6 7 8 9 10 11 14 17 18 
Structure 889: 15 11 22 8 4 3 5 6 21 9 7 2 1 
	-> 1 2 3 4 5 6 7 8 9 11 15 
Structure 890: 12 8 4 3 16 5 6 13 10 9 7 2 1 
	-> 1 2 3 4 5 6 7 8 9 10 12 13 16 
Structure 891: 15 11 8 4 3 5 6 10 9 7 2 1 
	-> 1 2 3 4 5 6 7 8 9 10 11 15 
Structure 892: 15 11 8 4 3 5 6 9 7 2 1 
	-> 1 2 3 4 5 6 7 8 9 11 15 
Structure 893: 12 23 14 4 3 5 6 10 9 7 2 1 
	-> 1 2 3 4 5 6 7 9 10 12 14 
Structure 894: 15 11 8 14 4 3 5 6 10 9 7 2 1 
	-> 1 2 3 4 5 6 7 8 9 10 11 14 15 
Structure 895: 12 8 14 4 3 19 16 5 6 10 9 7 2 1 
	-> 1 2 3 4 5 6 7 8 9 10 12 14 16 19 
Structure 896: 12 23 14 4 3 5 6 13 10 9 7 2 1 
	-> 1 2 3 4 5 6 7 9 10 12 13 14 
Structure 897: 12 8 4 3 16 5 6 21 9 7 2 1 
	-> 1 2 3 4 5 6 7 8 9 12 16 
Structure 898: 12 8 4 3 16 5 6 13 10 9 7 2 1 
	-> 1 2 3 4 5 6 7 8 9 10 12 13 16 
Structure 899: 15 11 8 4 3 5 6 13 10 9 7 2 1 
	-> 1 2 3 4 5 6 7 8 9 10 11 13 15 
Structure 900: 15 40 11 8 4 3 5 6 10 9 7 2 1 
	-> 1 2 3 4 5 6 7 8 9 10 11 15 
Structure 901: 15 11 8 4 3 28 5 6 13 10 9 7 2 1 
	-> 1 2 3 4 5 6 7 8 9 10 11 13 15 
Structure 902: 20 11 8 4 3 5 6 13 10 9 7 2 1 
	-> 1 2 3 4 5 6 7 8 9 10 11 13 
Structure 903: 18 17 27 11 14 4 3 5 6 13 10 9 7 2 1 
	-> 1 2 3 4 5 6 7 9 10 11 13 14 17 18 
Structure 904: 15 11 8 4 3 5 6 13 10 9 7 2 1 
	-> 1 2 3 4 5 6 7 8 9 10 11 13 15 
Structure 905: 134 12 22 8 14 4 3 5 6 21 36 37 2 1 
	-> 1 2 3 4 5 6 8 12 14 
Structure 906: 18 17 11 8 14 4 3 5 6 10 9 7 2 1 
	-> 1 2 3 4 5 6 7 8 9 10 11 14 17 18 
Structure 907: 18 17 11 8 4 3 5 6 13 10 36 135 37 2 1 
	-> 1 2 3 4 5 6 8 10 11 13 17 18 
Structure 908: 12 8 14 4 3 19 16 5 6 10 9 7 2 1 
	-> 1 2 3 4 5 6 7 8 9 10 12 14 16 19 
Structure 909: 12 8 14 4 3 16 5 6 21 7 2 1 
	-> 1 2 3 4 5 6 7 8 12 14 16 
Structure 910: 18 17 11 8 4 3 5 6 10 9 7 2 1 
	-> 1 2 3 4 5 6 7 8 9 10 11 17 18 
Structure 911: 15 11 8 4 3 5 6 10 9 7 2 1 
	-> 1 2 3 4 5 6 7 8 9 10 11 15 
Structure 912: 18 17 11 8 14 4 3 5 6 13 10 9 7 2 1 
	-> 1 2 3 4 5 6 7 8 9 10 11 13 14 17 18 
Structure 913: 15 11 8 4 3 5 6 13 10 9 7 2 1 
	-> 1 2 3 4 5 6 7 8 9 10 11 13 15 
Structure 914: 12 8 14 4 3 19 16 5 6 13 10 9 7 2 1 
	-> 1 2 3 4 5 6 7 8 9 10 12 13 14 16 19 
Structure 915: 12 8 14 4 3 5 6 10 9 7 2 1 
	-> 1 2 3 4 5 6 7 8 9 10 12 14 
Structure 916: 12 23 14 4 3 19 16 5 6 13 10 9 7 2 1 
	-> 1 2 3 4 5 6 7 9 10 12 13 14 16 19 
Structure 917: 35 15 11 8 4 3 5 6 10 9 7 2 1 
	-> 1 2 3 4 5 6 7 8 9 10 11 15 
Structure 918: 12 23 14 4 3 19 16 5 6 13 10 9 7 2 1 
	-> 1 2 3 4 5 6 7 9 10 12 13 14 16 19 
Structure 919: 18 17 73 11 8 4 3 5 6 13 10 9 7 2 1 
	-> 1 2 3 4 5 6 7 8 9 10 11 13 17 18 
Structure 920: 33 15 11 8 4 3 5 6 10 9 7 2 1 
	-> 1 2 3 4 5 6 7 8 9 10 11 15 
Structure 921: 12 8 14 4 3 19 16 5 6 10 9 7 2 1 
	-> 1 2 3 4 5 6 7 8 9 10 12 14 16 19 
Structure 922: 15 11 8 4 3 5 6 13 10 9 7 2 1 
	-> 1 2 3 4 5 6 7 8 9 10 11 13 15 
Structure 923: 15 11 8 4 3 5 6 13 9 7 2 1 
	-> 1 2 3 4 5 6 7 8 9 11 13 15 
Structure 924: 18 17 11 8 4 3 5 6 13 10 9 7 2 1 
	-> 1 2 3 4 5 6 7 8 9 10 11 13 17 18 
Structure 925: 18 17 11 8 14 4 3 5 6 13 9 7 2 1 
	-> 1 2 3 4 5 6 7 8 9 11 13 14 17 18 
Structure 926: 15 11 8 31 3 5 6 13 10 9 7 2 1 
	-> 1 2 3 5 6 7 8 9 10 11 13 15 
Structure 927: 15 11 8 4 3 5 6 13 10 9 7 2 1 
	-> 1 2 3 4 5 6 7 8 9 10 11 13 15 
Structure 928: 18 17 11 8 4 3 29 5 6 13 10 9 7 2 1 
	-> 1 2 3 4 5 6 7 8 9 10 11 13 17 18 
Structure 929: 15 11 8 4 3 5 30 9 7 2 1 
	-> 1 2 3 4 5 7 8 9 11 15 
Structure 930: 18 17 11 8 4 3 5 6 10 9 7 2 1 
	-> 1 2 3 4 5 6 7 8 9 10 11 17 18 
Structure 931: 18 17 11 8 4 3 5 6 13 10 9 7 2 1 
	-> 1 2 3 4 5 6 7 8 9 10 11 13 17 18 
Structure 932: 17 27 61 11 8 4 3 5 6 10 9 7 2 1 
	-> 1 2 3 4 5 6 7 8 9 10 11 17 
Structure 933: 78 79 49 11 8 4 3 5 6 10 9 7 1 
	-> 1 3 4 5 6 7 8 9 10 11 
Structure 934: 18 17 11 8 4 3 5 6 10 9 7 2 1 
	-> 1 2 3 4 5 6 7 8 9 10 11 17 18 
Structure 935: 15 11 8 14 4 3 5 6 10 9 7 2 1 
	-> 1 2 3 4 5 6 7 8 9 10 11 14 15 
Structure 936: 32 84 52 11 8 4 3 136 24 26 59 2 1 
	-> 1 2 3 4 8 11 
Structure 937: 12 8 4 3 5 6 10 9 7 2 1 
	-> 1 2 3 4 5 6 7 8 9 10 12 
Structure 938: 12 41 8 4 3 16 5 6 21 9 7 2 1 
	-> 1 2 3 4 5 6 7 8 9 12 16 
Structure 939: 137 15 11 8 4 3 5 6 10 9 7 2 1 
	-> 1 2 3 4 5 6 7 8 9 10 11 15 
Structure 940: 20 11 8 14 4 3 5 6 13 10 9 7 2 1 
	-> 1 2 3 4 5 6 7 8 9 10 11 13 14 
Structure 941: 12 8 4 3 19 16 5 6 10 9 7 2 1 
	-> 1 2 3 4 5 6 7 8 9 10 12 16 19 
Structure 942: 20 11 8 14 4 3 5 6 21 7 2 1 
	-> 1 2 3 4 5 6 7 8 11 14 
Structure 943: 12 8 4 3 19 16 5 6 10 9 7 2 1 
	-> 1 2 3 4 5 6 7 8 9 10 12 16 19 
Structure 944: 44 17 11 8 4 3 5 6 13 10 9 7 2 1 
	-> 1 2 3 4 5 6 7 8 9 10 11 13 17 
Structure 945: 15 11 22 8 4 3 5 6 10 9 7 2 1 
	-> 1 2 3 4 5 6 7 8 9 10 11 15 
Structure 946: 18 17 27 11 8 4 3 5 6 13 10 9 7 2 1 
	-> 1 2 3 4 5 6 7 8 9 10 11 13 17 18 
Structure 947: 18 17 11 8 4 3 5 6 10 9 7 2 1 
	-> 1 2 3 4 5 6 7 8 9 10 11 17 18 
Structure 948: 20 11 8 4 3 5 6 10 9 7 2 1 
	-> 1 2 3 4 5 6 7 8 9 10 11 
Structure 949: 12 8 4 3 5 6 13 10 9 7 2 1 
	-> 1 2 3 4 5 6 7 8 9 10 12 13 
Structure 950: 15 11 8 4 3 5 6 10 9 7 2 1 
	-> 1 2 3 4 5 6 7 8 9 10 11 15 
Structure 951: 15 11 22 8 4 3 5 6 13 10 9 7 2 1 
	-> 1 2 3 4 5 6 7 8 9 10 11 13 15 
Structure 952: 18 15 11 8 4 3 5 6 10 9 7 2 1 
	-> 1 2 3 4 5 6 7 8 9 10 11 15 18 
Structure 953: 18 17 11 8 4 3 5 6 13 10 9 7 2 39 1 
	-> 1 2 3 4 5 6 7 8 9 10 11 13 17 18 
Structure 954: 18 17 11 8 4 3 5 6 13 10 9 7 2 1 
	-> 1 2 3 4 5 6 7 8 9 10 11 13 17 18 
Structure 955: 18 17 11 8 14 4 3 5 6 10 9 7 2 38 1 
	-> 1 2 3 4 5 6 7 8 9 10 11 14 17 18 
Structure 956: 12 8 4 3 19 16 5 6 13 10 9 7 2 1 
	-> 1 2 3 4 5 6 7 8 9 10 12 13 16 19 
Structure 957: 12 8 4 3 5 6 10 9 7 2 1 
	-> 1 2 3 4 5 6 7 8 9 10 12 
Structure 958: 18 17 11 8 14 4 3 5 6 13 10 9 7 2 1 
	-> 1 2 3 4 5 6 7 8 9 10 11 13 14 17 18 
Structure 959: 18 17 11 8 4 3 5 6 10 9 7 2 1 
	-> 1 2 3 4 5 6 7 8 9 10 11 17 18 
Structure 960: 15 11 22 8 4 3 5 6 13 10 9 7 2 38 1 
	-> 1 2 3 4 5 6 7 8 9 10 11 13 15 
Structure 961: 20 11 8 4 3 5 6 13 10 9 7 2 1 
	-> 1 2 3 4 5 6 7 8 9 10 11 13 
Structure 962: 12 8 4 3 19 16 5 6 13 10 9 7 2 1 
	-> 1 2 3 4 5 6 7 8 9 10 12 13 16 19 
Structure 963: 18 17 11 8 14 4 3 5 6 10 9 7 2 1 
	-> 1 2 3 4 5 6 7 8 9 10 11 14 17 18 
Structure 964: 12 8 4 3 19 16 5 6 13 10 9 7 2 1 
	-> 1 2 3 4 5 6 7 8 9 10 12 13 16 19 
Structure 965: 12 8 4 3 16 5 6 10 9 7 2 1 
	-> 1 2 3 4 5 6 7 8 9 10 12 16 
Structure 966: 15 11 8 4 3 5 6 21 7 2 1 
	-> 1 2 3 4 5 6 7 8 11 15 
Structure 967: 12 23 14 4 3 5 6 10 9 7 2 1 
	-> 1 2 3 4 5 6 7 9 10 12 14 
Structure 968: 12 23 14 4 3 5 6 13 10 9 7 2 1 
	-> 1 2 3 4 5 6 7 9 10 12 13 14 
Structure 969: 12 8 4 3 5 6 10 9 7 2 1 
	-> 1 2 3 4 5 6 7 8 9 10 12 
Structure 970: 12 8 4 3 5 6 10 9 7 2 1 
	-> 1 2 3 4 5 6 7 8 9 10 12 
Structure 971: 18 17 11 8 14 4 3 5 45 30 9 7 2 1 
	-> 1 2 3 4 5 7 8 9 11 14 17 18 
Structure 972: 18 17 11 8 4 3 5 30 9 7 2 1 
	-> 1 2 3 4 5 7 8 9 11 17 18 
Structure 973: 20 11 8 4 3 5 6 10 9 7 2 1 
	-> 1 2 3 4 5 6 7 8 9 10 11 
Structure 974: 12 23 14 4 3 16 5 6 21 9 7 2 1 
	-> 1 2 3 4 5 6 7 9 12 14 16 
Structure 975: 12 8 14 4 3 16 5 6 10 9 7 2 1 
	-> 1 2 3 4 5 6 7 8 9 10 12 14 16 
Structure 976: 12 8 4 3 16 5 6 10 9 7 2 1 
	-> 1 2 3 4 5 6 7 8 9 10 12 16 
Structure 977: 12 8 31 3 34 43 30 9 7 2 1 
	-> 1 2 3 7 8 9 12 
Structure 978: 12 8 4 3 34 24 26 9 25 2 1 
	-> 1 2 3 4 8 9 12 
Structure 979: 44 17 11 8 4 3 5 6 10 9 7 2 1 
	-> 1 2 3 4 5 6 7 8 9 10 11 17 
Structure 980: 15 11 8 4 3 5 6 10 9 7 2 1 
	-> 1 2 3 4 5 6 7 8 9 10 11 15 
Structure 981: 12 8 14 4 3 19 16 5 6 10 9 7 2 1 
	-> 1 2 3 4 5 6 7 8 9 10 12 14 16 19 
Structure 982: 15 11 8 31 3 5 6 13 10 9 7 2 1 
	-> 1 2 3 5 6 7 8 9 10 11 13 15 
Structure 983: 15 11 8 4 3 5 6 13 10 9 7 2 1 
	-> 1 2 3 4 5 6 7 8 9 10 11 13 15 
Structure 984: 12 8 4 3 5 6 10 9 7 2 1 
	-> 1 2 3 4 5 6 7 8 9 10 12 
Structure 985: 18 17 11 8 4 3 29 5 6 10 9 7 2 1 
	-> 1 2 3 4 5 6 7 8 9 10 11 17 18 
Structure 986: 12 8 4 3 5 6 13 10 9 7 2 1 
	-> 1 2 3 4 5 6 7 8 9 10 12 13 
Structure 987: 12 23 14 4 3 16 5 6 10 9 7 2 1 
	-> 1 2 3 4 5 6 7 9 10 12 14 16 
Structure 988: 15 11 8 14 4 3 5 6 13 10 9 7 2 1 
	-> 1 2 3 4 5 6 7 8 9 10 11 13 14 15 
Structure 989: 15 11 22 8 4 3 5 6 10 9 7 2 1 
	-> 1 2 3 4 5 6 7 8 9 10 11 15 
Structure 990: 17 11 8 4 3 5 6 13 10 9 7 2 1 
	-> 1 2 3 4 5 6 7 8 9 10 11 13 17 
Structure 991: 15 11 8 14 4 3 5 6 9 7 2 1 
	-> 1 2 3 4 5 6 7 8 9 11 14 15 
Structure 992: 12 8 14 4 3 16 5 6 13 10 9 7 2 1 
	-> 1 2 3 4 5 6 7 8 9 10 12 13 14 16 
Structure 993: 12 8 4 3 16 5 6 21 7 2 1 
	-> 1 2 3 4 5 6 7 8 12 16 
Structure 994: 15 11 8 4 3 5 6 13 10 9 7 2 1 
	-> 1 2 3 4 5 6 7 8 9 10 11 13 15 
Structure 995: 20 11 8 4 3 5 6 10 9 7 2 1 
	-> 1 2 3 4 5 6 7 8 9 10 11 
Structure 996: 18 17 11 8 4 3 5 6 13 10 9 7 2 1 
	-> 1 2 3 4 5 6 7 8 9 10 11 13 17 18 
Structure 997: 12 8 4 3 19 16 5 45 30 9 7 2 1 
	-> 1 2 3 4 5 7 8 9 12 16 19 
Structure 998: 138 47 11 8 4 3 48 60 139 25 2 1 
	-> 1 2 3 4 8 11 
Structure 999: 12 8 4 3 19 16 5 6 10 9 7 2 1 
	-> 1 2 3 4 5 6 7 8 9 10 12 16 19 
Structure 1000: 12 8 4 3 16 5 6 13 9 7 2 1 
	-> 1 2 3 4 5 6 7 8 9 10 12 16 19  