Processing /nethome/akirkpatrick3/Research/RNA/profiling/RNAStructProfilingConsolidation/output/training/U1/P.polycephalum.1_sfold/input/P.polycephalum.1_sfold.out
Structure 1: 14 2 7 5 9 3 4 8 1 6 
	-> 1 2 3 4 5 6 7 8 9 14 
Structure 2: 2 7 5 10 3 4 8 1 6 
	-> 1 2 3 4 5 6 7 8 10 
Structure 3: 2 7 5 3 4 8 1 6 
	-> 1 2 3 4 5 6 7 8 
Structure 4: 2 7 5 10 9 3 4 8 1 6 
	-> 1 2 3 4 5 6 7 8 9 10 
Structure 5: 2 7 5 9 3 4 8 1 6 
	-> 1 2 3 4 5 6 7 8 9 
Structure 6: 2 7 5 11 3 4 8 1 6 
	-> 1 2 3 4 5 6 7 8 11 
Structure 7: 2 7 5 9 3 4 8 1 18 6 
	-> 1 2 3 4 5 6 7 8 9 
Structure 8: 2 7 5 3 4 8 1 6 
	-> 1 2 3 4 5 6 7 8 
Structure 9: 2 7 12 5 11 3 4 8 1 6 
	-> 1 2 3 4 5 6 7 8 11 12 
Structure 10: 14 2 7 5 10 3 4 8 1 6 
	-> 1 2 3 4 5 6 7 8 10 14 
Structure 11: 2 7 5 9 3 4 8 1 6 
	-> 1 2 3 4 5 6 7 8 9 
Structure 12: 2 7 5 3 4 8 1 6 
	-> 1 2 3 4 5 6 7 8 
Structure 13: 2 7 5 10 9 3 4 8 1 6 
	-> 1 2 3 4 5 6 7 8 9 10 
Structure 14: 14 2 7 12 5 10 3 4 8 1 6 
	-> 1 2 3 4 5 6 7 8 10 12 14 
Structure 15: 13 2 7 5 10 3 4 8 1 6 
	-> 1 2 3 4 5 6 7 8 10 13 
Structure 16: 2 7 12 5 9 3 4 8 1 6 
	-> 1 2 3 4 5 6 7 8 9 12 
Structure 17: 2 7 5 10 9 3 4 8 1 6 
	-> 1 2 3 4 5 6 7 8 9 10 
Structure 18: 13 2 7 5 3 4 8 1 6 
	-> 1 2 3 4 5 6 7 8 13 
Structure 19: 13 2 7 5 16 9 3 4 8 1 6 
	-> 1 2 3 4 5 6 7 8 9 13 
Structure 20: 2 7 5 9 3 4 8 1 6 
	-> 1 2 3 4 5 6 7 8 9 
Structure 21: 2 7 5 16 3 4 8 1 6 
	-> 1 2 3 4 5 6 7 8 
Structure 22: 14 39 2 7 5 11 9 3 4 8 1 6 
	-> 1 2 3 4 5 6 7 8 9 11 14 
Structure 23: 2 7 5 11 9 3 4 8 1 6 
	-> 1 2 3 4 5 6 7 8 9 11 
Structure 24: 2 7 5 16 3 4 8 1 6 
	-> 1 2 3 4 5 6 7 8 
Structure 25: 2 7 5 9 3 4 8 1 6 
	-> 1 2 3 4 5 6 7 8 9 
Structure 26: 14 2 7 5 9 3 4 8 1 6 
	-> 1 2 3 4 5 6 7 8 9 14 
Structure 27: 13 2 7 5 11 10 9 3 4 8 1 6 
	-> 1 2 3 4 5 6 7 8 9 10 11 13 
Structure 28: 2 7 5 9 3 4 8 1 6 
	-> 1 2 3 4 5 6 7 8 9 
Structure 29: 14 2 7 5 9 3 4 8 1 6 
	-> 1 2 3 4 5 6 7 8 9 14 
Structure 30: 20 2 7 12 5 9 3 4 8 1 6 
	-> 1 2 3 4 5 6 7 8 9 12 
Structure 31: 2 7 12 5 10 9 3 4 8 1 6 
	-> 1 2 3 4 5 6 7 8 9 10 12 
Structure 32: 13 2 7 5 9 3 4 1 6 
	-> 1 2 3 4 5 6 7 9 13 
Structure 33: 14 2 7 5 9 3 4 8 1 6 
	-> 1 2 3 4 5 6 7 8 9 14 
Structure 34: 2 7 5 10 3 4 8 1 6 
	-> 1 2 3 4 5 6 7 8 10 
Structure 35: 13 2 7 5 9 3 4 8 1 6 
	-> 1 2 3 4 5 6 7 8 9 13 
Structure 36: 13 2 7 5 9 3 4 8 1 6 
	-> 1 2 3 4 5 6 7 8 9 13 
Structure 37: 2 7 5 11 9 3 4 8 1 6 
	-> 1 2 3 4 5 6 7 8 9 11 
Structure 38: 14 2 7 12 5 11 9 3 4 8 1 6 
	-> 1 2 3 4 5 6 7 8 9 11 12 14 
Structure 39: 14 2 7 12 5 10 9 3 4 8 1 6 
	-> 1 2 3 4 5 6 7 8 9 10 12 14 
Structure 40: 2 7 5 10 9 3 4 8 1 6 
	-> 1 2 3 4 5 6 7 8 9 10 
Structure 41: 2 7 5 25 3 4 8 1 17 6 
	-> 1 2 3 4 5 6 7 8 
Structure 42: 2 7 5 9 3 4 8 1 6 
	-> 1 2 3 4 5 6 7 8 9 
Structure 43: 2 7 5 9 3 4 8 1 6 
	-> 1 2 3 4 5 6 7 8 9 
Structure 44: 2 7 5 10 9 3 4 8 1 6 
	-> 1 2 3 4 5 6 7 8 9 10 
Structure 45: 15 2 7 12 5 10 9 3 4 8 1 6 
	-> 1 2 3 4 5 6 7 8 9 10 12 
Structure 46: 2 7 5 9 3 4 8 1 6 
	-> 1 2 3 4 5 6 7 8 9 
Structure 47: 2 7 5 9 3 4 8 1 6 
	-> 1 2 3 4 5 6 7 8 9 
Structure 48: 2 7 12 5 9 3 4 8 1 6 
	-> 1 2 3 4 5 6 7 8 9 12 
Structure 49: 2 7 5 3 4 8 1 6 
	-> 1 2 3 4 5 6 7 8 
Structure 50: 2 7 5 9 3 4 8 1 6 
	-> 1 2 3 4 5 6 7 8 9 
Structure 51: 2 7 12 5 9 3 4 8 1 6 
	-> 1 2 3 4 5 6 7 8 9 12 
Structure 52: 2 7 5 10 9 3 4 8 1 6 
	-> 1 2 3 4 5 6 7 8 9 10 
Structure 53: 2 7 5 9 3 4 8 1 6 
	-> 1 2 3 4 5 6 7 8 9 
Structure 54: 2 7 12 5 10 9 3 4 8 1 6 
	-> 1 2 3 4 5 6 7 8 9 10 12 
Structure 55: 35 2 7 5 11 9 3 4 8 1 6 
	-> 1 2 3 4 5 6 7 8 9 11 
Structure 56: 2 7 5 10 9 3 4 8 1 6 
	-> 1 2 3 4 5 6 7 8 9 10 
Structure 57: 2 7 5 9 3 4 8 1 6 
	-> 1 2 3 4 5 6 7 8 9 
Structure 58: 13 2 7 5 9 3 4 8 1 6 
	-> 1 2 3 4 5 6 7 8 9 13 
Structure 59: 13 2 7 5 16 9 3 4 8 1 6 
	-> 1 2 3 4 5 6 7 8 9 13 
Structure 60: 2 7 5 10 9 3 4 8 1 6 
	-> 1 2 3 4 5 6 7 8 9 10 
Structure 61: 13 2 7 5 9 3 4 8 1 6 
	-> 1 2 3 4 5 6 7 8 9 13 
Structure 62: 2 7 5 9 3 4 8 1 6 
	-> 1 2 3 4 5 6 7 8 9 
Structure 63: 2 7 5 26 9 3 4 19 1 6 
	-> 1 2 3 4 5 6 7 9 
Structure 64: 2 7 12 5 3 4 8 1 6 
	-> 1 2 3 4 5 6 7 8 12 
Structure 65: 2 7 5 10 9 3 4 8 1 6 
	-> 1 2 3 4 5 6 7 8 9 10 
Structure 66: 2 7 5 10 9 3 4 8 1 6 
	-> 1 2 3 4 5 6 7 8 9 10 
Structure 67: 2 7 5 9 3 4 8 1 6 
	-> 1 2 3 4 5 6 7 8 9 
Structure 68: 2 7 12 5 9 3 4 8 1 6 
	-> 1 2 3 4 5 6 7 8 9 12 
Structure 69: 2 7 12 5 10 3 4 8 1 6 
	-> 1 2 3 4 5 6 7 8 10 12 
Structure 70: 2 7 12 5 11 9 3 4 8 1 6 
	-> 1 2 3 4 5 6 7 8 9 11 12 
Structure 71: 2 7 5 11 9 3 4 8 1 6 
	-> 1 2 3 4 5 6 7 8 9 11 
Structure 72: 13 2 7 5 3 4 8 1 6 
	-> 1 2 3 4 5 6 7 8 13 
Structure 73: 40 2 7 5 11 3 4 8 1 6 
	-> 1 2 3 4 5 6 7 8 11 
Structure 74: 2 7 5 9 3 4 19 1 6 
	-> 1 2 3 4 5 6 7 9 
Structure 75: 2 7 5 9 3 4 8 1 6 
	-> 1 2 3 4 5 6 7 8 9 
Structure 76: 2 7 5 11 3 4 8 1 6 
	-> 1 2 3 4 5 6 7 8 11 
Structure 77: 23 2 27 41 9 3 4 8 1 6 
	-> 1 2 3 4 6 8 9 
Structure 78: 2 7 5 9 3 4 8 1 6 
	-> 1 2 3 4 5 6 7 8 9 
Structure 79: 14 2 7 12 5 9 3 4 8 1 6 
	-> 1 2 3 4 5 6 7 8 9 12 14 
Structure 80: 2 7 5 3 4 8 1 6 
	-> 1 2 3 4 5 6 7 8 
Structure 81: 2 7 5 10 9 3 4 8 1 28 17 6 
	-> 1 2 3 4 5 6 7 8 9 10 
Structure 82: 2 7 5 11 9 3 4 8 1 6 
	-> 1 2 3 4 5 6 7 8 9 11 
Structure 83: 2 7 5 3 4 8 1 6 
	-> 1 2 3 4 5 6 7 8 
Structure 84: 2 7 5 11 10 9 3 4 8 1 6 
	-> 1 2 3 4 5 6 7 8 9 10 11 
Structure 85: 2 7 5 3 4 8 1 6 
	-> 1 2 3 4 5 6 7 8 
Structure 86: 15 2 7 5 11 3 4 8 1 6 
	-> 1 2 3 4 5 6 7 8 11 
Structure 87: 2 7 5 10 9 3 4 8 1 6 
	-> 1 2 3 4 5 6 7 8 9 10 
Structure 88: 13 2 7 5 10 9 3 4 22 8 1 18 6 
	-> 1 2 3 4 5 6 7 8 9 10 13 
Structure 89: 2 7 5 10 9 3 4 8 1 6 
	-> 1 2 3 4 5 6 7 8 9 10 
Structure 90: 13 2 7 5 9 3 4 8 1 6 
	-> 1 2 3 4 5 6 7 8 9 13 
Structure 91: 14 2 7 5 11 9 3 4 8 1 6 
	-> 1 2 3 4 5 6 7 8 9 11 14 
Structure 92: 13 2 7 5 10 9 3 4 8 1 6 
	-> 1 2 3 4 5 6 7 8 9 10 13 
Structure 93: 13 2 7 5 11 9 3 4 8 1 6 
	-> 1 2 3 4 5 6 7 8 9 11 13 
Structure 94: 13 2 7 5 10 9 3 4 8 1 6 
	-> 1 2 3 4 5 6 7 8 9 10 13 
Structure 95: 2 7 5 9 3 4 1 50 6 
	-> 1 2 3 4 5 6 7 9 
Structure 96: 2 7 5 9 3 4 8 1 6 
	-> 1 2 3 4 5 6 7 8 9 
Structure 97: 2 7 5 11 3 4 8 1 6 
	-> 1 2 3 4 5 6 7 8 11 
Structure 98: 2 7 5 10 3 4 8 1 6 
	-> 1 2 3 4 5 6 7 8 10 
Structure 99: 2 7 5 11 9 3 4 8 1 6 
	-> 1 2 3 4 5 6 7 8 9 11 
Structure 100: 14 2 7 5 3 4 8 1 6 
	-> 1 2 3 4 5 6 7 8 14 
Structure 101: 2 7 5 9 3 4 8 1 42 6 
	-> 1 2 3 4 5 6 7 8 9 
Structure 102: 2 7 5 3 4 8 1 18 6 
	-> 1 2 3 4 5 6 7 8 
Structure 103: 2 7 5 11 9 3 4 8 1 17 6 
	-> 1 2 3 4 5 6 7 8 9 11 
Structure 104: 2 7 5 11 9 3 4 8 1 6 
	-> 1 2 3 4 5 6 7 8 9 11 
Structure 105: 2 7 5 9 3 4 8 1 6 
	-> 1 2 3 4 5 6 7 8 9 
Structure 106: 2 7 5 10 9 3 4 8 1 6 
	-> 1 2 3 4 5 6 7 8 9 10 
Structure 107: 2 7 5 10 9 3 4 29 8 1 6 
	-> 1 2 3 4 5 6 7 8 9 10 
Structure 108: 2 7 5 3 4 8 1 6 
	-> 1 2 3 4 5 6 7 8 
Structure 109: 2 7 5 9 3 4 8 1 6 
	-> 1 2 3 4 5 6 7 8 9 
Structure 110: 2 7 5 11 9 3 4 8 1 18 6 
	-> 1 2 3 4 5 6 7 8 9 11 
Structure 111: 13 2 7 12 5 3 4 8 1 6 
	-> 1 2 3 4 5 6 7 8 12 13 
Structure 112: 2 7 12 5 10 9 3 4 8 1 6 
	-> 1 2 3 4 5 6 7 8 9 10 12 
Structure 113: 13 2 7 5 11 3 4 8 1 6 
	-> 1 2 3 4 5 6 7 8 11 13 
Structure 114: 13 2 7 5 9 3 4 19 1 6 
	-> 1 2 3 4 5 6 7 9 13 
Structure 115: 13 2 7 5 9 3 4 8 1 6 
	-> 1 2 3 4 5 6 7 8 9 13 
Structure 116: 13 2 7 5 9 3 4 8 1 6 
	-> 1 2 3 4 5 6 7 8 9 13 
Structure 117: 14 2 7 12 5 16 9 3 4 8 1 28 17 6 
	-> 1 2 3 4 5 6 7 8 9 12 14 
Structure 118: 13 2 7 5 3 4 8 1 6 
	-> 1 2 3 4 5 6 7 8 13 
Structure 119: 2 7 5 10 9 3 4 8 1 6 
	-> 1 2 3 4 5 6 7 8 9 10 
Structure 120: 2 7 5 10 9 3 4 8 1 6 
	-> 1 2 3 4 5 6 7 8 9 10 
Structure 121: 2 7 12 5 10 3 4 8 1 6 
	-> 1 2 3 4 5 6 7 8 10 12 
Structure 122: 2 7 5 9 3 4 8 1 6 
	-> 1 2 3 4 5 6 7 8 9 
Structure 123: 13 2 7 12 5 9 3 4 8 1 6 
	-> 1 2 3 4 5 6 7 8 9 12 13 
Structure 124: 2 7 5 11 9 3 4 8 1 6 
	-> 1 2 3 4 5 6 7 8 9 11 
Structure 125: 2 7 5 11 51 3 4 8 1 6 
	-> 1 2 3 4 5 6 7 8 11 
Structure 126: 2 7 5 9 3 4 8 1 6 
	-> 1 2 3 4 5 6 7 8 9 
Structure 127: 2 7 5 9 3 4 8 1 6 
	-> 1 2 3 4 5 6 7 8 9 
Structure 128: 2 7 5 10 9 36 37 30 8 1 6 
	-> 1 2 5 6 7 8 9 10 
Structure 129: 2 7 5 9 3 4 8 1 6 
	-> 1 2 3 4 5 6 7 8 9 
Structure 130: 31 2 7 5 9 3 4 8 1 6 
	-> 1 2 3 4 5 6 7 8 9 
Structure 131: 2 7 5 9 3 4 8 1 6 
	-> 1 2 3 4 5 6 7 8 9 
Structure 132: 14 2 7 5 11 3 4 8 1 6 
	-> 1 2 3 4 5 6 7 8 11 14 
Structure 133: 2 7 5 9 3 4 8 1 6 
	-> 1 2 3 4 5 6 7 8 9 
Structure 134: 24 2 7 5 11 9 3 4 8 1 6 
	-> 1 2 3 4 5 6 7 8 9 11 
Structure 135: 13 2 7 12 5 10 9 3 4 8 1 6 
	-> 1 2 3 4 5 6 7 8 9 10 12 13 
Structure 136: 2 7 5 10 9 3 4 8 1 6 
	-> 1 2 3 4 5 6 7 8 9 10 
Structure 137: 2 7 12 5 10 9 3 4 8 1 6 
	-> 1 2 3 4 5 6 7 8 9 10 12 
Structure 138: 13 2 7 5 9 3 4 8 1 6 
	-> 1 2 3 4 5 6 7 8 9 13 
Structure 139: 2 7 5 10 9 3 4 8 1 6 
	-> 1 2 3 4 5 6 7 8 9 10 
Structure 140: 2 7 12 5 9 3 4 8 1 6 
	-> 1 2 3 4 5 6 7 8 9 12 
Structure 141: 13 2 7 5 9 3 4 8 1 6 
	-> 1 2 3 4 5 6 7 8 9 13 
Structure 142: 2 7 5 11 10 3 4 8 1 6 
	-> 1 2 3 4 5 6 7 8 10 11 
Structure 143: 2 7 5 9 3 4 8 1 6 
	-> 1 2 3 4 5 6 7 8 9 
Structure 144: 2 7 5 11 9 3 4 8 1 6 
	-> 1 2 3 4 5 6 7 8 9 11 
Structure 145: 24 2 7 5 9 3 4 8 1 32 33 
	-> 1 2 3 4 5 7 8 9 
Structure 146: 2 7 5 11 9 3 4 8 1 6 
	-> 1 2 3 4 5 6 7 8 9 11 
Structure 147: 15 2 7 12 5 3 4 8 1 6 
	-> 1 2 3 4 5 6 7 8 12 
Structure 148: 2 7 5 9 3 4 8 1 6 
	-> 1 2 3 4 5 6 7 8 9 
Structure 149: 2 7 5 10 3 4 8 1 6 
	-> 1 2 3 4 5 6 7 8 10 
Structure 150: 13 2 7 5 16 9 3 4 1 6 
	-> 1 2 3 4 5 6 7 9 13 
Structure 151: 2 7 5 10 9 3 4 8 1 6 
	-> 1 2 3 4 5 6 7 8 9 10 
Structure 152: 2 7 5 9 3 4 8 1 43 6 
	-> 1 2 3 4 5 6 7 8 9 
Structure 153: 2 7 12 5 10 3 4 8 1 6 
	-> 1 2 3 4 5 6 7 8 10 12 
Structure 154: 2 7 5 9 3 4 8 1 6 
	-> 1 2 3 4 5 6 7 8 9 
Structure 155: 2 7 5 10 9 3 4 8 1 6 
	-> 1 2 3 4 5 6 7 8 9 10 
Structure 156: 21 2 7 12 5 10 3 4 8 1 6 
	-> 1 2 3 4 5 6 7 8 10 12 
Structure 157: 13 2 7 5 9 3 4 8 1 6 
	-> 1 2 3 4 5 6 7 8 9 13 
Structure 158: 2 7 5 10 9 3 4 8 1 6 
	-> 1 2 3 4 5 6 7 8 9 10 
Structure 159: 2 7 5 10 3 4 8 1 6 
	-> 1 2 3 4 5 6 7 8 10 
Structure 160: 2 7 5 9 3 4 8 1 6 
	-> 1 2 3 4 5 6 7 8 9 
Structure 161: 13 2 7 5 10 9 3 4 8 1 6 
	-> 1 2 3 4 5 6 7 8 9 10 13 
Structure 162: 2 7 5 3 4 8 1 6 
	-> 1 2 3 4 5 6 7 8 
Structure 163: 44 2 7 5 10 9 3 4 8 1 6 
	-> 1 2 3 4 5 6 7 8 9 10 
Structure 164: 15 2 7 5 10 9 3 4 8 1 6 
	-> 1 2 3 4 5 6 7 8 9 10 
Structure 165: 14 13 2 7 5 10 9 3 4 8 1 6 
	-> 1 2 3 4 5 6 7 8 9 10 13 14 
Structure 166: 2 7 5 11 9 3 4 8 1 6 
	-> 1 2 3 4 5 6 7 8 9 11 
Structure 167: 2 7 12 5 3 4 8 1 6 
	-> 1 2 3 4 5 6 7 8 12 
Structure 168: 20 2 7 5 10 9 3 4 8 1 45 6 
	-> 1 2 3 4 5 6 7 8 9 10 
Structure 169: 2 7 5 10 9 3 4 8 1 6 
	-> 1 2 3 4 5 6 7 8 9 10 
Structure 170: 13 2 7 5 16 9 3 4 1 6 
	-> 1 2 3 4 5 6 7 9 13 
Structure 171: 2 7 5 11 9 3 4 8 1 6 
	-> 1 2 3 4 5 6 7 8 9 11 
Structure 172: 2 7 5 10 9 3 4 8 1 6 
	-> 1 2 3 4 5 6 7 8 9 10 
Structure 173: 2 7 12 5 9 3 4 8 1 6 
	-> 1 2 3 4 5 6 7 8 9 12 
Structure 174: 21 2 7 12 5 11 9 3 4 8 1 6 
	-> 1 2 3 4 5 6 7 8 9 11 12 
Structure 175: 21 2 7 41 3 4 8 1 18 6 
	-> 1 2 3 4 6 7 8 
Structure 176: 2 7 5 10 9 3 4 8 1 6 
	-> 1 2 3 4 5 6 7 8 9 10 
Structure 177: 2 7 5 11 9 3 4 8 1 6 
	-> 1 2 3 4 5 6 7 8 9 11 
Structure 178: 2 7 5 9 3 4 22 1 6 
	-> 1 2 3 4 5 6 7 9 
Structure 179: 2 7 5 11 3 4 19 1 6 
	-> 1 2 3 4 5 6 7 11 
Structure 180: 2 7 5 11 9 3 4 8 1 6 
	-> 1 2 3 4 5 6 7 8 9 11 
Structure 181: 2 7 5 3 4 8 1 6 
	-> 1 2 3 4 5 6 7 8 
Structure 182: 13 2 7 12 5 10 9 3 4 8 1 6 
	-> 1 2 3 4 5 6 7 8 9 10 12 13 
Structure 183: 2 7 5 3 4 8 1 6 
	-> 1 2 3 4 5 6 7 8 
Structure 184: 13 2 7 5 3 4 8 1 6 
	-> 1 2 3 4 5 6 7 8 13 
Structure 185: 14 2 7 12 5 10 9 3 4 8 1 6 
	-> 1 2 3 4 5 6 7 8 9 10 12 14 
Structure 186: 2 7 5 9 3 4 8 1 6 
	-> 1 2 3 4 5 6 7 8 9 
Structure 187: 15 2 7 5 10 3 4 8 1 6 
	-> 1 2 3 4 5 6 7 8 10 
Structure 188: 2 7 5 26 3 4 8 1 6 
	-> 1 2 3 4 5 6 7 8 
Structure 189: 2 7 5 9 3 4 8 1 6 
	-> 1 2 3 4 5 6 7 8 9 
Structure 190: 2 46 12 5 11 9 3 4 8 1 6 
	-> 1 2 3 4 5 6 8 9 11 12 
Structure 191: 2 7 5 9 3 4 8 1 6 
	-> 1 2 3 4 5 6 7 8 9 
Structure 192: 2 7 5 3 4 8 1 6 
	-> 1 2 3 4 5 6 7 8 
Structure 193: 13 2 7 5 10 9 3 4 8 1 6 
	-> 1 2 3 4 5 6 7 8 9 10 13 
Structure 194: 2 7 5 16 3 4 8 1 6 
	-> 1 2 3 4 5 6 7 8 
Structure 195: 2 7 5 11 9 3 4 8 1 6 
	-> 1 2 3 4 5 6 7 8 9 11 
Structure 196: 2 7 5 10 9 3 4 1 6 
	-> 1 2 3 4 5 6 7 9 10 
Structure 197: 2 7 12 5 9 3 4 8 1 6 
	-> 1 2 3 4 5 6 7 8 9 12 
Structure 198: 2 7 5 9 3 4 8 1 6 
	-> 1 2 3 4 5 6 7 8 9 
Structure 199: 2 7 5 9 3 4 8 1 6 
	-> 1 2 3 4 5 6 7 8 9 
Structure 200: 2 7 5 9 3 4 8 1 6 
	-> 1 2 3 4 5 6 7 8 9 
Structure 201: 14 2 7 5 9 3 4 8 1 6 
	-> 1 2 3 4 5 6 7 8 9 14 
Structure 202: 2 7 5 9 3 4 8 1 17 6 
	-> 1 2 3 4 5 6 7 8 9 
Structure 203: 2 7 5 10 9 3 4 8 1 6 
	-> 1 2 3 4 5 6 7 8 9 10 
Structure 204: 13 2 7 5 9 3 4 8 1 6 
	-> 1 2 3 4 5 6 7 8 9 13 
Structure 205: 2 7 5 9 3 4 8 1 6 
	-> 1 2 3 4 5 6 7 8 9 
Structure 206: 2 7 5 11 9 3 4 8 1 6 
	-> 1 2 3 4 5 6 7 8 9 11 
Structure 207: 2 7 12 5 10 9 3 4 8 1 6 
	-> 1 2 3 4 5 6 7 8 9 10 12 
Structure 208: 2 7 5 10 9 3 4 8 1 6 
	-> 1 2 3 4 5 6 7 8 9 10 
Structure 209: 13 2 7 5 26 9 3 4 8 1 6 
	-> 1 2 3 4 5 6 7 8 9 13 
Structure 210: 2 7 5 9 3 4 8 1 6 
	-> 1 2 3 4 5 6 7 8 9 
Structure 211: 2 7 12 5 11 3 4 8 1 6 
	-> 1 2 3 4 5 6 7 8 11 12 
Structure 212: 13 2 7 5 9 3 4 8 1 6 
	-> 1 2 3 4 5 6 7 8 9 13 
Structure 213: 2 7 5 10 3 4 8 1 6 
	-> 1 2 3 4 5 6 7 8 10 
Structure 214: 2 7 12 5 11 9 3 4 8 1 18 6 
	-> 1 2 3 4 5 6 7 8 9 11 12 
Structure 215: 2 7 5 11 3 4 8 1 6 
	-> 1 2 3 4 5 6 7 8 11 
Structure 216: 2 7 5 10 9 3 4 8 1 6 
	-> 1 2 3 4 5 6 7 8 9 10 
Structure 217: 2 7 5 9 3 4 8 1 6 
	-> 1 2 3 4 5 6 7 8 9 
Structure 218: 2 7 5 11 9 3 4 8 1 6 
	-> 1 2 3 4 5 6 7 8 9 11 
Structure 219: 2 7 5 9 3 4 8 1 17 6 
	-> 1 2 3 4 5 6 7 8 9 
Structure 220: 2 7 5 9 3 4 8 1 6 
	-> 1 2 3 4 5 6 7 8 9 
Structure 221: 2 7 12 5 9 3 4 8 1 6 
	-> 1 2 3 4 5 6 7 8 9 12 
Structure 222: 2 7 5 9 3 4 8 1 6 
	-> 1 2 3 4 5 6 7 8 9 
Structure 223: 2 7 5 9 3 4 8 1 6 
	-> 1 2 3 4 5 6 7 8 9 
Structure 224: 2 7 5 3 4 8 1 6 
	-> 1 2 3 4 5 6 7 8 
Structure 225: 2 7 5 10 9 3 4 8 1 6 
	-> 1 2 3 4 5 6 7 8 9 10 
Structure 226: 13 2 7 5 10 9 3 4 8 1 17 6 
	-> 1 2 3 4 5 6 7 8 9 10 13 
Structure 227: 2 7 12 5 10 9 3 4 8 1 6 
	-> 1 2 3 4 5 6 7 8 9 10 12 
Structure 228: 2 7 5 10 3 4 8 1 6 
	-> 1 2 3 4 5 6 7 8 10 
Structure 229: 2 7 5 11 10 9 3 4 8 1 6 
	-> 1 2 3 4 5 6 7 8 9 10 11 
Structure 230: 2 7 12 5 11 3 4 8 1 6 
	-> 1 2 3 4 5 6 7 8 11 12 
Structure 231: 2 7 5 3 4 8 1 6 
	-> 1 2 3 4 5 6 7 8 
Structure 232: 2 7 5 11 9 3 4 8 1 6 
	-> 1 2 3 4 5 6 7 8 9 11 
Structure 233: 13 2 7 5 9 3 4 8 1 17 6 
	-> 1 2 3 4 5 6 7 8 9 13 
Structure 234: 24 2 7 5 11 3 4 8 1 32 33 
	-> 1 2 3 4 5 7 8 11 
Structure 235: 2 7 5 3 4 8 1 6 
	-> 1 2 3 4 5 6 7 8 
Structure 236: 2 7 5 9 3 4 8 1 6 
	-> 1 2 3 4 5 6 7 8 9 
Structure 237: 2 7 5 3 4 29 8 1 6 
	-> 1 2 3 4 5 6 7 8 
Structure 238: 13 2 7 5 9 3 4 8 1 6 
	-> 1 2 3 4 5 6 7 8 9 13 
Structure 239: 24 2 7 5 10 9 3 4 8 1 6 
	-> 1 2 3 4 5 6 7 8 9 10 
Structure 240: 2 7 12 5 11 9 3 4 8 1 6 
	-> 1 2 3 4 5 6 7 8 9 11 12 
Structure 241: 2 7 5 9 3 4 8 1 6 
	-> 1 2 3 4 5 6 7 8 9 
Structure 242: 2 7 5 10 9 3 4 8 1 6 
	-> 1 2 3 4 5 6 7 8 9 10 
Structure 243: 2 7 5 9 3 4 19 1 6 
	-> 1 2 3 4 5 6 7 9 
Structure 244: 2 7 5 10 9 3 4 1 6 
	-> 1 2 3 4 5 6 7 9 10 
Structure 245: 2 7 5 9 3 4 8 1 6 
	-> 1 2 3 4 5 6 7 8 9 
Structure 246: 2 7 5 10 9 3 4 8 1 6 
	-> 1 2 3 4 5 6 7 8 9 10 
Structure 247: 2 7 5 3 4 8 1 6 
	-> 1 2 3 4 5 6 7 8 
Structure 248: 14 2 7 12 5 10 9 3 4 8 1 6 
	-> 1 2 3 4 5 6 7 8 9 10 12 14 
Structure 249: 2 7 5 9 3 4 8 1 6 
	-> 1 2 3 4 5 6 7 8 9 
Structure 250: 13 2 46 12 5 3 4 8 1 6 
	-> 1 2 3 4 5 6 8 12 13 
Structure 251: 15 2 7 5 9 3 4 8 1 6 
	-> 1 2 3 4 5 6 7 8 9 
Structure 252: 2 7 5 9 25 3 4 8 1 6 
	-> 1 2 3 4 5 6 7 8 9 
Structure 253: 2 7 5 11 10 9 3 4 8 1 6 
	-> 1 2 3 4 5 6 7 8 9 10 11 
Structure 254: 2 7 12 5 10 3 4 8 1 6 
	-> 1 2 3 4 5 6 7 8 10 12 
Structure 255: 13 2 7 5 10 9 3 4 8 1 6 
	-> 1 2 3 4 5 6 7 8 9 10 13 
Structure 256: 2 7 5 10 9 3 4 8 1 6 
	-> 1 2 3 4 5 6 7 8 9 10 
Structure 257: 21 2 7 5 10 9 3 4 8 1 6 
	-> 1 2 3 4 5 6 7 8 9 10 
Structure 258: 2 7 5 47 11 9 3 4 8 1 6 
	-> 1 2 3 4 5 6 7 8 9 11 
Structure 259: 2 7 12 5 3 4 8 1 6 
	-> 1 2 3 4 5 6 7 8 12 
Structure 260: 2 7 5 9 3 4 8 1 6 
	-> 1 2 3 4 5 6 7 8 9 
Structure 261: 2 7 5 9 3 4 8 1 6 
	-> 1 2 3 4 5 6 7 8 9 
Structure 262: 14 13 2 7 5 3 4 8 1 6 
	-> 1 2 3 4 5 6 7 8 13 14 
Structure 263: 2 7 5 9 3 4 8 1 6 
	-> 1 2 3 4 5 6 7 8 9 
Structure 264: 2 7 5 38 3 4 8 1 6 
	-> 1 2 3 4 5 6 7 8 
Structure 265: 2 7 5 3 4 8 1 6 
	-> 1 2 3 4 5 6 7 8 
Structure 266: 2 7 5 9 3 4 8 1 6 
	-> 1 2 3 4 5 6 7 8 9 
Structure 267: 2 7 5 9 25 3 4 8 1 17 6 
	-> 1 2 3 4 5 6 7 8 9 
Structure 268: 13 2 7 5 26 9 3 4 8 1 6 
	-> 1 2 3 4 5 6 7 8 9 13 
Structure 269: 2 7 5 9 3 4 8 1 6 
	-> 1 2 3 4 5 6 7 8 9 
Structure 270: 14 2 7 5 9 3 4 8 1 6 
	-> 1 2 3 4 5 6 7 8 9 14 
Structure 271: 20 2 7 12 5 10 3 4 8 1 6 
	-> 1 2 3 4 5 6 7 8 10 12 
Structure 272: 2 7 5 9 3 4 8 1 6 
	-> 1 2 3 4 5 6 7 8 9 
Structure 273: 15 2 7 5 9 3 4 8 1 6 
	-> 1 2 3 4 5 6 7 8 9 
Structure 274: 2 7 12 5 10 9 3 4 8 1 6 
	-> 1 2 3 4 5 6 7 8 9 10 12 
Structure 275: 13 2 7 5 11 9 3 4 8 1 6 
	-> 1 2 3 4 5 6 7 8 9 11 13 
Structure 276: 2 7 5 11 9 3 4 8 1 6 
	-> 1 2 3 4 5 6 7 8 9 11 
Structure 277: 2 7 5 9 3 4 8 1 6 
	-> 1 2 3 4 5 6 7 8 9 
Structure 278: 2 7 5 16 9 3 4 8 1 6 
	-> 1 2 3 4 5 6 7 8 9 
Structure 279: 2 7 5 10 9 3 4 8 1 6 
	-> 1 2 3 4 5 6 7 8 9 10 
Structure 280: 2 7 5 10 9 3 4 29 8 1 6 
	-> 1 2 3 4 5 6 7 8 9 10 
Structure 281: 2 7 12 5 3 4 8 1 6 
	-> 1 2 3 4 5 6 7 8 12 
Structure 282: 2 7 5 9 3 4 8 1 6 
	-> 1 2 3 4 5 6 7 8 9 
Structure 283: 2 7 12 5 9 3 4 8 1 6 
	-> 1 2 3 4 5 6 7 8 9 12 
Structure 284: 2 7 5 9 3 4 8 1 6 
	-> 1 2 3 4 5 6 7 8 9 
Structure 285: 13 2 7 5 10 3 4 8 1 6 
	-> 1 2 3 4 5 6 7 8 10 13 
Structure 286: 2 7 5 10 3 4 8 1 6 
	-> 1 2 3 4 5 6 7 8 10 
Structure 287: 2 7 5 10 9 3 4 8 1 6 
	-> 1 2 3 4 5 6 7 8 9 10 
Structure 288: 2 7 12 5 10 9 3 4 8 1 6 
	-> 1 2 3 4 5 6 7 8 9 10 12 
Structure 289: 20 2 7 5 9 3 4 8 1 6 
	-> 1 2 3 4 5 6 7 8 9 
Structure 290: 15 2 7 12 5 9 3 4 8 1 6 
	-> 1 2 3 4 5 6 7 8 9 12 
Structure 291: 2 7 5 9 3 4 8 1 6 
	-> 1 2 3 4 5 6 7 8 9 
Structure 292: 20 2 7 5 3 4 1 6 
	-> 1 2 3 4 5 6 7 
Structure 293: 2 7 5 11 9 3 4 8 1 6 
	-> 1 2 3 4 5 6 7 8 9 11 
Structure 294: 13 2 7 5 36 37 22 8 1 6 
	-> 1 2 5 6 7 8 13 
Structure 295: 2 7 5 3 4 1 6 
	-> 1 2 3 4 5 6 7 
Structure 296: 2 7 5 10 9 25 3 4 8 1 6 
	-> 1 2 3 4 5 6 7 8 9 10 
Structure 297: 2 7 12 5 9 3 4 8 1 6 
	-> 1 2 3 4 5 6 7 8 9 12 
Structure 298: 2 7 12 5 9 3 4 8 1 6 
	-> 1 2 3 4 5 6 7 8 9 12 
Structure 299: 2 7 5 9 3 4 8 1 6 
	-> 1 2 3 4 5 6 7 8 9 
Structure 300: 13 2 7 12 5 9 3 4 8 1 6 
	-> 1 2 3 4 5 6 7 8 9 12 13 
Structure 301: 13 2 7 5 9 3 4 8 1 6 
	-> 1 2 3 4 5 6 7 8 9 13 
Structure 302: 2 7 5 9 3 4 8 1 6 
	-> 1 2 3 4 5 6 7 8 9 
Structure 303: 2 7 5 10 9 3 4 8 1 18 6 
	-> 1 2 3 4 5 6 7 8 9 10 
Structure 304: 2 7 5 3 4 8 1 6 
	-> 1 2 3 4 5 6 7 8 
Structure 305: 24 13 2 7 5 11 9 3 4 8 1 6 
	-> 1 2 3 4 5 6 7 8 9 11 13 
Structure 306: 2 7 5 11 3 4 8 1 6 
	-> 1 2 3 4 5 6 7 8 11 
Structure 307: 2 7 12 5 10 3 4 8 1 17 6 
	-> 1 2 3 4 5 6 7 8 10 12 
Structure 308: 13 2 7 5 9 3 4 8 1 6 
	-> 1 2 3 4 5 6 7 8 9 13 
Structure 309: 2 7 5 10 9 3 4 8 1 6 
	-> 1 2 3 4 5 6 7 8 9 10 
Structure 310: 21 2 7 5 11 3 4 8 1 6 
	-> 1 2 3 4 5 6 7 8 11 
Structure 311: 2 7 5 10 3 4 8 1 6 
	-> 1 2 3 4 5 6 7 8 10 
Structure 312: 2 7 5 10 9 3 4 8 1 6 
	-> 1 2 3 4 5 6 7 8 9 10 
Structure 313: 2 7 5 3 4 8 1 6 
	-> 1 2 3 4 5 6 7 8 
Structure 314: 2 7 5 26 3 4 8 1 6 
	-> 1 2 3 4 5 6 7 8 
Structure 315: 2 7 5 10 9 3 4 8 1 6 
	-> 1 2 3 4 5 6 7 8 9 10 
Structure 316: 13 2 7 5 9 3 4 8 1 6 
	-> 1 2 3 4 5 6 7 8 9 13 
Structure 317: 2 7 5 9 3 4 8 1 6 
	-> 1 2 3 4 5 6 7 8 9 
Structure 318: 2 7 5 3 4 8 1 6 
	-> 1 2 3 4 5 6 7 8 
Structure 319: 2 7 5 11 10 9 3 4 8 1 6 
	-> 1 2 3 4 5 6 7 8 9 10 11 
Structure 320: 14 2 7 5 10 3 4 8 1 6 
	-> 1 2 3 4 5 6 7 8 10 14 
Structure 321: 2 7 5 10 9 3 4 8 1 6 
	-> 1 2 3 4 5 6 7 8 9 10 
Structure 322: 21 2 7 5 10 9 3 4 8 1 6 
	-> 1 2 3 4 5 6 7 8 9 10 
Structure 323: 14 48 2 7 12 5 10 9 3 4 8 1 6 
	-> 1 2 3 4 5 6 7 8 9 10 12 14 
Structure 324: 2 7 5 11 9 3 4 8 1 6 
	-> 1 2 3 4 5 6 7 8 9 11 
Structure 325: 13 2 7 5 11 9 3 4 8 1 6 
	-> 1 2 3 4 5 6 7 8 9 11 13 
Structure 326: 2 7 5 9 3 4 8 1 6 
	-> 1 2 3 4 5 6 7 8 9 
Structure 327: 2 7 5 3 4 8 1 6 
	-> 1 2 3 4 5 6 7 8 
Structure 328: 2 7 12 5 11 9 3 4 8 1 6 
	-> 1 2 3 4 5 6 7 8 9 11 12 
Structure 329: 2 7 12 5 10 3 4 1 6 
	-> 1 2 3 4 5 6 7 10 12 
Structure 330: 2 7 12 5 10 9 3 4 8 1 6 
	-> 1 2 3 4 5 6 7 8 9 10 12 
Structure 331: 2 7 12 5 11 10 3 4 8 1 6 
	-> 1 2 3 4 5 6 7 8 10 11 12 
Structure 332: 13 2 7 5 9 3 4 8 1 6 
	-> 1 2 3 4 5 6 7 8 9 13 
Structure 333: 13 2 7 5 9 25 3 4 8 1 6 
	-> 1 2 3 4 5 6 7 8 9 13 
Structure 334: 2 7 5 10 9 3 4 8 1 6 
	-> 1 2 3 4 5 6 7 8 9 10 
Structure 335: 2 7 5 11 3 4 8 1 6 
	-> 1 2 3 4 5 6 7 8 11 
Structure 336: 14 2 7 5 9 3 4 8 1 6 
	-> 1 2 3 4 5 6 7 8 9 14 
Structure 337: 2 7 5 9 3 4 8 1 6 
	-> 1 2 3 4 5 6 7 8 9 
Structure 338: 2 7 12 5 9 3 4 8 1 6 
	-> 1 2 3 4 5 6 7 8 9 12 
Structure 339: 2 7 5 10 9 3 4 1 6 
	-> 1 2 3 4 5 6 7 9 10 
Structure 340: 21 2 7 5 9 3 4 8 1 6 
	-> 1 2 3 4 5 6 7 8 9 
Structure 341: 13 2 7 5 11 9 3 4 8 1 6 
	-> 1 2 3 4 5 6 7 8 9 11 13 
Structure 342: 2 7 5 3 4 8 1 6 
	-> 1 2 3 4 5 6 7 8 
Structure 343: 14 2 7 5 9 3 4 8 1 6 
	-> 1 2 3 4 5 6 7 8 9 14 
Structure 344: 2 7 5 10 9 3 4 8 1 6 
	-> 1 2 3 4 5 6 7 8 9 10 
Structure 345: 2 7 5 3 4 8 1 6 
	-> 1 2 3 4 5 6 7 8 
Structure 346: 2 7 5 3 4 8 1 6 
	-> 1 2 3 4 5 6 7 8 
Structure 347: 2 7 12 5 3 4 8 1 6 
	-> 1 2 3 4 5 6 7 8 12 
Structure 348: 2 7 5 3 4 8 1 6 
	-> 1 2 3 4 5 6 7 8 
Structure 349: 2 7 5 10 9 3 4 8 1 6 
	-> 1 2 3 4 5 6 7 8 9 10 
Structure 350: 2 7 12 5 10 9 3 4 8 1 6 
	-> 1 2 3 4 5 6 7 8 9 10 12 
Structure 351: 2 7 5 10 9 3 4 8 1 6 
	-> 1 2 3 4 5 6 7 8 9 10 
Structure 352: 2 7 5 11 9 3 4 8 1 6 
	-> 1 2 3 4 5 6 7 8 9 11 
Structure 353: 2 7 5 9 3 4 8 1 6 
	-> 1 2 3 4 5 6 7 8 9 
Structure 354: 20 2 7 5 11 9 3 4 8 1 6 
	-> 1 2 3 4 5 6 7 8 9 11 
Structure 355: 2 7 5 10 9 3 4 8 1 6 
	-> 1 2 3 4 5 6 7 8 9 10 
Structure 356: 13 2 7 5 3 4 8 1 6 
	-> 1 2 3 4 5 6 7 8 13 
Structure 357: 2 7 5 9 3 4 8 1 6 
	-> 1 2 3 4 5 6 7 8 9 
Structure 358: 2 7 5 9 3 4 8 1 6 
	-> 1 2 3 4 5 6 7 8 9 
Structure 359: 2 7 12 5 10 9 3 4 8 1 6 
	-> 1 2 3 4 5 6 7 8 9 10 12 
Structure 360: 2 27 5 9 3 4 19 1 6 
	-> 1 2 3 4 5 6 9 
Structure 361: 2 7 5 10 9 3 4 8 1 6 
	-> 1 2 3 4 5 6 7 8 9 10 
Structure 362: 2 7 12 5 9 3 4 8 1 6 
	-> 1 2 3 4 5 6 7 8 9 12 
Structure 363: 13 2 7 5 11 9 3 4 8 1 6 
	-> 1 2 3 4 5 6 7 8 9 11 13 
Structure 364: 2 7 5 9 3 4 8 1 6 
	-> 1 2 3 4 5 6 7 8 9 
Structure 365: 2 7 5 16 9 3 4 8 1 6 
	-> 1 2 3 4 5 6 7 8 9 
Structure 366: 2 7 5 16 9 3 4 8 1 6 
	-> 1 2 3 4 5 6 7 8 9 
Structure 367: 2 7 12 5 10 9 3 4 8 1 6 
	-> 1 2 3 4 5 6 7 8 9 10 12 
Structure 368: 2 7 5 11 9 3 4 8 1 6 
	-> 1 2 3 4 5 6 7 8 9 11 
Structure 369: 14 2 7 5 10 3 4 8 1 6 
	-> 1 2 3 4 5 6 7 8 10 14 
Structure 370: 14 2 7 5 3 4 22 8 1 6 
	-> 1 2 3 4 5 6 7 8 14 
Structure 371: 2 7 5 3 4 8 1 6 
	-> 1 2 3 4 5 6 7 8 
Structure 372: 20 2 7 5 3 4 8 1 6 
	-> 1 2 3 4 5 6 7 8 
Structure 373: 14 2 7 5 10 9 3 4 8 1 6 
	-> 1 2 3 4 5 6 7 8 9 10 14 
Structure 374: 2 7 5 10 9 3 4 8 1 6 
	-> 1 2 3 4 5 6 7 8 9 10 
Structure 375: 23 2 7 12 5 11 10 9 3 4 8 1 6 
	-> 1 2 3 4 5 6 7 8 9 10 11 12 
Structure 376: 2 7 5 9 3 4 8 1 6 
	-> 1 2 3 4 5 6 7 8 9 
Structure 377: 2 7 12 5 3 4 8 1 6 
	-> 1 2 3 4 5 6 7 8 12 
Structure 378: 2 7 5 10 9 3 4 8 1 6 
	-> 1 2 3 4 5 6 7 8 9 10 
Structure 379: 40 2 7 5 11 9 3 4 8 1 6 
	-> 1 2 3 4 5 6 7 8 9 11 
Structure 380: 14 2 7 5 10 9 3 4 8 1 6 
	-> 1 2 3 4 5 6 7 8 9 10 14 
Structure 381: 14 2 7 5 11 3 4 8 1 6 
	-> 1 2 3 4 5 6 7 8 11 14 
Structure 382: 2 7 5 11 3 4 8 1 6 
	-> 1 2 3 4 5 6 7 8 11 
Structure 383: 23 2 7 5 9 3 4 8 1 6 
	-> 1 2 3 4 5 6 7 8 9 
Structure 384: 15 2 7 5 10 3 4 8 1 6 
	-> 1 2 3 4 5 6 7 8 10 
Structure 385: 2 7 5 10 3 4 8 1 6 
	-> 1 2 3 4 5 6 7 8 10 
Structure 386: 2 7 5 11 3 4 8 1 6 
	-> 1 2 3 4 5 6 7 8 11 
Structure 387: 2 7 5 11 3 4 8 1 6 
	-> 1 2 3 4 5 6 7 8 11 
Structure 388: 2 7 5 10 3 4 8 1 6 
	-> 1 2 3 4 5 6 7 8 10 
Structure 389: 15 2 7 5 3 4 1 6 
	-> 1 2 3 4 5 6 7 
Structure 390: 14 2 7 5 9 3 4 8 1 6 
	-> 1 2 3 4 5 6 7 8 9 14 
Structure 391: 2 7 12 5 10 9 3 4 8 1 6 
	-> 1 2 3 4 5 6 7 8 9 10 12 
Structure 392: 31 35 2 7 5 10 9 3 4 8 1 6 
	-> 1 2 3 4 5 6 7 8 9 10 
Structure 393: 2 7 5 10 9 3 4 8 1 6 
	-> 1 2 3 4 5 6 7 8 9 10 
Structure 394: 2 7 5 10 9 3 4 8 1 6 
	-> 1 2 3 4 5 6 7 8 9 10 
Structure 395: 14 2 7 5 10 9 3 4 8 1 6 
	-> 1 2 3 4 5 6 7 8 9 10 14 
Structure 396: 2 7 12 5 11 9 3 4 8 1 6 
	-> 1 2 3 4 5 6 7 8 9 11 12 
Structure 397: 13 2 7 5 9 3 4 8 1 6 
	-> 1 2 3 4 5 6 7 8 9 13 
Structure 398: 13 2 7 5 11 3 4 8 1 6 
	-> 1 2 3 4 5 6 7 8 11 13 
Structure 399: 2 7 12 5 9 3 4 8 1 6 
	-> 1 2 3 4 5 6 7 8 9 12 
Structure 400: 2 7 5 9 3 4 8 1 6 
	-> 1 2 3 4 5 6 7 8 9 
Structure 401: 2 7 5 9 3 4 8 1 6 
	-> 1 2 3 4 5 6 7 8 9 
Structure 402: 2 7 12 5 3 4 8 1 6 
	-> 1 2 3 4 5 6 7 8 12 
Structure 403: 14 2 7 5 10 9 3 4 8 1 6 
	-> 1 2 3 4 5 6 7 8 9 10 14 
Structure 404: 2 7 5 9 3 4 8 1 6 
	-> 1 2 3 4 5 6 7 8 9 
Structure 405: 13 2 7 12 5 11 9 3 4 8 1 18 6 
	-> 1 2 3 4 5 6 7 8 9 11 12 13 
Structure 406: 13 2 7 5 9 3 4 8 1 6 
	-> 1 2 3 4 5 6 7 8 9 13 
Structure 407: 13 2 7 5 10 9 3 4 8 1 6 
	-> 1 2 3 4 5 6 7 8 9 10 13 
Structure 408: 2 7 12 5 10 9 3 4 8 1 6 
	-> 1 2 3 4 5 6 7 8 9 10 12 
Structure 409: 2 7 12 5 10 9 3 4 8 1 6 
	-> 1 2 3 4 5 6 7 8 9 10 12 
Structure 410: 13 2 7 5 9 3 4 8 1 6 
	-> 1 2 3 4 5 6 7 8 9 13 
Structure 411: 2 7 5 9 3 4 8 1 6 
	-> 1 2 3 4 5 6 7 8 9 
Structure 412: 2 7 5 9 3 4 8 1 6 
	-> 1 2 3 4 5 6 7 8 9 
Structure 413: 21 2 7 5 10 9 3 4 8 1 17 6 
	-> 1 2 3 4 5 6 7 8 9 10 
Structure 414: 13 2 7 12 5 9 3 4 8 1 6 
	-> 1 2 3 4 5 6 7 8 9 12 13 
Structure 415: 13 2 7 5 10 9 25 3 4 8 1 6 
	-> 1 2 3 4 5 6 7 8 9 10 13 
Structure 416: 2 7 5 3 4 8 1 6 
	-> 1 2 3 4 5 6 7 8 
Structure 417: 23 2 7 5 11 3 4 19 1 6 
	-> 1 2 3 4 5 6 7 11 
Structure 418: 2 7 5 10 49 3 4 1 6 
	-> 1 2 3 4 5 6 7 10 
Structure 419: 2 7 5 9 3 4 8 1 6 
	-> 1 2 3 4 5 6 7 8 9 
Structure 420: 20 2 7 5 11 9 3 4 1 6 
	-> 1 2 3 4 5 6 7 9 11 
Structure 421: 2 7 5 9 3 4 8 1 6 
	-> 1 2 3 4 5 6 7 8 9 
Structure 422: 2 7 5 10 3 4 19 1 6 
	-> 1 2 3 4 5 6 7 10 
Structure 423: 2 7 5 11 3 4 8 1 6 
	-> 1 2 3 4 5 6 7 8 11 
Structure 424: 2 7 5 49 3 4 1 17 6 
	-> 1 2 3 4 5 6 7 
Structure 425: 21 13 2 7 5 9 3 4 8 1 6 
	-> 1 2 3 4 5 6 7 8 9 13 
Structure 426: 13 2 7 12 5 10 3 4 8 1 6 
	-> 1 2 3 4 5 6 7 8 10 12 13 
Structure 427: 2 7 5 10 3 4 8 1 6 
	-> 1 2 3 4 5 6 7 8 10 
Structure 428: 15 2 7 5 11 9 3 4 8 1 6 
	-> 1 2 3 4 5 6 7 8 9 11 
Structure 429: 2 7 5 10 3 4 8 1 6 
	-> 1 2 3 4 5 6 7 8 10 
Structure 430: 2 7 5 9 3 4 8 1 6 
	-> 1 2 3 4 5 6 7 8 9 
Structure 431: 13 2 7 5 9 3 4 8 1 6 
	-> 1 2 3 4 5 6 7 8 9 13 
Structure 432: 2 7 5 47 11 9 3 4 8 1 6 
	-> 1 2 3 4 5 6 7 8 9 11 
Structure 433: 2 7 5 3 4 8 1 6 
	-> 1 2 3 4 5 6 7 8 
Structure 434: 2 7 5 11 3 4 1 6 
	-> 1 2 3 4 5 6 7 11 
Structure 435: 2 7 5 9 3 4 8 1 6 
	-> 1 2 3 4 5 6 7 8 9 
Structure 436: 2 7 5 9 3 4 19 1 6 
	-> 1 2 3 4 5 6 7 9 
Structure 437: 13 2 7 5 11 9 3 4 8 1 6 
	-> 1 2 3 4 5 6 7 8 9 11 13 
Structure 438: 2 7 12 5 10 3 4 8 1 6 
	-> 1 2 3 4 5 6 7 8 10 12 
Structure 439: 2 7 5 9 3 4 8 1 6 
	-> 1 2 3 4 5 6 7 8 9 
Structure 440: 2 7 5 10 9 3 4 8 1 6 
	-> 1 2 3 4 5 6 7 8 9 10 
Structure 441: 2 7 5 11 10 9 3 4 8 1 6 
	-> 1 2 3 4 5 6 7 8 9 10 11 
Structure 442: 2 7 5 10 9 3 4 8 1 6 
	-> 1 2 3 4 5 6 7 8 9 10 
Structure 443: 2 7 5 9 3 4 8 1 6 
	-> 1 2 3 4 5 6 7 8 9 
Structure 444: 14 2 7 12 5 9 3 4 8 1 6 
	-> 1 2 3 4 5 6 7 8 9 12 14 
Structure 445: 2 7 5 11 9 3 4 8 1 6 
	-> 1 2 3 4 5 6 7 8 9 11 
Structure 446: 2 7 5 10 9 3 4 8 1 6 
	-> 1 2 3 4 5 6 7 8 9 10 
Structure 447: 15 2 7 5 3 4 8 1 6 
	-> 1 2 3 4 5 6 7 8 
Structure 448: 2 7 12 5 10 3 4 8 1 42 6 
	-> 1 2 3 4 5 6 7 8 10 12 
Structure 449: 2 7 5 10 9 3 4 8 1 6 
	-> 1 2 3 4 5 6 7 8 9 10 
Structure 450: 2 7 5 9 3 4 8 1 6 
	-> 1 2 3 4 5 6 7 8 9 
Structure 451: 2 7 12 5 10 9 3 4 8 1 6 
	-> 1 2 3 4 5 6 7 8 9 10 12 
Structure 452: 14 2 7 5 11 9 3 4 8 1 6 
	-> 1 2 3 4 5 6 7 8 9 11 14 
Structure 453: 20 2 7 5 9 3 4 8 1 6 
	-> 1 2 3 4 5 6 7 8 9 
Structure 454: 2 7 5 9 3 4 8 1 6 
	-> 1 2 3 4 5 6 7 8 9 
Structure 455: 15 2 7 5 10 9 3 4 8 1 6 
	-> 1 2 3 4 5 6 7 8 9 10 
Structure 456: 13 2 7 5 3 4 8 1 6 
	-> 1 2 3 4 5 6 7 8 13 
Structure 457: 15 2 7 5 9 3 4 8 1 6 
	-> 1 2 3 4 5 6 7 8 9 
Structure 458: 14 2 7 5 3 4 8 1 6 
	-> 1 2 3 4 5 6 7 8 14 
Structure 459: 2 7 5 10 9 3 4 8 1 6 
	-> 1 2 3 4 5 6 7 8 9 10 
Structure 460: 44 2 7 5 9 3 4 8 1 6 
	-> 1 2 3 4 5 6 7 8 9 
Structure 461: 2 7 5 10 25 3 4 8 1 17 6 
	-> 1 2 3 4 5 6 7 8 10 
Structure 462: 2 7 5 11 9 3 4 8 1 6 
	-> 1 2 3 4 5 6 7 8 9 11 
Structure 463: 2 7 5 9 3 4 8 1 6 
	-> 1 2 3 4 5 6 7 8 9 
Structure 464: 2 7 5 11 9 3 4 19 1 6 
	-> 1 2 3 4 5 6 7 9 11 
Structure 465: 2 7 5 9 3 4 8 1 6 
	-> 1 2 3 4 5 6 7 8 9 
Structure 466: 2 7 5 10 3 4 8 1 6 
	-> 1 2 3 4 5 6 7 8 10 
Structure 467: 2 7 5 10 9 3 4 8 1 6 
	-> 1 2 3 4 5 6 7 8 9 10 
Structure 468: 2 7 5 10 9 3 4 8 1 6 
	-> 1 2 3 4 5 6 7 8 9 10 
Structure 469: 2 7 5 3 4 8 1 6 
	-> 1 2 3 4 5 6 7 8 
Structure 470: 2 7 5 3 4 8 1 6 
	-> 1 2 3 4 5 6 7 8 
Structure 471: 2 7 5 3 4 8 1 6 
	-> 1 2 3 4 5 6 7 8 
Structure 472: 2 7 5 9 3 4 8 1 6 
	-> 1 2 3 4 5 6 7 8 9 
Structure 473: 2 7 5 3 4 8 1 6 
	-> 1 2 3 4 5 6 7 8 
Structure 474: 2 7 5 10 9 3 4 8 1 6 
	-> 1 2 3 4 5 6 7 8 9 10 
Structure 475: 2 7 5 11 9 3 4 8 1 6 
	-> 1 2 3 4 5 6 7 8 9 11 
Structure 476: 13 2 7 5 10 3 4 8 1 6 
	-> 1 2 3 4 5 6 7 8 10 13 
Structure 477: 2 7 5 11 3 4 8 1 6 
	-> 1 2 3 4 5 6 7 8 11 
Structure 478: 13 2 7 5 9 3 4 8 1 6 
	-> 1 2 3 4 5 6 7 8 9 13 
Structure 479: 2 7 5 9 3 4 8 1 18 6 
	-> 1 2 3 4 5 6 7 8 9 
Structure 480: 2 7 5 10 9 3 4 8 1 6 
	-> 1 2 3 4 5 6 7 8 9 10 
Structure 481: 23 13 2 7 5 10 9 3 4 8 1 6 
	-> 1 2 3 4 5 6 7 8 9 10 13 
Structure 482: 2 7 5 10 9 3 4 8 1 6 
	-> 1 2 3 4 5 6 7 8 9 10 
Structure 483: 2 7 5 3 4 8 1 6 
	-> 1 2 3 4 5 6 7 8 
Structure 484: 2 7 12 5 10 9 3 4 8 1 6 
	-> 1 2 3 4 5 6 7 8 9 10 12 
Structure 485: 13 2 7 5 9 3 4 1 6 
	-> 1 2 3 4 5 6 7 9 13 
Structure 486: 2 7 5 3 4 8 1 6 
	-> 1 2 3 4 5 6 7 8 
Structure 487: 13 2 7 5 10 9 3 4 8 1 6 
	-> 1 2 3 4 5 6 7 8 9 10 13 
Structure 488: 2 7 5 9 3 4 8 1 6 
	-> 1 2 3 4 5 6 7 8 9 
Structure 489: 2 7 5 9 3 4 8 1 6 
	-> 1 2 3 4 5 6 7 8 9 
Structure 490: 2 7 5 3 4 8 1 6 
	-> 1 2 3 4 5 6 7 8 
Structure 491: 14 2 7 5 11 9 3 4 8 1 6 
	-> 1 2 3 4 5 6 7 8 9 11 14 
Structure 492: 23 2 7 5 9 3 4 8 1 6 
	-> 1 2 3 4 5 6 7 8 9 
Structure 493: 13 2 7 12 5 9 3 4 8 1 6 
	-> 1 2 3 4 5 6 7 8 9 12 13 
Structure 494: 24 2 7 5 9 3 4 8 1 6 
	-> 1 2 3 4 5 6 7 8 9 
Structure 495: 14 2 7 5 9 3 4 29 8 1 6 
	-> 1 2 3 4 5 6 7 8 9 14 
Structure 496: 23 2 7 5 9 3 4 8 1 6 
	-> 1 2 3 4 5 6 7 8 9 
Structure 497: 2 7 5 11 9 3 4 8 1 6 
	-> 1 2 3 4 5 6 7 8 9 11 
Structure 498: 2 7 5 10 9 3 4 8 1 6 
	-> 1 2 3 4 5 6 7 8 9 10 
Structure 499: 2 7 5 11 9 3 4 8 1 6 
	-> 1 2 3 4 5 6 7 8 9 11 
Structure 500: 2 7 5 9 3 4 8 1 6 
	-> 1 2 3 4 5 6 7 8 9 
Structure 501: 2 7 5 11 3 4 8 1 28 6 
	-> 1 2 3 4 5 6 7 8 11 
Structure 502: 2 7 5 3 4 1 6 
	-> 1 2 3 4 5 6 7 
Structure 503: 2 7 5 10 9 3 4 8 1 6 
	-> 1 2 3 4 5 6 7 8 9 10 
Structure 504: 2 7 5 10 9 3 4 8 1 6 
	-> 1 2 3 4 5 6 7 8 9 10 
Structure 505: 14 2 7 5 10 9 3 4 8 1 6 
	-> 1 2 3 4 5 6 7 8 9 10 14 
Structure 506: 2 7 5 10 9 3 4 8 1 6 
	-> 1 2 3 4 5 6 7 8 9 10 
Structure 507: 2 7 12 5 3 4 8 1 6 
	-> 1 2 3 4 5 6 7 8 12 
Structure 508: 2 7 5 11 9 3 4 8 1 6 
	-> 1 2 3 4 5 6 7 8 9 11 
Structure 509: 2 7 5 9 3 4 30 8 1 6 
	-> 1 2 3 4 5 6 7 8 9 
Structure 510: 2 7 5 9 3 4 8 1 6 
	-> 1 2 3 4 5 6 7 8 9 
Structure 511: 13 2 7 5 10 3 4 8 1 6 
	-> 1 2 3 4 5 6 7 8 10 13 
Structure 512: 14 2 7 5 11 9 3 4 8 1 6 
	-> 1 2 3 4 5 6 7 8 9 11 14 
Structure 513: 2 7 5 11 9 3 4 8 1 6 
	-> 1 2 3 4 5 6 7 8 9 11 
Structure 514: 13 2 7 5 3 4 8 1 6 
	-> 1 2 3 4 5 6 7 8 13 
Structure 515: 31 2 7 5 11 3 4 8 1 6 
	-> 1 2 3 4 5 6 7 8 11 
Structure 516: 2 7 5 9 3 4 8 1 6 
	-> 1 2 3 4 5 6 7 8 9 
Structure 517: 2 7 5 9 3 4 8 1 6 
	-> 1 2 3 4 5 6 7 8 9 
Structure 518: 2 7 5 9 3 4 8 1 6 
	-> 1 2 3 4 5 6 7 8 9 
Structure 519: 2 7 5 9 3 4 8 1 6 
	-> 1 2 3 4 5 6 7 8 9 
Structure 520: 2 7 5 3 4 8 1 6 
	-> 1 2 3 4 5 6 7 8 
Structure 521: 2 7 5 10 9 3 4 8 1 6 
	-> 1 2 3 4 5 6 7 8 9 10 
Structure 522: 2 7 5 3 4 8 1 6 
	-> 1 2 3 4 5 6 7 8 
Structure 523: 13 2 7 5 10 3 4 8 1 6 
	-> 1 2 3 4 5 6 7 8 10 13 
Structure 524: 2 7 5 10 3 4 8 1 28 6 
	-> 1 2 3 4 5 6 7 8 10 
Structure 525: 2 7 5 10 9 3 4 8 1 6 
	-> 1 2 3 4 5 6 7 8 9 10 
Structure 526: 2 7 5 11 9 3 4 8 1 6 
	-> 1 2 3 4 5 6 7 8 9 11 
Structure 527: 2 7 5 9 3 4 8 1 6 
	-> 1 2 3 4 5 6 7 8 9 
Structure 528: 13 2 7 5 3 4 8 1 6 
	-> 1 2 3 4 5 6 7 8 13 
Structure 529: 2 7 5 9 3 4 8 1 6 
	-> 1 2 3 4 5 6 7 8 9 
Structure 530: 2 7 5 9 3 4 8 1 6 
	-> 1 2 3 4 5 6 7 8 9 
Structure 531: 2 7 5 10 3 4 8 1 6 
	-> 1 2 3 4 5 6 7 8 10 
Structure 532: 2 7 5 9 3 4 8 1 6 
	-> 1 2 3 4 5 6 7 8 9 
Structure 533: 2 7 5 9 3 4 8 1 6 
	-> 1 2 3 4 5 6 7 8 9 
Structure 534: 2 7 12 5 10 9 3 4 8 1 6 
	-> 1 2 3 4 5 6 7 8 9 10 12 
Structure 535: 2 7 5 9 3 4 8 1 6 
	-> 1 2 3 4 5 6 7 8 9 
Structure 536: 2 7 5 3 4 8 1 6 
	-> 1 2 3 4 5 6 7 8 
Structure 537: 2 7 5 9 3 4 8 1 6 
	-> 1 2 3 4 5 6 7 8 9 
Structure 538: 2 7 5 10 9 3 4 8 1 6 
	-> 1 2 3 4 5 6 7 8 9 10 
Structure 539: 2 7 5 9 3 4 8 1 6 
	-> 1 2 3 4 5 6 7 8 9 
Structure 540: 2 7 5 10 9 3 4 19 1 6 
	-> 1 2 3 4 5 6 7 9 10 
Structure 541: 15 2 7 5 10 9 3 4 8 1 6 
	-> 1 2 3 4 5 6 7 8 9 10 
Structure 542: 2 7 5 9 3 4 8 1 6 
	-> 1 2 3 4 5 6 7 8 9 
Structure 543: 2 7 5 9 3 4 8 1 6 
	-> 1 2 3 4 5 6 7 8 9 
Structure 544: 2 7 5 9 3 4 8 1 6 
	-> 1 2 3 4 5 6 7 8 9 
Structure 545: 2 7 5 10 9 3 4 22 8 1 6 
	-> 1 2 3 4 5 6 7 8 9 10 
Structure 546: 13 2 7 5 10 9 3 4 8 1 6 
	-> 1 2 3 4 5 6 7 8 9 10 13 
Structure 547: 21 2 7 5 9 3 4 8 1 6 
	-> 1 2 3 4 5 6 7 8 9 
Structure 548: 2 7 5 3 4 8 1 6 
	-> 1 2 3 4 5 6 7 8 
Structure 549: 13 2 7 5 9 3 4 8 1 6 
	-> 1 2 3 4 5 6 7 8 9 13 
Structure 550: 2 7 5 10 9 3 4 8 1 6 
	-> 1 2 3 4 5 6 7 8 9 10 
Structure 551: 13 2 7 5 3 4 8 1 17 6 
	-> 1 2 3 4 5 6 7 8 13 
Structure 552: 2 7 5 10 3 4 8 1 6 
	-> 1 2 3 4 5 6 7 8 10 
Structure 553: 20 2 7 5 9 3 4 8 1 45 6 
	-> 1 2 3 4 5 6 7 8 9 
Structure 554: 2 7 5 10 9 3 4 8 1 6 
	-> 1 2 3 4 5 6 7 8 9 10 
Structure 555: 2 7 5 10 38 3 4 8 1 6 
	-> 1 2 3 4 5 6 7 8 10 
Structure 556: 2 7 5 3 4 8 1 6 
	-> 1 2 3 4 5 6 7 8 
Structure 557: 48 2 7 5 9 3 4 8 1 6 
	-> 1 2 3 4 5 6 7 8 9 
Structure 558: 2 7 5 10 9 3 4 8 1 6 
	-> 1 2 3 4 5 6 7 8 9 10 
Structure 559: 2 7 5 11 9 3 4 8 1 6 
	-> 1 2 3 4 5 6 7 8 9 11 
Structure 560: 2 7 5 10 9 3 4 1 6 
	-> 1 2 3 4 5 6 7 9 10 
Structure 561: 2 7 5 9 3 4 8 1 18 6 
	-> 1 2 3 4 5 6 7 8 9 
Structure 562: 2 7 5 9 3 4 8 1 6 
	-> 1 2 3 4 5 6 7 8 9 
Structure 563: 2 7 5 3 4 8 1 6 
	-> 1 2 3 4 5 6 7 8 
Structure 564: 2 7 5 10 9 3 4 8 1 6 
	-> 1 2 3 4 5 6 7 8 9 10 
Structure 565: 2 7 5 10 3 4 8 1 6 
	-> 1 2 3 4 5 6 7 8 10 
Structure 566: 35 2 7 5 9 3 4 8 1 6 
	-> 1 2 3 4 5 6 7 8 9 
Structure 567: 13 2 7 5 9 3 4 8 1 6 
	-> 1 2 3 4 5 6 7 8 9 13 
Structure 568: 2 7 5 10 9 3 4 8 1 6 
	-> 1 2 3 4 5 6 7 8 9 10 
Structure 569: 13 2 7 5 11 9 3 4 8 1 6 
	-> 1 2 3 4 5 6 7 8 9 11 13 
Structure 570: 2 7 5 9 3 4 8 1 6 
	-> 1 2 3 4 5 6 7 8 9 
Structure 571: 2 7 5 10 9 3 4 8 1 6 
	-> 1 2 3 4 5 6 7 8 9 10 
Structure 572: 2 7 5 9 3 4 8 1 6 
	-> 1 2 3 4 5 6 7 8 9 
Structure 573: 52 31 2 7 5 9 3 4 8 1 6 
	-> 1 2 3 4 5 6 7 8 9 
Structure 574: 2 7 5 11 9 3 4 8 1 6 
	-> 1 2 3 4 5 6 7 8 9 11 
Structure 575: 24 2 7 5 11 3 4 8 1 6 
	-> 1 2 3 4 5 6 7 8 11 
Structure 576: 2 7 5 9 3 4 8 1 6 
	-> 1 2 3 4 5 6 7 8 9 
Structure 577: 2 7 5 9 3 4 1 6 
	-> 1 2 3 4 5 6 7 9 
Structure 578: 2 7 5 9 3 4 8 1 6 
	-> 1 2 3 4 5 6 7 8 9 
Structure 579: 2 7 5 10 9 3 4 8 1 6 
	-> 1 2 3 4 5 6 7 8 9 10 
Structure 580: 2 7 5 11 10 3 4 8 1 6 
	-> 1 2 3 4 5 6 7 8 10 11 
Structure 581: 2 7 12 5 16 9 3 4 8 1 6 
	-> 1 2 3 4 5 6 7 8 9 12 
Structure 582: 15 2 7 5 10 9 3 4 8 1 6 
	-> 1 2 3 4 5 6 7 8 9 10 
Structure 583: 13 2 7 5 10 9 3 4 8 1 6 
	-> 1 2 3 4 5 6 7 8 9 10 13 
Structure 584: 2 7 5 10 9 3 4 30 8 1 6 
	-> 1 2 3 4 5 6 7 8 9 10 
Structure 585: 13 2 7 5 10 9 3 4 8 1 6 
	-> 1 2 3 4 5 6 7 8 9 10 13 
Structure 586: 2 7 5 10 3 4 8 1 6 
	-> 1 2 3 4 5 6 7 8 10 
Structure 587: 2 7 5 11 9 3 4 8 1 6 
	-> 1 2 3 4 5 6 7 8 9 11 
Structure 588: 2 7 5 11 9 3 4 8 1 6 
	-> 1 2 3 4 5 6 7 8 9 11 
Structure 589: 2 7 5 9 3 4 8 1 6 
	-> 1 2 3 4 5 6 7 8 9 
Structure 590: 2 7 12 5 11 9 3 4 8 1 6 
	-> 1 2 3 4 5 6 7 8 9 11 12 
Structure 591: 14 2 7 12 5 9 3 4 8 1 6 
	-> 1 2 3 4 5 6 7 8 9 12 14 
Structure 592: 2 7 5 11 9 3 4 19 1 6 
	-> 1 2 3 4 5 6 7 9 11 
Structure 593: 2 7 5 10 9 3 4 8 1 6 
	-> 1 2 3 4 5 6 7 8 9 10 
Structure 594: 15 2 7 5 16 9 3 4 1 6 
	-> 1 2 3 4 5 6 7 9 
Structure 595: 2 7 5 10 9 3 4 8 1 6 
	-> 1 2 3 4 5 6 7 8 9 10 
Structure 596: 2 7 12 5 10 9 3 4 8 1 6 
	-> 1 2 3 4 5 6 7 8 9 10 12 
Structure 597: 2 7 5 11 9 3 4 8 1 6 
	-> 1 2 3 4 5 6 7 8 9 11 
Structure 598: 2 7 5 10 3 4 8 1 6 
	-> 1 2 3 4 5 6 7 8 10 
Structure 599: 2 7 12 5 9 3 4 8 1 6 
	-> 1 2 3 4 5 6 7 8 9 12 
Structure 600: 2 7 5 10 9 3 4 8 1 6 
	-> 1 2 3 4 5 6 7 8 9 10 
Structure 601: 2 7 12 5 11 3 4 8 1 6 
	-> 1 2 3 4 5 6 7 8 11 12 
Structure 602: 15 2 7 5 10 9 3 4 8 1 6 
	-> 1 2 3 4 5 6 7 8 9 10 
Structure 603: 2 7 5 10 9 3 4 8 1 6 
	-> 1 2 3 4 5 6 7 8 9 10 
Structure 604: 2 7 5 10 9 3 4 8 1 6 
	-> 1 2 3 4 5 6 7 8 9 10 
Structure 605: 14 2 7 12 5 9 3 4 8 1 6 
	-> 1 2 3 4 5 6 7 8 9 12 14 
Structure 606: 2 7 5 9 3 4 8 1 6 
	-> 1 2 3 4 5 6 7 8 9 
Structure 607: 13 2 7 5 3 4 8 1 6 
	-> 1 2 3 4 5 6 7 8 13 
Structure 608: 2 7 5 10 9 3 4 8 1 6 
	-> 1 2 3 4 5 6 7 8 9 10 
Structure 609: 2 7 5 10 9 3 4 8 1 6 
	-> 1 2 3 4 5 6 7 8 9 10 
Structure 610: 2 7 5 3 4 8 1 6 
	-> 1 2 3 4 5 6 7 8 
Structure 611: 2 7 5 9 3 4 8 1 6 
	-> 1 2 3 4 5 6 7 8 9 
Structure 612: 2 7 12 5 10 3 4 8 1 6 
	-> 1 2 3 4 5 6 7 8 10 12 
Structure 613: 2 7 5 10 9 3 4 8 1 6 
	-> 1 2 3 4 5 6 7 8 9 10 
Structure 614: 2 7 5 11 9 3 4 8 1 6 
	-> 1 2 3 4 5 6 7 8 9 11 
Structure 615: 2 7 5 9 3 4 8 1 6 
	-> 1 2 3 4 5 6 7 8 9 
Structure 616: 2 7 12 5 11 9 3 4 8 1 6 
	-> 1 2 3 4 5 6 7 8 9 11 12 
Structure 617: 2 7 5 10 9 3 4 8 1 6 
	-> 1 2 3 4 5 6 7 8 9 10 
Structure 618: 2 7 5 9 3 4 8 1 6 
	-> 1 2 3 4 5 6 7 8 9 
Structure 619: 2 7 5 3 4 8 1 6 
	-> 1 2 3 4 5 6 7 8 
Structure 620: 2 7 5 9 3 4 8 1 6 
	-> 1 2 3 4 5 6 7 8 9 
Structure 621: 2 7 5 3 4 8 1 6 
	-> 1 2 3 4 5 6 7 8 
Structure 622: 14 2 7 5 9 3 4 8 1 6 
	-> 1 2 3 4 5 6 7 8 9 14 
Structure 623: 2 7 5 9 3 4 19 1 6 
	-> 1 2 3 4 5 6 7 9 
Structure 624: 2 7 5 9 3 4 8 1 6 
	-> 1 2 3 4 5 6 7 8 9 
Structure 625: 2 7 5 9 3 4 8 1 6 
	-> 1 2 3 4 5 6 7 8 9 
Structure 626: 2 7 5 9 3 4 19 1 6 
	-> 1 2 3 4 5 6 7 9 
Structure 627: 14 13 2 7 5 10 3 4 8 1 6 
	-> 1 2 3 4 5 6 7 8 10 13 14 
Structure 628: 2 7 5 3 4 8 1 6 
	-> 1 2 3 4 5 6 7 8 
Structure 629: 14 2 7 5 11 9 3 4 8 1 6 
	-> 1 2 3 4 5 6 7 8 9 11 14 
Structure 630: 2 7 5 9 3 4 8 1 6 
	-> 1 2 3 4 5 6 7 8 9 
Structure 631: 2 7 12 5 10 3 4 8 1 18 6 
	-> 1 2 3 4 5 6 7 8 10 12 
Structure 632: 2 7 5 11 10 3 4 8 1 6 
	-> 1 2 3 4 5 6 7 8 10 11 
Structure 633: 2 7 5 10 9 3 4 8 1 6 
	-> 1 2 3 4 5 6 7 8 9 10 
Structure 634: 2 7 5 11 9 3 4 8 1 6 
	-> 1 2 3 4 5 6 7 8 9 11 
Structure 635: 2 7 5 9 3 4 8 1 6 
	-> 1 2 3 4 5 6 7 8 9 
Structure 636: 2 7 5 3 4 8 1 6 
	-> 1 2 3 4 5 6 7 8 
Structure 637: 2 7 5 10 9 3 4 22 1 6 
	-> 1 2 3 4 5 6 7 9 10 
Structure 638: 2 7 12 5 11 9 3 4 8 1 6 
	-> 1 2 3 4 5 6 7 8 9 11 12 
Structure 639: 2 7 5 10 9 3 4 8 1 6 
	-> 1 2 3 4 5 6 7 8 9 10 
Structure 640: 2 7 5 3 4 8 1 6 
	-> 1 2 3 4 5 6 7 8 
Structure 641: 2 7 5 10 9 3 4 8 1 6 
	-> 1 2 3 4 5 6 7 8 9 10 
Structure 642: 2 7 5 9 3 4 8 1 6 
	-> 1 2 3 4 5 6 7 8 9 
Structure 643: 2 7 5 9 3 4 8 1 6 
	-> 1 2 3 4 5 6 7 8 9 
Structure 644: 2 7 12 5 10 9 3 4 8 1 6 
	-> 1 2 3 4 5 6 7 8 9 10 12 
Structure 645: 13 2 7 5 11 3 4 8 1 6 
	-> 1 2 3 4 5 6 7 8 11 13 
Structure 646: 2 7 5 9 3 4 8 1 6 
	-> 1 2 3 4 5 6 7 8 9 
Structure 647: 2 7 5 10 9 3 4 8 1 6 
	-> 1 2 3 4 5 6 7 8 9 10 
Structure 648: 2 7 5 9 3 4 8 1 6 
	-> 1 2 3 4 5 6 7 8 9 
Structure 649: 2 7 5 10 3 4 8 1 18 6 
	-> 1 2 3 4 5 6 7 8 10 
Structure 650: 2 7 5 10 9 3 4 8 1 6 
	-> 1 2 3 4 5 6 7 8 9 10 
Structure 651: 21 2 7 5 3 4 8 1 6 
	-> 1 2 3 4 5 6 7 8 
Structure 652: 2 7 5 9 3 4 8 1 6 
	-> 1 2 3 4 5 6 7 8 9 
Structure 653: 2 7 5 10 9 3 4 8 1 6 
	-> 1 2 3 4 5 6 7 8 9 10 
Structure 654: 2 7 5 9 3 4 8 1 6 
	-> 1 2 3 4 5 6 7 8 9 
Structure 655: 13 2 7 5 11 9 3 4 8 1 18 6 
	-> 1 2 3 4 5 6 7 8 9 11 13 
Structure 656: 2 7 12 5 9 3 4 8 1 6 
	-> 1 2 3 4 5 6 7 8 9 12 
Structure 657: 2 7 5 10 9 3 4 8 1 6 
	-> 1 2 3 4 5 6 7 8 9 10 
Structure 658: 2 7 5 16 9 3 4 8 1 6 
	-> 1 2 3 4 5 6 7 8 9 
Structure 659: 13 2 7 5 9 3 4 8 1 6 
	-> 1 2 3 4 5 6 7 8 9 13 
Structure 660: 2 7 12 5 11 10 3 4 8 1 6 
	-> 1 2 3 4 5 6 7 8 10 11 12 
Structure 661: 21 2 7 5 10 9 3 4 8 1 6 
	-> 1 2 3 4 5 6 7 8 9 10 
Structure 662: 14 2 27 7 5 10 9 3 4 19 1 17 6 
	-> 1 2 3 4 5 6 7 9 10 14 
Structure 663: 2 7 5 9 3 4 8 1 6 
	-> 1 2 3 4 5 6 7 8 9 
Structure 664: 2 7 5 9 3 4 8 1 6 
	-> 1 2 3 4 5 6 7 8 9 
Structure 665: 2 7 5 3 4 8 1 6 
	-> 1 2 3 4 5 6 7 8 
Structure 666: 2 7 5 9 3 4 8 1 6 
	-> 1 2 3 4 5 6 7 8 9 
Structure 667: 2 7 5 16 9 3 4 8 1 6 
	-> 1 2 3 4 5 6 7 8 9 
Structure 668: 14 13 2 7 5 11 9 3 4 8 1 17 6 
	-> 1 2 3 4 5 6 7 8 9 11 13 14 
Structure 669: 13 2 7 5 3 4 8 1 6 
	-> 1 2 3 4 5 6 7 8 13 
Structure 670: 2 7 5 11 9 3 4 8 1 6 
	-> 1 2 3 4 5 6 7 8 9 11 
Structure 671: 14 2 7 5 10 9 3 4 8 1 6 
	-> 1 2 3 4 5 6 7 8 9 10 14 
Structure 672: 2 7 5 11 9 3 4 8 1 6 
	-> 1 2 3 4 5 6 7 8 9 11 
Structure 673: 13 2 7 12 5 3 4 8 1 6 
	-> 1 2 3 4 5 6 7 8 12 13 
Structure 674: 2 7 5 9 3 4 8 1 6 
	-> 1 2 3 4 5 6 7 8 9 
Structure 675: 2 7 5 9 3 4 8 1 6 
	-> 1 2 3 4 5 6 7 8 9 
Structure 676: 2 7 5 9 3 4 8 1 6 
	-> 1 2 3 4 5 6 7 8 9 
Structure 677: 2 7 12 5 10 3 4 8 1 6 
	-> 1 2 3 4 5 6 7 8 10 12 
Structure 678: 13 2 7 5 9 3 4 8 1 6 
	-> 1 2 3 4 5 6 7 8 9 13 
Structure 679: 2 7 5 3 4 8 1 32 33 
	-> 1 2 3 4 5 7 8 
Structure 680: 2 7 5 9 3 4 8 1 6 
	-> 1 2 3 4 5 6 7 8 9 
Structure 681: 2 7 12 5 9 3 4 8 1 6 
	-> 1 2 3 4 5 6 7 8 9 12 
Structure 682: 2 7 5 9 3 4 8 1 6 
	-> 1 2 3 4 5 6 7 8 9 
Structure 683: 2 7 5 9 3 4 8 1 6 
	-> 1 2 3 4 5 6 7 8 9 
Structure 684: 2 7 5 10 9 3 4 8 1 6 
	-> 1 2 3 4 5 6 7 8 9 10 
Structure 685: 2 7 5 10 9 3 4 8 1 53 6 
	-> 1 2 3 4 5 6 7 8 9 10 
Structure 686: 2 7 5 9 3 4 8 1 6 
	-> 1 2 3 4 5 6 7 8 9 
Structure 687: 24 2 7 12 5 10 9 3 4 8 1 6 
	-> 1 2 3 4 5 6 7 8 9 10 12 
Structure 688: 2 7 5 11 9 3 4 8 1 6 
	-> 1 2 3 4 5 6 7 8 9 11 
Structure 689: 2 7 5 3 4 8 1 6 
	-> 1 2 3 4 5 6 7 8 
Structure 690: 2 7 5 9 3 4 8 1 6 
	-> 1 2 3 4 5 6 7 8 9 
Structure 691: 2 7 12 5 10 3 4 8 1 6 
	-> 1 2 3 4 5 6 7 8 10 12 
Structure 692: 2 7 5 10 9 3 4 8 1 6 
	-> 1 2 3 4 5 6 7 8 9 10 
Structure 693: 2 7 5 11 10 9 3 4 8 1 6 
	-> 1 2 3 4 5 6 7 8 9 10 11 
Structure 694: 2 7 5 10 9 3 4 8 1 6 
	-> 1 2 3 4 5 6 7 8 9 10 
Structure 695: 2 7 5 10 9 3 4 8 1 6 
	-> 1 2 3 4 5 6 7 8 9 10 
Structure 696: 13 2 7 5 11 9 3 4 8 1 6 
	-> 1 2 3 4 5 6 7 8 9 11 13 
Structure 697: 15 2 7 5 9 3 4 8 1 6 
	-> 1 2 3 4 5 6 7 8 9 
Structure 698: 2 7 5 11 10 9 3 4 8 1 18 6 
	-> 1 2 3 4 5 6 7 8 9 10 11 
Structure 699: 2 7 5 3 4 8 1 6 
	-> 1 2 3 4 5 6 7 8 
Structure 700: 2 7 5 10 3 4 8 1 6 
	-> 1 2 3 4 5 6 7 8 10 
Structure 701: 13 2 7 5 9 3 4 8 1 6 
	-> 1 2 3 4 5 6 7 8 9 13 
Structure 702: 13 2 7 5 9 3 4 8 1 6 
	-> 1 2 3 4 5 6 7 8 9 13 
Structure 703: 13 2 7 5 9 3 4 8 1 6 
	-> 1 2 3 4 5 6 7 8 9 13 
Structure 704: 2 7 5 11 9 3 4 8 1 6 
	-> 1 2 3 4 5 6 7 8 9 11 
Structure 705: 2 7 12 5 9 3 4 8 1 6 
	-> 1 2 3 4 5 6 7 8 9 12 
Structure 706: 13 2 7 5 3 4 8 1 6 
	-> 1 2 3 4 5 6 7 8 13 
Structure 707: 2 7 5 16 9 3 4 8 1 6 
	-> 1 2 3 4 5 6 7 8 9 
Structure 708: 2 7 5 3 4 8 1 6 
	-> 1 2 3 4 5 6 7 8 
Structure 709: 13 2 7 5 10 3 4 8 1 6 
	-> 1 2 3 4 5 6 7 8 10 13 
Structure 710: 13 2 7 5 9 3 4 8 1 17 6 
	-> 1 2 3 4 5 6 7 8 9 13 
Structure 711: 13 2 7 5 16 9 3 4 8 1 6 
	-> 1 2 3 4 5 6 7 8 9 13 
Structure 712: 2 7 5 9 3 4 8 1 6 
	-> 1 2 3 4 5 6 7 8 9 
Structure 713: 2 7 5 9 3 4 8 1 6 
	-> 1 2 3 4 5 6 7 8 9 
Structure 714: 2 7 12 5 11 3 4 8 1 6 
	-> 1 2 3 4 5 6 7 8 11 12 
Structure 715: 13 2 7 5 9 3 4 8 1 18 6 
	-> 1 2 3 4 5 6 7 8 9 13 
Structure 716: 13 2 7 5 10 3 4 8 1 18 6 
	-> 1 2 3 4 5 6 7 8 10 13 
Structure 717: 2 7 5 9 3 4 8 1 17 6 
	-> 1 2 3 4 5 6 7 8 9 
Structure 718: 2 7 5 9 3 4 8 1 6 
	-> 1 2 3 4 5 6 7 8 9 
Structure 719: 2 7 5 11 10 3 4 8 1 6 
	-> 1 2 3 4 5 6 7 8 10 11 
Structure 720: 13 2 7 5 10 9 3 4 8 1 6 
	-> 1 2 3 4 5 6 7 8 9 10 13 
Structure 721: 2 7 5 11 9 3 4 8 1 17 6 
	-> 1 2 3 4 5 6 7 8 9 11 
Structure 722: 2 7 5 11 3 4 8 1 6 
	-> 1 2 3 4 5 6 7 8 11 
Structure 723: 2 7 5 9 3 4 8 1 6 
	-> 1 2 3 4 5 6 7 8 9 
Structure 724: 2 7 5 10 9 3 4 8 1 6 
	-> 1 2 3 4 5 6 7 8 9 10 
Structure 725: 2 7 5 9 3 4 8 1 6 
	-> 1 2 3 4 5 6 7 8 9 
Structure 726: 2 7 5 9 3 4 1 6 
	-> 1 2 3 4 5 6 7 9 
Structure 727: 13 2 7 12 5 11 9 3 4 8 1 6 
	-> 1 2 3 4 5 6 7 8 9 11 12 13 
Structure 728: 2 7 5 11 9 3 4 8 1 6 
	-> 1 2 3 4 5 6 7 8 9 11 
Structure 729: 15 2 7 5 3 4 8 1 6 
	-> 1 2 3 4 5 6 7 8 
Structure 730: 2 7 12 5 9 3 4 8 1 6 
	-> 1 2 3 4 5 6 7 8 9 12 
Structure 731: 2 7 5 10 3 4 8 1 6 
	-> 1 2 3 4 5 6 7 8 10 
Structure 732: 2 7 5 9 3 4 8 1 6 
	-> 1 2 3 4 5 6 7 8 9 
Structure 733: 2 7 5 9 3 4 8 1 6 
	-> 1 2 3 4 5 6 7 8 9 
Structure 734: 2 7 12 5 9 3 4 8 1 6 
	-> 1 2 3 4 5 6 7 8 9 12 
Structure 735: 14 2 7 5 10 9 3 4 8 1 6 
	-> 1 2 3 4 5 6 7 8 9 10 14 
Structure 736: 2 7 5 10 9 3 4 8 1 6 
	-> 1 2 3 4 5 6 7 8 9 10 
Structure 737: 15 2 7 5 9 3 4 8 1 6 
	-> 1 2 3 4 5 6 7 8 9 
Structure 738: 15 54 7 5 10 3 4 8 1 6 
	-> 1 3 4 5 6 7 8 10 
Structure 739: 2 7 5 9 3 4 8 1 6 
	-> 1 2 3 4 5 6 7 8 9 
Structure 740: 15 2 7 5 11 9 3 4 8 1 6 
	-> 1 2 3 4 5 6 7 8 9 11 
Structure 741: 2 7 5 9 3 4 8 1 6 
	-> 1 2 3 4 5 6 7 8 9 
Structure 742: 2 7 5 10 9 3 4 8 1 6 
	-> 1 2 3 4 5 6 7 8 9 10 
Structure 743: 2 7 5 9 3 4 8 1 6 
	-> 1 2 3 4 5 6 7 8 9 
Structure 744: 13 2 7 5 11 34 9 3 4 8 1 6 
	-> 1 2 3 4 5 6 7 8 9 11 13 
Structure 745: 2 7 5 11 3 4 8 1 6 
	-> 1 2 3 4 5 6 7 8 11 
Structure 746: 2 7 5 3 4 8 1 6 
	-> 1 2 3 4 5 6 7 8 
Structure 747: 2 7 5 9 3 4 8 1 6 
	-> 1 2 3 4 5 6 7 8 9 
Structure 748: 2 7 5 10 3 4 8 1 6 
	-> 1 2 3 4 5 6 7 8 10 
Structure 749: 20 2 7 5 10 9 3 4 8 1 6 
	-> 1 2 3 4 5 6 7 8 9 10 
Structure 750: 14 2 7 5 11 55 3 4 8 1 6 
	-> 1 2 3 4 5 6 7 8 11 14 
Structure 751: 13 2 7 5 10 9 3 4 19 1 6 
	-> 1 2 3 4 5 6 7 9 10 13 
Structure 752: 2 7 5 9 3 4 8 1 6 
	-> 1 2 3 4 5 6 7 8 9 
Structure 753: 2 7 5 9 3 4 8 1 6 
	-> 1 2 3 4 5 6 7 8 9 
Structure 754: 2 7 5 9 3 4 8 1 6 
	-> 1 2 3 4 5 6 7 8 9 
Structure 755: 2 7 5 3 4 8 1 6 
	-> 1 2 3 4 5 6 7 8 
Structure 756: 2 7 5 3 4 8 1 6 
	-> 1 2 3 4 5 6 7 8 
Structure 757: 2 7 5 11 9 3 4 8 1 6 
	-> 1 2 3 4 5 6 7 8 9 11 
Structure 758: 13 2 7 5 9 3 4 8 1 6 
	-> 1 2 3 4 5 6 7 8 9 13 
Structure 759: 2 7 5 9 3 4 8 1 6 
	-> 1 2 3 4 5 6 7 8 9 
Structure 760: 2 7 5 9 3 4 8 1 6 
	-> 1 2 3 4 5 6 7 8 9 
Structure 761: 2 7 5 10 3 4 8 1 6 
	-> 1 2 3 4 5 6 7 8 10 
Structure 762: 2 7 5 9 3 4 8 1 6 
	-> 1 2 3 4 5 6 7 8 9 
Structure 763: 21 2 7 5 9 3 4 8 1 6 
	-> 1 2 3 4 5 6 7 8 9 
Structure 764: 2 7 12 5 11 10 9 3 4 8 1 6 
	-> 1 2 3 4 5 6 7 8 9 10 11 12 
Structure 765: 2 7 5 9 3 4 8 1 6 
	-> 1 2 3 4 5 6 7 8 9 
Structure 766: 13 2 7 5 9 3 4 8 1 6 
	-> 1 2 3 4 5 6 7 8 9 13 
Structure 767: 13 2 7 5 9 3 4 8 1 6 
	-> 1 2 3 4 5 6 7 8 9 13 
Structure 768: 23 2 7 5 11 3 4 8 1 6 
	-> 1 2 3 4 5 6 7 8 11 
Structure 769: 2 7 5 9 3 4 8 1 6 
	-> 1 2 3 4 5 6 7 8 9 
Structure 770: 14 13 2 7 5 10 9 3 4 8 1 17 6 
	-> 1 2 3 4 5 6 7 8 9 10 13 14 
Structure 771: 13 2 7 5 3 4 8 1 6 
	-> 1 2 3 4 5 6 7 8 13 
Structure 772: 2 7 5 16 9 3 4 8 1 6 
	-> 1 2 3 4 5 6 7 8 9 
Structure 773: 2 7 5 10 9 3 4 8 1 18 6 
	-> 1 2 3 4 5 6 7 8 9 10 
Structure 774: 2 7 12 5 10 9 3 4 22 8 1 6 
	-> 1 2 3 4 5 6 7 8 9 10 12 
Structure 775: 2 7 5 3 4 8 1 6 
	-> 1 2 3 4 5 6 7 8 
Structure 776: 2 7 5 9 3 4 8 1 6 
	-> 1 2 3 4 5 6 7 8 9 
Structure 777: 2 7 5 16 3 4 8 1 6 
	-> 1 2 3 4 5 6 7 8 
Structure 778: 2 7 12 5 10 9 3 4 8 1 6 
	-> 1 2 3 4 5 6 7 8 9 10 12 
Structure 779: 2 7 5 10 3 4 8 1 6 
	-> 1 2 3 4 5 6 7 8 10 
Structure 780: 2 7 5 3 4 8 1 6 
	-> 1 2 3 4 5 6 7 8 
Structure 781: 2 7 5 10 9 3 4 8 1 6 
	-> 1 2 3 4 5 6 7 8 9 10 
Structure 782: 15 2 7 5 3 4 8 1 6 
	-> 1 2 3 4 5 6 7 8 
Structure 783: 2 7 5 3 4 8 1 6 
	-> 1 2 3 4 5 6 7 8 
Structure 784: 13 2 7 5 9 3 4 8 1 6 
	-> 1 2 3 4 5 6 7 8 9 13 
Structure 785: 2 7 5 16 3 4 8 1 6 
	-> 1 2 3 4 5 6 7 8 
Structure 786: 2 7 5 3 4 22 8 1 6 
	-> 1 2 3 4 5 6 7 8 
Structure 787: 2 7 5 11 10 9 3 4 8 1 43 17 6 
	-> 1 2 3 4 5 6 7 8 9 10 11 
Structure 788: 14 2 7 5 9 3 4 8 1 6 
	-> 1 2 3 4 5 6 7 8 9 14 
Structure 789: 13 2 7 5 10 9 3 4 8 1 6 
	-> 1 2 3 4 5 6 7 8 9 10 13 
Structure 790: 2 7 5 11 3 4 8 1 6 
	-> 1 2 3 4 5 6 7 8 11 
Structure 791: 2 7 12 5 3 4 8 1 6 
	-> 1 2 3 4 5 6 7 8 12 
Structure 792: 2 7 5 3 4 8 1 6 
	-> 1 2 3 4 5 6 7 8 
Structure 793: 56 57 9 3 4 8 1 32 33 
	-> 1 3 4 8 9 
Structure 794: 2 7 5 10 9 3 4 8 1 6 
	-> 1 2 3 4 5 6 7 8 9 10 
Structure 795: 2 7 12 5 10 9 3 4 8 1 6 
	-> 1 2 3 4 5 6 7 8 9 10 12 
Structure 796: 14 13 2 7 5 3 4 8 1 6 
	-> 1 2 3 4 5 6 7 8 13 14 
Structure 797: 2 7 5 11 3 4 8 1 6 
	-> 1 2 3 4 5 6 7 8 11 
Structure 798: 2 7 12 5 10 9 3 4 8 1 6 
	-> 1 2 3 4 5 6 7 8 9 10 12 
Structure 799: 2 7 5 10 9 3 4 8 1 6 
	-> 1 2 3 4 5 6 7 8 9 10 
Structure 800: 13 2 7 5 10 9 3 4 8 1 6 
	-> 1 2 3 4 5 6 7 8 9 10 13 
Structure 801: 2 7 5 10 9 3 4 8 1 6 
	-> 1 2 3 4 5 6 7 8 9 10 
Structure 802: 24 2 7 5 11 9 3 4 8 1 6 
	-> 1 2 3 4 5 6 7 8 9 11 
Structure 803: 14 2 7 5 3 4 8 1 6 
	-> 1 2 3 4 5 6 7 8 14 
Structure 804: 2 7 5 9 3 4 8 1 6 
	-> 1 2 3 4 5 6 7 8 9 
Structure 805: 2 7 12 5 9 3 4 8 1 6 
	-> 1 2 3 4 5 6 7 8 9 12 
Structure 806: 2 7 5 3 4 8 1 6 
	-> 1 2 3 4 5 6 7 8 
Structure 807: 2 7 12 5 9 3 4 8 1 6 
	-> 1 2 3 4 5 6 7 8 9 12 
Structure 808: 13 2 7 5 16 9 3 4 8 1 6 
	-> 1 2 3 4 5 6 7 8 9 13 
Structure 809: 2 7 5 10 9 3 4 8 1 6 
	-> 1 2 3 4 5 6 7 8 9 10 
Structure 810: 2 7 5 16 9 3 4 8 1 6 
	-> 1 2 3 4 5 6 7 8 9 
Structure 811: 2 7 5 9 3 4 8 1 6 
	-> 1 2 3 4 5 6 7 8 9 
Structure 812: 2 7 5 10 3 4 8 1 6 
	-> 1 2 3 4 5 6 7 8 10 
Structure 813: 15 2 7 5 9 3 4 8 1 6 
	-> 1 2 3 4 5 6 7 8 9 
Structure 814: 2 7 5 16 9 3 4 8 1 6 
	-> 1 2 3 4 5 6 7 8 9 
Structure 815: 58 2 7 5 9 3 4 8 1 6 
	-> 1 2 3 4 5 6 7 8 9 
Structure 816: 2 7 5 11 10 9 3 4 8 1 6 
	-> 1 2 3 4 5 6 7 8 9 10 11 
Structure 817: 14 2 7 5 3 4 8 1 6 
	-> 1 2 3 4 5 6 7 8 14 
Structure 818: 2 7 5 10 9 3 4 8 1 6 
	-> 1 2 3 4 5 6 7 8 9 10 
Structure 819: 2 7 12 5 10 3 4 8 1 6 
	-> 1 2 3 4 5 6 7 8 10 12 
Structure 820: 2 7 5 10 9 3 4 8 1 6 
	-> 1 2 3 4 5 6 7 8 9 10 
Structure 821: 2 7 5 9 3 4 8 1 6 
	-> 1 2 3 4 5 6 7 8 9 
Structure 822: 2 7 12 5 10 3 4 8 1 6 
	-> 1 2 3 4 5 6 7 8 10 12 
Structure 823: 2 7 12 5 9 3 4 8 1 6 
	-> 1 2 3 4 5 6 7 8 9 12 
Structure 824: 13 2 7 12 5 11 10 9 3 4 8 1 6 
	-> 1 2 3 4 5 6 7 8 9 10 11 12 13 
Structure 825: 2 7 5 3 4 8 1 6 
	-> 1 2 3 4 5 6 7 8 
Structure 826: 2 7 5 9 3 4 8 1 6 
	-> 1 2 3 4 5 6 7 8 9 
Structure 827: 2 7 5 10 3 4 8 1 6 
	-> 1 2 3 4 5 6 7 8 10 
Structure 828: 14 2 7 5 11 34 3 4 8 1 6 
	-> 1 2 3 4 5 6 7 8 11 14 
Structure 829: 13 2 7 5 10 9 3 4 8 1 6 
	-> 1 2 3 4 5 6 7 8 9 10 13 
Structure 830: 2 7 5 9 3 4 8 1 6 
	-> 1 2 3 4 5 6 7 8 9 
Structure 831: 2 7 5 9 3 4 8 1 6 
	-> 1 2 3 4 5 6 7 8 9 
Structure 832: 13 2 7 5 10 9 3 4 8 1 6 
	-> 1 2 3 4 5 6 7 8 9 10 13 
Structure 833: 2 7 5 16 9 3 4 8 1 6 
	-> 1 2 3 4 5 6 7 8 9 
Structure 834: 2 7 5 10 9 3 4 8 1 6 
	-> 1 2 3 4 5 6 7 8 9 10 
Structure 835: 2 7 5 10 9 3 4 8 1 6 
	-> 1 2 3 4 5 6 7 8 9 10 
Structure 836: 2 7 12 5 11 9 3 4 8 1 6 
	-> 1 2 3 4 5 6 7 8 9 11 12 
Structure 837: 2 7 5 38 3 4 8 1 6 
	-> 1 2 3 4 5 6 7 8 
Structure 838: 2 7 5 9 3 4 8 1 6 
	-> 1 2 3 4 5 6 7 8 9 
Structure 839: 2 7 5 9 3 4 8 1 6 
	-> 1 2 3 4 5 6 7 8 9 
Structure 840: 15 2 7 12 5 9 3 4 8 1 6 
	-> 1 2 3 4 5 6 7 8 9 12 
Structure 841: 2 7 5 3 4 8 1 6 
	-> 1 2 3 4 5 6 7 8 
Structure 842: 2 7 5 9 3 4 8 1 6 
	-> 1 2 3 4 5 6 7 8 9 
Structure 843: 2 7 5 10 9 3 4 8 1 6 
	-> 1 2 3 4 5 6 7 8 9 10 
Structure 844: 2 7 5 10 3 4 8 1 6 
	-> 1 2 3 4 5 6 7 8 10 
Structure 845: 2 7 5 11 9 3 4 8 1 6 
	-> 1 2 3 4 5 6 7 8 9 11 
Structure 846: 2 7 12 5 10 9 3 4 8 1 6 
	-> 1 2 3 4 5 6 7 8 9 10 12 
Structure 847: 2 7 5 9 3 4 8 1 6 
	-> 1 2 3 4 5 6 7 8 9 
Structure 848: 2 7 12 5 10 9 3 4 8 1 6 
	-> 1 2 3 4 5 6 7 8 9 10 12 
Structure 849: 2 7 5 10 9 25 3 4 8 1 6 
	-> 1 2 3 4 5 6 7 8 9 10 
Structure 850: 2 7 5 11 9 3 4 8 1 6 
	-> 1 2 3 4 5 6 7 8 9 11 
Structure 851: 13 2 7 5 9 3 4 8 1 6 
	-> 1 2 3 4 5 6 7 8 9 13 
Structure 852: 2 7 5 34 9 3 4 8 1 6 
	-> 1 2 3 4 5 6 7 8 9 
Structure 853: 2 7 5 9 3 4 8 1 6 
	-> 1 2 3 4 5 6 7 8 9 
Structure 854: 20 2 7 5 10 3 4 8 1 6 
	-> 1 2 3 4 5 6 7 8 10 
Structure 855: 14 2 7 5 11 10 9 3 4 8 1 6 
	-> 1 2 3 4 5 6 7 8 9 10 11 14 
Structure 856: 13 2 7 5 9 3 4 8 1 6 
	-> 1 2 3 4 5 6 7 8 9 13 
Structure 857: 2 7 5 9 3 4 8 1 6 
	-> 1 2 3 4 5 6 7 8 9 
Structure 858: 23 13 2 7 12 5 9 3 4 8 1 6 
	-> 1 2 3 4 5 6 7 8 9 12 13 
Structure 859: 2 7 5 9 3 4 8 1 6 
	-> 1 2 3 4 5 6 7 8 9 
Structure 860: 2 7 5 9 3 4 8 1 6 
	-> 1 2 3 4 5 6 7 8 9 
Structure 861: 2 7 5 11 9 3 4 8 1 6 
	-> 1 2 3 4 5 6 7 8 9 11 
Structure 862: 2 7 5 3 4 8 1 6 
	-> 1 2 3 4 5 6 7 8 
Structure 863: 13 2 27 5 10 9 3 4 8 1 6 
	-> 1 2 3 4 5 6 8 9 10 13 
Structure 864: 2 7 5 11 3 4 8 1 17 6 
	-> 1 2 3 4 5 6 7 8 11 
Structure 865: 2 7 5 11 9 3 4 8 1 6 
	-> 1 2 3 4 5 6 7 8 9 11 
Structure 866: 2 7 5 10 9 3 4 8 1 6 
	-> 1 2 3 4 5 6 7 8 9 10 
Structure 867: 2 7 5 9 3 4 8 1 18 6 
	-> 1 2 3 4 5 6 7 8 9 
Structure 868: 2 7 5 34 9 3 4 8 1 6 
	-> 1 2 3 4 5 6 7 8 9 
Structure 869: 2 7 5 9 3 4 8 1 6 
	-> 1 2 3 4 5 6 7 8 9 
Structure 870: 2 7 5 11 9 3 4 8 1 6 
	-> 1 2 3 4 5 6 7 8 9 11 
Structure 871: 2 7 5 11 3 4 8 1 6 
	-> 1 2 3 4 5 6 7 8 11 
Structure 872: 2 7 5 10 3 4 22 8 1 6 
	-> 1 2 3 4 5 6 7 8 10 
Structure 873: 15 2 7 12 5 9 3 4 8 1 6 
	-> 1 2 3 4 5 6 7 8 9 12 
Structure 874: 2 7 5 11 9 3 4 8 1 6 
	-> 1 2 3 4 5 6 7 8 9 11 
Structure 875: 2 7 12 5 11 9 3 4 8 1 6 
	-> 1 2 3 4 5 6 7 8 9 11 12 
Structure 876: 2 7 5 9 3 4 8 1 6 
	-> 1 2 3 4 5 6 7 8 9 
Structure 877: 15 2 7 12 5 9 3 4 8 1 6 
	-> 1 2 3 4 5 6 7 8 9 12 
Structure 878: 2 7 12 5 9 3 4 8 1 6 
	-> 1 2 3 4 5 6 7 8 9 12 
Structure 879: 2 7 5 10 9 3 4 8 1 6 
	-> 1 2 3 4 5 6 7 8 9 10 
Structure 880: 2 7 5 9 3 4 8 1 6 
	-> 1 2 3 4 5 6 7 8 9 
Structure 881: 2 7 5 11 9 3 4 8 1 6 
	-> 1 2 3 4 5 6 7 8 9 11 
Structure 882: 2 7 5 9 3 4 8 1 6 
	-> 1 2 3 4 5 6 7 8 9 
Structure 883: 2 7 5 3 4 59 1 18 6 
	-> 1 2 3 4 5 6 7 
Structure 884: 2 7 5 10 3 4 8 1 6 
	-> 1 2 3 4 5 6 7 8 10 
Structure 885: 2 7 5 3 4 22 8 1 6 
	-> 1 2 3 4 5 6 7 8 
Structure 886: 2 7 12 5 16 3 4 8 1 6 
	-> 1 2 3 4 5 6 7 8 12 
Structure 887: 2 7 5 26 9 3 4 8 1 6 
	-> 1 2 3 4 5 6 7 8 9 
Structure 888: 13 2 7 5 9 3 4 8 1 6 
	-> 1 2 3 4 5 6 7 8 9 13 
Structure 889: 2 7 5 11 9 3 4 1 6 
	-> 1 2 3 4 5 6 7 9 11 
Structure 890: 2 7 5 10 9 3 4 8 1 6 
	-> 1 2 3 4 5 6 7 8 9 10 
Structure 891: 13 2 7 5 11 10 3 4 8 1 6 
	-> 1 2 3 4 5 6 7 8 10 11 13 
Structure 892: 2 7 5 3 4 8 1 6 
	-> 1 2 3 4 5 6 7 8 
Structure 893: 14 2 7 5 10 9 3 4 8 1 6 
	-> 1 2 3 4 5 6 7 8 9 10 14 
Structure 894: 2 7 5 10 9 3 4 8 1 6 
	-> 1 2 3 4 5 6 7 8 9 10 
Structure 895: 2 7 5 10 9 3 4 8 1 17 6 
	-> 1 2 3 4 5 6 7 8 9 10 
Structure 896: 2 7 5 16 9 3 4 8 1 6 
	-> 1 2 3 4 5 6 7 8 9 
Structure 897: 2 7 12 5 9 3 4 8 1 6 
	-> 1 2 3 4 5 6 7 8 9 12 
Structure 898: 15 2 7 12 5 9 3 4 1 6 
	-> 1 2 3 4 5 6 7 9 12 
Structure 899: 2 7 5 9 3 4 8 1 6 
	-> 1 2 3 4 5 6 7 8 9 
Structure 900: 2 7 5 9 3 4 8 1 6 
	-> 1 2 3 4 5 6 7 8 9 
Structure 901: 2 7 5 9 3 4 8 1 6 
	-> 1 2 3 4 5 6 7 8 9 
Structure 902: 15 2 7 5 10 3 4 8 1 6 
	-> 1 2 3 4 5 6 7 8 10 
Structure 903: 2 7 12 5 9 3 4 8 1 6 
	-> 1 2 3 4 5 6 7 8 9 12 
Structure 904: 13 2 7 5 16 3 4 8 1 6 
	-> 1 2 3 4 5 6 7 8 13 
Structure 905: 2 7 5 10 9 3 4 8 1 6 
	-> 1 2 3 4 5 6 7 8 9 10 
Structure 906: 2 7 5 10 9 3 4 8 1 6 
	-> 1 2 3 4 5 6 7 8 9 10 
Structure 907: 20 2 7 5 10 9 3 4 8 1 6 
	-> 1 2 3 4 5 6 7 8 9 10 
Structure 908: 2 7 12 5 9 3 4 1 6 
	-> 1 2 3 4 5 6 7 9 12 
Structure 909: 2 7 5 3 4 8 1 6 
	-> 1 2 3 4 5 6 7 8 
Structure 910: 2 7 5 10 9 3 4 8 1 6 
	-> 1 2 3 4 5 6 7 8 9 10 
Structure 911: 20 2 7 5 11 9 3 4 8 1 6 
	-> 1 2 3 4 5 6 7 8 9 11 
Structure 912: 14 2 7 12 5 11 9 3 4 8 1 6 
	-> 1 2 3 4 5 6 7 8 9 11 12 14 
Structure 913: 2 7 5 11 10 9 3 4 8 1 6 
	-> 1 2 3 4 5 6 7 8 9 10 11 
Structure 914: 2 7 5 9 3 4 8 1 6 
	-> 1 2 3 4 5 6 7 8 9 
Structure 915: 2 7 5 9 3 4 8 1 6 
	-> 1 2 3 4 5 6 7 8 9 
Structure 916: 13 2 7 5 16 9 3 4 8 1 6 
	-> 1 2 3 4 5 6 7 8 9 13 
Structure 917: 2 7 5 9 3 4 8 1 6 
	-> 1 2 3 4 5 6 7 8 9 
Structure 918: 14 2 7 5 9 3 4 8 1 6 
	-> 1 2 3 4 5 6 7 8 9 14 
Structure 919: 13 2 7 5 11 9 3 4 8 1 6 
	-> 1 2 3 4 5 6 7 8 9 11 13 
Structure 920: 14 2 7 5 10 3 4 8 1 6 
	-> 1 2 3 4 5 6 7 8 10 14 
Structure 921: 2 7 5 11 9 3 4 8 1 6 
	-> 1 2 3 4 5 6 7 8 9 11 
Structure 922: 2 7 5 9 3 4 8 1 6 
	-> 1 2 3 4 5 6 7 8 9 
Structure 923: 2 7 12 5 9 3 4 8 1 6 
	-> 1 2 3 4 5 6 7 8 9 12 
Structure 924: 2 7 5 9 3 4 8 1 6 
	-> 1 2 3 4 5 6 7 8 9 
Structure 925: 2 7 5 10 9 3 4 8 1 6 
	-> 1 2 3 4 5 6 7 8 9 10 
Structure 926: 13 2 7 5 3 4 8 1 6 
	-> 1 2 3 4 5 6 7 8 13 
Structure 927: 2 7 5 11 9 3 4 8 1 6 
	-> 1 2 3 4 5 6 7 8 9 11 
Structure 928: 2 7 12 5 10 3 4 8 1 6 
	-> 1 2 3 4 5 6 7 8 10 12 
Structure 929: 2 7 12 5 10 9 3 4 8 1 6 
	-> 1 2 3 4 5 6 7 8 9 10 12 
Structure 930: 13 2 7 5 3 4 8 1 6 
	-> 1 2 3 4 5 6 7 8 13 
Structure 931: 13 2 7 5 9 3 4 8 1 6 
	-> 1 2 3 4 5 6 7 8 9 13 
Structure 932: 2 7 12 5 10 3 4 8 1 6 
	-> 1 2 3 4 5 6 7 8 10 12 
Structure 933: 2 7 12 5 9 3 4 8 1 6 
	-> 1 2 3 4 5 6 7 8 9 12 
Structure 934: 2 7 5 9 3 4 8 1 6 
	-> 1 2 3 4 5 6 7 8 9 
Structure 935: 2 7 5 9 3 4 8 1 6 
	-> 1 2 3 4 5 6 7 8 9 
Structure 936: 2 7 5 9 3 4 8 1 6 
	-> 1 2 3 4 5 6 7 8 9 
Structure 937: 2 7 5 9 3 4 8 1 6 
	-> 1 2 3 4 5 6 7 8 9 
Structure 938: 2 7 5 9 3 4 8 1 6 
	-> 1 2 3 4 5 6 7 8 9 
Structure 939: 2 7 5 10 9 3 4 8 1 6 
	-> 1 2 3 4 5 6 7 8 9 10 
Structure 940: 2 7 5 11 9 3 4 8 1 6 
	-> 1 2 3 4 5 6 7 8 9 11 
Structure 941: 2 7 5 3 4 8 1 6 
	-> 1 2 3 4 5 6 7 8 
Structure 942: 14 2 7 5 9 3 4 8 1 6 
	-> 1 2 3 4 5 6 7 8 9 14 
Structure 943: 2 7 5 10 9 3 4 8 1 6 
	-> 1 2 3 4 5 6 7 8 9 10 
Structure 944: 2 7 5 3 4 8 1 6 
	-> 1 2 3 4 5 6 7 8 
Structure 945: 14 13 2 7 12 5 11 3 4 8 1 6 
	-> 1 2 3 4 5 6 7 8 11 12 13 14 
Structure 946: 2 7 5 10 9 3 4 8 1 6 
	-> 1 2 3 4 5 6 7 8 9 10 
Structure 947: 13 2 7 5 11 3 4 8 1 6 
	-> 1 2 3 4 5 6 7 8 11 13 
Structure 948: 2 7 5 10 9 3 4 8 1 6 
	-> 1 2 3 4 5 6 7 8 9 10 
Structure 949: 2 7 5 16 9 3 4 8 1 6 
	-> 1 2 3 4 5 6 7 8 9 
Structure 950: 14 2 7 5 10 3 4 8 1 6 
	-> 1 2 3 4 5 6 7 8 10 14 
Structure 951: 14 2 7 5 11 9 3 4 8 1 6 
	-> 1 2 3 4 5 6 7 8 9 11 14 
Structure 952: 2 7 5 9 3 4 8 1 6 
	-> 1 2 3 4 5 6 7 8 9 
Structure 953: 2 7 12 5 10 3 4 8 1 6 
	-> 1 2 3 4 5 6 7 8 10 12 
Structure 954: 2 7 5 10 9 3 4 8 1 6 
	-> 1 2 3 4 5 6 7 8 9 10 
Structure 955: 2 7 5 9 3 4 8 1 6 
	-> 1 2 3 4 5 6 7 8 9 
Structure 956: 2 7 5 10 9 3 4 8 1 6 
	-> 1 2 3 4 5 6 7 8 9 10 
Structure 957: 14 2 7 5 11 10 3 4 8 1 17 6 
	-> 1 2 3 4 5 6 7 8 10 11 14 
Structure 958: 14 39 2 7 5 11 3 4 8 1 6 
	-> 1 2 3 4 5 6 7 8 11 14 
Structure 959: 13 2 7 5 10 9 3 4 8 1 6 
	-> 1 2 3 4 5 6 7 8 9 10 13 
Structure 960: 2 7 5 9 3 4 8 1 6 
	-> 1 2 3 4 5 6 7 8 9 
Structure 961: 2 7 5 9 3 4 8 1 6 
	-> 1 2 3 4 5 6 7 8 9 
Structure 962: 21 2 7 5 11 9 3 4 8 1 17 6 
	-> 1 2 3 4 5 6 7 8 9 11 
Structure 963: 2 7 5 10 9 3 4 19 1 6 
	-> 1 2 3 4 5 6 7 9 10 
Structure 964: 15 2 7 12 5 10 3 4 8 1 6 
	-> 1 2 3 4 5 6 7 8 10 12 
Structure 965: 2 7 5 10 3 4 8 1 6 
	-> 1 2 3 4 5 6 7 8 10 
Structure 966: 14 2 7 12 5 9 3 4 8 1 6 
	-> 1 2 3 4 5 6 7 8 9 12 14 
Structure 967: 2 7 5 10 9 3 4 8 1 6 
	-> 1 2 3 4 5 6 7 8 9 10 
Structure 968: 2 7 5 11 9 3 4 1 18 6 
	-> 1 2 3 4 5 6 7 9 11 
Structure 969: 2 7 5 9 3 4 8 1 6 
	-> 1 2 3 4 5 6 7 8 9 
Structure 970: 2 7 5 3 4 8 1 6 
	-> 1 2 3 4 5 6 7 8 
Structure 971: 2 7 5 10 9 3 4 22 8 1 6 
	-> 1 2 3 4 5 6 7 8 9 10 
Structure 972: 2 7 5 10 9 3 4 8 1 6 
	-> 1 2 3 4 5 6 7 8 9 10 
Structure 973: 2 7 5 11 3 4 8 1 6 
	-> 1 2 3 4 5 6 7 8 11 
Structure 974: 2 7 12 5 3 4 8 1 6 
	-> 1 2 3 4 5 6 7 8 12 
Structure 975: 23 2 7 5 3 4 8 1 6 
	-> 1 2 3 4 5 6 7 8 
Structure 976: 2 7 60 61 9 3 4 8 1 6 
	-> 1 2 3 4 6 7 8 9 
Structure 977: 2 7 5 3 4 8 1 6 
	-> 1 2 3 4 5 6 7 8 
Structure 978: 2 7 5 3 4 8 1 6 
	-> 1 2 3 4 5 6 7 8 
Structure 979: 2 7 5 10 9 3 4 8 1 6 
	-> 1 2 3 4 5 6 7 8 9 10 
Structure 980: 2 7 5 10 9 3 4 8 1 6 
	-> 1 2 3 4 5 6 7 8 9 10 
Structure 981: 2 7 5 9 3 4 8 1 6 
	-> 1 2 3 4 5 6 7 8 9 
Structure 982: 13 2 7 5 9 3 4 8 1 6 
	-> 1 2 3 4 5 6 7 8 9 13 
Structure 983: 20 2 7 5 10 9 3 4 8 1 6 
	-> 1 2 3 4 5 6 7 8 9 10 
Structure 984: 2 7 5 11 9 36 37 30 8 1 6 
	-> 1 2 5 6 7 8 9 11 
Structure 985: 2 7 5 3 4 8 1 6 
	-> 1 2 3 4 5 6 7 8 
Structure 986: 2 7 5 11 9 3 4 8 1 6 
	-> 1 2 3 4 5 6 7 8 9 11 
Structure 987: 13 2 7 5 10 9 3 4 8 1 6 
	-> 1 2 3 4 5 6 7 8 9 10 13 
Structure 988: 2 7 5 11 9 3 4 8 1 6 
	-> 1 2 3 4 5 6 7 8 9 11 
Structure 989: 2 7 5 10 9 3 4 8 1 6 
	-> 1 2 3 4 5 6 7 8 9 10 
Structure 990: 2 7 5 9 3 4 1 6 
	-> 1 2 3 4 5 6 7 9 
Structure 991: 13 2 7 5 10 3 4 8 1 6 
	-> 1 2 3 4 5 6 7 8 10 13 
Structure 992: 2 7 5 11 9 3 4 8 1 6 
	-> 1 2 3 4 5 6 7 8 9 11 
Structure 993: 2 7 5 9 3 4 8 1 6 
	-> 1 2 3 4 5 6 7 8 9 
Structure 994: 2 7 5 9 3 4 8 1 6 
	-> 1 2 3 4 5 6 7 8 9 
Structure 995: 2 7 5 11 9 3 4 8 1 6 
	-> 1 2 3 4 5 6 7 8 9 11 
Structure 996: 2 7 12 5 3 4 8 1 6 
	-> 1 2 3 4 5 6 7 8 12 
Structure 997: 2 7 5 9 3 4 8 1 6 
	-> 1 2 3 4 5 6 7 8 9 
Structure 998: 14 2 7 5 9 3 4 8 1 6 
	-> 1 2 3 4 5 6 7 8 9 14 
Structure 999: 2 7 5 3 4 8 1 6 
	-> 1 2 3 4 5 6 7 8 
Structure 1000: 2 7 5 10 9 3 4 8 1 6 
	-> 1 2 3 4 5 6 7 8  