Processing: /home/hwilco/Documents/RNA Research/RNAStructProfiling-master/output/training/Rhodopseudomonas_pal.1_sfold/input/Rhodopseudomonas_pal.1_sfold.out
Structure 1: 15 35 A 1 4 2 3 6 5
	-> 1 2 3 4 A 5 6 
Structure 2: 7 A 1 4 2 3 6 5
	-> 1 2 3 4 A 5 6 7 
Structure 3: 7 12 A 1 4 2 3 6 5 22
	-> 1 2 3 4 A 5 6 7 12 
Structure 4: 7 12 A 1 4 2 3 6 5
	-> 1 2 3 4 A 5 6 7 12 
Structure 5: 7 12 A 1 4 2 3 14 5
	-> 1 2 3 4 A 5 7 12 
Structure 6: 7 A 1 4 2 3 6 5
	-> 1 2 3 4 A 5 6 7 
Structure 7: 10 A 1 4 2 3 6 5
	-> 1 2 3 4 A 5 6 10 
Structure 8: 7 13 A 1 4 2 3 6 5
	-> 1 2 3 4 A 5 6 7 13 
Structure 9: 7 A 1 4 2 3 6 5
	-> 1 2 3 4 A 5 6 7 
Structure 10: 10 A 1 4 2 3 6 5
	-> 1 2 3 4 A 5 6 10 
Structure 11: 10 A 1 4 16 2 3 11 6 5
	-> 1 2 3 4 A 5 6 10 11 
Structure 12: 7 52 32 A 1 4 2 3 6 5
	-> 1 2 3 4 A 5 6 7 
Structure 13: 7 13 12 A 1 4 2 3 6 5
	-> 1 2 3 4 A 5 6 7 12 13 
Structure 14: 10 A 1 4 16 2 3 11 6 5
	-> 1 2 3 4 A 5 6 10 11 
Structure 15: 7 32 A 1 4 2 3 6 5
	-> 1 2 3 4 A 5 6 7 
Structure 16: 7 12 A 1 4 2 3 6 5
	-> 1 2 3 4 A 5 6 7 12 
Structure 17: 53 13 A 1 4 2 3 5
	-> 1 2 3 4 A 5 13 
Structure 18: 15 10 A 1 4 2 3 11 6 5
	-> 1 2 3 4 A 5 6 10 11 
Structure 19: 7 13 A 1 4 2 3 6 5
	-> 1 2 3 4 A 5 6 7 13 
Structure 20: 7 A 1 4 2 3 14 5
	-> 1 2 3 4 A 5 7 
Structure 21: 10 A 1 4 16 2 3 6 5
	-> 1 2 3 4 A 5 6 10 
Structure 22: 10 A 1 4 16 2 3 11 6 5
	-> 1 2 3 4 A 5 6 10 11 
Structure 23: 7 13 A 1 4 2 3 5
	-> 1 2 3 4 A 5 7 13 
Structure 24: 7 12 A 1 4 2 3 6 5
	-> 1 2 3 4 A 5 6 7 12 
Structure 25: 59 12 A 1 4 2 3 23 24 20
	-> 1 2 3 4 A 12 
Structure 26: 7 A 1 4 2 3 6 5
	-> 1 2 3 4 A 5 6 7 
Structure 27: 10 A 1 4 2 3 11 6 5
	-> 1 2 3 4 A 5 6 10 11 
Structure 28: 10 A 1 4 2 3 11 6 5
	-> 1 2 3 4 A 5 6 10 11 
Structure 29: 10 A 1 4 2 3 11 6 5
	-> 1 2 3 4 A 5 6 10 11 
Structure 30: 17 7 A 1 4 2 3 6 5
	-> 1 2 3 4 A 5 6 7 
Structure 31: 17 7 12 A 1 4 2 3 6 5
	-> 1 2 3 4 A 5 6 7 12 
Structure 32: 7 A 1 4 2 3 6 5
	-> 1 2 3 4 A 5 6 7 
Structure 33: 7 12 A 1 4 2 3 6 5
	-> 1 2 3 4 A 5 6 7 12 
Structure 34: 12 A 1 4 2 3 27 28 36 23 24 20
	-> 1 2 3 4 A 12 
Structure 35: 7 13 A 1 4 2 21 3 72 5
	-> 1 2 3 4 A 5 7 13 
Structure 36: 7 A 1 4 16 2 3 14 5
	-> 1 2 3 4 A 5 7 
Structure 37: 7 13 A 1 4 2 3 6 5
	-> 1 2 3 4 A 5 6 7 13 
Structure 38: 7 12 A 1 4 2 3 6 5
	-> 1 2 3 4 A 5 6 7 12 
Structure 39: 7 A 1 4 2 3 6 5
	-> 1 2 3 4 A 5 6 7 
Structure 40: 10 A 1 4 2 3 11 6 5
	-> 1 2 3 4 A 5 6 10 11 
Structure 41: 7 12 A 1 4 2 3 6 5
	-> 1 2 3 4 A 5 6 7 12 
Structure 42: 7 A 1 4 2 3 6 5
	-> 1 2 3 4 A 5 6 7 
Structure 43: 15 35 A 1 4 2 3 14 5
	-> 1 2 3 4 A 5 
Structure 44: 7 13 A 1 4 2 3 6 5
	-> 1 2 3 4 A 5 6 7 13 
Structure 45: 10 A 1 4 2 3 6 5
	-> 1 2 3 4 A 5 6 10 
Structure 46: 12 A 1 4 2 3 29 41 37 33
	-> 1 2 3 4 A 12 
Structure 47: 10 A 1 4 2 3 11 6 5
	-> 1 2 3 4 A 5 6 10 11 
Structure 48: 7 12 A 1 4 2 3 14 5
	-> 1 2 3 4 A 5 7 12 
Structure 49: 7 12 A 1 4 2 3 6 5
	-> 1 2 3 4 A 5 6 7 12 
Structure 50: 7 12 A 1 4 2 3 6 5
	-> 1 2 3 4 A 5 6 7 12 
Structure 51: 7 A 1 4 2 3 6 5
	-> 1 2 3 4 A 5 6 7 
Structure 52: 7 12 A 1 4 2 3 6 5 22
	-> 1 2 3 4 A 5 6 7 12 
Structure 53: 7 12 A 1 4 2 3 6 5 22
	-> 1 2 3 4 A 5 6 7 12 
Structure 54: 10 A 1 4 2 3 11 6 5
	-> 1 2 3 4 A 5 6 10 11 
Structure 55: 10 A 1 4 2 3 11 6 5
	-> 1 2 3 4 A 5 6 10 11 
Structure 56: 10 A 1 4 2 3 11 6 5 22
	-> 1 2 3 4 A 5 6 10 11 
Structure 57: 7 A 1 4 2 3 6 5
	-> 1 2 3 4 A 5 6 7 
Structure 58: 7 12 A 1 4 2 3 6 5
	-> 1 2 3 4 A 5 6 7 12 
Structure 59: 7 13 A 1 4 2 3 5
	-> 1 2 3 4 A 5 7 13 
Structure 60: 7 A 1 4 2 3 6 5
	-> 1 2 3 4 A 5 6 7 
Structure 61: 7 12 A 1 4 2 3 6 5
	-> 1 2 3 4 A 5 6 7 12 
Structure 62: 10 A 1 4 2 3 11 6 5
	-> 1 2 3 4 A 5 6 10 11 
Structure 63: 10 A 1 4 2 3 6 5
	-> 1 2 3 4 A 5 6 10 
Structure 64: 7 12 A 1 4 2 3 6 5
	-> 1 2 3 4 A 5 6 7 12 
Structure 65: 7 12 A 1 4 2 3 6 5
	-> 1 2 3 4 A 5 6 7 12 
Structure 66: 17 7 A 1 4 2 3 6 5
	-> 1 2 3 4 A 5 6 7 
Structure 67: 7 A 1 4 2 3 6 5
	-> 1 2 3 4 A 5 6 7 
Structure 68: 10 A 1 4 2 3 11 6 5
	-> 1 2 3 4 A 5 6 10 11 
Structure 69: 7 13 A 1 4 2 3 5
	-> 1 2 3 4 A 5 7 13 
Structure 70: 7 12 A 1 4 2 3 6 5
	-> 1 2 3 4 A 5 6 7 12 
Structure 71: 15 10 A 1 4 2 3 11 6 5
	-> 1 2 3 4 A 5 6 10 11 
Structure 72: 7 12 A 1 4 2 3 5
	-> 1 2 3 4 A 5 7 12 
Structure 73: 10 25 1 4 2 21 3 6 5 22
	-> 1 2 3 4 5 6 10 
Structure 74: 10 A 1 4 2 3 6 5
	-> 1 2 3 4 A 5 6 10 
Structure 75: 10 A 1 4 16 2 3 11 6 5
	-> 1 2 3 4 A 5 6 10 11 
Structure 76: 12 A 1 4 2 3 27 28 45 23 24 60
	-> 1 2 3 4 A 12 
Structure 77: 10 A 1 4 2 3 11 6 5
	-> 1 2 3 4 A 5 6 10 11 
Structure 78: 7 12 A 1 4 2 3 14 5
	-> 1 2 3 4 A 5 7 12 
Structure 79: 7 12 A 1 4 2 3 6 5
	-> 1 2 3 4 A 5 6 7 12 
Structure 80: 7 12 A 1 4 2 3 6 5
	-> 1 2 3 4 A 5 6 7 12 
Structure 81: 7 13 A 1 4 2 3 5
	-> 1 2 3 4 A 5 7 13 
Structure 82: 46 10 A 1 4 2 3 11 6 5
	-> 1 2 3 4 A 5 6 10 11 
Structure 83: 7 13 A 1 4 2 3 5
	-> 1 2 3 4 A 5 7 13 
Structure 84: 7 12 A 1 4 2 3 6 5
	-> 1 2 3 4 A 5 6 7 12 
Structure 85: 10 A 1 4 2 3 11 6 5
	-> 1 2 3 4 A 5 6 10 11 
Structure 86: 7 13 12 A 1 4 2 3 6 5
	-> 1 2 3 4 A 5 6 7 12 13 
Structure 87: 7 12 A 1 4 2 3 6 5
	-> 1 2 3 4 A 5 6 7 12 
Structure 88: 7 12 A 1 4 2 3 6 5
	-> 1 2 3 4 A 5 6 7 12 
Structure 89: 10 A 1 4 2 3 6 5
	-> 1 2 3 4 A 5 6 10 
Structure 90: 7 13 12 A 1 4 2 3 6 5
	-> 1 2 3 4 A 5 6 7 12 13 
Structure 91: 7 A 1 4 2 3 6 5
	-> 1 2 3 4 A 5 6 7 
Structure 92: 7 A 1 4 2 3 6 5
	-> 1 2 3 4 A 5 6 7 
Structure 93: 7 12 A 1 4 2 3 6 5
	-> 1 2 3 4 A 5 6 7 12 
Structure 94: 10 A 1 4 2 3 11 6 5
	-> 1 2 3 4 A 5 6 10 11 
Structure 95: 17 7 12 A 1 4 2 3 14 5
	-> 1 2 3 4 A 5 7 12 
Structure 96: 7 12 A 1 4 2 3 6 5
	-> 1 2 3 4 A 5 6 7 12 
Structure 97: 7 A 1 4 2 3 6 5
	-> 1 2 3 4 A 5 6 7 
Structure 98: 10 A 1 4 2 3 11 6 5
	-> 1 2 3 4 A 5 6 10 11 
Structure 99: 12 A 1 4 2 3 29 61 54 55 56
	-> 1 2 3 4 A 12 
Structure 100: 7 12 A 1 4 16 2 3 6 5
	-> 1 2 3 4 A 5 6 7 12 
Structure 101: 7 A 1 4 2 3 11 6 5
	-> 1 2 3 4 A 5 6 7 11 
Structure 102: 10 A 1 4 2 3 11 6 5
	-> 1 2 3 4 A 5 6 10 11 
Structure 103: 7 12 A 1 4 2 3 6 5
	-> 1 2 3 4 A 5 6 7 12 
Structure 104: 15 7 A 1 4 2 3 6 5
	-> 1 2 3 4 A 5 6 7 
Structure 105: 10 A 1 4 2 3 11 6 5
	-> 1 2 3 4 A 5 6 10 11 
Structure 106: 7 A 1 4 2 3 14 5
	-> 1 2 3 4 A 5 7 
Structure 107: 7 57 A 1 4 2 3 6 5
	-> 1 2 3 4 A 5 6 7 
Structure 108: 7 13 A 1 4 2 3 26 19
	-> 1 2 3 4 A 7 13 
Structure 109: 7 A 1 4 2 3 6 5 18
	-> 1 2 3 4 A 5 6 7 
Structure 110: 7 13 A 1 4 2 3 26 19 73
	-> 1 2 3 4 A 7 13 
Structure 111: 7 A 1 4 2 3 6 5 18
	-> 1 2 3 4 A 5 6 7 
Structure 112: 7 A 1 4 2 3 6 5
	-> 1 2 3 4 A 5 6 7 
Structure 113: 10 A 1 4 2 3 11 6 5
	-> 1 2 3 4 A 5 6 10 11 
Structure 114: 10 A 1 4 2 3 6 5
	-> 1 2 3 4 A 5 6 10 
Structure 115: 10 A 1 4 2 3 11 6 5
	-> 1 2 3 4 A 5 6 10 11 
Structure 116: 10 A 1 4 2 3 11 6 5
	-> 1 2 3 4 A 5 6 10 11 
Structure 117: 10 A 1 4 16 2 3 11 6 5
	-> 1 2 3 4 A 5 6 10 11 
Structure 118: 7 13 A 1 4 2 3 6 5
	-> 1 2 3 4 A 5 6 7 13 
Structure 119: 10 A 1 4 2 3 11 6 5
	-> 1 2 3 4 A 5 6 10 11 
Structure 120: 15 10 A 1 4 2 3 11 6 5
	-> 1 2 3 4 A 5 6 10 11 
Structure 121: 10 A 1 4 2 3 11 6 5
	-> 1 2 3 4 A 5 6 10 11 
Structure 122: 7 12 A 1 4 2 3 14 5
	-> 1 2 3 4 A 5 7 12 
Structure 123: 10 A 1 4 2 3 11 6 5
	-> 1 2 3 4 A 5 6 10 11 
Structure 124: 10 A 1 4 2 3 14 5
	-> 1 2 3 4 A 5 10 
Structure 125: 7 12 A 1 4 2 3 6 5
	-> 1 2 3 4 A 5 6 7 12 
Structure 126: 10 A 1 4 2 3 11 6 5
	-> 1 2 3 4 A 5 6 10 11 
Structure 127: 15 10 A 1 4 2 3 11 6 5
	-> 1 2 3 4 A 5 6 10 11 
Structure 128: 12 A 1 4 2 3 27 28 36 23 24 60
	-> 1 2 3 4 A 12 
Structure 129: 12 A 1 4 2 3 27 28 45 23 24 63 60
	-> 1 2 3 4 A 12 
Structure 130: 10 A 1 4 2 3 11 6 5
	-> 1 2 3 4 A 5 6 10 11 
Structure 131: 10 A 1 4 2 3 11 6 5
	-> 1 2 3 4 A 5 6 10 11 
Structure 132: 7 12 A 1 4 2 3 6 5
	-> 1 2 3 4 A 5 6 7 12 
Structure 133: 10 A 1 4 2 3 11 6 5
	-> 1 2 3 4 A 5 6 10 11 
Structure 134: 7 13 A 1 4 2 3 5
	-> 1 2 3 4 A 5 7 13 
Structure 135: 7 12 A 1 4 2 21 3 6 5
	-> 1 2 3 4 A 5 6 7 12 
Structure 136: 7 12 A 1 4 2 21 3 14 5
	-> 1 2 3 4 A 5 7 12 
Structure 137: 10 A 1 4 2 3 11 6 5
	-> 1 2 3 4 A 5 6 10 11 
Structure 138: 15 47 A 1 4 2 3 11 6 5 18
	-> 1 2 3 4 A 5 6 11 
Structure 139: 7 12 A 1 4 2 3 14 5 22 38 39
	-> 1 2 3 4 A 5 7 12 
Structure 140: 17 7 A 1 4 2 3 6 5
	-> 1 2 3 4 A 5 6 7 
Structure 141: 15 10 A 1 4 2 3 11 6 5
	-> 1 2 3 4 A 5 6 10 11 
Structure 142: 12 A 1 4 2 3 27 28 45 50 23 24 20
	-> 1 2 3 4 A 12 
Structure 143: 10 A 1 4 2 3 11 6 5 22
	-> 1 2 3 4 A 5 6 10 11 
Structure 144: 7 A 1 4 2 3 6 5
	-> 1 2 3 4 A 5 6 7 
Structure 145: 7 A 1 4 2 3 6 5
	-> 1 2 3 4 A 5 6 7 
Structure 146: 7 12 A 1 4 2 3 14 5
	-> 1 2 3 4 A 5 7 12 
Structure 147: 10 A 1 4 2 3 11 6 5
	-> 1 2 3 4 A 5 6 10 11 
Structure 148: 10 A 1 4 2 3 11 6 5
	-> 1 2 3 4 A 5 6 10 11 
Structure 149: 10 A 1 4 2 3 11 6 5
	-> 1 2 3 4 A 5 6 10 11 
Structure 150: 7 13 74 1 64 4 16 2 3 19
	-> 1 2 3 4 7 13 
Structure 151: 7 A 1 4 2 3 6 5
	-> 1 2 3 4 A 5 6 7 
Structure 152: 10 47 A 1 4 2 3 11 6 5
	-> 1 2 3 4 A 5 6 10 11 
Structure 153: 7 12 A 1 65 4 2 3 6 5 38
	-> 1 2 3 4 A 5 6 7 12 
Structure 154: 7 32 A 1 4 2 3 6 5
	-> 1 2 3 4 A 5 6 7 
Structure 155: 7 13 A 1 4 2 3 26 19
	-> 1 2 3 4 A 7 13 
Structure 156: 7 13 A 1 4 2 3 5
	-> 1 2 3 4 A 5 7 13 
Structure 157: 10 A 1 4 2 3 11 6 5
	-> 1 2 3 4 A 5 6 10 11 
Structure 158: 7 A 1 4 2 3 6 5
	-> 1 2 3 4 A 5 6 7 
Structure 159: 7 A 1 4 2 3 6 5
	-> 1 2 3 4 A 5 6 7 
Structure 160: 7 A 1 4 2 3 11 6 5
	-> 1 2 3 4 A 5 6 7 11 
Structure 161: 7 13 A 1 75 76 2 3 6 5
	-> 1 2 3 A 5 6 7 13 
Structure 162: 10 A 1 4 2 3 11 6 5
	-> 1 2 3 4 A 5 6 10 11 
Structure 163: 15 10 A 1 4 2 3 11 6 5
	-> 1 2 3 4 A 5 6 10 11 
Structure 164: 10 A 1 4 2 3 11 6 5
	-> 1 2 3 4 A 5 6 10 11 
Structure 165: 10 A 1 4 2 3 11 6 5
	-> 1 2 3 4 A 5 6 10 11 
Structure 166: 7 A 1 4 2 3 6 5
	-> 1 2 3 4 A 5 6 7 
Structure 167: 7 13 A 1 4 2 3 5
	-> 1 2 3 4 A 5 7 13 
Structure 168: 7 12 A 1 4 2 3 6 5
	-> 1 2 3 4 A 5 6 7 12 
Structure 169: 7 13 25 1 4 2 3 5
	-> 1 2 3 4 5 7 13 
Structure 170: 10 A 1 4 2 3 6 5
	-> 1 2 3 4 A 5 6 10 
Structure 171: 10 A 1 4 2 3 11 6 5 18
	-> 1 2 3 4 A 5 6 10 11 
Structure 172: 15 10 A 1 4 2 3 11 6 5
	-> 1 2 3 4 A 5 6 10 11 
Structure 173: 17 7 12 A 1 4 2 3 14 5
	-> 1 2 3 4 A 5 7 12 
Structure 174: 7 A 1 4 2 3 6 5
	-> 1 2 3 4 A 5 6 7 
Structure 175: 7 13 A 1 4 2 3 26 19
	-> 1 2 3 4 A 7 13 
Structure 176: 10 A 1 4 2 3 6 5
	-> 1 2 3 4 A 5 6 10 
Structure 177: 7 A 1 4 2 3 11 6 5
	-> 1 2 3 4 A 5 6 7 11 
Structure 178: 7 12 A 1 4 2 3 14 5
	-> 1 2 3 4 A 5 7 12 
Structure 179: 15 10 A 1 4 2 3 11 6 5
	-> 1 2 3 4 A 5 6 10 11 
Structure 180: 10 A 1 4 2 3 11 6 5
	-> 1 2 3 4 A 5 6 10 11 
Structure 181: 7 13 A 1 4 2 3 6 5
	-> 1 2 3 4 A 5 6 7 13 
Structure 182: 7 A 1 4 2 3 6 5
	-> 1 2 3 4 A 5 6 7 
Structure 183: 7 12 A 1 4 2 3 6 5
	-> 1 2 3 4 A 5 6 7 12 
Structure 184: 7 13 A 1 4 2 3 6 5
	-> 1 2 3 4 A 5 6 7 13 
Structure 185: 7 12 A 1 4 2 3 6 5
	-> 1 2 3 4 A 5 6 7 12 
Structure 186: 17 7 A 1 4 2 3 6 5
	-> 1 2 3 4 A 5 6 7 
Structure 187: 7 A 1 4 2 3 6 5
	-> 1 2 3 4 A 5 6 7 
Structure 188: 10 A 1 4 2 3 11 6 40 5
	-> 1 2 3 4 A 5 6 10 11 
Structure 189: 7 12 A 1 4 2 3 6 5 18 38 39
	-> 1 2 3 4 A 5 6 7 12 
Structure 190: 15 10 A 1 4 2 3 11 6 5
	-> 1 2 3 4 A 5 6 10 11 
Structure 191: 10 A 1 4 2 3 11 6 5
	-> 1 2 3 4 A 5 6 10 11 
Structure 192: 7 13 A 1 4 2 3 26 19
	-> 1 2 3 4 A 7 13 
Structure 193: 7 13 A 1 4 2 3 6 5
	-> 1 2 3 4 A 5 6 7 13 
Structure 194: 7 13 32 A 1 4 2 3 6 5
	-> 1 2 3 4 A 5 6 7 13 
Structure 195: 15 7 12 A 1 4 2 3 6 5
	-> 1 2 3 4 A 5 6 7 12 
Structure 196: 7 A 1 4 2 3 14 5
	-> 1 2 3 4 A 5 7 
Structure 197: 10 A 1 4 16 2 3 11 6 5
	-> 1 2 3 4 A 5 6 10 11 
Structure 198: 7 12 A 1 4 2 3 6 5
	-> 1 2 3 4 A 5 6 7 12 
Structure 199: 7 A 1 4 2 3 14 5
	-> 1 2 3 4 A 5 7 
Structure 200: 7 52 A 1 4 2 3 6 5
	-> 1 2 3 4 A 5 6 7 
Structure 201: 7 12 A 1 4 2 3 6 5
	-> 1 2 3 4 A 5 6 7 12 
Structure 202: 10 A 1 4 2 3 11 6 5
	-> 1 2 3 4 A 5 6 10 11 
Structure 203: 7 12 A 1 4 2 3 6 5
	-> 1 2 3 4 A 5 6 7 12 
Structure 204: 7 12 A 1 4 2 3 6 5
	-> 1 2 3 4 A 5 6 7 12 
Structure 205: 10 A 1 4 2 3 11 6 5
	-> 1 2 3 4 A 5 6 10 11 
Structure 206: 7 13 A 1 4 2 3 6 5
	-> 1 2 3 4 A 5 6 7 13 
Structure 207: 15 A 1 4 2 3 31 5 20
	-> 1 2 3 4 A 5 
Structure 208: 7 A 1 4 2 3 14 40 5
	-> 1 2 3 4 A 5 7 
Structure 209: 7 A 1 4 2 3 6 5
	-> 1 2 3 4 A 5 6 7 
Structure 210: 10 A 1 4 2 3 11 6 5
	-> 1 2 3 4 A 5 6 10 11 
Structure 211: 7 A 1 4 2 3 6 5
	-> 1 2 3 4 A 5 6 7 
Structure 212: 10 A 1 4 2 3 11 6 5
	-> 1 2 3 4 A 5 6 10 11 
Structure 213: 7 12 A 1 4 2 3 14 5
	-> 1 2 3 4 A 5 7 12 
Structure 214: 10 A 1 4 2 3 11 6 5
	-> 1 2 3 4 A 5 6 10 11 
Structure 215: 7 12 A 1 4 2 3 6 5
	-> 1 2 3 4 A 5 6 7 12 
Structure 216: 15 7 12 A 1 4 2 3 14 5
	-> 1 2 3 4 A 5 7 12 
Structure 217: 10 A 1 4 2 3 11 6 5
	-> 1 2 3 4 A 5 6 10 11 
Structure 218: 7 A 1 4 2 3 11 6 5
	-> 1 2 3 4 A 5 6 7 11 
Structure 219: 7 12 A 1 4 2 3 5 20
	-> 1 2 3 4 A 5 7 12 
Structure 220: 7 13 A 1 4 2 3 5
	-> 1 2 3 4 A 5 7 13 
Structure 221: 7 12 A 1 4 2 3 6 5
	-> 1 2 3 4 A 5 6 7 12 
Structure 222: 15 12 A 1 4 2 3 41 37 33
	-> 1 2 3 4 A 12 
Structure 223: 7 12 A 1 4 2 3 6 5
	-> 1 2 3 4 A 5 6 7 12 
Structure 224: 7 12 A 1 4 2 3 6 5
	-> 1 2 3 4 A 5 6 7 12 
Structure 225: 15 A 1 4 2 3 31 42 43
	-> 1 2 3 4 A 
Structure 226: 7 12 A 1 4 2 3 6 5
	-> 1 2 3 4 A 5 6 7 12 
Structure 227: 7 13 A 1 4 2 21 3 18
	-> 1 2 3 4 A 7 13 
Structure 228: 10 A 1 4 2 3 11 6 5
	-> 1 2 3 4 A 5 6 10 11 
Structure 229: 7 32 A 1 4 2 3 6 5
	-> 1 2 3 4 A 5 6 7 
Structure 230: 10 A 1 4 2 3 11 6 5
	-> 1 2 3 4 A 5 6 10 11 
Structure 231: 10 A 1 4 2 3 11 6 5 39
	-> 1 2 3 4 A 5 6 10 11 
Structure 232: 15 10 A 1 4 2 3 11 6 5
	-> 1 2 3 4 A 5 6 10 11 
Structure 233: 7 13 A 1 4 2 3 5
	-> 1 2 3 4 A 5 7 13 
Structure 234: 10 A 1 4 2 3 11 6 5
	-> 1 2 3 4 A 5 6 10 11 
Structure 235: 7 12 A 1 4 2 3 6 5
	-> 1 2 3 4 A 5 6 7 12 
Structure 236: 10 A 1 4 2 3 11 6 5
	-> 1 2 3 4 A 5 6 10 11 
Structure 237: 10 A 1 4 2 3 11 6 5
	-> 1 2 3 4 A 5 6 10 11 
Structure 238: 7 12 A 1 4 2 3 6 5
	-> 1 2 3 4 A 5 6 7 12 
Structure 239: 10 A 1 4 2 3 11 6 5
	-> 1 2 3 4 A 5 6 10 11 
Structure 240: 7 12 A 1 4 2 3 6 5
	-> 1 2 3 4 A 5 6 7 12 
Structure 241: 7 12 A 1 4 2 3 6 5
	-> 1 2 3 4 A 5 6 7 12 
Structure 242: 10 A 1 4 2 3 11 6 5
	-> 1 2 3 4 A 5 6 10 11 
Structure 243: 10 A 1 4 2 3 11 6 5
	-> 1 2 3 4 A 5 6 10 11 
Structure 244: 12 A 1 4 2 3 29 61 54 56
	-> 1 2 3 4 A 12 
Structure 245: 7 12 A 1 4 2 3 6 5
	-> 1 2 3 4 A 5 6 7 12 
Structure 246: 10 A 1 4 2 3 11 6 5
	-> 1 2 3 4 A 5 6 10 11 
Structure 247: 7 A 1 4 2 3 6 5
	-> 1 2 3 4 A 5 6 7 
Structure 248: 7 12 A 1 4 2 3 6 40 5
	-> 1 2 3 4 A 5 6 7 12 
Structure 249: 7 A 1 4 2 3 6 5 18
	-> 1 2 3 4 A 5 6 7 
Structure 250: 7 A 1 4 2 3 6 5
	-> 1 2 3 4 A 5 6 7 
Structure 251: 10 A 1 4 2 3 14 5
	-> 1 2 3 4 A 5 10 
Structure 252: 10 A 1 4 2 3 11 6 5
	-> 1 2 3 4 A 5 6 10 11 
Structure 253: 7 13 25 1 4 2 3 5
	-> 1 2 3 4 5 7 13 
Structure 254: 7 A 1 4 2 3 6 5
	-> 1 2 3 4 A 5 6 7 
Structure 255: 7 A 1 4 2 3 6 5
	-> 1 2 3 4 A 5 6 7 
Structure 256: 7 12 A 1 4 2 3 6 5
	-> 1 2 3 4 A 5 6 7 12 
Structure 257: 10 A 1 4 2 3 11 6 5
	-> 1 2 3 4 A 5 6 10 11 
Structure 258: 15 7 12 A 1 4 2 3 6 5
	-> 1 2 3 4 A 5 6 7 12 
Structure 259: 7 12 A 1 4 2 3 6 5
	-> 1 2 3 4 A 5 6 7 12 
Structure 260: 7 13 12 A 1 4 2 3 6 5
	-> 1 2 3 4 A 5 6 7 12 13 
Structure 261: 7 13 A 1 4 2 3 6 5
	-> 1 2 3 4 A 5 6 7 13 
Structure 262: 7 A 1 4 2 3 6 5
	-> 1 2 3 4 A 5 6 7 
Structure 263: 10 A 1 4 2 3 11 6 5
	-> 1 2 3 4 A 5 6 10 11 
Structure 264: 7 A 1 4 2 3 14 5 22
	-> 1 2 3 4 A 5 7 
Structure 265: 12 A 1 4 2 3 27 36 23 24 20
	-> 1 2 3 4 A 12 
Structure 266: 12 A 1 4 2 3 29 41 37 33
	-> 1 2 3 4 A 12 
Structure 267: 10 A 1 4 2 3 11 6 5
	-> 1 2 3 4 A 5 6 10 11 
Structure 268: 7 A 1 4 2 3 6 5
	-> 1 2 3 4 A 5 6 7 
Structure 269: 10 A 1 4 2 3 6 5
	-> 1 2 3 4 A 5 6 10 
Structure 270: 10 A 1 4 2 3 11 6 5
	-> 1 2 3 4 A 5 6 10 11 
Structure 271: 15 10 A 1 4 2 3 11 6 5
	-> 1 2 3 4 A 5 6 10 11 
Structure 272: 7 12 A 1 4 2 3 48 33
	-> 1 2 3 4 A 7 12 
Structure 273: 10 A 1 4 2 3 11 6 5
	-> 1 2 3 4 A 5 6 10 11 
Structure 274: 15 7 12 A 1 4 2 3 6 5
	-> 1 2 3 4 A 5 6 7 12 
Structure 275: 10 A 1 4 2 3 11 6 5
	-> 1 2 3 4 A 5 6 10 11 
Structure 276: 7 A 1 4 2 3 6 5
	-> 1 2 3 4 A 5 6 7 
Structure 277: 7 A 1 4 2 3 6 5
	-> 1 2 3 4 A 5 6 7 
Structure 278: 10 A 1 4 2 3 11 6 5
	-> 1 2 3 4 A 5 6 10 11 
Structure 279: 7 A 1 4 2 3 11 6 5
	-> 1 2 3 4 A 5 6 7 11 
Structure 280: 7 13 A 1 4 2 3 5
	-> 1 2 3 4 A 5 7 13 
Structure 281: 7 12 A 1 4 2 3 14 5
	-> 1 2 3 4 A 5 7 12 
Structure 282: 17 7 A 1 4 2 3 6 5
	-> 1 2 3 4 A 5 6 7 
Structure 283: 10 A 1 4 2 3 11 6 5
	-> 1 2 3 4 A 5 6 10 11 
Structure 284: 10 A 1 4 16 2 3 11 6 5
	-> 1 2 3 4 A 5 6 10 11 
Structure 285: 10 A 1 4 2 3 11 6 5
	-> 1 2 3 4 A 5 6 10 11 
Structure 286: 7 A 1 4 2 3 6 5
	-> 1 2 3 4 A 5 6 7 
Structure 287: 10 A 1 4 2 3 11 6 5
	-> 1 2 3 4 A 5 6 10 11 
Structure 288: 7 12 A 1 4 2 3 14 5
	-> 1 2 3 4 A 5 7 12 
Structure 289: 7 12 A 1 4 2 3 6 5
	-> 1 2 3 4 A 5 6 7 12 
Structure 290: 66 1 77 4 2 3 62 11 6 5
	-> 1 2 3 4 5 6 11 
Structure 291: 10 A 1 4 2 3 6 5
	-> 1 2 3 4 A 5 6 10 
Structure 292: 7 A 1 4 2 3 14 5 67
	-> 1 2 3 4 A 5 7 
Structure 293: 7 A 1 4 16 2 3 6 5
	-> 1 2 3 4 A 5 6 7 
Structure 294: 7 12 A 1 4 2 3 6 5
	-> 1 2 3 4 A 5 6 7 12 
Structure 295: 7 13 A 1 4 2 3 6 5
	-> 1 2 3 4 A 5 6 7 13 
Structure 296: 10 A 1 4 2 3 11 6 5
	-> 1 2 3 4 A 5 6 10 11 
Structure 297: 7 12 A 1 4 2 3 6 5
	-> 1 2 3 4 A 5 6 7 12 
Structure 298: 10 A 1 4 2 3 11 6 34 30 18
	-> 1 2 3 4 A 6 10 11 
Structure 299: 7 12 A 1 4 16 2 3 6 5
	-> 1 2 3 4 A 5 6 7 12 
Structure 300: 17 7 12 A 1 4 2 3 6 5
	-> 1 2 3 4 A 5 6 7 12 
Structure 301: 7 13 12 A 1 4 2 3 6 5
	-> 1 2 3 4 A 5 6 7 12 13 
Structure 302: 7 13 A 1 4 2 3 5
	-> 1 2 3 4 A 5 7 13 
Structure 303: 10 A 1 4 2 3 11 6 5
	-> 1 2 3 4 A 5 6 10 11 
Structure 304: 7 12 A 1 4 2 3 6 5
	-> 1 2 3 4 A 5 6 7 12 
Structure 305: 46 10 A 1 4 2 3 11 6 5
	-> 1 2 3 4 A 5 6 10 11 
Structure 306: 7 A 1 4 2 3 6 5
	-> 1 2 3 4 A 5 6 7 
Structure 307: 7 12 A 1 4 2 3 6 5
	-> 1 2 3 4 A 5 6 7 12 
Structure 308: 78 68 A 1 4 2 3 31 42 43
	-> 1 2 3 4 A 
Structure 309: 10 A 1 4 2 3 11 6 5
	-> 1 2 3 4 A 5 6 10 11 
Structure 310: 12 A 1 4 2 3 29 41 37 33
	-> 1 2 3 4 A 12 
Structure 311: 10 A 1 4 2 3 11 6 5
	-> 1 2 3 4 A 5 6 10 11 
Structure 312: 7 12 A 1 4 2 3 6 5
	-> 1 2 3 4 A 5 6 7 12 
Structure 313: 7 13 A 1 4 2 3 44 5
	-> 1 2 3 4 A 5 7 13 
Structure 314: 7 13 A 1 4 2 3 6 5
	-> 1 2 3 4 A 5 6 7 13 
Structure 315: 10 1 4 2 3 51 5
	-> 1 2 3 4 5 10 
Structure 316: 10 A 1 4 2 3 11 6 5
	-> 1 2 3 4 A 5 6 10 11 
Structure 317: 7 A 1 4 2 3 6 5
	-> 1 2 3 4 A 5 6 7 
Structure 318: 10 A 1 4 2 3 11 6 5
	-> 1 2 3 4 A 5 6 10 11 
Structure 319: 17 7 12 A 1 4 2 3 6 5
	-> 1 2 3 4 A 5 6 7 12 
Structure 320: 7 13 25 1 4 2 3 5
	-> 1 2 3 4 5 7 13 
Structure 321: 7 A 1 4 2 3 6 5
	-> 1 2 3 4 A 5 6 7 
Structure 322: 7 A 1 4 2 3 6 5
	-> 1 2 3 4 A 5 6 7 
Structure 323: 10 A 1 4 2 3 11 6 5
	-> 1 2 3 4 A 5 6 10 11 
Structure 324: 7 12 A 1 4 2 3 6 5
	-> 1 2 3 4 A 5 6 7 12 
Structure 325: 10 A 1 4 2 21 3 6 5
	-> 1 2 3 4 A 5 6 10 
Structure 326: 7 12 A 1 4 2 3 6 5
	-> 1 2 3 4 A 5 6 7 12 
Structure 327: 7 12 A 1 4 2 3 6 5
	-> 1 2 3 4 A 5 6 7 12 
Structure 328: 15 A 1 4 2 3 31 42 43
	-> 1 2 3 4 A 
Structure 329: 15 10 A 1 4 2 3 11 6 5
	-> 1 2 3 4 A 5 6 10 11 
Structure 330: 7 12 A 1 4 2 3 6 5
	-> 1 2 3 4 A 5 6 7 12 
Structure 331: 7 A 1 4 2 3 6 5
	-> 1 2 3 4 A 5 6 7 
Structure 332: 7 A 1 4 2 3 6 5
	-> 1 2 3 4 A 5 6 7 
Structure 333: 10 A 1 4 2 3 11 6 5
	-> 1 2 3 4 A 5 6 10 11 
Structure 334: 12 A 1 4 2 3 29 61 54 55 56
	-> 1 2 3 4 A 12 
Structure 335: 7 57 A 1 4 2 3 6 5
	-> 1 2 3 4 A 5 6 7 
Structure 336: 7 A 1 4 2 3 6 5
	-> 1 2 3 4 A 5 6 7 
Structure 337: 10 A 1 4 2 3 11 6 5
	-> 1 2 3 4 A 5 6 10 11 
Structure 338: 7 A 1 4 16 2 3 6 5
	-> 1 2 3 4 A 5 6 7 
Structure 339: 7 A 1 4 2 3 6 5
	-> 1 2 3 4 A 5 6 7 
Structure 340: 10 A 1 4 2 3 11 6 5
	-> 1 2 3 4 A 5 6 10 11 
Structure 341: 12 A 1 4 2 3 29 41 37 33
	-> 1 2 3 4 A 12 
Structure 342: 7 A 1 4 2 3 6 5
	-> 1 2 3 4 A 5 6 7 
Structure 343: 7 12 A 1 4 2 3 6 5
	-> 1 2 3 4 A 5 6 7 12 
Structure 344: 10 A 1 4 2 3 6 5
	-> 1 2 3 4 A 5 6 10 
Structure 345: 17 7 A 1 4 2 3 6 5
	-> 1 2 3 4 A 5 6 7 
Structure 346: 7 A 1 4 2 3 14 5
	-> 1 2 3 4 A 5 7 
Structure 347: 12 A 1 4 2 3 27 28 45 23 24 20
	-> 1 2 3 4 A 12 
Structure 348: 10 A 1 4 2 3 11 6 5
	-> 1 2 3 4 A 5 6 10 11 
Structure 349: 10 A 1 4 2 3 11 6 5
	-> 1 2 3 4 A 5 6 10 11 
Structure 350: 17 7 A 1 4 2 3 11 6 5
	-> 1 2 3 4 A 5 6 7 11 
Structure 351: 15 10 A 1 4 2 3 11 6 5
	-> 1 2 3 4 A 5 6 10 11 
Structure 352: 10 A 1 4 2 3 6 5
	-> 1 2 3 4 A 5 6 10 
Structure 353: 10 A 1 4 2 3 6 5
	-> 1 2 3 4 A 5 6 10 
Structure 354: 7 12 A 1 4 2 3 14 5
	-> 1 2 3 4 A 5 7 12 
Structure 355: 10 A 1 4 2 3 11 6 5
	-> 1 2 3 4 A 5 6 10 11 
Structure 356: 7 A 1 4 2 3 11 6 5
	-> 1 2 3 4 A 5 6 7 11 
Structure 357: 7 13 A 1 4 2 3 6 5
	-> 1 2 3 4 A 5 6 7 13 
Structure 358: 10 A 1 4 2 3 11 6 5
	-> 1 2 3 4 A 5 6 10 11 
Structure 359: 7 12 A 1 4 2 3 6 5
	-> 1 2 3 4 A 5 6 7 12 
Structure 360: 7 13 A 1 4 2 3 6 5
	-> 1 2 3 4 A 5 6 7 13 
Structure 361: 7 A 1 4 16 2 3 14 5
	-> 1 2 3 4 A 5 7 
Structure 362: 7 12 A 1 4 2 3 6 5 18
	-> 1 2 3 4 A 5 6 7 12 
Structure 363: 10 A 1 4 2 3 11 6 5
	-> 1 2 3 4 A 5 6 10 11 
Structure 364: 7 13 A 1 4 2 3 44 5
	-> 1 2 3 4 A 5 7 13 
Structure 365: 7 12 A 1 4 2 3 6 5
	-> 1 2 3 4 A 5 6 7 12 
Structure 366: 15 10 A 1 4 2 3 6 5
	-> 1 2 3 4 A 5 6 10 
Structure 367: 15 10 A 1 4 2 3 11 6 5
	-> 1 2 3 4 A 5 6 10 11 
Structure 368: 7 A 1 4 2 3 14 5
	-> 1 2 3 4 A 5 7 
Structure 369: 15 A 1 4 2 3 31 5 20
	-> 1 2 3 4 A 5 
Structure 370: 7 A 1 4 2 3 6 5
	-> 1 2 3 4 A 5 6 7 
Structure 371: 7 A 1 4 2 3 6 5
	-> 1 2 3 4 A 5 6 7 
Structure 372: 7 12 A 1 4 2 3 6 5
	-> 1 2 3 4 A 5 6 7 12 
Structure 373: 10 A 1 4 2 3 11 6 5
	-> 1 2 3 4 A 5 6 10 11 
Structure 374: 7 12 A 1 4 2 3 14 5
	-> 1 2 3 4 A 5 7 12 
Structure 375: 12 A 1 4 2 3 29 69 79 55 80
	-> 1 2 3 4 A 12 
Structure 376: 7 12 A 1 4 2 3 6 5
	-> 1 2 3 4 A 5 6 7 12 
Structure 377: 10 A 1 4 2 3 11 6 5
	-> 1 2 3 4 A 5 6 10 11 
Structure 378: 7 A 1 4 2 3 6 5
	-> 1 2 3 4 A 5 6 7 
Structure 379: 7 A 1 4 2 3 6 5
	-> 1 2 3 4 A 5 6 7 
Structure 380: 10 A 1 4 2 3 11 6 5
	-> 1 2 3 4 A 5 6 10 11 
Structure 381: 7 A 1 4 2 3 14 5
	-> 1 2 3 4 A 5 7 
Structure 382: 7 A 1 4 2 3 14 5
	-> 1 2 3 4 A 5 7 
Structure 383: 10 A 1 4 2 3 11 6 5
	-> 1 2 3 4 A 5 6 10 11 
Structure 384: 7 13 A 1 4 2 3 19
	-> 1 2 3 4 A 7 13 
Structure 385: 10 A 1 4 2 3 11 6 5
	-> 1 2 3 4 A 5 6 10 11 
Structure 386: 7 12 A 1 4 2 3 6 5
	-> 1 2 3 4 A 5 6 7 12 
Structure 387: 7 A 1 4 2 3 6 5
	-> 1 2 3 4 A 5 6 7 
Structure 388: 10 A 1 4 2 3 11 6 5
	-> 1 2 3 4 A 5 6 10 11 
Structure 389: 7 12 A 1 4 2 3 6 5
	-> 1 2 3 4 A 5 6 7 12 
Structure 390: 10 A 1 4 2 3 11 6 5
	-> 1 2 3 4 A 5 6 10 11 
Structure 391: 17 7 A 1 4 2 3 11 6 5
	-> 1 2 3 4 A 5 6 7 11 
Structure 392: 7 A 1 4 2 21 3 6 5
	-> 1 2 3 4 A 5 6 7 
Structure 393: 15 10 A 1 4 2 3 11 6 5
	-> 1 2 3 4 A 5 6 10 11 
Structure 394: 7 A 1 4 2 3 14 5
	-> 1 2 3 4 A 5 7 
Structure 395: 10 A 1 4 2 3 11 6 5
	-> 1 2 3 4 A 5 6 10 11 
Structure 396: 49 10 A 1 4 2 3 11 6 34 30 18
	-> 1 2 3 4 A 6 10 11 
Structure 397: 10 A 1 4 2 3 11 6 5
	-> 1 2 3 4 A 5 6 10 11 
Structure 398: 17 7 12 A 1 4 2 3 6 5
	-> 1 2 3 4 A 5 6 7 12 
Structure 399: 7 12 A 1 4 2 3 6 5
	-> 1 2 3 4 A 5 6 7 12 
Structure 400: 10 A 1 4 2 3 6 5
	-> 1 2 3 4 A 5 6 10 
Structure 401: 7 A 1 4 2 3 6 5
	-> 1 2 3 4 A 5 6 7 
Structure 402: 7 13 A 1 4 2 3 6 5
	-> 1 2 3 4 A 5 6 7 13 
Structure 403: 7 12 A 1 4 2 3 6 5
	-> 1 2 3 4 A 5 6 7 12 
Structure 404: 7 12 A 1 4 2 3 6 5
	-> 1 2 3 4 A 5 6 7 12 
Structure 405: 10 1 4 2 3 51 70 48
	-> 1 2 3 4 10 
Structure 406: 10 A 1 4 2 3 11 6 5
	-> 1 2 3 4 A 5 6 10 11 
Structure 407: 7 12 A 1 4 2 3 6 5
	-> 1 2 3 4 A 5 6 7 12 
Structure 408: 7 13 A 1 4 2 3 5
	-> 1 2 3 4 A 5 7 13 
Structure 409: 7 13 A 1 4 2 3 26 19
	-> 1 2 3 4 A 7 13 
Structure 410: 7 A 1 4 2 3 6 5
	-> 1 2 3 4 A 5 6 7 
Structure 411: 7 12 A 1 4 2 3 6 5
	-> 1 2 3 4 A 5 6 7 12 
Structure 412: 15 12 A 1 4 2 3 31 5 20
	-> 1 2 3 4 A 5 12 
Structure 413: 7 13 A 1 4 16 2 3 5
	-> 1 2 3 4 A 5 7 13 
Structure 414: 7 12 A 1 4 2 3 6 5
	-> 1 2 3 4 A 5 6 7 12 
Structure 415: 7 12 A 1 4 2 3 6 5
	-> 1 2 3 4 A 5 6 7 12 
Structure 416: 7 12 A 1 4 2 3 6 5
	-> 1 2 3 4 A 5 6 7 12 
Structure 417: 7 12 A 1 4 2 3 6 5
	-> 1 2 3 4 A 5 6 7 12 
Structure 418: 7 12 A 1 4 2 3 6 5
	-> 1 2 3 4 A 5 6 7 12 
Structure 419: 7 13 A 1 4 2 3 19
	-> 1 2 3 4 A 7 13 
Structure 420: 10 A 1 4 2 3 11 6 5
	-> 1 2 3 4 A 5 6 10 11 
Structure 421: 7 13 A 1 4 2 3 5
	-> 1 2 3 4 A 5 7 13 
Structure 422: 7 A 1 4 2 3 6 34 30 18
	-> 1 2 3 4 A 6 7 
Structure 423: 7 12 A 1 4 2 3 6 5
	-> 1 2 3 4 A 5 6 7 12 
Structure 424: 7 A 1 4 2 3 6 5
	-> 1 2 3 4 A 5 6 7 
Structure 425: 12 A 1 4 2 3 27 28 36 23 24 20
	-> 1 2 3 4 A 12 
Structure 426: 10 81 A 1 4 2 3 6 5
	-> 1 2 3 4 A 5 6 10 
Structure 427: 7 A 1 4 2 3 6 5
	-> 1 2 3 4 A 5 6 7 
Structure 428: 7 13 25 1 4 2 3 5
	-> 1 2 3 4 5 7 13 
Structure 429: 10 A 1 4 16 2 3 11 6 5
	-> 1 2 3 4 A 5 6 10 11 
Structure 430: 7 A 1 4 2 3 6 5
	-> 1 2 3 4 A 5 6 7 
Structure 431: 7 13 A 1 4 2 3 5
	-> 1 2 3 4 A 5 7 13 
Structure 432: 7 13 A 1 4 2 3 5
	-> 1 2 3 4 A 5 7 13 
Structure 433: 7 A 1 4 2 21 3 11 6 5
	-> 1 2 3 4 A 5 6 7 11 
Structure 434: 10 A 1 4 2 3 6 5
	-> 1 2 3 4 A 5 6 10 
Structure 435: 10 A 1 4 2 3 11 6 5
	-> 1 2 3 4 A 5 6 10 11 
Structure 436: 7 A 1 4 2 3 6 5
	-> 1 2 3 4 A 5 6 7 
Structure 437: 7 12 A 1 4 2 3 6 5
	-> 1 2 3 4 A 5 6 7 12 
Structure 438: 10 A 1 4 2 3 11 6 5
	-> 1 2 3 4 A 5 6 10 11 
Structure 439: 7 12 A 1 4 2 3 6 5
	-> 1 2 3 4 A 5 6 7 12 
Structure 440: 10 A 1 4 2 3 11 6 5
	-> 1 2 3 4 A 5 6 10 11 
Structure 441: 7 13 A 1 4 2 3 5
	-> 1 2 3 4 A 5 7 13 
Structure 442: 17 7 12 A 1 4 2 3 6 5 22
	-> 1 2 3 4 A 5 6 7 12 
Structure 443: 7 A 1 4 2 3 11 6 5
	-> 1 2 3 4 A 5 6 7 11 
Structure 444: 7 12 A 1 4 2 3 6 5
	-> 1 2 3 4 A 5 6 7 12 
Structure 445: 10 A 1 4 16 2 3 11 6 5
	-> 1 2 3 4 A 5 6 10 11 
Structure 446: 7 12 A 1 4 2 3 6 5
	-> 1 2 3 4 A 5 6 7 12 
Structure 447: 10 A 1 4 2 3 6 5
	-> 1 2 3 4 A 5 6 10 
Structure 448: 12 A 1 4 2 3 41 37 33
	-> 1 2 3 4 A 12 
Structure 449: 10 A 1 4 2 3 11 6 5
	-> 1 2 3 4 A 5 6 10 11 
Structure 450: 10 A 1 4 2 3 11 6 5
	-> 1 2 3 4 A 5 6 10 11 
Structure 451: 7 A 1 4 2 3 6 5
	-> 1 2 3 4 A 5 6 7 
Structure 452: 7 13 A 1 4 2 3 26 19
	-> 1 2 3 4 A 7 13 
Structure 453: 10 A 1 4 2 3 11 6 5 22
	-> 1 2 3 4 A 5 6 10 11 
Structure 454: 10 A 1 4 2 3 11 6 5
	-> 1 2 3 4 A 5 6 10 11 
Structure 455: 7 12 A 1 4 2 3 6 5
	-> 1 2 3 4 A 5 6 7 12 
Structure 456: 7 A 1 4 2 3 14 5
	-> 1 2 3 4 A 5 7 
Structure 457: 10 A 1 4 2 3 11 6 5
	-> 1 2 3 4 A 5 6 10 11 
Structure 458: 7 12 A 1 4 2 3 6 5
	-> 1 2 3 4 A 5 6 7 12 
Structure 459: 7 A 1 4 2 3 11 6 5
	-> 1 2 3 4 A 5 6 7 11 
Structure 460: 7 12 A 1 4 2 3 6 5
	-> 1 2 3 4 A 5 6 7 12 
Structure 461: 10 A 1 4 2 3 11 6 5
	-> 1 2 3 4 A 5 6 10 11 
Structure 462: 10 25 1 4 2 3 11 6 5
	-> 1 2 3 4 5 6 10 11 
Structure 463: 7 A 1 4 2 3 14 5
	-> 1 2 3 4 A 5 7 
Structure 464: 7 12 A 1 4 2 3 14 5
	-> 1 2 3 4 A 5 7 12 
Structure 465: 7 12 A 1 4 16 2 3 6 5
	-> 1 2 3 4 A 5 6 7 12 
Structure 466: 10 A 1 4 2 3 11 6 5
	-> 1 2 3 4 A 5 6 10 11 
Structure 467: 10 A 1 4 2 3 11 6 5
	-> 1 2 3 4 A 5 6 10 11 
Structure 468: 10 A 1 4 2 3 11 6 5
	-> 1 2 3 4 A 5 6 10 11 
Structure 469: 7 A 1 4 2 3 6 5
	-> 1 2 3 4 A 5 6 7 
Structure 470: 10 A 1 4 2 3 11 6 5
	-> 1 2 3 4 A 5 6 10 11 
Structure 471: 10 A 1 4 2 3 11 6 5
	-> 1 2 3 4 A 5 6 10 11 
Structure 472: 7 A 1 4 2 3 6 5
	-> 1 2 3 4 A 5 6 7 
Structure 473: 82 71 12 A 1 4 16 2 3 5
	-> 1 2 3 4 A 5 12 
Structure 474: 7 A 1 4 2 3 11 6 5
	-> 1 2 3 4 A 5 6 7 11 
Structure 475: 10 25 1 4 2 3 11 6 5
	-> 1 2 3 4 5 6 10 11 
Structure 476: 15 35 A 1 4 2 3 11 6 5
	-> 1 2 3 4 A 5 6 11 
Structure 477: 68 A 1 4 2 3 31 83 84
	-> 1 2 3 4 A 
Structure 478: 7 12 A 1 4 2 3 6 5
	-> 1 2 3 4 A 5 6 7 12 
Structure 479: 15 35 12 A 1 4 2 3 6 5
	-> 1 2 3 4 A 5 6 12 
Structure 480: 10 A 1 4 2 3 11 6 5
	-> 1 2 3 4 A 5 6 10 11 
Structure 481: 15 35 12 A 1 4 2 3 6 5
	-> 1 2 3 4 A 5 6 12 
Structure 482: 53 13 A 1 4 2 3 26 19
	-> 1 2 3 4 A 13 
Structure 483: 7 12 A 1 4 2 3 6 5 38 39
	-> 1 2 3 4 A 5 6 7 12 
Structure 484: 66 85 1 86 4 2 3 87 88 6 5
	-> 1 2 3 4 5 6 
Structure 485: 7 A 1 4 2 3 6 5
	-> 1 2 3 4 A 5 6 7 
Structure 486: 10 A 1 4 2 3 11 6 5
	-> 1 2 3 4 A 5 6 10 11 
Structure 487: 10 A 1 4 16 2 3 11 6 5
	-> 1 2 3 4 A 5 6 10 11 
Structure 488: 7 12 A 1 4 2 3 6 5
	-> 1 2 3 4 A 5 6 7 12 
Structure 489: 10 A 1 4 2 3 11 6 5
	-> 1 2 3 4 A 5 6 10 11 
Structure 490: 7 12 A 1 4 2 3 6 5
	-> 1 2 3 4 A 5 6 7 12 
Structure 491: 10 A 1 4 2 3 11 6 5
	-> 1 2 3 4 A 5 6 10 11 
Structure 492: 10 A 1 4 2 3 6 5
	-> 1 2 3 4 A 5 6 10 
Structure 493: 10 A 1 4 2 3 11 6 5
	-> 1 2 3 4 A 5 6 10 11 
Structure 494: 7 12 A 1 4 2 3 14 5
	-> 1 2 3 4 A 5 7 12 
Structure 495: 7 12 A 1 4 2 3 6 5
	-> 1 2 3 4 A 5 6 7 12 
Structure 496: 7 13 A 1 4 2 21 3 34 30 18
	-> 1 2 3 4 A 7 13 
Structure 497: 7 12 A 1 4 2 3 6 5
	-> 1 2 3 4 A 5 6 7 12 
Structure 498: 49 10 A 1 4 2 3 11 6 5
	-> 1 2 3 4 A 5 6 10 11 
Structure 499: 7 A 1 4 2 3 6 5
	-> 1 2 3 4 A 5 6 7 
Structure 500: 10 A 1 4 2 3 14 5
	-> 1 2 3 4 A 5 10 
Structure 501: 10 A 1 4 2 3 11 6 5
	-> 1 2 3 4 A 5 6 10 11 
Structure 502: 10 A 1 4 2 3 11 6 5
	-> 1 2 3 4 A 5 6 10 11 
Structure 503: 46 10 A 1 4 2 3 11 6 5
	-> 1 2 3 4 A 5 6 10 11 
Structure 504: 7 13 A 1 4 2 3 5 22
	-> 1 2 3 4 A 5 7 13 
Structure 505: 10 A 1 4 2 3 11 6 5
	-> 1 2 3 4 A 5 6 10 11 
Structure 506: 7 12 A 1 4 2 3 6 5
	-> 1 2 3 4 A 5 6 7 12 
Structure 507: 7 13 A 1 4 2 3 5
	-> 1 2 3 4 A 5 7 13 
Structure 508: 10 A 1 4 2 3 11 6 5
	-> 1 2 3 4 A 5 6 10 11 
Structure 509: 7 12 A 1 4 2 3 6 5
	-> 1 2 3 4 A 5 6 7 12 
Structure 510: 7 A 1 4 2 3 6 5
	-> 1 2 3 4 A 5 6 7 
Structure 511: 10 A 1 4 2 3 11 6 5
	-> 1 2 3 4 A 5 6 10 11 
Structure 512: 7 A 1 4 2 3 6 5
	-> 1 2 3 4 A 5 6 7 
Structure 513: 10 A 1 4 2 3 11 6 5
	-> 1 2 3 4 A 5 6 10 11 
Structure 514: 7 12 A 1 4 2 3 6 5
	-> 1 2 3 4 A 5 6 7 12 
Structure 515: 7 13 A 1 4 2 3 5
	-> 1 2 3 4 A 5 7 13 
Structure 516: 7 13 A 1 4 2 3 5
	-> 1 2 3 4 A 5 7 13 
Structure 517: 10 A 1 4 2 3 11 6 5
	-> 1 2 3 4 A 5 6 10 11 
Structure 518: 7 A 1 4 2 3 6 5
	-> 1 2 3 4 A 5 6 7 
Structure 519: 7 A 1 4 2 3 6 5
	-> 1 2 3 4 A 5 6 7 
Structure 520: 10 A 1 4 2 3 11 6 5
	-> 1 2 3 4 A 5 6 10 11 
Structure 521: 7 13 A 1 4 2 3 26 19 38 39
	-> 1 2 3 4 A 7 13 
Structure 522: 7 13 A 1 4 2 3 6 5
	-> 1 2 3 4 A 5 6 7 13 
Structure 523: 7 12 A 1 4 2 3 6 5
	-> 1 2 3 4 A 5 6 7 12 
Structure 524: 7 13 12 A 1 4 2 3 6 5
	-> 1 2 3 4 A 5 6 7 12 13 
Structure 525: 10 A 1 4 2 21 3 6 5
	-> 1 2 3 4 A 5 6 10 
Structure 526: 7 A 1 4 2 3 6 5
	-> 1 2 3 4 A 5 6 7 
Structure 527: 7 A 1 4 2 3 6 5
	-> 1 2 3 4 A 5 6 7 
Structure 528: 7 12 A 1 4 2 3 6 5
	-> 1 2 3 4 A 5 6 7 12 
Structure 529: 7 13 A 1 4 2 3 26 19
	-> 1 2 3 4 A 7 13 
Structure 530: 10 A 1 4 2 3 11 6 5
	-> 1 2 3 4 A 5 6 10 11 
Structure 531: 7 A 1 4 2 3 6 34 30 18
	-> 1 2 3 4 A 6 7 
Structure 532: 10 A 1 4 2 3 6 5
	-> 1 2 3 4 A 5 6 10 
Structure 533: 7 A 1 4 2 3 14 44 5
	-> 1 2 3 4 A 5 7 
Structure 534: 15 10 A 1 4 2 3 11 6 5
	-> 1 2 3 4 A 5 6 10 11 
Structure 535: 7 A 1 4 2 21 3 6 5
	-> 1 2 3 4 A 5 6 7 
Structure 536: 7 13 A 1 4 2 3 6 5
	-> 1 2 3 4 A 5 6 7 13 
Structure 537: 7 A 1 4 2 3 6 5
	-> 1 2 3 4 A 5 6 7 
Structure 538: 7 A 1 4 2 3 11 6 5
	-> 1 2 3 4 A 5 6 7 11 
Structure 539: 7 12 A 1 4 2 3 6 5
	-> 1 2 3 4 A 5 6 7 12 
Structure 540: 10 A 1 4 2 3 6 5
	-> 1 2 3 4 A 5 6 10 
Structure 541: 12 A 1 4 2 3 29 50 23 24 20
	-> 1 2 3 4 A 12 
Structure 542: 7 57 A 1 4 2 3 6 5
	-> 1 2 3 4 A 5 6 7 
Structure 543: 10 A 1 4 2 3 11 6 5
	-> 1 2 3 4 A 5 6 10 11 
Structure 544: 10 A 1 4 2 3 11 6 5
	-> 1 2 3 4 A 5 6 10 11 
Structure 545: 15 12 A 1 4 2 3 31 42 43
	-> 1 2 3 4 A 12 
Structure 546: 7 12 A 1 4 16 2 3 14 5
	-> 1 2 3 4 A 5 7 12 
Structure 547: 10 A 1 4 2 3 11 6 5
	-> 1 2 3 4 A 5 6 10 11 
Structure 548: 7 A 1 4 2 3 11 6 5
	-> 1 2 3 4 A 5 6 7 11 
Structure 549: 10 A 1 4 2 3 6 5
	-> 1 2 3 4 A 5 6 10 
Structure 550: 7 13 A 1 4 2 3 34 30 18
	-> 1 2 3 4 A 7 13 
Structure 551: 7 13 25 1 4 2 3 5
	-> 1 2 3 4 5 7 13 
Structure 552: 7 32 A 1 4 2 3 6 5
	-> 1 2 3 4 A 5 6 7 
Structure 553: 10 A 1 4 2 3 11 6 5
	-> 1 2 3 4 A 5 6 10 11 
Structure 554: 7 A 1 4 2 3 6 5 22
	-> 1 2 3 4 A 5 6 7 
Structure 555: 10 A 1 4 2 3 6 5
	-> 1 2 3 4 A 5 6 10 
Structure 556: 10 A 1 4 2 3 11 6 5
	-> 1 2 3 4 A 5 6 10 11 
Structure 557: 46 7 A 1 4 2 3 14 5
	-> 1 2 3 4 A 5 7 
Structure 558: 7 13 12 A 1 4 16 2 3 6 5
	-> 1 2 3 4 A 5 6 7 12 13 
Structure 559: 7 13 32 A 1 4 2 3 6 5
	-> 1 2 3 4 A 5 6 7 13 
Structure 560: 7 12 A 1 4 2 3 6 5
	-> 1 2 3 4 A 5 6 7 12 
Structure 561: 10 A 1 4 2 3 11 6 5
	-> 1 2 3 4 A 5 6 10 11 
Structure 562: 15 35 52 A 1 4 16 2 3 14 40 5
	-> 1 2 3 4 A 5 
Structure 563: 7 A 1 4 2 3 6 5
	-> 1 2 3 4 A 5 6 7 
Structure 564: 10 25 1 4 2 3 6 5
	-> 1 2 3 4 5 6 10 
Structure 565: 17 7 12 A 1 4 2 3 14 5
	-> 1 2 3 4 A 5 7 12 
Structure 566: 15 89 10 A 1 4 2 3 11 6 5
	-> 1 2 3 4 A 5 6 10 11 
Structure 567: 7 12 A 90 1 4 2 3 6 5
	-> 1 2 3 4 A 5 6 7 12 
Structure 568: 7 12 A 1 4 2 3 14 5
	-> 1 2 3 4 A 5 7 12 
Structure 569: 7 12 A 1 4 2 3 6 5
	-> 1 2 3 4 A 5 6 7 12 
Structure 570: 7 A 1 4 16 2 3 11 6 5
	-> 1 2 3 4 A 5 6 7 11 
Structure 571: 7 A 1 4 2 3 6 5
	-> 1 2 3 4 A 5 6 7 
Structure 572: 10 A 1 4 2 3 11 6 5 18
	-> 1 2 3 4 A 5 6 10 11 
Structure 573: 7 12 A 1 4 2 3 6 5
	-> 1 2 3 4 A 5 6 7 12 
Structure 574: 7 12 A 1 4 2 3 14 5
	-> 1 2 3 4 A 5 7 12 
Structure 575: 7 13 A 1 4 2 3 91 5
	-> 1 2 3 4 A 5 7 13 
Structure 576: 10 A 1 4 2 3 11 6 5
	-> 1 2 3 4 A 5 6 10 11 
Structure 577: 7 A 1 4 2 3 14 5
	-> 1 2 3 4 A 5 7 
Structure 578: 7 13 A 1 4 2 3 5
	-> 1 2 3 4 A 5 7 13 
Structure 579: 7 12 A 1 4 2 3 6 5
	-> 1 2 3 4 A 5 6 7 12 
Structure 580: 10 A 1 4 2 3 11 6 5
	-> 1 2 3 4 A 5 6 10 11 
Structure 581: 7 A 1 4 2 21 3 14 5
	-> 1 2 3 4 A 5 7 
Structure 582: 7 12 A 1 4 2 3 6 5
	-> 1 2 3 4 A 5 6 7 12 
Structure 583: 7 12 A 1 4 2 3 44 5
	-> 1 2 3 4 A 5 7 12 
Structure 584: 7 13 A 1 4 2 3 26 19 92
	-> 1 2 3 4 A 7 13 
Structure 585: 12 A 1 4 2 3 27 28 36 23 24 58 20
	-> 1 2 3 4 A 12 
Structure 586: 7 13 A 1 4 2 3 6 5
	-> 1 2 3 4 A 5 6 7 13 
Structure 587: 17 7 A 1 4 2 3 6 5
	-> 1 2 3 4 A 5 6 7 
Structure 588: 10 A 1 4 2 3 11 6 5
	-> 1 2 3 4 A 5 6 10 11 
Structure 589: 10 A 1 4 2 3 6 5
	-> 1 2 3 4 A 5 6 10 
Structure 590: 15 10 A 1 65 4 2 3 14 5
	-> 1 2 3 4 A 5 10 
Structure 591: 53 12 A 1 4 2 3 6 5
	-> 1 2 3 4 A 5 6 12 
Structure 592: 10 A 1 4 2 3 11 6 5
	-> 1 2 3 4 A 5 6 10 11 
Structure 593: 7 A 1 4 2 3 6 5 93
	-> 1 2 3 4 A 5 6 7 
Structure 594: 7 13 25 1 4 2 3 5
	-> 1 2 3 4 5 7 13 
Structure 595: 7 13 A 1 4 2 3 6 5
	-> 1 2 3 4 A 5 6 7 13 
Structure 596: 15 12 A 1 4 16 2 3 31 42 43
	-> 1 2 3 4 A 12 
Structure 597: 15 10 A 1 4 2 3 11 6 5
	-> 1 2 3 4 A 5 6 10 11 
Structure 598: 7 12 A 1 4 16 2 3 5
	-> 1 2 3 4 A 5 7 12 
Structure 599: 7 A 1 4 2 3 6 5
	-> 1 2 3 4 A 5 6 7 
Structure 600: 10 A 1 4 2 3 6 5
	-> 1 2 3 4 A 5 6 10 
Structure 601: 7 12 A 1 4 2 3 6 5
	-> 1 2 3 4 A 5 6 7 12 
Structure 602: 7 13 A 1 4 16 2 21 3 34 30 18
	-> 1 2 3 4 A 7 13 
Structure 603: 7 A 1 4 2 3 6 5
	-> 1 2 3 4 A 5 6 7 
Structure 604: 10 A 1 4 16 2 3 11 6 5
	-> 1 2 3 4 A 5 6 10 11 
Structure 605: 10 A 1 4 2 3 11 6 5 22
	-> 1 2 3 4 A 5 6 10 11 
Structure 606: 7 A 1 4 2 3 6 5
	-> 1 2 3 4 A 5 6 7 
Structure 607: 10 A 1 4 2 3 11 6 5
	-> 1 2 3 4 A 5 6 10 11 
Structure 608: 10 A 1 4 2 3 6 5
	-> 1 2 3 4 A 5 6 10 
Structure 609: 7 A 1 4 2 3 14 5
	-> 1 2 3 4 A 5 7 
Structure 610: 10 A 1 4 2 3 11 6 5
	-> 1 2 3 4 A 5 6 10 11 
Structure 611: 12 A 1 4 2 3 29 69 54 55 56
	-> 1 2 3 4 A 12 
Structure 612: 7 13 12 A 1 4 2 3 6 5
	-> 1 2 3 4 A 5 6 7 12 13 
Structure 613: 7 A 1 4 2 3 6 5
	-> 1 2 3 4 A 5 6 7 
Structure 614: 7 A 1 4 2 3 6 5
	-> 1 2 3 4 A 5 6 7 
Structure 615: 10 A 1 4 2 3 11 6 5
	-> 1 2 3 4 A 5 6 10 11 
Structure 616: 7 A 1 4 2 3 11 6 5 38 39
	-> 1 2 3 4 A 5 6 7 11 
Structure 617: 7 A 1 4 2 3 6 5
	-> 1 2 3 4 A 5 6 7 
Structure 618: 10 A 1 4 2 3 11 6 5
	-> 1 2 3 4 A 5 6 10 11 
Structure 619: 17 7 13 A 1 4 2 3 6 5
	-> 1 2 3 4 A 5 6 7 13 
Structure 620: 10 A 1 4 2 3 11 6 5
	-> 1 2 3 4 A 5 6 10 11 
Structure 621: 12 A 1 4 2 3 29 41 37 33
	-> 1 2 3 4 A 12 
Structure 622: 7 A 1 4 2 3 6 5
	-> 1 2 3 4 A 5 6 7 
Structure 623: 17 7 13 32 A 1 4 2 3 5
	-> 1 2 3 4 A 5 7 13 
Structure 624: 7 12 A 1 4 2 21 3 6 5
	-> 1 2 3 4 A 5 6 7 12 
Structure 625: 7 A 1 4 2 3 6 5
	-> 1 2 3 4 A 5 6 7 
Structure 626: 10 A 1 4 2 3 11 6 5
	-> 1 2 3 4 A 5 6 10 11 
Structure 627: 17 7 13 A 1 4 2 3 6 5
	-> 1 2 3 4 A 5 6 7 13 
Structure 628: 7 94 12 A 1 4 2 3 14 5
	-> 1 2 3 4 A 5 7 12 
Structure 629: 7 A 1 4 2 3 14 5
	-> 1 2 3 4 A 5 7 
Structure 630: 7 A 1 4 2 3 14 5
	-> 1 2 3 4 A 5 7 
Structure 631: 10 A 1 4 2 3 11 6 5
	-> 1 2 3 4 A 5 6 10 11 
Structure 632: 10 A 1 4 2 3 11 6 5
	-> 1 2 3 4 A 5 6 10 11 
Structure 633: 10 A 1 4 2 3 11 6 5
	-> 1 2 3 4 A 5 6 10 11 
Structure 634: 7 13 A 1 4 2 3 6 5
	-> 1 2 3 4 A 5 6 7 13 
Structure 635: 7 13 A 1 4 2 3 5
	-> 1 2 3 4 A 5 7 13 
Structure 636: 7 12 A 1 4 2 3 14 5
	-> 1 2 3 4 A 5 7 12 
Structure 637: 7 12 A 1 4 2 3 6 5 18
	-> 1 2 3 4 A 5 6 7 12 
Structure 638: 7 13 A 1 4 2 3 34 30 18
	-> 1 2 3 4 A 7 13 
Structure 639: 7 13 A 1 4 2 3 6 5
	-> 1 2 3 4 A 5 6 7 13 
Structure 640: 7 13 12 A 1 4 2 3 6 5
	-> 1 2 3 4 A 5 6 7 12 13 
Structure 641: 7 12 A 1 4 2 3 14 5
	-> 1 2 3 4 A 5 7 12 
Structure 642: 7 A 1 4 2 3 6 5
	-> 1 2 3 4 A 5 6 7 
Structure 643: 10 25 1 4 2 3 14 5
	-> 1 2 3 4 5 10 
Structure 644: 10 A 1 4 2 3 11 6 5
	-> 1 2 3 4 A 5 6 10 11 
Structure 645: 49 10 A 1 4 2 3 11 6 5
	-> 1 2 3 4 A 5 6 10 11 
Structure 646: 7 A 1 4 2 3 6 5
	-> 1 2 3 4 A 5 6 7 
Structure 647: 10 A 1 4 2 3 11 6 5
	-> 1 2 3 4 A 5 6 10 11 
Structure 648: 7 A 1 4 2 3 11 6 5
	-> 1 2 3 4 A 5 6 7 11 
Structure 649: 7 12 A 1 4 2 3 6 5
	-> 1 2 3 4 A 5 6 7 12 
Structure 650: 10 A 1 4 2 3 11 6 5
	-> 1 2 3 4 A 5 6 10 11 
Structure 651: 7 A 1 4 2 3 6 5
	-> 1 2 3 4 A 5 6 7 
Structure 652: 10 A 1 4 2 3 11 6 40 5
	-> 1 2 3 4 A 5 6 10 11 
Structure 653: 7 12 A 1 4 2 3 14 5
	-> 1 2 3 4 A 5 7 12 
Structure 654: 7 12 A 1 4 2 3 6 5
	-> 1 2 3 4 A 5 6 7 12 
Structure 655: 10 A 1 4 16 2 3 11 6 5
	-> 1 2 3 4 A 5 6 10 11 
Structure 656: 10 A 1 4 2 3 11 6 5
	-> 1 2 3 4 A 5 6 10 11 
Structure 657: 46 10 A 1 4 2 3 11 6 5
	-> 1 2 3 4 A 5 6 10 11 
Structure 658: 10 A 1 4 2 3 11 6 5
	-> 1 2 3 4 A 5 6 10 11 
Structure 659: 7 13 A 1 4 2 21 3 5
	-> 1 2 3 4 A 5 7 13 
Structure 660: 15 10 A 1 4 2 3 11 6 5
	-> 1 2 3 4 A 5 6 10 11 
Structure 661: 7 13 12 A 1 4 2 3 6 5
	-> 1 2 3 4 A 5 6 7 12 13 
Structure 662: 7 A 1 4 2 3 6 5
	-> 1 2 3 4 A 5 6 7 
Structure 663: 15 10 A 1 4 2 3 11 6 5
	-> 1 2 3 4 A 5 6 10 11 
Structure 664: 7 13 A 1 4 2 3 5
	-> 1 2 3 4 A 5 7 13 
Structure 665: 15 10 A 1 4 2 3 14 5
	-> 1 2 3 4 A 5 10 
Structure 666: 12 A 1 4 2 3 27 28 95 36 23 24 58 20
	-> 1 2 3 4 A 12 
Structure 667: 7 A 1 4 2 3 6 5
	-> 1 2 3 4 A 5 6 7 
Structure 668: 7 13 A 1 4 2 3 19
	-> 1 2 3 4 A 7 13 
Structure 669: 7 12 A 1 4 2 3 14 5
	-> 1 2 3 4 A 5 7 12 
Structure 670: 7 13 A 1 4 2 3 6 5
	-> 1 2 3 4 A 5 6 7 13 
Structure 671: 17 7 12 A 1 4 2 3 6 5
	-> 1 2 3 4 A 5 6 7 12 
Structure 672: 7 A 1 4 2 3 6 5
	-> 1 2 3 4 A 5 6 7 
Structure 673: 10 A 1 4 2 3 11 6 5
	-> 1 2 3 4 A 5 6 10 11 
Structure 674: 10 A 1 4 2 3 62 11 6 5
	-> 1 2 3 4 A 5 6 10 11 
Structure 675: 7 13 A 1 4 2 21 3 44 5
	-> 1 2 3 4 A 5 7 13 
Structure 676: 7 A 1 4 2 3 6 5
	-> 1 2 3 4 A 5 6 7 
Structure 677: 7 12 A 1 4 2 3 6 5
	-> 1 2 3 4 A 5 6 7 12 
Structure 678: 7 A 1 4 2 3 6 5
	-> 1 2 3 4 A 5 6 7 
Structure 679: 7 12 A 1 4 2 3 6 5
	-> 1 2 3 4 A 5 6 7 12 
Structure 680: 7 13 A 1 4 2 3 6 5
	-> 1 2 3 4 A 5 6 7 13 
Structure 681: 10 A 1 4 2 3 11 6 5
	-> 1 2 3 4 A 5 6 10 11 
Structure 682: 7 A 1 4 2 3 6 5
	-> 1 2 3 4 A 5 6 7 
Structure 683: 7 12 A 1 4 2 3 6 5
	-> 1 2 3 4 A 5 6 7 12 
Structure 684: 7 A 1 4 2 3 11 6 5
	-> 1 2 3 4 A 5 6 7 11 
Structure 685: 10 A 1 4 2 3 11 6 5
	-> 1 2 3 4 A 5 6 10 11 
Structure 686: 7 12 A 1 4 2 3 6 5
	-> 1 2 3 4 A 5 6 7 12 
Structure 687: 7 12 A 1 4 2 3 6 5
	-> 1 2 3 4 A 5 6 7 12 
Structure 688: 15 10 A 1 4 2 3 6 5
	-> 1 2 3 4 A 5 6 10 
Structure 689: 10 A 1 4 2 3 11 6 5
	-> 1 2 3 4 A 5 6 10 11 
Structure 690: 7 12 A 1 4 16 2 3 6 5
	-> 1 2 3 4 A 5 6 7 12 
Structure 691: 10 A 1 4 2 3 11 6 5
	-> 1 2 3 4 A 5 6 10 11 
Structure 692: 10 25 1 4 2 3 11 6 5
	-> 1 2 3 4 5 6 10 11 
Structure 693: 7 A 1 4 2 3 6 5
	-> 1 2 3 4 A 5 6 7 
Structure 694: 53 12 A 1 4 2 3 6 5
	-> 1 2 3 4 A 5 6 12 
Structure 695: 12 A 1 4 2 3 27 28 36 23 24 20
	-> 1 2 3 4 A 12 
Structure 696: 10 A 1 4 2 3 11 6 5
	-> 1 2 3 4 A 5 6 10 11 
Structure 697: 15 10 A 1 4 2 3 11 6 5
	-> 1 2 3 4 A 5 6 10 11 
Structure 698: 7 A 1 4 2 3 11 6 5
	-> 1 2 3 4 A 5 6 7 11 
Structure 699: 7 12 A 1 4 2 3 14 5
	-> 1 2 3 4 A 5 7 12 
Structure 700: 7 13 12 A 1 4 2 3 6 5
	-> 1 2 3 4 A 5 6 7 12 13 
Structure 701: 10 A 1 4 2 3 11 6 5
	-> 1 2 3 4 A 5 6 10 11 
Structure 702: 7 12 A 1 4 2 3 6 5
	-> 1 2 3 4 A 5 6 7 12 
Structure 703: 10 A 1 4 2 3 11 6 5 67
	-> 1 2 3 4 A 5 6 10 11 
Structure 704: 12 A 1 4 2 3 27 28 36 23 24 20
	-> 1 2 3 4 A 12 
Structure 705: 10 A 1 4 2 3 11 6 5
	-> 1 2 3 4 A 5 6 10 11 
Structure 706: 10 25 1 4 2 3 11 6 5
	-> 1 2 3 4 5 6 10 11 
Structure 707: 7 32 A 1 4 2 3 6 5
	-> 1 2 3 4 A 5 6 7 
Structure 708: 10 A 1 4 2 3 6 5
	-> 1 2 3 4 A 5 6 10 
Structure 709: 10 A 1 4 2 3 11 6 5
	-> 1 2 3 4 A 5 6 10 11 
Structure 710: 7 A 1 4 2 3 6 5
	-> 1 2 3 4 A 5 6 7 
Structure 711: 10 A 1 4 2 3 11 6 5
	-> 1 2 3 4 A 5 6 10 11 
Structure 712: 7 13 A 1 4 2 3 6 5
	-> 1 2 3 4 A 5 6 7 13 
Structure 713: 7 12 A 1 4 2 3 6 5
	-> 1 2 3 4 A 5 6 7 12 
Structure 714: 10 A 1 4 2 3 11 6 5
	-> 1 2 3 4 A 5 6 10 11 
Structure 715: 7 A 1 4 16 2 3 14 40 5
	-> 1 2 3 4 A 5 7 
Structure 716: 7 12 A 1 4 2 3 6 5
	-> 1 2 3 4 A 5 6 7 12 
Structure 717: 10 A 1 4 2 3 11 6 5 18
	-> 1 2 3 4 A 5 6 10 11 
Structure 718: 15 35 12 A 1 4 2 3 14 34 30 18
	-> 1 2 3 4 A 12 
Structure 719: 15 47 A 1 4 2 3 11 6 5
	-> 1 2 3 4 A 5 6 11 
Structure 720: 17 7 12 A 1 4 2 3 6 5
	-> 1 2 3 4 A 5 6 7 12 
Structure 721: 7 13 A 1 4 2 3 6 5
	-> 1 2 3 4 A 5 6 7 13 
Structure 722: 7 A 1 4 2 3 6 5
	-> 1 2 3 4 A 5 6 7 
Structure 723: 7 13 A 1 4 2 3 6 5
	-> 1 2 3 4 A 5 6 7 13 
Structure 724: 46 10 A 1 4 2 3 6 5
	-> 1 2 3 4 A 5 6 10 
Structure 725: 10 A 1 4 2 3 14 5
	-> 1 2 3 4 A 5 10 
Structure 726: 7 12 A 1 4 2 3 6 5
	-> 1 2 3 4 A 5 6 7 12 
Structure 727: 7 A 1 4 2 3 6 5
	-> 1 2 3 4 A 5 6 7 
Structure 728: 7 13 A 1 4 2 3 44 5
	-> 1 2 3 4 A 5 7 13 
Structure 729: 10 A 1 4 2 3 11 6 5
	-> 1 2 3 4 A 5 6 10 11 
Structure 730: 7 12 A 1 4 2 3 6 5
	-> 1 2 3 4 A 5 6 7 12 
Structure 731: 10 A 1 4 2 3 11 6 5
	-> 1 2 3 4 A 5 6 10 11 
Structure 732: 10 A 1 4 2 3 11 6 5
	-> 1 2 3 4 A 5 6 10 11 
Structure 733: 7 12 A 1 4 16 2 3 6 5
	-> 1 2 3 4 A 5 6 7 12 
Structure 734: 7 A 1 64 4 2 3 11 6 5
	-> 1 2 3 4 A 5 6 7 11 
Structure 735: 10 A 1 4 2 3 11 6 5
	-> 1 2 3 4 A 5 6 10 11 
Structure 736: 59 12 A 1 4 2 3 23 24 58 20
	-> 1 2 3 4 A 12 
Structure 737: 7 A 1 4 2 3 11 6 5
	-> 1 2 3 4 A 5 6 7 11 
Structure 738: 7 13 12 A 1 4 2 3 6 5
	-> 1 2 3 4 A 5 6 7 12 13 
Structure 739: 7 A 1 4 2 3 14 5
	-> 1 2 3 4 A 5 7 
Structure 740: 10 A 1 4 2 3 11 6 5
	-> 1 2 3 4 A 5 6 10 11 
Structure 741: 10 A 1 4 2 3 11 6 5
	-> 1 2 3 4 A 5 6 10 11 
Structure 742: 10 A 1 4 2 3 11 6 5
	-> 1 2 3 4 A 5 6 10 11 
Structure 743: 10 A 1 4 2 3 11 6 5
	-> 1 2 3 4 A 5 6 10 11 
Structure 744: 7 A 1 4 2 3 6 5
	-> 1 2 3 4 A 5 6 7 
Structure 745: 10 A 1 4 2 3 11 6 5
	-> 1 2 3 4 A 5 6 10 11 
Structure 746: 10 A 1 4 2 3 11 6 5
	-> 1 2 3 4 A 5 6 10 11 
Structure 747: 7 A 1 4 2 3 14 5
	-> 1 2 3 4 A 5 7 
Structure 748: 10 A 1 4 2 3 11 6 5
	-> 1 2 3 4 A 5 6 10 11 
Structure 749: 7 13 A 1 4 2 3 6 5
	-> 1 2 3 4 A 5 6 7 13 
Structure 750: 10 A 1 4 2 3 11 6 5
	-> 1 2 3 4 A 5 6 10 11 
Structure 751: 10 A 1 4 2 3 11 6 5
	-> 1 2 3 4 A 5 6 10 11 
Structure 752: 49 7 13 12 A 1 4 2 3 6 5
	-> 1 2 3 4 A 5 6 7 12 13 
Structure 753: 15 47 A 1 4 2 3 11 6 5
	-> 1 2 3 4 A 5 6 11 
Structure 754: 7 12 A 1 4 2 3 6 5
	-> 1 2 3 4 A 5 6 7 12 
Structure 755: 7 A 1 4 2 3 6 5
	-> 1 2 3 4 A 5 6 7 
Structure 756: 7 A 1 4 2 3 14 5
	-> 1 2 3 4 A 5 7 
Structure 757: 7 A 1 4 2 3 6 5
	-> 1 2 3 4 A 5 6 7 
Structure 758: 17 7 12 A 1 4 2 3 6 5
	-> 1 2 3 4 A 5 6 7 12 
Structure 759: 7 13 A 1 4 2 3 26 19
	-> 1 2 3 4 A 7 13 
Structure 760: 7 12 A 1 4 2 3 6 5
	-> 1 2 3 4 A 5 6 7 12 
Structure 761: 10 A 1 4 2 3 6 5
	-> 1 2 3 4 A 5 6 10 
Structure 762: 15 35 A 1 4 2 3 6 5
	-> 1 2 3 4 A 5 6 
Structure 763: 7 13 A 1 4 2 3 19
	-> 1 2 3 4 A 7 13 
Structure 764: 10 1 4 2 3 51 48
	-> 1 2 3 4 10 
Structure 765: 15 7 13 A 1 4 2 3 6 5
	-> 1 2 3 4 A 5 6 7 13 
Structure 766: 15 10 A 1 4 2 3 11 6 5 22
	-> 1 2 3 4 A 5 6 10 11 
Structure 767: 7 12 A 1 4 2 3 6 5
	-> 1 2 3 4 A 5 6 7 12 
Structure 768: 10 A 1 4 2 3 11 6 5
	-> 1 2 3 4 A 5 6 10 11 
Structure 769: 7 12 A 1 4 2 3 14 5
	-> 1 2 3 4 A 5 7 12 
Structure 770: 7 13 A 1 4 2 3 6 5
	-> 1 2 3 4 A 5 6 7 13 
Structure 771: 7 13 A 1 4 2 3 5
	-> 1 2 3 4 A 5 7 13 
Structure 772: 7 12 A 1 4 2 3 14 5
	-> 1 2 3 4 A 5 7 12 
Structure 773: 7 A 1 4 2 3 6 5
	-> 1 2 3 4 A 5 6 7 
Structure 774: 7 12 A 1 4 2 3 6 5
	-> 1 2 3 4 A 5 6 7 12 
Structure 775: 10 A 1 4 2 3 11 6 5
	-> 1 2 3 4 A 5 6 10 11 
Structure 776: 7 12 A 1 4 2 3 14 5
	-> 1 2 3 4 A 5 7 12 
Structure 777: 10 A 1 4 2 3 11 6 5 22
	-> 1 2 3 4 A 5 6 10 11 
Structure 778: 7 12 A 1 4 2 3 6 5 22
	-> 1 2 3 4 A 5 6 7 12 
Structure 779: 7 A 1 4 2 3 6 5
	-> 1 2 3 4 A 5 6 7 
Structure 780: 10 A 1 4 2 3 6 5
	-> 1 2 3 4 A 5 6 10 
Structure 781: 7 12 A 1 4 2 3 6 5
	-> 1 2 3 4 A 5 6 7 12 
Structure 782: 7 A 1 4 2 3 6 5
	-> 1 2 3 4 A 5 6 7 
Structure 783: 12 A 1 4 2 3 27 28 36 23 24 63 20
	-> 1 2 3 4 A 12 
Structure 784: 7 13 A 1 4 2 3 6 5
	-> 1 2 3 4 A 5 6 7 13 
Structure 785: 7 12 A 1 4 2 3 6 5
	-> 1 2 3 4 A 5 6 7 12 
Structure 786: 7 A 1 4 2 3 11 6 5
	-> 1 2 3 4 A 5 6 7 11 
Structure 787: 10 A 1 4 2 3 11 6 5
	-> 1 2 3 4 A 5 6 10 11 
Structure 788: 10 A 1 4 2 3 14 5
	-> 1 2 3 4 A 5 10 
Structure 789: 7 A 1 4 2 3 6 5
	-> 1 2 3 4 A 5 6 7 
Structure 790: 7 A 1 4 2 3 6 5
	-> 1 2 3 4 A 5 6 7 
Structure 791: 7 13 A 1 4 2 3 26 19
	-> 1 2 3 4 A 7 13 
Structure 792: 7 13 A 1 4 2 3 48
	-> 1 2 3 4 A 7 13 
Structure 793: 15 10 A 1 4 2 3 11 6 5 22
	-> 1 2 3 4 A 5 6 10 11 
Structure 794: 7 12 A 1 4 2 3 6 40 5
	-> 1 2 3 4 A 5 6 7 12 
Structure 795: 7 12 A 1 4 2 3 6 5
	-> 1 2 3 4 A 5 6 7 12 
Structure 796: 7 A 1 4 2 3 14 5
	-> 1 2 3 4 A 5 7 
Structure 797: 7 A 1 4 2 3 6 5
	-> 1 2 3 4 A 5 6 7 
Structure 798: 7 A 1 4 2 3 6 5
	-> 1 2 3 4 A 5 6 7 
Structure 799: 15 7 12 A 1 4 2 3 6 5
	-> 1 2 3 4 A 5 6 7 12 
Structure 800: 7 13 A 1 4 2 3 5
	-> 1 2 3 4 A 5 7 13 
Structure 801: 7 12 A 1 4 2 3 14 5
	-> 1 2 3 4 A 5 7 12 
Structure 802: 7 A 1 4 2 3 14 5
	-> 1 2 3 4 A 5 7 
Structure 803: 15 7 12 A 1 4 2 3 6 5
	-> 1 2 3 4 A 5 6 7 12 
Structure 804: 7 A 1 4 2 3 6 5
	-> 1 2 3 4 A 5 6 7 
Structure 805: 7 A 1 4 2 3 6 5
	-> 1 2 3 4 A 5 6 7 
Structure 806: 12 A 1 4 2 3 27 28 45 50 23 24 58 20
	-> 1 2 3 4 A 12 
Structure 807: 7 12 A 1 4 2 3 14 5
	-> 1 2 3 4 A 5 7 12 
Structure 808: 10 A 1 4 2 3 11 6 5
	-> 1 2 3 4 A 5 6 10 11 
Structure 809: 7 A 1 4 2 3 6 5
	-> 1 2 3 4 A 5 6 7 
Structure 810: 7 12 A 1 4 16 2 3 6 5
	-> 1 2 3 4 A 5 6 7 12 
Structure 811: 10 A 1 4 2 3 11 6 5
	-> 1 2 3 4 A 5 6 10 11 
Structure 812: 7 12 A 1 4 2 3 6 5
	-> 1 2 3 4 A 5 6 7 12 
Structure 813: 7 A 1 4 2 3 6 5
	-> 1 2 3 4 A 5 6 7 
Structure 814: 7 A 1 4 2 3 6 5
	-> 1 2 3 4 A 5 6 7 
Structure 815: 7 A 1 4 2 3 6 5
	-> 1 2 3 4 A 5 6 7 
Structure 816: 7 12 A 1 4 2 3 14 5
	-> 1 2 3 4 A 5 7 12 
Structure 817: 10 A 1 4 2 3 11 6 5
	-> 1 2 3 4 A 5 6 10 11 
Structure 818: 10 A 1 4 2 3 11 6 5
	-> 1 2 3 4 A 5 6 10 11 
Structure 819: 7 12 A 1 4 2 3 6 5
	-> 1 2 3 4 A 5 6 7 12 
Structure 820: 35 A 1 4 2 3 6 5
	-> 1 2 3 4 A 5 6 
Structure 821: 7 A 1 4 2 3 6 5
	-> 1 2 3 4 A 5 6 7 
Structure 822: 10 1 4 2 3 51 5
	-> 1 2 3 4 5 10 
Structure 823: 10 A 1 4 2 3 11 6 5
	-> 1 2 3 4 A 5 6 10 11 
Structure 824: 10 A 1 4 2 3 11 6 5
	-> 1 2 3 4 A 5 6 10 11 
Structure 825: 7 12 A 1 4 16 2 3 14 6 5
	-> 1 2 3 4 A 5 6 7 12 
Structure 826: 7 52 A 1 4 2 3 6 5
	-> 1 2 3 4 A 5 6 7 
Structure 827: 7 13 A 1 4 2 3 40 5
	-> 1 2 3 4 A 5 7 13 
Structure 828: 7 12 A 1 4 2 3 6 5
	-> 1 2 3 4 A 5 6 7 12 
Structure 829: 7 12 A 1 4 2 21 3 6 5
	-> 1 2 3 4 A 5 6 7 12 
Structure 830: 10 A 1 4 2 3 11 6 5
	-> 1 2 3 4 A 5 6 10 11 
Structure 831: 7 13 12 A 1 4 2 3 6 5
	-> 1 2 3 4 A 5 6 7 12 13 
Structure 832: 10 A 1 4 2 3 11 6 5
	-> 1 2 3 4 A 5 6 10 11 
Structure 833: 7 13 A 1 4 2 3 6 5
	-> 1 2 3 4 A 5 6 7 13 
Structure 834: 7 12 A 1 4 2 3 6 5
	-> 1 2 3 4 A 5 6 7 12 
Structure 835: 10 47 A 1 4 2 3 11 6 5
	-> 1 2 3 4 A 5 6 10 11 
Structure 836: 7 12 A 1 4 2 3 6 5
	-> 1 2 3 4 A 5 6 7 12 
Structure 837: 7 13 A 1 4 2 3 26 19
	-> 1 2 3 4 A 7 13 
Structure 838: 17 7 A 1 4 16 2 3 14 5
	-> 1 2 3 4 A 5 7 
Structure 839: 7 12 A 1 4 2 3 6 5
	-> 1 2 3 4 A 5 6 7 12 
Structure 840: 7 A 1 4 2 3 14 5
	-> 1 2 3 4 A 5 7 
Structure 841: 71 12 A 1 4 2 3 5 96
	-> 1 2 3 4 A 5 12 
Structure 842: 10 A 1 4 2 3 11 6 5
	-> 1 2 3 4 A 5 6 10 11 
Structure 843: 7 A 1 4 2 3 6 5
	-> 1 2 3 4 A 5 6 7 
Structure 844: 10 A 1 4 2 3 6 5
	-> 1 2 3 4 A 5 6 10 
Structure 845: 10 A 1 4 2 3 11 6 5
	-> 1 2 3 4 A 5 6 10 11 
Structure 846: 7 A 1 4 2 3 11 6 5
	-> 1 2 3 4 A 5 6 7 11 
Structure 847: 7 13 A 1 4 2 3 26 19
	-> 1 2 3 4 A 7 13 
Structure 848: 7 12 A 1 4 2 3 6 5
	-> 1 2 3 4 A 5 6 7 12 
Structure 849: 10 A 1 4 2 3 11 6 5
	-> 1 2 3 4 A 5 6 10 11 
Structure 850: 10 A 1 4 2 3 11 6 5
	-> 1 2 3 4 A 5 6 10 11 
Structure 851: 12 A 1 4 2 3 29 50 23 24 20
	-> 1 2 3 4 A 12 
Structure 852: 10 A 1 4 2 3 11 6 5
	-> 1 2 3 4 A 5 6 10 11 
Structure 853: 7 A 1 4 2 3 14 5
	-> 1 2 3 4 A 5 7 
Structure 854: 7 13 12 A 1 4 2 3 6 5 38 39
	-> 1 2 3 4 A 5 6 7 12 13 
Structure 855: 15 12 A 1 4 2 3 31 42 30 18
	-> 1 2 3 4 A 12 
Structure 856: 10 A 1 4 2 3 11 6 5
	-> 1 2 3 4 A 5 6 10 11 
Structure 857: 7 A 1 4 2 3 6 5
	-> 1 2 3 4 A 5 6 7 
Structure 858: 7 A 1 4 2 3 6 5
	-> 1 2 3 4 A 5 6 7 
Structure 859: 12 A 1 4 2 3 27 28 45 50 23 24 20
	-> 1 2 3 4 A 12 
Structure 860: 10 A 1 4 2 3 11 6 5
	-> 1 2 3 4 A 5 6 10 11 
Structure 861: 49 10 A 1 4 2 3 11 6 5
	-> 1 2 3 4 A 5 6 10 11 
Structure 862: 7 12 A 1 4 2 3 6 5
	-> 1 2 3 4 A 5 6 7 12 
Structure 863: 10 A 1 4 2 3 6 5
	-> 1 2 3 4 A 5 6 10 
Structure 864: 7 12 A 1 4 2 3 14 5
	-> 1 2 3 4 A 5 7 12 
Structure 865: 7 A 1 4 2 3 6 5
	-> 1 2 3 4 A 5 6 7 
Structure 866: 10 A 1 4 2 3 11 6 5
	-> 1 2 3 4 A 5 6 10 11 
Structure 867: 10 A 1 4 2 3 11 6 5
	-> 1 2 3 4 A 5 6 10 11 
Structure 868: 7 12 A 1 4 2 3 6 5
	-> 1 2 3 4 A 5 6 7 12 
Structure 869: 10 A 1 4 2 3 11 6 5
	-> 1 2 3 4 A 5 6 10 11 
Structure 870: 17 7 12 A 1 4 2 3 6 5
	-> 1 2 3 4 A 5 6 7 12 
Structure 871: 10 A 1 4 2 3 11 6 5
	-> 1 2 3 4 A 5 6 10 11 
Structure 872: 7 12 A 1 4 2 3 6 5
	-> 1 2 3 4 A 5 6 7 12 
Structure 873: 7 A 1 4 2 3 6 5
	-> 1 2 3 4 A 5 6 7 
Structure 874: 7 12 A 1 4 2 3 14 5
	-> 1 2 3 4 A 5 7 12 
Structure 875: 7 A 1 4 2 3 6 5
	-> 1 2 3 4 A 5 6 7 
Structure 876: 7 13 A 1 4 2 3 6 5
	-> 1 2 3 4 A 5 6 7 13 
Structure 877: 10 A 1 4 2 3 6 5
	-> 1 2 3 4 A 5 6 10 
Structure 878: 7 12 A 1 4 2 3 6 5
	-> 1 2 3 4 A 5 6 7 12 
Structure 879: 59 12 A 1 4 2 3 23 24 20
	-> 1 2 3 4 A 12 
Structure 880: 7 12 A 1 4 2 3 14 5
	-> 1 2 3 4 A 5 7 12 
Structure 881: 10 A 1 4 2 3 6 5
	-> 1 2 3 4 A 5 6 10 
Structure 882: 7 A 1 4 2 3 6 5
	-> 1 2 3 4 A 5 6 7 
Structure 883: 7 12 A 1 4 2 3 6 5
	-> 1 2 3 4 A 5 6 7 12 
Structure 884: 15 10 A 1 4 2 3 11 6 5
	-> 1 2 3 4 A 5 6 10 11 
Structure 885: 10 A 1 4 2 3 6 5
	-> 1 2 3 4 A 5 6 10 
Structure 886: 10 A 1 4 2 3 6 5
	-> 1 2 3 4 A 5 6 10 
Structure 887: 7 12 A 1 4 2 3 14 5
	-> 1 2 3 4 A 5 7 12 
Structure 888: 49 10 A 1 4 2 3 11 6 5
	-> 1 2 3 4 A 5 6 10 11 
Structure 889: 15 7 A 1 4 2 3 6 5
	-> 1 2 3 4 A 5 6 7 
Structure 890: 7 A 1 4 2 3 11 6 5
	-> 1 2 3 4 A 5 6 7 11 
Structure 891: 7 A 1 4 2 3 6 5
	-> 1 2 3 4 A 5 6 7 
Structure 892: 10 A 1 4 2 21 3 11 6 5
	-> 1 2 3 4 A 5 6 10 11 
Structure 893: 7 32 A 1 4 2 3 6 5
	-> 1 2 3 4 A 5 6 7 
Structure 894: 7 A 1 4 2 3 6 5
	-> 1 2 3 4 A 5 6 7 
Structure 895: 7 13 A 1 4 2 3 26 19 38 39
	-> 1 2 3 4 A 7 13 
Structure 896: 10 A 1 4 2 3 11 6 5
	-> 1 2 3 4 A 5 6 10 11 
Structure 897: 10 A 1 4 2 3 6 5
	-> 1 2 3 4 A 5 6 10 
Structure 898: 10 A 1 4 2 3 11 6 5
	-> 1 2 3 4 A 5 6 10 11 
Structure 899: 10 A 1 4 2 3 6 5 22
	-> 1 2 3 4 A 5 6 10 
Structure 900: 10 A 1 4 2 3 11 6 5
	-> 1 2 3 4 A 5 6 10 11 
Structure 901: 47 A 1 4 2 3 11 6 5
	-> 1 2 3 4 A 5 6 11 
Structure 902: 7 A 1 4 2 3 6 5
	-> 1 2 3 4 A 5 6 7 
Structure 903: 10 A 1 4 2 3 62 11 6 5
	-> 1 2 3 4 A 5 6 10 11 
Structure 904: 7 12 A 1 4 2 3 6 5
	-> 1 2 3 4 A 5 6 7 12 
Structure 905: 15 10 A 1 4 2 3 11 6 5
	-> 1 2 3 4 A 5 6 10 11 
Structure 906: 7 A 1 4 2 3 6 5
	-> 1 2 3 4 A 5 6 7 
Structure 907: 7 12 A 1 4 2 3 6 5
	-> 1 2 3 4 A 5 6 7 12 
Structure 908: 15 10 A 1 4 2 3 11 6 5
	-> 1 2 3 4 A 5 6 10 11 
Structure 909: 10 A 1 4 2 3 11 6 5
	-> 1 2 3 4 A 5 6 10 11 
Structure 910: 10 A 1 4 2 3 11 6 5
	-> 1 2 3 4 A 5 6 10 11 
Structure 911: 7 12 A 1 4 2 21 3 14 5
	-> 1 2 3 4 A 5 7 12 
Structure 912: 7 A 1 4 2 3 6 5
	-> 1 2 3 4 A 5 6 7 
Structure 913: 10 A 1 4 2 3 14 5
	-> 1 2 3 4 A 5 10 
Structure 914: 17 7 A 1 4 2 3 6 5
	-> 1 2 3 4 A 5 6 7 
Structure 915: 10 A 1 4 2 3 11 6 5
	-> 1 2 3 4 A 5 6 10 11 
Structure 916: 7 A 1 4 2 3 6 5
	-> 1 2 3 4 A 5 6 7 
Structure 917: 7 12 A 1 4 2 21 3 6 5
	-> 1 2 3 4 A 5 6 7 12 
Structure 918: 7 13 A 1 4 2 3 26 19
	-> 1 2 3 4 A 7 13 
Structure 919: 97 10 A 1 4 2 3 6 5
	-> 1 2 3 4 A 5 6 10 
Structure 920: 10 A 1 4 2 3 11 6 5
	-> 1 2 3 4 A 5 6 10 11 
Structure 921: 17 7 13 A 1 4 2 3 14 34 30 18
	-> 1 2 3 4 A 7 13 
Structure 922: 15 10 A 1 4 2 3 11 6 5
	-> 1 2 3 4 A 5 6 10 11 
Structure 923: 7 12 A 1 4 2 3 6 5
	-> 1 2 3 4 A 5 6 7 12 
Structure 924: 7 12 A 1 4 2 3 6 5
	-> 1 2 3 4 A 5 6 7 12 
Structure 925: 10 A 1 4 2 3 11 6 5
	-> 1 2 3 4 A 5 6 10 11 
Structure 926: 7 12 A 1 4 2 3 6 5
	-> 1 2 3 4 A 5 6 7 12 
Structure 927: 10 A 1 4 2 3 11 6 5
	-> 1 2 3 4 A 5 6 10 11 
Structure 928: 7 A 1 4 2 3 6 5
	-> 1 2 3 4 A 5 6 7 
Structure 929: 10 A 1 4 2 3 11 6 5
	-> 1 2 3 4 A 5 6 10 11 
Structure 930: 10 A 1 4 2 3 11 6 5
	-> 1 2 3 4 A 5 6 10 11 
Structure 931: 10 A 1 4 2 3 11 6 5
	-> 1 2 3 4 A 5 6 10 11 
Structure 932: 10 A 1 4 2 3 11 6 5
	-> 1 2 3 4 A 5 6 10 11 
Structure 933: 7 12 A 1 4 2 3 6 5
	-> 1 2 3 4 A 5 6 7 12 
Structure 934: 10 25 1 4 2 3 11 6 5
	-> 1 2 3 4 5 6 10 11 
Structure 935: 10 A 1 4 2 3 11 6 5
	-> 1 2 3 4 A 5 6 10 11 
Structure 936: 7 12 A 1 4 2 3 6 5
	-> 1 2 3 4 A 5 6 7 12 
Structure 937: 7 12 A 1 4 2 3 42 43
	-> 1 2 3 4 A 7 12 
Structure 938: 10 A 1 4 2 3 6 5
	-> 1 2 3 4 A 5 6 10 
Structure 939: 7 12 A 1 4 2 3 14 5
	-> 1 2 3 4 A 5 7 12 
Structure 940: 10 A 1 4 2 3 11 6 5
	-> 1 2 3 4 A 5 6 10 11 
Structure 941: 12 A 1 4 2 3 29 98 37 33
	-> 1 2 3 4 A 12 
Structure 942: 15 10 A 1 4 2 3 11 6 5
	-> 1 2 3 4 A 5 6 10 11 
Structure 943: 15 10 A 1 4 16 2 3 11 6 5
	-> 1 2 3 4 A 5 6 10 11 
Structure 944: 7 12 A 1 4 2 3 6 5
	-> 1 2 3 4 A 5 6 7 12 
Structure 945: 7 13 A 1 4 2 3 51 70 48
	-> 1 2 3 4 A 7 13 
Structure 946: 7 13 A 1 4 2 3 44 5
	-> 1 2 3 4 A 5 7 13 
Structure 947: 10 A 1 4 2 3 11 6 5
	-> 1 2 3 4 A 5 6 10 11 
Structure 948: 10 A 1 4 2 3 11 6 5 18
	-> 1 2 3 4 A 5 6 10 11 
Structure 949: 10 25 A 1 4 2 3 6 5
	-> 1 2 3 4 A 5 6 10 
Structure 950: 7 12 A 1 4 2 3 6 5
	-> 1 2 3 4 A 5 6 7 12 
Structure 951: 7 12 A 1 4 2 3 6 5
	-> 1 2 3 4 A 5 6 7 12 
Structure 952: 10 A 1 4 2 3 11 6 5
	-> 1 2 3 4 A 5 6 10 11 
Structure 953: 10 A 1 4 2 3 6 5
	-> 1 2 3 4 A 5 6 10 
Structure 954: 7 12 A 1 4 2 3 6 5
	-> 1 2 3 4 A 5 6 7 12 
Structure 955: 7 13 A 1 4 2 3 6 5
	-> 1 2 3 4 A 5 6 7 13 
Structure 956: 7 A 1 4 2 3 14 5
	-> 1 2 3 4 A 5 7 
Structure 957: 7 A 1 4 2 3 14 5
	-> 1 2 3 4 A 5 7 
Structure 958: 7 12 A 1 4 2 3 14 5
	-> 1 2 3 4 A 5 7 12 
Structure 959: 7 57 A 1 4 2 3 14 5
	-> 1 2 3 4 A 5 7 
Structure 960: 7 12 A 1 4 2 3 6 5
	-> 1 2 3 4 A 5 6 7 12 
Structure 961: 7 13 12 A 1 4 2 21 3 6 5
	-> 1 2 3 4 A 5 6 7 12 13 
Structure 962: 7 A 1 4 2 3 14 5
	-> 1 2 3 4 A 5 7 
Structure 963: 17 7 13 A 1 4 2 3 6 5
	-> 1 2 3 4 A 5 6 7 13 
Structure 964: 10 A 1 4 2 3 11 6 5
	-> 1 2 3 4 A 5 6 10 11 
Structure 965: 10 25 1 4 2 3 11 6 5
	-> 1 2 3 4 5 6 10 11 
Structure 966: 7 13 A 1 4 2 3 6 5
	-> 1 2 3 4 A 5 6 7 13 
Structure 967: 7 12 A 1 4 2 3 6 5
	-> 1 2 3 4 A 5 6 7 12 
Structure 968: 7 A 1 4 2 3 6 5
	-> 1 2 3 4 A 5 6 7 
Structure 969: 17 7 12 A 1 4 2 3 6 5
	-> 1 2 3 4 A 5 6 7 12 
Structure 970: 17 7 12 A 1 4 2 3 6 5
	-> 1 2 3 4 A 5 6 7 12 
Structure 971: 7 13 A 1 4 2 3 30 18
	-> 1 2 3 4 A 7 13 
Structure 972: 7 12 A 1 4 2 3 6 5
	-> 1 2 3 4 A 5 6 7 12 
Structure 973: 7 12 A 1 4 2 3 6 5
	-> 1 2 3 4 A 5 6 7 12 
Structure 974: 7 12 A 1 4 2 3 6 5 22
	-> 1 2 3 4 A 5 6 7 12 
Structure 975: 10 A 1 4 2 3 11 6 5
	-> 1 2 3 4 A 5 6 10 11 
Structure 976: 7 A 1 4 2 3 6 5
	-> 1 2 3 4 A 5 6 7 
Structure 977: 7 A 1 4 2 3 6 5
	-> 1 2 3 4 A 5 6 7 
Structure 978: 7 12 A 1 4 2 3 31 42 43
	-> 1 2 3 4 A 7 12 
Structure 979: 7 12 A 1 4 2 3 6 5
	-> 1 2 3 4 A 5 6 7 12 
Structure 980: 7 A 1 4 2 3 11 6 5
	-> 1 2 3 4 A 5 6 7 11 
Structure 981: 10 A 1 4 2 3 11 6 5
	-> 1 2 3 4 A 5 6 10 11 
Structure 982: 10 25 1 4 2 3 11 6 5
	-> 1 2 3 4 5 6 10 11 
Structure 983: 10 A 1 4 2 3 11 6 5
	-> 1 2 3 4 A 5 6 10 11 
Structure 984: 12 A 1 4 2 3 29 41 37 33
	-> 1 2 3 4 A 12 
Structure 985: 7 13 A 1 4 2 3 5
	-> 1 2 3 4 A 5 7 13 
Structure 986: 10 A 1 4 2 3 11 6 5
	-> 1 2 3 4 A 5 6 10 11 
Structure 987: 7 13 A 1 4 2 3 6 5 18
	-> 1 2 3 4 A 5 6 7 13 
Structure 988: 7 A 1 4 2 3 6 5 38 39
	-> 1 2 3 4 A 5 6 7 
Structure 989: 10 A 1 4 2 3 11 6 5
	-> 1 2 3 4 A 5 6 10 11 
Structure 990: 15 10 A 1 4 2 3 11 6 5
	-> 1 2 3 4 A 5 6 10 11 
Structure 991: 7 12 A 1 4 2 3 6 5
	-> 1 2 3 4 A 5 6 7 12 
Structure 992: 7 13 A 1 4 2 3 6 5
	-> 1 2 3 4 A 5 6 7 13 
Structure 993: 10 A 1 4 2 3 11 6 5
	-> 1 2 3 4 A 5 6 10 11 
Structure 994: 15 10 A 1 4 2 3 11 6 5
	-> 1 2 3 4 A 5 6 10 11 
Structure 995: 7 12 A 1 4 2 3 6 5 22
	-> 1 2 3 4 A 5 6 7 12 
Structure 996: 7 A 1 4 2 3 6 5
	-> 1 2 3 4 A 5 6 7 
Structure 997: 10 A 1 4 2 3 11 6 5
	-> 1 2 3 4 A 5 6 10 11 
Structure 998: 7 12 A 1 4 2 3 14 40 5
	-> 1 2 3 4 A 5 7 12 
Structure 999: 7 12 A 1 4 2 3 6 5
	-> 1 2 3 4 A 5 6 7 12 
Structure 1000: 7 13 A 1 4 2 3 99 48
	-> 1 2 3 4 A 7 13 
