Processing: /home/hwilco/Documents/RNA Research/RNAStructProfiling-master/output/training/freshwater_metag.3_sfold/input/freshwater_metag.3_sfold.out
Structure 1: 14 B A 2 7 15 3 6 4
	-> A 2 3 4 6 7 B 14 15 
Structure 2: 46 14 B A 2 7 12 54 29 3 4
	-> A 2 3 4 7 B 12 14 
Structure 3: 25 23 22 28 24 A 20 58 39 51 42 21 26
	-> A 
Structure 4: 78 14 B A 2 16 12 30 3 6 4
	-> A 2 3 4 6 B 12 14 16 
Structure 5: 17 27 11 19 8 A 2 7 15 3 4
	-> A 2 3 4 7 8 11 15 17 
Structure 6: 41 56 19 8 A 18 2 7 52 76 3 4
	-> A 2 3 4 7 8 18 
Structure 7: 17 27 11 8 A 2 16 12 177 3 4
	-> A 2 3 4 8 11 12 16 17 
Structure 8: 43 14 B A 2 7 3 6 4 47 49
	-> A 2 3 4 6 7 B 14 
Structure 9: 35 34 8 A 18 2 16 3 4
	-> A 2 3 4 8 16 18 
Structure 10: 17 23 22 28 24 63 A 20 2 37 59 21 26
	-> A 2 17 
Structure 11: 43 14 B A 2 16 73 12 32 3 4
	-> A 2 3 4 B 12 14 16 
Structure 12: 17 11 19 8 A 18 2 7 36 15 3 6 4
	-> A 2 3 4 6 7 8 11 15 17 18 
Structure 13: 78 14 B A 40 16 15 3 4
	-> A 3 4 B 14 15 16 
Structure 14: 17 11 19 8 A 18 2 33 36 15 3 6 4
	-> A 2 3 4 6 8 11 15 17 18 
Structure 15: 17 23 22 28 24 63 A 20 58 39 51 42 59 21 31
	-> A 17 
Structure 16: 14 B A 2 7 12 32 3 4
	-> A 2 3 4 7 B 12 14 
Structure 17: 25 23 22 28 24 A 20 2 7 21 26
	-> A 2 7 
Structure 18: 17 11 19 8 A 2 7 48 36 15 3 4
	-> A 2 3 4 7 8 11 15 17 
Structure 19: 14 B A 2 7 136 137 36 15 3 6 4
	-> A 2 3 4 6 7 B 14 15 
Structure 20: 17 27 11 56 19 8 A 2 122 15 3 4
	-> A 2 3 4 8 11 15 17 
Structure 21: 17 11 19 8 A 2 33 12 29 3 6 4
	-> A 2 3 4 6 8 11 12 17 
Structure 22: 14 B A 2 33 36 15 3 6 4
	-> A 2 3 4 6 B 14 15 
Structure 23: 17 27 11 8 A 2 7 12 50 44 104 3 6 4
	-> A 2 3 4 6 7 8 11 12 17 
Structure 24: 35 34 B A 138 40 16 74 66 67 3 4
	-> A 3 4 B 16 
Structure 25: 17 11 8 A 18 2 7 12 30 3 6 4
	-> A 2 3 4 6 7 8 11 12 17 18 
Structure 26: 25 23 22 24 A 20 2 79 21 31
	-> A 2 
Structure 27: 17 27 11 8 A 2 16 12 29 3 6 4
	-> A 2 3 4 6 8 11 12 16 17 
Structure 28: 43 14 B A 2 16 12 32 3 6 4
	-> A 2 3 4 6 B 12 14 16 
Structure 29: 25 23 22 28 24 A 20 2 16 37 21 26 86
	-> A 2 16 
Structure 30: 38 14 B A 2 7 12 50 44 3 6 4
	-> A 2 3 4 6 7 B 12 14 
Structure 31: 17 11 19 8 A 65 178 16 15 3 6 4
	-> A 3 4 6 8 11 15 16 17 
Structure 32: 14 B A 2 7 52 15 3 6 4
	-> A 2 3 4 6 7 B 14 15 
Structure 33: 80 17 96 8 A 18 2 16 15 3 4
	-> A 2 3 4 8 15 16 17 18 
Structure 34: 53 97 11 8 A 2 16 12 30 104 3 6 4
	-> A 2 3 4 6 8 11 12 16 
Structure 35: 17 11 8 A 2 7 15 3 6 4
	-> A 2 3 4 6 7 8 11 15 17 
Structure 36: 17 11 19 8 A 2 16 15 3 4
	-> A 2 3 4 8 11 15 16 17 
Structure 37: 46 14 B A 2 3 4
	-> A 2 3 4 B 14 
Structure 38: 38 14 B A 2 16 12 30 3 6 4
	-> A 2 3 4 6 B 12 14 16 
Structure 39: 25 23 22 24 A 20 2 16 37 21 26 31
	-> A 2 16 
Structure 40: 38 14 B A 2 16 12 32 3 6 4
	-> A 2 3 4 6 B 12 14 16 
Structure 41: 17 27 11 19 8 A 18 2 16 3 4
	-> A 2 3 4 8 11 16 17 18 
Structure 42: 87 139 11 8 A 18 2 3 4
	-> A 2 3 4 8 11 18 
Structure 43: 17 27 11 8 A 18 2 7 15 3 4
	-> A 2 3 4 7 8 11 15 17 18 
Structure 44: 35 34 64 8 A 2 33 81 3 4
	-> A 2 3 4 8 
Structure 45: 14 B A 2 7 15 3 4
	-> A 2 3 4 7 B 14 15 
Structure 46: 179 98 77 140 9 A 40 16 60 12 54 32 3 6 4
	-> A 3 4 6 12 16 
Structure 47: 68 11 19 8 A 2 3 6 4 47 49
	-> A 2 3 4 6 8 11 
Structure 48: 14 B A 2 7 12 54 3 6 4
	-> A 2 3 4 6 7 B 12 14 
Structure 49: 27 11 8 A 2 61 12 30 57 3 6 4
	-> A 2 3 4 6 8 11 12 
Structure 50: 41 56 8 A 18 2 7 123 52 15 3 6 4
	-> A 2 3 4 6 7 8 15 18 
Structure 51: 46 14 B A 2 7 15 3 4
	-> A 2 3 4 7 B 14 15 
Structure 52: 35 34 8 A 18 2 7 29 3 6 4
	-> A 2 3 4 6 7 8 18 
Structure 53: 99 105 B A 40 16 60 71 141 29 3 6 4
	-> A 3 4 6 B 16 
Structure 54: 34 69 106 A 20 2 37 3 4
	-> A 2 3 4 
Structure 55: 25 23 22 28 24 62 A 20 2 7 37 21 26
	-> A 2 7 
Structure 56: 35 34 8 A 2 7 180 3 4
	-> A 2 3 4 7 8 
Structure 57: 17 27 11 19 8 A 18 2 7 12 29 3 4
	-> A 2 3 4 7 8 11 12 17 18 
Structure 58: 14 B A 2 70 12 32 3 6 4
	-> A 2 3 4 6 B 12 14 
Structure 59: 17 11 8 A 2 33 48 36 15 3 4
	-> A 2 3 4 8 11 15 17 
Structure 60: 35 34 69 8 A 2 7 3 4
	-> A 2 3 4 7 8 
Structure 61: 53 11 19 8 A 18 2 33 12 32 3 6 4
	-> A 2 3 4 6 8 11 12 18 
Structure 62: 46 14 140 B 1 40 16 181 15 3 4
	-> 3 4 B 14 15 16 
Structure 63: 11 8 A 2 7 61 12 30 57 3 6 4
	-> A 2 3 4 6 7 8 11 12 
Structure 64: 35 34 64 8 A 18 2 82 3 6 4
	-> A 2 3 4 6 8 18 
Structure 65: 11 8 A 18 2 7 15 3 4
	-> A 2 3 4 7 8 11 15 18 
Structure 66: 17 11 19 8 A 18 2 7 12 182 3 4
	-> A 2 3 4 7 8 11 12 17 18 
Structure 67: 41 56 8 A 18 2 16 61 12 32 3 6 4
	-> A 2 3 4 6 8 12 16 18 
Structure 68: 17 11 8 A 18 2 7 52 15 3 4
	-> A 2 3 4 7 8 11 15 17 18 
Structure 69: 53 97 11 8 A 2 7 3 142 4
	-> A 2 3 4 7 8 11 
Structure 70: 87 139 11 19 8 A 18 2 16 15 3 4
	-> A 2 3 4 8 11 15 16 18 
Structure 71: 25 23 22 28 24 A 20 2 7 37 21 31
	-> A 2 7 
Structure 72: 45 11 8 A 18 2 16 12 29 3 4
	-> A 2 3 4 8 11 12 16 18 
Structure 73: 38 14 B A 2 12 32 3 4
	-> A 2 3 4 B 12 14 
Structure 74: 25 23 22 28 24 A 20 91 2 7 21 26
	-> A 2 7 
Structure 75: 14 B A 2 16 3 4 124
	-> A 2 3 4 B 14 16 
Structure 76: 92 41 56 8 A 2 16 15 104 3 6 4
	-> A 2 3 4 6 8 15 16 
Structure 77: 45 14 B A 2 7 12 30 3 4
	-> A 2 3 4 7 B 12 14 
Structure 78: 14 B A 2 88 12 32 3 4
	-> A 2 3 4 B 12 14 
Structure 79: 14 B A 2 7 183 3 6 4 47 49
	-> A 2 3 4 6 7 B 14 
Structure 80: 17 27 11 19 143 B A 40 16 37 12 29 3 4
	-> A 3 4 B 11 12 16 17 
Structure 81: 17 11 19 8 A 18 2 7 12 29 3 6 4
	-> A 2 3 4 6 7 8 11 12 17 18 
Structure 82: 14 B A 2 12 30 3 4
	-> A 2 3 4 B 12 14 
Structure 83: 27 11 19 8 A 18 2 16 12 54 32 3 6 4
	-> A 2 3 4 6 8 11 12 16 18 
Structure 84: 45 11 8 A 18 2 7 15 3 4
	-> A 2 3 4 7 8 11 15 18 
Structure 85: 14 B A 2 7 15 3 4
	-> A 2 3 4 7 B 14 15 
Structure 86: 17 27 11 8 A 18 2 16 12 32 3 6 4
	-> A 2 3 4 6 8 11 12 16 17 18 
Structure 87: 46 14 B A 2 16 50 44 3 6 4
	-> A 2 3 4 6 B 14 16 
Structure 88: 14 B A 2 7 12 54 32 3 4
	-> A 2 3 4 7 B 12 14 
Structure 89: 25 23 22 24 A 20 39 51 42 144 21 26 31
	-> A 
Structure 90: 14 B 1 2 7 3 6 4 47 49
	-> 2 3 4 6 7 B 14 
Structure 91: 41 56 19 8 A 18 2 7 12 32 3 4
	-> A 2 3 4 7 8 12 18 
Structure 92: 14 B A 2 16 61 12 29 3 6 4
	-> A 2 3 4 6 B 12 14 16 
Structure 93: 55 11 8 A 2 7 15 3 6 4
	-> A 2 3 4 6 7 8 11 15 
Structure 94: 17 11 19 8 A 2 7 15 3 6 4
	-> A 2 3 4 6 7 8 11 15 17 
Structure 95: 25 23 22 24 A 20 2 7 37 21 26 31
	-> A 2 7 
Structure 96: 25 23 22 28 24 A 20 2 16 37 59 21 26 31
	-> A 2 16 
Structure 97: 17 184 B A 2 16 60 12 30 57 3 6 4
	-> A 2 3 4 6 B 12 16 17 
Structure 98: 17 27 11 8 A 145 18 2 7 15 3 4
	-> A 2 3 4 7 8 11 15 17 18 
Structure 99: 41 56 8 A 18 2 7 15 3 6 4
	-> A 2 3 4 6 7 8 15 18 
Structure 100: 27 11 19 8 1 18 2 12 32 3 6 4
	-> 2 3 4 6 8 11 12 18 
Structure 101: 25 23 22 28 24 A 20 2 7 37 21 26 31
	-> A 2 7 
Structure 102: 17 11 19 8 A 65 2 7 48 15 3 4
	-> A 2 3 4 7 8 11 15 17 
Structure 103: 14 B A 2 7 36 15 3 6 4
	-> A 2 3 4 6 7 B 14 15 
Structure 104: 17 11 19 8 A 18 2 7 12 30 44 3 6 4
	-> A 2 3 4 6 7 8 11 12 17 18 
Structure 105: 25 23 22 24 62 A 20 2 16 37 21 26
	-> A 2 16 
Structure 106: 17 27 11 19 8 A 185 2 16 12 30 3 6 4
	-> A 2 3 4 6 8 11 12 16 17 
Structure 107: 35 34 8 A 2 7 3 6 4
	-> A 2 3 4 6 7 8 
Structure 108: 25 23 22 28 24 62 A 20 39 51 42 21 26
	-> A 
Structure 109: 17 23 22 28 24 63 A 20 58 39 186 51 42 59 21 26 31
	-> A 17 
Structure 110: 53 11 8 A 2 16 12 30 187 3 4
	-> A 2 3 4 8 11 12 16 
Structure 111: 45 14 B A 2 7 15 3 6 4
	-> A 2 3 4 6 7 B 14 15 
Structure 112: 17 11 19 8 A 18 2 16 12 29 3 6 4
	-> A 2 3 4 6 8 11 12 16 17 18 
Structure 113: 45 14 146 B A 2 16 12 29 3 6 4
	-> A 2 3 4 6 B 12 14 16 
Structure 114: 53 11 8 A 18 2 7 12 50 44 3 4
	-> A 2 3 4 7 8 11 12 18 
Structure 115: 14 B A 2 7 12 30 44 3 6 4
	-> A 2 3 4 6 7 B 12 14 
Structure 116: 80 27 11 8 A 2 7 15 3 4
	-> A 2 3 4 7 8 11 15 
Structure 117: 43 14 B A 2 7 93 15 147 3 6 4
	-> A 2 3 4 6 7 B 14 15 
Structure 118: 27 11 8 A 18 2 7 12 30 44 3 4
	-> A 2 3 4 7 8 11 12 18 
Structure 119: 46 14 B A 2 7 15 3 6 4
	-> A 2 3 4 6 7 B 14 15 
Structure 120: 38 14 B A 2 7 148 3 6 4 47 49
	-> A 2 3 4 6 7 B 14 
Structure 121: 25 23 22 24 63 A 20 39 51 42 21 26 31
	-> A 
Structure 122: 55 11 19 8 A 18 2 7 15 83 3 6 4
	-> A 2 3 4 6 7 8 11 15 18 
Structure 123: 25 23 22 28 24 A 20 2 33 37 21 26
	-> A 2 
Structure 124: 45 14 B A 2 33 15 3 6 4
	-> A 2 3 4 6 B 14 15 
Structure 125: 17 11 19 8 A 2 7 15 3 6 4
	-> A 2 3 4 6 7 8 11 15 17 
Structure 126: 35 34 64 69 B A 40 16 66 67 3 6 4
	-> A 3 4 6 B 16 
Structure 127: 46 14 B A 2 7 12 3 6 4
	-> A 2 3 4 6 7 B 12 14 
Structure 128: 38 14 B A 2 7 12 29 3 6 4
	-> A 2 3 4 6 7 B 12 14 
Structure 129: 14 B A 2 7 12 30 3 6 4
	-> A 2 3 4 6 7 B 12 14 
Structure 130: 55 11 19 8 A 18 2 7 36 15 3 6 4
	-> A 2 3 4 6 7 8 11 15 18 
Structure 131: 46 14 B A 2 12 29 3 6 4
	-> A 2 3 4 6 B 12 14 
Structure 132: 149 11 8 A 2 7 44 3 4
	-> A 2 3 4 7 8 11 
Structure 133: 53 11 8 A 2 12 50 3 4
	-> A 2 3 4 8 11 12 
Structure 134: 14 B A 2 16 12 29 3 6 4
	-> A 2 3 4 6 B 12 14 16 
Structure 135: 35 34 11 8 1 18 2 33 3 4
	-> 2 3 4 8 11 18 
Structure 136: 55 11 19 8 A 18 2 7 15 3 6 4
	-> A 2 3 4 6 7 8 11 15 18 
Structure 137: 14 B 1 2 16 3 4
	-> 2 3 4 B 14 16 
Structure 138: 188 41 72 8 A 2 7 3 4 47 49
	-> A 2 3 4 7 8 
Structure 139: 25 23 22 28 24 A 20 2 7 21 26 31
	-> A 2 7 
Structure 140: 46 14 B A 2 7 12 50 44 3 4
	-> A 2 3 4 7 B 12 14 
Structure 141: 17 27 11 8 A 18 2 7 15 3 6 4
	-> A 2 3 4 6 7 8 11 15 17 18 
Structure 142: 25 23 22 28 24 A 20 40 16 79 21 26 89
	-> A 16 
Structure 143: 14 189 B A 40 16 12 29 3 6 4
	-> A 3 4 6 B 12 14 16 
Structure 144: 17 27 19 8 A 65 94 2 33 12 30 57 3 6 4
	-> A 2 3 4 6 8 12 17 
Structure 145: 17 27 11 8 A 2 7 12 44 3 4
	-> A 2 3 4 7 8 11 12 17 
Structure 146: 25 23 22 28 24 A 20 2 7 21 26 31
	-> A 2 7 
Structure 147: 25 23 22 28 24 63 A 20 2 7 37 21 26
	-> A 2 7 
Structure 148: 46 14 B A 2 16 12 30 57 3 4
	-> A 2 3 4 B 12 14 16 
Structure 149: 25 23 22 28 24 A 125 20 2 7 95 47 49
	-> A 2 7 
Structure 150: 25 23 22 28 24 A 150 20 2 7 37 21 26 31
	-> A 2 7 
Structure 151: 43 14 B A 2 7 36 15 3 6 4
	-> A 2 3 4 6 7 B 14 15 
Structure 152: 35 34 126 8 A 65 2 33 3 4
	-> A 2 3 4 8 
Structure 153: 17 11 8 A 18 2 7 12 29 3 4
	-> A 2 3 4 7 8 11 12 17 18 
Structure 154: 17 11 8 A 2 15 3 4
	-> A 2 3 4 8 11 15 17 
Structure 155: 25 23 22 28 24 62 A 20 2 7 37 21 26 151
	-> A 2 7 
Structure 156: 92 11 19 8 A 65 127 40 16 15 3 6 4
	-> A 3 4 6 8 11 15 16 
Structure 157: 45 11 8 A 107 2 7 15 3 4
	-> A 2 3 4 7 8 11 15 
Structure 158: 14 B A 2 70 12 84 30 3 6 4
	-> A 2 3 4 6 B 12 14 
Structure 159: 108 69 B A 2 16 3 6 4 47 49
	-> A 2 3 4 6 B 16 
Structure 160: 14 B A 2 33 3 6 4 47 49
	-> A 2 3 4 6 B 14 
Structure 161: 27 11 19 8 A 2 7 12 29 3 4
	-> A 2 3 4 7 8 11 12 
Structure 162: 17 23 22 28 24 A 20 2 7 95 21
	-> A 2 7 17 
Structure 163: 152 34 8 A 18 2 7 29 3 6 4
	-> A 2 3 4 6 7 8 18 
Structure 164: 25 23 22 28 24 63 A 20 39 42 21 26 31
	-> A 
Structure 165: 35 34 153 109 A 20 40 16 79 3 4
	-> A 3 4 16 
Structure 166: 17 27 11 8 190 100 2 7 12 50 44 3 6 4
	-> 2 3 4 6 7 8 11 12 17 
Structure 167: 34 8 A 18 2 33 3 6 4
	-> A 2 3 4 6 8 18 
Structure 168: 25 23 22 28 24 A 20 58 39 191 42 93 21 26 31
	-> A 
Structure 169: 14 B A 2 7 12 54 32 3 6 4
	-> A 2 3 4 6 7 B 12 14 
Structure 170: 35 34 11 8 A 18 2 16 3 6 4
	-> A 2 3 4 6 8 11 16 18 
Structure 171: 55 41 192 8 A 65 2 3 6 4 47 49
	-> A 2 3 4 6 8 
Structure 172: 53 41 56 8 A 18 2 15 3 4
	-> A 2 3 4 8 15 18 
Structure 173: 25 23 22 28 24 A 20 39 51 42 21 26
	-> A 
Structure 174: 45 41 56 8 A 18 2 16 12 29 3 6 4
	-> A 2 3 4 6 8 12 16 18 
Structure 175: 55 11 19 8 A 2 16 193 3 6 4
	-> A 2 3 4 6 8 11 16 
Structure 176: 17 41 56 8 A 65 94 127 40 16 12 29 3 6 4
	-> A 3 4 6 8 12 16 17 
Structure 177: 38 14 B A 2 7 61 12 30 3 6 4
	-> A 2 3 4 6 7 B 12 14 
Structure 178: 17 11 19 8 A 2 7 12 32 3 4
	-> A 2 3 4 7 8 11 12 17 
Structure 179: 17 27 11 19 8 A 18 2 16 12 3 4
	-> A 2 3 4 8 11 12 16 17 18 
Structure 180: 27 11 19 8 A 18 2 16 15 3 4
	-> A 2 3 4 8 11 15 16 18 
Structure 181: 17 11 8 A 18 2 7 73 12 30 3 6 4
	-> A 2 3 4 6 7 8 11 12 17 18 
Structure 182: 38 14 B A 194 2 16 12 50 44 3 4
	-> A 2 3 4 B 12 14 16 
Structure 183: 17 11 19 8 A 18 2 16 52 15 83 3 6 4
	-> A 2 3 4 6 8 11 15 16 17 18 
Structure 184: 17 11 19 8 A 18 2 7 48 36 15 3 6 4
	-> A 2 3 4 6 7 8 11 15 17 18 
Structure 185: 14 B A 2 122 52 110 76 3 6 4
	-> A 2 3 4 6 B 14 
Structure 186: 25 23 22 28 24 A 20 2 7 21 26 31
	-> A 2 7 
Structure 187: 45 11 8 A 18 2 7 15 3 4
	-> A 2 3 4 7 8 11 15 18 
Structure 188: 78 27 11 19 8 A 18 2 7 12 32 3 6 4
	-> A 2 3 4 6 7 8 11 12 18 
Structure 189: 43 14 B A 2 33 12 32 3 6 4
	-> A 2 3 4 6 B 12 14 
Structure 190: 14 B A 2 7 3 4 47 49
	-> A 2 3 4 7 B 14 
Structure 191: 27 11 19 8 A 18 2 15 3 6 4
	-> A 2 3 4 6 8 11 15 18 
Structure 192: 25 23 22 24 63 A 20 2 16 21
	-> A 2 16 
Structure 193: 25 23 22 24 A 20 2 7 37 21 26 31
	-> A 2 7 
Structure 194: 90 B A 2 7 60 71 93 3 4
	-> A 2 3 4 7 B 
Structure 195: 35 34 64 B A 40 16 74 66 67 3 4
	-> A 3 4 B 16 
Structure 196: 25 23 22 28 24 A 20 39 42 21 26 31
	-> A 
Structure 197: 17 11 19 8 A 65 2 33 48 15 3 6 4
	-> A 2 3 4 6 8 11 15 17 
Structure 198: 25 23 22 28 24 A 20 2 16 37 21 26 31
	-> A 2 16 
Structure 199: 38 14 B A 2 7 12 32 3 6 4
	-> A 2 3 4 6 7 B 12 14 
Structure 200: 27 11 8 A 2 15 3 6 4
	-> A 2 3 4 6 8 11 15 
Structure 201: 25 195 22 28 24 A 20 2 37 21 31
	-> A 2 
Structure 202: 17 11 8 A 18 2 15 3 4
	-> A 2 3 4 8 11 15 17 18 
Structure 203: 46 14 B A 2 7 15 83 3 6 4
	-> A 2 3 4 6 7 B 14 15 
Structure 204: 17 11 19 8 A 18 2 7 12 29 3 6 4
	-> A 2 3 4 6 7 8 11 12 17 18 
Structure 205: 17 11 19 8 A 18 2 7 36 15 3 6 4
	-> A 2 3 4 6 7 8 11 15 17 18 
Structure 206: 35 14 B A 2 88 12 29 3 6 4
	-> A 2 3 4 6 B 12 14 
Structure 207: 17 27 11 8 A 2 7 12 50 3 6 4
	-> A 2 3 4 6 7 8 11 12 17 
Structure 208: 45 41 56 8 A 18 2 7 12 30 3 6 4
	-> A 2 3 4 6 7 8 12 18 
Structure 209: 35 34 64 69 106 A 20 2 16 3 4
	-> A 2 3 4 16 
Structure 210: 14 143 B A 2 16 12 85 3 4
	-> A 2 3 4 B 12 14 16 
Structure 211: 25 23 22 28 24 A 20 39 51 42 21 31
	-> A 
Structure 212: 25 23 22 28 24 A 20 2 7 21 26 31
	-> A 2 7 
Structure 213: 17 11 8 A 18 2 33 15 3 6 4
	-> A 2 3 4 6 8 11 15 17 18 
Structure 214: 17 11 19 8 A 2 7 12 30 147 3 4
	-> A 2 3 4 7 8 11 12 17 
Structure 215: 38 14 B A 2 7 12 29 3 4
	-> A 2 3 4 7 B 12 14 
Structure 216: 25 23 22 28 63 A 20 2 7 37 21 26
	-> A 2 7 
Structure 217: 45 14 B A 2 7 12 29 3 4
	-> A 2 3 4 7 B 12 14 
Structure 218: 35 34 8 A 18 2 7 3 6 4
	-> A 2 3 4 6 7 8 18 
Structure 219: 45 14 B A 2 16 12 32 3 6 4
	-> A 2 3 4 6 B 12 14 16 
Structure 220: 128 9 A 40 16 60 71 82 3 4
	-> A 3 4 16 
Structure 221: 101 11 8 111 100 2 7 82 3 6 4 47 49
	-> 2 3 4 6 7 8 11 
Structure 222: 35 34 8 A 2 7 82 3 6 4
	-> A 2 3 4 6 7 8 
Structure 223: 17 27 11 8 A 18 2 15 3 4
	-> A 2 3 4 8 11 15 17 18 
Structure 224: 35 34 8 A 2 7 3 6 4
	-> A 2 3 4 6 7 8 
Structure 225: 25 23 22 28 24 63 A 20 2 7 37 21 26 31
	-> A 2 7 
Structure 226: 154 108 112 69 8 A 2 81 3 6 4
	-> A 2 3 4 6 8 
Structure 227: 99 B A 40 16 60 12 30 3 4
	-> A 3 4 B 12 16 
Structure 228: 25 23 22 28 24 A 20 2 7 21 31
	-> A 2 7 
Structure 229: 17 27 11 8 A 2 16 15 3 6 4
	-> A 2 3 4 6 8 11 15 16 17 
Structure 230: 17 23 22 28 24 A 20 2 16 59 21 26
	-> A 2 16 17 
Structure 231: 14 B A 2 33 76 3 4
	-> A 2 3 4 B 14 
Structure 232: 101 113 8 A 18 2 7 129 3 6 4 47 49
	-> A 2 3 4 6 7 8 18 
Structure 233: 14 B A 2 16 12 30 3 6 4
	-> A 2 3 4 6 B 12 14 16 
Structure 234: 25 23 22 28 24 A 20 2 79 21 89
	-> A 2 
Structure 235: 17 11 19 8 A 18 2 16 48 36 15 3 4
	-> A 2 3 4 8 11 15 16 17 18 
Structure 236: 14 B A 2 33 12 32 3 6 4
	-> A 2 3 4 6 B 12 14 
Structure 237: 87 41 56 8 A 18 2 16 15 3 6 4
	-> A 2 3 4 6 8 15 16 18 
Structure 238: 14 B A 2 7 15 3 6 4
	-> A 2 3 4 6 7 B 14 15 
Structure 239: 25 23 22 28 24 A 20 40 16 21 31
	-> A 16 
Structure 240: 25 23 22 28 24 63 A 20 58 39 51 42 21 26
	-> A 
Structure 241: 17 11 8 A 18 2 7 48 15 3 4
	-> A 2 3 4 7 8 11 15 17 18 
Structure 242: 17 27 11 8 A 40 16 12 30 3 6 4
	-> A 3 4 6 8 11 12 16 17 
Structure 243: 25 23 22 28 24 63 A 20 39 51 42 21 31
	-> A 
Structure 244: 38 14 B A 2 7 3 4 47 49
	-> A 2 3 4 7 B 14 
Structure 245: 41 56 8 A 18 2 16 36 15 3 4
	-> A 2 3 4 8 15 16 18 
Structure 246: 41 72 8 A 65 127 40 16 36 15 3 4
	-> A 3 4 8 15 16 
Structure 247: 25 23 22 1 155 20 2 7 37 21 31
	-> 2 7 
Structure 248: 53 11 19 8 A 18 2 7 3 6 4
	-> A 2 3 4 6 7 8 11 18 
Structure 249: 27 11 8 A 2 7 12 30 57 3 4
	-> A 2 3 4 7 8 11 12 
Structure 250: 25 23 22 28 24 A 20 58 39 51 42 21 31
	-> A 
Structure 251: 114 98 77 B A 2 7 60 71 130 3 4
	-> A 2 3 4 7 B 
Structure 252: 46 14 B A 2 73 12 54 32 3 4
	-> A 2 3 4 B 12 14 
Structure 253: 14 B A 2 16 48 15 3 6 4
	-> A 2 3 4 6 B 14 15 16 
Structure 254: 17 11 8 115 A 40 16 61 12 30 57 3 4
	-> A 3 4 8 11 12 16 17 
Structure 255: 14 B A 2 33 12 29 3 6 4
	-> A 2 3 4 6 B 12 14 
Structure 256: 17 11 19 8 A 2 33 52 15 3 6 4
	-> A 2 3 4 6 8 11 15 17 
Structure 257: 14 B A 2 7 76 3 6 4
	-> A 2 3 4 6 7 B 14 
Structure 258: 14 B A 2 7 12 50 44 3 6 4
	-> A 2 3 4 6 7 B 12 14 
Structure 259: 34 B A 2 33 196 197 198 3 6 4
	-> A 2 3 4 6 B 
Structure 260: 35 41 56 8 A 2 7 15 3 6 4
	-> A 2 3 4 6 7 8 15 
Structure 261: 35 34 8 A 18 2 7 3 6 4
	-> A 2 3 4 6 7 8 18 
Structure 262: 55 11 19 8 A 18 2 7 50 44 3 4
	-> A 2 3 4 7 8 11 18 
Structure 263: 35 14 B A 2 33 12 32 3 4
	-> A 2 3 4 B 12 14 
Structure 264: 53 11 19 8 A 18 2 7 15 3 4
	-> A 2 3 4 7 8 11 15 18 
Structure 265: 17 11 19 8 A 2 7 12 30 3 6 4
	-> A 2 3 4 6 7 8 11 12 17 
Structure 266: 17 11 19 8 A 2 7 12 29 3 4
	-> A 2 3 4 7 8 11 12 17 
Structure 267: 35 14 B A 2 16 15 3 4
	-> A 2 3 4 B 14 15 16 
Structure 268: 90 11 19 8 A 2 48 36 15 3 4
	-> A 2 3 4 8 11 15 
Structure 269: 35 34 8 A 18 2 7 3 6 4
	-> A 2 3 4 6 7 8 18 
Structure 270: 90 B A 2 7 60 71 29 3 4
	-> A 2 3 4 7 B 
Structure 271: 45 11 19 8 A 18 2 7 15 3 6 4
	-> A 2 3 4 6 7 8 11 15 18 
Structure 272: 25 23 22 28 24 A 20 2 7 37 21 26
	-> A 2 7 
Structure 273: 14 B A 2 33 15 3 6 4
	-> A 2 3 4 6 B 14 15 
Structure 274: 199 B A 2 60 71 29 3 4
	-> A 2 3 4 B 
Structure 275: 43 14 B A 2 16 200 15 3 6 4
	-> A 2 3 4 6 B 14 15 16 
Structure 276: 25 23 22 109 A 20 2 7 37 21 26 31
	-> A 2 7 
Structure 277: 116 11 8 A 18 2 7 15 3 4
	-> A 2 3 4 7 8 11 15 18 
Structure 278: 101 113 156 A 20 2 7 3 6 4 47 49
	-> A 2 3 4 6 7 
Structure 279: 17 27 11 19 8 A 2 16 15 3 4
	-> A 2 3 4 8 11 15 16 17 
Structure 280: 35 34 8 A 18 2 16 3 6 4
	-> A 2 3 4 6 8 16 18 
Structure 281: 25 23 22 24 A 20 201 2 16 21
	-> A 2 16 
Structure 282: 45 11 8 A 18 2 12 30 57 3 6 4
	-> A 2 3 4 6 8 11 12 18 
Structure 283: 45 41 56 8 A 65 2 7 12 50 3 4
	-> A 2 3 4 7 8 12 
Structure 284: 25 23 22 28 24 A 20 40 16 79 21 26
	-> A 16 
Structure 285: 128 202 157 1 40 16 66 67 3 6 4 47 49
	-> 3 4 6 16 
Structure 286: 43 14 B A 2 7 12 32 3 6 4
	-> A 2 3 4 6 7 B 12 14 
Structure 287: 38 14 B A 2 7 52 15 3 6 4
	-> A 2 3 4 6 7 B 14 15 
Structure 288: 35 34 8 A 18 2 33 29 3 4
	-> A 2 3 4 8 18 
Structure 289: 14 B A 2 7 117 52 15 3 4
	-> A 2 3 4 7 B 14 15 
Structure 290: 17 11 8 A 18 2 7 48 36 15 3 6 4
	-> A 2 3 4 6 7 8 11 15 17 18 
Structure 291: 14 B A 2 7 12 44 3 4
	-> A 2 3 4 7 B 12 14 
Structure 292: 25 23 22 28 24 A 20 2 7 21 26 31
	-> A 2 7 
Structure 293: 90 8 A 18 2 33 203 204 81 15 3 4
	-> A 2 3 4 8 15 18 
Structure 294: 55 41 56 8 A 18 2 33 15 3 4
	-> A 2 3 4 8 15 18 
Structure 295: 25 23 22 28 24 A 20 2 7 95 21 26 31
	-> A 2 7 
Structure 296: 25 23 22 28 24 A 20 39 51 42 21 26 31
	-> A 
Structure 297: 17 11 19 8 A 18 2 7 12 30 3 6 4
	-> A 2 3 4 6 7 8 11 12 17 18 
Structure 298: 35 34 8 A 2 16 3 6 4
	-> A 2 3 4 6 8 16 
Structure 299: 78 27 11 8 A 2 33 12 30 3 4
	-> A 2 3 4 8 11 12 
Structure 300: 27 11 8 A 2 7 12 30 3 4
	-> A 2 3 4 7 8 11 12 
Structure 301: 90 11 19 8 A 18 2 7 75 118 52 110 3 4
	-> A 2 3 4 7 8 11 18 
Structure 302: 38 14 B A 2 7 36 15 3 4
	-> A 2 3 4 7 B 14 15 
Structure 303: 27 11 8 A 18 2 33 12 32 3 4
	-> A 2 3 4 8 11 12 18 
Structure 304: 38 14 B A 2 16 117 48 15 3 6 4
	-> A 2 3 4 6 B 14 15 16 
Structure 305: 35 34 11 19 8 A 65 2 3 6 4
	-> A 2 3 4 6 8 11 
Structure 306: 25 23 22 28 24 A 20 2 7 37 21
	-> A 2 7 
Structure 307: 17 27 11 19 8 A 18 2 33 12 32 3 4
	-> A 2 3 4 8 11 12 17 18 
Structure 308: 38 14 B A 2 3 6 4 47 49
	-> A 2 3 4 6 B 14 
Structure 309: 25 23 22 8 A 18 2 7 130 158 21 26
	-> A 2 7 8 18 
Structure 310: 53 68 11 19 8 A 18 2 7 15 3 4
	-> A 2 3 4 7 8 11 15 18 
Structure 311: 68 11 19 8 A 2 7 48 15 3 6 4
	-> A 2 3 4 6 7 8 11 15 
Structure 312: 25 23 22 28 24 A 20 40 16 37 21 26 31
	-> A 16 
Structure 313: 14 B A 2 159 160 48 15 3 4
	-> A 2 3 4 B 14 15 
Structure 314: 25 23 22 28 24 A 20 2 33 37 21 26 31
	-> A 2 
Structure 315: 53 11 19 8 A 2 16 52 15 3 4
	-> A 2 3 4 8 11 15 16 
Structure 316: 78 27 11 8 A 18 2 16 12 84 3 4
	-> A 2 3 4 8 11 12 16 18 
Structure 317: 14 B A 2 48 36 15 3 4
	-> A 2 3 4 B 14 15 
Structure 318: 14 B A 2 12 29 3 4
	-> A 2 3 4 B 12 14 
Structure 319: 25 23 22 28 24 A 20 39 51 42 21 26
	-> A 
Structure 320: 27 11 19 8 A 18 2 16 15 3 6 4
	-> A 2 3 4 6 8 11 15 16 18 
Structure 321: 23 22 24 62 A 20 91 2 59 21 26 31
	-> A 2 
Structure 322: 80 27 11 8 A 18 2 15 3 6 4
	-> A 2 3 4 6 8 11 15 18 
Structure 323: 14 B A 2 16 12 29 3 6 4
	-> A 2 3 4 6 B 12 14 16 
Structure 324: 25 23 22 28 24 A 20 2 7 21 26
	-> A 2 7 
Structure 325: 45 14 B A 2 16 12 29 3 4
	-> A 2 3 4 B 12 14 16 
Structure 326: 38 14 B A 2 7 12 29 3 6 4
	-> A 2 3 4 6 7 B 12 14 
Structure 327: 14 161 B A 2 33 12 50 44 3 6 4
	-> A 2 3 4 6 B 12 14 
Structure 328: 17 11 8 A 18 2 7 12 29 3 6 4
	-> A 2 3 4 6 7 8 11 12 17 18 
Structure 329: 119 162 22 28 24 A 20 2 7 37 59 21 86
	-> A 2 7 
Structure 330: 38 14 B A 2 16 163 15 3 4
	-> A 2 3 4 B 14 15 16 
Structure 331: 35 34 8 A 18 2 16 3 4
	-> A 2 3 4 8 16 18 
Structure 332: 27 11 8 A 18 2 7 12 54 29 3 6 4 164
	-> A 2 3 4 6 7 8 11 12 18 
Structure 333: 14 B A 2 16 52 15 3 6 4
	-> A 2 3 4 6 B 14 15 16 
Structure 334: 38 14 B A 2 7 76 3 4
	-> A 2 3 4 7 B 14 
Structure 335: 35 34 64 B A 40 16 74 66 67 142 6 4
	-> A 4 6 B 16 
Structure 336: 17 27 11 8 A 18 2 7 15 3 4
	-> A 2 3 4 7 8 11 15 17 18 
Structure 337: 43 14 B A 2 7 3 6 4 47 49
	-> A 2 3 4 6 7 B 14 
Structure 338: 17 27 11 19 8 A 2 33 15 3 4
	-> A 2 3 4 8 11 15 17 
Structure 339: 25 23 22 28 24 A 20 2 16 37 21 26 31
	-> A 2 16 
Structure 340: 35 34 8 A 2 7 3 6 4
	-> A 2 3 4 6 7 8 
Structure 341: 25 23 22 28 24 A 20 39 51 42 21 26 31
	-> A 
Structure 342: 27 11 19 8 A 18 40 16 12 30 3 6 4
	-> A 3 4 6 8 11 12 16 18 
Structure 343: 43 14 B A 2 33 3 4 47 49
	-> A 2 3 4 B 14 
Structure 344: 25 23 22 28 24 9 A 20 40 16 79 21 26 31
	-> A 16 
Structure 345: 17 27 11 19 8 A 2 16 29 3 4
	-> A 2 3 4 8 11 16 17 
Structure 346: 43 14 B A 2 33 118 15 3 6 4
	-> A 2 3 4 6 B 14 15 
Structure 347: 35 14 B A 2 159 12 29 3 6 4
	-> A 2 3 4 6 B 12 14 
Structure 348: 14 B A 2 12 30 3 4
	-> A 2 3 4 B 12 14 
Structure 349: 11 8 A 18 2 7 3 6 4 47 49
	-> A 2 3 4 6 7 8 11 18 
Structure 350: 17 11 19 8 A 18 2 52 76 3 6 4
	-> A 2 3 4 6 8 11 17 18 
Structure 351: 35 34 8 A 18 2 16 3 4
	-> A 2 3 4 8 16 18 
Structure 352: 46 14 B A 2 36 15 3 4
	-> A 2 3 4 B 14 15 
Structure 353: 25 23 22 28 24 62 A 20 2 7 37 21 26 89
	-> A 2 7 
Structure 354: 114 77 B A 2 16 60 71 29 3 4
	-> A 2 3 4 B 16 
Structure 355: 17 27 11 19 8 A 18 2 12 30 57 3 6 4
	-> A 2 3 4 6 8 11 12 17 18 
Structure 356: 38 14 B A 2 12 50 44 3 6 4
	-> A 2 3 4 6 B 12 14 
Structure 357: 38 14 B A 2 15 3 6 4
	-> A 2 3 4 6 B 14 15 
Structure 358: 27 11 8 A 18 2 12 32 3 4
	-> A 2 3 4 8 11 12 18 
Structure 359: 17 11 19 8 A 2 7 15 3 6 4
	-> A 2 3 4 6 7 8 11 15 17 
Structure 360: 55 11 19 8 A 18 2 16 15 3 6 4
	-> A 2 3 4 6 8 11 15 16 18 
Structure 361: 46 14 B A 2 7 12 29 3 6 4
	-> A 2 3 4 6 7 B 12 14 
Structure 362: 17 11 19 8 A 2 7 12 30 57 3 4
	-> A 2 3 4 7 8 11 12 17 
Structure 363: 17 11 19 8 A 18 2 7 48 36 15 3 6 4
	-> A 2 3 4 6 7 8 11 15 17 18 
Structure 364: 25 23 22 28 24 A 20 39 51 42 21 31 89
	-> A 
Structure 365: 14 B A 2 7 61 12 30 57 3 6 4
	-> A 2 3 4 6 7 B 12 14 
Structure 366: 17 27 11 19 8 A 18 2 15 3 6 4
	-> A 2 3 4 6 8 11 15 17 18 
Structure 367: 53 11 19 8 A 18 2 7 15 3 6 4
	-> A 2 3 4 6 7 8 11 15 18 
Structure 368: 14 B A 2 16 75 52 15 3 6 4
	-> A 2 3 4 6 B 14 15 16 
Structure 369: 38 14 B A 2 33 36 15 3 6 4
	-> A 2 3 4 6 B 14 15 
Structure 370: 43 14 B A 2 7 12 54 32 3 6 4
	-> A 2 3 4 6 7 B 12 14 
Structure 371: 55 11 19 8 A 18 2 7 15 3 4
	-> A 2 3 4 7 8 11 15 18 
Structure 372: 43 14 B A 2 7 36 15 3 6 4
	-> A 2 3 4 6 7 B 14 15 
Structure 373: 35 34 8 A 2 16 29 3 4
	-> A 2 3 4 8 16 
Structure 374: 38 14 B A 2 16 15 3 4
	-> A 2 3 4 B 14 15 16 
Structure 375: 17 11 8 A 18 2 7 75 118 52 15 3 6 4
	-> A 2 3 4 6 7 8 11 15 17 18 
Structure 376: 53 11 19 8 A 2 7 15 3 6 4
	-> A 2 3 4 6 7 8 11 15 
Structure 377: 25 23 22 28 24 A 20 2 7 81 21 26
	-> A 2 7 
Structure 378: 17 11 19 8 A 18 2 7 15 3 6 4
	-> A 2 3 4 6 7 8 11 15 17 18 
Structure 379: 17 27 11 8 A 18 2 33 15 3 6 4
	-> A 2 3 4 6 8 11 15 17 18 
Structure 380: 68 11 8 A 18 2 7 12 54 32 3 4
	-> A 2 3 4 7 8 11 12 18 
Structure 381: 55 68 11 8 A 18 2 16 36 15 3 6 4
	-> A 2 3 4 6 8 11 15 16 18 
Structure 382: 41 19 8 A 2 33 3 6 4
	-> A 2 3 4 6 8 
Structure 383: 25 23 22 24 A 20 2 7 21 86
	-> A 2 7 
Structure 384: 53 97 11 8 A 18 2 7 29 3 4
	-> A 2 3 4 7 8 11 18 
Structure 385: 35 34 11 19 8 A 2 16 3 6 4
	-> A 2 3 4 6 8 11 16 
Structure 386: 25 23 22 28 24 A 20 39 51 42 21 26
	-> A 
Structure 387: 43 14 B A 2 33 12 54 3 6 4
	-> A 2 3 4 6 B 12 14 
Structure 388: 17 11 8 A 107 2 7 52 15 3 6 4
	-> A 2 3 4 6 7 8 11 15 17 
Structure 389: 17 27 8 115 A 2 7 12 30 57 3 4
	-> A 2 3 4 7 8 12 17 
Structure 390: 17 11 19 8 A 2 16 12 32 3 6 4
	-> A 2 3 4 6 8 11 12 16 17 
Structure 391: 14 B A 2 7 15 3 4
	-> A 2 3 4 7 B 14 15 
Structure 392: 17 23 22 28 24 A 20 2 7 59 21 26 86
	-> A 2 7 17 
Structure 393: 38 14 B A 2 12 29 3 4
	-> A 2 3 4 B 12 14 
Structure 394: 14 B A 2 7 15 3 4
	-> A 2 3 4 7 B 14 15 
Structure 395: 14 B A 2 16 61 12 29 3 6 4
	-> A 2 3 4 6 B 12 14 16 
Structure 396: 25 23 22 28 24 A 20 58 91 2 7 21 26 31
	-> A 2 7 
Structure 397: 43 14 B A 2 7 12 29 3 6 4
	-> A 2 3 4 6 7 B 12 14 
Structure 398: 25 23 22 28 24 A 20 58 39 51 42 21 26 31
	-> A 
Structure 399: 131 43 14 B A 2 7 29 21 26
	-> A 2 7 B 14 
Structure 400: 25 23 22 28 24 63 A 20 2 7 21 31
	-> A 2 7 
Structure 401: 25 23 22 28 24 A 20 2 37 21 26
	-> A 2 
Structure 402: 80 38 14 B A 2 16 12 30 3 6 4
	-> A 2 3 4 6 B 12 14 16 
Structure 403: 34 11 19 8 A 18 2 7 82 3 6 4
	-> A 2 3 4 6 7 8 11 18 
Structure 404: 14 B A 2 33 75 118 52 15 3 4
	-> A 2 3 4 B 14 15 
Structure 405: 17 11 8 A 2 16 15 3 6 4
	-> A 2 3 4 6 8 11 15 16 17 
Structure 406: 55 11 8 A 2 7 48 15 3 4
	-> A 2 3 4 7 8 11 15 
Structure 407: 53 11 8 A 2 7 61 12 3 6 4
	-> A 2 3 4 6 7 8 11 12 
Structure 408: 35 34 8 A 2 16 82 3 6 4
	-> A 2 3 4 6 8 16 
Structure 409: 46 14 B A 2 7 12 29 3 6 4
	-> A 2 3 4 6 7 B 12 14 
Structure 410: 17 11 19 8 A 18 2 16 12 54 32 3 4
	-> A 2 3 4 8 11 12 16 17 18 
Structure 411: 17 11 8 A 18 2 7 15 3 6 4
	-> A 2 3 4 6 7 8 11 15 17 18 
Structure 412: 205 206 207 B A 40 16 60 71 29 3 4
	-> A 3 4 B 16 
Structure 413: 17 11 19 8 A 2 7 15 3 4
	-> A 2 3 4 7 8 11 15 17 
Structure 414: 34 8 A 18 2 7 3 6 4
	-> A 2 3 4 6 7 8 18 
Structure 415: 11 8 A 2 7 48 36 15 3 6 4
	-> A 2 3 4 6 7 8 11 15 
Structure 416: 25 23 22 28 24 A 20 39 16 208 21 26 89
	-> A 16 
Structure 417: 55 11 19 8 111 100 18 2 16 36 15 3 4
	-> 2 3 4 8 11 15 16 18 
Structure 418: 45 14 B A 2 7 12 29 3 4
	-> A 2 3 4 7 B 12 14 
Structure 419: 64 8 A 2 93 3 4 47 49
	-> A 2 3 4 8 
Structure 420: 14 B A 2 88 48 36 15 3 6 4
	-> A 2 3 4 6 B 14 15 
Structure 421: 11 8 A 18 2 7 3 4
	-> A 2 3 4 7 8 11 18 
Structure 422: 17 27 11 19 8 A 132 2 7 12 32 3 4
	-> A 2 3 4 7 8 11 12 17 
Structure 423: 53 11 19 8 A 18 2 16 12 84 30 3 4
	-> A 2 3 4 8 11 12 16 18 
Structure 424: 17 11 8 A 2 16 15 3 6 4
	-> A 2 3 4 6 8 11 15 16 17 
Structure 425: 17 11 19 8 A 65 94 2 16 12 54 32 3 6 4
	-> A 2 3 4 6 8 11 12 16 17 
Structure 426: 25 23 22 28 24 A 20 58 39 16 165 21 26
	-> A 16 
Structure 427: 14 B A 2 33 15 3 6 4
	-> A 2 3 4 6 B 14 15 
Structure 428: 45 166 A 20 2 7 37 15 3 4
	-> A 2 3 4 7 15 
Structure 429: 53 41 19 8 111 100 2 7 209 210 3 6 4
	-> 2 3 4 6 7 8 
Structure 430: 35 34 64 B A 211 40 16 66 67 3 4
	-> A 3 4 B 16 
Structure 431: 17 27 11 19 8 A 2 16 12 29 3 4
	-> A 2 3 4 8 11 12 16 17 
Structure 432: 25 23 22 28 24 A 20 91 2 7 21 26
	-> A 2 7 
Structure 433: 46 14 B 1 2 16 61 12 84 32 3 4
	-> 2 3 4 B 12 14 16 
Structure 434: 17 11 8 A 18 2 12 3 6 4
	-> A 2 3 4 6 8 11 12 17 18 
Structure 435: 14 B A 2 33 15 3 6 4
	-> A 2 3 4 6 B 14 15 
Structure 436: 46 14 B A 2 7 52 15 3 6 4
	-> A 2 3 4 6 7 B 14 15 
Structure 437: 14 B A 2 7 12 30 3 6 4 212
	-> A 2 3 4 6 7 B 12 14 
Structure 438: 14 B A 2 7 15 3 6 4
	-> A 2 3 4 6 7 B 14 15 
Structure 439: 46 14 B A 2 7 12 30 3 6 4
	-> A 2 3 4 6 7 B 12 14 
Structure 440: 25 23 22 28 24 63 A 20 2 16 21 26 31
	-> A 2 16 
Structure 441: 35 34 8 A 2 7 3 6 4
	-> A 2 3 4 6 7 8 
Structure 442: 27 11 8 A 18 2 16 15 3 6 4
	-> A 2 3 4 6 8 11 15 16 18 
Structure 443: 53 11 19 8 A 18 2 7 12 50 44 3 6 4
	-> A 2 3 4 6 7 8 11 12 18 
Structure 444: 17 27 11 8 A 2 7 15 3 6 4
	-> A 2 3 4 6 7 8 11 15 17 
Structure 445: 25 23 22 28 24 A 20 2 7 37 21 31
	-> A 2 7 
Structure 446: 35 34 B A 213 40 16 74 66 67 3 4
	-> A 3 4 B 16 
Structure 447: 14 B A 2 7 12 30 3 6 4
	-> A 2 3 4 6 7 B 12 14 
Structure 448: 25 23 22 167 A 20 39 51 42 29 21 26
	-> A 
Structure 449: 17 27 11 19 8 A 2 7 12 30 3 6 4
	-> A 2 3 4 6 7 8 11 12 17 
Structure 450: 17 23 22 24 A 20 39 51 42 59 21 26
	-> A 17 
Structure 451: 14 B A 2 7 36 15 3 6 4
	-> A 2 3 4 6 7 B 14 15 
Structure 452: 17 14 B A 2 15 3 4
	-> A 2 3 4 B 14 15 17 
Structure 453: 46 14 B A 2 7 36 15 3 6 4
	-> A 2 3 4 6 7 B 14 15 
Structure 454: 55 11 8 A 18 2 7 15 3 4
	-> A 2 3 4 7 8 11 15 18 
Structure 455: 17 11 19 8 A 2 88 61 12 3 4
	-> A 2 3 4 8 11 12 17 
Structure 456: 17 27 11 8 A 18 2 33 15 3 4
	-> A 2 3 4 8 11 15 17 18 
Structure 457: 14 B A 2 16 3 6 4 47
	-> A 2 3 4 6 B 14 16 
Structure 458: 25 23 22 9 A 40 16 102 103 120 21 26 31
	-> A 16 
Structure 459: 46 14 B A 2 12 29 3 6 4
	-> A 2 3 4 6 B 12 14 
Structure 460: 53 97 11 19 8 A 2 3 4
	-> A 2 3 4 8 11 
Structure 461: 11 19 8 A 2 7 3 6 4 47 49
	-> A 2 3 4 6 7 8 11 
Structure 462: 17 77 B A 2 7 60 71 29 3 6 4
	-> A 2 3 4 6 7 B 17 
Structure 463: 14 B A 2 7 70 12 54 32 3 4
	-> A 2 3 4 7 B 12 14 
Structure 464: 17 14 B A 2 7 3 4
	-> A 2 3 4 7 B 14 17 
Structure 465: 14 B A 2 16 73 12 50 44 3 4
	-> A 2 3 4 B 12 14 16 
Structure 466: 25 23 22 24 A 20 2 7 37 21 133 86
	-> A 2 7 
Structure 467: 17 11 19 8 A 18 2 16 15 3 6 4
	-> A 2 3 4 6 8 11 15 16 17 18 
Structure 468: 14 B A 2 33 12 29 3 6 4
	-> A 2 3 4 6 B 12 14 
Structure 469: 116 11 19 8 A 2 16 61 12 50 44 3 4
	-> A 2 3 4 8 11 12 16 
Structure 470: 43 14 B A 2 7 70 12 84 50 3 6 4
	-> A 2 3 4 6 7 B 12 14 
Structure 471: 14 B A 2 7 15 3 6 4
	-> A 2 3 4 6 7 B 14 15 
Structure 472: 34 8 A 18 2 33 3 6 4
	-> A 2 3 4 6 8 18 
Structure 473: 17 11 8 A 18 2 7 15 3 4
	-> A 2 3 4 7 8 11 15 17 18 
Structure 474: 45 14 B A 2 7 121 85 3 6 4
	-> A 2 3 4 6 7 B 14 
Structure 475: 45 14 B A 2 16 15 168 3 6 4
	-> A 2 3 4 6 B 14 15 16 
Structure 476: 25 23 22 28 24 A 20 2 33 37 21 26
	-> A 2 
Structure 477: 27 11 8 A 2 7 12 30 3 6 4
	-> A 2 3 4 6 7 8 11 12 
Structure 478: 17 11 8 A 65 94 2 7 12 29 3 6 4
	-> A 2 3 4 6 7 8 11 12 17 
Structure 479: 55 41 8 A 18 2 7 15 3 6 4
	-> A 2 3 4 6 7 8 15 18 
Structure 480: 25 23 22 24 A 20 39 51 42 21 31
	-> A 
Structure 481: 14 9 A 18 2 16 12 54 32 3 6 4
	-> A 2 3 4 6 12 14 16 18 
Structure 482: 38 14 B A 2 12 29 3 6 4
	-> A 2 3 4 6 B 12 14 
Structure 483: 25 23 22 28 24 A 20 58 39 42 21 26 31
	-> A 
Structure 484: 17 41 56 19 8 A 107 18 2 7 15 3 6 4
	-> A 2 3 4 6 7 8 15 17 18 
Structure 485: 17 41 72 134 8 A 2 7 48 36 15 3 4
	-> A 2 3 4 7 8 15 17 
Structure 486: 27 11 8 A 18 2 12 30 3 6 4
	-> A 2 3 4 6 8 11 12 18 
Structure 487: 17 11 8 A 2 12 30 3 6 4
	-> A 2 3 4 6 8 11 12 17 
Structure 488: 17 11 8 A 18 2 7 12 29 3 4
	-> A 2 3 4 7 8 11 12 17 18 
Structure 489: 45 14 B A 2 16 15 3 4
	-> A 2 3 4 B 14 15 16 
Structure 490: 101 113 B A 40 16 66 67 3 4 47 49
	-> A 3 4 B 16 
Structure 491: 17 11 8 A 18 2 7 36 15 83 3 4
	-> A 2 3 4 7 8 11 15 17 18 
Structure 492: 25 23 22 28 24 A 20 2 33 21 133
	-> A 2 
Structure 493: 43 14 B A 2 7 36 15 3 6 4
	-> A 2 3 4 6 7 B 14 15 
Structure 494: 17 41 72 8 A 2 7 12 30 3 6 4
	-> A 2 3 4 6 7 8 12 17 
Structure 495: 14 214 9 A 2 7 12 30 3 4
	-> A 2 3 4 7 12 14 
Structure 496: 17 27 11 8 A 2 7 15 3 6 4
	-> A 2 3 4 6 7 8 11 15 17 
Structure 497: 14 B A 2 16 52 15 83 3 6 4
	-> A 2 3 4 6 B 14 15 16 
Structure 498: 25 23 22 28 24 62 A 20 2 16 37 21 31
	-> A 2 16 
Structure 499: 25 23 22 28 24 A 20 2 7 21 26 31
	-> A 2 7 
Structure 500: 114 77 B A 2 60 81 3 6 4
	-> A 2 3 4 6 B 
Structure 501: 17 11 8 A 2 16 12 29 3 6 4
	-> A 2 3 4 6 8 11 12 16 17 
Structure 502: 14 B A 2 7 12 32 3 6 4
	-> A 2 3 4 6 7 B 12 14 
Structure 503: 38 14 B A 2 16 12 29 3 4
	-> A 2 3 4 B 12 14 16 
Structure 504: 17 27 11 19 8 A 18 2 12 29 3 4
	-> A 2 3 4 8 11 12 17 18 
Structure 505: 17 11 8 A 18 2 33 12 29 3 6 4
	-> A 2 3 4 6 8 11 12 17 18 
Structure 506: 35 14 B A 2 7 12 30 3 4
	-> A 2 3 4 7 B 12 14 
Structure 507: 17 27 11 8 A 40 16 12 3 4
	-> A 3 4 8 11 12 16 17 
Structure 508: 25 23 22 24 63 A 20 2 16 37 21 26 31
	-> A 2 16 
Structure 509: 35 34 B A 40 16 74 66 67 3 6 4
	-> A 3 4 6 B 16 
Structure 510: 25 23 22 24 A 20 2 7 21 26 31
	-> A 2 7 
Structure 511: 25 23 22 24 A 20 2 7 37 21 26 31
	-> A 2 7 
Structure 512: 17 11 8 A 2 7 15 3 4
	-> A 2 3 4 7 8 11 15 17 
Structure 513: 17 11 8 A 2 33 48 36 15 3 6 4
	-> A 2 3 4 6 8 11 15 17 
Structure 514: 45 14 B A 2 33 12 29 3 6 4
	-> A 2 3 4 6 B 12 14 
Structure 515: 17 98 77 B A 2 7 60 29 3 4
	-> A 2 3 4 7 B 17 
Structure 516: 25 23 22 28 24 62 A 20 2 7 37 21 31
	-> A 2 7 
Structure 517: 14 B A 2 16 12 30 57 3 6 4
	-> A 2 3 4 6 B 12 14 16 
Structure 518: 25 23 22 28 24 A 20 58 39 51 42 21 26
	-> A 
Structure 519: 43 14 B A 2 33 81 36 15 3 6 4
	-> A 2 3 4 6 B 14 15 
Structure 520: 55 169 11 8 A 2 7 3 6 4 47 49
	-> A 2 3 4 6 7 8 11 
Structure 521: 14 B A 2 7 12 29 3 4
	-> A 2 3 4 7 B 12 14 
Structure 522: 14 B A 2 12 29 3 6 4
	-> A 2 3 4 6 B 12 14 
Structure 523: 25 23 22 24 A 20 40 16 37 21 31
	-> A 16 
Structure 524: 14 B A 2 7 36 15 3 6 4
	-> A 2 3 4 6 7 B 14 15 
Structure 525: 14 B A 2 33 215 12 50 44 3 4
	-> A 2 3 4 B 12 14 
Structure 526: 43 14 B A 2 16 3 4
	-> A 2 3 4 B 14 16 
Structure 527: 17 11 19 8 A 2 7 12 32 3 6 4
	-> A 2 3 4 6 7 8 11 12 17 
Structure 528: 35 34 69 216 170 A 20 58 39 51 42 3 6 4
	-> A 3 4 6 
Structure 529: 25 23 22 28 24 A 20 39 51 42 21 26
	-> A 
Structure 530: 25 23 22 28 24 63 A 20 2 7 37 21
	-> A 2 7 
Structure 531: 25 23 22 28 24 A 20 39 51 42 21 26 31
	-> A 
Structure 532: 14 B A 2 16 70 12 32 3 6 4
	-> A 2 3 4 6 B 12 14 16 
Structure 533: 14 B A 2 16 3 4 47 49
	-> A 2 3 4 B 14 16 
Structure 534: 17 11 8 A 18 2 7 15 3 4
	-> A 2 3 4 7 8 11 15 17 18 
Structure 535: 17 11 8 A 2 33 12 54 29 3 4
	-> A 2 3 4 8 11 12 17 
Structure 536: 25 23 22 28 24 A 20 58 39 51 42 21 26
	-> A 
Structure 537: 43 14 B A 2 7 36 15 3 4
	-> A 2 3 4 7 B 14 15 
Structure 538: 17 27 11 19 8 A 18 2 33 15 3 4
	-> A 2 3 4 8 11 15 17 18 
Structure 539: 25 23 22 24 62 217 1 125 20 2 7 37 21 31
	-> 2 7 
Structure 540: 53 68 11 8 A 18 2 7 15 3 4
	-> A 2 3 4 7 8 11 15 18 
Structure 541: 14 B A 2 15 3 6 4
	-> A 2 3 4 6 B 14 15 
Structure 542: 35 41 8 A 18 2 16 12 30 3 6 4
	-> A 2 3 4 6 8 12 16 18 
Structure 543: 17 11 8 A 18 2 7 52 3 6 4
	-> A 2 3 4 6 7 8 11 17 18 
Structure 544: 55 171 11 8 A 18 2 36 15 3 6 4
	-> A 2 3 4 6 8 11 15 18 
Structure 545: 53 97 11 19 8 A 18 2 16 12 32 3 4
	-> A 2 3 4 8 11 12 16 18 
Structure 546: 17 23 22 24 A 20 2 16 59 21 26 31
	-> A 2 16 17 
Structure 547: 78 14 B A 2 7 12 84 30 57 3 4
	-> A 2 3 4 7 B 12 14 
Structure 548: 92 41 72 8 A 2 7 73 12 32 3 4
	-> A 2 3 4 7 8 12 
Structure 549: 25 23 22 24 A 20 2 16 21 31
	-> A 2 16 
Structure 550: 55 11 8 A 18 2 33 36 15 3 6 4
	-> A 2 3 4 6 8 11 15 18 
Structure 551: 53 11 8 A 2 7 12 50 44 3 6 4
	-> A 2 3 4 6 7 8 11 12 
Structure 552: 218 108 112 69 106 A 20 2 16 37 3 219 220
	-> A 2 3 16 
Structure 553: 25 23 22 24 A 20 2 16 37 21 26 31
	-> A 2 16 
Structure 554: 43 14 B A 2 7 29 3 6 4 47 49
	-> A 2 3 4 6 7 B 14 
Structure 555: 46 14 B A 2 33 12 50 44 3 4
	-> A 2 3 4 B 12 14 
Structure 556: 41 72 8 A 18 2 7 36 15 3 6 4
	-> A 2 3 4 6 7 8 15 18 
Structure 557: 17 27 11 8 A 2 7 12 32 3 6 4
	-> A 2 3 4 6 7 8 11 12 17 
Structure 558: 14 B A 2 16 15 3 6 4
	-> A 2 3 4 6 B 14 15 16 
Structure 559: 17 27 11 19 8 A 18 2 7 12 30 172 3 6 4
	-> A 2 3 4 6 7 8 11 12 17 18 
Structure 560: 14 B A 2 7 29 3 4 47 49
	-> A 2 3 4 7 B 14 
Structure 561: 45 11 19 8 A 2 15 3 6 4
	-> A 2 3 4 6 8 11 15 
Structure 562: 35 34 19 8 A 18 2 7 3 4
	-> A 2 3 4 7 8 18 
Structure 563: 17 27 11 19 8 A 2 7 12 30 57 3 4
	-> A 2 3 4 7 8 11 12 17 
Structure 564: 17 23 22 1 155 20 40 16 79 59 21 26 31
	-> 16 17 
Structure 565: 25 23 22 28 24 A 20 2 33 37 21 31
	-> A 2 
Structure 566: 34 B A 40 16 74 66 67 3 6 4
	-> A 3 4 6 B 16 
Structure 567: 43 14 B A 2 7 117 48 36 15 3 6 4
	-> A 2 3 4 6 7 B 14 15 
Structure 568: 17 23 22 28 24 A 20 2 7 37 59 21 26 31
	-> A 2 7 17 
Structure 569: 14 B A 2 16 12 29 3 4
	-> A 2 3 4 B 12 14 16 
Structure 570: 14 B A 2 7 3 4
	-> A 2 3 4 7 B 14 
Structure 571: 17 41 56 8 A 2 33 15 3 6 4
	-> A 2 3 4 6 8 15 17 
Structure 572: 87 11 19 8 A 2 16 15 3 4
	-> A 2 3 4 8 11 15 16 
Structure 573: 55 11 19 8 A 2 16 3 4 124
	-> A 2 3 4 8 11 16 
Structure 574: 17 27 11 8 A 18 2 7 12 29 3 6 4
	-> A 2 3 4 6 7 8 11 12 17 18 
Structure 575: 17 11 8 A 18 2 16 75 52 15 3 6 4
	-> A 2 3 4 6 8 11 15 16 17 18 
Structure 576: 45 11 8 A 2 7 15 3 6 4
	-> A 2 3 4 6 7 8 11 15 
Structure 577: 14 B A 2 16 3 4
	-> A 2 3 4 B 14 16 
Structure 578: 17 11 19 8 A 2 7 12 50 44 104 3 6 4
	-> A 2 3 4 6 7 8 11 12 17 
Structure 579: 14 B A 2 16 3 6 4 47 49
	-> A 2 3 4 6 B 14 16 
Structure 580: 27 11 19 8 A 2 33 73 12 32 3 6 4
	-> A 2 3 4 6 8 11 12 
Structure 581: 45 41 72 8 A 65 94 2 7 15 3 6 4
	-> A 2 3 4 6 7 8 15 
Structure 582: 34 8 A 18 2 7 29 3 4
	-> A 2 3 4 7 8 18 
Structure 583: 35 34 8 A 2 7 3 4
	-> A 2 3 4 7 8 
Structure 584: 17 96 8 A 2 7 12 30 3 6 4
	-> A 2 3 4 6 7 8 12 17 
Structure 585: 17 27 11 19 8 A 18 2 7 15 3 6 4
	-> A 2 3 4 6 7 8 11 15 17 18 
Structure 586: 25 23 22 24 A 20 2 7 37 21 31
	-> A 2 7 
Structure 587: 43 14 B A 2 7 12 29 3 6 4
	-> A 2 3 4 6 7 B 12 14 
Structure 588: 53 11 8 A 18 2 16 12 54 29 3 4
	-> A 2 3 4 8 11 12 16 18 
Structure 589: 17 11 19 8 A 18 2 7 15 3 6 4
	-> A 2 3 4 6 7 8 11 15 17 18 
Structure 590: 17 27 11 8 A 2 7 12 3 6 4
	-> A 2 3 4 6 7 8 11 12 17 
Structure 591: 14 B A 2 73 12 32 3 4
	-> A 2 3 4 B 12 14 
Structure 592: 17 11 8 A 18 2 33 48 36 15 3 6 4
	-> A 2 3 4 6 8 11 15 17 18 
Structure 593: 17 27 11 19 8 A 2 7 15 3 6 4
	-> A 2 3 4 6 7 8 11 15 17 
Structure 594: 17 23 22 28 24 A 20 2 16 37 59 21 26 31
	-> A 2 16 17 
Structure 595: 34 221 8 A 2 3 6 4
	-> A 2 3 4 6 8 
Structure 596: 17 11 8 A 2 7 36 15 3 4
	-> A 2 3 4 7 8 11 15 17 
Structure 597: 38 14 B A 2 7 52 110 76 3 6 4
	-> A 2 3 4 6 7 B 14 
Structure 598: 17 27 11 19 8 A 18 2 7 12 32 3 4
	-> A 2 3 4 7 8 11 12 17 18 
Structure 599: 35 34 8 A 18 2 3 6 4
	-> A 2 3 4 6 8 18 
Structure 600: 17 27 11 8 A 2 7 15 222 3 6 4
	-> A 2 3 4 6 7 8 11 15 17 
Structure 601: 45 41 72 8 A 2 7 12 3 6 4
	-> A 2 3 4 6 7 8 12 
Structure 602: 25 23 22 28 24 A 20 2 7 21 26 89
	-> A 2 7 
Structure 603: 34 19 8 A 2 3 6 4
	-> A 2 3 4 6 8 
Structure 604: 25 23 22 24 A 20 58 91 2 7 21 26
	-> A 2 7 
Structure 605: 45 14 B A 2 7 12 30 3 6 4
	-> A 2 3 4 6 7 B 12 14 
Structure 606: 55 68 11 8 A 18 2 16 36 15 3 4
	-> A 2 3 4 8 11 15 16 18 
Structure 607: 14 B A 2 16 85 3 6 4
	-> A 2 3 4 6 B 14 16 
Structure 608: 17 11 8 A 2 33 48 15 3 4
	-> A 2 3 4 8 11 15 17 
Structure 609: 119 53 11 8 A 18 2 16 12 32 3 6 4
	-> A 2 3 4 6 8 11 12 16 18 
Structure 610: 46 14 B A 2 33 3 4 47 49
	-> A 2 3 4 B 14 
Structure 611: 46 14 B A 2 15 3 4
	-> A 2 3 4 B 14 15 
Structure 612: 25 23 22 8 A 2 7 82 21 26 89
	-> A 2 7 8 
Structure 613: 17 27 11 8 A 18 2 7 12 29 3 4
	-> A 2 3 4 7 8 11 12 17 18 
Structure 614: 38 14 B A 2 7 12 30 3 4
	-> A 2 3 4 7 B 12 14 
Structure 615: 38 14 B 1 2 7 15 3 6 4
	-> 2 3 4 6 7 B 14 15 
Structure 616: 17 27 11 8 A 2 7 61 12 54 32 3 6 4
	-> A 2 3 4 6 7 8 11 12 17 
Structure 617: 17 11 8 1 135 2 48 15 3 4
	-> 2 3 4 8 11 15 17 
Structure 618: 14 B A 2 33 12 32 3 4
	-> A 2 3 4 B 12 14 
Structure 619: 14 B A 2 7 15 3 6 4
	-> A 2 3 4 6 7 B 14 15 
Structure 620: 55 11 8 A 2 7 15 3 6 4
	-> A 2 3 4 6 7 8 11 15 
Structure 621: 45 14 B A 2 33 12 54 32 3 4
	-> A 2 3 4 B 12 14 
Structure 622: 17 41 72 8 A 18 2 12 32 3 6 4
	-> A 2 3 4 6 8 12 17 18 
Structure 623: 46 14 B A 2 7 52 121 85 3 6 4
	-> A 2 3 4 6 7 B 14 
Structure 624: 14 B A 2 16 3 6 4 47 49
	-> A 2 3 4 6 B 14 16 
Structure 625: 114 98 77 B A 2 16 60 12 50 44 3 6 4
	-> A 2 3 4 6 B 12 16 
Structure 626: 45 34 8 A 2 16 3 6 4
	-> A 2 3 4 6 8 16 
Structure 627: 17 11 8 A 2 33 12 29 3 4
	-> A 2 3 4 8 11 12 17 
Structure 628: 17 27 11 19 8 A 2 7 12 32 3 6 4
	-> A 2 3 4 6 7 8 11 12 17 
Structure 629: 17 11 8 223 1 135 2 48 15 3 4
	-> 2 3 4 8 11 15 17 
Structure 630: 11 8 A 18 2 16 15 3 6 4
	-> A 2 3 4 6 8 11 15 16 18 
Structure 631: 35 34 11 19 8 A 18 40 16 3 6 4
	-> A 3 4 6 8 11 16 18 
Structure 632: 17 23 22 8 A 2 7 224 59 21
	-> A 2 7 8 17 
Structure 633: 17 11 19 8 A 2 7 12 54 32 3 4
	-> A 2 3 4 7 8 11 12 17 
Structure 634: 25 23 22 28 24 63 A 20 39 51 42 21 31
	-> A 
Structure 635: 14 B A 2 7 52 15 3 4
	-> A 2 3 4 7 B 14 15 
Structure 636: 35 34 8 A 18 2 16 82 3 6 4
	-> A 2 3 4 6 8 16 18 
Structure 637: 68 11 8 A 2 7 15 3 6 4
	-> A 2 3 4 6 7 8 11 15 
Structure 638: 14 B A 2 7 36 15 3 6 4
	-> A 2 3 4 6 7 B 14 15 
Structure 639: 17 27 11 8 A 18 2 7 15 3 6 4
	-> A 2 3 4 6 7 8 11 15 17 18 
Structure 640: 25 23 22 28 24 A 150 20 2 37 21 31
	-> A 2 
Structure 641: 46 14 B A 2 7 12 54 32 3 4
	-> A 2 3 4 7 B 12 14 
Structure 642: 27 11 19 8 115 A 2 33 12 54 32 3 6 4
	-> A 2 3 4 6 8 11 12 
Structure 643: 25 23 22 28 24 A 20 2 7 37 21 26 31
	-> A 2 7 
Structure 644: 14 B A 2 7 15 3 4
	-> A 2 3 4 7 B 14 15 
Structure 645: 43 14 B A 2 16 52 15 3 4
	-> A 2 3 4 B 14 15 16 
Structure 646: 43 14 B A 2 16 15 3 4
	-> A 2 3 4 B 14 15 16 
Structure 647: 17 27 11 8 A 2 7 15 3 6 4
	-> A 2 3 4 6 7 8 11 15 17 
Structure 648: 80 27 11 19 8 A 18 2 7 12 30 3 6 4
	-> A 2 3 4 6 7 8 11 12 18 
Structure 649: 17 11 19 8 A 18 2 12 50 44 3 6 4
	-> A 2 3 4 6 8 11 12 17 18 
Structure 650: 53 14 B A 2 7 12 50 44 3 6 4
	-> A 2 3 4 6 7 B 12 14 
Structure 651: 17 11 8 A 18 2 7 48 36 15 3 6 4
	-> A 2 3 4 6 7 8 11 15 17 18 
Structure 652: 17 11 19 8 A 2 7 15 3 6 4
	-> A 2 3 4 6 7 8 11 15 17 
Structure 653: 43 14 B A 2 3 6 4 225 124
	-> A 2 3 4 6 B 14 
Structure 654: 25 23 22 24 A 226 20 40 16 37 21 31
	-> A 16 
Structure 655: 25 23 22 28 24 A 20 58 39 51 42 21 26 31
	-> A 
Structure 656: 17 23 22 28 24 A 20 39 51 42 59 21 26
	-> A 17 
Structure 657: 154 11 19 8 A 18 2 7 50 44 3 6 4
	-> A 2 3 4 6 7 8 11 18 
Structure 658: 25 23 22 28 24 A 20 2 33 37 21 26 133
	-> A 2 
Structure 659: 17 27 11 19 8 A 18 2 16 12 32 3 6 4
	-> A 2 3 4 6 8 11 12 16 17 18 
Structure 660: 166 A 20 58 39 51 42 12 30 3 6 4
	-> A 3 4 6 12 
Structure 661: 17 27 11 19 8 227 1 2 7 12 32 3 6 4
	-> 2 3 4 6 7 8 11 12 17 
Structure 662: 92 27 11 8 A 18 2 16 12 32 3 6 4
	-> A 2 3 4 6 8 11 12 16 18 
Structure 663: 25 23 22 28 24 A 20 39 228 51 229 42 81 21 26 31
	-> A 
Structure 664: 43 14 B A 2 16 75 52 110 76 3 4
	-> A 2 3 4 B 14 16 
Structure 665: 11 19 8 A 18 2 7 12 30 57 3 6 4
	-> A 2 3 4 6 7 8 11 12 18 
Structure 666: 43 14 B A 2 7 48 36 15 3 4
	-> A 2 3 4 7 B 14 15 
Structure 667: 17 11 19 8 A 18 2 7 12 32 3 4
	-> A 2 3 4 7 8 11 12 17 18 
Structure 668: 17 11 8 A 2 7 12 30 3 4
	-> A 2 3 4 7 8 11 12 17 
Structure 669: 149 11 19 8 A 2 7 48 15 3 4
	-> A 2 3 4 7 8 11 15 
Structure 670: 14 B A 2 7 29 3 4 47 49
	-> A 2 3 4 7 B 14 
Structure 671: 27 11 19 8 A 18 2 7 12 85 3 6 4
	-> A 2 3 4 6 7 8 11 12 18 
Structure 672: 17 27 11 8 A 2 7 15 3 4
	-> A 2 3 4 7 8 11 15 17 
Structure 673: 17 27 64 69 8 A 2 3 6 4
	-> A 2 3 4 6 8 17 
Structure 674: 14 B A 2 16 48 36 15 3 4
	-> A 2 3 4 B 14 15 16 
Structure 675: 14 B A 2 129 52 15 3 4
	-> A 2 3 4 B 14 15 
Structure 676: 17 27 11 8 A 2 12 29 3 6 4
	-> A 2 3 4 6 8 11 12 17 
Structure 677: 34 64 8 A 2 7 3 4
	-> A 2 3 4 7 8 
Structure 678: 25 23 22 24 A 20 2 7 37 21 26 31
	-> A 2 7 
Structure 679: 45 11 8 A 18 2 7 12 29 3 6 4
	-> A 2 3 4 6 7 8 11 12 18 
Structure 680: 38 14 B A 2 16 12 32 3 4
	-> A 2 3 4 B 12 14 16 
Structure 681: 14 B A 2 15 3 6 4
	-> A 2 3 4 6 B 14 15 
Structure 682: 43 14 B A 2 61 12 230 50 44 3 6 4
	-> A 2 3 4 6 B 12 14 
Structure 683: 35 34 64 B A 2 7 103 120 3 6 4
	-> A 2 3 4 6 7 B 
Structure 684: 46 14 B A 2 7 48 15 3 4
	-> A 2 3 4 7 B 14 15 
Structure 685: 25 23 22 28 24 A 20 2 7 79 21 26
	-> A 2 7 
Structure 686: 45 11 19 8 A 18 2 12 30 3 6 4
	-> A 2 3 4 6 8 11 12 18 
Structure 687: 17 11 8 A 2 7 48 15 3 4
	-> A 2 3 4 7 8 11 15 17 
Structure 688: 35 34 8 A 18 2 7 3 6 4
	-> A 2 3 4 6 7 8 18 
Structure 689: 14 B A 2 70 12 29 3 6 4
	-> A 2 3 4 6 B 12 14 
Structure 690: 17 11 19 8 A 18 2 33 36 15 3 6 4
	-> A 2 3 4 6 8 11 15 17 18 
Structure 691: 53 11 8 A 18 2 7 15 3 4
	-> A 2 3 4 7 8 11 15 18 
Structure 692: 101 113 126 8 1 231 132 2 3 6 4 47 49
	-> 2 3 4 6 8 
Structure 693: 14 B A 2 33 12 30 57 3 4
	-> A 2 3 4 B 12 14 
Structure 694: 77 B A 2 60 29 3 4
	-> A 2 3 4 B 
Structure 695: 14 B A 2 7 15 3 4
	-> A 2 3 4 7 B 14 15 
Structure 696: 17 23 22 109 A 20 58 2 7 59 21 26
	-> A 2 7 17 
Structure 697: 25 23 22 24 62 A 20 2 7 37 21 26 31
	-> A 2 7 
Structure 698: 99 105 B A 40 16 60 71 29 3 6 4
	-> A 3 4 6 B 16 
Structure 699: 14 B A 2 16 15 3 4
	-> A 2 3 4 B 14 15 16 
Structure 700: 38 14 B A 2 7 15 3 6 4
	-> A 2 3 4 6 7 B 14 15 
Structure 701: 87 11 8 A 2 16 3 6 4 47 49
	-> A 2 3 4 6 8 11 16 
Structure 702: 35 14 B A 2 16 15 3 4
	-> A 2 3 4 B 14 15 16 
Structure 703: 27 64 8 A 18 2 7 144 3 6 4
	-> A 2 3 4 6 7 8 18 
Structure 704: 14 B A 2 7 12 84 30 3 4
	-> A 2 3 4 7 B 12 14 
Structure 705: 25 23 22 28 24 A 20 2 16 21 26 31
	-> A 2 16 
Structure 706: 17 11 8 A 2 7 52 15 3 6 4
	-> A 2 3 4 6 7 8 11 15 17 
Structure 707: 27 11 8 1 135 2 12 30 3 6 4
	-> 2 3 4 6 8 11 12 
Structure 708: 35 34 19 8 A 2 7 130 158 3 4
	-> A 2 3 4 7 8 
Structure 709: 17 11 19 8 A 18 2 7 12 29 3 4
	-> A 2 3 4 7 8 11 12 17 18 
Structure 710: 53 41 8 A 18 2 7 12 30 3 6 4
	-> A 2 3 4 6 7 8 12 18 
Structure 711: 35 34 8 A 2 7 3 4
	-> A 2 3 4 7 8 
Structure 712: 17 27 B A 40 16 74 66 67 15 3 6 4
	-> A 3 4 6 B 15 16 17 
Structure 713: 43 14 B A 2 7 70 12 32 3 6 4
	-> A 2 3 4 6 7 B 12 14 
Structure 714: 25 23 22 28 24 A 20 58 39 51 42 21 26
	-> A 
Structure 715: 35 34 11 19 8 A 2 7 3 6 4
	-> A 2 3 4 6 7 8 11 
Structure 716: 17 27 11 8 A 2 7 15 3 6 4
	-> A 2 3 4 6 7 8 11 15 17 
Structure 717: 43 14 B A 2 7 3 6 4 47 49
	-> A 2 3 4 6 7 B 14 
Structure 718: 17 27 64 B A 40 16 74 66 67 3 4
	-> A 3 4 B 16 17 
Structure 719: 14 B A 2 12 3 4
	-> A 2 3 4 B 12 14 
Structure 720: 25 23 22 28 24 A 20 2 7 37 21 26 31
	-> A 2 7 
Structure 721: 38 14 B A 2 7 36 15 83 3 4
	-> A 2 3 4 7 B 14 15 
Structure 722: 55 169 41 56 8 A 18 2 7 3 6 4
	-> A 2 3 4 6 7 8 18 
Structure 723: 55 11 19 8 A 18 2 7 15 3 4
	-> A 2 3 4 7 8 11 15 18 
Structure 724: 128 9 A 232 16 233 102 103 120 3 4
	-> A 3 4 16 
Structure 725: 27 11 8 A 2 7 12 30 3 6 4
	-> A 2 3 4 6 7 8 11 12 
Structure 726: 46 14 B A 2 7 75 15 3 6 4
	-> A 2 3 4 6 7 B 14 15 
Structure 727: 25 23 22 24 A 20 2 16 21 26 86
	-> A 2 16 
Structure 728: 25 23 22 28 24 A 20 39 51 42 21 26 31
	-> A 
Structure 729: 53 68 11 8 A 18 2 7 12 50 44 3 6 4
	-> A 2 3 4 6 7 8 11 12 18 
Structure 730: 25 23 22 28 24 62 A 20 58 39 51 42 21 26 31
	-> A 
Structure 731: 17 27 11 19 8 A 18 2 33 15 3 6 4
	-> A 2 3 4 6 8 11 15 17 18 
Structure 732: 27 11 19 8 A 18 2 7 15 3 6 4
	-> A 2 3 4 6 7 8 11 15 18 
Structure 733: 38 14 B A 2 33 52 15 3 6 4
	-> A 2 3 4 6 B 14 15 
Structure 734: 46 14 B 234 A 2 7 52 15 3 6 4
	-> A 2 3 4 6 7 B 14 15 
Structure 735: 45 14 B A 2 88 15 3 4
	-> A 2 3 4 B 14 15 
Structure 736: 46 14 B A 2 7 12 29 3 6 4
	-> A 2 3 4 6 7 B 12 14 
Structure 737: 78 14 B A 2 7 12 30 44 3 6 4
	-> A 2 3 4 6 7 B 12 14 
Structure 738: 17 11 19 8 A 2 7 12 29 3 6 4
	-> A 2 3 4 6 7 8 11 12 17 
Structure 739: 46 14 B A 2 7 136 36 15 3 6 4
	-> A 2 3 4 6 7 B 14 15 
Structure 740: 55 11 19 8 A 65 2 36 15 3 6 4
	-> A 2 3 4 6 8 11 15 
Structure 741: 119 53 11 19 8 A 18 2 7 15 3 4
	-> A 2 3 4 7 8 11 15 18 
Structure 742: 46 14 B A 2 7 52 15 3 4
	-> A 2 3 4 7 B 14 15 
Structure 743: 17 27 11 19 8 A 132 2 7 12 54 29 3 6 4
	-> A 2 3 4 6 7 8 11 12 17 
Structure 744: 25 23 22 24 A 20 2 16 95 21 26 31
	-> A 2 16 
Structure 745: 17 27 11 8 A 18 2 16 15 3 6 4
	-> A 2 3 4 6 8 11 15 16 17 18 
Structure 746: 53 171 11 19 8 A 65 94 2 7 3 6 4
	-> A 2 3 4 6 7 8 11 
Structure 747: 14 B A 2 16 3 6 4 47 49
	-> A 2 3 4 6 B 14 16 
Structure 748: 43 14 B A 2 16 15 3 6 4
	-> A 2 3 4 6 B 14 15 16 
Structure 749: 119 14 B A 2 52 121 85 3 4
	-> A 2 3 4 B 14 
Structure 750: 17 27 11 8 A 2 7 12 30 3 4
	-> A 2 3 4 7 8 11 12 17 
Structure 751: 14 B A 2 33 173 29 3 4
	-> A 2 3 4 B 14 
Structure 752: 17 11 8 A 145 18 2 7 12 54 29 3 6 4
	-> A 2 3 4 6 7 8 11 12 17 18 
Structure 753: 25 23 22 28 24 62 A 20 39 51 42 21 31
	-> A 
Structure 754: 25 23 22 28 24 62 A 20 2 7 21 26
	-> A 2 7 
Structure 755: 14 B A 2 7 3 4 47 49
	-> A 2 3 4 7 B 14 
Structure 756: 55 41 56 8 115 A 2 33 44 3 4 235
	-> A 2 3 4 8 
Structure 757: 17 27 126 156 B A 2 95 15 3 4
	-> A 2 3 4 B 15 17 
Structure 758: 45 14 B A 2 7 15 3 6 4
	-> A 2 3 4 6 7 B 14 15 
Structure 759: 43 14 B A 2 7 70 12 32 3 6 4
	-> A 2 3 4 6 7 B 12 14 
Structure 760: 38 14 B A 2 16 12 29 3 6 4
	-> A 2 3 4 6 B 12 14 16 
Structure 761: 17 27 11 8 A 2 16 12 30 3 6 4
	-> A 2 3 4 6 8 11 12 16 17 
Structure 762: 17 27 11 19 8 A 18 2 7 52 15 3 4
	-> A 2 3 4 7 8 11 15 17 18 
Structure 763: 17 11 8 A 2 16 12 29 3 6 4
	-> A 2 3 4 6 8 11 12 16 17 
Structure 764: 38 14 B A 2 12 32 3 4
	-> A 2 3 4 B 12 14 
Structure 765: 80 38 14 B A 2 16 75 174 121 85 3 6 4
	-> A 2 3 4 6 B 14 16 
Structure 766: 25 23 22 153 109 A 236 20 2 16 37 21 26
	-> A 2 16 
Structure 767: 17 27 11 19 8 A 18 2 7 15 3 4
	-> A 2 3 4 7 8 11 15 17 18 
Structure 768: 25 23 22 24 62 A 20 2 16 37 21
	-> A 2 16 
Structure 769: 14 B A 2 7 15 3 6 4
	-> A 2 3 4 6 7 B 14 15 
Structure 770: 17 27 11 8 A 18 2 16 12 29 3 6 4
	-> A 2 3 4 6 8 11 12 16 17 18 
Structure 771: 14 B A 2 7 70 12 32 3 4
	-> A 2 3 4 7 B 12 14 
Structure 772: 17 11 19 8 A 2 7 15 3 6 4
	-> A 2 3 4 6 7 8 11 15 17 
Structure 773: 17 11 8 A 2 7 12 50 44 3 4
	-> A 2 3 4 7 8 11 12 17 
Structure 774: 25 23 22 28 24 A 20 2 16 37 21 26 31
	-> A 2 16 
Structure 775: 45 14 B A 2 7 12 30 172 3 6 4
	-> A 2 3 4 6 7 B 12 14 
Structure 776: 53 11 8 A 2 12 29 3 6 4
	-> A 2 3 4 6 8 11 12 
Structure 777: 55 41 56 8 A 18 2 33 76 3 6 4
	-> A 2 3 4 6 8 18 
Structure 778: 35 34 8 A 2 3 4
	-> A 2 3 4 8 
Structure 779: 116 41 8 A 18 2 16 48 36 15 3 6 4
	-> A 2 3 4 6 8 15 16 18 
Structure 780: 55 68 11 19 8 A 18 2 36 15 3 4
	-> A 2 3 4 8 11 15 18 
Structure 781: 38 14 B A 2 16 12 30 3 6 4
	-> A 2 3 4 6 B 12 14 16 
Structure 782: 14 B A 2 7 36 15 168 3 6 4
	-> A 2 3 4 6 7 B 14 15 
Structure 783: 131 38 14 B A 2 88 15 3 4
	-> A 2 3 4 B 14 15 
Structure 784: 17 11 19 8 A 2 36 15 3 6 4
	-> A 2 3 4 6 8 11 15 17 
Structure 785: 43 14 B A 2 7 237 123 52 15 3 6 4
	-> A 2 3 4 6 7 B 14 15 
Structure 786: 17 11 19 8 A 2 238 12 30 3 6 4
	-> A 2 3 4 6 8 11 12 17 
Structure 787: 14 B A 2 7 73 12 54 32 3 6 4
	-> A 2 3 4 6 7 B 12 14 
Structure 788: 25 23 22 28 24 A 20 2 16 21 31
	-> A 2 16 
Structure 789: 17 11 19 8 A 18 2 7 12 30 3 6 4
	-> A 2 3 4 6 7 8 11 12 17 18 
Structure 790: 17 23 22 28 24 62 A 20 2 7 37 59 21 26 31
	-> A 2 7 17 
Structure 791: 38 14 B A 2 7 70 12 29 3 6 4
	-> A 2 3 4 6 7 B 12 14 
Structure 792: 175 14 B A 2 7 48 15 3 6 4
	-> A 2 3 4 6 7 B 14 15 
Structure 793: 14 B A 2 16 12 30 57 3 6 4
	-> A 2 3 4 6 B 12 14 16 
Structure 794: 38 14 B A 40 16 12 32 3 6 4
	-> A 3 4 6 B 12 14 16 
Structure 795: 17 14 B A 2 7 15 3 4
	-> A 2 3 4 7 B 14 15 17 
Structure 796: 25 23 22 9 A 40 16 102 67 93 21
	-> A 16 
Structure 797: 17 11 8 A 2 16 12 30 3 4
	-> A 2 3 4 8 11 12 16 17 
Structure 798: 175 23 22 28 24 62 1 125 20 2 7 95 59 21 26 86
	-> 2 7 
Structure 799: 46 14 B A 2 16 52 15 3 4
	-> A 2 3 4 B 14 15 16 
Structure 800: 14 B A 2 16 15 3 4
	-> A 2 3 4 B 14 15 16 
Structure 801: 35 34 11 19 8 A 18 2 33 3 4
	-> A 2 3 4 8 11 18 
Structure 802: 14 B A 2 7 12 29 3 6 4
	-> A 2 3 4 6 7 B 12 14 
Structure 803: 17 11 8 A 2 7 12 29 3 4
	-> A 2 3 4 7 8 11 12 17 
Structure 804: 17 27 11 8 A 18 2 33 15 3 4
	-> A 2 3 4 8 11 15 17 18 
Structure 805: 35 34 239 8 A 18 2 7 3 4
	-> A 2 3 4 7 8 18 
Structure 806: 17 27 11 8 A 2 7 12 32 3 4
	-> A 2 3 4 7 8 11 12 17 
Structure 807: 240 64 167 A 20 2 7 37 3 6 4
	-> A 2 3 4 6 7 
Structure 808: 27 11 19 8 A 2 7 12 29 3 6 4
	-> A 2 3 4 6 7 8 11 12 
Structure 809: 43 14 B A 2 12 29 3 6 4
	-> A 2 3 4 6 B 12 14 
Structure 810: 38 14 B A 2 7 15 3 6 4
	-> A 2 3 4 6 7 B 14 15 
Structure 811: 17 27 11 56 8 A 18 2 33 12 30 3 4
	-> A 2 3 4 8 11 12 17 18 
Structure 812: 35 34 19 8 A 18 2 7 29 3 6 4
	-> A 2 3 4 6 7 8 18 
Structure 813: 41 8 A 18 2 12 29 3 4
	-> A 2 3 4 8 12 18 
Structure 814: 46 14 B A 2 7 12 30 3 4
	-> A 2 3 4 7 B 12 14 
Structure 815: 17 11 19 8 A 18 2 7 48 36 15 3 6 4
	-> A 2 3 4 6 7 8 11 15 17 18 
Structure 816: 87 41 56 8 A 18 2 7 3 4
	-> A 2 3 4 7 8 18 
Structure 817: 25 23 22 28 24 A 20 2 7 21 26
	-> A 2 7 
Structure 818: 25 23 22 28 24 62 A 20 2 7 37 21 26 31
	-> A 2 7 
Structure 819: 43 14 B A 2 16 12 29 3 4
	-> A 2 3 4 B 12 14 16 
Structure 820: 53 11 8 A 2 16 12 32 3 6 4
	-> A 2 3 4 6 8 11 12 16 
Structure 821: 55 11 8 A 2 15 3 6 4
	-> A 2 3 4 6 8 11 15 
Structure 822: 17 27 11 19 8 A 2 16 3 6 4
	-> A 2 3 4 6 8 11 16 17 
Structure 823: 35 34 69 8 A 18 2 16 81 3 6 4
	-> A 2 3 4 6 8 16 18 
Structure 824: 25 23 22 8 A 2 7 176 21 26
	-> A 2 7 8 
Structure 825: 14 B A 2 16 15 3 4
	-> A 2 3 4 B 14 15 16 
Structure 826: 25 23 22 24 62 A 20 39 51 42 21 26 31
	-> A 
Structure 827: 68 11 157 1 20 2 16 15 3 4
	-> 2 3 4 11 15 16 
Structure 828: 17 11 19 8 A 2 7 12 30 3 4
	-> A 2 3 4 7 8 11 12 17 
Structure 829: 14 B A 2 7 12 29 3 4
	-> A 2 3 4 7 B 12 14 
Structure 830: 43 14 B A 2 7 15 3 6 4
	-> A 2 3 4 6 7 B 14 15 
Structure 831: 35 34 11 19 8 A 2 16 3 6 4
	-> A 2 3 4 6 8 11 16 
Structure 832: 14 B A 2 16 70 12 32 3 4
	-> A 2 3 4 B 12 14 16 
Structure 833: 25 23 22 24 A 20 58 39 16 165 21 26
	-> A 16 
Structure 834: 17 27 11 8 A 18 2 7 15 3 6 4
	-> A 2 3 4 6 7 8 11 15 17 18 
Structure 835: 25 23 22 28 24 A 20 2 7 21 26 31
	-> A 2 7 
Structure 836: 14 B A 2 7 36 15 3 6 4
	-> A 2 3 4 6 7 B 14 15 
Structure 837: 53 11 19 8 A 2 33 12 29 3 6 4
	-> A 2 3 4 6 8 11 12 
Structure 838: 46 14 B A 2 7 12 30 57 3 6 4
	-> A 2 3 4 6 7 B 12 14 
Structure 839: 14 B A 2 7 15 3 6 4
	-> A 2 3 4 6 7 B 14 15 
Structure 840: 17 11 19 8 A 18 2 12 50 44 3 6 4
	-> A 2 3 4 6 8 11 12 17 18 
Structure 841: 25 23 22 24 A 20 2 16 37 21 26
	-> A 2 16 
Structure 842: 14 B A 2 75 52 15 3 4
	-> A 2 3 4 B 14 15 
Structure 843: 87 241 B A 242 39 42 3 6 4
	-> A 3 4 6 B 
Structure 844: 55 11 8 A 2 7 15 3 6 4
	-> A 2 3 4 6 7 8 11 15 
Structure 845: 46 14 B A 2 7 15 3 6 4
	-> A 2 3 4 6 7 B 14 15 
Structure 846: 43 14 B A 2 7 12 54 32 3 4
	-> A 2 3 4 7 B 12 14 
Structure 847: 45 41 11 134 8 A 107 2 7 61 12 30 3 4
	-> A 2 3 4 7 8 11 12 
Structure 848: 116 11 19 8 A 18 2 7 3 6 4 47 49
	-> A 2 3 4 6 7 8 11 18 
Structure 849: 17 11 19 8 A 18 2 40 16 48 36 15 3 4
	-> A 2 3 4 8 11 15 16 17 18 
Structure 850: 17 11 8 A 2 7 12 54 3 4
	-> A 2 3 4 7 8 11 12 17 
Structure 851: 38 14 161 B A 2 12 50 44 3 4
	-> A 2 3 4 B 12 14 
Structure 852: 17 27 11 19 8 A 2 7 12 30 3 6 4
	-> A 2 3 4 6 7 8 11 12 17 
Structure 853: 17 11 8 A 18 2 12 50 44 3 4
	-> A 2 3 4 8 11 12 17 18 
Structure 854: 14 B A 2 88 61 12 32 3 6 4
	-> A 2 3 4 6 B 12 14 
Structure 855: 25 23 22 24 A 20 2 7 21 26
	-> A 2 7 
Structure 856: 38 14 B A 2 16 73 12 50 44 3 6 4
	-> A 2 3 4 6 B 12 14 16 
Structure 857: 17 11 19 8 A 2 16 48 36 15 3 4
	-> A 2 3 4 8 11 15 16 17 
Structure 858: 90 B A 2 7 60 15 3 4
	-> A 2 3 4 7 B 15 
Structure 859: 43 14 B A 2 7 12 50 3 6 4
	-> A 2 3 4 6 7 B 12 14 
Structure 860: 17 27 64 8 A 2 16 3 6 4
	-> A 2 3 4 6 8 16 17 
Structure 861: 35 34 64 8 A 18 2 16 129 3 4
	-> A 2 3 4 8 16 18 
Structure 862: 38 14 B A 2 7 12 30 44 3 4 164
	-> A 2 3 4 7 B 12 14 
Structure 863: 14 B A 2 173 29 3 6 4
	-> A 2 3 4 6 B 14 
Structure 864: 17 27 11 19 8 A 2 12 29 3 6 4
	-> A 2 3 4 6 8 11 12 17 
Structure 865: 14 B A 2 7 3 6 4 47 49
	-> A 2 3 4 6 7 B 14 
Structure 866: 38 14 B A 2 33 48 36 15 3 6 4
	-> A 2 3 4 6 B 14 15 
Structure 867: 38 14 B 1 2 12 30 57 3 6 4
	-> 2 3 4 6 B 12 14 
Structure 868: 35 34 B A 40 16 74 66 67 3 6 4
	-> A 3 4 6 B 16 
Structure 869: 17 11 8 A 18 2 7 12 54 3 4
	-> A 2 3 4 7 8 11 12 17 18 
Structure 870: 45 41 56 8 A 2 7 12 32 3 4
	-> A 2 3 4 7 8 12 
Structure 871: 46 14 B A 2 7 12 50 44 3 6 4
	-> A 2 3 4 6 7 B 12 14 
Structure 872: 25 23 22 28 24 A 20 2 16 21 26
	-> A 2 16 
Structure 873: 17 27 11 8 A 18 2 15 83 3 4
	-> A 2 3 4 8 11 15 17 18 
Structure 874: 38 14 B A 2 7 15 3 6 4
	-> A 2 3 4 6 7 B 14 15 
Structure 875: 17 96 8 A 18 2 16 12 30 3 6 4
	-> A 2 3 4 6 8 12 16 17 18 
Structure 876: 25 23 22 28 24 63 A 20 2 7 37 21 31
	-> A 2 7 
Structure 877: 38 14 B A 2 122 12 32 3 6 4
	-> A 2 3 4 6 B 12 14 
Structure 878: 55 68 11 19 8 A 18 2 7 15 3 6 4
	-> A 2 3 4 6 7 8 11 15 18 
Structure 879: 45 41 56 8 A 18 2 7 15 3 4
	-> A 2 3 4 7 8 15 18 
Structure 880: 46 14 B A 2 7 148 3 4 47 49
	-> A 2 3 4 7 B 14 
Structure 881: 17 11 19 8 A 2 16 61 12 32 3 6 4
	-> A 2 3 4 6 8 11 12 16 17 
Structure 882: 38 14 B A 2 12 54 32 3 6 4
	-> A 2 3 4 6 B 12 14 
Structure 883: 17 11 8 A 18 2 33 48 15 3 6 4
	-> A 2 3 4 6 8 11 15 17 18 
Structure 884: 53 11 8 A 2 7 12 3 6 4
	-> A 2 3 4 6 7 8 11 12 
Structure 885: 17 11 8 A 2 7 36 15 3 4
	-> A 2 3 4 7 8 11 15 17 
Structure 886: 38 14 B A 2 7 3 4 47 49
	-> A 2 3 4 7 B 14 
Structure 887: 35 14 B A 2 16 50 44 3 6 4
	-> A 2 3 4 6 B 14 16 
Structure 888: 17 11 19 8 A 18 2 16 12 54 32 3 6 4
	-> A 2 3 4 6 8 11 12 16 17 18 
Structure 889: 35 34 8 A 2 7 3 4
	-> A 2 3 4 7 8 
Structure 890: 17 11 19 8 A 18 2 243 36 15 3 4
	-> A 2 3 4 8 11 15 17 18 
Structure 891: 17 11 19 8 A 18 2 7 36 15 3 6 4
	-> A 2 3 4 6 7 8 11 15 17 18 
Structure 892: 35 34 146 B A 40 16 102 103 176 3 6 4
	-> A 3 4 6 B 16 
Structure 893: 43 14 244 B A 2 7 12 30 3 6 4
	-> A 2 3 4 6 7 B 12 14 
Structure 894: 131 14 B A 2 33 48 36 15 3 4
	-> A 2 3 4 B 14 15 
Structure 895: 35 34 B A 40 16 102 103 120 3 4
	-> A 3 4 B 16 
Structure 896: 25 23 22 24 A 20 39 51 42 21 26 31
	-> A 
Structure 897: 46 14 B A 2 15 3 4
	-> A 2 3 4 B 14 15 
Structure 898: 17 11 19 8 111 100 18 2 7 12 50 44 3 6 4
	-> 2 3 4 6 7 8 11 12 17 18 
Structure 899: 25 23 22 24 62 A 20 2 7 21 26 31
	-> A 2 7 
Structure 900: 46 14 B A 2 16 15 83 3 6 4
	-> A 2 3 4 6 B 14 15 16 
Structure 901: 25 23 22 24 A 20 2 7 37 21 26 151
	-> A 2 7 
Structure 902: 43 14 B A 2 12 30 3 6 4
	-> A 2 3 4 6 B 12 14 
Structure 903: 45 14 B A 2 16 174 50 85 3 4
	-> A 2 3 4 B 14 16 
Structure 904: 45 41 19 8 A 18 2 7 12 32 3 4
	-> A 2 3 4 7 8 12 18 
Structure 905: 25 23 22 28 24 A 20 2 16 21 26 31
	-> A 2 16 
Structure 906: 25 23 22 28 24 A 20 2 21 26
	-> A 2 
Structure 907: 17 96 8 A 2 7 15 3 6 4
	-> A 2 3 4 6 7 8 15 17 
Structure 908: 99 105 B A 40 16 60 71 141 29 3 6 4
	-> A 3 4 6 B 16 
Structure 909: 35 34 8 A 18 2 7 3 6 4
	-> A 2 3 4 6 7 8 18 
Structure 910: 53 11 8 A 18 2 7 15 3 6 4
	-> A 2 3 4 6 7 8 11 15 18 
Structure 911: 14 B A 2 7 36 15 3 4
	-> A 2 3 4 7 B 14 15 
Structure 912: 14 B A 2 16 12 32 3 6 4
	-> A 2 3 4 6 B 12 14 16 
Structure 913: 46 14 B A 2 7 3 4
	-> A 2 3 4 7 B 14 
Structure 914: 46 14 B A 2 12 50 44 3 6 4
	-> A 2 3 4 6 B 12 14 
Structure 915: 14 B A 2 16 15 3 6 4
	-> A 2 3 4 6 B 14 15 16 
Structure 916: 46 14 B A 2 7 36 15 3 4
	-> A 2 3 4 7 B 14 15 
Structure 917: 17 11 8 A 2 16 15 3 4
	-> A 2 3 4 8 11 15 16 17 
Structure 918: 35 34 8 A 18 2 7 3 6 4
	-> A 2 3 4 6 7 8 18 
Structure 919: 45 14 B A 40 16 15 3 6 4
	-> A 3 4 6 B 14 15 16 
Structure 920: 25 23 22 24 A 20 2 7 21 26 31
	-> A 2 7 
Structure 921: 25 23 22 28 24 A 20 2 16 37 21 26
	-> A 2 16 
Structure 922: 17 245 11 19 8 A 18 2 123 52 15 3 6 4
	-> A 2 3 4 6 8 11 15 17 18 
Structure 923: 14 B A 2 12 30 57 3 6 4
	-> A 2 3 4 6 B 12 14 
Structure 924: 45 14 B A 2 7 61 12 30 3 4
	-> A 2 3 4 7 B 12 14 
Structure 925: 17 27 11 19 8 A 2 33 163 246 15 3 4
	-> A 2 3 4 8 11 15 17 
Structure 926: 17 27 11 19 8 A 2 33 12 30 57 3 6 4
	-> A 2 3 4 6 8 11 12 17 
Structure 927: 43 14 B A 2 7 12 29 3 6 4
	-> A 2 3 4 6 7 B 12 14 
Structure 928: 45 41 56 8 A 2 16 12 30 3 4
	-> A 2 3 4 8 12 16 
Structure 929: 35 34 8 A 2 16 3 6 4
	-> A 2 3 4 6 8 16 
Structure 930: 38 14 B A 2 16 12 29 3 6 4 247
	-> A 2 3 4 6 B 12 14 16 
Structure 931: 53 41 8 A 18 2 7 12 54 32 3 6 4
	-> A 2 3 4 6 7 8 12 18 
Structure 932: 17 11 8 A 2 7 15 3 6 4
	-> A 2 3 4 6 7 8 11 15 17 
Structure 933: 17 11 19 8 A 18 2 7 48 15 3 6 4
	-> A 2 3 4 6 7 8 11 15 17 18 
Structure 934: 41 56 8 A 18 2 7 75 36 15 3 4
	-> A 2 3 4 7 8 15 18 
Structure 935: 17 27 11 19 8 A 18 2 16 12 29 3 4
	-> A 2 3 4 8 11 12 16 17 18 
Structure 936: 35 14 B A 2 15 3 4
	-> A 2 3 4 B 14 15 
Structure 937: 17 27 11 8 A 2 7 12 30 3 4
	-> A 2 3 4 7 8 11 12 17 
Structure 938: 14 10 A 2 16 48 36 15 3 6 4
	-> A 2 3 4 6 14 15 16 
Structure 939: 17 11 8 A 18 2 15 3 4
	-> A 2 3 4 8 11 15 17 18 
Structure 940: 17 162 248 B A 138 40 16 66 67 59 21 26 31
	-> A B 16 17 
Structure 941: 17 23 22 24 A 20 2 7 37 59 21 31
	-> A 2 7 17 
Structure 942: 17 27 11 8 A 2 16 12 32 3 4
	-> A 2 3 4 8 11 12 16 17 
Structure 943: 108 112 69 106 A 20 39 2 16 3 4 47 49
	-> A 2 3 4 16 
Structure 944: 17 11 19 8 A 2 7 12 32 3 6 4
	-> A 2 3 4 6 7 8 11 12 17 
Structure 945: 43 14 B A 2 7 12 29 3 6 4
	-> A 2 3 4 6 7 B 12 14 
Structure 946: 25 23 22 28 24 A 20 2 16 37 21 26
	-> A 2 16 
Structure 947: 152 34 8 A 18 2 7 3 6 4
	-> A 2 3 4 6 7 8 18 
Structure 948: 99 105 B A 40 16 60 12 3 6 4
	-> A 3 4 6 B 12 16 
Structure 949: 38 14 B A 2 16 12 84 30 3 6 4
	-> A 2 3 4 6 B 12 14 16 
Structure 950: 27 11 8 A 18 2 12 29 3 4
	-> A 2 3 4 8 11 12 18 
Structure 951: 80 27 11 19 8 A 2 16 15 3 4
	-> A 2 3 4 8 11 15 16 
Structure 952: 14 B A 2 160 117 137 36 15 3 6 4
	-> A 2 3 4 6 B 14 15 
Structure 953: 25 23 22 24 A 20 39 42 21 26
	-> A 
Structure 954: 80 14 B A 2 7 12 30 3 6 4
	-> A 2 3 4 6 7 B 12 14 
Structure 955: 43 14 B A 2 7 36 15 3 4
	-> A 2 3 4 7 B 14 15 
Structure 956: 17 27 11 19 8 A 18 2 7 15 3 6 4
	-> A 2 3 4 6 7 8 11 15 17 18 
Structure 957: 35 34 112 69 170 A 20 2 7 37 3 4
	-> A 2 3 4 7 
Structure 958: 25 23 22 28 24 63 A 20 39 51 42 21 26 31
	-> A 
Structure 959: 14 B A 2 70 93 15 3 4
	-> A 2 3 4 B 14 15 
Structure 960: 25 23 22 28 24 249 A 20 58 39 42 21 26 31
	-> A 
Structure 961: 35 34 11 8 A 18 2 16 3 6 4
	-> A 2 3 4 6 8 11 16 18 
Structure 962: 43 14 B A 2 7 61 12 50 44 3 6 4
	-> A 2 3 4 6 7 B 12 14 
Structure 963: 43 14 B A 2 7 12 30 3 6 4
	-> A 2 3 4 6 7 B 12 14 
Structure 964: 14 B A 2 61 12 30 57 3 6 4
	-> A 2 3 4 6 B 12 14 
Structure 965: 17 11 8 A 2 7 15 3 6 4
	-> A 2 3 4 6 7 8 11 15 17 
Structure 966: 45 14 B A 39 250 42 12 30 57 3 4
	-> A 3 4 B 12 14 
Structure 967: 34 8 A 18 2 3 4
	-> A 2 3 4 8 18 
Structure 968: 17 11 8 A 18 2 7 73 12 54 3 6 4
	-> A 2 3 4 6 7 8 11 12 17 18 
Structure 969: 38 14 B A 2 7 15 3 4
	-> A 2 3 4 7 B 14 15 
Structure 970: 27 11 19 8 A 18 2 7 12 32 3 4
	-> A 2 3 4 7 8 11 12 18 
Structure 971: 98 77 B A 2 7 60 12 32 3 6 4
	-> A 2 3 4 6 7 B 12 
Structure 972: 55 41 56 134 8 A 2 36 15 3 6 4
	-> A 2 3 4 6 8 15 
Structure 973: 17 11 19 8 A 18 2 16 12 32 3 6 4
	-> A 2 3 4 6 8 11 12 16 17 18 
Structure 974: 25 23 22 28 24 A 20 2 7 37 21 26 31
	-> A 2 7 
Structure 975: 25 23 22 28 24 A 20 39 51 42 21 26 31
	-> A 
Structure 976: 25 23 22 28 24 A 20 58 39 51 42 21 31
	-> A 
Structure 977: 25 23 22 28 24 62 A 20 2 7 37 21 31
	-> A 2 7 
Structure 978: 14 B A 2 7 15 3 6 4
	-> A 2 3 4 6 7 B 14 15 
Structure 979: 43 14 B A 2 12 30 3 6 4
	-> A 2 3 4 6 B 12 14 
Structure 980: 38 14 B A 2 16 15 3 6 4
	-> A 2 3 4 6 B 14 15 16 
Structure 981: 17 11 19 8 A 18 2 16 12 50 44 3 6 4
	-> A 2 3 4 6 8 11 12 16 17 18 
Structure 982: 45 14 B A 2 15 3 4
	-> A 2 3 4 B 14 15 
Structure 983: 27 11 19 8 A 2 12 54 32 3 4
	-> A 2 3 4 8 11 12 
Structure 984: 14 B A 2 7 15 3 6 4
	-> A 2 3 4 6 7 B 14 15 
Structure 985: 53 41 56 8 A 18 2 15 3 6 4
	-> A 2 3 4 6 8 15 18 
Structure 986: 78 41 72 19 8 A 2 7 36 15 3 6 4
	-> A 2 3 4 6 7 8 15 
Structure 987: 92 41 72 8 A 18 2 7 15 3 4
	-> A 2 3 4 7 8 15 18 
Structure 988: 34 64 B A 40 16 74 66 251 3 6 4
	-> A 3 4 6 B 16 
Structure 989: 25 23 22 28 24 A 20 2 7 37 21 26
	-> A 2 7 
Structure 990: 17 23 22 24 A 20 39 51 42 59 21 26 31
	-> A 17 
Structure 991: 17 11 8 A 18 2 7 52 15 3 4
	-> A 2 3 4 7 8 11 15 17 18 
Structure 992: 17 11 19 8 A 2 16 15 3 4
	-> A 2 3 4 8 11 15 16 17 
Structure 993: 35 14 B A 2 7 12 30 3 6 4
	-> A 2 3 4 6 7 B 12 14 
Structure 994: 14 B A 2 33 61 12 30 3 6 4
	-> A 2 3 4 6 B 12 14 
Structure 995: 14 B 1 2 16 48 15 3 4
	-> 2 3 4 B 14 15 16 
Structure 996: 14 B A 2 16 36 15 3 6 4
	-> A 2 3 4 6 B 14 15 16 
Structure 997: 90 252 253 8 A 2 7 15 3 4
	-> A 2 3 4 7 8 15 
Structure 998: 17 11 8 A 2 16 12 30 3 6 4
	-> A 2 3 4 6 8 11 12 16 17 
Structure 999: 92 96 254 8 A 2 7 12 54 32 3 4
	-> A 2 3 4 7 8 12 
Structure 1000: 17 23 22 24 A 20 91 2 16 59 21 26 31
	-> A 2 16 17 
