Processing /home/hwilco/Documents/RNA Research/RNAStructProfiling-master/output/training/A.thaliana.1_sfold/input/A.thaliana.1_sfold.out
Structure 1: 14 5 8 7 3 6 1 2 18 
	-> 1 2 3 5 6 7 8 
Structure 2: 14 5 7 3 12 1 2 4 
	-> 1 2 3 4 5 7 12 
Structure 3: 5 8 10 3 6 1 2 4 
	-> 1 2 3 4 5 6 8 10 
Structure 4: 11 5 8 7 3 6 1 2 4 
	-> 1 2 3 4 5 6 7 8 11 
Structure 5: 13 10 3 6 1 2 4 
	-> 1 2 3 4 6 10 
Structure 6: 11 5 10 7 3 6 1 2 4 
	-> 1 2 3 4 5 6 7 10 11 
Structure 7: 33 17 7 3 6 1 2 18 
	-> 1 2 3 6 7 
Structure 8: 5 8 7 3 6 1 2 4 
	-> 1 2 3 4 5 6 7 8 
Structure 9: 17 10 3 6 1 2 4 
	-> 1 2 3 4 6 10 
Structure 10: 11 5 10 3 6 1 2 4 
	-> 1 2 3 4 5 6 10 11 
Structure 11: 5 7 21 3 12 1 2 4 
	-> 1 2 3 4 5 7 12 
Structure 12: 22 5 36 7 3 6 1 2 4 
	-> 1 2 3 4 5 6 7 
Structure 13: 5 9 3 12 1 16 2 4 
	-> 1 2 3 4 5 9 12 
Structure 14: 11 5 9 3 6 1 19 2 4 
	-> 1 2 3 4 5 6 9 11 
Structure 15: 25 6 1 28 31 29 46 47 
	-> 1 6 
Structure 16: 11 5 7 3 6 1 2 4 
	-> 1 2 3 4 5 6 7 11 
Structure 17: 25 3 6 1 28 31 29 46 47 
	-> 1 3 6 
Structure 18: 5 8 7 3 6 1 2 4 
	-> 1 2 3 4 5 6 7 8 
Structure 19: 13 7 3 6 1 2 4 
	-> 1 2 3 4 6 7 
Structure 20: 13 37 10 3 6 1 2 4 
	-> 1 2 3 4 6 10 
Structure 21: 22 5 9 3 6 1 2 4 23 
	-> 1 2 3 4 5 6 9 
Structure 22: 11 5 7 3 6 1 2 4 
	-> 1 2 3 4 5 6 7 11 
Structure 23: 5 9 3 6 1 2 4 
	-> 1 2 3 4 5 6 9 
Structure 24: 11 5 7 34 3 6 1 2 4 
	-> 1 2 3 4 5 6 7 11 
Structure 25: 11 5 7 3 12 1 2 4 
	-> 1 2 3 4 5 7 11 12 
Structure 26: 5 9 10 3 6 1 32 2 4 
	-> 1 2 3 4 5 6 9 10 
Structure 27: 5 8 7 3 6 1 2 4 
	-> 1 2 3 4 5 6 7 8 
Structure 28: 5 9 30 6 1 2 4 
	-> 1 2 4 5 6 9 
Structure 29: 17 9 3 12 1 2 4 
	-> 1 2 3 4 9 12 
Structure 30: 11 5 10 3 6 1 2 4 
	-> 1 2 3 4 5 6 10 11 
Structure 31: 13 10 3 12 1 2 4 
	-> 1 2 3 4 10 12 
Structure 32: 5 10 3 6 1 58 2 4 
	-> 1 2 3 4 5 6 10 
Structure 33: 5 9 30 6 1 67 2 4 
	-> 1 2 4 5 6 9 
Structure 34: 22 5 7 3 6 1 2 4 
	-> 1 2 3 4 5 6 7 
Structure 35: 14 5 10 3 35 12 1 2 4 
	-> 1 2 3 4 5 10 12 
Structure 36: 38 5 7 3 6 1 2 4 
	-> 1 2 3 4 5 6 7 
Structure 37: 5 7 3 6 1 2 4 
	-> 1 2 3 4 5 6 7 
Structure 38: 13 5 9 3 6 1 19 2 4 
	-> 1 2 3 4 5 6 9 
Structure 39: 15 5 9 3 6 1 2 4 
	-> 1 2 3 4 5 6 9 
Structure 40: 5 9 3 6 1 2 4 
	-> 1 2 3 4 5 6 9 
Structure 41: 5 7 3 6 1 2 4 
	-> 1 2 3 4 5 6 7 
Structure 42: 5 8 3 6 1 2 4 
	-> 1 2 3 4 5 6 8 
Structure 43: 5 7 3 6 1 2 4 
	-> 1 2 3 4 5 6 7 
Structure 44: 11 5 7 3 6 1 2 4 
	-> 1 2 3 4 5 6 7 11 
Structure 45: 14 5 7 3 6 1 2 4 
	-> 1 2 3 4 5 6 7 
Structure 46: 5 7 3 6 1 2 4 
	-> 1 2 3 4 5 6 7 
Structure 47: 5 7 3 12 1 2 4 
	-> 1 2 3 4 5 7 12 
Structure 48: 11 5 8 10 7 3 6 1 2 4 
	-> 1 2 3 4 5 6 7 8 10 11 
Structure 49: 15 5 9 7 3 6 1 2 4 
	-> 1 2 3 4 5 6 7 9 
Structure 50: 5 8 10 7 3 6 1 2 4 
	-> 1 2 3 4 5 6 7 8 10 
Structure 51: 11 5 10 3 6 1 2 4 
	-> 1 2 3 4 5 6 10 11 
Structure 52: 43 5 7 3 12 1 24 2 4 
	-> 1 2 3 4 5 7 12 
Structure 53: 11 5 8 7 3 6 1 2 4 
	-> 1 2 3 4 5 6 7 8 11 
Structure 54: 5 8 7 3 6 1 2 4 
	-> 1 2 3 4 5 6 7 8 
Structure 55: 26 5 8 7 21 3 6 1 2 4 
	-> 1 2 3 4 5 6 7 8 
Structure 56: 22 5 9 3 12 1 16 2 4 
	-> 1 2 3 4 5 9 12 
Structure 57: 15 5 8 7 3 1 2 4 
	-> 1 2 3 4 5 7 8 
Structure 58: 5 7 3 6 1 2 4 
	-> 1 2 3 4 5 6 7 
Structure 59: 11 5 9 10 3 6 1 2 4 
	-> 1 2 3 4 5 6 9 10 11 
Structure 60: 14 5 10 3 6 1 2 4 
	-> 1 2 3 4 5 6 10 
Structure 61: 14 5 8 10 7 3 6 1 2 4 
	-> 1 2 3 4 5 6 7 8 10 
Structure 62: 11 5 8 7 3 6 1 2 4 
	-> 1 2 3 4 5 6 7 8 11 
Structure 63: 11 5 7 3 6 1 2 4 
	-> 1 2 3 4 5 6 7 11 
Structure 64: 5 36 7 3 6 1 27 2 4 
	-> 1 2 3 4 5 6 7 
Structure 65: 14 5 8 7 34 3 6 1 2 4 
	-> 1 2 3 4 5 6 7 8 
Structure 66: 5 10 7 3 6 1 2 4 
	-> 1 2 3 4 5 6 7 10 
Structure 67: 14 5 9 3 6 1 16 2 4 
	-> 1 2 3 4 5 6 9 
Structure 68: 5 8 10 3 6 1 2 4 
	-> 1 2 3 4 5 6 8 10 
Structure 69: 5 8 10 7 3 6 1 2 4 
	-> 1 2 3 4 5 6 7 8 10 
Structure 70: 13 5 7 3 6 1 2 4 
	-> 1 2 3 4 5 6 7 
Structure 71: 11 5 9 3 6 1 16 2 4 
	-> 1 2 3 4 5 6 9 11 
Structure 72: 11 5 9 7 3 12 1 2 4 
	-> 1 2 3 4 5 7 9 11 12 
Structure 73: 5 8 7 3 12 1 2 4 
	-> 1 2 3 4 5 7 8 12 
Structure 74: 14 5 7 3 6 1 2 4 
	-> 1 2 3 4 5 6 7 
Structure 75: 43 9 30 35 12 1 46 59 
	-> 1 9 12 
Structure 76: 15 5 7 20 3 6 1 2 4 
	-> 1 2 3 4 5 6 7 
Structure 77: 13 9 3 6 1 19 2 4 
	-> 1 2 3 4 6 9 
Structure 78: 25 6 1 28 31 29 44 54 18 
	-> 1 6 
Structure 79: 11 5 9 7 3 6 1 2 4 18 
	-> 1 2 3 4 5 6 7 9 11 
Structure 80: 15 5 7 3 6 1 24 2 4 
	-> 1 2 3 4 5 6 7 
Structure 81: 11 5 7 21 3 12 1 2 4 
	-> 1 2 3 4 5 7 11 12 
Structure 82: 11 5 10 3 6 1 48 2 4 
	-> 1 2 3 4 5 6 10 11 
Structure 83: 11 5 7 3 6 1 2 4 
	-> 1 2 3 4 5 6 7 11 
Structure 84: 11 5 8 7 34 3 6 1 2 4 
	-> 1 2 3 4 5 6 7 8 11 
Structure 85: 5 8 10 3 6 1 2 4 
	-> 1 2 3 4 5 6 8 10 
Structure 86: 11 5 8 7 3 6 1 2 4 
	-> 1 2 3 4 5 6 7 8 11 
Structure 87: 5 8 7 3 6 1 2 4 
	-> 1 2 3 4 5 6 7 8 
Structure 88: 5 9 3 6 1 16 2 4 
	-> 1 2 3 4 5 6 9 
Structure 89: 5 7 20 3 6 1 2 4 
	-> 1 2 3 4 5 6 7 
Structure 90: 5 10 3 6 1 2 4 
	-> 1 2 3 4 5 6 10 
Structure 91: 11 5 9 35 12 1 27 2 4 
	-> 1 2 4 5 9 11 12 
Structure 92: 5 8 7 3 6 1 2 4 
	-> 1 2 3 4 5 6 7 8 
Structure 93: 5 8 10 3 12 1 2 4 18 
	-> 1 2 3 4 5 8 10 12 
Structure 94: 14 5 7 3 6 1 2 4 
	-> 1 2 3 4 5 6 7 
Structure 95: 11 5 7 3 6 1 2 4 23 
	-> 1 2 3 4 5 6 7 11 
Structure 96: 39 5 9 3 6 1 16 2 4 
	-> 1 2 3 4 5 6 9 
Structure 97: 13 5 7 3 6 1 2 4 
	-> 1 2 3 4 5 6 7 
Structure 98: 5 8 7 3 6 1 2 4 
	-> 1 2 3 4 5 6 7 8 
Structure 99: 17 9 3 6 1 16 2 18 
	-> 1 2 3 6 9 
Structure 100: 5 8 7 21 3 6 1 2 4 
	-> 1 2 3 4 5 6 7 8 
Structure 101: 11 5 7 34 3 6 1 2 4 
	-> 1 2 3 4 5 6 7 11 
Structure 102: 15 17 9 3 6 1 19 2 4 
	-> 1 2 3 4 6 9 
Structure 103: 5 10 3 6 1 2 4 
	-> 1 2 3 4 5 6 10 
Structure 104: 25 35 6 1 28 31 29 44 4 
	-> 1 4 6 
Structure 105: 11 5 8 7 3 60 1 2 4 
	-> 1 2 3 4 5 7 8 11 
Structure 106: 11 5 8 7 3 6 1 2 4 
	-> 1 2 3 4 5 6 7 8 11 
Structure 107: 11 5 10 3 6 1 2 4 
	-> 1 2 3 4 5 6 10 11 
Structure 108: 5 7 3 6 1 2 4 
	-> 1 2 3 4 5 6 7 
Structure 109: 11 5 7 3 6 1 2 4 
	-> 1 2 3 4 5 6 7 11 
Structure 110: 15 5 8 7 3 6 1 2 4 
	-> 1 2 3 4 5 6 7 8 
Structure 111: 13 17 7 3 6 1 2 4 
	-> 1 2 3 4 6 7 
Structure 112: 14 5 7 3 6 1 2 4 
	-> 1 2 3 4 5 6 7 
Structure 113: 5 7 3 6 1 2 4 
	-> 1 2 3 4 5 6 7 
Structure 114: 13 5 7 3 6 1 2 4 
	-> 1 2 3 4 5 6 7 
Structure 115: 33 5 7 3 6 1 2 4 
	-> 1 2 3 4 5 6 7 
Structure 116: 5 7 3 6 1 2 4 
	-> 1 2 3 4 5 6 7 
Structure 117: 5 8 10 3 6 1 2 4 
	-> 1 2 3 4 5 6 8 10 
Structure 118: 15 5 8 7 21 3 12 1 2 4 
	-> 1 2 3 4 5 7 8 12 
Structure 119: 5 7 3 6 1 2 4 
	-> 1 2 3 4 5 6 7 
Structure 120: 5 9 3 35 12 1 16 2 4 
	-> 1 2 3 4 5 9 12 
Structure 121: 15 5 8 10 3 12 1 2 4 
	-> 1 2 3 4 5 8 10 12 
Structure 122: 5 10 3 6 1 2 4 
	-> 1 2 3 4 5 6 10 
Structure 123: 11 5 9 10 3 12 1 2 4 23 
	-> 1 2 3 4 5 9 10 11 12 
Structure 124: 14 5 8 7 3 6 1 2 4 
	-> 1 2 3 4 5 6 7 8 
Structure 125: 5 8 10 3 12 1 2 4 
	-> 1 2 3 4 5 8 10 12 
Structure 126: 5 9 10 3 6 1 27 2 4 
	-> 1 2 3 4 5 6 9 10 
Structure 127: 14 5 10 7 3 6 1 2 4 
	-> 1 2 3 4 5 6 7 10 
Structure 128: 5 8 7 3 6 1 2 4 
	-> 1 2 3 4 5 6 7 8 
Structure 129: 14 5 10 7 3 35 12 1 2 4 23 
	-> 1 2 3 4 5 7 10 12 
Structure 130: 11 5 7 20 3 6 1 2 4 
	-> 1 2 3 4 5 6 7 11 
Structure 131: 14 5 10 7 3 6 1 2 4 
	-> 1 2 3 4 5 6 7 10 
Structure 132: 11 5 7 3 6 1 2 18 
	-> 1 2 3 5 6 7 11 
Structure 133: 14 5 7 3 6 1 2 4 
	-> 1 2 3 4 5 6 7 
Structure 134: 14 5 7 3 12 1 2 4 
	-> 1 2 3 4 5 7 12 
Structure 135: 11 5 8 7 3 6 1 2 4 23 
	-> 1 2 3 4 5 6 7 8 11 
Structure 136: 22 5 9 10 3 6 1 2 4 
	-> 1 2 3 4 5 6 9 10 
Structure 137: 5 7 20 3 6 1 2 4 
	-> 1 2 3 4 5 6 7 
Structure 138: 5 9 3 6 1 27 2 4 
	-> 1 2 3 4 5 6 9 
Structure 139: 38 14 5 7 3 6 1 27 2 4 
	-> 1 2 3 4 5 6 7 
Structure 140: 15 5 7 3 6 1 2 4 
	-> 1 2 3 4 5 6 7 
Structure 141: 25 68 1 69 70 71 61 2 18 
	-> 1 2 
Structure 142: 11 5 8 7 3 6 1 2 4 
	-> 1 2 3 4 5 6 7 8 11 
Structure 143: 5 10 3 6 1 2 4 
	-> 1 2 3 4 5 6 10 
Structure 144: 14 5 9 3 6 1 16 2 4 
	-> 1 2 3 4 5 6 9 
Structure 145: 5 7 3 6 1 2 4 
	-> 1 2 3 4 5 6 7 
Structure 146: 11 5 7 3 6 1 2 4 
	-> 1 2 3 4 5 6 7 11 
Structure 147: 5 8 7 45 3 6 1 2 4 
	-> 1 2 3 4 5 6 7 8 
Structure 148: 5 8 7 3 6 1 2 4 
	-> 1 2 3 4 5 6 7 8 
Structure 149: 15 5 10 3 6 1 2 18 
	-> 1 2 3 5 6 10 
Structure 150: 5 8 7 3 6 1 2 4 
	-> 1 2 3 4 5 6 7 8 
Structure 151: 13 5 7 3 6 1 2 4 
	-> 1 2 3 4 5 6 7 
Structure 152: 11 5 7 34 3 6 1 2 4 
	-> 1 2 3 4 5 6 7 11 
Structure 153: 26 5 8 10 3 6 1 2 4 
	-> 1 2 3 4 5 6 8 10 
Structure 154: 11 5 10 7 3 6 1 2 4 
	-> 1 2 3 4 5 6 7 10 11 
Structure 155: 26 5 7 3 6 1 24 2 4 
	-> 1 2 3 4 5 6 7 
Structure 156: 5 8 10 7 3 6 1 2 4 
	-> 1 2 3 4 5 6 7 8 10 
Structure 157: 11 5 9 3 12 1 19 2 4 
	-> 1 2 3 4 5 9 11 12 
Structure 158: 13 9 3 6 1 32 2 4 
	-> 1 2 3 4 6 9 
Structure 159: 17 7 3 6 1 2 4 
	-> 1 2 3 4 6 7 
Structure 160: 38 5 8 10 3 6 1 27 2 4 
	-> 1 2 3 4 5 6 8 10 
Structure 161: 5 8 10 7 3 6 1 2 4 
	-> 1 2 3 4 5 6 7 8 10 
Structure 162: 13 5 7 3 1 32 2 4 
	-> 1 2 3 4 5 7 
Structure 163: 11 5 8 7 3 6 1 2 4 
	-> 1 2 3 4 5 6 7 8 11 
Structure 164: 5 9 3 6 1 2 4 
	-> 1 2 3 4 5 6 9 
Structure 165: 11 5 9 10 3 6 1 2 18 
	-> 1 2 3 5 6 9 10 11 
Structure 166: 5 7 3 6 1 2 4 
	-> 1 2 3 4 5 6 7 
Structure 167: 26 5 9 3 12 1 2 4 
	-> 1 2 3 4 5 9 12 
Structure 168: 5 7 3 12 1 2 4 
	-> 1 2 3 4 5 7 12 
Structure 169: 5 7 3 6 1 2 4 
	-> 1 2 3 4 5 6 7 
Structure 170: 13 9 10 3 6 1 2 4 49 
	-> 1 2 3 4 6 9 10 
Structure 171: 25 6 1 72 28 31 29 44 4 
	-> 1 4 6 
Structure 172: 14 5 8 10 7 3 6 1 2 4 
	-> 1 2 3 4 5 6 7 8 10 
Structure 173: 5 7 3 6 1 27 2 4 
	-> 1 2 3 4 5 6 7 
Structure 174: 5 9 3 6 1 2 4 
	-> 1 2 3 4 5 6 9 
Structure 175: 14 5 9 10 3 6 1 2 4 
	-> 1 2 3 4 5 6 9 10 
Structure 176: 11 5 10 3 6 1 2 4 
	-> 1 2 3 4 5 6 10 11 
Structure 177: 13 7 3 6 1 2 4 49 
	-> 1 2 3 4 6 7 
Structure 178: 5 7 3 6 1 2 4 
	-> 1 2 3 4 5 6 7 
Structure 179: 5 10 3 6 1 2 4 
	-> 1 2 3 4 5 6 10 
Structure 180: 14 5 8 7 3 6 1 2 4 
	-> 1 2 3 4 5 6 7 8 
Structure 181: 13 9 3 6 1 2 4 
	-> 1 2 3 4 6 9 
Structure 182: 13 7 3 6 1 2 4 
	-> 1 2 3 4 6 7 
Structure 183: 5 9 10 3 6 1 2 4 
	-> 1 2 3 4 5 6 9 10 
Structure 184: 15 5 8 7 3 6 1 2 4 
	-> 1 2 3 4 5 6 7 8 
Structure 185: 15 5 9 3 6 1 16 2 4 
	-> 1 2 3 4 5 6 9 
Structure 186: 11 5 7 3 6 1 2 4 
	-> 1 2 3 4 5 6 7 11 
Structure 187: 11 5 9 3 6 1 16 2 4 
	-> 1 2 3 4 5 6 9 11 
Structure 188: 5 7 3 12 1 2 4 
	-> 1 2 3 4 5 7 12 
Structure 189: 11 5 10 21 3 6 1 2 4 
	-> 1 2 3 4 5 6 10 11 
Structure 190: 5 7 3 6 1 2 4 
	-> 1 2 3 4 5 6 7 
Structure 191: 13 37 10 3 6 1 2 4 
	-> 1 2 3 4 6 10 
Structure 192: 14 5 9 3 6 1 2 4 
	-> 1 2 3 4 5 6 9 
Structure 193: 5 8 7 3 6 1 2 4 
	-> 1 2 3 4 5 6 7 8 
Structure 194: 26 5 8 10 7 3 6 1 2 4 
	-> 1 2 3 4 5 6 7 8 10 
Structure 195: 14 5 8 7 3 12 1 2 4 
	-> 1 2 3 4 5 7 8 12 
Structure 196: 5 8 7 3 12 1 2 4 
	-> 1 2 3 4 5 7 8 12 
Structure 197: 5 7 3 6 1 24 2 4 
	-> 1 2 3 4 5 6 7 
Structure 198: 15 5 8 7 3 12 1 2 4 
	-> 1 2 3 4 5 7 8 12 
Structure 199: 14 5 10 3 6 1 2 4 23 
	-> 1 2 3 4 5 6 10 
Structure 200: 5 8 7 62 3 6 1 2 4 18 
	-> 1 2 3 4 5 6 7 8 
Structure 201: 33 5 7 3 6 1 2 4 
	-> 1 2 3 4 5 6 7 
Structure 202: 5 8 7 3 6 1 2 4 
	-> 1 2 3 4 5 6 7 8 
Structure 203: 5 7 20 3 6 1 2 4 
	-> 1 2 3 4 5 6 7 
Structure 204: 11 5 9 3 6 1 16 2 4 
	-> 1 2 3 4 5 6 9 11 
Structure 205: 11 5 7 3 6 1 2 4 
	-> 1 2 3 4 5 6 7 11 
Structure 206: 25 3 6 1 28 31 29 46 47 
	-> 1 3 6 
Structure 207: 11 5 7 3 6 1 2 4 
	-> 1 2 3 4 5 6 7 11 
Structure 208: 13 5 9 3 6 1 2 4 
	-> 1 2 3 4 5 6 9 
Structure 209: 15 5 9 3 6 1 16 2 4 
	-> 1 2 3 4 5 6 9 
Structure 210: 33 5 9 3 12 1 16 2 4 
	-> 1 2 3 4 5 9 12 
Structure 211: 11 5 7 3 12 1 2 4 
	-> 1 2 3 4 5 7 11 12 
Structure 212: 15 5 8 7 3 6 1 2 4 
	-> 1 2 3 4 5 6 7 8 
Structure 213: 5 7 3 6 1 2 4 
	-> 1 2 3 4 5 6 7 
Structure 214: 5 8 7 45 3 1 2 4 
	-> 1 2 3 4 5 7 8 
Structure 215: 15 5 8 7 3 6 1 2 4 
	-> 1 2 3 4 5 6 7 8 
Structure 216: 13 7 3 6 1 24 2 4 
	-> 1 2 3 4 6 7 
Structure 217: 11 5 7 3 6 1 2 4 
	-> 1 2 3 4 5 6 7 11 
Structure 218: 13 7 3 6 1 58 2 4 
	-> 1 2 3 4 6 7 
Structure 219: 13 10 3 6 1 2 4 
	-> 1 2 3 4 6 10 
Structure 220: 5 9 7 3 6 1 2 4 
	-> 1 2 3 4 5 6 7 9 
Structure 221: 11 5 9 3 6 1 2 4 23 
	-> 1 2 3 4 5 6 9 11 
Structure 222: 5 7 3 6 1 2 4 
	-> 1 2 3 4 5 6 7 
Structure 223: 5 8 7 3 6 1 2 4 
	-> 1 2 3 4 5 6 7 8 
Structure 224: 5 7 3 12 1 2 4 
	-> 1 2 3 4 5 7 12 
Structure 225: 13 5 7 45 3 6 1 2 4 
	-> 1 2 3 4 5 6 7 
Structure 226: 11 5 10 3 6 1 2 4 
	-> 1 2 3 4 5 6 10 11 
Structure 227: 11 5 8 10 3 6 1 2 4 
	-> 1 2 3 4 5 6 8 10 11 
Structure 228: 13 14 5 8 3 6 1 2 4 
	-> 1 2 3 4 5 6 8 
Structure 229: 11 5 9 10 7 3 6 1 2 4 
	-> 1 2 3 4 5 6 7 9 10 11 
Structure 230: 5 7 21 3 6 1 2 4 
	-> 1 2 3 4 5 6 7 
Structure 231: 5 7 3 6 1 2 4 
	-> 1 2 3 4 5 6 7 
Structure 232: 13 37 10 3 12 1 55 2 4 
	-> 1 2 3 4 10 12 
Structure 233: 14 5 10 3 12 1 2 4 
	-> 1 2 3 4 5 10 12 
Structure 234: 11 5 7 3 6 1 2 4 
	-> 1 2 3 4 5 6 7 11 
Structure 235: 13 9 10 3 12 1 2 4 
	-> 1 2 3 4 9 10 12 
Structure 236: 13 9 10 3 6 1 48 2 4 
	-> 1 2 3 4 6 9 10 
Structure 237: 5 7 3 6 1 2 4 
	-> 1 2 3 4 5 6 7 
Structure 238: 5 7 3 6 1 2 4 
	-> 1 2 3 4 5 6 7 
Structure 239: 11 5 7 3 12 1 2 4 
	-> 1 2 3 4 5 7 11 12 
Structure 240: 22 5 7 3 6 1 2 4 
	-> 1 2 3 4 5 6 7 
Structure 241: 11 5 7 3 6 1 24 2 4 
	-> 1 2 3 4 5 6 7 11 
Structure 242: 14 5 7 3 12 1 51 2 4 
	-> 1 2 3 4 5 7 12 
Structure 243: 33 5 7 3 6 1 2 4 
	-> 1 2 3 4 5 6 7 
Structure 244: 5 10 3 12 1 2 4 
	-> 1 2 3 4 5 10 12 
Structure 245: 5 10 3 6 1 2 4 
	-> 1 2 3 4 5 6 10 
Structure 246: 11 5 7 3 12 1 2 4 
	-> 1 2 3 4 5 7 11 12 
Structure 247: 11 5 10 7 3 6 1 2 4 
	-> 1 2 3 4 5 6 7 10 11 
Structure 248: 5 10 34 3 6 1 2 4 
	-> 1 2 3 4 5 6 10 
Structure 249: 11 5 8 7 3 6 1 2 4 
	-> 1 2 3 4 5 6 7 8 11 
Structure 250: 17 9 3 6 1 2 4 23 
	-> 1 2 3 4 6 9 
Structure 251: 11 5 7 3 6 1 2 4 
	-> 1 2 3 4 5 6 7 11 
Structure 252: 5 9 3 6 1 2 4 
	-> 1 2 3 4 5 6 9 
Structure 253: 11 5 8 7 3 12 1 2 4 
	-> 1 2 3 4 5 7 8 11 12 
Structure 254: 15 5 7 3 6 1 2 4 
	-> 1 2 3 4 5 6 7 
Structure 255: 11 5 7 3 6 1 2 4 
	-> 1 2 3 4 5 6 7 11 
Structure 256: 13 5 8 10 3 6 1 2 4 
	-> 1 2 3 4 5 6 8 10 
Structure 257: 5 7 3 6 1 2 4 
	-> 1 2 3 4 5 6 7 
Structure 258: 11 5 7 3 6 1 24 2 4 
	-> 1 2 3 4 5 6 7 11 
Structure 259: 11 5 8 7 3 6 1 2 4 
	-> 1 2 3 4 5 6 7 8 11 
Structure 260: 11 5 7 3 6 1 2 4 
	-> 1 2 3 4 5 6 7 11 
Structure 261: 5 10 3 6 1 2 4 
	-> 1 2 3 4 5 6 10 
Structure 262: 5 8 7 3 6 1 2 4 
	-> 1 2 3 4 5 6 7 8 
Structure 263: 11 5 8 10 3 6 1 16 2 4 
	-> 1 2 3 4 5 6 8 10 11 
Structure 264: 14 5 8 7 3 6 1 2 4 
	-> 1 2 3 4 5 6 7 8 
Structure 265: 11 5 10 34 3 12 1 2 4 
	-> 1 2 3 4 5 10 11 12 
Structure 266: 5 9 10 3 12 1 2 4 
	-> 1 2 3 4 5 9 10 12 
Structure 267: 15 5 7 3 6 1 2 4 
	-> 1 2 3 4 5 6 7 
Structure 268: 5 7 3 6 1 24 2 4 
	-> 1 2 3 4 5 6 7 
Structure 269: 5 8 7 3 6 1 48 2 4 
	-> 1 2 3 4 5 6 7 8 
Structure 270: 15 5 9 10 3 6 1 2 4 
	-> 1 2 3 4 5 6 9 10 
Structure 271: 5 8 7 3 6 1 2 4 
	-> 1 2 3 4 5 6 7 8 
Structure 272: 13 5 8 7 3 6 1 2 4 
	-> 1 2 3 4 5 6 7 8 
Structure 273: 14 5 9 10 3 12 1 2 18 
	-> 1 2 3 5 9 10 12 
Structure 274: 11 5 8 7 34 3 6 1 2 4 
	-> 1 2 3 4 5 6 7 8 11 
Structure 275: 14 5 7 3 6 1 2 4 
	-> 1 2 3 4 5 6 7 
Structure 276: 5 7 3 6 1 2 4 
	-> 1 2 3 4 5 6 7 
Structure 277: 5 7 3 6 1 24 2 4 
	-> 1 2 3 4 5 6 7 
Structure 278: 5 9 3 6 1 19 2 4 
	-> 1 2 3 4 5 6 9 
Structure 279: 43 5 8 10 3 6 1 2 4 
	-> 1 2 3 4 5 6 8 10 
Structure 280: 5 8 7 20 3 6 1 2 4 
	-> 1 2 3 4 5 6 7 8 
Structure 281: 5 10 3 6 1 2 4 
	-> 1 2 3 4 5 6 10 
Structure 282: 5 9 3 6 1 16 2 4 
	-> 1 2 3 4 5 6 9 
Structure 283: 15 5 7 3 6 1 2 4 
	-> 1 2 3 4 5 6 7 
Structure 284: 13 5 9 10 7 3 6 1 2 4 
	-> 1 2 3 4 5 6 7 9 10 
Structure 285: 5 10 7 3 6 1 2 4 
	-> 1 2 3 4 5 6 7 10 
Structure 286: 5 8 7 3 6 1 52 2 4 
	-> 1 2 3 4 5 6 7 8 
Structure 287: 15 5 7 3 6 1 2 4 
	-> 1 2 3 4 5 6 7 
Structure 288: 5 8 7 3 6 1 2 4 
	-> 1 2 3 4 5 6 7 8 
Structure 289: 11 5 7 3 12 1 2 4 
	-> 1 2 3 4 5 7 11 12 
Structure 290: 5 10 3 6 1 50 2 4 
	-> 1 2 3 4 5 6 10 
Structure 291: 5 8 7 3 6 1 2 4 
	-> 1 2 3 4 5 6 7 8 
Structure 292: 13 9 10 3 6 1 32 2 4 
	-> 1 2 3 4 6 9 10 
Structure 293: 14 5 10 3 12 1 19 24 2 4 
	-> 1 2 3 4 5 10 12 
Structure 294: 5 8 7 3 6 1 2 4 
	-> 1 2 3 4 5 6 7 8 
Structure 295: 38 5 9 3 6 1 27 2 4 
	-> 1 2 3 4 5 6 9 
Structure 296: 13 9 10 3 12 1 2 4 49 
	-> 1 2 3 4 9 10 12 
Structure 297: 5 7 3 6 1 2 4 
	-> 1 2 3 4 5 6 7 
Structure 298: 5 9 3 12 1 16 2 4 
	-> 1 2 3 4 5 9 12 
Structure 299: 5 7 3 6 1 32 2 4 
	-> 1 2 3 4 5 6 7 
Structure 300: 14 5 7 3 6 1 2 4 
	-> 1 2 3 4 5 6 7 
Structure 301: 22 5 7 3 6 1 2 4 
	-> 1 2 3 4 5 6 7 
Structure 302: 14 5 7 3 12 1 51 2 4 
	-> 1 2 3 4 5 7 12 
Structure 303: 13 73 3 6 1 74 75 76 77 
	-> 1 3 6 
Structure 304: 5 8 7 3 6 1 2 4 
	-> 1 2 3 4 5 6 7 8 
Structure 305: 14 5 9 3 6 1 19 2 4 
	-> 1 2 3 4 5 6 9 
Structure 306: 5 7 20 3 6 1 2 4 23 
	-> 1 2 3 4 5 6 7 
Structure 307: 13 5 8 10 3 6 1 2 4 
	-> 1 2 3 4 5 6 8 10 
Structure 308: 14 5 10 7 3 6 1 2 4 18 
	-> 1 2 3 4 5 6 7 10 
Structure 309: 11 5 8 56 3 6 1 2 4 
	-> 1 2 3 4 5 6 8 11 
Structure 310: 26 5 9 10 34 3 6 1 2 4 
	-> 1 2 3 4 5 6 9 10 
Structure 311: 14 5 7 3 12 1 2 4 
	-> 1 2 3 4 5 7 12 
Structure 312: 13 37 10 3 6 1 2 4 
	-> 1 2 3 4 6 10 
Structure 313: 5 9 3 6 1 2 18 
	-> 1 2 3 5 6 9 
Structure 314: 5 9 30 12 1 2 4 
	-> 1 2 4 5 9 12 
Structure 315: 22 5 7 21 3 6 1 2 4 
	-> 1 2 3 4 5 6 7 
Structure 316: 5 7 3 12 1 2 4 
	-> 1 2 3 4 5 7 12 
Structure 317: 11 5 8 7 34 3 6 1 2 4 
	-> 1 2 3 4 5 6 7 8 11 
Structure 318: 5 9 3 6 1 16 2 4 
	-> 1 2 3 4 5 6 9 
Structure 319: 13 5 9 3 6 1 2 4 
	-> 1 2 3 4 5 6 9 
Structure 320: 5 10 3 6 1 2 4 
	-> 1 2 3 4 5 6 10 
Structure 321: 11 5 7 3 6 1 2 4 
	-> 1 2 3 4 5 6 7 11 
Structure 322: 15 5 10 3 12 1 2 4 
	-> 1 2 3 4 5 10 12 
Structure 323: 13 5 8 7 3 6 1 2 4 
	-> 1 2 3 4 5 6 7 8 
Structure 324: 11 5 9 3 6 1 16 2 4 
	-> 1 2 3 4 5 6 9 11 
Structure 325: 13 5 7 20 3 6 1 2 4 
	-> 1 2 3 4 5 6 7 
Structure 326: 26 5 7 3 6 1 2 4 
	-> 1 2 3 4 5 6 7 
Structure 327: 11 5 7 78 3 6 1 2 4 
	-> 1 2 3 4 5 6 7 11 
Structure 328: 5 7 3 6 1 2 4 
	-> 1 2 3 4 5 6 7 
Structure 329: 5 7 3 6 1 32 2 4 
	-> 1 2 3 4 5 6 7 
Structure 330: 15 5 7 20 3 12 1 2 4 
	-> 1 2 3 4 5 7 12 
Structure 331: 15 5 7 3 12 1 2 4 
	-> 1 2 3 4 5 7 12 
Structure 332: 14 5 8 7 3 6 1 2 4 
	-> 1 2 3 4 5 6 7 8 
Structure 333: 13 5 7 3 6 1 2 4 
	-> 1 2 3 4 5 6 7 
Structure 334: 13 5 8 10 3 6 1 2 4 
	-> 1 2 3 4 5 6 8 10 
Structure 335: 14 5 10 3 6 1 2 4 
	-> 1 2 3 4 5 6 10 
Structure 336: 13 9 10 3 6 1 2 4 18 
	-> 1 2 3 4 6 9 10 
Structure 337: 5 7 3 6 1 2 4 
	-> 1 2 3 4 5 6 7 
Structure 338: 5 7 20 3 6 1 2 4 
	-> 1 2 3 4 5 6 7 
Structure 339: 17 9 30 12 1 2 4 
	-> 1 2 4 9 12 
Structure 340: 22 5 8 7 3 6 1 2 4 
	-> 1 2 3 4 5 6 7 8 
Structure 341: 17 10 7 3 6 1 2 4 23 
	-> 1 2 3 4 6 7 10 
Structure 342: 11 5 7 3 12 1 2 4 
	-> 1 2 3 4 5 7 11 12 
Structure 343: 5 7 3 6 1 2 4 
	-> 1 2 3 4 5 6 7 
Structure 344: 5 9 3 6 1 19 2 4 18 
	-> 1 2 3 4 5 6 9 
Structure 345: 5 7 3 6 1 32 24 2 4 
	-> 1 2 3 4 5 6 7 
Structure 346: 38 5 8 7 3 6 1 2 4 
	-> 1 2 3 4 5 6 7 8 
Structure 347: 11 5 7 3 6 1 24 2 4 
	-> 1 2 3 4 5 6 7 11 
Structure 348: 5 7 20 3 6 1 2 4 
	-> 1 2 3 4 5 6 7 
Structure 349: 14 5 7 3 12 1 2 4 
	-> 1 2 3 4 5 7 12 
Structure 350: 14 5 8 7 3 6 1 2 4 
	-> 1 2 3 4 5 6 7 8 
Structure 351: 25 3 6 1 28 19 79 80 2 4 
	-> 1 2 3 4 6 
Structure 352: 5 8 7 3 6 1 2 4 
	-> 1 2 3 4 5 6 7 8 
Structure 353: 13 9 3 12 1 2 4 
	-> 1 2 3 4 9 12 
Structure 354: 5 7 3 12 1 24 2 4 
	-> 1 2 3 4 5 7 12 
Structure 355: 17 7 20 3 6 1 2 4 
	-> 1 2 3 4 6 7 
Structure 356: 11 5 10 3 6 1 2 4 
	-> 1 2 3 4 5 6 10 11 
Structure 357: 13 7 3 6 1 2 4 
	-> 1 2 3 4 6 7 
Structure 358: 14 5 8 7 3 6 1 2 4 
	-> 1 2 3 4 5 6 7 8 
Structure 359: 5 9 10 3 12 1 2 4 
	-> 1 2 3 4 5 9 10 12 
Structure 360: 15 5 8 7 3 6 1 2 4 
	-> 1 2 3 4 5 6 7 8 
Structure 361: 11 5 40 3 6 1 29 2 18 
	-> 1 2 3 5 6 11 
Structure 362: 17 9 3 6 1 32 2 4 
	-> 1 2 3 4 6 9 
Structure 363: 14 5 10 7 3 6 1 2 4 
	-> 1 2 3 4 5 6 7 10 
Structure 364: 14 5 8 7 3 6 1 27 2 4 
	-> 1 2 3 4 5 6 7 8 
Structure 365: 15 5 10 3 6 1 2 4 
	-> 1 2 3 4 5 6 10 
Structure 366: 5 8 7 3 6 1 2 4 
	-> 1 2 3 4 5 6 7 8 
Structure 367: 5 9 3 6 1 2 4 23 
	-> 1 2 3 4 5 6 9 
Structure 368: 11 5 7 3 6 1 2 4 
	-> 1 2 3 4 5 6 7 11 
Structure 369: 26 5 8 10 3 6 1 2 4 
	-> 1 2 3 4 5 6 8 10 
Structure 370: 13 9 3 6 1 2 4 49 
	-> 1 2 3 4 6 9 
Structure 371: 5 7 3 6 1 2 4 
	-> 1 2 3 4 5 6 7 
Structure 372: 5 10 7 3 6 1 2 4 
	-> 1 2 3 4 5 6 7 10 
Structure 373: 15 11 5 9 3 6 1 2 4 
	-> 1 2 3 4 5 6 9 11 
Structure 374: 5 9 3 6 1 19 2 4 
	-> 1 2 3 4 5 6 9 
Structure 375: 17 7 3 6 1 2 4 
	-> 1 2 3 4 6 7 
Structure 376: 5 8 10 3 6 1 2 4 
	-> 1 2 3 4 5 6 8 10 
Structure 377: 11 5 8 10 3 6 1 2 4 
	-> 1 2 3 4 5 6 8 10 11 
Structure 378: 5 8 10 20 3 12 1 2 4 
	-> 1 2 3 4 5 8 10 12 
Structure 379: 15 5 8 7 3 6 1 2 4 
	-> 1 2 3 4 5 6 7 8 
Structure 380: 5 7 3 12 1 2 4 18 
	-> 1 2 3 4 5 7 12 
Structure 381: 13 5 10 3 6 1 2 4 
	-> 1 2 3 4 5 6 10 
Structure 382: 11 5 7 3 6 1 2 4 
	-> 1 2 3 4 5 6 7 11 
Structure 383: 5 9 3 12 1 16 2 4 
	-> 1 2 3 4 5 9 12 
Structure 384: 14 5 8 10 3 6 1 2 4 
	-> 1 2 3 4 5 6 8 10 
Structure 385: 11 5 8 9 3 6 1 19 2 4 
	-> 1 2 3 4 5 6 8 9 11 
Structure 386: 5 7 3 6 1 2 4 
	-> 1 2 3 4 5 6 7 
Structure 387: 11 5 8 7 3 6 1 2 4 
	-> 1 2 3 4 5 6 7 8 11 
Structure 388: 14 17 9 10 3 6 1 2 4 
	-> 1 2 3 4 6 9 10 
Structure 389: 5 7 3 6 1 2 4 
	-> 1 2 3 4 5 6 7 
Structure 390: 17 7 3 6 1 2 4 
	-> 1 2 3 4 6 7 
Structure 391: 39 5 9 34 3 6 1 2 4 
	-> 1 2 3 4 5 6 9 
Structure 392: 5 9 3 6 1 2 4 
	-> 1 2 3 4 5 6 9 
Structure 393: 5 7 3 6 1 2 4 
	-> 1 2 3 4 5 6 7 
Structure 394: 13 9 10 7 3 12 1 2 4 
	-> 1 2 3 4 7 9 10 12 
Structure 395: 5 7 3 12 1 41 2 4 
	-> 1 2 3 4 5 7 12 
Structure 396: 5 7 3 6 1 2 4 
	-> 1 2 3 4 5 6 7 
Structure 397: 5 7 3 6 1 2 4 
	-> 1 2 3 4 5 6 7 
Structure 398: 5 8 7 3 6 1 2 4 
	-> 1 2 3 4 5 6 7 8 
Structure 399: 5 7 3 6 1 2 4 
	-> 1 2 3 4 5 6 7 
Structure 400: 5 8 7 3 6 1 2 4 
	-> 1 2 3 4 5 6 7 8 
Structure 401: 13 7 42 3 12 1 2 18 
	-> 1 2 3 7 12 
Structure 402: 14 5 8 7 3 6 1 2 4 
	-> 1 2 3 4 5 6 7 8 
Structure 403: 11 5 8 10 20 3 6 1 2 4 
	-> 1 2 3 4 5 6 8 10 11 
Structure 404: 11 5 9 7 3 6 1 2 18 
	-> 1 2 3 5 6 7 9 11 
Structure 405: 13 7 3 12 1 2 4 18 
	-> 1 2 3 4 7 12 
Structure 406: 13 5 7 3 6 1 2 4 
	-> 1 2 3 4 5 6 7 
Structure 407: 33 5 9 7 3 35 12 1 2 4 
	-> 1 2 3 4 5 7 9 12 
Structure 408: 5 7 3 6 1 2 4 
	-> 1 2 3 4 5 6 7 
Structure 409: 14 5 7 3 6 1 2 4 
	-> 1 2 3 4 5 6 7 
Structure 410: 11 5 8 7 3 12 1 2 4 
	-> 1 2 3 4 5 7 8 11 12 
Structure 411: 11 5 7 3 6 1 24 2 4 
	-> 1 2 3 4 5 6 7 11 
Structure 412: 11 5 7 3 6 1 2 4 
	-> 1 2 3 4 5 6 7 11 
Structure 413: 5 8 10 7 3 6 1 2 4 
	-> 1 2 3 4 5 6 7 8 10 
Structure 414: 11 5 7 3 6 1 2 4 
	-> 1 2 3 4 5 6 7 11 
Structure 415: 15 5 10 3 6 1 2 4 
	-> 1 2 3 4 5 6 10 
Structure 416: 11 5 8 7 20 3 6 1 2 4 
	-> 1 2 3 4 5 6 7 8 11 
Structure 417: 11 5 10 7 3 6 1 2 4 
	-> 1 2 3 4 5 6 7 10 11 
Structure 418: 17 7 3 12 1 2 4 
	-> 1 2 3 4 7 12 
Structure 419: 5 7 3 6 1 2 4 
	-> 1 2 3 4 5 6 7 
Structure 420: 14 5 9 7 3 12 1 2 4 
	-> 1 2 3 4 5 7 9 12 
Structure 421: 26 5 7 3 6 1 2 4 
	-> 1 2 3 4 5 6 7 
Structure 422: 22 5 8 7 3 12 1 2 4 
	-> 1 2 3 4 5 7 8 12 
Structure 423: 5 36 7 3 12 1 2 4 
	-> 1 2 3 4 5 7 12 
Structure 424: 15 5 7 21 3 12 1 52 2 4 
	-> 1 2 3 4 5 7 12 
Structure 425: 5 9 7 3 6 1 2 4 
	-> 1 2 3 4 5 6 7 9 
Structure 426: 11 5 9 3 6 1 2 4 
	-> 1 2 3 4 5 6 9 11 
Structure 427: 11 5 8 7 3 6 1 2 4 
	-> 1 2 3 4 5 6 7 8 11 
Structure 428: 17 7 3 6 1 2 4 
	-> 1 2 3 4 6 7 
Structure 429: 5 9 7 3 12 1 2 4 
	-> 1 2 3 4 5 7 9 12 
Structure 430: 14 5 7 3 12 1 2 4 
	-> 1 2 3 4 5 7 12 
Structure 431: 11 5 8 7 3 6 1 2 4 
	-> 1 2 3 4 5 6 7 8 11 
Structure 432: 11 5 7 20 3 6 1 2 4 
	-> 1 2 3 4 5 6 7 11 
Structure 433: 14 5 8 7 3 6 1 2 4 
	-> 1 2 3 4 5 6 7 8 
Structure 434: 11 5 8 9 3 6 1 16 2 4 
	-> 1 2 3 4 5 6 8 9 11 
Structure 435: 5 9 3 6 1 2 4 
	-> 1 2 3 4 5 6 9 
Structure 436: 5 7 3 6 1 16 2 4 
	-> 1 2 3 4 5 6 7 
Structure 437: 11 5 7 3 6 1 2 4 
	-> 1 2 3 4 5 6 7 11 
Structure 438: 14 5 9 3 6 1 16 2 4 
	-> 1 2 3 4 5 6 9 
Structure 439: 11 5 9 3 6 1 2 4 
	-> 1 2 3 4 5 6 9 11 
Structure 440: 43 25 6 1 28 31 29 44 4 
	-> 1 4 6 
Structure 441: 5 8 7 3 6 1 2 4 
	-> 1 2 3 4 5 6 7 8 
Structure 442: 17 10 21 3 6 1 2 4 
	-> 1 2 3 4 6 10 
Structure 443: 5 7 3 6 1 2 4 
	-> 1 2 3 4 5 6 7 
Structure 444: 13 5 8 7 3 6 1 2 4 
	-> 1 2 3 4 5 6 7 8 
Structure 445: 11 5 8 7 3 6 1 2 4 
	-> 1 2 3 4 5 6 7 8 11 
Structure 446: 11 5 7 3 6 1 2 4 
	-> 1 2 3 4 5 6 7 11 
Structure 447: 14 5 7 3 6 1 2 4 
	-> 1 2 3 4 5 6 7 
Structure 448: 14 5 8 7 3 6 1 2 4 
	-> 1 2 3 4 5 6 7 8 
Structure 449: 15 5 7 3 6 1 2 4 
	-> 1 2 3 4 5 6 7 
Structure 450: 11 5 7 3 6 1 2 4 
	-> 1 2 3 4 5 6 7 11 
Structure 451: 11 5 7 3 1 2 4 
	-> 1 2 3 4 5 7 11 
Structure 452: 11 5 9 10 45 3 6 1 2 4 
	-> 1 2 3 4 5 6 9 10 11 
Structure 453: 5 9 7 3 6 1 2 4 
	-> 1 2 3 4 5 6 7 9 
Structure 454: 11 5 7 20 3 6 1 2 4 18 
	-> 1 2 3 4 5 6 7 11 
Structure 455: 13 5 9 21 3 6 1 2 4 
	-> 1 2 3 4 5 6 9 
Structure 456: 15 5 8 7 3 12 1 2 4 
	-> 1 2 3 4 5 7 8 12 
Structure 457: 11 5 10 3 6 1 16 2 4 
	-> 1 2 3 4 5 6 10 11 
Structure 458: 5 10 7 3 12 1 2 4 
	-> 1 2 3 4 5 7 10 12 
Structure 459: 11 5 7 3 12 1 2 18 
	-> 1 2 3 5 7 11 12 
Structure 460: 11 5 10 3 6 1 24 2 4 18 
	-> 1 2 3 4 5 6 10 11 
Structure 461: 5 7 3 6 1 2 4 
	-> 1 2 3 4 5 6 7 
Structure 462: 5 9 3 6 1 19 2 4 
	-> 1 2 3 4 5 6 9 
Structure 463: 5 7 20 3 6 1 2 4 
	-> 1 2 3 4 5 6 7 
Structure 464: 11 5 8 7 3 6 1 2 4 
	-> 1 2 3 4 5 6 7 8 11 
Structure 465: 5 7 3 12 1 2 4 
	-> 1 2 3 4 5 7 12 
Structure 466: 13 9 3 12 1 19 2 4 
	-> 1 2 3 4 9 12 
Structure 467: 5 10 3 6 1 2 4 
	-> 1 2 3 4 5 6 10 
Structure 468: 5 8 10 3 6 1 2 4 
	-> 1 2 3 4 5 6 8 10 
Structure 469: 14 5 7 3 6 1 2 4 
	-> 1 2 3 4 5 6 7 
Structure 470: 14 13 9 3 12 1 19 2 18 
	-> 1 2 3 9 12 
Structure 471: 22 5 8 7 3 6 1 2 4 
	-> 1 2 3 4 5 6 7 8 
Structure 472: 5 8 7 3 6 1 2 4 
	-> 1 2 3 4 5 6 7 8 
Structure 473: 15 5 7 3 12 1 2 4 
	-> 1 2 3 4 5 7 12 
Structure 474: 14 5 10 7 3 6 1 2 4 
	-> 1 2 3 4 5 6 7 10 
Structure 475: 14 5 8 10 7 3 6 1 2 4 
	-> 1 2 3 4 5 6 7 8 10 
Structure 476: 5 8 7 3 6 1 27 2 4 
	-> 1 2 3 4 5 6 7 8 
Structure 477: 5 8 10 3 6 1 2 4 
	-> 1 2 3 4 5 6 8 10 
Structure 478: 5 7 3 6 1 2 4 
	-> 1 2 3 4 5 6 7 
Structure 479: 11 5 8 7 3 12 1 2 4 23 
	-> 1 2 3 4 5 7 8 11 12 
Structure 480: 14 5 8 7 3 6 1 2 4 
	-> 1 2 3 4 5 6 7 8 
Structure 481: 5 9 3 6 1 16 2 4 
	-> 1 2 3 4 5 6 9 
Structure 482: 11 5 7 3 6 1 2 4 
	-> 1 2 3 4 5 6 7 11 
Structure 483: 11 5 9 3 6 1 16 50 2 4 
	-> 1 2 3 4 5 6 9 11 
Structure 484: 13 9 30 6 1 53 2 4 
	-> 1 2 4 6 9 
Structure 485: 13 5 8 7 21 3 6 1 2 4 
	-> 1 2 3 4 5 6 7 8 
Structure 486: 5 9 10 3 6 1 2 4 18 
	-> 1 2 3 4 5 6 9 10 
Structure 487: 22 5 8 7 3 6 1 2 18 
	-> 1 2 3 5 6 7 8 
Structure 488: 14 5 8 7 40 3 6 1 2 4 
	-> 1 2 3 4 5 6 7 8 
Structure 489: 11 5 9 10 3 6 1 27 2 4 
	-> 1 2 3 4 5 6 9 10 11 
Structure 490: 11 5 9 3 6 1 2 4 
	-> 1 2 3 4 5 6 9 11 
Structure 491: 5 36 10 3 6 1 2 4 
	-> 1 2 3 4 5 6 10 
Structure 492: 13 9 3 6 1 55 2 4 23 
	-> 1 2 3 4 6 9 
Structure 493: 11 5 9 3 6 1 2 4 
	-> 1 2 3 4 5 6 9 11 
Structure 494: 5 10 3 12 1 2 4 
	-> 1 2 3 4 5 10 12 
Structure 495: 11 5 7 3 6 1 2 4 
	-> 1 2 3 4 5 6 7 11 
Structure 496: 13 9 3 6 1 16 2 4 
	-> 1 2 3 4 6 9 
Structure 497: 11 5 8 7 3 6 1 2 4 
	-> 1 2 3 4 5 6 7 8 11 
Structure 498: 15 5 9 3 6 1 19 2 4 
	-> 1 2 3 4 5 6 9 
Structure 499: 11 5 7 3 6 1 2 4 
	-> 1 2 3 4 5 6 7 11 
Structure 500: 13 5 9 3 6 1 16 2 18 
	-> 1 2 3 5 6 9 
Structure 501: 5 7 3 12 1 2 4 
	-> 1 2 3 4 5 7 12 
Structure 502: 11 5 9 3 12 1 2 4 
	-> 1 2 3 4 5 9 11 12 
Structure 503: 5 10 3 6 1 2 4 
	-> 1 2 3 4 5 6 10 
Structure 504: 14 5 9 3 6 1 2 4 
	-> 1 2 3 4 5 6 9 
Structure 505: 33 5 8 10 3 6 1 2 4 
	-> 1 2 3 4 5 6 8 10 
Structure 506: 11 5 10 3 6 1 2 4 
	-> 1 2 3 4 5 6 10 11 
Structure 507: 15 5 10 21 3 12 1 2 4 
	-> 1 2 3 4 5 10 12 
Structure 508: 11 5 9 3 6 1 16 2 4 
	-> 1 2 3 4 5 6 9 11 
Structure 509: 5 8 7 3 6 1 2 4 
	-> 1 2 3 4 5 6 7 8 
Structure 510: 5 8 7 3 6 1 2 4 
	-> 1 2 3 4 5 6 7 8 
Structure 511: 5 10 3 12 1 2 4 
	-> 1 2 3 4 5 10 12 
Structure 512: 13 7 42 3 6 1 2 4 
	-> 1 2 3 4 6 7 
Structure 513: 13 9 3 6 1 19 2 4 
	-> 1 2 3 4 6 9 
Structure 514: 13 5 8 7 3 6 1 2 4 
	-> 1 2 3 4 5 6 7 8 
Structure 515: 14 5 10 3 12 1 2 4 
	-> 1 2 3 4 5 10 12 
Structure 516: 5 7 3 6 1 2 4 
	-> 1 2 3 4 5 6 7 
Structure 517: 11 5 7 3 6 1 2 4 
	-> 1 2 3 4 5 6 7 11 
Structure 518: 5 8 7 3 12 1 2 18 
	-> 1 2 3 5 7 8 12 
Structure 519: 5 7 3 6 1 24 2 4 
	-> 1 2 3 4 5 6 7 
Structure 520: 11 5 7 3 6 1 32 2 4 
	-> 1 2 3 4 5 6 7 11 
Structure 521: 11 5 7 3 12 1 2 4 
	-> 1 2 3 4 5 7 11 12 
Structure 522: 5 7 3 6 1 2 4 
	-> 1 2 3 4 5 6 7 
Structure 523: 17 10 3 12 1 2 4 
	-> 1 2 3 4 10 12 
Structure 524: 25 6 1 28 41 2 4 
	-> 1 2 4 6 
Structure 525: 22 5 9 3 6 1 48 2 4 
	-> 1 2 3 4 5 6 9 
Structure 526: 13 5 7 3 12 1 2 4 
	-> 1 2 3 4 5 7 12 
Structure 527: 15 5 10 3 12 1 2 4 
	-> 1 2 3 4 5 10 12 
Structure 528: 11 5 8 10 3 6 1 2 4 
	-> 1 2 3 4 5 6 8 10 11 
Structure 529: 11 5 8 7 3 60 1 2 4 
	-> 1 2 3 4 5 7 8 11 
Structure 530: 22 5 8 10 7 3 6 1 55 2 4 
	-> 1 2 3 4 5 6 7 8 10 
Structure 531: 5 7 3 6 1 2 4 
	-> 1 2 3 4 5 6 7 
Structure 532: 5 7 20 3 6 1 2 4 
	-> 1 2 3 4 5 6 7 
Structure 533: 14 5 7 3 6 1 2 4 
	-> 1 2 3 4 5 6 7 
Structure 534: 14 17 9 3 6 1 19 2 4 
	-> 1 2 3 4 6 9 
Structure 535: 5 9 7 3 6 1 2 4 
	-> 1 2 3 4 5 6 7 9 
Structure 536: 5 7 3 6 1 2 4 
	-> 1 2 3 4 5 6 7 
Structure 537: 17 9 3 6 1 16 2 4 
	-> 1 2 3 4 6 9 
Structure 538: 14 5 9 3 6 1 19 2 4 
	-> 1 2 3 4 5 6 9 
Structure 539: 5 7 3 12 1 2 4 
	-> 1 2 3 4 5 7 12 
Structure 540: 22 5 36 7 3 6 1 2 4 
	-> 1 2 3 4 5 6 7 
Structure 541: 5 9 3 6 1 2 4 
	-> 1 2 3 4 5 6 9 
Structure 542: 11 5 7 3 6 1 2 4 
	-> 1 2 3 4 5 6 7 11 
Structure 543: 11 17 7 3 6 1 2 4 
	-> 1 2 3 4 6 7 11 
Structure 544: 13 5 7 3 6 1 2 4 
	-> 1 2 3 4 5 6 7 
Structure 545: 5 10 3 6 1 2 4 23 
	-> 1 2 3 4 5 6 10 
Structure 546: 5 8 10 7 3 6 1 2 4 
	-> 1 2 3 4 5 6 7 8 10 
Structure 547: 14 5 8 10 30 6 1 2 4 
	-> 1 2 4 5 6 8 10 
Structure 548: 5 9 3 6 1 81 19 2 4 
	-> 1 2 3 4 5 6 9 
Structure 549: 5 9 30 3 12 1 2 4 
	-> 1 2 3 4 5 9 12 
Structure 550: 5 7 3 6 1 2 4 
	-> 1 2 3 4 5 6 7 
Structure 551: 13 7 3 6 1 2 4 
	-> 1 2 3 4 6 7 
Structure 552: 5 7 21 3 6 1 2 4 
	-> 1 2 3 4 5 6 7 
Structure 553: 14 5 7 3 6 1 2 4 
	-> 1 2 3 4 5 6 7 
Structure 554: 5 9 3 6 1 2 4 
	-> 1 2 3 4 5 6 9 
Structure 555: 14 5 7 3 6 1 2 4 
	-> 1 2 3 4 5 6 7 
Structure 556: 22 5 8 7 3 6 1 2 4 18 
	-> 1 2 3 4 5 6 7 8 
Structure 557: 11 5 9 10 3 6 1 2 4 
	-> 1 2 3 4 5 6 9 10 11 
Structure 558: 13 9 3 6 1 2 4 
	-> 1 2 3 4 6 9 
Structure 559: 5 10 3 6 1 2 4 
	-> 1 2 3 4 5 6 10 
Structure 560: 14 5 8 7 3 12 1 27 2 4 
	-> 1 2 3 4 5 7 8 12 
Structure 561: 11 5 8 7 3 12 1 2 4 
	-> 1 2 3 4 5 7 8 11 12 
Structure 562: 14 5 9 10 3 6 1 2 4 
	-> 1 2 3 4 5 6 9 10 
Structure 563: 11 5 7 3 6 1 2 4 
	-> 1 2 3 4 5 6 7 11 
Structure 564: 15 5 7 3 6 1 2 4 
	-> 1 2 3 4 5 6 7 
Structure 565: 11 5 7 20 3 6 1 2 4 
	-> 1 2 3 4 5 6 7 11 
Structure 566: 11 5 7 3 6 1 2 4 
	-> 1 2 3 4 5 6 7 11 
Structure 567: 11 5 10 3 6 1 2 4 
	-> 1 2 3 4 5 6 10 11 
Structure 568: 17 7 3 6 1 2 4 
	-> 1 2 3 4 6 7 
Structure 569: 13 37 10 3 6 1 2 4 
	-> 1 2 3 4 6 10 
Structure 570: 25 35 12 1 28 31 29 2 4 
	-> 1 2 4 12 
Structure 571: 5 10 7 3 6 1 2 4 
	-> 1 2 3 4 5 6 7 10 
Structure 572: 11 5 8 7 3 6 1 2 4 
	-> 1 2 3 4 5 6 7 8 11 
Structure 573: 11 5 7 3 6 1 2 4 
	-> 1 2 3 4 5 6 7 11 
Structure 574: 15 5 8 7 3 6 1 2 4 
	-> 1 2 3 4 5 6 7 8 
Structure 575: 5 7 42 3 6 1 2 4 
	-> 1 2 3 4 5 6 7 
Structure 576: 5 8 7 3 6 1 2 4 
	-> 1 2 3 4 5 6 7 8 
Structure 577: 5 7 3 6 1 2 4 
	-> 1 2 3 4 5 6 7 
Structure 578: 22 5 9 3 12 1 2 4 
	-> 1 2 3 4 5 9 12 
Structure 579: 5 9 7 3 12 1 2 4 
	-> 1 2 3 4 5 7 9 12 
Structure 580: 15 5 7 3 6 1 2 4 
	-> 1 2 3 4 5 6 7 
Structure 581: 5 7 3 6 1 2 4 
	-> 1 2 3 4 5 6 7 
Structure 582: 5 9 3 6 1 16 2 4 
	-> 1 2 3 4 5 6 9 
Structure 583: 14 5 8 10 21 3 6 1 2 4 
	-> 1 2 3 4 5 6 8 10 
Structure 584: 63 5 7 3 6 1 2 4 
	-> 1 2 3 4 5 6 7 
Structure 585: 5 7 45 3 6 1 2 4 
	-> 1 2 3 4 5 6 7 
Structure 586: 14 5 8 7 3 6 1 2 4 
	-> 1 2 3 4 5 6 7 8 
Structure 587: 11 5 9 3 6 1 2 4 
	-> 1 2 3 4 5 6 9 11 
Structure 588: 13 5 10 3 6 1 2 4 23 
	-> 1 2 3 4 5 6 10 
Structure 589: 13 9 3 6 1 19 2 4 
	-> 1 2 3 4 6 9 
Structure 590: 15 5 7 3 6 1 2 4 
	-> 1 2 3 4 5 6 7 
Structure 591: 11 5 7 3 6 1 2 4 
	-> 1 2 3 4 5 6 7 11 
Structure 592: 39 5 10 3 6 1 2 4 
	-> 1 2 3 4 5 6 10 
Structure 593: 5 7 3 12 1 2 4 
	-> 1 2 3 4 5 7 12 
Structure 594: 15 5 8 7 21 3 12 1 2 4 
	-> 1 2 3 4 5 7 8 12 
Structure 595: 15 5 8 10 3 6 1 2 4 
	-> 1 2 3 4 5 6 8 10 
Structure 596: 5 7 20 3 6 1 2 4 
	-> 1 2 3 4 5 6 7 
Structure 597: 5 8 10 3 6 1 2 4 
	-> 1 2 3 4 5 6 8 10 
Structure 598: 5 8 10 3 6 1 2 4 
	-> 1 2 3 4 5 6 8 10 
Structure 599: 33 5 10 3 6 1 2 4 
	-> 1 2 3 4 5 6 10 
Structure 600: 13 7 3 6 1 64 2 4 
	-> 1 2 3 4 6 7 
Structure 601: 11 5 8 7 3 6 1 2 4 
	-> 1 2 3 4 5 6 7 8 11 
Structure 602: 11 5 10 3 6 1 2 4 
	-> 1 2 3 4 5 6 10 11 
Structure 603: 5 7 3 6 1 2 4 
	-> 1 2 3 4 5 6 7 
Structure 604: 11 5 9 3 6 1 2 4 
	-> 1 2 3 4 5 6 9 11 
Structure 605: 5 7 3 6 1 2 4 
	-> 1 2 3 4 5 6 7 
Structure 606: 5 8 7 3 6 1 2 4 
	-> 1 2 3 4 5 6 7 8 
Structure 607: 5 7 3 12 1 2 4 
	-> 1 2 3 4 5 7 12 
Structure 608: 11 5 9 3 6 1 2 4 
	-> 1 2 3 4 5 6 9 11 
Structure 609: 13 5 9 3 6 1 2 4 
	-> 1 2 3 4 5 6 9 
Structure 610: 11 5 8 7 3 6 1 2 4 
	-> 1 2 3 4 5 6 7 8 11 
Structure 611: 11 5 9 10 3 6 1 2 4 
	-> 1 2 3 4 5 6 9 10 11 
Structure 612: 5 8 9 3 6 1 27 2 4 
	-> 1 2 3 4 5 6 8 9 
Structure 613: 11 5 7 3 12 1 2 4 
	-> 1 2 3 4 5 7 11 12 
Structure 614: 11 5 7 3 6 1 2 4 
	-> 1 2 3 4 5 6 7 11 
Structure 615: 11 17 7 3 6 1 2 4 
	-> 1 2 3 4 6 7 11 
Structure 616: 11 5 7 3 6 1 2 4 
	-> 1 2 3 4 5 6 7 11 
Structure 617: 15 5 9 3 12 1 2 4 
	-> 1 2 3 4 5 9 12 
Structure 618: 26 5 7 3 6 1 2 4 
	-> 1 2 3 4 5 6 7 
Structure 619: 15 5 7 3 6 1 50 2 4 
	-> 1 2 3 4 5 6 7 
Structure 620: 11 5 9 3 6 1 2 4 
	-> 1 2 3 4 5 6 9 11 
Structure 621: 15 5 7 3 6 1 41 2 4 
	-> 1 2 3 4 5 6 7 
Structure 622: 14 5 10 7 3 6 1 2 4 
	-> 1 2 3 4 5 6 7 10 
Structure 623: 15 5 9 3 6 1 19 2 4 18 
	-> 1 2 3 4 5 6 9 
Structure 624: 5 8 10 7 3 12 1 2 4 
	-> 1 2 3 4 5 7 8 10 12 
Structure 625: 5 7 3 6 1 24 2 4 
	-> 1 2 3 4 5 6 7 
Structure 626: 17 9 3 6 1 19 2 4 
	-> 1 2 3 4 6 9 
Structure 627: 13 7 3 6 1 64 2 4 
	-> 1 2 3 4 6 7 
Structure 628: 11 5 8 7 3 6 1 2 4 
	-> 1 2 3 4 5 6 7 8 11 
Structure 629: 5 8 10 3 6 1 2 4 
	-> 1 2 3 4 5 6 8 10 
Structure 630: 15 5 7 3 6 1 2 4 
	-> 1 2 3 4 5 6 7 
Structure 631: 5 9 3 6 1 2 4 
	-> 1 2 3 4 5 6 9 
Structure 632: 11 5 8 7 3 6 1 2 4 
	-> 1 2 3 4 5 6 7 8 11 
Structure 633: 15 5 7 3 6 1 2 4 
	-> 1 2 3 4 5 6 7 
Structure 634: 14 5 10 3 6 1 2 4 
	-> 1 2 3 4 5 6 10 
Structure 635: 11 5 7 3 6 1 2 4 
	-> 1 2 3 4 5 6 7 11 
Structure 636: 11 5 8 7 3 6 1 2 4 
	-> 1 2 3 4 5 6 7 8 11 
Structure 637: 11 5 8 10 3 6 1 2 4 
	-> 1 2 3 4 5 6 8 10 11 
Structure 638: 5 9 30 1 65 2 4 
	-> 1 2 4 5 9 
Structure 639: 5 8 7 3 6 1 2 4 
	-> 1 2 3 4 5 6 7 8 
Structure 640: 14 5 7 3 12 1 2 4 
	-> 1 2 3 4 5 7 12 
Structure 641: 25 82 83 6 1 84 27 2 4 
	-> 1 2 4 6 
Structure 642: 11 5 7 3 12 1 2 4 
	-> 1 2 3 4 5 7 11 12 
Structure 643: 15 5 8 7 40 3 6 1 2 4 
	-> 1 2 3 4 5 6 7 8 
Structure 644: 11 5 8 10 3 6 1 2 18 
	-> 1 2 3 5 6 8 10 11 
Structure 645: 5 9 3 6 1 2 4 
	-> 1 2 3 4 5 6 9 
Structure 646: 5 9 3 6 1 2 4 
	-> 1 2 3 4 5 6 9 
Structure 647: 5 7 3 6 1 32 2 4 
	-> 1 2 3 4 5 6 7 
Structure 648: 5 8 3 12 1 2 4 
	-> 1 2 3 4 5 8 12 
Structure 649: 15 5 7 21 3 6 1 2 4 
	-> 1 2 3 4 5 6 7 
Structure 650: 5 7 3 12 1 2 4 
	-> 1 2 3 4 5 7 12 
Structure 651: 14 5 7 20 3 6 1 2 4 
	-> 1 2 3 4 5 6 7 
Structure 652: 5 7 3 6 1 2 4 18 
	-> 1 2 3 4 5 6 7 
Structure 653: 11 5 8 7 3 6 1 2 4 
	-> 1 2 3 4 5 6 7 8 11 
Structure 654: 14 5 8 7 3 6 1 2 4 
	-> 1 2 3 4 5 6 7 8 
Structure 655: 22 5 10 3 6 1 2 4 
	-> 1 2 3 4 5 6 10 
Structure 656: 5 7 3 6 1 2 4 
	-> 1 2 3 4 5 6 7 
Structure 657: 15 5 8 7 3 6 1 2 4 
	-> 1 2 3 4 5 6 7 8 
Structure 658: 13 5 9 30 3 6 1 2 4 
	-> 1 2 3 4 5 6 9 
Structure 659: 5 7 3 6 1 2 4 
	-> 1 2 3 4 5 6 7 
Structure 660: 13 17 7 3 6 1 2 4 
	-> 1 2 3 4 6 7 
Structure 661: 17 7 20 3 6 1 2 4 18 
	-> 1 2 3 4 6 7 
Structure 662: 5 10 3 6 1 2 4 85 
	-> 1 2 3 4 5 6 10 
Structure 663: 11 5 7 3 6 1 2 4 
	-> 1 2 3 4 5 6 7 11 
Structure 664: 11 5 8 10 3 6 1 2 4 
	-> 1 2 3 4 5 6 8 10 11 
Structure 665: 26 86 7 3 6 1 46 59 
	-> 1 3 6 7 
Structure 666: 11 5 8 7 3 6 1 2 4 
	-> 1 2 3 4 5 6 7 8 11 
Structure 667: 13 5 10 3 6 1 2 4 
	-> 1 2 3 4 5 6 10 
Structure 668: 5 8 7 3 6 1 2 18 
	-> 1 2 3 5 6 7 8 
Structure 669: 11 5 9 3 6 1 19 2 4 
	-> 1 2 3 4 5 6 9 11 
Structure 670: 15 5 7 3 6 1 2 4 
	-> 1 2 3 4 5 6 7 
Structure 671: 14 5 7 3 6 1 2 4 
	-> 1 2 3 4 5 6 7 
Structure 672: 14 5 36 7 3 6 1 2 4 
	-> 1 2 3 4 5 6 7 
Structure 673: 13 9 3 12 1 2 4 
	-> 1 2 3 4 9 12 
Structure 674: 38 5 10 3 6 1 2 4 
	-> 1 2 3 4 5 6 10 
Structure 675: 5 8 9 3 6 1 16 2 4 
	-> 1 2 3 4 5 6 8 9 
Structure 676: 14 5 8 7 3 6 1 2 4 
	-> 1 2 3 4 5 6 7 8 
Structure 677: 5 8 7 3 12 1 2 4 
	-> 1 2 3 4 5 7 8 12 
Structure 678: 15 5 10 3 6 1 2 4 
	-> 1 2 3 4 5 6 10 
Structure 679: 5 8 7 3 6 1 2 4 
	-> 1 2 3 4 5 6 7 8 
Structure 680: 5 9 3 6 1 2 4 
	-> 1 2 3 4 5 6 9 
Structure 681: 5 8 7 3 12 1 2 4 
	-> 1 2 3 4 5 7 8 12 
Structure 682: 14 5 8 7 3 6 1 2 4 
	-> 1 2 3 4 5 6 7 8 
Structure 683: 11 5 9 30 87 88 1 65 2 4 
	-> 1 2 4 5 9 11 
Structure 684: 11 5 7 3 12 1 2 4 
	-> 1 2 3 4 5 7 11 12 
Structure 685: 11 5 10 3 6 1 2 4 
	-> 1 2 3 4 5 6 10 11 
Structure 686: 13 9 3 12 1 16 2 4 
	-> 1 2 3 4 9 12 
Structure 687: 11 5 8 10 3 12 1 2 4 
	-> 1 2 3 4 5 8 10 11 12 
Structure 688: 11 5 10 7 3 12 1 2 4 
	-> 1 2 3 4 5 7 10 11 12 
Structure 689: 13 37 10 3 6 1 2 4 
	-> 1 2 3 4 6 10 
Structure 690: 11 5 8 10 3 6 1 52 2 4 
	-> 1 2 3 4 5 6 8 10 11 
Structure 691: 5 8 7 3 6 1 2 4 18 
	-> 1 2 3 4 5 6 7 8 
Structure 692: 5 7 20 3 6 1 2 4 
	-> 1 2 3 4 5 6 7 
Structure 693: 5 10 3 6 1 2 4 23 
	-> 1 2 3 4 5 6 10 
Structure 694: 5 10 3 1 57 2 4 
	-> 1 2 3 4 5 10 
Structure 695: 13 5 7 21 3 6 1 2 4 
	-> 1 2 3 4 5 6 7 
Structure 696: 15 5 10 3 6 1 2 4 
	-> 1 2 3 4 5 6 10 
Structure 697: 5 9 3 6 1 19 2 4 
	-> 1 2 3 4 5 6 9 
Structure 698: 11 5 8 7 3 6 1 2 4 
	-> 1 2 3 4 5 6 7 8 11 
Structure 699: 5 7 3 6 1 2 4 
	-> 1 2 3 4 5 6 7 
Structure 700: 13 9 10 3 6 1 2 4 49 
	-> 1 2 3 4 6 9 10 
Structure 701: 15 5 8 7 3 6 1 2 4 
	-> 1 2 3 4 5 6 7 8 
Structure 702: 5 9 3 6 1 2 4 
	-> 1 2 3 4 5 6 9 
Structure 703: 11 5 7 3 6 1 2 4 
	-> 1 2 3 4 5 6 7 11 
Structure 704: 5 7 3 6 1 2 4 
	-> 1 2 3 4 5 6 7 
Structure 705: 11 5 9 30 6 1 66 53 2 4 
	-> 1 2 4 5 6 9 11 
Structure 706: 5 7 40 3 6 1 2 4 
	-> 1 2 3 4 5 6 7 
Structure 707: 11 5 7 20 3 12 1 2 4 
	-> 1 2 3 4 5 7 11 12 
Structure 708: 5 8 7 3 12 1 32 2 4 
	-> 1 2 3 4 5 7 8 12 
Structure 709: 5 7 3 6 1 2 4 
	-> 1 2 3 4 5 6 7 
Structure 710: 25 3 6 1 28 31 29 2 4 
	-> 1 2 3 4 6 
Structure 711: 17 9 3 6 1 16 2 4 
	-> 1 2 3 4 6 9 
Structure 712: 5 7 3 6 1 2 4 
	-> 1 2 3 4 5 6 7 
Structure 713: 38 5 7 3 6 1 2 4 
	-> 1 2 3 4 5 6 7 
Structure 714: 5 7 3 12 1 2 18 
	-> 1 2 3 5 7 12 
Structure 715: 13 5 9 10 7 3 6 1 2 4 
	-> 1 2 3 4 5 6 7 9 10 
Structure 716: 5 7 3 6 1 2 4 
	-> 1 2 3 4 5 6 7 
Structure 717: 15 5 8 56 20 3 6 1 2 4 
	-> 1 2 3 4 5 6 8 
Structure 718: 14 5 8 7 3 6 1 2 4 
	-> 1 2 3 4 5 6 7 8 
Structure 719: 11 5 10 7 3 6 1 2 4 
	-> 1 2 3 4 5 6 7 10 11 
Structure 720: 13 5 10 62 3 6 1 24 2 4 
	-> 1 2 3 4 5 6 10 
Structure 721: 13 5 8 7 3 6 1 2 4 
	-> 1 2 3 4 5 6 7 8 
Structure 722: 11 5 7 3 12 1 2 4 
	-> 1 2 3 4 5 7 11 12 
Structure 723: 15 5 7 3 6 1 2 4 
	-> 1 2 3 4 5 6 7 
Structure 724: 5 8 7 3 6 1 2 4 
	-> 1 2 3 4 5 6 7 8 
Structure 725: 5 8 7 3 6 1 2 4 
	-> 1 2 3 4 5 6 7 8 
Structure 726: 17 9 21 3 12 1 2 4 
	-> 1 2 3 4 9 12 
Structure 727: 15 5 7 3 6 1 2 4 
	-> 1 2 3 4 5 6 7 
Structure 728: 13 10 3 6 1 41 2 4 
	-> 1 2 3 4 6 10 
Structure 729: 5 8 7 3 6 1 2 4 
	-> 1 2 3 4 5 6 7 8 
Structure 730: 14 5 7 3 6 1 2 4 
	-> 1 2 3 4 5 6 7 
Structure 731: 5 8 10 3 6 1 2 4 
	-> 1 2 3 4 5 6 8 10 
Structure 732: 11 5 8 7 3 6 1 2 4 
	-> 1 2 3 4 5 6 7 8 11 
Structure 733: 15 5 9 3 6 1 2 4 
	-> 1 2 3 4 5 6 9 
Structure 734: 39 5 7 3 6 1 27 2 4 
	-> 1 2 3 4 5 6 7 
Structure 735: 5 9 3 6 1 16 2 4 
	-> 1 2 3 4 5 6 9 
Structure 736: 5 8 7 3 6 1 2 4 
	-> 1 2 3 4 5 6 7 8 
Structure 737: 14 5 7 21 3 6 1 2 4 
	-> 1 2 3 4 5 6 7 
Structure 738: 5 8 7 3 6 1 2 4 
	-> 1 2 3 4 5 6 7 8 
Structure 739: 15 5 10 3 1 2 4 
	-> 1 2 3 4 5 10 
Structure 740: 5 7 3 12 1 2 4 
	-> 1 2 3 4 5 7 12 
Structure 741: 11 5 7 3 6 1 2 4 
	-> 1 2 3 4 5 6 7 11 
Structure 742: 13 7 3 6 1 50 2 4 
	-> 1 2 3 4 6 7 
Structure 743: 5 7 3 6 1 2 4 
	-> 1 2 3 4 5 6 7 
Structure 744: 5 8 10 3 6 1 48 2 4 
	-> 1 2 3 4 5 6 8 10 
Structure 745: 5 9 3 6 1 16 2 4 
	-> 1 2 3 4 5 6 9 
Structure 746: 11 5 8 7 20 3 6 1 2 4 
	-> 1 2 3 4 5 6 7 8 11 
Structure 747: 11 5 7 3 6 1 2 4 23 
	-> 1 2 3 4 5 6 7 11 
Structure 748: 5 9 3 6 1 16 2 4 
	-> 1 2 3 4 5 6 9 
Structure 749: 15 5 8 7 3 6 1 2 4 
	-> 1 2 3 4 5 6 7 8 
Structure 750: 39 5 7 3 12 1 2 4 
	-> 1 2 3 4 5 7 12 
Structure 751: 11 5 7 3 6 1 2 4 23 
	-> 1 2 3 4 5 6 7 11 
Structure 752: 13 5 7 3 12 1 2 4 
	-> 1 2 3 4 5 7 12 
Structure 753: 14 5 7 3 6 1 2 4 
	-> 1 2 3 4 5 6 7 
Structure 754: 11 5 9 3 6 1 2 4 
	-> 1 2 3 4 5 6 9 11 
Structure 755: 5 7 3 6 1 2 4 
	-> 1 2 3 4 5 6 7 
Structure 756: 26 5 9 3 6 1 16 2 4 
	-> 1 2 3 4 5 6 9 
Structure 757: 22 5 9 10 3 6 1 2 4 
	-> 1 2 3 4 5 6 9 10 
Structure 758: 14 5 9 7 3 6 1 2 4 
	-> 1 2 3 4 5 6 7 9 
Structure 759: 25 3 6 1 28 31 29 44 4 
	-> 1 3 4 6 
Structure 760: 15 5 10 3 6 1 24 2 4 
	-> 1 2 3 4 5 6 10 
Structure 761: 5 7 3 6 1 2 4 
	-> 1 2 3 4 5 6 7 
Structure 762: 13 5 9 3 6 1 2 4 
	-> 1 2 3 4 5 6 9 
Structure 763: 11 5 8 7 3 6 1 2 4 
	-> 1 2 3 4 5 6 7 8 11 
Structure 764: 22 5 10 3 6 1 2 4 
	-> 1 2 3 4 5 6 10 
Structure 765: 15 5 10 3 6 1 2 4 
	-> 1 2 3 4 5 6 10 
Structure 766: 5 9 10 3 12 1 2 4 
	-> 1 2 3 4 5 9 10 12 
Structure 767: 11 5 9 3 6 1 57 2 4 
	-> 1 2 3 4 5 6 9 11 
Structure 768: 5 10 7 3 6 1 2 4 
	-> 1 2 3 4 5 6 7 10 
Structure 769: 5 8 7 3 6 1 2 4 
	-> 1 2 3 4 5 6 7 8 
Structure 770: 15 5 8 10 7 3 6 1 2 4 
	-> 1 2 3 4 5 6 7 8 10 
Structure 771: 13 9 3 12 1 19 2 4 
	-> 1 2 3 4 9 12 
Structure 772: 5 9 30 12 1 53 2 4 23 
	-> 1 2 4 5 9 12 
Structure 773: 5 8 7 3 12 1 51 2 18 
	-> 1 2 3 5 7 8 12 
Structure 774: 15 5 9 3 6 1 19 2 4 
	-> 1 2 3 4 5 6 9 
Structure 775: 15 5 9 3 6 1 19 2 4 
	-> 1 2 3 4 5 6 9 
Structure 776: 11 5 9 10 3 6 1 2 4 
	-> 1 2 3 4 5 6 9 10 11 
Structure 777: 15 5 7 3 12 1 2 4 
	-> 1 2 3 4 5 7 12 
Structure 778: 5 7 3 6 1 2 4 
	-> 1 2 3 4 5 6 7 
Structure 779: 11 5 7 3 12 1 2 4 
	-> 1 2 3 4 5 7 11 12 
Structure 780: 14 5 8 7 3 12 1 2 4 
	-> 1 2 3 4 5 7 8 12 
Structure 781: 5 7 3 12 1 2 4 
	-> 1 2 3 4 5 7 12 
Structure 782: 17 9 3 6 1 19 2 4 
	-> 1 2 3 4 6 9 
Structure 783: 5 8 7 3 6 1 2 4 
	-> 1 2 3 4 5 6 7 8 
Structure 784: 5 7 21 3 6 1 2 4 
	-> 1 2 3 4 5 6 7 
Structure 785: 5 10 3 1 2 18 
	-> 1 2 3 5 10 
Structure 786: 11 5 9 10 3 6 1 2 4 
	-> 1 2 3 4 5 6 9 10 11 
Structure 787: 15 5 8 7 3 6 1 2 4 
	-> 1 2 3 4 5 6 7 8 
Structure 788: 11 5 8 10 3 6 1 2 4 
	-> 1 2 3 4 5 6 8 10 11 
Structure 789: 43 5 8 7 3 6 1 2 4 
	-> 1 2 3 4 5 6 7 8 
Structure 790: 5 7 3 6 1 2 4 
	-> 1 2 3 4 5 6 7 
Structure 791: 5 9 3 12 1 16 2 4 
	-> 1 2 3 4 5 9 12 
Structure 792: 13 9 10 3 6 1 16 2 4 
	-> 1 2 3 4 6 9 10 
Structure 793: 13 37 10 42 3 6 1 2 4 23 
	-> 1 2 3 4 6 10 
Structure 794: 14 5 8 7 3 6 1 2 4 
	-> 1 2 3 4 5 6 7 8 
Structure 795: 5 8 7 3 6 1 2 4 
	-> 1 2 3 4 5 6 7 8 
Structure 796: 11 5 7 3 6 1 2 4 
	-> 1 2 3 4 5 6 7 11 
Structure 797: 43 5 9 10 20 3 6 1 2 4 
	-> 1 2 3 4 5 6 9 10 
Structure 798: 22 17 9 3 6 1 2 4 
	-> 1 2 3 4 6 9 
Structure 799: 5 9 3 6 1 16 2 4 
	-> 1 2 3 4 5 6 9 
Structure 800: 5 8 7 3 6 1 2 4 
	-> 1 2 3 4 5 6 7 8 
Structure 801: 25 3 6 1 28 31 29 2 4 
	-> 1 2 3 4 6 
Structure 802: 11 5 9 3 6 1 2 4 
	-> 1 2 3 4 5 6 9 11 
Structure 803: 15 5 7 3 12 1 2 4 
	-> 1 2 3 4 5 7 12 
Structure 804: 15 5 10 3 12 1 2 4 
	-> 1 2 3 4 5 10 12 
Structure 805: 11 5 7 3 12 1 2 4 
	-> 1 2 3 4 5 7 11 12 
Structure 806: 14 5 8 3 6 1 2 4 
	-> 1 2 3 4 5 6 8 
Structure 807: 11 5 9 3 6 1 16 2 4 18 
	-> 1 2 3 4 5 6 9 11 
Structure 808: 13 9 3 6 1 19 2 4 
	-> 1 2 3 4 6 9 
Structure 809: 26 5 7 3 6 1 2 4 
	-> 1 2 3 4 5 6 7 
Structure 810: 11 5 8 7 3 6 1 2 4 
	-> 1 2 3 4 5 6 7 8 11 
Structure 811: 11 5 8 7 20 3 12 1 2 4 
	-> 1 2 3 4 5 7 8 11 12 
Structure 812: 63 17 7 3 6 1 2 4 
	-> 1 2 3 4 6 7 
Structure 813: 5 7 40 3 6 1 2 4 23 
	-> 1 2 3 4 5 6 7 
Structure 814: 14 17 7 3 6 1 2 4 
	-> 1 2 3 4 6 7 
Structure 815: 11 5 7 3 12 1 2 4 
	-> 1 2 3 4 5 7 11 12 
Structure 816: 11 17 9 3 12 1 2 4 
	-> 1 2 3 4 9 11 12 
Structure 817: 5 8 10 3 12 1 2 4 
	-> 1 2 3 4 5 8 10 12 
Structure 818: 11 5 8 7 3 6 1 2 4 
	-> 1 2 3 4 5 6 7 8 11 
Structure 819: 13 5 9 21 3 6 1 2 4 
	-> 1 2 3 4 5 6 9 
Structure 820: 5 7 3 6 1 2 4 89 
	-> 1 2 3 4 5 6 7 
Structure 821: 15 5 7 3 12 1 2 4 
	-> 1 2 3 4 5 7 12 
Structure 822: 13 5 9 3 6 1 2 4 23 
	-> 1 2 3 4 5 6 9 
Structure 823: 11 5 7 3 6 1 24 2 4 
	-> 1 2 3 4 5 6 7 11 
Structure 824: 5 9 3 6 1 2 4 
	-> 1 2 3 4 5 6 9 
Structure 825: 5 10 3 6 1 2 4 
	-> 1 2 3 4 5 6 10 
Structure 826: 5 7 3 6 1 2 4 
	-> 1 2 3 4 5 6 7 
Structure 827: 5 8 7 3 6 1 2 4 
	-> 1 2 3 4 5 6 7 8 
Structure 828: 15 5 8 7 3 6 1 27 2 4 
	-> 1 2 3 4 5 6 7 8 
Structure 829: 5 7 40 3 6 1 2 4 
	-> 1 2 3 4 5 6 7 
Structure 830: 5 7 20 3 6 1 2 4 18 
	-> 1 2 3 4 5 6 7 
Structure 831: 5 7 3 6 1 2 4 
	-> 1 2 3 4 5 6 7 
Structure 832: 13 9 3 6 1 19 2 4 
	-> 1 2 3 4 6 9 
Structure 833: 5 8 7 3 6 1 2 4 
	-> 1 2 3 4 5 6 7 8 
Structure 834: 15 5 9 10 3 6 1 2 4 
	-> 1 2 3 4 5 6 9 10 
Structure 835: 5 8 7 3 6 1 2 18 
	-> 1 2 3 5 6 7 8 
Structure 836: 26 5 9 3 6 1 2 4 
	-> 1 2 3 4 5 6 9 
Structure 837: 5 7 3 6 1 2 4 
	-> 1 2 3 4 5 6 7 
Structure 838: 5 8 7 3 6 1 2 4 
	-> 1 2 3 4 5 6 7 8 
Structure 839: 11 5 9 3 6 1 2 4 
	-> 1 2 3 4 5 6 9 11 
Structure 840: 5 8 7 3 6 1 2 4 
	-> 1 2 3 4 5 6 7 8 
Structure 841: 5 7 3 6 1 2 4 
	-> 1 2 3 4 5 6 7 
Structure 842: 14 5 7 3 6 1 2 4 
	-> 1 2 3 4 5 6 7 
Structure 843: 14 5 9 3 12 1 2 4 
	-> 1 2 3 4 5 9 12 
Structure 844: 22 5 8 10 3 6 1 2 4 
	-> 1 2 3 4 5 6 8 10 
Structure 845: 33 5 10 3 6 1 2 4 
	-> 1 2 3 4 5 6 10 
Structure 846: 5 9 3 12 1 16 2 4 
	-> 1 2 3 4 5 9 12 
Structure 847: 11 5 9 3 6 1 2 4 
	-> 1 2 3 4 5 6 9 11 
Structure 848: 13 10 7 3 6 1 2 4 
	-> 1 2 3 4 6 7 10 
Structure 849: 13 9 7 3 6 1 2 4 
	-> 1 2 3 4 6 7 9 
Structure 850: 14 5 10 3 12 1 2 4 
	-> 1 2 3 4 5 10 12 
Structure 851: 15 5 8 7 3 6 1 2 4 
	-> 1 2 3 4 5 6 7 8 
Structure 852: 11 5 9 7 3 6 1 50 18 
	-> 1 3 5 6 7 9 11 
Structure 853: 5 7 3 6 1 2 4 
	-> 1 2 3 4 5 6 7 
Structure 854: 11 5 7 3 6 1 2 4 
	-> 1 2 3 4 5 6 7 11 
Structure 855: 5 9 3 6 1 16 2 4 
	-> 1 2 3 4 5 6 9 
Structure 856: 14 5 9 10 7 3 6 1 2 4 
	-> 1 2 3 4 5 6 7 9 10 
Structure 857: 5 8 10 3 6 1 27 2 4 
	-> 1 2 3 4 5 6 8 10 
Structure 858: 11 5 8 10 3 6 1 2 4 
	-> 1 2 3 4 5 6 8 10 11 
Structure 859: 14 5 8 10 3 12 1 2 4 
	-> 1 2 3 4 5 8 10 12 
Structure 860: 33 5 9 3 6 1 19 2 4 
	-> 1 2 3 4 5 6 9 
Structure 861: 14 5 8 7 3 12 1 2 4 
	-> 1 2 3 4 5 7 8 12 
Structure 862: 17 9 10 3 6 1 2 4 
	-> 1 2 3 4 6 9 10 
Structure 863: 5 8 7 10 3 6 1 2 4 
	-> 1 2 3 4 5 6 7 8 10 
Structure 864: 13 5 8 7 3 6 1 2 4 
	-> 1 2 3 4 5 6 7 8 
Structure 865: 11 5 7 3 6 1 2 4 
	-> 1 2 3 4 5 6 7 11 
Structure 866: 11 5 7 3 6 1 2 4 23 
	-> 1 2 3 4 5 6 7 11 
Structure 867: 5 8 7 3 12 1 2 4 
	-> 1 2 3 4 5 7 8 12 
Structure 868: 14 5 8 7 3 6 1 2 4 
	-> 1 2 3 4 5 6 7 8 
Structure 869: 13 9 10 3 6 1 2 4 
	-> 1 2 3 4 6 9 10 
Structure 870: 5 8 10 3 6 1 2 4 
	-> 1 2 3 4 5 6 8 10 
Structure 871: 5 9 3 12 1 2 4 
	-> 1 2 3 4 5 9 12 
Structure 872: 14 5 8 10 7 3 6 1 2 4 23 
	-> 1 2 3 4 5 6 7 8 10 
Structure 873: 39 17 7 3 6 1 2 4 
	-> 1 2 3 4 6 7 
Structure 874: 17 7 3 12 1 2 4 
	-> 1 2 3 4 7 12 
Structure 875: 5 7 3 6 1 2 4 
	-> 1 2 3 4 5 6 7 
Structure 876: 5 7 3 6 1 2 4 
	-> 1 2 3 4 5 6 7 
Structure 877: 11 5 8 7 3 6 1 2 4 
	-> 1 2 3 4 5 6 7 8 11 
Structure 878: 5 8 10 3 6 1 2 4 
	-> 1 2 3 4 5 6 8 10 
Structure 879: 5 8 7 3 6 1 2 4 
	-> 1 2 3 4 5 6 7 8 
Structure 880: 22 5 8 10 3 6 1 2 4 
	-> 1 2 3 4 5 6 8 10 
Structure 881: 5 8 7 3 12 1 32 2 4 
	-> 1 2 3 4 5 7 8 12 
Structure 882: 17 9 3 12 1 16 2 4 
	-> 1 2 3 4 9 12 
Structure 883: 5 8 7 45 3 6 1 2 4 
	-> 1 2 3 4 5 6 7 8 
Structure 884: 26 5 8 7 3 6 1 2 4 
	-> 1 2 3 4 5 6 7 8 
Structure 885: 25 6 1 28 90 29 54 47 
	-> 1 6 
Structure 886: 5 8 7 3 6 1 2 4 
	-> 1 2 3 4 5 6 7 8 
Structure 887: 13 9 3 6 1 16 2 4 
	-> 1 2 3 4 6 9 
Structure 888: 5 7 21 3 6 1 2 4 
	-> 1 2 3 4 5 6 7 
Structure 889: 11 5 9 10 7 3 6 1 2 4 
	-> 1 2 3 4 5 6 7 9 10 11 
Structure 890: 5 10 3 6 1 2 4 
	-> 1 2 3 4 5 6 10 
Structure 891: 11 5 7 3 6 1 2 4 
	-> 1 2 3 4 5 6 7 11 
Structure 892: 13 9 3 6 1 16 2 4 
	-> 1 2 3 4 6 9 
Structure 893: 11 5 9 3 6 1 19 2 4 
	-> 1 2 3 4 5 6 9 11 
Structure 894: 14 5 8 7 3 6 1 2 4 
	-> 1 2 3 4 5 6 7 8 
Structure 895: 5 7 3 12 1 2 4 
	-> 1 2 3 4 5 7 12 
Structure 896: 11 17 9 3 12 1 16 2 4 
	-> 1 2 3 4 9 11 12 
Structure 897: 5 7 3 6 1 2 4 
	-> 1 2 3 4 5 6 7 
Structure 898: 5 8 7 3 12 1 2 4 
	-> 1 2 3 4 5 7 8 12 
Structure 899: 11 5 10 3 6 1 2 4 
	-> 1 2 3 4 5 6 10 11 
Structure 900: 5 9 3 6 1 2 4 
	-> 1 2 3 4 5 6 9 
Structure 901: 13 9 10 7 3 6 1 2 4 
	-> 1 2 3 4 6 7 9 10 
Structure 902: 11 5 7 3 12 1 2 4 
	-> 1 2 3 4 5 7 11 12 
Structure 903: 5 8 10 3 6 1 2 4 
	-> 1 2 3 4 5 6 8 10 
Structure 904: 26 5 9 3 6 1 19 2 4 
	-> 1 2 3 4 5 6 9 
Structure 905: 11 5 9 3 12 1 16 2 4 
	-> 1 2 3 4 5 9 11 12 
Structure 906: 11 5 7 3 6 1 2 4 
	-> 1 2 3 4 5 6 7 11 
Structure 907: 5 9 3 6 1 2 4 
	-> 1 2 3 4 5 6 9 
Structure 908: 5 7 3 6 1 2 4 
	-> 1 2 3 4 5 6 7 
Structure 909: 5 8 7 3 6 1 2 4 
	-> 1 2 3 4 5 6 7 8 
Structure 910: 5 7 3 12 1 2 4 
	-> 1 2 3 4 5 7 12 
Structure 911: 5 10 3 6 1 2 4 
	-> 1 2 3 4 5 6 10 
Structure 912: 11 5 7 20 3 6 1 2 4 
	-> 1 2 3 4 5 6 7 11 
Structure 913: 5 7 3 6 1 2 4 
	-> 1 2 3 4 5 6 7 
Structure 914: 17 7 3 6 1 2 4 
	-> 1 2 3 4 6 7 
Structure 915: 15 5 9 3 6 1 2 4 
	-> 1 2 3 4 5 6 9 
Structure 916: 5 8 10 7 3 6 1 2 4 
	-> 1 2 3 4 5 6 7 8 10 
Structure 917: 5 8 7 3 6 1 2 4 
	-> 1 2 3 4 5 6 7 8 
Structure 918: 5 9 3 12 1 51 2 4 
	-> 1 2 3 4 5 9 12 
Structure 919: 5 8 10 7 3 6 1 2 4 
	-> 1 2 3 4 5 6 7 8 10 
Structure 920: 14 5 8 7 3 6 1 2 4 
	-> 1 2 3 4 5 6 7 8 
Structure 921: 17 7 42 3 6 1 2 4 
	-> 1 2 3 4 6 7 
Structure 922: 5 7 3 6 1 2 4 
	-> 1 2 3 4 5 6 7 
Structure 923: 11 5 7 3 6 1 2 4 
	-> 1 2 3 4 5 6 7 11 
Structure 924: 5 8 7 3 6 1 2 4 
	-> 1 2 3 4 5 6 7 8 
Structure 925: 5 9 10 3 6 1 19 2 4 
	-> 1 2 3 4 5 6 9 10 
Structure 926: 17 7 3 6 1 2 4 
	-> 1 2 3 4 6 7 
Structure 927: 11 5 8 10 3 6 1 2 4 
	-> 1 2 3 4 5 6 8 10 11 
Structure 928: 11 5 7 20 3 6 1 2 4 
	-> 1 2 3 4 5 6 7 11 
Structure 929: 15 5 9 3 6 1 16 2 4 
	-> 1 2 3 4 5 6 9 
Structure 930: 5 8 7 3 6 1 2 4 
	-> 1 2 3 4 5 6 7 8 
Structure 931: 14 5 9 3 6 1 19 2 4 
	-> 1 2 3 4 5 6 9 
Structure 932: 39 5 9 3 6 1 16 2 4 
	-> 1 2 3 4 5 6 9 
Structure 933: 11 5 8 7 40 3 6 1 2 4 
	-> 1 2 3 4 5 6 7 8 11 
Structure 934: 11 5 7 3 12 1 2 4 
	-> 1 2 3 4 5 7 11 12 
Structure 935: 25 6 1 28 61 2 4 
	-> 1 2 4 6 
Structure 936: 17 9 3 6 1 16 2 4 
	-> 1 2 3 4 6 9 
Structure 937: 15 5 7 3 6 1 27 2 4 
	-> 1 2 3 4 5 6 7 
Structure 938: 26 5 8 7 3 6 1 2 4 
	-> 1 2 3 4 5 6 7 8 
Structure 939: 13 5 10 3 12 1 2 4 
	-> 1 2 3 4 5 10 12 
Structure 940: 5 8 10 3 6 1 2 4 
	-> 1 2 3 4 5 6 8 10 
Structure 941: 5 9 3 6 1 2 4 
	-> 1 2 3 4 5 6 9 
Structure 942: 13 5 7 21 3 6 1 2 4 
	-> 1 2 3 4 5 6 7 
Structure 943: 5 7 3 6 1 2 4 
	-> 1 2 3 4 5 6 7 
Structure 944: 17 7 42 3 6 1 2 4 
	-> 1 2 3 4 6 7 
Structure 945: 13 5 7 3 6 1 2 4 
	-> 1 2 3 4 5 6 7 
Structure 946: 11 5 9 7 3 6 1 2 4 
	-> 1 2 3 4 5 6 7 9 11 
Structure 947: 5 10 3 6 1 2 4 
	-> 1 2 3 4 5 6 10 
Structure 948: 15 5 9 3 12 1 16 2 4 
	-> 1 2 3 4 5 9 12 
Structure 949: 5 9 10 3 6 1 2 4 
	-> 1 2 3 4 5 6 9 10 
Structure 950: 13 9 10 3 12 1 2 4 
	-> 1 2 3 4 9 10 12 
Structure 951: 5 8 10 3 12 1 2 4 
	-> 1 2 3 4 5 8 10 12 
Structure 952: 14 5 7 20 3 6 1 2 4 
	-> 1 2 3 4 5 6 7 
Structure 953: 5 9 3 6 1 16 2 4 
	-> 1 2 3 4 5 6 9 
Structure 954: 11 5 7 3 6 1 2 4 
	-> 1 2 3 4 5 6 7 11 
Structure 955: 5 8 7 3 6 1 2 4 
	-> 1 2 3 4 5 6 7 8 
Structure 956: 5 10 3 6 1 2 4 
	-> 1 2 3 4 5 6 10 
Structure 957: 5 8 7 3 6 1 2 4 
	-> 1 2 3 4 5 6 7 8 
Structure 958: 5 8 7 3 6 1 2 4 
	-> 1 2 3 4 5 6 7 8 
Structure 959: 13 5 8 7 3 6 1 2 4 
	-> 1 2 3 4 5 6 7 8 
Structure 960: 11 5 8 10 3 6 1 57 2 4 
	-> 1 2 3 4 5 6 8 10 11 
Structure 961: 11 5 7 3 6 1 2 4 
	-> 1 2 3 4 5 6 7 11 
Structure 962: 5 7 3 6 1 2 4 
	-> 1 2 3 4 5 6 7 
Structure 963: 11 5 7 3 6 1 2 4 
	-> 1 2 3 4 5 6 7 11 
Structure 964: 25 12 1 28 31 29 54 47 
	-> 1 12 
Structure 965: 5 7 3 6 1 2 4 
	-> 1 2 3 4 5 6 7 
Structure 966: 15 5 7 3 12 1 2 4 
	-> 1 2 3 4 5 7 12 
Structure 967: 25 6 1 28 31 29 44 4 
	-> 1 4 6 
Structure 968: 11 5 8 7 3 6 1 2 4 
	-> 1 2 3 4 5 6 7 8 11 
Structure 969: 15 5 9 10 3 6 1 2 4 
	-> 1 2 3 4 5 6 9 10 
Structure 970: 14 5 10 3 6 1 2 4 
	-> 1 2 3 4 5 6 10 
Structure 971: 13 5 7 21 3 6 1 2 4 18 
	-> 1 2 3 4 5 6 7 
Structure 972: 17 7 3 6 1 2 4 
	-> 1 2 3 4 6 7 
Structure 973: 11 5 8 7 3 6 1 2 4 
	-> 1 2 3 4 5 6 7 8 11 
Structure 974: 5 7 3 6 1 2 4 
	-> 1 2 3 4 5 6 7 
Structure 975: 11 5 9 30 12 1 66 53 2 4 
	-> 1 2 4 5 9 11 12 
Structure 976: 5 7 3 6 1 41 2 4 
	-> 1 2 3 4 5 6 7 
Structure 977: 5 7 3 6 1 41 2 4 
	-> 1 2 3 4 5 6 7 
Structure 978: 33 5 8 7 3 6 1 2 4 
	-> 1 2 3 4 5 6 7 8 
Structure 979: 5 8 7 3 6 1 2 4 
	-> 1 2 3 4 5 6 7 8 
Structure 980: 5 36 10 3 6 1 41 2 4 
	-> 1 2 3 4 5 6 10 
Structure 981: 11 5 9 3 6 1 2 4 
	-> 1 2 3 4 5 6 9 11 
Structure 982: 14 5 7 3 6 1 2 4 
	-> 1 2 3 4 5 6 7 
Structure 983: 22 5 9 3 6 1 2 4 
	-> 1 2 3 4 5 6 9 
Structure 984: 13 9 3 12 1 16 2 4 
	-> 1 2 3 4 9 12 
Structure 985: 5 8 7 3 6 1 2 4 
	-> 1 2 3 4 5 6 7 8 
Structure 986: 5 56 20 3 6 1 2 4 
	-> 1 2 3 4 5 6 
Structure 987: 15 5 7 3 12 1 2 4 
	-> 1 2 3 4 5 7 12 
Structure 988: 26 5 9 3 6 1 16 2 4 
	-> 1 2 3 4 5 6 9 
Structure 989: 14 5 7 3 6 1 2 4 
	-> 1 2 3 4 5 6 7 
Structure 990: 5 9 10 3 6 1 2 4 
	-> 1 2 3 4 5 6 9 10 
Structure 991: 5 7 3 6 1 24 2 4 
	-> 1 2 3 4 5 6 7 
Structure 992: 5 9 30 6 1 2 4 
	-> 1 2 4 5 6 9 
Structure 993: 15 5 8 7 3 6 1 2 4 
	-> 1 2 3 4 5 6 7 8 
Structure 994: 15 5 10 3 6 1 52 2 4 
	-> 1 2 3 4 5 6 10 
Structure 995: 11 5 9 3 6 1 16 2 4 
	-> 1 2 3 4 5 6 9 11 
Structure 996: 15 5 9 3 6 1 19 2 4 
	-> 1 2 3 4 5 6 9 
Structure 997: 11 5 7 3 6 1 2 4 
	-> 1 2 3 4 5 6 7 11 
Structure 998: 11 5 9 3 6 1 2 4 
	-> 1 2 3 4 5 6 9 11 
Structure 999: 11 5 7 3 6 1 2 4 
	-> 1 2 3 4 5 6 7 11 
Structure 1000: 5 10 42 3 6 1 2 4 
	-> 1 2 3 4 5 6 7 11  