Processing /nethome/akirkpatrick3/Research/RNA/profiling/RNAStructProfilingConsolidation/output/training/FMN/Burkholderia.1_sfold/input/Burkholderia.1_sfold.out
Structure 1: 2 17 10 9 4 111 50 1 3 5 15 14 
	-> 1 2 3 4 5 9 10 14 15 
Structure 2: 2 68 80 81 8 4 7 6 1 3 5 19 
	-> 1 2 3 4 5 6 7 8 
Structure 3: 2 17 21 11 9 4 1 3 25 5 15 14 
	-> 1 2 3 4 5 9 11 14 15 
Structure 4: 2 17 21 11 8 4 7 6 1 3 5 15 19 
	-> 1 2 3 4 5 6 7 8 11 15 
Structure 5: 2 17 10 9 4 45 6 1 3 5 15 14 
	-> 1 2 3 4 5 6 9 10 14 15 
Structure 6: 2 10 78 12 27 4 49 43 46 28 1 3 5 
	-> 1 2 3 4 5 10 12 
Structure 7: 2 17 11 9 8 4 1 3 62 5 15 14 
	-> 1 2 3 4 5 8 9 11 14 15 
Structure 8: 2 71 11 66 54 26 4 7 6 1 3 5 
	-> 1 2 3 4 5 6 7 11 
Structure 9: 2 68 80 81 136 9 4 28 50 1 3 5 19 39 
	-> 1 2 3 4 5 9 
Structure 10: 2 17 21 11 9 4 1 3 30 29 5 19 39 
	-> 1 2 3 4 5 9 11 
Structure 11: 2 65 10 9 4 45 1 3 42 5 15 14 
	-> 1 2 3 4 5 9 10 14 15 
Structure 12: 2 71 11 66 54 4 7 6 1 3 5 
	-> 1 2 3 4 5 6 7 11 
Structure 13: 2 16 10 9 4 45 6 1 3 5 15 14 
	-> 1 2 3 4 5 6 9 10 14 15 16 
Structure 14: 2 17 21 11 9 4 6 1 3 42 41 5 19 
	-> 1 2 3 4 5 6 9 11 
Structure 15: 2 16 11 44 33 7 6 1 3 5 15 14 
	-> 1 2 3 5 6 7 11 14 15 16 
Structure 16: 2 17 21 11 9 4 1 3 5 15 14 
	-> 1 2 3 4 5 9 11 14 15 
Structure 17: 2 16 10 9 4 1 3 62 5 15 14 
	-> 1 2 3 4 5 9 10 14 15 16 
Structure 18: 2 17 21 11 9 4 28 50 1 3 137 52 32 
	-> 1 2 3 4 9 11 
Structure 19: 2 16 10 9 4 1 3 42 5 15 14 
	-> 1 2 3 4 5 9 10 14 15 16 
Structure 20: 2 37 10 57 33 7 6 1 3 5 15 14 
	-> 1 2 3 5 6 7 10 14 15 
Structure 21: 2 22 23 34 8 26 4 7 6 1 3 5 19 
	-> 1 2 3 4 5 6 7 8 
Structure 22: 2 16 11 9 4 1 3 25 5 15 14 
	-> 1 2 3 4 5 9 11 14 15 16 
Structure 23: 2 11 40 8 4 7 6 1 3 38 32 
	-> 1 2 3 4 6 7 8 11 
Structure 24: 2 17 10 9 4 28 53 1 3 5 15 14 
	-> 1 2 3 4 5 9 10 14 15 
Structure 25: 2 16 10 9 8 4 1 3 25 5 15 14 
	-> 1 2 3 4 5 8 9 10 14 15 16 
Structure 26: 2 11 12 9 4 60 69 1 3 30 29 5 
	-> 1 2 3 4 5 9 11 12 
Structure 27: 2 37 10 44 33 7 6 1 3 5 15 14 
	-> 1 2 3 5 6 7 10 14 15 
Structure 28: 2 17 11 9 4 112 55 1 3 13 18 20 
	-> 1 2 3 4 9 11 13 
Structure 29: 2 17 11 9 4 60 63 1 3 41 5 
	-> 1 2 3 4 5 9 11 
Structure 30: 2 11 12 9 4 7 6 1 3 13 24 31 
	-> 1 2 3 4 6 7 9 11 12 13 
Structure 31: 2 10 12 8 4 7 6 1 3 13 24 
	-> 1 2 3 4 6 7 8 10 12 13 
Structure 32: 2 17 11 8 4 7 6 1 3 5 15 14 
	-> 1 2 3 4 5 6 7 8 11 14 15 
Structure 33: 2 16 10 9 4 6 1 3 25 5 15 14 
	-> 1 2 3 4 5 6 9 10 14 15 16 
Structure 34: 2 35 36 12 8 26 4 7 6 1 3 13 18 20 
	-> 1 2 3 4 6 7 8 12 13 
Structure 35: 2 22 36 12 9 4 45 6 1 3 13 18 
	-> 1 2 3 4 6 9 12 13 
Structure 36: 2 22 23 12 8 26 4 7 6 1 3 13 24 
	-> 1 2 3 4 6 7 8 12 13 
Structure 37: 2 16 10 54 4 7 6 1 3 5 19 
	-> 1 2 3 4 5 6 7 10 16 
Structure 38: 2 10 40 8 4 7 6 1 3 52 32 
	-> 1 2 3 4 6 7 8 10 
Structure 39: 2 17 10 78 9 4 1 3 30 29 5 
	-> 1 2 3 4 5 9 10 
Structure 40: 2 16 10 9 8 4 6 1 3 82 38 32 
	-> 1 2 3 4 6 8 9 10 16 
Structure 41: 2 16 10 34 99 4 7 6 1 3 5 19 
	-> 1 2 3 4 5 6 7 10 16 
Structure 42: 2 22 23 12 8 4 7 6 1 3 13 18 20 
	-> 1 2 3 4 6 7 8 12 13 
Structure 43: 2 22 23 74 4 7 6 1 3 5 15 14 
	-> 1 2 3 4 5 6 7 14 15 
Structure 44: 2 17 10 9 4 92 69 1 3 30 29 5 
	-> 1 2 3 4 5 9 10 
Structure 45: 2 17 10 78 9 8 4 93 1 3 13 24 72 
	-> 1 2 3 4 8 9 10 13 
Structure 46: 2 16 10 8 4 7 6 1 3 13 24 
	-> 1 2 3 4 6 7 8 10 13 16 
Structure 47: 2 16 10 9 4 28 1 3 41 5 19 
	-> 1 2 3 4 5 9 10 16 
Structure 48: 2 17 10 9 4 28 50 1 3 5 15 14 
	-> 1 2 3 4 5 9 10 14 15 
Structure 49: 2 11 12 8 4 7 6 1 3 13 18 20 
	-> 1 2 3 4 6 7 8 11 12 13 
Structure 50: 2 37 58 44 33 83 1 3 5 15 14 
	-> 1 2 3 5 14 15 
Structure 51: 2 16 10 12 27 8 4 7 6 1 3 13 18 20 
	-> 1 2 3 4 6 7 8 10 12 13 16 
Structure 52: 2 10 12 27 8 26 4 7 6 1 3 13 18 20 
	-> 1 2 3 4 6 7 8 10 12 13 
Structure 53: 2 16 10 9 4 6 1 3 5 15 14 
	-> 1 2 3 4 5 6 9 10 14 15 16 
Structure 54: 2 16 10 9 4 1 3 42 5 15 14 
	-> 1 2 3 4 5 9 10 14 15 16 
Structure 55: 2 16 10 9 4 28 1 3 5 15 14 
	-> 1 2 3 4 5 9 10 14 15 16 
Structure 56: 2 22 23 12 8 4 7 6 1 3 13 24 
	-> 1 2 3 4 6 7 8 12 13 
Structure 57: 2 22 23 12 27 8 26 4 7 6 1 3 13 18 20 
	-> 1 2 3 4 6 7 8 12 13 
Structure 58: 2 17 11 9 4 28 1 3 5 14 
	-> 1 2 3 4 5 9 11 14 
Structure 59: 2 16 10 8 4 7 6 1 3 5 15 14 
	-> 1 2 3 4 5 6 7 8 10 14 15 16 
Structure 60: 2 16 10 54 4 7 6 1 3 5 19 
	-> 1 2 3 4 5 6 7 10 16 
Structure 61: 2 11 40 8 4 7 6 1 3 38 32 
	-> 1 2 3 4 6 7 8 11 
Structure 62: 2 22 36 12 8 4 7 6 1 3 13 24 
	-> 1 2 3 4 6 7 8 12 13 
Structure 63: 2 17 10 27 8 4 7 6 1 3 13 24 75 
	-> 1 2 3 4 6 7 8 10 13 
Structure 64: 2 11 12 8 4 7 6 1 3 13 18 20 
	-> 1 2 3 4 6 7 8 11 12 13 
Structure 65: 2 11 66 54 67 113 1 3 82 
	-> 1 2 3 11 
Structure 66: 2 10 12 9 4 1 3 30 29 5 
	-> 1 2 3 4 5 9 10 12 
Structure 67: 2 16 10 9 4 6 1 3 5 15 14 
	-> 1 2 3 4 5 6 9 10 14 15 16 
Structure 68: 2 16 10 9 4 6 1 3 5 15 14 
	-> 1 2 3 4 5 6 9 10 14 15 16 
Structure 69: 2 16 11 8 4 7 6 1 3 5 15 14 
	-> 1 2 3 4 5 6 7 8 11 14 15 16 
Structure 70: 2 11 12 27 8 4 69 1 3 30 29 5 
	-> 1 2 3 4 5 8 11 12 
Structure 71: 2 17 11 8 4 7 6 1 3 5 14 
	-> 1 2 3 4 5 6 7 8 11 14 
Structure 72: 2 11 12 8 26 4 7 6 1 3 13 18 20 
	-> 1 2 3 4 6 7 8 11 12 13 
Structure 73: 2 16 10 9 4 1 3 62 5 102 14 
	-> 1 2 3 4 5 9 10 14 16 
Structure 74: 2 21 36 12 8 4 7 6 1 3 13 18 20 
	-> 1 2 3 4 6 7 8 12 13 
Structure 75: 2 17 21 11 8 4 7 6 1 3 5 15 14 
	-> 1 2 3 4 5 6 7 8 11 14 15 
Structure 76: 2 11 12 27 8 4 7 6 1 3 13 64 24 31 
	-> 1 2 3 4 6 7 8 11 12 13 
Structure 77: 2 17 11 9 4 1 3 5 15 14 
	-> 1 2 3 4 5 9 11 14 15 
Structure 78: 2 22 23 12 27 8 4 7 6 1 3 13 18 20 
	-> 1 2 3 4 6 7 8 12 13 
Structure 79: 2 22 23 12 9 4 60 63 1 3 30 29 5 
	-> 1 2 3 4 5 9 12 
Structure 80: 2 10 12 9 4 60 63 1 3 30 29 5 
	-> 1 2 3 4 5 9 10 12 
Structure 81: 2 10 12 8 4 7 6 1 3 13 24 31 
	-> 1 2 3 4 6 7 8 10 12 13 
Structure 82: 2 17 11 9 4 28 53 1 3 5 76 19 39 
	-> 1 2 3 4 5 9 11 
Structure 83: 2 21 11 12 9 4 1 3 30 29 5 
	-> 1 2 3 4 5 9 11 12 
Structure 84: 2 11 47 12 27 4 70 7 6 1 3 41 5 
	-> 1 2 3 4 5 6 7 11 12 
Structure 85: 2 16 10 9 4 1 3 25 29 5 19 
	-> 1 2 3 4 5 9 10 16 
Structure 86: 2 16 10 9 4 6 1 3 5 15 14 
	-> 1 2 3 4 5 6 9 10 14 15 16 
Structure 87: 2 16 10 12 27 8 4 7 6 1 3 13 18 20 
	-> 1 2 3 4 6 7 8 10 12 13 16 
Structure 88: 2 17 10 9 4 6 1 3 82 38 32 
	-> 1 2 3 4 6 9 10 
Structure 89: 138 139 140 71 11 66 54 4 113 141 1 3 82 
	-> 1 3 4 11 
Structure 90: 2 65 21 11 9 4 1 3 25 59 5 19 
	-> 1 2 3 4 5 9 11 
Structure 91: 2 17 10 9 4 1 3 25 5 15 14 
	-> 1 2 3 4 5 9 10 14 15 
Structure 92: 2 22 23 12 9 4 60 63 1 3 30 29 5 
	-> 1 2 3 4 5 9 12 
Structure 93: 2 16 10 78 84 4 49 43 46 1 3 5 
	-> 1 2 3 4 5 10 16 
Structure 94: 2 22 23 12 8 4 7 6 1 3 13 24 75 
	-> 1 2 3 4 6 7 8 12 13 
Structure 95: 2 22 23 40 8 26 4 7 6 1 3 52 32 
	-> 1 2 3 4 6 7 8 
Structure 96: 2 17 10 9 4 1 3 25 5 19 39 
	-> 1 2 3 4 5 9 10 
Structure 97: 2 22 23 12 9 8 4 142 1 3 30 29 5 
	-> 1 2 3 4 5 8 9 12 
Structure 98: 2 17 21 11 9 4 28 1 3 5 94 19 
	-> 1 2 3 4 5 9 11 
Structure 99: 2 17 10 9 4 1 3 25 114 115 5 143 
	-> 1 2 3 4 5 9 10 
Structure 100: 2 11 47 12 8 4 7 6 1 3 13 24 
	-> 1 2 3 4 6 7 8 11 12 13 
Structure 101: 2 16 10 9 4 6 1 3 42 5 15 14 
	-> 1 2 3 4 5 6 9 10 14 15 16 
Structure 102: 2 88 10 11 12 27 8 4 7 6 1 3 13 24 72 
	-> 1 2 3 4 6 7 8 10 11 12 13 
Structure 103: 2 22 23 12 8 4 7 6 1 3 13 24 
	-> 1 2 3 4 6 7 8 12 13 
Structure 104: 2 17 11 9 4 45 1 3 5 15 14 
	-> 1 2 3 4 5 9 11 14 15 
Structure 105: 2 71 80 66 9 4 28 50 1 3 5 
	-> 1 2 3 4 5 9 
Structure 106: 2 79 11 9 4 6 1 3 144 145 38 
	-> 1 2 3 4 6 9 11 
Structure 107: 2 17 11 9 4 28 53 1 3 5 116 19 103 
	-> 1 2 3 4 5 9 11 
Structure 108: 2 16 10 9 4 6 1 3 5 15 14 
	-> 1 2 3 4 5 6 9 10 14 15 16 
Structure 109: 2 16 10 9 4 51 6 1 3 5 19 
	-> 1 2 3 4 5 6 9 10 16 
Structure 110: 2 17 11 9 4 6 1 3 5 15 14 
	-> 1 2 3 4 5 6 9 11 14 15 
Structure 111: 2 21 11 12 8 4 7 6 1 3 13 18 20 
	-> 1 2 3 4 6 7 8 11 12 13 
Structure 112: 2 21 11 12 8 26 4 7 6 1 3 13 24 31 
	-> 1 2 3 4 6 7 8 11 12 13 
Structure 113: 2 17 10 9 4 1 3 30 29 5 117 
	-> 1 2 3 4 5 9 10 
Structure 114: 2 37 11 44 33 7 6 1 3 5 15 14 
	-> 1 2 3 5 6 7 11 14 15 
Structure 115: 2 21 11 12 8 4 7 6 1 3 13 18 
	-> 1 2 3 4 6 7 8 11 12 13 
Structure 116: 2 11 12 8 4 7 6 1 3 13 24 31 
	-> 1 2 3 4 6 7 8 11 12 13 
Structure 117: 2 11 34 8 26 4 7 6 1 3 5 19 
	-> 1 2 3 4 5 6 7 8 11 
Structure 118: 2 16 10 9 4 28 50 1 3 41 5 19 
	-> 1 2 3 4 5 9 10 16 
Structure 119: 2 17 10 9 4 1 3 62 5 94 19 
	-> 1 2 3 4 5 9 10 
Structure 120: 2 21 11 12 8 4 7 6 1 3 13 18 95 85 
	-> 1 2 3 4 6 7 8 11 12 13 
Structure 121: 2 17 10 9 4 1 3 25 5 15 14 
	-> 1 2 3 4 5 9 10 14 15 
Structure 122: 2 17 21 11 9 4 93 1 3 30 29 5 
	-> 1 2 3 4 5 9 11 
Structure 123: 2 11 12 8 26 4 7 6 1 3 13 24 
	-> 1 2 3 4 6 7 8 11 12 13 
Structure 124: 2 22 23 34 8 4 7 6 1 3 5 19 
	-> 1 2 3 4 5 6 7 8 
Structure 125: 2 22 23 12 8 26 4 7 6 1 3 5 
	-> 1 2 3 4 5 6 7 8 12 
Structure 126: 2 35 36 54 4 7 6 1 3 5 19 
	-> 1 2 3 4 5 6 7 
Structure 127: 2 11 12 8 26 4 7 6 1 3 13 18 20 
	-> 1 2 3 4 6 7 8 11 12 13 
Structure 128: 2 16 10 8 4 7 6 1 3 5 15 
	-> 1 2 3 4 5 6 7 8 10 15 16 
Structure 129: 2 16 10 9 48 4 6 1 3 5 15 14 
	-> 1 2 3 4 5 6 9 10 14 15 16 
Structure 130: 2 22 23 12 8 4 7 6 1 3 13 18 20 
	-> 1 2 3 4 6 7 8 12 13 
Structure 131: 2 88 10 12 27 146 4 70 7 6 1 3 5 
	-> 1 2 3 4 5 6 7 10 12 
Structure 132: 2 16 10 9 4 28 50 1 3 41 5 19 
	-> 1 2 3 4 5 9 10 16 
Structure 133: 2 16 10 9 4 6 1 3 42 5 15 14 
	-> 1 2 3 4 5 6 9 10 14 15 16 
Structure 134: 2 37 11 57 33 7 6 1 3 5 15 14 
	-> 1 2 3 5 6 7 11 14 15 
Structure 135: 2 21 11 12 27 4 49 70 7 6 1 3 5 
	-> 1 2 3 4 5 6 7 11 12 
Structure 136: 2 35 36 12 8 4 7 6 1 3 13 24 31 
	-> 1 2 3 4 6 7 8 12 13 
Structure 137: 2 16 10 9 4 28 1 3 5 15 14 
	-> 1 2 3 4 5 9 10 14 15 16 
Structure 138: 2 22 23 34 8 4 7 6 1 3 5 147 19 39 
	-> 1 2 3 4 5 6 7 8 
Structure 139: 2 21 11 12 27 8 4 7 6 1 3 13 18 
	-> 1 2 3 4 6 7 8 11 12 13 
Structure 140: 2 22 23 40 8 26 4 7 6 1 3 38 32 
	-> 1 2 3 4 6 7 8 
Structure 141: 2 11 12 8 67 7 45 6 1 3 13 24 31 
	-> 1 2 3 6 7 8 11 12 13 
Structure 142: 2 17 10 9 4 1 3 25 5 15 14 
	-> 1 2 3 4 5 9 10 14 15 
Structure 143: 2 37 10 57 33 61 55 1 3 30 29 5 
	-> 1 2 3 5 10 
Structure 144: 2 21 11 12 27 8 4 7 6 1 3 13 18 20 
	-> 1 2 3 4 6 7 8 11 12 13 
Structure 145: 2 17 21 11 34 8 26 4 7 6 1 3 5 19 39 
	-> 1 2 3 4 5 6 7 8 11 
Structure 146: 2 11 73 40 8 4 7 6 1 3 38 32 
	-> 1 2 3 4 6 7 8 11 
Structure 147: 2 17 11 9 4 28 1 3 5 15 14 
	-> 1 2 3 4 5 9 11 14 15 
Structure 148: 2 16 10 9 4 28 1 3 5 15 14 
	-> 1 2 3 4 5 9 10 14 15 16 
Structure 149: 2 16 10 74 4 7 6 1 3 5 15 14 
	-> 1 2 3 4 5 6 7 10 14 15 16 
Structure 150: 2 96 11 9 4 1 3 25 5 15 14 
	-> 1 2 3 4 5 9 11 14 15 
Structure 151: 2 11 47 12 8 26 4 7 6 1 3 13 18 20 
	-> 1 2 3 4 6 7 8 11 12 13 
Structure 152: 2 22 23 12 8 26 4 7 6 1 3 13 18 20 
	-> 1 2 3 4 6 7 8 12 13 
Structure 153: 2 17 11 9 4 28 1 3 5 15 14 
	-> 1 2 3 4 5 9 11 14 15 
Structure 154: 2 36 73 40 9 4 6 1 3 38 32 
	-> 1 2 3 4 6 9 
Structure 155: 2 17 21 11 9 4 1 3 25 5 15 14 
	-> 1 2 3 4 5 9 11 14 15 
Structure 156: 2 10 12 8 4 7 6 1 3 13 18 104 
	-> 1 2 3 4 6 7 8 10 12 13 
Structure 157: 2 17 11 9 4 83 1 3 30 29 5 
	-> 1 2 3 4 5 9 11 
Structure 158: 2 148 11 12 8 4 7 6 1 3 13 24 75 
	-> 1 2 3 4 6 7 8 11 12 13 
Structure 159: 2 16 10 9 4 1 3 89 29 5 14 
	-> 1 2 3 4 5 9 10 14 16 
Structure 160: 2 10 12 8 4 7 6 1 3 41 5 
	-> 1 2 3 4 5 6 7 8 10 12 
Structure 161: 2 68 11 74 4 7 6 1 3 5 19 
	-> 1 2 3 4 5 6 7 11 
Structure 162: 2 22 23 12 27 4 49 43 28 1 3 5 
	-> 1 2 3 4 5 12 
Structure 163: 2 16 10 9 4 93 1 3 30 29 5 
	-> 1 2 3 4 5 9 10 16 
Structure 164: 2 11 47 12 8 4 7 6 1 3 13 18 
	-> 1 2 3 4 6 7 8 11 12 13 
Structure 165: 2 17 10 9 4 6 1 3 77 5 15 14 
	-> 1 2 3 4 5 6 9 10 14 15 
Structure 166: 2 35 36 34 8 4 7 6 1 3 5 19 39 
	-> 1 2 3 4 5 6 7 8 
Structure 167: 2 17 11 9 4 6 1 3 5 15 14 
	-> 1 2 3 4 5 6 9 11 14 15 
Structure 168: 2 17 11 9 4 1 3 25 5 15 14 
	-> 1 2 3 4 5 9 11 14 15 
Structure 169: 2 17 11 9 8 4 1 3 30 29 5 
	-> 1 2 3 4 5 8 9 11 
Structure 170: 2 16 10 9 48 4 28 53 1 3 13 24 31 
	-> 1 2 3 4 9 10 13 16 
Structure 171: 2 22 23 12 8 26 4 7 6 1 3 13 18 
	-> 1 2 3 4 6 7 8 12 13 
Structure 172: 2 16 10 8 4 7 6 1 3 5 15 14 
	-> 1 2 3 4 5 6 7 8 10 14 15 16 
Structure 173: 2 22 23 12 27 26 4 70 7 6 1 3 59 5 
	-> 1 2 3 4 5 6 7 12 
Structure 174: 2 16 10 8 4 7 6 1 3 5 15 14 
	-> 1 2 3 4 5 6 7 8 10 14 15 16 
Structure 175: 2 79 11 9 4 28 50 1 3 38 
	-> 1 2 3 4 9 11 
Structure 176: 2 17 21 11 9 4 1 3 25 59 5 19 39 
	-> 1 2 3 4 5 9 11 
Structure 177: 2 17 21 11 9 8 4 1 3 62 5 15 14 
	-> 1 2 3 4 5 8 9 11 14 15 
Structure 178: 2 21 11 12 8 4 7 6 1 3 13 18 20 
	-> 1 2 3 4 6 7 8 11 12 13 
Structure 179: 2 17 10 9 4 6 1 3 25 5 15 14 
	-> 1 2 3 4 5 6 9 10 14 15 
Structure 180: 2 17 10 34 8 4 7 6 1 3 5 19 
	-> 1 2 3 4 5 6 7 8 10 
Structure 181: 2 21 11 12 8 4 7 6 1 3 13 24 
	-> 1 2 3 4 6 7 8 11 12 13 
Structure 182: 2 22 23 12 8 26 4 7 6 1 3 13 64 24 31 
	-> 1 2 3 4 6 7 8 12 13 
Structure 183: 2 17 11 100 8 4 28 1 3 5 15 14 
	-> 1 2 3 4 5 8 11 14 15 
Structure 184: 2 68 80 81 74 4 7 6 1 3 5 19 103 
	-> 1 2 3 4 5 6 7 
Structure 185: 2 68 10 149 9 8 26 4 1 3 5 19 39 
	-> 1 2 3 4 5 8 9 10 
Structure 186: 2 16 10 9 4 6 1 3 25 5 15 14 
	-> 1 2 3 4 5 6 9 10 14 15 16 
Structure 187: 2 17 11 9 4 6 1 3 25 86 5 19 
	-> 1 2 3 4 5 6 9 11 
Structure 188: 2 16 10 9 4 51 1 3 5 15 14 
	-> 1 2 3 4 5 9 10 14 15 16 
Structure 189: 2 11 47 12 8 26 4 7 6 1 3 13 24 31 
	-> 1 2 3 4 6 7 8 11 12 13 
Structure 190: 2 21 11 34 8 4 7 6 1 3 5 19 39 
	-> 1 2 3 4 5 6 7 8 11 
Structure 191: 2 22 23 12 8 4 7 6 1 3 13 24 31 
	-> 1 2 3 4 6 7 8 12 13 
Structure 192: 2 17 11 9 4 6 1 3 30 29 5 19 
	-> 1 2 3 4 5 6 9 11 
Structure 193: 2 22 23 12 8 4 7 51 6 1 3 13 24 
	-> 1 2 3 4 6 7 8 12 13 
Structure 194: 2 22 23 12 27 4 49 70 46 28 1 3 5 
	-> 1 2 3 4 5 12 
Structure 195: 2 21 11 12 8 4 7 6 1 3 13 18 20 
	-> 1 2 3 4 6 7 8 11 12 13 
Structure 196: 2 21 11 12 8 4 7 6 1 3 13 18 95 85 
	-> 1 2 3 4 6 7 8 11 12 13 
Structure 197: 2 22 23 12 27 4 49 43 46 56 1 3 5 
	-> 1 2 3 4 5 12 
Structure 198: 2 35 36 12 27 8 4 7 6 1 3 13 18 20 
	-> 1 2 3 4 6 7 8 12 13 
Structure 199: 2 22 23 12 8 4 7 6 1 3 13 18 20 
	-> 1 2 3 4 6 7 8 12 13 
Structure 200: 2 37 10 44 33 7 6 1 3 5 15 14 
	-> 1 2 3 5 6 7 10 14 15 
Structure 201: 2 16 10 9 8 26 4 28 50 1 3 5 76 19 
	-> 1 2 3 4 5 8 9 10 16 
Structure 202: 2 17 10 9 26 4 1 3 5 15 14 
	-> 1 2 3 4 5 9 10 14 15 
Structure 203: 2 16 10 9 4 6 1 3 41 5 19 39 
	-> 1 2 3 4 5 6 9 10 16 
Structure 204: 2 21 11 12 8 4 7 51 6 1 3 13 18 
	-> 1 2 3 4 6 7 8 11 12 13 
Structure 205: 2 22 23 12 8 4 7 6 1 3 13 18 20 
	-> 1 2 3 4 6 7 8 12 13 
Structure 206: 2 105 11 12 27 8 4 7 6 1 3 13 24 
	-> 1 2 3 4 6 7 8 11 12 13 
Structure 207: 2 22 23 12 8 4 7 6 1 3 13 18 20 
	-> 1 2 3 4 6 7 8 12 13 
Structure 208: 2 35 36 12 8 4 7 6 1 3 13 18 
	-> 1 2 3 4 6 7 8 12 13 
Structure 209: 2 16 10 9 8 4 28 53 1 3 5 15 14 
	-> 1 2 3 4 5 8 9 10 14 15 16 
Structure 210: 2 22 23 12 8 26 4 7 6 1 3 13 18 20 
	-> 1 2 3 4 6 7 8 12 13 
Structure 211: 2 17 11 9 4 6 1 3 25 86 5 14 
	-> 1 2 3 4 5 6 9 11 14 
Structure 212: 2 11 73 40 8 4 7 6 1 3 38 32 
	-> 1 2 3 4 6 7 8 11 
Structure 213: 2 10 12 8 4 7 6 1 3 13 18 
	-> 1 2 3 4 6 7 8 10 12 13 
Structure 214: 2 17 11 9 4 51 6 1 3 5 15 14 
	-> 1 2 3 4 5 6 9 11 14 15 
Structure 215: 2 21 11 34 8 4 7 6 1 3 5 19 
	-> 1 2 3 4 5 6 7 8 11 
Structure 216: 2 22 23 34 8 26 4 7 6 1 3 5 19 
	-> 1 2 3 4 5 6 7 8 
Structure 217: 2 17 11 9 4 1 3 30 29 5 150 151 
	-> 1 2 3 4 5 9 11 
Structure 218: 2 11 12 8 4 7 6 1 3 13 24 
	-> 1 2 3 4 6 7 8 11 12 13 
Structure 219: 2 35 36 12 8 4 7 6 1 3 13 18 20 
	-> 1 2 3 4 6 7 8 12 13 
Structure 220: 2 35 36 12 8 4 7 6 1 3 5 
	-> 1 2 3 4 5 6 7 8 12 
Structure 221: 2 22 23 12 9 4 69 1 3 30 29 5 
	-> 1 2 3 4 5 9 12 
Structure 222: 2 16 10 34 8 4 7 6 1 3 5 19 39 
	-> 1 2 3 4 5 6 7 8 10 16 
Structure 223: 2 22 23 12 9 4 7 6 1 3 13 18 20 
	-> 1 2 3 4 6 7 9 12 13 
Structure 224: 2 16 10 9 4 6 1 3 42 5 15 14 
	-> 1 2 3 4 5 6 9 10 14 15 16 
Structure 225: 2 11 12 27 8 4 7 6 1 3 13 18 20 
	-> 1 2 3 4 6 7 8 11 12 13 
Structure 226: 2 17 11 9 48 4 1 3 25 5 15 14 
	-> 1 2 3 4 5 9 11 14 15 
Structure 227: 2 10 12 8 4 7 6 1 3 13 18 20 
	-> 1 2 3 4 6 7 8 10 12 13 
Structure 228: 2 22 23 12 27 8 4 7 6 1 3 13 24 31 
	-> 1 2 3 4 6 7 8 12 13 
Structure 229: 2 106 16 10 9 4 45 6 1 3 5 19 
	-> 1 2 3 4 5 6 9 10 16 
Structure 230: 2 17 11 9 48 4 1 3 25 5 15 14 
	-> 1 2 3 4 5 9 11 14 15 
Structure 231: 2 68 58 9 4 1 3 5 19 
	-> 1 2 3 4 5 9 
Structure 232: 2 10 12 8 4 7 6 1 3 13 18 20 
	-> 1 2 3 4 6 7 8 10 12 13 
Structure 233: 2 11 12 27 4 49 43 46 56 1 3 5 
	-> 1 2 3 4 5 11 12 
Structure 234: 2 10 12 4 49 43 46 56 1 3 5 
	-> 1 2 3 4 5 10 12 
Structure 235: 2 21 11 12 9 4 1 3 30 29 5 
	-> 1 2 3 4 5 9 11 12 
Structure 236: 2 16 10 9 4 6 1 3 42 5 15 14 
	-> 1 2 3 4 5 6 9 10 14 15 16 
Structure 237: 2 22 11 12 8 4 7 6 1 3 13 18 20 
	-> 1 2 3 4 6 7 8 11 12 13 
Structure 238: 2 17 11 54 4 7 6 1 3 5 19 103 
	-> 1 2 3 4 5 6 7 11 
Structure 239: 2 21 11 9 4 1 3 25 5 15 14 
	-> 1 2 3 4 5 9 11 14 15 
Structure 240: 2 10 12 27 8 4 7 6 1 3 13 18 20 
	-> 1 2 3 4 6 7 8 10 12 13 
Structure 241: 2 16 10 9 4 28 50 1 3 152 52 32 
	-> 1 2 3 4 9 10 16 
Structure 242: 2 16 10 9 4 6 1 3 5 15 14 
	-> 1 2 3 4 5 6 9 10 14 15 16 
Structure 243: 2 16 10 9 4 1 3 62 42 5 15 14 
	-> 1 2 3 4 5 9 10 14 15 16 
Structure 244: 2 36 73 40 8 4 7 6 1 3 38 32 
	-> 1 2 3 4 6 7 8 
Structure 245: 2 96 58 9 4 1 3 62 5 19 39 
	-> 1 2 3 4 5 9 
Structure 246: 2 16 10 9 4 90 1 3 30 29 5 
	-> 1 2 3 4 5 9 10 16 
Structure 247: 2 21 11 12 8 4 7 6 1 3 13 18 20 
	-> 1 2 3 4 6 7 8 11 12 13 
Structure 248: 2 21 11 12 8 4 7 6 1 3 13 64 24 31 
	-> 1 2 3 4 6 7 8 11 12 13 
Structure 249: 2 21 11 12 27 33 118 153 7 6 1 3 5 
	-> 1 2 3 5 6 7 11 12 
Structure 250: 2 16 10 9 4 6 1 3 25 5 15 14 
	-> 1 2 3 4 5 6 9 10 14 15 16 
Structure 251: 2 17 21 11 9 4 28 1 3 5 15 14 
	-> 1 2 3 4 5 9 11 14 15 
Structure 252: 2 65 21 11 9 4 90 1 3 25 86 59 5 15 14 
	-> 1 2 3 4 5 9 11 14 15 
Structure 253: 2 16 10 9 4 28 50 1 3 5 15 14 
	-> 1 2 3 4 5 9 10 14 15 16 
Structure 254: 2 17 11 54 4 7 6 1 3 5 19 39 
	-> 1 2 3 4 5 6 7 11 
Structure 255: 2 10 12 8 4 7 6 1 3 13 18 20 
	-> 1 2 3 4 6 7 8 10 12 13 
Structure 256: 2 11 47 12 8 4 69 1 3 30 29 5 
	-> 1 2 3 4 5 8 11 12 
Structure 257: 2 11 12 9 4 28 1 3 13 24 
	-> 1 2 3 4 9 11 12 13 
Structure 258: 2 35 36 12 8 4 7 6 1 3 13 18 20 
	-> 1 2 3 4 6 7 8 12 13 
Structure 259: 2 22 23 12 27 8 26 4 7 6 1 3 13 18 20 
	-> 1 2 3 4 6 7 8 12 13 
Structure 260: 2 16 10 9 4 1 3 25 41 5 19 
	-> 1 2 3 4 5 9 10 16 
Structure 261: 2 21 11 12 8 26 4 7 6 1 3 13 18 20 
	-> 1 2 3 4 6 7 8 11 12 13 
Structure 262: 2 22 23 12 8 26 4 7 6 1 3 13 24 31 
	-> 1 2 3 4 6 7 8 12 13 
Structure 263: 2 91 11 9 4 1 3 5 19 
	-> 1 2 3 4 5 9 11 
Structure 264: 2 16 10 9 4 28 1 3 5 15 14 
	-> 1 2 3 4 5 9 10 14 15 16 
Structure 265: 2 16 10 9 4 1 3 25 5 15 14 
	-> 1 2 3 4 5 9 10 14 15 16 
Structure 266: 2 16 10 9 8 4 28 53 1 3 5 15 14 
	-> 1 2 3 4 5 8 9 10 14 15 16 
Structure 267: 2 22 23 12 8 4 7 6 1 3 13 24 72 
	-> 1 2 3 4 6 7 8 12 13 
Structure 268: 2 17 10 74 4 7 6 1 3 5 15 14 
	-> 1 2 3 4 5 6 7 10 14 15 
Structure 269: 2 17 11 9 4 1 3 5 15 14 
	-> 1 2 3 4 5 9 11 14 15 
Structure 270: 2 16 10 9 4 45 6 1 3 42 5 15 14 
	-> 1 2 3 4 5 6 9 10 14 15 16 
Structure 271: 2 16 10 9 4 1 3 25 5 15 14 
	-> 1 2 3 4 5 9 10 14 15 16 
Structure 272: 2 16 10 9 8 4 1 3 25 119 5 19 
	-> 1 2 3 4 5 8 9 10 16 
Structure 273: 2 17 11 9 4 120 1 3 97 52 32 
	-> 1 2 3 4 9 11 
Structure 274: 2 10 12 27 8 4 7 6 1 3 13 18 
	-> 1 2 3 4 6 7 8 10 12 13 
Structure 275: 2 16 10 9 8 4 154 1 3 13 18 
	-> 1 2 3 4 8 9 10 13 16 
Structure 276: 2 17 11 9 26 4 28 1 3 5 
	-> 1 2 3 4 5 9 11 
Structure 277: 2 16 10 9 4 1 3 25 5 15 14 
	-> 1 2 3 4 5 9 10 14 15 16 
Structure 278: 2 22 23 12 8 4 7 51 6 1 3 13 18 20 
	-> 1 2 3 4 6 7 8 12 13 
Structure 279: 2 35 11 12 9 4 28 1 3 41 5 
	-> 1 2 3 4 5 9 11 12 
Structure 280: 2 22 23 12 27 121 67 43 46 56 1 3 5 
	-> 1 2 3 5 12 
Structure 281: 2 11 47 12 8 26 4 7 6 1 3 5 
	-> 1 2 3 4 5 6 7 8 11 12 
Structure 282: 2 21 11 34 8 26 4 7 6 1 3 5 19 
	-> 1 2 3 4 5 6 7 8 11 
Structure 283: 2 22 23 12 8 26 4 7 6 1 3 13 24 72 
	-> 1 2 3 4 6 7 8 12 13 
Structure 284: 2 65 11 9 4 1 3 25 5 15 14 
	-> 1 2 3 4 5 9 11 14 15 
Structure 285: 2 155 10 12 27 8 4 7 6 1 3 13 24 72 
	-> 1 2 3 4 6 7 8 10 12 13 
Structure 286: 2 11 12 156 4 43 46 56 1 3 5 
	-> 1 2 3 4 5 11 12 
Structure 287: 2 37 80 81 44 33 7 6 1 3 5 76 19 39 
	-> 1 2 3 5 6 7 
Structure 288: 2 22 23 12 8 4 7 6 1 3 13 18 20 
	-> 1 2 3 4 6 7 8 12 13 
Structure 289: 2 17 11 9 4 51 6 1 3 5 19 
	-> 1 2 3 4 5 6 9 11 
Structure 290: 2 37 58 44 33 61 55 1 3 30 29 5 
	-> 1 2 3 5 
Structure 291: 2 22 11 12 9 4 122 69 1 3 30 29 5 
	-> 1 2 3 4 5 9 11 12 
Structure 292: 2 37 11 44 33 61 55 1 3 30 29 5 
	-> 1 2 3 5 11 
Structure 293: 2 17 11 9 4 1 3 25 5 15 14 
	-> 1 2 3 4 5 9 11 14 15 
Structure 294: 2 16 10 84 4 49 43 46 56 1 3 5 
	-> 1 2 3 4 5 10 16 
Structure 295: 2 16 10 9 4 1 3 25 5 15 14 
	-> 1 2 3 4 5 9 10 14 15 16 
Structure 296: 2 17 10 9 4 1 3 25 5 15 14 
	-> 1 2 3 4 5 9 10 14 15 
Structure 297: 2 35 11 12 8 4 7 6 1 3 13 18 20 
	-> 1 2 3 4 6 7 8 11 12 13 
Structure 298: 2 35 11 12 27 8 4 7 6 1 3 13 18 20 
	-> 1 2 3 4 6 7 8 11 12 13 
Structure 299: 2 17 11 44 33 157 112 55 1 3 30 29 5 
	-> 1 2 3 5 11 
Structure 300: 2 10 12 9 4 60 69 1 3 30 29 5 
	-> 1 2 3 4 5 9 10 12 
Structure 301: 2 17 11 9 4 1 3 25 5 15 14 
	-> 1 2 3 4 5 9 11 14 15 
Structure 302: 2 17 11 9 48 4 1 3 25 5 15 14 
	-> 1 2 3 4 5 9 11 14 15 
Structure 303: 2 88 11 12 27 4 49 43 46 45 1 3 5 
	-> 1 2 3 4 5 11 12 
Structure 304: 158 107 71 10 34 8 4 7 6 1 3 5 
	-> 1 3 4 5 6 7 8 10 
Structure 305: 2 37 10 44 33 7 6 1 3 5 15 14 
	-> 1 2 3 5 6 7 10 14 15 
Structure 306: 2 10 12 8 4 7 6 1 3 13 24 31 
	-> 1 2 3 4 6 7 8 10 12 13 
Structure 307: 2 35 36 12 8 4 7 6 1 3 13 64 24 72 
	-> 1 2 3 4 6 7 8 12 13 
Structure 308: 2 10 34 8 4 7 6 1 3 5 19 39 
	-> 1 2 3 4 5 6 7 8 10 
Structure 309: 2 22 23 12 8 26 4 7 6 1 3 13 64 24 31 
	-> 1 2 3 4 6 7 8 12 13 
Structure 310: 2 17 10 9 4 28 53 1 3 5 15 14 
	-> 1 2 3 4 5 9 10 14 15 
Structure 311: 2 22 23 12 27 8 4 7 6 1 3 5 
	-> 1 2 3 4 5 6 7 8 12 
Structure 312: 2 17 10 9 4 1 3 25 5 15 14 
	-> 1 2 3 4 5 9 10 14 15 
Structure 313: 2 16 10 9 8 26 4 1 3 5 15 14 
	-> 1 2 3 4 5 8 9 10 14 15 16 
Structure 314: 2 16 10 9 4 6 1 3 5 15 14 
	-> 1 2 3 4 5 6 9 10 14 15 16 
Structure 315: 2 10 12 8 26 4 7 6 1 3 13 18 20 
	-> 1 2 3 4 6 7 8 10 12 13 
Structure 316: 2 16 10 9 4 28 53 1 3 5 15 14 
	-> 1 2 3 4 5 9 10 14 15 16 
Structure 317: 2 22 23 12 8 4 7 6 1 3 13 18 20 
	-> 1 2 3 4 6 7 8 12 13 
Structure 318: 2 16 10 9 4 6 1 3 25 5 15 14 
	-> 1 2 3 4 5 6 9 10 14 15 16 
Structure 319: 2 159 16 10 9 4 1 3 5 19 
	-> 1 2 3 4 5 9 10 16 
Structure 320: 2 17 21 11 9 4 92 1 3 30 29 5 
	-> 1 2 3 4 5 9 11 
Structure 321: 2 16 10 9 4 6 1 3 5 15 14 
	-> 1 2 3 4 5 6 9 10 14 15 16 
Structure 322: 2 16 10 9 4 6 1 3 5 19 39 
	-> 1 2 3 4 5 6 9 10 16 
Structure 323: 2 21 11 40 8 4 7 6 1 3 38 32 
	-> 1 2 3 4 6 7 8 11 
Structure 324: 2 17 21 11 9 4 28 50 1 3 5 15 14 
	-> 1 2 3 4 5 9 11 14 15 
Structure 325: 2 79 108 10 9 4 6 1 3 38 32 
	-> 1 2 3 4 6 9 10 
Structure 326: 2 16 10 9 4 6 1 3 38 32 
	-> 1 2 3 4 6 9 10 16 
Structure 327: 2 35 36 40 8 4 7 6 1 3 38 
	-> 1 2 3 4 6 7 8 
Structure 328: 2 16 10 9 4 1 3 89 41 5 19 
	-> 1 2 3 4 5 9 10 16 
Structure 329: 2 17 21 11 9 48 4 28 1 3 5 15 14 
	-> 1 2 3 4 5 9 11 14 15 
Structure 330: 2 16 10 9 4 6 1 3 42 5 15 14 
	-> 1 2 3 4 5 6 9 10 14 15 16 
Structure 331: 2 17 10 9 4 92 1 3 30 29 5 
	-> 1 2 3 4 5 9 10 
Structure 332: 2 10 12 8 26 4 7 6 1 3 13 24 31 
	-> 1 2 3 4 6 7 8 10 12 13 
Structure 333: 2 17 10 9 4 1 3 29 5 76 19 
	-> 1 2 3 4 5 9 10 
Structure 334: 2 16 10 9 4 6 1 3 42 5 15 14 
	-> 1 2 3 4 5 6 9 10 14 15 16 
Structure 335: 2 22 23 12 8 4 7 6 1 3 13 18 20 
	-> 1 2 3 4 6 7 8 12 13 
Structure 336: 2 16 10 9 4 1 3 25 5 15 14 
	-> 1 2 3 4 5 9 10 14 15 16 
Structure 337: 2 22 23 12 8 4 7 6 1 3 13 18 20 
	-> 1 2 3 4 6 7 8 12 13 
Structure 338: 2 11 40 8 26 4 7 6 1 3 160 38 
	-> 1 2 3 4 6 7 8 11 
Structure 339: 2 17 10 9 4 60 63 1 3 30 29 5 
	-> 1 2 3 4 5 9 10 
Structure 340: 2 22 36 12 27 8 4 7 6 1 3 13 18 20 
	-> 1 2 3 4 6 7 8 12 13 
Structure 341: 2 16 10 9 48 4 1 3 89 29 5 19 
	-> 1 2 3 4 5 9 10 16 
Structure 342: 2 16 10 9 4 1 3 25 86 41 5 19 
	-> 1 2 3 4 5 9 10 16 
Structure 343: 2 10 12 4 49 43 7 6 1 3 5 
	-> 1 2 3 4 5 6 7 10 12 
Structure 344: 2 16 10 9 4 1 3 25 5 15 14 
	-> 1 2 3 4 5 9 10 14 15 16 
Structure 345: 2 16 10 9 8 4 123 1 3 29 5 19 
	-> 1 2 3 4 5 8 9 10 16 
Structure 346: 2 21 11 12 8 4 7 6 1 3 13 18 20 
	-> 1 2 3 4 6 7 8 11 12 13 
Structure 347: 2 16 10 9 4 1 3 30 5 117 
	-> 1 2 3 4 5 9 10 16 
Structure 348: 2 11 73 40 8 4 7 6 1 3 38 32 
	-> 1 2 3 4 6 7 8 11 
Structure 349: 2 79 108 161 58 9 4 1 98 38 32 
	-> 1 2 4 9 
Structure 350: 2 10 12 8 26 4 7 6 1 3 13 18 20 
	-> 1 2 3 4 6 7 8 10 12 13 
Structure 351: 2 16 10 8 4 7 6 1 3 5 15 14 
	-> 1 2 3 4 5 6 7 8 10 14 15 16 
Structure 352: 2 10 12 27 8 26 4 60 63 1 3 30 29 5 
	-> 1 2 3 4 5 8 10 12 
Structure 353: 2 162 96 10 9 4 1 3 25 5 15 14 
	-> 1 2 3 4 5 9 10 14 15 
Structure 354: 163 2 17 11 9 4 28 53 1 3 5 15 14 
	-> 1 2 3 4 5 9 11 14 15 
Structure 355: 2 16 10 11 9 8 4 6 1 3 25 5 15 14 
	-> 1 2 3 4 5 6 8 9 10 11 14 15 16 
Structure 356: 2 37 10 57 33 7 6 1 3 5 15 14 
	-> 1 2 3 5 6 7 10 14 15 
Structure 357: 2 22 23 12 8 4 60 63 1 3 30 29 5 
	-> 1 2 3 4 5 8 12 
Structure 358: 2 10 12 8 26 4 7 6 1 3 13 18 20 
	-> 1 2 3 4 6 7 8 10 12 13 
Structure 359: 2 10 12 8 4 7 6 1 3 13 18 20 
	-> 1 2 3 4 6 7 8 10 12 13 
Structure 360: 2 17 11 9 4 28 50 1 3 5 15 14 
	-> 1 2 3 4 5 9 11 14 15 
Structure 361: 2 21 11 12 27 33 7 6 1 3 13 18 20 
	-> 1 2 3 6 7 11 12 13 
Structure 362: 2 10 12 8 4 7 6 1 3 13 64 24 
	-> 1 2 3 4 6 7 8 10 12 13 
Structure 363: 2 17 21 11 9 4 1 3 25 5 19 
	-> 1 2 3 4 5 9 11 
Structure 364: 2 16 10 9 4 1 3 25 5 15 14 
	-> 1 2 3 4 5 9 10 14 15 16 
Structure 365: 2 16 10 9 8 4 90 1 3 25 114 5 14 
	-> 1 2 3 4 5 8 9 10 14 16 
Structure 366: 2 16 10 9 4 60 63 1 3 5 
	-> 1 2 3 4 5 9 10 16 
Structure 367: 2 11 12 8 26 4 7 6 1 3 13 24 31 
	-> 1 2 3 4 6 7 8 11 12 13 
Structure 368: 2 22 23 12 8 67 7 6 1 3 13 18 
	-> 1 2 3 6 7 8 12 13 
Structure 369: 2 17 21 11 9 48 4 1 3 25 41 5 19 
	-> 1 2 3 4 5 9 11 
Structure 370: 2 124 11 74 4 7 6 1 3 52 32 
	-> 1 2 3 4 6 7 11 
Structure 371: 2 16 10 9 8 4 45 6 1 3 42 5 15 14 
	-> 1 2 3 4 5 6 8 9 10 14 15 16 
Structure 372: 2 21 11 12 8 4 7 6 1 3 13 18 20 
	-> 1 2 3 4 6 7 8 11 12 13 
Structure 373: 2 21 11 40 8 4 7 6 1 3 52 32 
	-> 1 2 3 4 6 7 8 11 
Structure 374: 2 10 12 27 8 4 7 6 1 3 5 
	-> 1 2 3 4 5 6 7 8 10 12 
Structure 375: 2 16 10 9 4 69 1 3 30 29 5 
	-> 1 2 3 4 5 9 10 16 
Structure 376: 2 17 10 9 4 1 3 25 5 19 
	-> 1 2 3 4 5 9 10 
Structure 377: 2 16 10 9 48 4 1 3 25 41 5 19 39 
	-> 1 2 3 4 5 9 10 16 
Structure 378: 2 21 11 12 8 26 4 43 46 56 1 3 5 
	-> 1 2 3 4 5 8 11 12 
Structure 379: 2 22 23 12 8 48 4 7 6 1 3 13 18 20 
	-> 1 2 3 4 6 7 8 12 13 
Structure 380: 2 11 47 12 8 4 7 6 1 3 13 24 
	-> 1 2 3 4 6 7 8 11 12 13 
Structure 381: 2 21 11 12 27 8 4 7 6 1 3 13 24 31 
	-> 1 2 3 4 6 7 8 11 12 13 
Structure 382: 2 22 23 40 164 8 4 7 6 1 3 38 32 
	-> 1 2 3 4 6 7 8 
Structure 383: 2 22 23 12 8 4 7 6 1 3 13 18 
	-> 1 2 3 4 6 7 8 12 13 
Structure 384: 2 16 11 9 4 1 3 5 15 14 
	-> 1 2 3 4 5 9 11 14 15 16 
Structure 385: 2 16 10 9 4 1 3 29 5 19 
	-> 1 2 3 4 5 9 10 16 
Structure 386: 2 37 11 44 33 6 1 3 86 5 14 
	-> 1 2 3 5 6 11 14 
Structure 387: 2 10 12 8 4 7 6 1 3 13 18 20 
	-> 1 2 3 4 6 7 8 10 12 13 
Structure 388: 2 16 10 9 4 1 3 42 5 19 
	-> 1 2 3 4 5 9 10 16 
Structure 389: 2 11 12 8 26 4 7 6 1 3 13 18 20 
	-> 1 2 3 4 6 7 8 11 12 13 
Structure 390: 2 22 23 12 8 4 7 6 1 3 13 24 31 
	-> 1 2 3 4 6 7 8 12 13 
Structure 391: 2 17 10 9 4 61 55 1 3 30 29 5 
	-> 1 2 3 4 5 9 10 
Structure 392: 2 22 23 12 8 4 7 51 6 1 3 13 18 20 
	-> 1 2 3 4 6 7 8 12 13 
Structure 393: 2 96 10 9 4 1 3 30 29 5 
	-> 1 2 3 4 5 9 10 
Structure 394: 2 21 11 12 27 4 70 7 6 1 3 5 
	-> 1 2 3 4 5 6 7 11 12 
Structure 395: 2 21 11 12 8 4 7 6 1 3 13 18 20 
	-> 1 2 3 4 6 7 8 11 12 13 
Structure 396: 2 10 12 9 4 7 6 1 3 13 18 20 
	-> 1 2 3 4 6 7 9 10 12 13 
Structure 397: 2 22 23 12 8 4 7 6 1 3 5 
	-> 1 2 3 4 5 6 7 8 12 
Structure 398: 2 16 10 9 4 6 1 3 89 101 41 5 19 39 
	-> 1 2 3 4 5 6 9 10 16 
Structure 399: 2 22 23 34 8 26 4 7 6 1 3 5 19 
	-> 1 2 3 4 5 6 7 8 
Structure 400: 2 22 23 12 8 4 7 6 1 3 13 18 20 
	-> 1 2 3 4 6 7 8 12 13 
Structure 401: 2 16 10 9 4 6 1 3 25 5 15 14 
	-> 1 2 3 4 5 6 9 10 14 15 16 
Structure 402: 2 17 11 9 4 1 3 52 87 
	-> 1 2 3 4 9 11 
Structure 403: 2 10 40 8 26 4 7 6 1 3 52 32 
	-> 1 2 3 4 6 7 8 10 
Structure 404: 2 22 23 40 8 4 7 6 1 3 52 32 
	-> 1 2 3 4 6 7 8 
Structure 405: 2 16 10 8 67 7 6 1 3 5 15 14 
	-> 1 2 3 5 6 7 8 10 14 15 16 
Structure 406: 2 22 23 12 8 4 7 6 1 3 13 18 20 
	-> 1 2 3 4 6 7 8 12 13 
Structure 407: 2 16 10 9 4 45 6 1 3 42 5 15 14 
	-> 1 2 3 4 5 6 9 10 14 15 16 
Structure 408: 2 17 10 34 8 4 7 6 1 3 5 19 39 
	-> 1 2 3 4 5 6 7 8 10 
Structure 409: 2 37 11 44 33 61 55 1 3 30 29 5 
	-> 1 2 3 5 11 
Structure 410: 2 17 11 9 4 1 3 42 5 15 14 
	-> 1 2 3 4 5 9 11 14 15 
Structure 411: 2 16 10 57 33 165 7 6 1 3 5 15 14 
	-> 1 2 3 5 6 7 10 14 15 16 
Structure 412: 2 21 11 12 8 4 7 6 1 3 13 18 20 
	-> 1 2 3 4 6 7 8 11 12 13 
Structure 413: 2 35 36 34 8 4 7 6 1 3 5 19 
	-> 1 2 3 4 5 6 7 8 
Structure 414: 2 65 21 11 74 4 7 51 6 1 3 5 15 14 
	-> 1 2 3 4 5 6 7 11 14 15 
Structure 415: 2 16 10 9 4 61 55 1 3 30 29 5 
	-> 1 2 3 4 5 9 10 16 
Structure 416: 2 16 10 9 8 4 1 3 25 5 15 14 
	-> 1 2 3 4 5 8 9 10 14 15 16 
Structure 417: 2 22 23 12 4 49 43 46 45 6 1 3 5 
	-> 1 2 3 4 5 6 12 
Structure 418: 2 17 10 9 4 28 1 3 5 15 14 
	-> 1 2 3 4 5 9 10 14 15 
Structure 419: 2 21 11 12 8 4 7 6 1 3 13 18 85 
	-> 1 2 3 4 6 7 8 11 12 13 
Structure 420: 2 17 11 9 4 93 1 3 30 29 5 
	-> 1 2 3 4 5 9 11 
Structure 421: 2 21 11 12 8 67 7 6 1 3 13 24 31 
	-> 1 2 3 6 7 8 11 12 13 
Structure 422: 2 17 11 9 4 50 1 3 42 5 19 
	-> 1 2 3 4 5 9 11 
Structure 423: 2 11 47 12 8 4 7 6 1 3 13 24 31 
	-> 1 2 3 4 6 7 8 11 12 13 
Structure 424: 2 11 12 8 4 7 6 1 3 13 24 109 
	-> 1 2 3 4 6 7 8 11 12 13 
Structure 425: 2 106 16 10 9 4 28 1 3 5 19 39 
	-> 1 2 3 4 5 9 10 16 
Structure 426: 2 105 36 12 27 8 4 7 6 1 3 13 18 
	-> 1 2 3 4 6 7 8 12 13 
Structure 427: 2 22 23 12 8 4 60 63 1 3 30 29 5 
	-> 1 2 3 4 5 8 12 
Structure 428: 2 16 10 9 8 26 4 1 3 25 5 15 14 
	-> 1 2 3 4 5 8 9 10 14 15 16 
Structure 429: 2 35 36 34 8 26 4 7 6 1 3 5 19 
	-> 1 2 3 4 5 6 7 8 
Structure 430: 2 16 10 9 8 4 83 1 3 59 5 19 39 
	-> 1 2 3 4 5 8 9 10 16 
Structure 431: 2 10 12 8 4 7 6 1 3 13 24 
	-> 1 2 3 4 6 7 8 10 12 13 
Structure 432: 2 16 10 84 4 7 6 1 3 13 18 20 
	-> 1 2 3 4 6 7 10 13 16 
Structure 433: 2 16 10 9 4 93 1 3 30 29 5 
	-> 1 2 3 4 5 9 10 16 
Structure 434: 2 11 12 8 4 7 6 1 3 13 24 31 
	-> 1 2 3 4 6 7 8 11 12 13 
Structure 435: 2 11 12 8 4 7 6 1 3 13 18 20 
	-> 1 2 3 4 6 7 8 11 12 13 
Structure 436: 2 16 10 9 4 1 3 5 15 14 
	-> 1 2 3 4 5 9 10 14 15 16 
Structure 437: 2 37 10 4 7 6 1 3 5 15 14 
	-> 1 2 3 4 5 6 7 10 14 15 
Structure 438: 2 35 11 12 27 4 49 43 46 56 1 3 5 
	-> 1 2 3 4 5 11 12 
Structure 439: 2 105 12 27 8 4 7 6 1 3 13 18 20 
	-> 1 2 3 4 6 7 8 12 13 
Structure 440: 2 37 10 57 33 61 55 1 3 30 29 5 
	-> 1 2 3 5 10 
Structure 441: 2 16 10 9 4 28 50 1 3 5 15 14 
	-> 1 2 3 4 5 9 10 14 15 16 
Structure 442: 2 124 16 10 9 4 28 53 1 3 52 32 
	-> 1 2 3 4 9 10 16 
Structure 443: 2 11 40 8 4 7 6 1 3 38 32 
	-> 1 2 3 4 6 7 8 11 
Structure 444: 2 11 73 40 8 26 4 7 6 1 3 38 32 
	-> 1 2 3 4 6 7 8 11 
Structure 445: 2 17 11 9 4 28 53 1 3 13 18 104 
	-> 1 2 3 4 9 11 13 
Structure 446: 2 11 34 8 4 7 6 1 3 5 19 
	-> 1 2 3 4 5 6 7 8 11 
Structure 447: 2 17 21 11 166 54 4 7 6 1 3 5 19 
	-> 1 2 3 4 5 6 7 11 
Structure 448: 2 16 10 8 48 4 7 6 1 3 5 15 14 
	-> 1 2 3 4 5 6 7 8 10 14 15 16 
Structure 449: 2 10 11 12 8 4 7 6 1 3 13 24 31 
	-> 1 2 3 4 6 7 8 10 11 12 13 
Structure 450: 2 22 23 12 8 4 7 6 1 3 13 18 20 
	-> 1 2 3 4 6 7 8 12 13 
Structure 451: 2 16 10 9 4 1 3 25 5 15 14 
	-> 1 2 3 4 5 9 10 14 15 16 
Structure 452: 2 22 11 12 67 7 6 1 3 13 18 20 
	-> 1 2 3 6 7 11 12 13 
Structure 453: 2 16 10 9 4 1 3 5 15 14 
	-> 1 2 3 4 5 9 10 14 15 16 
Structure 454: 2 125 35 36 34 8 26 4 7 6 1 3 5 19 
	-> 1 2 3 4 5 6 7 8 
Structure 455: 2 17 11 9 4 1 3 25 5 15 14 
	-> 1 2 3 4 5 9 11 14 15 
Structure 456: 2 22 23 12 8 4 7 6 1 3 13 24 31 
	-> 1 2 3 4 6 7 8 12 13 
Structure 457: 2 16 10 9 4 6 1 3 62 5 15 14 
	-> 1 2 3 4 5 6 9 10 14 15 16 
Structure 458: 2 16 10 9 4 167 1 3 30 29 5 
	-> 1 2 3 4 5 9 10 16 
Structure 459: 2 22 11 12 8 4 7 6 1 3 13 24 31 
	-> 1 2 3 4 6 7 8 11 12 13 
Structure 460: 2 37 11 57 33 7 6 1 3 5 14 
	-> 1 2 3 5 6 7 11 14 
Structure 461: 2 16 10 9 4 45 6 1 3 42 5 15 14 
	-> 1 2 3 4 5 6 9 10 14 15 16 
Structure 462: 2 79 11 9 4 45 6 1 3 52 32 
	-> 1 2 3 4 6 9 11 
Structure 463: 2 37 10 44 33 61 55 1 3 30 29 5 
	-> 1 2 3 5 10 
Structure 464: 2 22 23 12 27 8 4 7 6 1 3 13 18 20 
	-> 1 2 3 4 6 7 8 12 13 
Structure 465: 2 37 58 44 33 51 6 1 3 42 5 15 14 
	-> 1 2 3 5 6 14 15 
Structure 466: 2 16 10 9 4 46 56 1 3 5 19 
	-> 1 2 3 4 5 9 10 16 
Structure 467: 2 11 12 27 8 4 7 6 1 3 13 18 20 
	-> 1 2 3 4 6 7 8 11 12 13 
Structure 468: 2 16 10 9 4 123 1 3 5 19 39 
	-> 1 2 3 4 5 9 10 16 
Structure 469: 2 21 11 12 8 4 7 6 1 3 13 18 20 
	-> 1 2 3 4 6 7 8 11 12 13 
Structure 470: 2 16 10 9 8 4 28 1 3 5 15 14 
	-> 1 2 3 4 5 8 9 10 14 15 16 
Structure 471: 2 21 11 12 27 8 4 7 6 1 3 13 24 31 
	-> 1 2 3 4 6 7 8 11 12 13 
Structure 472: 2 16 10 9 4 92 1 3 30 29 5 
	-> 1 2 3 4 5 9 10 16 
Structure 473: 2 91 10 8 4 7 6 1 3 5 19 
	-> 1 2 3 4 5 6 7 8 10 
Structure 474: 2 21 11 12 27 8 4 7 6 1 3 13 18 
	-> 1 2 3 4 6 7 8 11 12 13 
Structure 475: 2 16 10 9 8 4 1 3 25 5 19 
	-> 1 2 3 4 5 8 9 10 16 
Structure 476: 2 17 10 9 4 6 1 3 5 15 14 
	-> 1 2 3 4 5 6 9 10 14 15 
Structure 477: 2 16 10 9 4 6 1 3 5 15 14 
	-> 1 2 3 4 5 6 9 10 14 15 16 
Structure 478: 2 35 36 12 8 4 7 6 1 3 13 18 
	-> 1 2 3 4 6 7 8 12 13 
Structure 479: 2 16 10 9 4 1 3 41 5 19 39 
	-> 1 2 3 4 5 9 10 16 
Structure 480: 2 107 71 11 66 54 48 4 7 6 1 3 5 
	-> 1 2 3 4 5 6 7 11 
Structure 481: 2 16 10 9 4 1 3 77 5 15 14 
	-> 1 2 3 4 5 9 10 14 15 16 
Structure 482: 2 17 21 11 9 4 6 1 3 5 15 14 
	-> 1 2 3 4 5 6 9 11 14 15 
Structure 483: 2 16 10 9 48 4 1 3 25 5 15 14 
	-> 1 2 3 4 5 9 10 14 15 16 
Structure 484: 2 16 10 9 4 1 3 30 29 5 
	-> 1 2 3 4 5 9 10 16 
Structure 485: 2 11 47 12 8 4 7 6 1 3 13 24 31 
	-> 1 2 3 4 6 7 8 11 12 13 
Structure 486: 2 91 10 74 4 7 6 1 3 5 19 
	-> 1 2 3 4 5 6 7 10 
Structure 487: 2 16 10 9 48 4 28 53 1 3 168 38 32 
	-> 1 2 3 4 9 10 16 
Structure 488: 2 16 10 9 4 61 55 1 3 30 29 5 
	-> 1 2 3 4 5 9 10 16 
Structure 489: 2 169 47 12 27 4 49 70 7 6 1 3 5 
	-> 1 2 3 4 5 6 7 12 
Structure 490: 2 16 10 9 4 1 3 5 15 14 
	-> 1 2 3 4 5 9 10 14 15 16 
Structure 491: 2 11 12 8 4 7 6 1 3 13 18 20 
	-> 1 2 3 4 6 7 8 11 12 13 
Structure 492: 2 11 47 12 8 26 4 7 6 1 3 13 18 95 85 
	-> 1 2 3 4 6 7 8 11 12 13 
Structure 493: 2 17 11 9 4 6 1 3 25 86 5 19 
	-> 1 2 3 4 5 6 9 11 
Structure 494: 2 17 11 9 4 45 6 1 3 5 126 15 14 
	-> 1 2 3 4 5 6 9 11 14 15 
Structure 495: 2 17 10 9 4 28 1 3 41 5 19 
	-> 1 2 3 4 5 9 10 
Structure 496: 2 21 11 34 8 26 4 7 6 1 3 5 19 39 
	-> 1 2 3 4 5 6 7 8 11 
Structure 497: 2 22 23 12 8 4 7 6 1 3 13 18 20 
	-> 1 2 3 4 6 7 8 12 13 
Structure 498: 2 10 12 8 4 7 6 1 3 13 18 20 
	-> 1 2 3 4 6 7 8 10 12 13 
Structure 499: 2 16 10 9 4 28 1 3 5 15 14 
	-> 1 2 3 4 5 9 10 14 15 16 
Structure 500: 2 17 11 9 4 1 3 5 15 14 
	-> 1 2 3 4 5 9 11 14 15 
Structure 501: 2 10 12 8 26 4 7 6 1 3 13 18 20 
	-> 1 2 3 4 6 7 8 10 12 13 
Structure 502: 2 21 11 66 54 4 170 7 6 1 3 5 
	-> 1 2 3 4 5 6 7 11 
Structure 503: 2 35 11 34 8 26 4 7 6 1 3 5 19 
	-> 1 2 3 4 5 6 7 8 11 
Structure 504: 2 65 35 36 9 48 4 1 3 25 5 15 14 
	-> 1 2 3 4 5 9 14 15 
Structure 505: 2 10 12 8 4 7 6 1 3 5 127 
	-> 1 2 3 4 5 6 7 8 10 12 
Structure 506: 2 10 12 8 26 4 7 6 1 3 13 24 
	-> 1 2 3 4 6 7 8 10 12 13 
Structure 507: 2 16 10 9 4 1 3 25 5 15 14 
	-> 1 2 3 4 5 9 10 14 15 16 
Structure 508: 2 17 10 9 4 1 3 25 5 15 14 
	-> 1 2 3 4 5 9 10 14 15 
Structure 509: 2 10 12 27 67 49 43 46 6 1 3 5 
	-> 1 2 3 5 6 10 12 
Structure 510: 2 37 10 57 33 7 6 1 3 5 19 
	-> 1 2 3 5 6 7 10 
Structure 511: 2 21 11 12 8 4 7 6 1 3 13 24 31 
	-> 1 2 3 4 6 7 8 11 12 13 
Structure 512: 2 16 10 9 4 60 63 1 3 41 5 
	-> 1 2 3 4 5 9 10 16 
Structure 513: 2 22 23 12 27 8 26 4 7 6 1 3 5 
	-> 1 2 3 4 5 6 7 8 12 
Structure 514: 2 17 11 9 4 6 1 3 42 5 15 14 
	-> 1 2 3 4 5 6 9 11 14 15 
Structure 515: 2 171 10 34 8 4 7 6 1 3 5 172 
	-> 1 2 3 4 5 6 7 8 10 
Structure 516: 2 16 10 8 26 4 128 7 6 1 3 5 15 14 
	-> 1 2 3 4 5 6 7 8 10 14 15 16 
Structure 517: 2 22 23 12 173 174 1 3 30 29 5 
	-> 1 2 3 5 12 
Structure 518: 2 22 23 12 9 4 1 3 30 29 5 
	-> 1 2 3 4 5 9 12 
Structure 519: 2 10 12 8 4 7 6 1 3 13 18 20 
	-> 1 2 3 4 6 7 8 10 12 13 
Structure 520: 2 17 21 36 9 4 1 3 62 129 5 15 14 
	-> 1 2 3 4 5 9 14 15 
Structure 521: 2 21 11 40 8 4 7 6 1 3 52 87 
	-> 1 2 3 4 6 7 8 11 
Structure 522: 2 17 11 9 4 51 6 1 3 5 15 14 
	-> 1 2 3 4 5 6 9 11 14 15 
Structure 523: 2 16 10 78 9 4 28 50 1 3 5 15 14 
	-> 1 2 3 4 5 9 10 14 15 16 
Structure 524: 2 11 47 12 8 4 7 6 1 3 41 5 
	-> 1 2 3 4 5 6 7 8 11 12 
Structure 525: 2 21 11 34 8 4 7 6 1 3 5 19 
	-> 1 2 3 4 5 6 7 8 11 
Structure 526: 2 37 58 44 33 7 6 1 3 175 176 52 32 
	-> 1 2 3 6 7 
Structure 527: 2 22 23 12 8 4 7 6 1 3 13 24 130 
	-> 1 2 3 4 6 7 8 12 13 
Structure 528: 2 17 10 9 4 45 6 1 3 41 5 19 
	-> 1 2 3 4 5 6 9 10 
Structure 529: 2 22 23 12 27 8 26 4 7 6 1 3 13 64 24 31 
	-> 1 2 3 4 6 7 8 12 13 
Structure 530: 2 16 10 9 4 28 1 3 5 15 14 
	-> 1 2 3 4 5 9 10 14 15 16 
Structure 531: 2 17 21 11 57 33 7 6 1 3 5 15 14 
	-> 1 2 3 5 6 7 11 14 15 
Structure 532: 2 68 58 9 8 4 28 50 1 3 5 19 
	-> 1 2 3 4 5 8 9 
Structure 533: 2 17 21 11 9 48 4 1 3 25 5 15 14 
	-> 1 2 3 4 5 9 11 14 15 
Structure 534: 2 21 11 12 8 26 4 7 6 1 3 13 18 20 
	-> 1 2 3 4 6 7 8 11 12 13 
Structure 535: 2 21 11 12 8 4 7 6 1 3 13 24 
	-> 1 2 3 4 6 7 8 11 12 13 
Structure 536: 2 91 16 10 9 4 28 1 3 5 19 
	-> 1 2 3 4 5 9 10 16 
Structure 537: 2 17 10 11 9 4 28 1 3 5 15 14 
	-> 1 2 3 4 5 9 10 11 14 15 
Structure 538: 2 17 11 9 4 1 3 25 59 5 19 39 
	-> 1 2 3 4 5 9 11 
Structure 539: 2 16 10 9 4 1 3 5 15 14 
	-> 1 2 3 4 5 9 10 14 15 16 
Structure 540: 2 131 16 10 9 4 1 3 25 5 19 39 
	-> 1 2 3 4 5 9 10 16 
Structure 541: 2 11 47 12 27 4 49 43 46 56 1 3 5 
	-> 1 2 3 4 5 11 12 
Structure 542: 2 22 23 12 27 8 4 7 6 1 3 13 64 24 31 
	-> 1 2 3 4 6 7 8 12 13 
Structure 543: 2 16 10 8 26 4 7 6 1 3 5 15 14 
	-> 1 2 3 4 5 6 7 8 10 14 15 16 
Structure 544: 2 37 10 44 33 61 55 1 3 30 29 5 
	-> 1 2 3 5 10 
Structure 545: 2 16 11 9 4 6 1 3 42 5 14 
	-> 1 2 3 4 5 6 9 11 14 16 
Structure 546: 2 22 23 12 27 4 49 43 46 28 1 3 5 
	-> 1 2 3 4 5 12 
Structure 547: 2 37 58 57 33 7 6 1 3 5 15 14 
	-> 1 2 3 5 6 7 14 15 
Structure 548: 2 16 10 9 8 4 6 1 3 5 76 19 
	-> 1 2 3 4 5 6 8 9 10 16 
Structure 549: 2 10 12 27 9 4 7 6 1 3 13 24 
	-> 1 2 3 4 6 7 9 10 12 13 
Structure 550: 2 68 10 9 4 45 6 1 3 5 19 
	-> 1 2 3 4 5 6 9 10 
Structure 551: 2 16 10 9 48 4 28 1 3 5 15 14 
	-> 1 2 3 4 5 9 10 14 15 16 
Structure 552: 2 11 47 12 9 8 4 111 6 1 3 13 64 24 72 
	-> 1 2 3 4 6 8 9 11 12 13 
Structure 553: 2 65 21 11 54 4 7 6 1 3 5 19 
	-> 1 2 3 4 5 6 7 11 
Structure 554: 2 17 11 9 4 1 3 25 5 15 14 
	-> 1 2 3 4 5 9 11 14 15 
Structure 555: 2 17 11 9 4 1 98 25 5 15 14 
	-> 1 2 4 5 9 11 14 15 
Structure 556: 2 10 12 27 8 26 4 7 6 1 3 13 18 85 
	-> 1 2 3 4 6 7 8 10 12 13 
Structure 557: 2 35 36 12 8 4 7 6 1 3 13 24 
	-> 1 2 3 4 6 7 8 12 13 
Structure 558: 2 21 11 12 27 4 70 7 6 1 3 41 5 
	-> 1 2 3 4 5 6 7 11 12 
Structure 559: 2 17 21 11 9 4 1 3 25 5 15 14 
	-> 1 2 3 4 5 9 11 14 15 
Structure 560: 2 10 12 27 8 4 7 6 1 3 13 24 75 
	-> 1 2 3 4 6 7 8 10 12 13 
Structure 561: 2 22 23 12 8 4 7 6 1 3 13 18 20 
	-> 1 2 3 4 6 7 8 12 13 
Structure 562: 2 22 23 12 27 9 4 7 6 1 3 13 24 31 
	-> 1 2 3 4 6 7 9 12 13 
Structure 563: 2 22 23 12 8 26 4 7 6 1 3 13 18 20 
	-> 1 2 3 4 6 7 8 12 13 
Structure 564: 2 17 21 11 9 4 1 3 25 5 14 
	-> 1 2 3 4 5 9 11 14 
Structure 565: 2 17 11 9 26 4 1 3 25 5 15 14 
	-> 1 2 3 4 5 9 11 14 15 
Structure 566: 2 16 10 9 8 4 1 3 62 5 15 14 
	-> 1 2 3 4 5 8 9 10 14 15 16 
Structure 567: 2 10 12 8 4 7 6 1 3 13 18 20 
	-> 1 2 3 4 6 7 8 10 12 13 
Structure 568: 2 16 10 9 4 6 1 3 5 76 19 
	-> 1 2 3 4 5 6 9 10 16 
Structure 569: 2 11 12 8 4 7 6 1 3 13 24 31 
	-> 1 2 3 4 6 7 8 11 12 13 
Structure 570: 2 21 11 40 8 4 7 6 1 3 38 32 
	-> 1 2 3 4 6 7 8 11 
Structure 571: 2 37 10 57 33 61 55 1 3 177 5 
	-> 1 2 3 5 10 
Structure 572: 2 21 11 12 8 4 7 6 1 3 13 64 24 75 
	-> 1 2 3 4 6 7 8 11 12 13 
Structure 573: 2 11 12 8 4 7 6 1 3 5 32 
	-> 1 2 3 4 5 6 7 8 11 12 
Structure 574: 2 22 23 12 8 4 7 6 1 3 13 18 20 
	-> 1 2 3 4 6 7 8 12 13 
Structure 575: 2 35 36 178 8 4 7 6 1 3 38 32 
	-> 1 2 3 4 6 7 8 
Structure 576: 2 17 10 9 4 1 3 25 5 15 14 
	-> 1 2 3 4 5 9 10 14 15 
Structure 577: 2 11 34 8 26 4 7 51 1 3 5 19 39 
	-> 1 2 3 4 5 7 8 11 
Structure 578: 2 10 12 27 8 26 4 7 6 1 3 13 18 20 
	-> 1 2 3 4 6 7 8 10 12 13 
Structure 579: 2 16 10 9 8 4 1 3 25 41 5 19 
	-> 1 2 3 4 5 8 9 10 16 
Structure 580: 2 22 23 12 8 4 7 6 1 3 13 18 20 
	-> 1 2 3 4 6 7 8 12 13 
Structure 581: 2 16 11 9 4 28 50 1 3 5 15 14 
	-> 1 2 3 4 5 9 11 14 15 16 
Structure 582: 2 65 35 36 9 48 4 6 1 3 5 15 14 
	-> 1 2 3 4 5 6 9 14 15 
Structure 583: 2 17 21 11 9 4 1 3 30 29 5 179 
	-> 1 2 3 4 5 9 11 
Structure 584: 2 22 23 12 8 4 7 6 1 3 13 18 
	-> 1 2 3 4 6 7 8 12 13 
Structure 585: 2 22 23 12 27 4 49 70 7 6 1 3 41 5 
	-> 1 2 3 4 5 6 7 12 
Structure 586: 2 21 11 12 8 4 7 6 1 3 13 24 
	-> 1 2 3 4 6 7 8 11 12 13 
Structure 587: 2 16 10 9 4 45 6 1 3 77 5 15 14 
	-> 1 2 3 4 5 6 9 10 14 15 16 
Structure 588: 2 35 36 12 8 4 7 51 6 1 3 13 24 31 
	-> 1 2 3 4 6 7 8 12 13 
Structure 589: 2 22 23 12 8 4 7 6 1 3 13 18 20 
	-> 1 2 3 4 6 7 8 12 13 
Structure 590: 2 21 11 12 8 4 7 6 1 3 13 18 20 
	-> 1 2 3 4 6 7 8 11 12 13 
Structure 591: 2 65 35 36 9 8 4 28 1 3 5 15 14 
	-> 1 2 3 4 5 8 9 14 15 
Structure 592: 2 17 21 11 9 4 45 6 1 3 101 59 5 19 
	-> 1 2 3 4 5 6 9 11 
Structure 593: 2 16 10 9 99 4 28 1 3 41 5 19 
	-> 1 2 3 4 5 9 10 16 
Structure 594: 2 22 23 34 8 4 7 6 1 3 5 19 39 
	-> 1 2 3 4 5 6 7 8 
Structure 595: 2 17 11 84 4 49 43 46 56 1 3 5 
	-> 1 2 3 4 5 11 
Structure 596: 2 17 21 11 9 4 60 63 1 3 30 29 5 
	-> 1 2 3 4 5 9 11 
Structure 597: 2 17 11 9 48 4 45 1 3 42 5 15 14 
	-> 1 2 3 4 5 9 11 14 15 
Structure 598: 2 22 23 12 27 8 4 7 51 6 1 3 41 5 
	-> 1 2 3 4 5 6 7 8 12 
Structure 599: 2 10 12 27 8 4 7 6 1 3 13 18 20 
	-> 1 2 3 4 6 7 8 10 12 13 
Structure 600: 2 22 23 12 8 26 4 7 6 1 3 13 18 20 
	-> 1 2 3 4 6 7 8 12 13 
Structure 601: 2 16 10 9 4 6 1 3 42 5 15 14 
	-> 1 2 3 4 5 6 9 10 14 15 16 
Structure 602: 2 17 11 9 8 4 1 3 25 5 15 14 
	-> 1 2 3 4 5 8 9 11 14 15 
Structure 603: 2 22 23 40 8 4 7 6 1 3 38 32 
	-> 1 2 3 4 6 7 8 
Structure 604: 2 16 10 9 4 1 3 25 5 15 14 
	-> 1 2 3 4 5 9 10 14 15 16 
Structure 605: 2 22 23 40 8 4 7 6 1 3 52 32 
	-> 1 2 3 4 6 7 8 
Structure 606: 2 16 10 9 8 4 45 6 1 3 5 15 14 
	-> 1 2 3 4 5 6 8 9 10 14 15 16 
Structure 607: 2 17 11 9 4 45 1 3 5 15 14 
	-> 1 2 3 4 5 9 11 14 15 
Structure 608: 2 22 23 12 27 8 4 7 6 1 3 13 24 72 
	-> 1 2 3 4 6 7 8 12 13 
Structure 609: 2 37 58 44 33 7 6 1 3 5 15 14 
	-> 1 2 3 5 6 7 14 15 
Structure 610: 2 35 36 34 8 4 7 6 1 3 5 19 
	-> 1 2 3 4 5 6 7 8 
Structure 611: 2 16 10 9 4 1 98 25 5 15 14 
	-> 1 2 4 5 9 10 14 15 16 
Structure 612: 2 10 12 27 4 49 43 46 56 1 3 5 
	-> 1 2 3 4 5 10 12 
Structure 613: 2 16 10 8 4 7 6 1 3 110 132 87 
	-> 1 2 3 4 6 7 8 10 16 
Structure 614: 2 17 11 9 4 7 51 6 1 3 5 15 14 
	-> 1 2 3 4 5 6 7 9 11 14 15 
Structure 615: 2 10 12 8 4 7 6 1 3 41 5 
	-> 1 2 3 4 5 6 7 8 10 12 
Structure 616: 2 79 108 11 8 4 7 6 1 3 38 32 
	-> 1 2 3 4 6 7 8 11 
Structure 617: 2 16 10 9 4 1 3 25 5 15 14 
	-> 1 2 3 4 5 9 10 14 15 16 
Structure 618: 2 35 11 12 8 4 7 6 1 3 5 127 
	-> 1 2 3 4 5 6 7 8 11 12 
Structure 619: 2 16 10 8 4 7 6 1 3 5 15 14 
	-> 1 2 3 4 5 6 7 8 10 14 15 16 
Structure 620: 2 17 10 84 4 49 43 51 6 1 3 119 5 
	-> 1 2 3 4 5 6 10 
Structure 621: 2 11 47 12 8 26 4 7 6 1 3 5 
	-> 1 2 3 4 5 6 7 8 11 12 
Structure 622: 2 37 58 44 33 7 6 1 3 5 15 14 
	-> 1 2 3 5 6 7 14 15 
Structure 623: 2 37 11 44 33 1 3 89 5 14 
	-> 1 2 3 5 11 14 
Structure 624: 2 10 12 8 4 60 63 1 3 30 29 5 
	-> 1 2 3 4 5 8 10 12 
Structure 625: 2 16 10 9 4 1 3 25 5 15 14 
	-> 1 2 3 4 5 9 10 14 15 16 
Structure 626: 2 16 10 9 8 4 6 1 3 77 59 5 19 
	-> 1 2 3 4 5 6 8 9 10 16 
Structure 627: 2 11 12 8 4 7 6 1 3 13 18 20 
	-> 1 2 3 4 6 7 8 11 12 13 
Structure 628: 2 16 10 9 4 6 1 3 5 15 14 
	-> 1 2 3 4 5 6 9 10 14 15 16 
Structure 629: 2 17 11 9 4 1 3 180 110 87 
	-> 1 2 3 4 9 11 
Structure 630: 2 21 11 12 27 8 4 7 6 1 3 13 18 
	-> 1 2 3 4 6 7 8 11 12 13 
Structure 631: 2 37 10 44 33 7 6 1 3 5 15 14 
	-> 1 2 3 5 6 7 10 14 15 
Structure 632: 2 17 21 11 9 8 4 1 3 30 29 5 
	-> 1 2 3 4 5 8 9 11 
Structure 633: 2 10 12 8 4 7 6 1 3 13 24 31 
	-> 1 2 3 4 6 7 8 10 12 13 
Structure 634: 2 11 47 12 8 4 7 6 1 3 13 18 20 
	-> 1 2 3 4 6 7 8 11 12 13 
Structure 635: 2 16 10 9 4 1 3 25 5 15 14 
	-> 1 2 3 4 5 9 10 14 15 16 
Structure 636: 2 22 23 12 8 4 43 46 56 1 3 5 
	-> 1 2 3 4 5 8 12 
Structure 637: 2 17 10 9 4 6 1 3 5 15 14 
	-> 1 2 3 4 5 6 9 10 14 15 
Structure 638: 2 16 10 8 26 4 7 6 1 3 5 15 14 
	-> 1 2 3 4 5 6 7 8 10 14 15 16 
Structure 639: 2 17 11 9 4 28 1 3 41 5 19 
	-> 1 2 3 4 5 9 11 
Structure 640: 2 10 12 27 8 4 7 1 3 13 18 20 
	-> 1 2 3 4 7 8 10 12 13 
Structure 641: 2 10 40 8 4 7 6 1 3 38 32 
	-> 1 2 3 4 6 7 8 10 
Structure 642: 2 22 23 12 27 8 4 7 6 1 3 13 18 
	-> 1 2 3 4 6 7 8 12 13 
Structure 643: 2 22 23 12 8 4 7 6 1 3 13 24 
	-> 1 2 3 4 6 7 8 12 13 
Structure 644: 2 21 11 12 8 4 7 6 1 3 13 24 
	-> 1 2 3 4 6 7 8 11 12 13 
Structure 645: 2 16 10 9 8 4 28 1 3 5 15 14 
	-> 1 2 3 4 5 8 9 10 14 15 16 
Structure 646: 2 11 12 8 4 7 6 1 3 13 18 20 
	-> 1 2 3 4 6 7 8 11 12 13 
Structure 647: 2 10 12 8 4 7 6 1 3 13 18 20 
	-> 1 2 3 4 6 7 8 10 12 13 
Structure 648: 2 16 10 9 8 26 4 1 3 82 181 38 32 
	-> 1 2 3 4 8 9 10 16 
Structure 649: 2 68 11 133 9 4 1 3 97 5 19 39 
	-> 1 2 3 4 5 9 11 
Structure 650: 2 11 40 8 26 4 7 6 1 3 52 32 
	-> 1 2 3 4 6 7 8 11 
Structure 651: 2 22 23 12 9 4 60 63 1 3 30 29 5 
	-> 1 2 3 4 5 9 12 
Structure 652: 2 17 21 11 9 4 1 3 77 5 15 14 
	-> 1 2 3 4 5 9 11 14 15 
Structure 653: 2 17 11 8 4 7 6 1 3 5 15 14 
	-> 1 2 3 4 5 6 7 8 11 14 15 
Structure 654: 2 22 23 40 8 4 7 6 1 3 38 
	-> 1 2 3 4 6 7 8 
Structure 655: 2 16 10 9 4 1 3 25 5 15 14 
	-> 1 2 3 4 5 9 10 14 15 16 
Structure 656: 2 22 23 47 12 8 4 7 6 1 3 13 24 
	-> 1 2 3 4 6 7 8 12 13 
Structure 657: 2 16 10 8 4 7 6 1 3 5 15 14 
	-> 1 2 3 4 5 6 7 8 10 14 15 16 
Structure 658: 2 17 11 9 4 83 182 1 3 30 29 5 
	-> 1 2 3 4 5 9 11 
Structure 659: 2 16 10 9 4 28 50 1 3 5 15 14 
	-> 1 2 3 4 5 9 10 14 15 16 
Structure 660: 2 11 12 8 4 7 6 1 3 13 18 20 
	-> 1 2 3 4 6 7 8 11 12 13 
Structure 661: 2 79 11 74 4 7 6 1 3 38 
	-> 1 2 3 4 6 7 11 
Structure 662: 2 22 23 12 9 4 55 1 3 30 29 5 
	-> 1 2 3 4 5 9 12 
Structure 663: 2 17 10 9 4 1 3 59 5 19 
	-> 1 2 3 4 5 9 10 
Structure 664: 2 10 78 12 8 4 7 6 1 3 13 18 20 
	-> 1 2 3 4 6 7 8 10 12 13 
Structure 665: 2 16 10 34 8 4 7 6 1 3 5 19 
	-> 1 2 3 4 5 6 7 8 10 16 
Structure 666: 2 17 21 11 9 4 1 3 41 5 19 
	-> 1 2 3 4 5 9 11 
Structure 667: 2 35 36 12 8 4 7 6 1 3 13 18 20 
	-> 1 2 3 4 6 7 8 12 13 
Structure 668: 2 22 23 40 8 4 7 6 1 3 38 32 
	-> 1 2 3 4 6 7 8 
Structure 669: 2 16 10 9 4 28 1 3 5 15 14 
	-> 1 2 3 4 5 9 10 14 15 16 
Structure 670: 2 21 11 12 8 4 7 6 1 3 13 18 95 85 
	-> 1 2 3 4 6 7 8 11 12 13 
Structure 671: 2 35 36 12 8 4 7 6 1 3 13 24 
	-> 1 2 3 4 6 7 8 12 13 
Structure 672: 2 22 23 12 8 26 4 7 6 1 3 13 24 31 
	-> 1 2 3 4 6 7 8 12 13 
Structure 673: 2 16 10 9 4 1 3 82 38 
	-> 1 2 3 4 9 10 16 
Structure 674: 2 35 36 12 8 4 7 6 1 3 13 18 20 
	-> 1 2 3 4 6 7 8 12 13 
Structure 675: 2 37 80 81 57 33 51 183 1 3 5 15 14 
	-> 1 2 3 5 14 15 
Structure 676: 2 17 21 11 9 4 28 53 1 3 5 15 14 
	-> 1 2 3 4 5 9 11 14 15 
Structure 677: 2 21 11 12 8 4 7 6 1 3 13 18 20 
	-> 1 2 3 4 6 7 8 11 12 13 
Structure 678: 2 17 11 9 4 1 3 62 5 15 14 
	-> 1 2 3 4 5 9 11 14 15 
Structure 679: 2 16 10 9 8 4 1 3 25 5 15 14 
	-> 1 2 3 4 5 8 9 10 14 15 16 
Structure 680: 2 17 10 84 4 49 43 46 28 50 1 3 5 
	-> 1 2 3 4 5 10 
Structure 681: 2 11 47 12 8 4 7 6 1 3 13 64 24 31 
	-> 1 2 3 4 6 7 8 11 12 13 
Structure 682: 2 16 10 9 8 4 28 1 3 5 15 14 
	-> 1 2 3 4 5 8 9 10 14 15 16 
Structure 683: 2 17 10 9 8 4 1 3 25 5 15 14 
	-> 1 2 3 4 5 8 9 10 14 15 
Structure 684: 2 22 23 12 8 4 7 6 1 3 13 18 20 
	-> 1 2 3 4 6 7 8 12 13 
Structure 685: 2 16 10 8 4 184 1 3 30 29 5 
	-> 1 2 3 4 5 8 10 16 
Structure 686: 2 22 23 12 27 8 26 4 7 6 1 3 13 18 20 
	-> 1 2 3 4 6 7 8 12 13 
Structure 687: 2 11 40 8 4 7 6 1 3 38 32 
	-> 1 2 3 4 6 7 8 11 
Structure 688: 2 16 10 9 4 28 1 3 5 15 14 
	-> 1 2 3 4 5 9 10 14 15 16 
Structure 689: 2 22 23 12 27 8 4 7 6 1 3 13 24 31 
	-> 1 2 3 4 6 7 8 12 13 
Structure 690: 2 16 10 9 8 4 6 1 3 41 5 19 
	-> 1 2 3 4 5 6 8 9 10 16 
Structure 691: 2 21 11 12 8 4 7 6 1 3 13 24 31 
	-> 1 2 3 4 6 7 8 11 12 13 
Structure 692: 2 35 36 12 8 4 7 6 1 3 13 24 31 
	-> 1 2 3 4 6 7 8 12 13 
Structure 693: 2 11 40 8 4 7 6 1 3 52 32 
	-> 1 2 3 4 6 7 8 11 
Structure 694: 2 16 10 9 4 1 3 25 5 15 14 
	-> 1 2 3 4 5 9 10 14 15 16 
Structure 695: 2 17 11 9 48 4 1 3 25 5 102 14 
	-> 1 2 3 4 5 9 11 14 
Structure 696: 2 16 10 9 4 1 3 89 59 5 14 
	-> 1 2 3 4 5 9 10 14 16 
Structure 697: 2 17 10 9 8 4 1 3 59 5 76 19 
	-> 1 2 3 4 5 8 9 10 
Structure 698: 2 17 11 8 26 4 7 6 1 3 5 15 14 
	-> 1 2 3 4 5 6 7 8 11 14 15 
Structure 699: 2 22 23 34 8 4 7 6 1 3 5 19 
	-> 1 2 3 4 5 6 7 8 
Structure 700: 2 17 11 9 4 83 1 3 5 15 14 
	-> 1 2 3 4 5 9 11 14 15 
Structure 701: 2 10 34 8 26 4 7 6 1 3 5 19 
	-> 1 2 3 4 5 6 7 8 10 
Structure 702: 2 88 11 73 40 8 4 7 6 1 3 38 32 
	-> 1 2 3 4 6 7 8 11 
Structure 703: 2 10 12 27 4 43 7 6 1 3 5 
	-> 1 2 3 4 5 6 7 10 12 
Structure 704: 2 17 10 9 4 6 1 3 5 15 14 
	-> 1 2 3 4 5 6 9 10 14 15 
Structure 705: 2 11 12 8 4 7 6 1 3 13 24 31 
	-> 1 2 3 4 6 7 8 11 12 13 
Structure 706: 2 11 12 27 8 4 7 6 1 3 41 5 
	-> 1 2 3 4 5 6 7 8 11 12 
Structure 707: 2 21 11 12 8 4 7 6 1 3 13 18 20 
	-> 1 2 3 4 6 7 8 11 12 13 
Structure 708: 2 35 11 12 27 8 4 7 6 1 3 13 24 31 
	-> 1 2 3 4 6 7 8 11 12 13 
Structure 709: 2 22 23 12 27 8 4 7 6 1 3 13 24 75 
	-> 1 2 3 4 6 7 8 12 13 
Structure 710: 2 10 12 8 4 7 6 1 3 13 18 20 
	-> 1 2 3 4 6 7 8 10 12 13 
Structure 711: 2 21 11 12 8 4 7 6 1 3 13 24 31 
	-> 1 2 3 4 6 7 8 11 12 13 
Structure 712: 2 22 23 12 8 4 7 6 1 3 13 18 20 
	-> 1 2 3 4 6 7 8 12 13 
Structure 713: 2 21 11 12 8 4 7 6 1 3 13 18 20 
	-> 1 2 3 4 6 7 8 11 12 13 
Structure 714: 2 17 11 9 8 4 6 1 3 62 59 5 19 39 
	-> 1 2 3 4 5 6 8 9 11 
Structure 715: 2 22 23 12 27 8 26 4 7 6 1 3 13 18 20 
	-> 1 2 3 4 6 7 8 12 13 
Structure 716: 2 16 10 9 4 28 50 1 3 5 15 14 
	-> 1 2 3 4 5 9 10 14 15 16 
Structure 717: 2 21 11 12 27 8 4 7 6 1 3 5 
	-> 1 2 3 4 5 6 7 8 11 12 
Structure 718: 2 11 47 12 27 8 4 7 6 1 3 13 18 20 
	-> 1 2 3 4 6 7 8 11 12 13 
Structure 719: 2 11 12 8 4 7 6 1 3 13 18 20 
	-> 1 2 3 4 6 7 8 11 12 13 
Structure 720: 2 16 10 9 48 4 28 1 3 5 15 14 
	-> 1 2 3 4 5 9 10 14 15 16 
Structure 721: 2 16 10 9 4 1 3 25 5 14 
	-> 1 2 3 4 5 9 10 14 16 
Structure 722: 2 11 47 12 27 9 4 7 6 1 3 13 24 75 
	-> 1 2 3 4 6 7 9 11 12 13 
Structure 723: 2 22 23 12 27 8 4 7 6 1 3 13 18 20 
	-> 1 2 3 4 6 7 8 12 13 
Structure 724: 2 91 11 185 133 9 4 1 3 5 19 
	-> 1 2 3 4 5 9 11 
Structure 725: 2 21 11 12 8 4 7 6 1 3 13 24 31 
	-> 1 2 3 4 6 7 8 11 12 13 
Structure 726: 2 10 12 27 8 4 7 6 1 3 13 24 31 
	-> 1 2 3 4 6 7 8 10 12 13 
Structure 727: 2 10 12 8 4 7 6 1 3 13 24 
	-> 1 2 3 4 6 7 8 10 12 13 
Structure 728: 2 10 12 8 26 4 7 6 1 3 13 18 20 
	-> 1 2 3 4 6 7 8 10 12 13 
Structure 729: 2 10 12 8 4 7 6 1 3 13 18 20 
	-> 1 2 3 4 6 7 8 10 12 13 
Structure 730: 2 16 10 9 4 1 3 25 5 15 14 
	-> 1 2 3 4 5 9 10 14 15 16 
Structure 731: 2 21 11 12 8 4 7 6 1 3 5 32 
	-> 1 2 3 4 5 6 7 8 11 12 
Structure 732: 2 35 36 12 9 4 28 1 3 13 18 
	-> 1 2 3 4 9 12 13 
Structure 733: 2 11 12 8 4 7 6 1 3 13 24 109 
	-> 1 2 3 4 6 7 8 11 12 13 
Structure 734: 2 186 10 44 33 28 53 1 3 5 15 14 
	-> 1 2 3 5 10 14 15 
Structure 735: 2 17 11 9 4 55 1 3 30 29 5 
	-> 1 2 3 4 5 9 11 
Structure 736: 2 17 11 9 8 26 4 1 3 5 15 14 
	-> 1 2 3 4 5 8 9 11 14 15 
Structure 737: 2 16 10 9 4 1 3 25 5 15 14 
	-> 1 2 3 4 5 9 10 14 15 16 
Structure 738: 2 16 10 9 4 1 3 25 5 15 14 
	-> 1 2 3 4 5 9 10 14 15 16 
Structure 739: 2 16 10 9 4 122 69 1 3 30 29 5 
	-> 1 2 3 4 5 9 10 16 
Structure 740: 2 21 11 34 8 26 4 7 6 1 3 5 19 
	-> 1 2 3 4 5 6 7 8 11 
Structure 741: 2 11 34 8 4 7 6 1 3 5 19 39 
	-> 1 2 3 4 5 6 7 8 11 
Structure 742: 2 16 10 9 4 1 3 25 29 5 19 
	-> 1 2 3 4 5 9 10 16 
Structure 743: 2 16 10 8 4 7 6 1 3 59 5 19 39 
	-> 1 2 3 4 5 6 7 8 10 16 
Structure 744: 2 17 21 11 9 48 4 1 3 42 5 15 14 
	-> 1 2 3 4 5 9 11 14 15 
Structure 745: 2 17 11 9 4 1 3 25 5 126 15 14 
	-> 1 2 3 4 5 9 11 14 15 
Structure 746: 2 16 10 9 4 69 1 3 30 29 5 
	-> 1 2 3 4 5 9 10 16 
Structure 747: 2 16 10 9 48 4 28 1 3 59 5 19 
	-> 1 2 3 4 5 9 10 16 
Structure 748: 2 16 10 8 4 7 6 1 3 5 76 19 
	-> 1 2 3 4 5 6 7 8 10 16 
Structure 749: 2 16 10 9 4 6 1 3 77 5 94 19 
	-> 1 2 3 4 5 6 9 10 16 
Structure 750: 2 22 23 12 8 4 7 6 1 3 13 24 72 
	-> 1 2 3 4 6 7 8 12 13 
Structure 751: 2 11 12 9 4 6 1 3 13 24 
	-> 1 2 3 4 6 9 11 12 13 
Structure 752: 2 71 11 66 54 121 67 7 6 1 3 5 187 
	-> 1 2 3 5 6 7 11 
Structure 753: 2 22 23 12 27 8 4 7 6 1 3 13 18 20 
	-> 1 2 3 4 6 7 8 12 13 
Structure 754: 2 16 10 9 4 28 53 1 3 41 5 19 
	-> 1 2 3 4 5 9 10 16 
Structure 755: 2 22 23 12 8 26 4 7 6 1 3 13 24 
	-> 1 2 3 4 6 7 8 12 13 
Structure 756: 2 37 11 57 33 7 6 1 3 5 19 39 
	-> 1 2 3 5 6 7 11 
Structure 757: 2 22 23 12 27 8 4 7 6 1 3 13 18 20 
	-> 1 2 3 4 6 7 8 12 13 
Structure 758: 2 17 10 9 4 1 3 25 5 15 14 
	-> 1 2 3 4 5 9 10 14 15 
Structure 759: 2 22 23 40 8 4 7 6 1 3 52 32 
	-> 1 2 3 4 6 7 8 
Structure 760: 2 37 188 81 44 33 7 6 1 3 5 15 14 
	-> 1 2 3 5 6 7 14 15 
Structure 761: 2 16 10 9 4 28 1 3 5 15 
	-> 1 2 3 4 5 9 10 15 16 
Structure 762: 2 37 58 44 33 7 6 1 3 5 15 14 
	-> 1 2 3 5 6 7 14 15 
Structure 763: 2 22 23 12 27 8 4 7 6 1 3 13 18 20 
	-> 1 2 3 4 6 7 8 12 13 
Structure 764: 2 11 12 4 49 43 46 56 1 3 5 
	-> 1 2 3 4 5 11 12 
Structure 765: 2 11 12 8 4 7 6 1 3 13 18 20 
	-> 1 2 3 4 6 7 8 11 12 13 
Structure 766: 2 17 11 9 4 28 1 3 13 18 95 85 
	-> 1 2 3 4 9 11 13 
Structure 767: 2 16 10 9 4 6 1 98 77 5 15 14 
	-> 1 2 4 5 6 9 10 14 15 16 
Structure 768: 2 16 10 11 9 4 28 1 3 5 15 14 
	-> 1 2 3 4 5 9 10 11 14 15 16 
Structure 769: 2 10 12 27 4 49 43 46 56 1 3 5 
	-> 1 2 3 4 5 10 12 
Structure 770: 2 21 11 12 8 4 7 6 1 3 13 18 20 
	-> 1 2 3 4 6 7 8 11 12 13 
Structure 771: 2 10 12 8 4 7 6 1 3 13 18 20 
	-> 1 2 3 4 6 7 8 10 12 13 
Structure 772: 2 10 34 8 4 7 6 1 3 5 19 
	-> 1 2 3 4 5 6 7 8 10 
Structure 773: 2 17 11 8 4 7 6 1 3 5 15 14 
	-> 1 2 3 4 5 6 7 8 11 14 15 
Structure 774: 2 22 23 12 8 26 4 7 6 1 3 13 18 20 
	-> 1 2 3 4 6 7 8 12 13 
Structure 775: 2 10 34 8 26 4 7 6 1 3 5 19 
	-> 1 2 3 4 5 6 7 8 10 
Structure 776: 2 21 11 34 8 4 7 6 1 3 5 19 39 
	-> 1 2 3 4 5 6 7 8 11 
Structure 777: 2 16 10 9 4 1 3 42 5 15 14 
	-> 1 2 3 4 5 9 10 14 15 16 
Structure 778: 2 37 10 44 33 7 6 1 3 5 15 14 
	-> 1 2 3 5 6 7 10 14 15 
Structure 779: 2 22 23 12 8 26 4 7 6 1 3 13 18 20 
	-> 1 2 3 4 6 7 8 12 13 
Structure 780: 2 35 11 12 8 4 7 6 1 3 13 24 75 
	-> 1 2 3 4 6 7 8 11 12 13 
Structure 781: 2 17 21 11 34 8 26 4 28 1 3 5 19 
	-> 1 2 3 4 5 8 11 
Structure 782: 2 21 11 40 8 4 7 6 1 3 52 87 
	-> 1 2 3 4 6 7 8 11 
Structure 783: 2 37 58 57 33 7 6 1 3 5 15 14 
	-> 1 2 3 5 6 7 14 15 
Structure 784: 2 16 11 9 4 45 1 3 5 15 14 
	-> 1 2 3 4 5 9 11 14 15 16 
Structure 785: 2 17 21 11 9 4 6 1 3 5 94 19 
	-> 1 2 3 4 5 6 9 11 
Structure 786: 2 10 12 8 4 7 6 1 3 13 18 20 
	-> 1 2 3 4 6 7 8 10 12 13 
Structure 787: 2 17 11 34 8 4 7 6 1 3 5 19 
	-> 1 2 3 4 5 6 7 8 11 
Structure 788: 2 10 12 8 4 7 6 1 3 13 64 24 31 
	-> 1 2 3 4 6 7 8 10 12 13 
Structure 789: 2 131 16 10 9 8 4 1 3 97 52 32 
	-> 1 2 3 4 8 9 10 16 
Structure 790: 2 17 11 9 4 1 3 25 5 15 14 
	-> 1 2 3 4 5 9 11 14 15 
Structure 791: 2 17 21 11 100 8 4 7 6 1 3 5 15 14 
	-> 1 2 3 4 5 6 7 8 11 14 15 
Structure 792: 2 11 12 8 26 4 7 6 1 3 5 
	-> 1 2 3 4 5 6 7 8 11 12 
Structure 793: 2 10 12 8 4 7 6 1 3 13 24 31 
	-> 1 2 3 4 6 7 8 10 12 13 
Structure 794: 2 22 23 12 8 4 7 6 1 3 13 18 
	-> 1 2 3 4 6 7 8 12 13 
Structure 795: 2 21 11 12 9 4 28 1 3 13 18 20 
	-> 1 2 3 4 9 11 12 13 
Structure 796: 2 16 10 9 48 4 6 1 3 42 5 15 14 
	-> 1 2 3 4 5 6 9 10 14 15 16 
Structure 797: 2 21 11 12 8 4 7 6 1 3 5 14 
	-> 1 2 3 4 5 6 7 8 11 12 14 
Structure 798: 2 17 21 11 9 4 28 50 1 3 5 15 14 
	-> 1 2 3 4 5 9 11 14 15 
Structure 799: 2 65 21 11 9 4 1 3 25 5 15 14 
	-> 1 2 3 4 5 9 11 14 15 
Structure 800: 2 22 23 12 27 8 4 7 51 1 3 13 18 20 
	-> 1 2 3 4 7 8 12 13 
Structure 801: 2 125 22 23 34 4 7 6 1 3 5 19 39 
	-> 1 2 3 4 5 6 7 
Structure 802: 2 17 11 9 4 6 1 3 5 15 14 
	-> 1 2 3 4 5 6 9 11 14 15 
Structure 803: 2 16 10 9 4 83 1 3 30 29 5 19 
	-> 1 2 3 4 5 9 10 16 
Structure 804: 2 16 10 8 4 7 6 1 3 5 15 14 
	-> 1 2 3 4 5 6 7 8 10 14 15 16 
Structure 805: 2 16 10 9 4 6 1 3 41 5 19 
	-> 1 2 3 4 5 6 9 10 16 
Structure 806: 2 17 11 9 4 28 1 3 5 15 14 
	-> 1 2 3 4 5 9 11 14 15 
Structure 807: 2 11 73 40 8 4 7 6 1 3 38 32 
	-> 1 2 3 4 6 7 8 11 
Structure 808: 2 10 12 9 4 7 6 1 3 13 18 104 
	-> 1 2 3 4 6 7 9 10 12 13 
Structure 809: 2 16 10 9 8 4 45 6 1 3 42 5 15 14 
	-> 1 2 3 4 5 6 8 9 10 14 15 16 
Structure 810: 2 16 10 9 4 92 55 1 3 13 18 
	-> 1 2 3 4 9 10 13 16 
Structure 811: 2 21 11 12 8 4 7 6 1 3 13 18 20 
	-> 1 2 3 4 6 7 8 11 12 13 
Structure 812: 2 37 58 44 33 61 55 1 3 30 5 
	-> 1 2 3 5 
Structure 813: 2 11 12 8 26 4 7 6 1 3 13 18 20 
	-> 1 2 3 4 6 7 8 11 12 13 
Structure 814: 2 11 47 12 27 8 4 7 6 1 3 13 24 31 
	-> 1 2 3 4 6 7 8 11 12 13 
Structure 815: 2 21 11 12 8 4 7 6 1 3 13 18 20 
	-> 1 2 3 4 6 7 8 11 12 13 
Structure 816: 2 17 21 11 9 4 120 1 3 97 38 32 
	-> 1 2 3 4 9 11 
Structure 817: 2 16 10 189 54 4 7 6 1 3 5 190 
	-> 1 2 3 4 5 6 7 10 16 
Structure 818: 2 96 11 9 4 1 3 25 5 15 14 
	-> 1 2 3 4 5 9 11 14 15 
Structure 819: 2 17 11 9 4 45 6 1 3 5 15 14 
	-> 1 2 3 4 5 6 9 11 14 15 
Structure 820: 2 11 12 8 4 7 6 1 3 13 18 20 
	-> 1 2 3 4 6 7 8 11 12 13 
Structure 821: 2 22 23 12 8 4 7 6 1 3 13 18 20 
	-> 1 2 3 4 6 7 8 12 13 
Structure 822: 2 91 134 58 9 4 6 1 3 5 19 
	-> 1 2 3 4 5 6 9 
Structure 823: 2 107 71 11 66 54 4 128 7 6 1 3 5 
	-> 1 2 3 4 5 6 7 11 
Structure 824: 2 11 47 12 8 4 43 46 56 1 3 5 
	-> 1 2 3 4 5 8 11 12 
Structure 825: 2 10 12 8 4 7 6 1 3 13 18 
	-> 1 2 3 4 6 7 8 10 12 13 
Structure 826: 2 21 11 34 8 4 7 6 1 3 5 19 
	-> 1 2 3 4 5 6 7 8 11 
Structure 827: 2 11 12 4 70 7 6 1 3 5 
	-> 1 2 3 4 5 6 7 11 12 
Structure 828: 2 16 10 9 4 1 3 25 29 5 19 
	-> 1 2 3 4 5 9 10 16 
Structure 829: 2 16 10 9 48 4 28 53 1 3 115 5 32 
	-> 1 2 3 4 5 9 10 16 
Structure 830: 2 16 10 9 4 1 3 30 41 5 19 
	-> 1 2 3 4 5 9 10 16 
Structure 831: 2 21 11 40 8 4 7 6 1 3 52 87 
	-> 1 2 3 4 6 7 8 11 
Structure 832: 2 17 21 11 9 4 6 1 3 5 15 14 
	-> 1 2 3 4 5 6 9 11 14 15 
Structure 833: 2 65 35 36 8 26 4 7 6 1 3 41 5 19 
	-> 1 2 3 4 5 6 7 8 
Structure 834: 2 21 11 12 27 4 70 7 6 1 3 5 
	-> 1 2 3 4 5 6 7 11 12 
Structure 835: 2 16 10 9 4 1 3 25 5 19 39 
	-> 1 2 3 4 5 9 10 16 
Structure 836: 2 21 11 12 8 4 7 6 1 3 13 18 20 
	-> 1 2 3 4 6 7 8 11 12 13 
Structure 837: 2 10 12 27 8 99 4 7 6 1 3 13 18 20 
	-> 1 2 3 4 6 7 8 10 12 13 
Structure 838: 2 71 10 66 54 4 7 6 1 3 5 
	-> 1 2 3 4 5 6 7 10 
Structure 839: 2 21 11 12 27 8 4 7 6 1 3 5 
	-> 1 2 3 4 5 6 7 8 11 12 
Structure 840: 2 10 12 8 4 7 6 1 3 13 18 20 
	-> 1 2 3 4 6 7 8 10 12 13 
Structure 841: 2 37 11 57 33 7 6 1 3 5 15 14 
	-> 1 2 3 5 6 7 11 14 15 
Structure 842: 2 22 23 12 8 4 7 6 1 3 13 18 20 
	-> 1 2 3 4 6 7 8 12 13 
Structure 843: 2 37 11 191 4 7 6 1 3 5 15 14 
	-> 1 2 3 4 5 6 7 11 14 15 
Structure 844: 2 35 36 34 8 4 7 6 1 3 5 19 
	-> 1 2 3 4 5 6 7 8 
Structure 845: 2 16 10 9 4 45 6 1 3 5 15 14 
	-> 1 2 3 4 5 6 9 10 14 15 16 
Structure 846: 2 11 34 8 4 7 6 1 3 5 19 
	-> 1 2 3 4 5 6 7 8 11 
Structure 847: 2 17 21 11 9 4 1 3 25 101 59 5 19 
	-> 1 2 3 4 5 9 11 
Structure 848: 2 11 34 8 26 4 7 6 1 3 5 19 
	-> 1 2 3 4 5 6 7 8 11 
Structure 849: 2 35 36 12 27 4 49 43 46 56 1 3 5 
	-> 1 2 3 4 5 12 
Structure 850: 2 37 10 57 33 7 6 1 3 5 15 14 
	-> 1 2 3 5 6 7 10 14 15 
Structure 851: 2 17 11 9 4 1 3 25 5 15 14 
	-> 1 2 3 4 5 9 11 14 15 
Structure 852: 2 21 11 12 8 26 4 7 6 1 3 13 24 31 
	-> 1 2 3 4 6 7 8 11 12 13 
Structure 853: 2 21 11 12 27 8 4 7 6 1 3 13 24 75 
	-> 1 2 3 4 6 7 8 11 12 13 
Structure 854: 2 17 11 9 4 6 1 3 5 15 14 
	-> 1 2 3 4 5 6 9 11 14 15 
Structure 855: 2 16 10 9 4 90 1 3 30 29 5 19 
	-> 1 2 3 4 5 9 10 16 
Structure 856: 2 22 23 12 27 33 118 7 6 1 3 5 
	-> 1 2 3 5 6 7 12 
Structure 857: 2 22 23 12 8 67 7 6 1 3 13 18 20 
	-> 1 2 3 6 7 8 12 13 
Structure 858: 2 192 16 10 9 8 4 6 1 3 86 41 5 19 
	-> 1 2 3 4 5 6 8 9 10 16 
Structure 859: 2 10 12 8 26 4 7 51 6 1 3 13 18 
	-> 1 2 3 4 6 7 8 10 12 13 
Structure 860: 2 88 10 78 12 8 4 7 6 1 3 13 24 31 
	-> 1 2 3 4 6 7 8 10 12 13 
Structure 861: 2 17 11 9 4 1 3 30 29 5 
	-> 1 2 3 4 5 9 11 
Structure 862: 2 17 11 9 4 1 3 25 5 15 14 
	-> 1 2 3 4 5 9 11 14 15 
Structure 863: 2 11 12 8 4 7 6 1 3 13 24 31 
	-> 1 2 3 4 6 7 8 11 12 13 
Structure 864: 2 37 10 44 33 61 55 1 3 30 29 5 
	-> 1 2 3 5 10 
Structure 865: 2 17 11 9 4 1 3 42 5 15 14 
	-> 1 2 3 4 5 9 11 14 15 
Structure 866: 2 16 10 9 4 1 3 42 5 15 14 
	-> 1 2 3 4 5 9 10 14 15 16 
Structure 867: 2 11 12 9 4 69 1 3 30 29 5 
	-> 1 2 3 4 5 9 11 12 
Structure 868: 2 35 36 12 8 4 7 6 1 3 59 5 
	-> 1 2 3 4 5 6 7 8 12 
Structure 869: 2 16 10 9 4 90 1 3 25 29 5 14 
	-> 1 2 3 4 5 9 10 14 16 
Structure 870: 2 16 10 9 4 1 3 25 5 15 14 
	-> 1 2 3 4 5 9 10 14 15 16 
Structure 871: 2 17 11 9 48 4 6 1 3 5 15 14 
	-> 1 2 3 4 5 6 9 11 14 15 
Structure 872: 2 11 47 12 8 4 7 6 1 3 13 24 
	-> 1 2 3 4 6 7 8 11 12 13 
Structure 873: 2 134 10 9 4 1 3 5 15 14 
	-> 1 2 3 4 5 9 10 14 15 
Structure 874: 2 35 36 12 8 4 7 6 1 3 13 24 
	-> 1 2 3 4 6 7 8 12 13 
Structure 875: 2 35 11 12 27 8 4 7 6 1 3 13 24 31 
	-> 1 2 3 4 6 7 8 11 12 13 
Structure 876: 2 21 11 12 8 4 7 6 1 3 13 18 20 
	-> 1 2 3 4 6 7 8 11 12 13 
Structure 877: 2 11 47 12 8 4 7 6 1 3 13 24 31 
	-> 1 2 3 4 6 7 8 11 12 13 
Structure 878: 2 10 12 8 4 7 6 1 3 13 18 20 
	-> 1 2 3 4 6 7 8 10 12 13 
Structure 879: 2 16 10 9 4 6 1 3 42 5 15 14 
	-> 1 2 3 4 5 6 9 10 14 15 16 
Structure 880: 2 16 10 8 4 7 6 1 3 5 19 
	-> 1 2 3 4 5 6 7 8 10 16 
Structure 881: 2 88 11 12 8 4 7 6 1 3 13 18 20 
	-> 1 2 3 4 6 7 8 11 12 13 
Structure 882: 2 16 10 9 99 4 1 3 25 5 15 14 
	-> 1 2 3 4 5 9 10 14 15 16 
Structure 883: 2 21 11 12 8 4 7 6 1 3 13 24 130 
	-> 1 2 3 4 6 7 8 11 12 13 
Structure 884: 2 17 11 9 48 4 28 50 1 3 41 5 19 
	-> 1 2 3 4 5 9 11 
Structure 885: 2 16 10 9 4 1 3 25 5 19 39 
	-> 1 2 3 4 5 9 10 16 
Structure 886: 2 16 10 9 4 60 63 1 3 30 29 5 
	-> 1 2 3 4 5 9 10 16 
Structure 887: 2 16 10 84 67 49 43 46 56 1 3 5 
	-> 1 2 3 5 10 16 
Structure 888: 2 16 10 8 4 7 6 1 3 13 18 20 
	-> 1 2 3 4 6 7 8 10 13 16 
Structure 889: 2 16 10 9 4 28 53 1 3 5 15 14 
	-> 1 2 3 4 5 9 10 14 15 16 
Structure 890: 2 11 12 8 4 7 6 1 3 13 18 20 
	-> 1 2 3 4 6 7 8 11 12 13 
Structure 891: 2 21 11 12 8 26 4 7 6 1 3 13 24 
	-> 1 2 3 4 6 7 8 11 12 13 
Structure 892: 2 16 10 9 4 28 50 1 3 5 15 14 
	-> 1 2 3 4 5 9 10 14 15 16 
Structure 893: 2 16 10 9 4 1 3 25 5 15 14 
	-> 1 2 3 4 5 9 10 14 15 16 
Structure 894: 2 16 10 34 8 4 7 6 1 3 5 19 
	-> 1 2 3 4 5 6 7 8 10 16 
Structure 895: 2 22 23 12 8 4 7 6 1 3 13 24 31 
	-> 1 2 3 4 6 7 8 12 13 
Structure 896: 2 17 11 9 4 90 1 3 25 5 15 14 
	-> 1 2 3 4 5 9 11 14 15 
Structure 897: 2 16 10 9 4 1 3 82 38 32 
	-> 1 2 3 4 9 10 16 
Structure 898: 2 10 12 8 4 7 6 1 3 13 18 
	-> 1 2 3 4 6 7 8 10 12 13 
Structure 899: 2 17 11 9 4 1 3 5 94 19 
	-> 1 2 3 4 5 9 11 
Structure 900: 2 22 23 34 8 26 4 7 6 1 3 5 19 
	-> 1 2 3 4 5 6 7 8 
Structure 901: 2 16 10 78 9 4 1 3 25 5 15 14 
	-> 1 2 3 4 5 9 10 14 15 16 
Structure 902: 2 22 23 12 27 8 26 4 7 51 6 1 3 13 18 20 
	-> 1 2 3 4 6 7 8 12 13 
Structure 903: 2 17 11 34 8 4 7 51 6 1 3 5 19 
	-> 1 2 3 4 5 6 7 8 11 
Structure 904: 2 22 11 12 9 8 4 6 1 3 13 24 31 
	-> 1 2 3 4 6 8 9 11 12 13 
Structure 905: 2 22 23 12 8 4 7 6 1 3 13 18 20 
	-> 1 2 3 4 6 7 8 12 13 
Structure 906: 2 22 23 12 8 4 7 6 1 3 13 24 
	-> 1 2 3 4 6 7 8 12 13 
Structure 907: 2 35 36 12 8 26 4 7 6 1 3 13 18 20 
	-> 1 2 3 4 6 7 8 12 13 
Structure 908: 2 17 21 11 9 4 1 3 5 15 14 
	-> 1 2 3 4 5 9 11 14 15 
Structure 909: 2 11 12 8 4 7 6 1 3 13 24 31 
	-> 1 2 3 4 6 7 8 11 12 13 
Structure 910: 2 16 10 9 4 28 1 3 5 102 14 
	-> 1 2 3 4 5 9 10 14 16 
Structure 911: 2 16 11 9 26 4 28 50 1 3 5 15 14 
	-> 1 2 3 4 5 9 11 14 15 16 
Structure 912: 2 21 11 12 8 26 4 7 6 1 3 13 64 24 109 
	-> 1 2 3 4 6 7 8 11 12 13 
Structure 913: 2 135 11 73 40 8 4 7 6 1 3 15 14 
	-> 1 2 3 4 6 7 8 11 14 15 
Structure 914: 2 17 21 11 9 4 28 53 1 3 5 15 14 
	-> 1 2 3 4 5 9 11 14 15 
Structure 915: 2 16 10 9 4 1 3 77 41 5 19 
	-> 1 2 3 4 5 9 10 16 
Structure 916: 2 17 21 11 9 4 1 3 62 5 15 14 
	-> 1 2 3 4 5 9 11 14 15 
Structure 917: 2 21 11 12 8 4 7 6 1 3 13 18 20 
	-> 1 2 3 4 6 7 8 11 12 13 
Structure 918: 2 17 21 11 100 8 4 7 6 1 3 5 15 14 
	-> 1 2 3 4 5 6 7 8 11 14 15 
Structure 919: 2 16 10 9 4 28 53 1 3 5 15 14 
	-> 1 2 3 4 5 9 10 14 15 16 
Structure 920: 2 21 11 12 8 4 7 6 1 3 13 24 72 
	-> 1 2 3 4 6 7 8 11 12 13 
Structure 921: 2 22 23 34 8 4 7 6 1 3 5 19 
	-> 1 2 3 4 5 6 7 8 
Structure 922: 2 22 23 12 8 4 7 6 1 3 13 18 20 
	-> 1 2 3 4 6 7 8 12 13 
Structure 923: 2 21 11 12 8 26 4 7 6 1 3 13 18 20 
	-> 1 2 3 4 6 7 8 11 12 13 
Structure 924: 2 10 40 8 26 4 7 6 1 3 52 32 
	-> 1 2 3 4 6 7 8 10 
Structure 925: 2 37 10 44 33 61 55 1 3 30 29 5 
	-> 1 2 3 5 10 
Structure 926: 2 17 11 100 8 4 7 6 1 3 5 15 14 
	-> 1 2 3 4 5 6 7 8 11 14 15 
Structure 927: 2 21 11 12 8 4 7 6 1 3 13 18 20 
	-> 1 2 3 4 6 7 8 11 12 13 
Structure 928: 2 22 23 12 27 8 4 7 6 1 3 13 24 
	-> 1 2 3 4 6 7 8 12 13 
Structure 929: 2 16 10 9 8 4 28 1 3 41 5 19 
	-> 1 2 3 4 5 8 9 10 16 
Structure 930: 2 22 23 12 8 4 7 6 1 3 13 24 31 
	-> 1 2 3 4 6 7 8 12 13 
Structure 931: 2 37 10 44 33 61 55 1 3 30 29 5 
	-> 1 2 3 5 10 
Structure 932: 2 21 11 12 27 8 4 43 46 56 1 3 5 
	-> 1 2 3 4 5 8 11 12 
Structure 933: 2 79 11 8 4 7 6 1 3 38 
	-> 1 2 3 4 6 7 8 11 
Structure 934: 2 11 47 12 8 4 7 6 1 3 41 5 
	-> 1 2 3 4 5 6 7 8 11 12 
Structure 935: 2 22 23 12 27 8 26 4 7 6 1 3 13 18 20 
	-> 1 2 3 4 6 7 8 12 13 
Structure 936: 2 22 23 40 8 26 4 7 6 1 3 38 32 
	-> 1 2 3 4 6 7 8 
Structure 937: 2 22 23 12 27 8 4 7 6 1 3 13 18 20 
	-> 1 2 3 4 6 7 8 12 13 
Structure 938: 2 16 10 54 4 7 6 1 3 5 19 
	-> 1 2 3 4 5 6 7 10 16 
Structure 939: 2 17 11 9 4 1 3 30 29 5 
	-> 1 2 3 4 5 9 11 
Structure 940: 2 17 10 9 4 1 3 30 29 5 
	-> 1 2 3 4 5 9 10 
Structure 941: 2 35 36 66 54 4 7 6 1 3 5 
	-> 1 2 3 4 5 6 7 
Structure 942: 2 35 36 12 27 8 4 7 6 1 3 13 24 31 
	-> 1 2 3 4 6 7 8 12 13 
Structure 943: 2 16 10 9 4 28 1 3 5 15 14 
	-> 1 2 3 4 5 9 10 14 15 16 
Structure 944: 2 16 10 9 4 28 1 98 5 15 14 
	-> 1 2 4 5 9 10 14 15 16 
Structure 945: 2 17 11 9 4 53 1 3 5 116 76 19 
	-> 1 2 3 4 5 9 11 
Structure 946: 2 16 10 9 26 4 1 3 62 42 5 15 14 
	-> 1 2 3 4 5 9 10 14 15 16 
Structure 947: 2 37 80 81 57 33 7 6 1 3 13 24 31 
	-> 1 2 3 6 7 13 
Structure 948: 2 10 12 8 4 7 6 1 3 13 24 
	-> 1 2 3 4 6 7 8 10 12 13 
Structure 949: 2 16 10 9 4 1 3 25 101 5 19 
	-> 1 2 3 4 5 9 10 16 
Structure 950: 2 11 47 12 27 8 4 7 6 1 3 13 18 20 
	-> 1 2 3 4 6 7 8 11 12 13 
Structure 951: 2 16 10 44 33 7 6 1 3 5 15 14 
	-> 1 2 3 5 6 7 10 14 15 16 
Structure 952: 2 17 21 11 9 48 4 1 3 25 5 15 14 
	-> 1 2 3 4 5 9 11 14 15 
Structure 953: 2 193 10 40 8 4 7 6 1 3 38 32 
	-> 1 2 3 4 6 7 8 10 
Structure 954: 2 16 10 9 4 1 3 25 5 19 39 
	-> 1 2 3 4 5 9 10 16 
Structure 955: 2 16 10 9 4 83 1 3 30 29 5 19 
	-> 1 2 3 4 5 9 10 16 
Structure 956: 2 17 11 9 8 4 45 1 3 5 15 14 
	-> 1 2 3 4 5 8 9 11 14 15 
Structure 957: 2 68 10 8 4 7 6 1 3 5 19 
	-> 1 2 3 4 5 6 7 8 10 
Structure 958: 2 35 36 34 8 4 7 6 1 3 5 19 
	-> 1 2 3 4 5 6 7 8 
Structure 959: 2 21 11 12 8 26 4 7 6 1 3 13 18 20 
	-> 1 2 3 4 6 7 8 11 12 13 
Structure 960: 2 106 16 10 9 4 28 53 1 3 5 14 
	-> 1 2 3 4 5 9 10 14 16 
Structure 961: 2 16 10 9 4 6 1 3 5 15 14 
	-> 1 2 3 4 5 6 9 10 14 15 16 
Structure 962: 2 17 21 11 9 4 28 1 3 5 15 14 
	-> 1 2 3 4 5 9 11 14 15 
Structure 963: 2 21 11 12 8 4 7 6 1 3 13 18 20 
	-> 1 2 3 4 6 7 8 11 12 13 
Structure 964: 2 16 10 9 4 6 1 3 77 5 15 14 
	-> 1 2 3 4 5 6 9 10 14 15 16 
Structure 965: 2 17 10 9 4 1 3 13 24 
	-> 1 2 3 4 9 10 13 
Structure 966: 2 16 10 9 4 45 1 3 59 5 19 
	-> 1 2 3 4 5 9 10 16 
Structure 967: 2 17 21 11 9 4 1 3 30 29 5 
	-> 1 2 3 4 5 9 11 
Structure 968: 2 68 11 9 4 28 1 3 5 19 
	-> 1 2 3 4 5 9 11 
Structure 969: 2 16 10 9 4 56 1 3 5 19 
	-> 1 2 3 4 5 9 10 16 
Structure 970: 2 16 10 9 4 61 55 1 3 30 29 5 
	-> 1 2 3 4 5 9 10 16 
Structure 971: 2 35 36 12 8 4 7 6 1 3 13 18 20 
	-> 1 2 3 4 6 7 8 12 13 
Structure 972: 2 22 23 12 8 4 7 6 1 3 5 32 
	-> 1 2 3 4 5 6 7 8 12 
Structure 973: 2 21 11 12 27 8 4 7 6 1 3 13 18 
	-> 1 2 3 4 6 7 8 11 12 13 
Structure 974: 2 10 12 27 8 4 7 6 1 3 13 64 24 
	-> 1 2 3 4 6 7 8 10 12 13 
Structure 975: 2 11 34 8 4 7 6 1 3 5 19 
	-> 1 2 3 4 5 6 7 8 11 
Structure 976: 2 37 58 57 33 7 6 1 3 110 132 87 
	-> 1 2 3 6 7 
Structure 977: 2 10 12 8 4 7 6 1 3 13 18 20 
	-> 1 2 3 4 6 7 8 10 12 13 
Structure 978: 2 35 36 12 8 4 7 6 1 3 13 18 20 
	-> 1 2 3 4 6 7 8 12 13 
Structure 979: 2 22 23 12 8 4 7 6 1 3 5 
	-> 1 2 3 4 5 6 7 8 12 
Structure 980: 2 17 21 11 9 4 1 3 25 5 15 14 
	-> 1 2 3 4 5 9 11 14 15 
Structure 981: 2 16 10 9 4 1 3 5 15 14 
	-> 1 2 3 4 5 9 10 14 15 16 
Structure 982: 2 17 10 9 4 28 53 1 3 5 19 
	-> 1 2 3 4 5 9 10 
Structure 983: 2 71 10 66 54 4 7 6 1 3 5 
	-> 1 2 3 4 5 6 7 10 
Structure 984: 2 37 58 44 33 51 6 1 3 129 5 19 39 
	-> 1 2 3 5 6 
Structure 985: 2 17 21 11 9 4 1 3 25 5 15 14 
	-> 1 2 3 4 5 9 11 14 15 
Structure 986: 2 11 12 8 4 7 6 1 3 13 18 20 
	-> 1 2 3 4 6 7 8 11 12 13 
Structure 987: 2 35 36 12 8 4 7 6 1 3 13 18 20 
	-> 1 2 3 4 6 7 8 12 13 
Structure 988: 2 22 11 12 8 4 7 6 1 3 13 18 20 
	-> 1 2 3 4 6 7 8 11 12 13 
Structure 989: 2 11 47 12 8 26 4 7 6 1 3 13 24 31 
	-> 1 2 3 4 6 7 8 11 12 13 
Structure 990: 2 65 21 11 8 4 7 6 1 3 5 15 14 
	-> 1 2 3 4 5 6 7 8 11 14 15 
Structure 991: 2 135 11 40 8 4 7 6 1 3 15 14 
	-> 1 2 3 4 6 7 8 11 14 15 
Structure 992: 2 11 73 40 8 26 4 7 6 1 3 38 32 
	-> 1 2 3 4 6 7 8 11 
Structure 993: 2 65 35 36 54 67 7 6 1 3 5 19 
	-> 1 2 3 5 6 7 
Structure 994: 2 21 11 12 8 4 7 6 1 3 13 24 31 
	-> 1 2 3 4 6 7 8 11 12 13 
Structure 995: 2 17 11 34 8 4 7 51 6 1 3 5 19 
	-> 1 2 3 4 5 6 7 8 11 
Structure 996: 2 16 10 9 4 51 1 3 5 15 14 
	-> 1 2 3 4 5 9 10 14 15 16 
Structure 997: 2 10 12 8 4 7 6 1 3 13 24 
	-> 1 2 3 4 6 7 8 10 12 13 
Structure 998: 2 22 23 12 8 4 7 6 1 3 13 18 20 
	-> 1 2 3 4 6 7 8 12 13 
Structure 999: 2 10 12 27 4 43 46 56 1 3 97 5 
	-> 1 2 3 4 5 10 12 
Structure 1000: 2 16 10 9 4 51 6 1 3 5 15 14 
	-> 1 2 3 4 5 10 12  