Processing: /home/hwilco/Documents/RNA Research/RNAStructProfiling-master/output/training/Thermoanaerobacter_t.1_sfold/input/Thermoanaerobacter_t.1_sfold.out
Structure 1: 26 E C A 4 5 6 B 8
	-> A 4 5 6 8 B C E 
Structure 2: 12 C A 16 4 5 6 B 8
	-> A 4 5 6 8 B C 12 16 
Structure 3: 12 C A 20 4 5 6 B 8
	-> A 4 5 6 8 B C 12 
Structure 4: C A 4 5 6 B 8
	-> A 4 5 6 8 B C 
Structure 5: C A 4 5 6 B 8
	-> A 4 5 6 8 B C 
Structure 6: C A 4 5 6 B 8
	-> A 4 5 6 8 B C 
Structure 7: C A 4 5 6 B 8
	-> A 4 5 6 8 B C 
Structure 8: C A 4 5 6 B 8
	-> A 4 5 6 8 B C 
Structure 9: 12 C A 4 5 6 B 8
	-> A 4 5 6 8 B C 12 
Structure 10: 12 C A 4 5 6 B 8
	-> A 4 5 6 8 B C 12 
Structure 11: E C A 4 5 6 B 8
	-> A 4 5 6 8 B C E 
Structure 12: 12 C A 4 5 6 B 8
	-> A 4 5 6 8 B C 12 
Structure 13: 12 C A 4 5 6 B 8
	-> A 4 5 6 8 B C 12 
Structure 14: 12 C A 4 5 6 B 8
	-> A 4 5 6 8 B C 12 
Structure 15: 19 C A 4 5 6 B 8
	-> A 4 5 6 8 B C 
Structure 16: C A 4 5 6 B 8
	-> A 4 5 6 8 B C 
Structure 17: C A 4 5 6 B 8
	-> A 4 5 6 8 B C 
Structure 18: C A 4 5 6 B 8
	-> A 4 5 6 8 B C 
Structure 19: 12 10 1 18 17 A 4 5 D 6 B 8
	-> A 4 5 6 8 B 12 D 17 
Structure 20: C A 4 5 6 B 8
	-> A 4 5 6 8 B C 
Structure 21: 12 C A 4 5 6 B 8
	-> A 4 5 6 8 B C 12 
Structure 22: C A 4 5 6 7 37 8
	-> A 4 5 6 8 C 
Structure 23: 12 C A 4 5 D 6 B 8
	-> A 4 5 6 8 B C 12 D 
Structure 24: C A 4 5 6 B 8
	-> A 4 5 6 8 B C 
Structure 25: 12 C A 4 5 6 B 8
	-> A 4 5 6 8 B C 12 
Structure 26: C A 4 5 6 B 8
	-> A 4 5 6 8 B C 
Structure 27: 12 10 1 18 17 A 4 5 6 B 8
	-> A 4 5 6 8 B 12 17 
Structure 28: 12 C A 4 5 6 B 8
	-> A 4 5 6 8 B C 12 
Structure 29: C A 4 5 6 B 8
	-> A 4 5 6 8 B C 
Structure 30: 12 C A 4 5 6 B 8
	-> A 4 5 6 8 B C 12 
Structure 31: 12 C A 20 4 5 6 B 8
	-> A 4 5 6 8 B C 12 
Structure 32: 12 E C A 4 5 6 B 8
	-> A 4 5 6 8 B C 12 E 
Structure 33: 12 C A 4 5 6 B 8
	-> A 4 5 6 8 B C 12 
Structure 34: 12 C A 4 5 6 B 8
	-> A 4 5 6 8 B C 12 
Structure 35: 12 C A 21 4 5 6 B 8
	-> A 4 5 6 8 B C 12 
Structure 36: 12 C A 24 4 5 6 B 8
	-> A 4 5 6 8 B C 12 
Structure 37: 12 C A 4 5 6 B 8
	-> A 4 5 6 8 B C 12 
Structure 38: E C A 4 5 6 B 8
	-> A 4 5 6 8 B C E 
Structure 39: 12 C A 4 5 6 B 8
	-> A 4 5 6 8 B C 12 
Structure 40: 12 C A 4 5 6 B 8
	-> A 4 5 6 8 B C 12 
Structure 41: 12 C A 16 4 5 6 B 8
	-> A 4 5 6 8 B C 12 16 
Structure 42: 12 C A 4 5 6 B 8
	-> A 4 5 6 8 B C 12 
Structure 43: 12 C A 4 5 6 B 8
	-> A 4 5 6 8 B C 12 
Structure 44: C A 4 5 6 B 8
	-> A 4 5 6 8 B C 
Structure 45: 12 C A 4 5 6 B 8
	-> A 4 5 6 8 B C 12 
Structure 46: 19 12 C A 4 5 6 B 8
	-> A 4 5 6 8 B C 12 
Structure 47: 12 C A 4 5 6 B 8
	-> A 4 5 6 8 B C 12 
Structure 48: 12 C A 4 5 6 B 8
	-> A 4 5 6 8 B C 12 
Structure 49: 12 C A 4 5 D 6 B 8
	-> A 4 5 6 8 B C 12 D 
Structure 50: C A 4 5 6 B 8
	-> A 4 5 6 8 B C 
Structure 51: C A 4 5 6 B 8
	-> A 4 5 6 8 B C 
Structure 52: 12 E C A 4 5 D 6 B 8
	-> A 4 5 6 8 B C 12 D E 
Structure 53: C A 4 5 6 B 8
	-> A 4 5 6 8 B C 
Structure 54: 12 C A 4 5 6 B 8
	-> A 4 5 6 8 B C 12 
Structure 55: 19 28 C A 4 5 D 6 B 8
	-> A 4 5 6 8 B C D 
Structure 56: 12 C A 20 4 5 6 B 8
	-> A 4 5 6 8 B C 12 
Structure 57: 12 C A 4 5 6 B 8
	-> A 4 5 6 8 B C 12 
Structure 58: 12 C A 4 5 6 B 8
	-> A 4 5 6 8 B C 12 
Structure 59: 12 C A 4 5 6 B 8
	-> A 4 5 6 8 B C 12 
Structure 60: 12 C A 4 5 D 6 B 8
	-> A 4 5 6 8 B C 12 D 
Structure 61: 12 C A 4 5 6 B 8
	-> A 4 5 6 8 B C 12 
Structure 62: 12 C A 4 5 6 B 8
	-> A 4 5 6 8 B C 12 
Structure 63: 12 C A 4 5 6 B 8
	-> A 4 5 6 8 B C 12 
Structure 64: 12 10 1 18 17 A 4 5 6 B 8
	-> A 4 5 6 8 B 12 17 
Structure 65: 12 C A 4 5 6 B 8
	-> A 4 5 6 8 B C 12 
Structure 66: C A 4 5 6 B 8
	-> A 4 5 6 8 B C 
Structure 67: 12 C A 21 4 5 6 B 8
	-> A 4 5 6 8 B C 12 
Structure 68: C A 4 5 6 B 8
	-> A 4 5 6 8 B C 
Structure 69: 12 C A 4 5 6 B 8
	-> A 4 5 6 8 B C 12 
Structure 70: 12 C A 4 5 6 B 8
	-> A 4 5 6 8 B C 12 
Structure 71: 12 C A 16 4 5 6 B 8
	-> A 4 5 6 8 B C 12 16 
Structure 72: 12 C A 4 5 D 6 B 8
	-> A 4 5 6 8 B C 12 D 
Structure 73: E C A 4 5 6 B 8
	-> A 4 5 6 8 B C E 
Structure 74: 12 C A 4 5 6 B 8
	-> A 4 5 6 8 B C 12 
Structure 75: C A 4 5 6 B 8
	-> A 4 5 6 8 B C 
Structure 76: C A 4 5 6 B 8
	-> A 4 5 6 8 B C 
Structure 77: 12 C A 4 5 6 B 8
	-> A 4 5 6 8 B C 12 
Structure 78: 12 C A 4 5 6 B 8
	-> A 4 5 6 8 B C 12 
Structure 79: C A 4 5 6 B 8
	-> A 4 5 6 8 B C 
Structure 80: 12 C A 4 5 6 B 8
	-> A 4 5 6 8 B C 12 
Structure 81: 12 C A 4 5 6 B 8
	-> A 4 5 6 8 B C 12 
Structure 82: 12 C A 4 5 6 B 8
	-> A 4 5 6 8 B C 12 
Structure 83: C A 4 5 6 B 8
	-> A 4 5 6 8 B C 
Structure 84: 19 C A 4 5 6 B 8
	-> A 4 5 6 8 B C 
Structure 85: 26 E C A 4 5 6 B 8
	-> A 4 5 6 8 B C E 
Structure 86: C A 4 5 6 B 8
	-> A 4 5 6 8 B C 
Structure 87: 12 C A 4 5 6 B 8
	-> A 4 5 6 8 B C 12 
Structure 88: 12 C A 4 5 6 B 8
	-> A 4 5 6 8 B C 12 
Structure 89: C A 4 5 6 B 8
	-> A 4 5 6 8 B C 
Structure 90: C A 4 5 6 B 8
	-> A 4 5 6 8 B C 
Structure 91: 12 C A 4 5 6 B 8
	-> A 4 5 6 8 B C 12 
Structure 92: C A 4 23 5 6 B 8
	-> A 4 5 6 8 B C 
Structure 93: C A 4 5 6 B 8
	-> A 4 5 6 8 B C 
Structure 94: 12 C A 4 5 6 B 8
	-> A 4 5 6 8 B C 12 
Structure 95: 12 C A 4 5 6 B 8
	-> A 4 5 6 8 B C 12 
Structure 96: C A 4 5 6 B 8
	-> A 4 5 6 8 B C 
Structure 97: 12 C A 4 5 6 B 8
	-> A 4 5 6 8 B C 12 
Structure 98: 12 C A 4 5 D 6 B 8
	-> A 4 5 6 8 B C 12 D 
Structure 99: C A 20 4 5 6 B 8
	-> A 4 5 6 8 B C 
Structure 100: E C A 4 5 6 B 8
	-> A 4 5 6 8 B C E 
Structure 101: 12 C A 4 5 6 B 8
	-> A 4 5 6 8 B C 12 
Structure 102: C A 4 5 6 B 8
	-> A 4 5 6 8 B C 
Structure 103: C A 4 5 D 6 B 8
	-> A 4 5 6 8 B C D 
Structure 104: C A 4 5 6 B 8
	-> A 4 5 6 8 B C 
Structure 105: 12 C A 4 5 6 B 8
	-> A 4 5 6 8 B C 12 
Structure 106: 12 C A 4 5 D 6 B 8
	-> A 4 5 6 8 B C 12 D 
Structure 107: 12 C A 4 5 D 6 B 8
	-> A 4 5 6 8 B C 12 D 
Structure 108: 12 C A 4 5 6 B 8
	-> A 4 5 6 8 B C 12 
Structure 109: 12 C A 4 5 6 B 8
	-> A 4 5 6 8 B C 12 
Structure 110: 12 C A 4 5 6 B 8
	-> A 4 5 6 8 B C 12 
Structure 111: 12 C A 4 5 D 6 B 8
	-> A 4 5 6 8 B C 12 D 
Structure 112: C A 4 5 6 B 8
	-> A 4 5 6 8 B C 
Structure 113: 12 C A 4 5 6 B 8
	-> A 4 5 6 8 B C 12 
Structure 114: 12 C A 4 5 6 B 8
	-> A 4 5 6 8 B C 12 
Structure 115: 12 C A 4 5 6 B 8
	-> A 4 5 6 8 B C 12 
Structure 116: 12 C A 4 5 6 B 8
	-> A 4 5 6 8 B C 12 
Structure 117: C A 4 5 6 B 8
	-> A 4 5 6 8 B C 
Structure 118: 12 C A 4 5 6 B 8
	-> A 4 5 6 8 B C 12 
Structure 119: 12 C A 4 5 6 B 8
	-> A 4 5 6 8 B C 12 
Structure 120: C A 4 5 6 B 8
	-> A 4 5 6 8 B C 
Structure 121: 12 C A 4 5 D 6 B 8
	-> A 4 5 6 8 B C 12 D 
Structure 122: 12 C A 4 5 6 B 8
	-> A 4 5 6 8 B C 12 
Structure 123: 12 C A 4 5 6 B 8
	-> A 4 5 6 8 B C 12 
Structure 124: C A 4 5 D 6 B 8
	-> A 4 5 6 8 B C D 
Structure 125: 12 C A 4 5 6 B 8
	-> A 4 5 6 8 B C 12 
Structure 126: 12 C A 4 5 6 B 8
	-> A 4 5 6 8 B C 12 
Structure 127: 12 C A 4 5 6 B 8
	-> A 4 5 6 8 B C 12 
Structure 128: 12 C A 4 5 D 6 B 8
	-> A 4 5 6 8 B C 12 D 
Structure 129: C A 4 5 6 B 8
	-> A 4 5 6 8 B C 
Structure 130: C A 4 5 6 B 8
	-> A 4 5 6 8 B C 
Structure 131: 12 C A 4 5 6 B 8
	-> A 4 5 6 8 B C 12 
Structure 132: 12 C A 21 4 5 6 B 8
	-> A 4 5 6 8 B C 12 
Structure 133: C A 4 5 6 B 8
	-> A 4 5 6 8 B C 
Structure 134: C A 4 5 6 B 8
	-> A 4 5 6 8 B C 
Structure 135: 12 C A 4 5 6 B 8
	-> A 4 5 6 8 B C 12 
Structure 136: C A 4 5 6 B 8
	-> A 4 5 6 8 B C 
Structure 137: 19 12 C A 4 5 6 B 8
	-> A 4 5 6 8 B C 12 
Structure 138: 12 C A 4 5 6 B 8
	-> A 4 5 6 8 B C 12 
Structure 139: C A 4 23 5 6 B 8
	-> A 4 5 6 8 B C 
Structure 140: 12 C A 4 5 6 B 8
	-> A 4 5 6 8 B C 12 
Structure 141: C A 4 5 6 B 8
	-> A 4 5 6 8 B C 
Structure 142: 12 C A 4 5 6 B 8
	-> A 4 5 6 8 B C 12 
Structure 143: C A 4 5 6 B 8
	-> A 4 5 6 8 B C 
Structure 144: C A 4 5 6 B 8
	-> A 4 5 6 8 B C 
Structure 145: 1 11 A 4 5 6 B 8
	-> A 4 5 6 8 B 
Structure 146: 12 C A 4 5 6 B 8
	-> A 4 5 6 8 B C 12 
Structure 147: C A 4 5 D 6 B 8
	-> A 4 5 6 8 B C D 
Structure 148: C A 4 5 6 B 8
	-> A 4 5 6 8 B C 
Structure 149: 12 C A 4 5 6 B 8
	-> A 4 5 6 8 B C 12 
Structure 150: C A 4 5 6 B 8
	-> A 4 5 6 8 B C 
Structure 151: 12 C A 4 5 6 B 8
	-> A 4 5 6 8 B C 12 
Structure 152: E 10 1 18 17 A 4 5 6 B 8
	-> A 4 5 6 8 B E 17 
Structure 153: 29 1 11 A 4 5 6 B 8
	-> A 4 5 6 8 B 
Structure 154: 12 E C A 4 5 6 B 8
	-> A 4 5 6 8 B C 12 E 
Structure 155: C A 4 5 6 B 8
	-> A 4 5 6 8 B C 
Structure 156: C A 4 5 6 B 8
	-> A 4 5 6 8 B C 
Structure 157: C A 20 4 5 6 B 8
	-> A 4 5 6 8 B C 
Structure 158: 12 C A 4 5 6 B 8
	-> A 4 5 6 8 B C 12 
Structure 159: C A 4 5 6 B 8
	-> A 4 5 6 8 B C 
Structure 160: 12 E C A 4 5 6 B 8
	-> A 4 5 6 8 B C 12 E 
Structure 161: 12 C A 4 5 6 B 8
	-> A 4 5 6 8 B C 12 
Structure 162: 12 C A 4 5 6 B 8
	-> A 4 5 6 8 B C 12 
Structure 163: 12 C A 16 4 5 6 B 8
	-> A 4 5 6 8 B C 12 16 
Structure 164: 12 E C A 4 5 6 B 8
	-> A 4 5 6 8 B C 12 E 
Structure 165: C A 4 5 6 B 8
	-> A 4 5 6 8 B C 
Structure 166: E C A 4 5 6 B 8
	-> A 4 5 6 8 B C E 
Structure 167: C 17 A 4 5 D 6 B 8
	-> A 4 5 6 8 B C D 17 
Structure 168: 12 C A 20 4 5 6 B 8
	-> A 4 5 6 8 B C 12 
Structure 169: 12 C A 4 5 6 B 8
	-> A 4 5 6 8 B C 12 
Structure 170: C A 4 5 6 B 8
	-> A 4 5 6 8 B C 
Structure 171: C A 4 5 6 B 8
	-> A 4 5 6 8 B C 
Structure 172: C A 4 5 6 B 8
	-> A 4 5 6 8 B C 
Structure 173: 12 C A 4 5 6 B 8
	-> A 4 5 6 8 B C 12 
Structure 174: C A 4 5 6 B 8
	-> A 4 5 6 8 B C 
Structure 175: C A 4 5 D 6 B 8
	-> A 4 5 6 8 B C D 
Structure 176: C A 4 5 6 B 8
	-> A 4 5 6 8 B C 
Structure 177: C A 4 5 6 B 8
	-> A 4 5 6 8 B C 
Structure 178: C A 4 5 6 B 8
	-> A 4 5 6 8 B C 
Structure 179: 12 C A 4 5 D 6 B 8
	-> A 4 5 6 8 B C 12 D 
Structure 180: 12 C A 4 5 6 B 8
	-> A 4 5 6 8 B C 12 
Structure 181: C A 4 5 6 B 8
	-> A 4 5 6 8 B C 
Structure 182: 12 C A 4 5 6 B 8
	-> A 4 5 6 8 B C 12 
Structure 183: C A 4 5 6 B 8
	-> A 4 5 6 8 B C 
Structure 184: 12 C A 4 5 D 6 B 8
	-> A 4 5 6 8 B C 12 D 
Structure 185: 12 C A 4 5 D 6 B 8
	-> A 4 5 6 8 B C 12 D 
Structure 186: C A 4 5 6 B 8
	-> A 4 5 6 8 B C 
Structure 187: C A 4 5 6 B 8
	-> A 4 5 6 8 B C 
Structure 188: C A 4 5 D 6 B 8
	-> A 4 5 6 8 B C D 
Structure 189: 12 C A 4 5 6 B 8
	-> A 4 5 6 8 B C 12 
Structure 190: 12 C A 21 24 4 5 6 B 8
	-> A 4 5 6 8 B C 12 
Structure 191: 12 C A 4 5 D 6 B 8
	-> A 4 5 6 8 B C 12 D 
Structure 192: 12 C A 4 5 6 B 8
	-> A 4 5 6 8 B C 12 
Structure 193: C A 4 5 6 B 8
	-> A 4 5 6 8 B C 
Structure 194: C A 4 5 6 B 8
	-> A 4 5 6 8 B C 
Structure 195: C A 4 5 6 B 8
	-> A 4 5 6 8 B C 
Structure 196: C A 4 5 6 B 8
	-> A 4 5 6 8 B C 
Structure 197: 12 C A 4 5 6 B 8
	-> A 4 5 6 8 B C 12 
Structure 198: C A 4 5 6 B 8
	-> A 4 5 6 8 B C 
Structure 199: 12 C A 4 5 6 B 8
	-> A 4 5 6 8 B C 12 
Structure 200: 19 12 C A 4 5 D 6 B 8
	-> A 4 5 6 8 B C 12 D 
Structure 201: C A 4 5 6 B 8
	-> A 4 5 6 8 B C 
Structure 202: C A 4 5 6 B 8
	-> A 4 5 6 8 B C 
Structure 203: 12 C A 4 5 6 B 8
	-> A 4 5 6 8 B C 12 
Structure 204: 12 C A 4 5 6 B 8
	-> A 4 5 6 8 B C 12 
Structure 205: 1 18 17 A 4 5 6 B 8
	-> A 4 5 6 8 B 17 
Structure 206: C A 16 4 5 6 B 8
	-> A 4 5 6 8 B C 16 
Structure 207: C A 4 5 6 B 8
	-> A 4 5 6 8 B C 
Structure 208: C A 16 4 5 6 B 8
	-> A 4 5 6 8 B C 16 
Structure 209: 12 C A 4 5 6 B 8
	-> A 4 5 6 8 B C 12 
Structure 210: 12 C A 4 5 6 B 8
	-> A 4 5 6 8 B C 12 
Structure 211: 12 C A 4 5 6 B 8
	-> A 4 5 6 8 B C 12 
Structure 212: 12 C A 4 5 6 B 8
	-> A 4 5 6 8 B C 12 
Structure 213: 32 C A 4 5 6 B 8
	-> A 4 5 6 8 B C 
Structure 214: 12 C A 4 5 6 B 8
	-> A 4 5 6 8 B C 12 
Structure 215: 12 C A 4 5 6 B 8
	-> A 4 5 6 8 B C 12 
Structure 216: C A 4 5 6 B 8
	-> A 4 5 6 8 B C 
Structure 217: 12 C A 4 5 6 B 8
	-> A 4 5 6 8 B C 12 
Structure 218: 19 28 C A 20 4 5 6 B 8
	-> A 4 5 6 8 B C 
Structure 219: 12 C A 16 4 5 6 B 8
	-> A 4 5 6 8 B C 12 16 
Structure 220: C A 4 5 6 B 8
	-> A 4 5 6 8 B C 
Structure 221: 12 C A 4 5 6 B 8
	-> A 4 5 6 8 B C 12 
Structure 222: 19 10 1 18 17 A 4 5 6 B 8
	-> A 4 5 6 8 B 17 
Structure 223: C A 4 5 6 B 8
	-> A 4 5 6 8 B C 
Structure 224: 12 C A 4 5 6 B 8
	-> A 4 5 6 8 B C 12 
Structure 225: C A 4 5 6 B 8
	-> A 4 5 6 8 B C 
Structure 226: 10 1 18 17 A 4 5 6 B 8
	-> A 4 5 6 8 B 17 
Structure 227: 12 C A 4 5 6 B 8
	-> A 4 5 6 8 B C 12 
Structure 228: 12 C A 20 4 5 6 B 8
	-> A 4 5 6 8 B C 12 
Structure 229: C A 4 5 6 B 8
	-> A 4 5 6 8 B C 
Structure 230: 12 C A 4 5 6 B 8
	-> A 4 5 6 8 B C 12 
Structure 231: 12 C A 4 5 6 B 8
	-> A 4 5 6 8 B C 12 
Structure 232: 12 C A 4 5 6 B 8
	-> A 4 5 6 8 B C 12 
Structure 233: 32 30 C A 4 5 D 6 B 8
	-> A 4 5 6 8 B C D 
Structure 234: 12 C A 4 5 6 B 8
	-> A 4 5 6 8 B C 12 
Structure 235: 12 C A 4 5 6 B 8
	-> A 4 5 6 8 B C 12 
Structure 236: 12 C A 4 5 6 B 8
	-> A 4 5 6 8 B C 12 
Structure 237: C A 4 5 6 B 8
	-> A 4 5 6 8 B C 
Structure 238: 12 C A 4 5 6 B 8
	-> A 4 5 6 8 B C 12 
Structure 239: 12 C A 4 5 6 31 B 8
	-> A 4 5 6 8 B C 12 
Structure 240: 12 C A 4 5 6 B 8
	-> A 4 5 6 8 B C 12 
Structure 241: 12 C A 4 5 6 B 8
	-> A 4 5 6 8 B C 12 
Structure 242: 12 10 1 18 17 A 4 5 6 B 8
	-> A 4 5 6 8 B 12 17 
Structure 243: 12 C A 4 5 6 B 8
	-> A 4 5 6 8 B C 12 
Structure 244: C A 4 5 6 B 8
	-> A 4 5 6 8 B C 
Structure 245: C A 4 5 6 B 8
	-> A 4 5 6 8 B C 
Structure 246: E C A 4 5 6 B 8
	-> A 4 5 6 8 B C E 
Structure 247: C A 4 5 6 B 8
	-> A 4 5 6 8 B C 
Structure 248: 12 C A 4 5 6 B 8
	-> A 4 5 6 8 B C 12 
Structure 249: 12 C A 4 5 6 B 8
	-> A 4 5 6 8 B C 12 
Structure 250: C A 4 5 6 B 8
	-> A 4 5 6 8 B C 
Structure 251: 12 C A 4 5 6 B 8
	-> A 4 5 6 8 B C 12 
Structure 252: 12 E C A 4 5 6 B 8
	-> A 4 5 6 8 B C 12 E 
Structure 253: C A 4 5 6 B 8
	-> A 4 5 6 8 B C 
Structure 254: 12 C A 4 5 6 B 8
	-> A 4 5 6 8 B C 12 
Structure 255: C A 4 5 6 B 8
	-> A 4 5 6 8 B C 
Structure 256: 12 C A 4 5 6 B 8
	-> A 4 5 6 8 B C 12 
Structure 257: C A 4 5 6 B 8
	-> A 4 5 6 8 B C 
Structure 258: 12 10 1 18 17 A 4 5 D 6 B 8
	-> A 4 5 6 8 B 12 D 17 
Structure 259: 12 C A 4 5 D 6 B 8
	-> A 4 5 6 8 B C 12 D 
Structure 260: 12 C A 4 5 6 B 8
	-> A 4 5 6 8 B C 12 
Structure 261: 12 C 17 A 16 4 5 6 B 8
	-> A 4 5 6 8 B C 12 16 17 
Structure 262: C A 4 5 6 B 8
	-> A 4 5 6 8 B C 
Structure 263: C A 4 5 6 B 8
	-> A 4 5 6 8 B C 
Structure 264: 12 C A 4 5 6 B 8
	-> A 4 5 6 8 B C 12 
Structure 265: 12 C A 4 5 D 6 B 8
	-> A 4 5 6 8 B C 12 D 
Structure 266: 12 C A 4 5 D 6 B 8
	-> A 4 5 6 8 B C 12 D 
Structure 267: 12 C A 4 5 6 B 8
	-> A 4 5 6 8 B C 12 
Structure 268: 12 C A 4 5 D 6 B 8
	-> A 4 5 6 8 B C 12 D 
Structure 269: 12 C A 4 5 6 B 8
	-> A 4 5 6 8 B C 12 
Structure 270: 12 C A 4 5 6 B 8
	-> A 4 5 6 8 B C 12 
Structure 271: 12 C A 4 5 6 B 8
	-> A 4 5 6 8 B C 12 
Structure 272: C A 4 5 D 6 B 8
	-> A 4 5 6 8 B C D 
Structure 273: 12 C A 4 5 6 B 8
	-> A 4 5 6 8 B C 12 
Structure 274: C A 4 5 6 B 8
	-> A 4 5 6 8 B C 
Structure 275: C A 4 5 6 B 8
	-> A 4 5 6 8 B C 
Structure 276: 12 C A 4 5 6 B 8
	-> A 4 5 6 8 B C 12 
Structure 277: 12 C A 4 5 6 B 8
	-> A 4 5 6 8 B C 12 
Structure 278: 12 C A 4 5 6 B 8
	-> A 4 5 6 8 B C 12 
Structure 279: 12 C A 4 5 6 B 8
	-> A 4 5 6 8 B C 12 
Structure 280: 12 C A 4 5 6 B 8
	-> A 4 5 6 8 B C 12 
Structure 281: C A 4 5 6 B 8
	-> A 4 5 6 8 B C 
Structure 282: 12 C A 4 5 6 B 8
	-> A 4 5 6 8 B C 12 
Structure 283: C A 4 5 6 B 8
	-> A 4 5 6 8 B C 
Structure 284: C A 21 4 5 D 6 B 8
	-> A 4 5 6 8 B C D 
Structure 285: 12 C A 4 5 D 6 B 8
	-> A 4 5 6 8 B C 12 D 
Structure 286: C A 4 5 D 6 B 8
	-> A 4 5 6 8 B C D 
Structure 287: 12 C A 4 5 D 6 B 8
	-> A 4 5 6 8 B C 12 D 
Structure 288: 12 C A 4 5 6 B 8
	-> A 4 5 6 8 B C 12 
Structure 289: C A 4 5 6 B 8
	-> A 4 5 6 8 B C 
Structure 290: C A 4 5 6 B 8
	-> A 4 5 6 8 B C 
Structure 291: 12 C A 4 5 6 B 8
	-> A 4 5 6 8 B C 12 
Structure 292: 12 C A 4 5 6 B 8
	-> A 4 5 6 8 B C 12 
Structure 293: 12 C A 4 5 D 6 B 8
	-> A 4 5 6 8 B C 12 D 
Structure 294: 12 C A 4 5 6 B 8
	-> A 4 5 6 8 B C 12 
Structure 295: 12 C A 4 5 D 6 31 B 8
	-> A 4 5 6 8 B C 12 D 
Structure 296: 12 C A 4 5 6 B 8
	-> A 4 5 6 8 B C 12 
Structure 297: C A 4 5 D 6 B 8
	-> A 4 5 6 8 B C D 
Structure 298: 12 E C A 4 5 6 B 8
	-> A 4 5 6 8 B C 12 E 
Structure 299: 12 C A 4 5 D 6 B 8
	-> A 4 5 6 8 B C 12 D 
Structure 300: C A 4 5 D 6 B 8
	-> A 4 5 6 8 B C D 
Structure 301: C A 4 5 6 B 8
	-> A 4 5 6 8 B C 
Structure 302: C A 4 5 D 6 B 8
	-> A 4 5 6 8 B C D 
Structure 303: C A 4 5 6 B 8
	-> A 4 5 6 8 B C 
Structure 304: C A 4 5 D 6 B 8
	-> A 4 5 6 8 B C D 
Structure 305: C A 4 5 D 6 B 8
	-> A 4 5 6 8 B C D 
Structure 306: E C A 4 5 6 B 8
	-> A 4 5 6 8 B C E 
Structure 307: E 10 1 18 17 A 4 5 6 B 8
	-> A 4 5 6 8 B E 17 
Structure 308: C A 4 5 D 6 B 8
	-> A 4 5 6 8 B C D 
Structure 309: 12 10 1 18 17 A 4 5 6 B 8
	-> A 4 5 6 8 B 12 17 
Structure 310: C A 4 5 6 B 8
	-> A 4 5 6 8 B C 
Structure 311: 12 C A 4 5 6 B 8
	-> A 4 5 6 8 B C 12 
Structure 312: 12 C A 4 5 6 B 8
	-> A 4 5 6 8 B C 12 
Structure 313: 12 C A 4 5 6 B 8
	-> A 4 5 6 8 B C 12 
Structure 314: 12 C A 4 5 6 B 8
	-> A 4 5 6 8 B C 12 
Structure 315: 12 C A 4 5 6 B 8
	-> A 4 5 6 8 B C 12 
Structure 316: 12 C A 4 5 6 B 8
	-> A 4 5 6 8 B C 12 
Structure 317: C A 4 5 6 B 8
	-> A 4 5 6 8 B C 
Structure 318: 12 C A 4 5 6 B 8
	-> A 4 5 6 8 B C 12 
Structure 319: 12 C A 4 5 6 B 8
	-> A 4 5 6 8 B C 12 
Structure 320: C A 4 5 6 B 8
	-> A 4 5 6 8 B C 
Structure 321: C A 4 5 6 B 8
	-> A 4 5 6 8 B C 
Structure 322: C A 4 5 6 B 8
	-> A 4 5 6 8 B C 
Structure 323: C A 4 5 6 B 8
	-> A 4 5 6 8 B C 
Structure 324: 12 C A 4 5 6 B 8
	-> A 4 5 6 8 B C 12 
Structure 325: C A 4 5 D 6 B 8
	-> A 4 5 6 8 B C D 
Structure 326: 12 C A 4 5 6 B 8
	-> A 4 5 6 8 B C 12 
Structure 327: C A 4 5 6 B 8
	-> A 4 5 6 8 B C 
Structure 328: C A 4 5 D 6 B 8
	-> A 4 5 6 8 B C D 
Structure 329: 12 C A 4 5 6 B 8
	-> A 4 5 6 8 B C 12 
Structure 330: C A 4 5 6 B 8
	-> A 4 5 6 8 B C 
Structure 331: 12 C A 4 5 6 B 8
	-> A 4 5 6 8 B C 12 
Structure 332: 12 C A 4 5 6 B 8
	-> A 4 5 6 8 B C 12 
Structure 333: 12 C A 4 5 6 B 8
	-> A 4 5 6 8 B C 12 
Structure 334: 12 C A 4 5 D 6 B 8
	-> A 4 5 6 8 B C 12 D 
Structure 335: 12 C A 4 5 6 B 8
	-> A 4 5 6 8 B C 12 
Structure 336: C A 4 5 6 B 8
	-> A 4 5 6 8 B C 
Structure 337: 12 C A 4 5 6 B 8
	-> A 4 5 6 8 B C 12 
Structure 338: 12 C A 4 5 6 B 8
	-> A 4 5 6 8 B C 12 
Structure 339: 12 C A 38 4 5 D 6 B 8
	-> A 4 5 6 8 B C 12 D 
Structure 340: 12 C A 4 5 D 6 B 8
	-> A 4 5 6 8 B C 12 D 
Structure 341: 12 C A 4 5 6 B 8
	-> A 4 5 6 8 B C 12 
Structure 342: C A 4 5 6 B 8
	-> A 4 5 6 8 B C 
Structure 343: 12 C A 4 5 6 B 8
	-> A 4 5 6 8 B C 12 
Structure 344: C A 4 5 6 B 8
	-> A 4 5 6 8 B C 
Structure 345: 12 E C A 4 5 6 B 8
	-> A 4 5 6 8 B C 12 E 
Structure 346: 12 C A 4 5 6 B 8
	-> A 4 5 6 8 B C 12 
Structure 347: C A 4 5 6 B 8
	-> A 4 5 6 8 B C 
Structure 348: C A 4 5 D 6 B 8
	-> A 4 5 6 8 B C D 
Structure 349: 12 C A 4 5 6 B 8
	-> A 4 5 6 8 B C 12 
Structure 350: 12 C A 4 5 6 B 8
	-> A 4 5 6 8 B C 12 
Structure 351: E C A 4 5 D 6 B 8
	-> A 4 5 6 8 B C D E 
Structure 352: C A 4 5 6 B 8
	-> A 4 5 6 8 B C 
Structure 353: 12 C A 4 5 6 B 8
	-> A 4 5 6 8 B C 12 
Structure 354: E C A 4 5 D 6 B 8
	-> A 4 5 6 8 B C D E 
Structure 355: 10 1 18 17 A 4 5 6 B 8
	-> A 4 5 6 8 B 17 
Structure 356: C A 4 5 6 B 8
	-> A 4 5 6 8 B C 
Structure 357: E C A 4 5 6 B 8
	-> A 4 5 6 8 B C E 
Structure 358: E C A 4 5 6 B 8
	-> A 4 5 6 8 B C E 
Structure 359: 12 C A 4 5 6 B 8
	-> A 4 5 6 8 B C 12 
Structure 360: 12 C A 4 5 6 B 8
	-> A 4 5 6 8 B C 12 
Structure 361: C A 4 5 6 B 8
	-> A 4 5 6 8 B C 
Structure 362: 1 11 A 4 5 6 B 8
	-> A 4 5 6 8 B 
Structure 363: 12 C A 4 5 6 B 8
	-> A 4 5 6 8 B C 12 
Structure 364: 12 C A 4 5 6 B 8
	-> A 4 5 6 8 B C 12 
Structure 365: 1 11 A 16 4 5 6 B 8
	-> A 4 5 6 8 B 16 
Structure 366: 12 C A 4 5 D 6 B 8
	-> A 4 5 6 8 B C 12 D 
Structure 367: C A 4 5 6 B 8
	-> A 4 5 6 8 B C 
Structure 368: 12 C A 4 5 6 B 8
	-> A 4 5 6 8 B C 12 
Structure 369: 12 C A 4 5 6 B 8
	-> A 4 5 6 8 B C 12 
Structure 370: C A 4 5 6 B 8
	-> A 4 5 6 8 B C 
Structure 371: C A 4 5 6 B 8
	-> A 4 5 6 8 B C 
Structure 372: C A 21 4 5 6 B 8
	-> A 4 5 6 8 B C 
Structure 373: E C A 4 5 6 B 8
	-> A 4 5 6 8 B C E 
Structure 374: 12 C A 4 5 D 6 B 8
	-> A 4 5 6 8 B C 12 D 
Structure 375: C A 16 4 5 6 B 8
	-> A 4 5 6 8 B C 16 
Structure 376: 12 C A 4 5 6 B 8
	-> A 4 5 6 8 B C 12 
Structure 377: 12 C A 4 5 6 B 8
	-> A 4 5 6 8 B C 12 
Structure 378: 19 C A 4 5 6 B 8
	-> A 4 5 6 8 B C 
Structure 379: 12 E C A 16 4 5 6 B 8
	-> A 4 5 6 8 B C 12 E 16 
Structure 380: 12 C A 4 5 D 6 B 8
	-> A 4 5 6 8 B C 12 D 
Structure 381: 12 C A 4 5 6 B 8
	-> A 4 5 6 8 B C 12 
Structure 382: 12 C A 4 5 6 B 8
	-> A 4 5 6 8 B C 12 
Structure 383: C A 4 5 6 B 8
	-> A 4 5 6 8 B C 
Structure 384: 12 C A 4 5 6 B 8
	-> A 4 5 6 8 B C 12 
Structure 385: 12 C A 4 5 D 6 B 8
	-> A 4 5 6 8 B C 12 D 
Structure 386: 1 11 A 4 5 6 B 8
	-> A 4 5 6 8 B 
Structure 387: 12 10 1 18 17 A 4 5 6 B 8
	-> A 4 5 6 8 B 12 17 
Structure 388: 12 E C A 4 5 6 B 8
	-> A 4 5 6 8 B C 12 E 
Structure 389: C A 4 5 6 B 8
	-> A 4 5 6 8 B C 
Structure 390: C A 4 5 6 B 8
	-> A 4 5 6 8 B C 
Structure 391: 12 C A 4 5 6 B 8
	-> A 4 5 6 8 B C 12 
Structure 392: 12 C A 4 5 6 B 8
	-> A 4 5 6 8 B C 12 
Structure 393: 12 C A 4 5 6 B 8
	-> A 4 5 6 8 B C 12 
Structure 394: C A 4 5 D 6 B 8
	-> A 4 5 6 8 B C D 
Structure 395: C A 4 5 6 B 8
	-> A 4 5 6 8 B C 
Structure 396: C A 4 5 6 B 8
	-> A 4 5 6 8 B C 
Structure 397: 12 C A 4 5 6 B 8
	-> A 4 5 6 8 B C 12 
Structure 398: C A 4 5 D 6 B 8
	-> A 4 5 6 8 B C D 
Structure 399: 12 10 1 18 17 A 4 5 6 B 8
	-> A 4 5 6 8 B 12 17 
Structure 400: 12 C A 4 5 6 B 8
	-> A 4 5 6 8 B C 12 
Structure 401: 12 C A 24 4 5 6 B 8
	-> A 4 5 6 8 B C 12 
Structure 402: 12 C A 4 5 6 B 8
	-> A 4 5 6 8 B C 12 
Structure 403: C A 4 5 6 B 8
	-> A 4 5 6 8 B C 
Structure 404: C A 4 5 6 B 8
	-> A 4 5 6 8 B C 
Structure 405: C A 4 5 6 B 8
	-> A 4 5 6 8 B C 
Structure 406: 12 29 1 11 A 4 5 6 B 8
	-> A 4 5 6 8 B 12 
Structure 407: 12 E C A 4 5 6 B 8
	-> A 4 5 6 8 B C 12 E 
Structure 408: E C A 4 5 6 B 8
	-> A 4 5 6 8 B C E 
Structure 409: E C A 4 5 6 B 8
	-> A 4 5 6 8 B C E 
Structure 410: 12 C A 4 5 6 B 8
	-> A 4 5 6 8 B C 12 
Structure 411: 12 C A 4 5 6 B 8
	-> A 4 5 6 8 B C 12 
Structure 412: 12 C A 4 5 6 B 8
	-> A 4 5 6 8 B C 12 
Structure 413: 12 C A 4 5 6 B 8
	-> A 4 5 6 8 B C 12 
Structure 414: 12 C A 4 5 6 B 8
	-> A 4 5 6 8 B C 12 
Structure 415: C A 4 5 6 B 8
	-> A 4 5 6 8 B C 
Structure 416: 12 C A 4 5 D 6 B 8
	-> A 4 5 6 8 B C 12 D 
Structure 417: 12 C A 4 5 6 B 8
	-> A 4 5 6 8 B C 12 
Structure 418: 12 C A 4 5 6 B 8
	-> A 4 5 6 8 B C 12 
Structure 419: 12 C A 4 5 6 B 8
	-> A 4 5 6 8 B C 12 
Structure 420: 19 C A 4 5 6 B 8
	-> A 4 5 6 8 B C 
Structure 421: C A 4 5 D 6 B 8
	-> A 4 5 6 8 B C D 
Structure 422: C A 4 5 6 B 8
	-> A 4 5 6 8 B C 
Structure 423: 10 1 18 17 A 4 5 6 B 8
	-> A 4 5 6 8 B 17 
Structure 424: C A 4 5 6 B 8
	-> A 4 5 6 8 B C 
Structure 425: 12 C A 4 5 D 6 B 8
	-> A 4 5 6 8 B C 12 D 
Structure 426: C A 4 5 6 B 8
	-> A 4 5 6 8 B C 
Structure 427: 12 C A 4 5 6 B 8
	-> A 4 5 6 8 B C 12 
Structure 428: 12 E C A 4 5 6 B 8
	-> A 4 5 6 8 B C 12 E 
Structure 429: 12 C A 21 4 5 6 B 8
	-> A 4 5 6 8 B C 12 
Structure 430: 12 C A 4 5 6 B 8
	-> A 4 5 6 8 B C 12 
Structure 431: C 17 A 4 5 6 B 8
	-> A 4 5 6 8 B C 17 
Structure 432: 12 C A 4 5 6 B 8
	-> A 4 5 6 8 B C 12 
Structure 433: 12 C A 4 5 6 B 8
	-> A 4 5 6 8 B C 12 
Structure 434: 12 E 10 1 18 A 4 5 6 B 8
	-> A 4 5 6 8 B 12 E 
Structure 435: 12 C A 4 5 6 B 8
	-> A 4 5 6 8 B C 12 
Structure 436: 12 C A 4 5 6 B 8
	-> A 4 5 6 8 B C 12 
Structure 437: 12 C A 16 4 5 6 B 8
	-> A 4 5 6 8 B C 12 16 
Structure 438: 12 C A 21 4 5 6 B 8
	-> A 4 5 6 8 B C 12 
Structure 439: 10 1 18 17 A 4 5 6 B 8
	-> A 4 5 6 8 B 17 
Structure 440: 12 C A 4 5 6 B 8
	-> A 4 5 6 8 B C 12 
Structure 441: C A 4 5 6 B 8
	-> A 4 5 6 8 B C 
Structure 442: 12 C A 4 5 D 6 B 8
	-> A 4 5 6 8 B C 12 D 
Structure 443: 12 C A 4 5 D 6 B 8
	-> A 4 5 6 8 B C 12 D 
Structure 444: 12 C A 4 5 6 B 8
	-> A 4 5 6 8 B C 12 
Structure 445: C A 4 5 6 B 8
	-> A 4 5 6 8 B C 
Structure 446: 12 C A 4 5 6 B 8
	-> A 4 5 6 8 B C 12 
Structure 447: 12 C A 4 5 6 B 8
	-> A 4 5 6 8 B C 12 
Structure 448: 12 1 11 A 4 5 D 6 B 8
	-> A 4 5 6 8 B 12 D 
Structure 449: 12 C A 4 5 6 B 8
	-> A 4 5 6 8 B C 12 
Structure 450: C A 4 5 6 B 8
	-> A 4 5 6 8 B C 
Structure 451: C A 4 5 6 B 8
	-> A 4 5 6 8 B C 
Structure 452: C A 4 5 6 B 8
	-> A 4 5 6 8 B C 
Structure 453: C A 4 5 6 B 8
	-> A 4 5 6 8 B C 
Structure 454: C A 4 5 6 B 8
	-> A 4 5 6 8 B C 
Structure 455: 12 C A 4 5 6 B 8
	-> A 4 5 6 8 B C 12 
Structure 456: 12 1 11 A 4 5 6 B 8
	-> A 4 5 6 8 B 12 
Structure 457: C A 4 5 D 6 B 8
	-> A 4 5 6 8 B C D 
Structure 458: E C A 4 5 6 B 8
	-> A 4 5 6 8 B C E 
Structure 459: C A 4 5 6 B 8
	-> A 4 5 6 8 B C 
Structure 460: C A 4 5 6 B 8
	-> A 4 5 6 8 B C 
Structure 461: C A 4 5 6 B 8
	-> A 4 5 6 8 B C 
Structure 462: 12 C A 4 5 6 B 8
	-> A 4 5 6 8 B C 12 
Structure 463: C A 16 4 5 6 B 8
	-> A 4 5 6 8 B C 16 
Structure 464: C A 4 5 6 B 8
	-> A 4 5 6 8 B C 
Structure 465: 12 1 11 A 4 5 6 B 8
	-> A 4 5 6 8 B 12 
Structure 466: C A 4 5 6 B 8
	-> A 4 5 6 8 B C 
Structure 467: 12 C A 4 5 D 6 B 8
	-> A 4 5 6 8 B C 12 D 
Structure 468: C A 4 5 6 B 8
	-> A 4 5 6 8 B C 
Structure 469: 12 E 10 1 18 17 A 4 5 D 6 B 8
	-> A 4 5 6 8 B 12 D E 17 
Structure 470: C A 4 5 D 6 B 8
	-> A 4 5 6 8 B C D 
Structure 471: 12 C A 4 5 6 B 8
	-> A 4 5 6 8 B C 12 
Structure 472: C A 21 4 5 D 6 B 8
	-> A 4 5 6 8 B C D 
Structure 473: 12 E C A 4 5 6 B 8
	-> A 4 5 6 8 B C 12 E 
Structure 474: 12 C A 4 5 6 B 8
	-> A 4 5 6 8 B C 12 
Structure 475: 10 1 18 17 A 4 5 6 B 8
	-> A 4 5 6 8 B 17 
Structure 476: C A 4 5 6 B 8
	-> A 4 5 6 8 B C 
Structure 477: C A 4 5 6 B 8
	-> A 4 5 6 8 B C 
Structure 478: 12 C A 4 5 6 B 8
	-> A 4 5 6 8 B C 12 
Structure 479: 12 E C A 4 5 6 B 8
	-> A 4 5 6 8 B C 12 E 
Structure 480: C A 4 5 D 6 B 8
	-> A 4 5 6 8 B C D 
Structure 481: 12 C 17 A 4 5 6 B 8
	-> A 4 5 6 8 B C 12 17 
Structure 482: 12 C A 4 5 6 B 8
	-> A 4 5 6 8 B C 12 
Structure 483: 12 C A 4 5 6 B 8
	-> A 4 5 6 8 B C 12 
Structure 484: 12 C A 4 5 D 6 B 8
	-> A 4 5 6 8 B C 12 D 
Structure 485: 12 C A 4 5 6 B 8
	-> A 4 5 6 8 B C 12 
Structure 486: C A 4 5 6 B 8
	-> A 4 5 6 8 B C 
Structure 487: 12 C A 4 5 6 B 8
	-> A 4 5 6 8 B C 12 
Structure 488: 12 C A 4 5 6 B 8
	-> A 4 5 6 8 B C 12 
Structure 489: C A 4 5 D 6 B 8
	-> A 4 5 6 8 B C D 
Structure 490: C A 4 5 6 B 8
	-> A 4 5 6 8 B C 
Structure 491: 12 C A 4 5 6 B 8
	-> A 4 5 6 8 B C 12 
Structure 492: 12 C A 4 5 6 B 8
	-> A 4 5 6 8 B C 12 
Structure 493: C A 4 5 6 31 B 8
	-> A 4 5 6 8 B C 
Structure 494: 12 C A 4 5 D 6 B 8
	-> A 4 5 6 8 B C 12 D 
Structure 495: C A 4 5 6 B 8
	-> A 4 5 6 8 B C 
Structure 496: 12 E C A 21 4 5 6 B 8
	-> A 4 5 6 8 B C 12 E 
Structure 497: C A 4 5 6 B 8
	-> A 4 5 6 8 B C 
Structure 498: 12 C A 16 4 5 6 B 8
	-> A 4 5 6 8 B C 12 16 
Structure 499: 12 C A 4 5 6 B 8
	-> A 4 5 6 8 B C 12 
Structure 500: C A 4 5 D 6 B 8
	-> A 4 5 6 8 B C D 
Structure 501: 12 E C A 4 5 6 B 8
	-> A 4 5 6 8 B C 12 E 
Structure 502: 12 C A 4 5 6 B 8
	-> A 4 5 6 8 B C 12 
Structure 503: C A 4 5 6 B 8
	-> A 4 5 6 8 B C 
Structure 504: 12 C A 4 5 6 B 8
	-> A 4 5 6 8 B C 12 
Structure 505: 12 C A 4 5 6 B 8
	-> A 4 5 6 8 B C 12 
Structure 506: 12 E C A 4 5 6 B 8
	-> A 4 5 6 8 B C 12 E 
Structure 507: 12 C A 4 5 6 B 8
	-> A 4 5 6 8 B C 12 
Structure 508: C A 4 23 5 6 B 8
	-> A 4 5 6 8 B C 
Structure 509: 12 C A 4 5 D 6 B 8
	-> A 4 5 6 8 B C 12 D 
Structure 510: 12 C A 4 5 6 B 8
	-> A 4 5 6 8 B C 12 
Structure 511: 10 1 18 17 A 4 5 D 6 B 8
	-> A 4 5 6 8 B D 17 
Structure 512: C A 4 5 D 6 B 8
	-> A 4 5 6 8 B C D 
Structure 513: C A 4 5 D 6 B 8
	-> A 4 5 6 8 B C D 
Structure 514: 12 C A 4 5 6 B 8
	-> A 4 5 6 8 B C 12 
Structure 515: C A 4 5 6 B 8
	-> A 4 5 6 8 B C 
Structure 516: 12 C A 4 5 6 B 8
	-> A 4 5 6 8 B C 12 
Structure 517: 19 C A 4 5 6 B 8
	-> A 4 5 6 8 B C 
Structure 518: 12 C A 4 5 6 B 8
	-> A 4 5 6 8 B C 12 
Structure 519: 12 C A 4 5 6 B 8
	-> A 4 5 6 8 B C 12 
Structure 520: 12 C A 4 5 6 B 8
	-> A 4 5 6 8 B C 12 
Structure 521: C A 4 5 6 B 8
	-> A 4 5 6 8 B C 
Structure 522: C A 4 5 6 B 8
	-> A 4 5 6 8 B C 
Structure 523: C A 4 5 6 B 8
	-> A 4 5 6 8 B C 
Structure 524: C A 4 5 6 B 8
	-> A 4 5 6 8 B C 
Structure 525: 12 C A 4 5 6 B 8
	-> A 4 5 6 8 B C 12 
Structure 526: 26 C A 4 23 5 6 B 8
	-> A 4 5 6 8 B C 
Structure 527: 12 C A 4 5 6 B 8
	-> A 4 5 6 8 B C 12 
Structure 528: C A 4 5 6 B 8
	-> A 4 5 6 8 B C 
Structure 529: 12 E C 17 A 4 5 6 B 8
	-> A 4 5 6 8 B C 12 E 17 
Structure 530: 12 C A 4 5 6 B 8
	-> A 4 5 6 8 B C 12 
Structure 531: 12 C A 4 5 6 B 8
	-> A 4 5 6 8 B C 12 
Structure 532: 12 C A 4 5 D 6 B 8
	-> A 4 5 6 8 B C 12 D 
Structure 533: E C A 4 5 6 B 8
	-> A 4 5 6 8 B C E 
Structure 534: 12 C A 21 4 5 6 B 8
	-> A 4 5 6 8 B C 12 
Structure 535: 12 C A 16 4 5 6 B 8
	-> A 4 5 6 8 B C 12 16 
Structure 536: 12 C A 4 5 D 6 B 8
	-> A 4 5 6 8 B C 12 D 
Structure 537: 12 C A 4 5 6 B 8
	-> A 4 5 6 8 B C 12 
Structure 538: E C A 4 5 6 B 8
	-> A 4 5 6 8 B C E 
Structure 539: 12 C A 4 5 6 B 8
	-> A 4 5 6 8 B C 12 
Structure 540: E C A 4 5 6 B 8
	-> A 4 5 6 8 B C E 
Structure 541: 12 C A 4 5 6 B 8
	-> A 4 5 6 8 B C 12 
Structure 542: 12 C A 4 5 6 B 8
	-> A 4 5 6 8 B C 12 
Structure 543: 12 C A 4 5 6 B 8
	-> A 4 5 6 8 B C 12 
Structure 544: C A 4 5 6 B 8
	-> A 4 5 6 8 B C 
Structure 545: 12 C A 4 5 6 B 8
	-> A 4 5 6 8 B C 12 
Structure 546: 12 C A 4 5 6 B 8
	-> A 4 5 6 8 B C 12 
Structure 547: 12 C A 4 5 6 B 8
	-> A 4 5 6 8 B C 12 
Structure 548: 12 C A 4 5 6 B 8
	-> A 4 5 6 8 B C 12 
Structure 549: C A 4 5 6 B 8
	-> A 4 5 6 8 B C 
Structure 550: 12 C A 4 5 D 6 B 8
	-> A 4 5 6 8 B C 12 D 
Structure 551: 12 C A 4 5 6 B 8
	-> A 4 5 6 8 B C 12 
Structure 552: C A 4 5 6 B 8
	-> A 4 5 6 8 B C 
Structure 553: C A 4 5 6 B 8
	-> A 4 5 6 8 B C 
Structure 554: 12 C A 4 5 6 B 8
	-> A 4 5 6 8 B C 12 
Structure 555: 12 C A 4 5 6 B 8
	-> A 4 5 6 8 B C 12 
Structure 556: C A 4 5 D 6 B 8
	-> A 4 5 6 8 B C D 
Structure 557: C A 4 5 6 B 8
	-> A 4 5 6 8 B C 
Structure 558: 12 C A 4 5 6 B 8
	-> A 4 5 6 8 B C 12 
Structure 559: 12 C A 16 4 5 6 B 8
	-> A 4 5 6 8 B C 12 16 
Structure 560: 12 C A 4 5 6 B 8
	-> A 4 5 6 8 B C 12 
Structure 561: 12 C A 4 5 6 B 8
	-> A 4 5 6 8 B C 12 
Structure 562: 12 E C A 4 5 6 B 8
	-> A 4 5 6 8 B C 12 E 
Structure 563: 12 C A 4 5 D 6 B 8
	-> A 4 5 6 8 B C 12 D 
Structure 564: C A 4 5 D 6 B 8
	-> A 4 5 6 8 B C D 
Structure 565: 12 C A 4 5 D 6 B 8
	-> A 4 5 6 8 B C 12 D 
Structure 566: C A 4 5 6 B 8
	-> A 4 5 6 8 B C 
Structure 567: C A 4 5 6 B 8
	-> A 4 5 6 8 B C 
Structure 568: 12 E C A 21 4 5 6 B 8
	-> A 4 5 6 8 B C 12 E 
Structure 569: C A 4 5 6 B 8
	-> A 4 5 6 8 B C 
Structure 570: 12 C A 16 4 5 6 B 8
	-> A 4 5 6 8 B C 12 16 
Structure 571: C A 4 5 6 B 8
	-> A 4 5 6 8 B C 
Structure 572: 12 C A 4 5 6 B 8
	-> A 4 5 6 8 B C 12 
Structure 573: C A 4 5 6 B 8
	-> A 4 5 6 8 B C 
Structure 574: 33 E C A 4 5 6 B 8
	-> A 4 5 6 8 B C E 
Structure 575: 19 C A 4 5 6 B 8
	-> A 4 5 6 8 B C 
Structure 576: C A 4 5 6 B 8
	-> A 4 5 6 8 B C 
Structure 577: 12 C A 4 5 D 6 B 8
	-> A 4 5 6 8 B C 12 D 
Structure 578: C A 4 5 6 B 8
	-> A 4 5 6 8 B C 
Structure 579: C A 4 5 6 B 8
	-> A 4 5 6 8 B C 
Structure 580: C A 21 4 5 6 B 8
	-> A 4 5 6 8 B C 
Structure 581: C A 4 5 6 B 8
	-> A 4 5 6 8 B C 
Structure 582: 12 10 1 18 17 A 4 5 D 6 B 8
	-> A 4 5 6 8 B 12 D 17 
Structure 583: 12 C A 4 5 6 B 8
	-> A 4 5 6 8 B C 12 
Structure 584: C A 4 5 6 B 8
	-> A 4 5 6 8 B C 
Structure 585: 12 C A 4 5 6 B 8
	-> A 4 5 6 8 B C 12 
Structure 586: C A 4 5 6 B 8
	-> A 4 5 6 8 B C 
Structure 587: C A 16 4 5 D 6 B 8
	-> A 4 5 6 8 B C D 16 
Structure 588: 12 C A 4 5 6 B 8
	-> A 4 5 6 8 B C 12 
Structure 589: 12 C A 4 5 6 B 8
	-> A 4 5 6 8 B C 12 
Structure 590: C A 4 5 34 6 B 8
	-> A 4 5 6 8 B C 
Structure 591: 1 11 A 4 5 6 B 8
	-> A 4 5 6 8 B 
Structure 592: 12 C A 4 5 6 B 8
	-> A 4 5 6 8 B C 12 
Structure 593: 12 C A 4 5 6 B 8
	-> A 4 5 6 8 B C 12 
Structure 594: 12 C A 4 5 6 B 8
	-> A 4 5 6 8 B C 12 
Structure 595: 12 C A 4 5 6 B 8
	-> A 4 5 6 8 B C 12 
Structure 596: 12 C A 4 5 6 B 8
	-> A 4 5 6 8 B C 12 
Structure 597: 12 C A 4 5 6 B 8
	-> A 4 5 6 8 B C 12 
Structure 598: 12 C A 4 5 6 B 8
	-> A 4 5 6 8 B C 12 
Structure 599: 12 C A 4 5 6 B 8
	-> A 4 5 6 8 B C 12 
Structure 600: C A 4 5 D 6 B 8
	-> A 4 5 6 8 B C D 
Structure 601: 12 C A 4 5 6 B 8
	-> A 4 5 6 8 B C 12 
Structure 602: C A 4 5 6 B 8
	-> A 4 5 6 8 B C 
Structure 603: 12 C A 4 5 6 B 8
	-> A 4 5 6 8 B C 12 
Structure 604: C A 4 5 D 6 B 8
	-> A 4 5 6 8 B C D 
Structure 605: 12 C A 4 5 6 B 8
	-> A 4 5 6 8 B C 12 
Structure 606: C A 4 5 6 B 8
	-> A 4 5 6 8 B C 
Structure 607: 26 C A 4 5 D 6 B 8
	-> A 4 5 6 8 B C D 
Structure 608: 12 C A 4 5 6 B 8
	-> A 4 5 6 8 B C 12 
Structure 609: C A 4 5 6 B 8
	-> A 4 5 6 8 B C 
Structure 610: 12 C A 4 5 D 6 B 8
	-> A 4 5 6 8 B C 12 D 
Structure 611: 12 C A 4 5 D 6 B 8
	-> A 4 5 6 8 B C 12 D 
Structure 612: C A 4 5 D 6 B 8
	-> A 4 5 6 8 B C D 
Structure 613: E C A 16 4 5 6 B 8
	-> A 4 5 6 8 B C E 16 
Structure 614: C A 4 5 6 B 8
	-> A 4 5 6 8 B C 
Structure 615: 12 C A 4 5 6 B 8
	-> A 4 5 6 8 B C 12 
Structure 616: 12 C A 4 5 6 B 8
	-> A 4 5 6 8 B C 12 
Structure 617: 12 C A 4 5 6 B 8
	-> A 4 5 6 8 B C 12 
Structure 618: 12 C A 4 5 6 B 8
	-> A 4 5 6 8 B C 12 
Structure 619: 12 C A 4 5 6 B 8
	-> A 4 5 6 8 B C 12 
Structure 620: 12 C A 16 4 5 6 B 8
	-> A 4 5 6 8 B C 12 16 
Structure 621: C A 4 5 6 B 8
	-> A 4 5 6 8 B C 
Structure 622: 12 C A 4 5 6 B 8
	-> A 4 5 6 8 B C 12 
Structure 623: C A 4 5 6 B 8
	-> A 4 5 6 8 B C 
Structure 624: C A 4 5 D 6 B 8
	-> A 4 5 6 8 B C D 
Structure 625: 12 C A 4 5 6 B 8
	-> A 4 5 6 8 B C 12 
Structure 626: 12 C A 4 5 6 B 8
	-> A 4 5 6 8 B C 12 
Structure 627: 12 C A 4 5 6 B 8
	-> A 4 5 6 8 B C 12 
Structure 628: 12 C A 4 5 6 B 8
	-> A 4 5 6 8 B C 12 
Structure 629: 12 C A 4 5 6 B 8
	-> A 4 5 6 8 B C 12 
Structure 630: 12 C A 4 5 6 B 8
	-> A 4 5 6 8 B C 12 
Structure 631: C A 4 5 6 B 8
	-> A 4 5 6 8 B C 
Structure 632: E C A 4 5 6 B 8
	-> A 4 5 6 8 B C E 
Structure 633: 12 E C A 4 5 6 B 8
	-> A 4 5 6 8 B C 12 E 
Structure 634: 1 11 A 4 5 D 6 B 8
	-> A 4 5 6 8 B D 
Structure 635: E C A 4 5 D 6 B 8
	-> A 4 5 6 8 B C D E 
Structure 636: C A 4 5 6 B 8
	-> A 4 5 6 8 B C 
Structure 637: 12 C A 4 5 6 B 8
	-> A 4 5 6 8 B C 12 
Structure 638: E C A 4 5 6 B 8
	-> A 4 5 6 8 B C E 
Structure 639: 12 C A 4 5 6 B 8
	-> A 4 5 6 8 B C 12 
Structure 640: 12 C A 4 5 6 B 8
	-> A 4 5 6 8 B C 12 
Structure 641: 12 C A 4 5 6 B 8
	-> A 4 5 6 8 B C 12 
Structure 642: 12 C A 4 5 6 B 8
	-> A 4 5 6 8 B C 12 
Structure 643: C A 4 5 6 B 8
	-> A 4 5 6 8 B C 
Structure 644: 12 C A 4 5 6 B 8
	-> A 4 5 6 8 B C 12 
Structure 645: 12 C A 4 5 6 B 8
	-> A 4 5 6 8 B C 12 
Structure 646: 12 C A 4 5 D 6 B 8
	-> A 4 5 6 8 B C 12 D 
Structure 647: 12 C A 4 5 6 B 8
	-> A 4 5 6 8 B C 12 
Structure 648: 12 C A 4 5 D 6 B 8
	-> A 4 5 6 8 B C 12 D 
Structure 649: 12 C A 4 5 6 B 8
	-> A 4 5 6 8 B C 12 
Structure 650: C A 4 5 6 B 8
	-> A 4 5 6 8 B C 
Structure 651: C A 4 5 D 6 B 8
	-> A 4 5 6 8 B C D 
Structure 652: 12 C 17 A 4 5 6 B 8
	-> A 4 5 6 8 B C 12 17 
Structure 653: 12 C A 4 5 D 6 B 8
	-> A 4 5 6 8 B C 12 D 
Structure 654: 12 C A 4 5 6 B 8
	-> A 4 5 6 8 B C 12 
Structure 655: 12 C A 4 5 D 6 B 8
	-> A 4 5 6 8 B C 12 D 
Structure 656: 12 C A 4 5 D 6 B 8
	-> A 4 5 6 8 B C 12 D 
Structure 657: C A 20 4 5 6 B 8
	-> A 4 5 6 8 B C 
Structure 658: 10 1 18 17 A 4 5 6 B 8
	-> A 4 5 6 8 B 17 
Structure 659: 12 C A 4 5 6 B 8
	-> A 4 5 6 8 B C 12 
Structure 660: 12 C A 4 5 6 B 8
	-> A 4 5 6 8 B C 12 
Structure 661: C A 16 4 5 6 B 8
	-> A 4 5 6 8 B C 16 
Structure 662: 12 C A 4 5 6 B 8
	-> A 4 5 6 8 B C 12 
Structure 663: C A 4 5 6 B 8
	-> A 4 5 6 8 B C 
Structure 664: 12 C A 4 5 6 B 8
	-> A 4 5 6 8 B C 12 
Structure 665: 33 E C A 4 5 6 B 8
	-> A 4 5 6 8 B C E 
Structure 666: 12 10 1 18 17 A 4 5 6 B 8
	-> A 4 5 6 8 B 12 17 
Structure 667: C A 4 5 6 B 8
	-> A 4 5 6 8 B C 
Structure 668: 12 C A 16 4 5 6 B 8
	-> A 4 5 6 8 B C 12 16 
Structure 669: C A 16 4 5 6 B 8
	-> A 4 5 6 8 B C 16 
Structure 670: C A 4 5 D 6 B 8
	-> A 4 5 6 8 B C D 
Structure 671: 12 C A 24 4 5 6 B 8
	-> A 4 5 6 8 B C 12 
Structure 672: 28 C A 4 5 6 B 8
	-> A 4 5 6 8 B C 
Structure 673: 12 C A 4 5 6 B 8
	-> A 4 5 6 8 B C 12 
Structure 674: 12 C A 4 5 6 B 8
	-> A 4 5 6 8 B C 12 
Structure 675: C A 4 5 D 6 B 8
	-> A 4 5 6 8 B C D 
Structure 676: C A 4 5 6 B 8
	-> A 4 5 6 8 B C 
Structure 677: 12 C A 4 5 6 B 8
	-> A 4 5 6 8 B C 12 
Structure 678: C A 4 5 D 6 B 8
	-> A 4 5 6 8 B C D 
Structure 679: 28 C 17 A 4 5 6 36 B 8
	-> A 4 5 6 8 B C 17 
Structure 680: 10 1 18 17 A 4 5 6 B 8
	-> A 4 5 6 8 B 17 
Structure 681: C A 4 5 6 B 8
	-> A 4 5 6 8 B C 
Structure 682: C A 4 5 6 B 8
	-> A 4 5 6 8 B C 
Structure 683: 12 C A 4 5 6 B 8
	-> A 4 5 6 8 B C 12 
Structure 684: 12 C A 4 23 5 6 B 8
	-> A 4 5 6 8 B C 12 
Structure 685: C A 4 5 6 B 8
	-> A 4 5 6 8 B C 
Structure 686: C A 4 5 6 B 8
	-> A 4 5 6 8 B C 
Structure 687: 12 E C A 4 5 6 B 8
	-> A 4 5 6 8 B C 12 E 
Structure 688: 12 C A 4 5 6 B 8
	-> A 4 5 6 8 B C 12 
Structure 689: C A 4 5 D 6 B 8
	-> A 4 5 6 8 B C D 
Structure 690: E C A 4 23 5 6 B 8
	-> A 4 5 6 8 B C E 
Structure 691: 12 29 1 11 A 4 5 6 B 8
	-> A 4 5 6 8 B 12 
Structure 692: C A 4 5 6 B 8
	-> A 4 5 6 8 B C 
Structure 693: 12 C A 4 5 6 B 8
	-> A 4 5 6 8 B C 12 
Structure 694: 12 C A 4 5 6 B 8
	-> A 4 5 6 8 B C 12 
Structure 695: 12 C A 4 5 6 B 8
	-> A 4 5 6 8 B C 12 
Structure 696: 12 C A 4 5 6 B 8
	-> A 4 5 6 8 B C 12 
Structure 697: C A 4 5 6 B 8
	-> A 4 5 6 8 B C 
Structure 698: C A 4 5 6 B 8
	-> A 4 5 6 8 B C 
Structure 699: E 10 1 18 17 A 4 5 D 6 B 8
	-> A 4 5 6 8 B D E 17 
Structure 700: 12 C A 4 5 6 B 8
	-> A 4 5 6 8 B C 12 
Structure 701: 12 C A 4 5 6 B 8
	-> A 4 5 6 8 B C 12 
Structure 702: 12 C A 4 5 6 B 8
	-> A 4 5 6 8 B C 12 
Structure 703: C A 4 5 6 B 8
	-> A 4 5 6 8 B C 
Structure 704: 12 C A 4 5 6 B 8
	-> A 4 5 6 8 B C 12 
Structure 705: 12 C A 4 5 6 B 8
	-> A 4 5 6 8 B C 12 
Structure 706: C A 4 5 6 B 8
	-> A 4 5 6 8 B C 
Structure 707: 12 C A 4 5 6 B 8
	-> A 4 5 6 8 B C 12 
Structure 708: 12 C A 4 5 D 6 B 8
	-> A 4 5 6 8 B C 12 D 
Structure 709: 12 C A 4 5 6 B 8
	-> A 4 5 6 8 B C 12 
Structure 710: 12 C A 20 4 5 6 B 8
	-> A 4 5 6 8 B C 12 
Structure 711: C A 4 5 6 B 8
	-> A 4 5 6 8 B C 
Structure 712: E C A 4 5 6 B 8
	-> A 4 5 6 8 B C E 
Structure 713: 12 C A 16 4 5 D 6 B 8
	-> A 4 5 6 8 B C 12 D 16 
Structure 714: 12 E C A 4 5 D 6 B 8
	-> A 4 5 6 8 B C 12 D E 
Structure 715: 12 C A 4 5 6 B 8
	-> A 4 5 6 8 B C 12 
Structure 716: 12 C A 4 5 6 B 8
	-> A 4 5 6 8 B C 12 
Structure 717: 12 C A 4 5 6 B 8
	-> A 4 5 6 8 B C 12 
Structure 718: 12 10 1 18 17 A 4 5 D 6 B 8
	-> A 4 5 6 8 B 12 D 17 
Structure 719: C A 4 5 6 B 8
	-> A 4 5 6 8 B C 
Structure 720: 12 C A 4 5 6 B 8
	-> A 4 5 6 8 B C 12 
Structure 721: 12 C A 4 5 6 B 8
	-> A 4 5 6 8 B C 12 
Structure 722: 12 C A 16 4 5 6 B 8
	-> A 4 5 6 8 B C 12 16 
Structure 723: 12 C A 4 5 6 B 8
	-> A 4 5 6 8 B C 12 
Structure 724: 12 C A 20 4 5 D 6 B 8
	-> A 4 5 6 8 B C 12 D 
Structure 725: 12 C A 4 5 6 B 8
	-> A 4 5 6 8 B C 12 
Structure 726: 12 C A 4 5 6 B 8
	-> A 4 5 6 8 B C 12 
Structure 727: 12 C A 4 5 6 B 8
	-> A 4 5 6 8 B C 12 
Structure 728: 12 C A 4 5 D 6 B 8
	-> A 4 5 6 8 B C 12 D 
Structure 729: 12 C A 16 4 5 6 B 8
	-> A 4 5 6 8 B C 12 16 
Structure 730: 12 C A 4 5 6 B 8
	-> A 4 5 6 8 B C 12 
Structure 731: 12 C A 4 5 6 B 8
	-> A 4 5 6 8 B C 12 
Structure 732: 12 C A 4 5 6 B 8
	-> A 4 5 6 8 B C 12 
Structure 733: 12 C A 4 5 6 B 8
	-> A 4 5 6 8 B C 12 
Structure 734: E C A 4 5 6 B 8
	-> A 4 5 6 8 B C E 
Structure 735: 12 C A 4 5 6 B 8
	-> A 4 5 6 8 B C 12 
Structure 736: 12 C A 4 5 6 B 8
	-> A 4 5 6 8 B C 12 
Structure 737: C A 4 5 6 B 8
	-> A 4 5 6 8 B C 
Structure 738: C A 4 5 6 B 8
	-> A 4 5 6 8 B C 
Structure 739: C A 4 5 6 B 8
	-> A 4 5 6 8 B C 
Structure 740: 12 C A 4 5 6 B 8
	-> A 4 5 6 8 B C 12 
Structure 741: 12 C A 4 5 6 B 8
	-> A 4 5 6 8 B C 12 
Structure 742: C A 4 5 D 6 B 8
	-> A 4 5 6 8 B C D 
Structure 743: 12 C A 4 5 6 B 8
	-> A 4 5 6 8 B C 12 
Structure 744: 12 C A 4 5 6 B 8
	-> A 4 5 6 8 B C 12 
Structure 745: C A 4 5 6 B 8
	-> A 4 5 6 8 B C 
Structure 746: C A 4 5 6 B 8
	-> A 4 5 6 8 B C 
Structure 747: C A 16 4 5 6 B 8
	-> A 4 5 6 8 B C 16 
Structure 748: C A 4 5 6 B 8
	-> A 4 5 6 8 B C 
Structure 749: 12 C A 4 5 6 B 8
	-> A 4 5 6 8 B C 12 
Structure 750: 12 C A 4 5 6 B 8
	-> A 4 5 6 8 B C 12 
Structure 751: E C A 16 4 5 6 B 8
	-> A 4 5 6 8 B C E 16 
Structure 752: C A 4 5 6 B 8
	-> A 4 5 6 8 B C 
Structure 753: 12 C A 4 5 6 B 8
	-> A 4 5 6 8 B C 12 
Structure 754: C A 4 5 6 B 8
	-> A 4 5 6 8 B C 
Structure 755: 12 C A 4 5 6 B 8
	-> A 4 5 6 8 B C 12 
Structure 756: 12 C A 4 39 5 6 B 8
	-> A 4 5 6 8 B C 12 
Structure 757: 12 29 1 11 A 4 5 6 B 8
	-> A 4 5 6 8 B 12 
Structure 758: C A 4 5 6 B 8
	-> A 4 5 6 8 B C 
Structure 759: 12 C A 4 5 6 B 8
	-> A 4 5 6 8 B C 12 
Structure 760: C A 4 5 6 B 8
	-> A 4 5 6 8 B C 
Structure 761: E C A 4 5 6 B 8
	-> A 4 5 6 8 B C E 
Structure 762: C A 4 5 6 B 8
	-> A 4 5 6 8 B C 
Structure 763: 12 C A 21 4 5 6 B 8
	-> A 4 5 6 8 B C 12 
Structure 764: C A 4 5 6 B 8
	-> A 4 5 6 8 B C 
Structure 765: 12 C A 4 5 6 B 8
	-> A 4 5 6 8 B C 12 
Structure 766: E C A 16 4 5 6 B 8
	-> A 4 5 6 8 B C E 16 
Structure 767: C A 4 5 6 B 8
	-> A 4 5 6 8 B C 
Structure 768: 12 C A 20 4 5 6 B 8
	-> A 4 5 6 8 B C 12 
Structure 769: E C A 4 5 6 B 8
	-> A 4 5 6 8 B C E 
Structure 770: E C A 4 5 6 B 8
	-> A 4 5 6 8 B C E 
Structure 771: C A 20 4 5 D 6 B 8
	-> A 4 5 6 8 B C D 
Structure 772: 12 C A 4 5 6 B 8
	-> A 4 5 6 8 B C 12 
Structure 773: 12 C A 16 4 5 6 B 8
	-> A 4 5 6 8 B C 12 16 
Structure 774: 12 C A 4 5 6 B 8
	-> A 4 5 6 8 B C 12 
Structure 775: 12 C A 4 5 6 B 8
	-> A 4 5 6 8 B C 12 
Structure 776: 19 12 C A 16 4 5 6 B 8
	-> A 4 5 6 8 B C 12 16 
Structure 777: C A 4 5 6 B 8
	-> A 4 5 6 8 B C 
Structure 778: C A 4 5 D 6 B 8
	-> A 4 5 6 8 B C D 
Structure 779: 12 C A 4 5 6 B 8
	-> A 4 5 6 8 B C 12 
Structure 780: E C A 16 4 5 D 6 B 8
	-> A 4 5 6 8 B C D E 16 
Structure 781: 12 C A 4 5 6 B 8
	-> A 4 5 6 8 B C 12 
Structure 782: 12 C A 4 5 6 B 8
	-> A 4 5 6 8 B C 12 
Structure 783: 12 C A 4 5 6 B 8
	-> A 4 5 6 8 B C 12 
Structure 784: C A 4 5 6 B 8
	-> A 4 5 6 8 B C 
Structure 785: 12 C A 4 5 D 6 B 8
	-> A 4 5 6 8 B C 12 D 
Structure 786: 12 C A 4 5 6 B 8
	-> A 4 5 6 8 B C 12 
Structure 787: C A 4 5 6 B 8
	-> A 4 5 6 8 B C 
Structure 788: C A 4 5 D 6 B 8
	-> A 4 5 6 8 B C D 
Structure 789: 12 C A 21 4 5 6 B 8
	-> A 4 5 6 8 B C 12 
Structure 790: C A 4 5 D 6 B 8
	-> A 4 5 6 8 B C D 
Structure 791: 12 C A 4 5 6 B 8
	-> A 4 5 6 8 B C 12 
Structure 792: 12 C A 4 5 6 B 8
	-> A 4 5 6 8 B C 12 
Structure 793: C A 4 5 6 B 8
	-> A 4 5 6 8 B C 
Structure 794: C A 4 5 D 6 B 8
	-> A 4 5 6 8 B C D 
Structure 795: 12 C A 4 5 6 B 8
	-> A 4 5 6 8 B C 12 
Structure 796: 12 C A 4 5 6 B 8
	-> A 4 5 6 8 B C 12 
Structure 797: C A 4 23 5 6 B 8
	-> A 4 5 6 8 B C 
Structure 798: C A 4 5 6 B 8
	-> A 4 5 6 8 B C 
Structure 799: 12 C A 4 5 6 B 8
	-> A 4 5 6 8 B C 12 
Structure 800: C A 4 5 6 B 8
	-> A 4 5 6 8 B C 
Structure 801: 12 C A 4 5 6 B 8
	-> A 4 5 6 8 B C 12 
Structure 802: C A 4 5 6 B 8
	-> A 4 5 6 8 B C 
Structure 803: 12 C A 4 5 6 B 8
	-> A 4 5 6 8 B C 12 
Structure 804: C A 4 5 6 B 8
	-> A 4 5 6 8 B C 
Structure 805: 12 C A 4 5 D 6 B 8
	-> A 4 5 6 8 B C 12 D 
Structure 806: 12 C A 4 5 6 B 8
	-> A 4 5 6 8 B C 12 
Structure 807: 12 10 1 18 17 A 4 5 6 B 8
	-> A 4 5 6 8 B 12 17 
Structure 808: 12 C A 4 5 6 B 8
	-> A 4 5 6 8 B C 12 
Structure 809: C A 4 5 D 6 B 8
	-> A 4 5 6 8 B C D 
Structure 810: 12 C A 4 5 6 B 8
	-> A 4 5 6 8 B C 12 
Structure 811: C A 4 5 6 B 8
	-> A 4 5 6 8 B C 
Structure 812: C A 4 5 6 B 8
	-> A 4 5 6 8 B C 
Structure 813: 12 C A 4 5 6 B 8
	-> A 4 5 6 8 B C 12 
Structure 814: 12 E C A 16 4 5 6 B 8
	-> A 4 5 6 8 B C 12 E 16 
Structure 815: 12 C A 4 5 D 6 B 8
	-> A 4 5 6 8 B C 12 D 
Structure 816: 19 30 C A 4 5 6 B 8
	-> A 4 5 6 8 B C 
Structure 817: E C A 4 5 6 B 8
	-> A 4 5 6 8 B C E 
Structure 818: 12 C A 4 5 6 B 8
	-> A 4 5 6 8 B C 12 
Structure 819: 12 C A 4 5 6 B 8
	-> A 4 5 6 8 B C 12 
Structure 820: C A 4 5 6 B 8
	-> A 4 5 6 8 B C 
Structure 821: 12 C A 4 5 6 B 8
	-> A 4 5 6 8 B C 12 
Structure 822: 12 C A 4 5 6 B 8
	-> A 4 5 6 8 B C 12 
Structure 823: C A 4 5 6 B 8
	-> A 4 5 6 8 B C 
Structure 824: 10 1 18 17 A 4 5 6 B 8
	-> A 4 5 6 8 B 17 
Structure 825: C A 4 5 6 B 8
	-> A 4 5 6 8 B C 
Structure 826: 12 E C A 4 5 6 B 8
	-> A 4 5 6 8 B C 12 E 
Structure 827: 12 C A 4 5 6 B 8
	-> A 4 5 6 8 B C 12 
Structure 828: 12 C A 4 5 6 B 8
	-> A 4 5 6 8 B C 12 
Structure 829: C A 4 5 D 6 B 8
	-> A 4 5 6 8 B C D 
Structure 830: 12 C A 4 5 6 B 8
	-> A 4 5 6 8 B C 12 
Structure 831: 12 C A 4 5 6 B 8
	-> A 4 5 6 8 B C 12 
Structure 832: 12 C A 4 5 6 B 8
	-> A 4 5 6 8 B C 12 
Structure 833: C A 4 5 D 6 B 8
	-> A 4 5 6 8 B C D 
Structure 834: 12 C A 4 5 D 6 B 8
	-> A 4 5 6 8 B C 12 D 
Structure 835: 19 12 C A 4 5 6 B 8
	-> A 4 5 6 8 B C 12 
Structure 836: 40 C A 4 5 6 B 8
	-> A 4 5 6 8 B C 
Structure 837: 12 C A 4 5 6 B 8
	-> A 4 5 6 8 B C 12 
Structure 838: 12 C A 4 5 6 B 8
	-> A 4 5 6 8 B C 12 
Structure 839: 12 C A 16 4 5 6 B 8
	-> A 4 5 6 8 B C 12 16 
Structure 840: 12 C A 20 4 5 6 B 8
	-> A 4 5 6 8 B C 12 
Structure 841: C A 4 5 6 B 8
	-> A 4 5 6 8 B C 
Structure 842: C A 4 5 6 B 8
	-> A 4 5 6 8 B C 
Structure 843: C A 4 5 6 B 8
	-> A 4 5 6 8 B C 
Structure 844: 12 C A 20 4 5 6 B 8
	-> A 4 5 6 8 B C 12 
Structure 845: C A 4 5 6 B 8
	-> A 4 5 6 8 B C 
Structure 846: C A 4 5 6 B 8
	-> A 4 5 6 8 B C 
Structure 847: C A 4 5 6 B 8
	-> A 4 5 6 8 B C 
Structure 848: 12 E C A 4 5 6 B 8
	-> A 4 5 6 8 B C 12 E 
Structure 849: 12 C A 4 5 6 B 8
	-> A 4 5 6 8 B C 12 
Structure 850: C A 4 5 6 B 8
	-> A 4 5 6 8 B C 
Structure 851: C A 4 5 6 B 8
	-> A 4 5 6 8 B C 
Structure 852: 12 E C A 16 4 5 6 B 8
	-> A 4 5 6 8 B C 12 E 16 
Structure 853: C A 4 5 6 B 8
	-> A 4 5 6 8 B C 
Structure 854: C A 4 5 6 B 8
	-> A 4 5 6 8 B C 
Structure 855: 12 E C A 4 5 D 6 B 8
	-> A 4 5 6 8 B C 12 D E 
Structure 856: 12 C A 4 5 D 6 B 8
	-> A 4 5 6 8 B C 12 D 
Structure 857: 12 C A 4 5 34 6 B 8
	-> A 4 5 6 8 B C 12 
Structure 858: C A 20 4 5 6 B 8
	-> A 4 5 6 8 B C 
Structure 859: 10 1 18 17 A 4 5 6 B 8
	-> A 4 5 6 8 B 17 
Structure 860: 12 C A 4 5 6 B 8
	-> A 4 5 6 8 B C 12 
Structure 861: 12 C A 4 5 D 6 B 8
	-> A 4 5 6 8 B C 12 D 
Structure 862: C A 4 5 6 B 8
	-> A 4 5 6 8 B C 
Structure 863: C A 4 5 6 B 8
	-> A 4 5 6 8 B C 
Structure 864: C A 4 5 6 B 8
	-> A 4 5 6 8 B C 
Structure 865: E C A 4 5 6 B 8
	-> A 4 5 6 8 B C E 
Structure 866: 12 C A 4 5 6 B 8
	-> A 4 5 6 8 B C 12 
Structure 867: 12 C A 4 5 6 B 8
	-> A 4 5 6 8 B C 12 
Structure 868: 12 C A 4 5 6 B 8
	-> A 4 5 6 8 B C 12 
Structure 869: 12 C A 21 4 5 6 B 8
	-> A 4 5 6 8 B C 12 
Structure 870: 12 C A 4 5 6 B 8
	-> A 4 5 6 8 B C 12 
Structure 871: 12 C A 4 5 6 B 8
	-> A 4 5 6 8 B C 12 
Structure 872: C A 4 5 6 B 8
	-> A 4 5 6 8 B C 
Structure 873: C A 4 5 6 B 8
	-> A 4 5 6 8 B C 
Structure 874: 12 C A 24 4 5 D 6 B 8
	-> A 4 5 6 8 B C 12 D 
Structure 875: C A 4 5 6 B 8
	-> A 4 5 6 8 B C 
Structure 876: C A 4 5 6 B 8
	-> A 4 5 6 8 B C 
Structure 877: C A 4 5 6 B 8
	-> A 4 5 6 8 B C 
Structure 878: 12 C A 4 5 6 B 8
	-> A 4 5 6 8 B C 12 
Structure 879: C A 4 5 D 6 B 8
	-> A 4 5 6 8 B C D 
Structure 880: 12 C A 4 5 6 B 8
	-> A 4 5 6 8 B C 12 
Structure 881: E C A 4 5 D 6 B 8
	-> A 4 5 6 8 B C D E 
Structure 882: C A 4 5 D 6 B 8
	-> A 4 5 6 8 B C D 
Structure 883: 12 C A 4 5 6 B 8
	-> A 4 5 6 8 B C 12 
Structure 884: C A 4 5 6 B 8
	-> A 4 5 6 8 B C 
Structure 885: C A 4 5 6 B 8
	-> A 4 5 6 8 B C 
Structure 886: C A 4 5 6 B 8
	-> A 4 5 6 8 B C 
Structure 887: 12 C A 4 5 6 B 8
	-> A 4 5 6 8 B C 12 
Structure 888: 30 C A 16 4 5 6 B 8
	-> A 4 5 6 8 B C 16 
Structure 889: 12 C A 16 4 5 6 B 8
	-> A 4 5 6 8 B C 12 16 
Structure 890: C A 4 5 6 B 8
	-> A 4 5 6 8 B C 
Structure 891: 12 C A 4 5 6 B 8
	-> A 4 5 6 8 B C 12 
Structure 892: C A 4 5 6 B 8
	-> A 4 5 6 8 B C 
Structure 893: 12 C A 4 5 6 B 8
	-> A 4 5 6 8 B C 12 
Structure 894: 10 1 18 17 A 4 5 6 B 8
	-> A 4 5 6 8 B 17 
Structure 895: 12 E C A 4 5 6 B 8
	-> A 4 5 6 8 B C 12 E 
Structure 896: C A 4 5 6 B 8
	-> A 4 5 6 8 B C 
Structure 897: C A 4 5 6 B 8
	-> A 4 5 6 8 B C 
Structure 898: 12 C A 4 5 6 B 8
	-> A 4 5 6 8 B C 12 
Structure 899: C A 4 5 6 B 8
	-> A 4 5 6 8 B C 
Structure 900: E C A 4 5 6 B 8
	-> A 4 5 6 8 B C E 
Structure 901: C A 4 5 6 B 8
	-> A 4 5 6 8 B C 
Structure 902: 12 C A 4 5 D 6 B 8
	-> A 4 5 6 8 B C 12 D 
Structure 903: 12 C A 4 5 6 B 8
	-> A 4 5 6 8 B C 12 
Structure 904: C A 4 5 6 B 8
	-> A 4 5 6 8 B C 
Structure 905: 12 C A 4 5 6 36 B 8
	-> A 4 5 6 8 B C 12 
Structure 906: C A 4 5 D 6 B 8
	-> A 4 5 6 8 B C D 
Structure 907: C A 4 5 6 B 8
	-> A 4 5 6 8 B C 
Structure 908: 12 C A 4 5 6 B 8
	-> A 4 5 6 8 B C 12 
Structure 909: C A 4 5 6 B 8
	-> A 4 5 6 8 B C 
Structure 910: 12 C A 4 5 6 B 8
	-> A 4 5 6 8 B C 12 
Structure 911: 12 10 1 18 17 A 4 5 6 B 8
	-> A 4 5 6 8 B 12 17 
Structure 912: 12 C A 4 5 6 B 8
	-> A 4 5 6 8 B C 12 
Structure 913: 12 C A 4 5 6 B 8
	-> A 4 5 6 8 B C 12 
Structure 914: 12 C A 4 5 D 6 B 8
	-> A 4 5 6 8 B C 12 D 
Structure 915: 12 E C A 4 5 D 6 B 8
	-> A 4 5 6 8 B C 12 D E 
Structure 916: C A 4 5 6 B 8
	-> A 4 5 6 8 B C 
Structure 917: 12 C A 4 5 D 6 B 8
	-> A 4 5 6 8 B C 12 D 
Structure 918: 12 C A 4 5 6 B 8
	-> A 4 5 6 8 B C 12 
Structure 919: 12 C A 4 5 6 B 8
	-> A 4 5 6 8 B C 12 
Structure 920: 12 C A 4 5 6 B 8
	-> A 4 5 6 8 B C 12 
Structure 921: C A 4 5 6 B 8
	-> A 4 5 6 8 B C 
Structure 922: C A 4 5 6 B 8
	-> A 4 5 6 8 B C 
Structure 923: 12 C A 4 5 6 B 8
	-> A 4 5 6 8 B C 12 
Structure 924: C A 21 4 5 6 B 8
	-> A 4 5 6 8 B C 
Structure 925: 12 C A 4 5 D 6 B 8
	-> A 4 5 6 8 B C 12 D 
Structure 926: C A 4 5 6 B 8
	-> A 4 5 6 8 B C 
Structure 927: 12 C A 4 5 6 B 8
	-> A 4 5 6 8 B C 12 
Structure 928: 12 C A 4 5 6 B 8
	-> A 4 5 6 8 B C 12 
Structure 929: C A 4 5 6 B 8
	-> A 4 5 6 8 B C 
Structure 930: 12 C A 4 5 6 B 8
	-> A 4 5 6 8 B C 12 
Structure 931: 12 C A 4 5 6 B 8
	-> A 4 5 6 8 B C 12 
Structure 932: C A 4 5 6 B 8
	-> A 4 5 6 8 B C 
Structure 933: 12 C A 4 5 6 B 8
	-> A 4 5 6 8 B C 12 
Structure 934: C A 4 5 6 B 8
	-> A 4 5 6 8 B C 
Structure 935: C A 4 5 D 6 B 8
	-> A 4 5 6 8 B C D 
Structure 936: C A 4 5 6 B 8
	-> A 4 5 6 8 B C 
Structure 937: C A 4 5 6 B 8
	-> A 4 5 6 8 B C 
Structure 938: 10 1 18 17 A 4 5 6 B 8
	-> A 4 5 6 8 B 17 
Structure 939: 12 C A 4 5 D 6 B 8
	-> A 4 5 6 8 B C 12 D 
Structure 940: E C A 4 5 D 6 B 8
	-> A 4 5 6 8 B C D E 
Structure 941: 12 C A 4 5 6 B 8
	-> A 4 5 6 8 B C 12 
Structure 942: C A 16 4 5 6 B 8
	-> A 4 5 6 8 B C 16 
Structure 943: C A 4 5 6 B 8
	-> A 4 5 6 8 B C 
Structure 944: 12 C A 4 5 6 B 8
	-> A 4 5 6 8 B C 12 
Structure 945: C A 4 5 6 B 8
	-> A 4 5 6 8 B C 
Structure 946: 12 C 17 A 4 5 6 B 8
	-> A 4 5 6 8 B C 12 17 
Structure 947: 12 C A 4 5 6 B 8
	-> A 4 5 6 8 B C 12 
Structure 948: C A 4 5 D 6 B 8
	-> A 4 5 6 8 B C D 
Structure 949: 12 C A 4 5 6 B 8
	-> A 4 5 6 8 B C 12 
Structure 950: C A 4 5 6 B 8
	-> A 4 5 6 8 B C 
Structure 951: C A 4 5 6 B 8
	-> A 4 5 6 8 B C 
Structure 952: C A 4 5 6 B 8
	-> A 4 5 6 8 B C 
Structure 953: C A 4 5 6 B 8
	-> A 4 5 6 8 B C 
Structure 954: 12 C A 4 5 D 6 B 8
	-> A 4 5 6 8 B C 12 D 
Structure 955: 12 C A 4 5 D 6 B 8
	-> A 4 5 6 8 B C 12 D 
Structure 956: 12 E C A 4 5 6 B 8
	-> A 4 5 6 8 B C 12 E 
Structure 957: 19 12 C A 4 5 6 B 8
	-> A 4 5 6 8 B C 12 
Structure 958: 12 C A 4 5 6 B 8
	-> A 4 5 6 8 B C 12 
Structure 959: 12 C A 4 5 D 6 B 8
	-> A 4 5 6 8 B C 12 D 
Structure 960: 19 12 C A 4 5 6 B 8
	-> A 4 5 6 8 B C 12 
Structure 961: 12 C A 16 4 5 6 B 8
	-> A 4 5 6 8 B C 12 16 
Structure 962: 12 C A 4 5 6 B 8
	-> A 4 5 6 8 B C 12 
Structure 963: C A 4 5 6 B 8
	-> A 4 5 6 8 B C 
Structure 964: 12 C A 4 5 6 B 8
	-> A 4 5 6 8 B C 12 
Structure 965: 12 C A 4 5 6 B 8
	-> A 4 5 6 8 B C 12 
Structure 966: 12 C A 4 5 6 B 8
	-> A 4 5 6 8 B C 12 
Structure 967: 12 C A 4 5 6 B 8
	-> A 4 5 6 8 B C 12 
Structure 968: E C A 4 5 6 B 8
	-> A 4 5 6 8 B C E 
Structure 969: 12 C A 4 5 6 B 8
	-> A 4 5 6 8 B C 12 
Structure 970: 12 C A 4 5 6 B 8
	-> A 4 5 6 8 B C 12 
Structure 971: 12 C A 4 5 6 B 8
	-> A 4 5 6 8 B C 12 
Structure 972: 12 C A 4 5 6 B 8
	-> A 4 5 6 8 B C 12 
Structure 973: 12 C A 4 5 D 6 B 8
	-> A 4 5 6 8 B C 12 D 
Structure 974: C A 4 5 6 B 8
	-> A 4 5 6 8 B C 
Structure 975: C 17 A 4 5 6 B 8
	-> A 4 5 6 8 B C 17 
Structure 976: C A 4 5 6 B 8
	-> A 4 5 6 8 B C 
Structure 977: C A 4 5 6 B 8
	-> A 4 5 6 8 B C 
Structure 978: C A 4 5 D 6 B 8
	-> A 4 5 6 8 B C D 
Structure 979: C A 4 5 D 6 B 8
	-> A 4 5 6 8 B C D 
Structure 980: E C A 4 5 6 B 8
	-> A 4 5 6 8 B C E 
Structure 981: 12 C A 20 4 5 D 6 B 8
	-> A 4 5 6 8 B C 12 D 
Structure 982: 12 C A 16 4 5 6 B 8
	-> A 4 5 6 8 B C 12 16 
Structure 983: 12 C A 4 5 6 B 8
	-> A 4 5 6 8 B C 12 
Structure 984: C A 4 5 6 B 8
	-> A 4 5 6 8 B C 
Structure 985: 12 C A 4 5 6 B 8
	-> A 4 5 6 8 B C 12 
Structure 986: C A 4 5 D 6 B 8
	-> A 4 5 6 8 B C D 
Structure 987: C A 4 5 6 B 8
	-> A 4 5 6 8 B C 
Structure 988: 12 E C A 4 5 6 B 8
	-> A 4 5 6 8 B C 12 E 
Structure 989: C A 4 5 6 B 8
	-> A 4 5 6 8 B C 
Structure 990: 12 C A 4 5 6 B 8
	-> A 4 5 6 8 B C 12 
Structure 991: 12 C A 4 5 6 B 8
	-> A 4 5 6 8 B C 12 
Structure 992: 12 C A 4 5 6 B 8
	-> A 4 5 6 8 B C 12 
Structure 993: C A 4 5 6 B 8
	-> A 4 5 6 8 B C 
Structure 994: 19 C A 4 5 6 B 8
	-> A 4 5 6 8 B C 
Structure 995: C A 4 5 D 6 B 8
	-> A 4 5 6 8 B C D 
Structure 996: C A 4 5 D 6 B 8
	-> A 4 5 6 8 B C D 
Structure 997: 12 C A 4 5 6 B 8
	-> A 4 5 6 8 B C 12 
Structure 998: 12 C A 4 5 6 B 8
	-> A 4 5 6 8 B C 12 
Structure 999: 12 C A 4 5 6 B 8
	-> A 4 5 6 8 B C 12 
Structure 1000: C A 4 5 6 B 8
	-> A 4 5 6 8 B C 
