Processing: /home/hwilco/Documents/RNA Research/RNAStructProfiling-master/output/training/IRES_cripavirus/Drosophila_C_virus.1_sfold/input/Drosophila_C_virus.1_sfold.out
Structure 1: 1 32 14 2 7 3 23 135 17 6 10 5 28 4
	-> 1 2 3 4 5 6 7 10 14 
Structure 2: 1 A 2 7 64 33 62 50 54 25 4
	-> 1 2 4 A 7 
Structure 3: 1 A 2 7 3 B C 10 5 4
	-> 1 2 3 4 A 5 7 10 B C 
Structure 4: 1 A 2 7 3 136 137 33 19 6 36 10 5 4
	-> 1 2 3 4 A 5 6 7 10 
Structure 5: 1 A 2 7 3 138 70 23 26 19 6 10 5 28 4
	-> 1 2 3 4 A 5 6 7 10 
Structure 6: 1 A 2 12 3 B 6 10 5 4
	-> 1 2 3 4 A 5 6 10 B 12 
Structure 7: 1 A 2 7 3 30 B C 25 4
	-> 1 2 3 4 A 7 B C 
Structure 8: 1 A 2 7 3 B 6 10 5 4
	-> 1 2 3 4 A 5 6 7 10 B 
Structure 9: 1 A 29 2 12 3 B 6 10 5 51 4
	-> 1 2 3 4 A 5 6 10 B 12 
Structure 10: 1 A 2 12 3 31 B 6 10 5 4
	-> 1 2 3 4 A 5 6 10 B 12 
Structure 11: 1 2 12 3 57 46 19 6 36 5 4
	-> 1 2 3 4 5 6 12 
Structure 12: 1 14 2 7 3 91 33 20 17 6 18 21 27
	-> 1 2 3 6 7 14 
Structure 13: 1 A 14 2 7 3 30 B 6 5 4
	-> 1 2 3 4 A 5 6 7 B 14 
Structure 14: 1 A 2 7 3 B 13 C 10 5 4
	-> 1 2 3 4 A 5 7 10 B C 13 
Structure 15: 1 A 2 12 3 B 13 C 10 5 28 4
	-> 1 2 3 4 A 5 10 B C 12 13 
Structure 16: 1 A 2 7 3 B C 10 5 4
	-> 1 2 3 4 A 5 7 10 B C 
Structure 17: 1 14 2 7 3 B 6 25 4
	-> 1 2 3 4 6 7 B 14 
Structure 18: 1 A 2 7 3 B 6 10 5 4
	-> 1 2 3 4 A 5 6 7 10 B 
Structure 19: 1 A 2 12 3 30 B 6 82 5 4
	-> 1 2 3 4 A 5 6 B 12 
Structure 20: 1 A 2 139 92 3 B 6 10 5 4
	-> 1 2 3 4 A 5 6 10 B 
Structure 21: 1 A 2 38 12 3 31 83 17 6 140 18 21 27 67
	-> 1 2 3 A 6 12 
Structure 22: 1 A 2 7 3 B 13 C 5 4
	-> 1 2 3 4 A 5 7 B C 13 
Structure 23: 1 2 7 3 23 26 17 6 10 5 4
	-> 1 2 3 4 5 6 7 10 
Structure 24: 1 A 2 7 3 B 6 10 5 4
	-> 1 2 3 4 A 5 6 7 10 B 
Structure 25: 1 A 2 7 3 23 26 17 6 10 5 4
	-> 1 2 3 4 A 5 6 7 10 
Structure 26: 1 A 2 12 3 31 24 20 17 6 18 52 39
	-> 1 2 3 A 6 12 
Structure 27: 1 A 2 7 35 141 24 20 8 6 18 21 27
	-> 1 2 A 6 7 
Structure 28: 1 14 2 7 3 30 B 13 C 25 110
	-> 1 2 3 7 B C 13 14 
Structure 29: 1 A 2 12 3 23 26 19 6 10 5 4
	-> 1 2 3 4 A 5 6 10 12 
Structure 30: 1 14 2 7 3 30 B C 5 28 4
	-> 1 2 3 4 5 7 B C 14 
Structure 31: 1 A 29 2 7 3 33 B 6 10 5 4
	-> 1 2 3 4 A 5 6 7 10 B 
Structure 32: 1 14 2 59 3 31 B C 37 10 5 4
	-> 1 2 3 4 5 10 B C 14 
Structure 33: 1 A 2 7 3 B 13 C 40 5 4
	-> 1 2 3 4 A 5 7 B C 13 
Structure 34: 1 A 2 7 35 45 58 71 20 19 6 18 21 27 142
	-> 1 2 A 6 7 
Structure 35: 1 A 2 7 3 B 13 C 10 5 28 4
	-> 1 2 3 4 A 5 7 10 B C 13 
Structure 36: 1 A 2 12 3 23 26 17 6 37 10 5 4
	-> 1 2 3 4 A 5 6 10 12 
Structure 37: 1 2 7 111 3 33 B 13 C 37 10 5 4
	-> 1 2 3 4 5 7 10 B C 13 
Structure 38: 1 A 2 7 3 30 B 6 143 25 4
	-> 1 2 3 4 A 6 7 B 
Structure 39: 1 A 14 2 7 3 23 26 17 6 10 5 4
	-> 1 2 3 4 A 5 6 7 10 14 
Structure 40: 1 A 2 7 3 30 B 13 C 25 4
	-> 1 2 3 4 A 7 B C 13 
Structure 41: 1 A 2 7 3 23 26 49 6 37 10 43 5 4
	-> 1 2 3 4 A 5 6 7 10 
Structure 42: 1 A 2 38 12 3 B C 10 5 28 4
	-> 1 2 3 4 A 5 10 B C 12 
Structure 43: 1 A 2 38 12 3 23 19 6 10 5 4
	-> 1 2 3 4 A 5 6 10 12 
Structure 44: 1 A 2 41 3 23 26 17 6 10 5 4
	-> 1 2 3 4 A 5 6 10 
Structure 45: 1 A 2 7 144 145 24 42 20 19 6 18 21 27
	-> 1 2 A 6 7 
Structure 46: 1 A 2 38 12 3 B 13 C 10 5 4
	-> 1 2 3 4 A 5 10 B C 12 13 
Structure 47: 1 A 14 2 12 3 30 B 13 C 5 4
	-> 1 2 3 4 A 5 B C 12 13 14 
Structure 48: 1 A 2 12 3 B 13 C 10 5 4
	-> 1 2 3 4 A 5 10 B C 12 13 
Structure 49: 1 A 2 7 3 31 24 20 19 6 18 21
	-> 1 2 3 A 6 7 
Structure 50: 1 A 2 7 34 3 24 20 19 6 18 21 27
	-> 1 2 3 A 6 7 
Structure 51: 1 A 14 2 7 146 3 B 13 C 10 5 4
	-> 1 2 3 4 A 5 7 10 B C 13 14 
Structure 52: 1 2 47 7 3 23 26 17 6 10 5 4
	-> 1 2 3 4 5 6 7 10 
Structure 53: 1 14 2 7 3 31 24 20 17 6 18 21 27
	-> 1 2 3 6 7 14 
Structure 54: 1 A 2 12 35 45 72 24 20 19 6 18 21 27
	-> 1 2 A 6 12 
Structure 55: 1 A 2 47 7 3 B C 10 5 4
	-> 1 2 3 4 A 5 7 10 B C 
Structure 56: 1 2 7 3 46 44 B 13 C 112 113
	-> 1 2 3 7 B C 13 
Structure 57: 1 A 14 2 7 3 23 26 49 6 10 5 4
	-> 1 2 3 4 A 5 6 7 10 14 
Structure 58: 1 A 2 7 3 30 B C 5 4
	-> 1 2 3 4 A 5 7 B C 
Structure 59: 1 14 2 7 3 30 B 13 C 25 4
	-> 1 2 3 4 7 B C 13 14 
Structure 60: 1 A 2 7 3 19 6 10 5 4
	-> 1 2 3 4 A 5 6 7 10 
Structure 61: 1 A 2 12 3 9 6 10 5 4
	-> 1 2 3 4 A 5 6 10 12 
Structure 62: 1 A 2 53 12 3 B 6 10 5 4
	-> 1 2 3 4 A 5 6 10 B 12 
Structure 63: 1 A 14 2 7 84 3 31 B 6 10 5 4
	-> 1 2 3 4 A 5 6 7 10 B 14 
Structure 64: 1 A 2 7 34 3 B 6 10 5 4
	-> 1 2 3 4 A 5 6 7 10 B 
Structure 65: 1 A 2 12 3 46 44 8 13 C 18 21 39
	-> 1 2 3 A C 12 13 
Structure 66: 1 A 2 7 3 24 20 19 6 18 21
	-> 1 2 3 A 6 7 
Structure 67: 1 2 12 3 30 B 13 C 25 4
	-> 1 2 3 4 B C 12 13 
Structure 68: 73 1 A 55 2 7 3 B 6 25 4
	-> 1 2 3 4 A 6 7 B 
Structure 69: 1 A 2 12 3 46 20 49 6 18 21 39
	-> 1 2 3 A 6 12 
Structure 70: 1 A 2 7 3 24 20 19 6 18 52 114
	-> 1 2 3 A 6 7 
Structure 71: 1 A 2 7 3 B 13 C 10 5 4
	-> 1 2 3 4 A 5 7 10 B C 13 
Structure 72: 1 A 2 12 3 B 6 40 5 4
	-> 1 2 3 4 A 5 6 B 12 
Structure 73: 1 A 29 2 7 3 B 6 10 5 4
	-> 1 2 3 4 A 5 6 7 10 B 
Structure 74: 1 A 2 7 3 B 13 C 10 5 4
	-> 1 2 3 4 A 5 7 10 B C 13 
Structure 75: 1 A 2 7 3 68 44 19 6 18 21 27
	-> 1 2 3 A 6 7 
Structure 76: 1 A 2 7 35 45 147 74 20 17 6 18 21 27
	-> 1 2 A 6 7 
Structure 77: 1 A 2 12 3 B C 10 5 28 4
	-> 1 2 3 4 A 5 10 B C 12 
Structure 78: 1 2 7 3 B C 10 5 4
	-> 1 2 3 4 5 7 10 B C 
Structure 79: 1 A 29 2 7 3 B 13 C 10 5 4
	-> 1 2 3 4 A 5 7 10 B C 13 
Structure 80: 1 A 2 7 3 B 6 10 5 4
	-> 1 2 3 4 A 5 6 7 10 B 
Structure 81: 1 A 29 2 7 3 B 13 C 10 5 4
	-> 1 2 3 4 A 5 7 10 B C 13 
Structure 82: 1 A 29 2 12 3 B 13 C 10 5 28 4
	-> 1 2 3 4 A 5 10 B C 12 13 
Structure 83: 1 A 14 2 3 24 20 17 6 18 21 27
	-> 1 2 3 A 6 14 
Structure 84: 1 A 2 7 34 3 B 13 C 10 5 4
	-> 1 2 3 4 A 5 7 10 B C 13 
Structure 85: 1 A 2 12 3 B 6 10 5 28 4
	-> 1 2 3 4 A 5 6 10 B 12 
Structure 86: 1 A 2 3 B 6 10 5 4
	-> 1 2 3 4 A 5 6 10 B 
Structure 87: 1 A 2 7 3 B 13 C 10 5 4
	-> 1 2 3 4 A 5 7 10 B C 13 
Structure 88: 1 A 2 7 3 19 6 36 10 5 4
	-> 1 2 3 4 A 5 6 7 10 
Structure 89: 1 A 2 7 3 24 42 20 19 6 18 21 27
	-> 1 2 3 A 6 7 
Structure 90: 1 A 2 7 3 24 20 19 6 18 21 27
	-> 1 2 3 A 6 7 
Structure 91: 1 2 115 34 3 23 26 17 19 6 10 5 4
	-> 1 2 3 4 5 6 10 
Structure 92: 1 A 2 12 3 9 17 6 116 5 28 4
	-> 1 2 3 4 A 5 6 12 
Structure 93: 1 A 2 7 3 30 B 6 25 4
	-> 1 2 3 4 A 6 7 B 
Structure 94: 1 A 2 53 12 3 23 26 17 6 10 5 4
	-> 1 2 3 4 A 5 6 10 12 
Structure 95: 1 A 2 12 3 23 19 6 10 5 4
	-> 1 2 3 4 A 5 6 10 12 
Structure 96: 1 2 93 7 3 148 74 20 6 18 21 27
	-> 1 2 3 6 7 
Structure 97: 1 A 2 7 3 33 94 17 6 10 5 4
	-> 1 2 3 4 A 5 6 7 10 
Structure 98: 1 A 32 2 12 3 B 6 10 5 4
	-> 1 2 3 4 A 5 6 10 B 12 
Structure 99: 1 A 2 7 3 23 17 6 10 5 4
	-> 1 2 3 4 A 5 6 7 10 
Structure 100: 1 A 14 2 7 3 46 44 49 6 18 21 39
	-> 1 2 3 A 6 7 14 
Structure 101: 1 32 2 7 34 3 149 60 19 6 37 10 5 4
	-> 1 2 3 4 5 6 7 10 
Structure 102: 1 A 2 12 35 45 B 13 C 10 5 4
	-> 1 2 4 A 5 10 B C 12 13 
Structure 103: 1 A 2 3 B 6 10 5 4
	-> 1 2 3 4 A 5 6 10 B 
Structure 104: 1 A 2 7 3 B 13 C 10 5 4
	-> 1 2 3 4 A 5 7 10 B C 13 
Structure 105: 1 A 29 2 7 3 B 6 10 5 4
	-> 1 2 3 4 A 5 6 7 10 B 
Structure 106: 1 A 2 7 3 23 26 17 6 10 5 4
	-> 1 2 3 4 A 5 6 7 10 
Structure 107: 1 A 32 2 93 12 3 31 B 6 10 5 28 4
	-> 1 2 3 4 A 5 6 10 B 12 
Structure 108: 1 14 2 38 41 3 19 6 5 4
	-> 1 2 3 4 5 6 14 
Structure 109: 1 A 55 2 7 3 31 B 13 C 10 5 4
	-> 1 2 3 4 A 5 7 10 B C 13 
Structure 110: 1 A 29 2 48 7 3 19 6 36 10 5 28 4
	-> 1 2 3 4 A 5 6 7 10 
Structure 111: 1 2 7 3 46 44 26 19 6 18 21 27
	-> 1 2 3 6 7 
Structure 112: 1 32 14 2 12 7 35 45 24 20 19 6 18 21 61
	-> 1 2 6 7 12 14 
Structure 113: 1 A 14 2 7 3 B 13 C 25 4
	-> 1 2 3 4 A 7 B C 13 14 
Structure 114: 1 55 2 12 3 B 6 10 5 4
	-> 1 2 3 4 5 6 10 B 12 
Structure 115: 1 A 14 2 7 3 60 19 6 50 25 4
	-> 1 2 3 4 A 6 7 14 
Structure 116: 1 A 32 2 12 3 B C 10 5 4
	-> 1 2 3 4 A 5 10 B C 12 
Structure 117: 1 A 2 7 3 B 13 C 10 5 4
	-> 1 2 3 4 A 5 7 10 B C 13 
Structure 118: 1 A 2 12 3 B 6 5 4
	-> 1 2 3 4 A 5 6 B 12 
Structure 119: 73 1 A 2 7 3 B C 10 5 28 4
	-> 1 2 3 4 A 5 7 10 B C 
Structure 120: 1 A 2 48 3 B 13 C 10 5 4
	-> 1 2 3 4 A 5 10 B C 13 
Structure 121: 1 A 2 12 3 23 49 6 37 10 5 51 4
	-> 1 2 3 4 A 5 6 10 12 
Structure 122: 1 A 2 7 3 31 B 6 10 5 4
	-> 1 2 3 4 A 5 6 7 10 B 
Structure 123: 1 2 7 34 3 33 B 13 C 25 150 110
	-> 1 2 3 7 B C 13 
Structure 124: 1 2 7 3 B C 10 151 28 4
	-> 1 2 3 4 7 10 B C 
Structure 125: 1 A 2 7 3 31 24 20 19 6 152 18 52 95 39
	-> 1 2 3 A 6 7 
Structure 126: 1 14 2 7 3 30 B C 25 4
	-> 1 2 3 4 7 B C 14 
Structure 127: 1 A 2 96 3 17 6 36 10 5 4
	-> 1 2 3 4 A 5 6 10 
Structure 128: 1 32 2 7 3 31 24 20 19 6 18 21 27
	-> 1 2 3 6 7 
Structure 129: 1 A 2 7 3 B C 10 5 28 4
	-> 1 2 3 4 A 5 7 10 B C 
Structure 130: 1 A 2 12 3 B 6 10 5 4
	-> 1 2 3 4 A 5 6 10 B 12 
Structure 131: 1 A 2 38 12 3 B 13 C 10 5 4
	-> 1 2 3 4 A 5 10 B C 12 13 
Structure 132: 1 A 2 7 3 31 B C 37 10 5 4
	-> 1 2 3 4 A 5 7 10 B C 
Structure 133: 1 14 2 7 3 B 6 10 5 4
	-> 1 2 3 4 5 6 7 10 B 14 
Structure 134: 1 A 2 7 3 153 33 17 6 10 5 4
	-> 1 2 3 4 A 5 6 7 10 
Structure 135: 1 2 7 3 B C 40 5 4
	-> 1 2 3 4 5 7 B C 
Structure 136: 1 A 2 7 3 23 26 17 6 10 5 4
	-> 1 2 3 4 A 5 6 7 10 
Structure 137: 1 A 2 7 3 B 6 10 5 4
	-> 1 2 3 4 A 5 6 7 10 B 
Structure 138: 1 14 2 12 3 33 83 17 6 50 54 5 4
	-> 1 2 3 4 5 6 12 14 
Structure 139: 1 14 2 12 3 23 26 49 6 10 5 28 4
	-> 1 2 3 4 5 6 10 12 14 
Structure 140: 1 A 2 7 3 B 6 85 10 5 4
	-> 1 2 3 4 A 5 6 7 10 B 
Structure 141: 1 A 2 59 117 3 B 6 10 5 4
	-> 1 2 3 4 A 5 6 10 B 
Structure 142: 1 14 2 7 3 31 20 8 6 18 21 27
	-> 1 2 3 6 7 14 
Structure 143: 1 A 32 14 2 12 3 31 B 13 C 10 5 4
	-> 1 2 3 4 A 5 10 B C 12 13 14 
Structure 144: 1 A 2 7 3 23 26 19 6 10 5 28 4
	-> 1 2 3 4 A 5 6 7 10 
Structure 145: 1 14 2 12 3 23 26 17 6 10 5 4
	-> 1 2 3 4 5 6 10 12 14 
Structure 146: 1 A 2 7 3 23 26 19 6 10 5 4
	-> 1 2 3 4 A 5 6 7 10 
Structure 147: 1 2 7 3 31 97 20 49 6 18 52 95 39
	-> 1 2 3 6 7 
Structure 148: 1 A 14 2 7 3 24 20 98 56 75 99 100
	-> 1 2 3 A 7 14 
Structure 149: 1 A 14 2 7 3 B 13 C 10 5 4
	-> 1 2 3 4 A 5 7 10 B C 13 14 
Structure 150: 1 A 32 2 12 3 B 6 25 4
	-> 1 2 3 4 A 6 B 12 
Structure 151: 1 A 2 7 3 B 13 C 10 5 28 4
	-> 1 2 3 4 A 5 7 10 B C 13 
Structure 152: 1 A 2 7 3 30 B 13 C 5 4
	-> 1 2 3 4 A 5 7 B C 13 
Structure 153: 1 A 14 2 7 3 B C 10 5 4
	-> 1 2 3 4 A 5 7 10 B C 14 
Structure 154: 1 A 2 12 3 B 13 C 10 5 4
	-> 1 2 3 4 A 5 10 B C 12 13 
Structure 155: 1 A 2 7 3 154 86 17 6 155 36 25 156 4
	-> 1 2 3 4 A 6 7 
Structure 156: 1 A 14 2 7 3 B 6 10 5 4
	-> 1 2 3 4 A 5 6 7 10 B 14 
Structure 157: 1 A 2 7 3 B C 10 5 4
	-> 1 2 3 4 A 5 7 10 B C 
Structure 158: 1 A 14 2 38 12 3 24 20 19 6 18 52 27
	-> 1 2 3 A 6 12 14 
Structure 159: 1 A 2 47 7 3 63 33 56 75 99 100
	-> 1 2 3 A 7 
Structure 160: 1 A 29 2 7 3 31 24 20 19 6 36 157 4
	-> 1 2 3 4 A 6 7 
Structure 161: 1 A 2 47 41 3 B 6 10 5 4
	-> 1 2 3 4 A 5 6 10 B 
Structure 162: 1 A 14 2 12 3 19 6 36 10 5 28 4
	-> 1 2 3 4 A 5 6 10 12 14 
Structure 163: 1 A 2 7 3 31 B C 10 5 4 101
	-> 1 2 3 4 A 5 7 10 B C 
Structure 164: 1 A 2 7 34 3 44 8 6 18 21 65
	-> 1 2 3 A 6 7 
Structure 165: 1 A 2 7 3 31 71 20 17 6 18 21
	-> 1 2 3 A 6 7 
Structure 166: 1 A 14 2 12 3 B 6 10 5 4
	-> 1 2 3 4 A 5 6 10 B 12 14 
Structure 167: 1 2 7 3 B 6 10 43 5 28 4
	-> 1 2 3 4 5 6 7 10 B 
Structure 168: 73 1 2 38 12 3 30 B 6 25 4
	-> 1 2 3 4 6 B 12 
Structure 169: 1 A 2 7 3 23 26 19 6 10 5 4
	-> 1 2 3 4 A 5 6 7 10 
Structure 170: 1 A 2 7 3 B 13 C 10 5 28 4
	-> 1 2 3 4 A 5 7 10 B C 13 
Structure 171: 1 14 2 38 102 7 3 23 26 19 6 10 5 4
	-> 1 2 3 4 5 6 7 10 14 
Structure 172: 1 14 2 7 3 30 B 13 87 25 4
	-> 1 2 3 4 7 B 13 14 
Structure 173: 1 A 2 7 3 B C 10 5 4
	-> 1 2 3 4 A 5 7 10 B C 
Structure 174: 1 2 7 3 B 13 C 10 5 4
	-> 1 2 3 4 5 7 10 B C 13 
Structure 175: 1 A 2 12 3 158 B 6 10 5 4
	-> 1 2 3 4 A 5 6 10 B 12 
Structure 176: 1 14 2 7 3 23 26 19 6 40 43 5 4
	-> 1 2 3 4 5 6 7 14 
Structure 177: 1 A 2 7 3 B 13 C 10 5 4
	-> 1 2 3 4 A 5 7 10 B C 13 
Structure 178: 1 A 2 47 12 3 B 6 25 4
	-> 1 2 3 4 A 6 B 12 
Structure 179: 1 32 2 12 34 3 B 13 C 37 10 5 4
	-> 1 2 3 4 5 10 B C 12 13 
Structure 180: 1 A 2 7 3 30 B 13 C 25 4
	-> 1 2 3 4 A 7 B C 13 
Structure 181: 1 A 2 7 3 24 20 19 6 18 21 27
	-> 1 2 3 A 6 7 
Structure 182: 1 A 2 7 3 B 6 37 10 5 4
	-> 1 2 3 4 A 5 6 7 10 B 
Structure 183: 1 A 2 7 3 23 17 6 10 5 4
	-> 1 2 3 4 A 5 6 7 10 
Structure 184: 1 A 2 12 3 B 13 C 118 10 5 28 4
	-> 1 2 3 4 A 5 10 B C 12 13 
Structure 185: 1 A 2 7 3 B 6 10 5 4
	-> 1 2 3 4 A 5 6 7 10 B 
Structure 186: 1 A 2 48 7 3 31 20 19 6 18 21 27
	-> 1 2 3 A 6 7 
Structure 187: 1 A 29 2 7 3 24 20 19 6 18 21 39
	-> 1 2 3 A 6 7 
Structure 188: 1 A 2 7 159 3 B 6 10 5 4
	-> 1 2 3 4 A 5 6 7 10 B 
Structure 189: 1 29 2 7 3 23 26 49 6 40 5 4
	-> 1 2 3 4 5 6 7 
Structure 190: 1 A 2 7 3 30 B C 25 4
	-> 1 2 3 4 A 7 B C 
Structure 191: 1 14 2 7 3 B 6 10 5 4
	-> 1 2 3 4 5 6 7 10 B 14 
Structure 192: 1 14 2 12 3 B 6 10 5 4
	-> 1 2 3 4 5 6 10 B 12 14 
Structure 193: 1 A 32 2 12 3 B 6 10 5 28 4
	-> 1 2 3 4 A 5 6 10 B 12 
Structure 194: 1 A 2 3 23 26 19 6 10 5 4
	-> 1 2 3 4 A 5 6 10 
Structure 195: 1 14 2 7 3 B 6 10 5 4
	-> 1 2 3 4 5 6 7 10 B 14 
Structure 196: 1 2 7 35 45 72 24 20 17 6 18 21 27
	-> 1 2 6 7 
Structure 197: 1 A 29 2 12 3 24 20 49 6 18 21 27
	-> 1 2 3 A 6 12 
Structure 198: 1 A 29 2 12 3 23 76 19 6 10 5 4
	-> 1 2 3 4 A 5 6 10 12 
Structure 199: 1 A 29 2 12 3 B 6 10 5 4
	-> 1 2 3 4 A 5 6 10 B 12 
Structure 200: 1 A 2 12 35 45 24 42 20 17 6 18 21 27
	-> 1 2 A 6 12 
Structure 201: 1 29 2 7 3 30 B 6 5 4
	-> 1 2 3 4 5 6 7 B 
Structure 202: 1 A 14 2 7 3 23 26 17 6 10 5 4
	-> 1 2 3 4 A 5 6 7 10 14 
Structure 203: 1 A 14 2 7 3 B 13 C 10 5 4
	-> 1 2 3 4 A 5 7 10 B C 13 14 
Structure 204: 1 A 2 7 3 70 24 20 160 56 75 119 161
	-> 1 2 3 A 7 
Structure 205: 1 A 2 7 3 B 6 10 5 4
	-> 1 2 3 4 A 5 6 7 10 B 
Structure 206: 1 A 2 48 34 3 66 103 8 6 36 5 51 4
	-> 1 2 3 4 A 5 6 
Structure 207: 1 A 2 7 3 B C 5 4
	-> 1 2 3 4 A 5 7 B C 
Structure 208: 1 A 14 2 7 3 B 13 C 37 10 5 4
	-> 1 2 3 4 A 5 7 10 B C 13 14 
Structure 209: 1 A 14 2 7 3 B 6 82 37 10 5 28 4
	-> 1 2 3 4 A 5 6 7 10 B 14 
Structure 210: 1 A 2 12 3 33 B 13 C 10 5 4
	-> 1 2 3 4 A 5 10 B C 12 13 
Structure 211: 1 A 2 7 3 B 6 10 5 4
	-> 1 2 3 4 A 5 6 7 10 B 
Structure 212: 1 A 2 12 3 B 13 C 10 5 4
	-> 1 2 3 4 A 5 10 B C 12 13 
Structure 213: 1 A 14 2 7 3 23 17 6 10 5 28 4
	-> 1 2 3 4 A 5 6 7 10 14 
Structure 214: 1 A 2 7 3 17 6 10 5 4
	-> 1 2 3 4 A 5 6 7 10 
Structure 215: 1 14 2 12 3 B 6 10 5 4
	-> 1 2 3 4 5 6 10 B 12 14 
Structure 216: 1 A 2 7 162 31 62 163 10 5 4
	-> 1 2 4 A 5 7 10 
Structure 217: 1 A 32 14 2 12 3 B C 10 5 4
	-> 1 2 3 4 A 5 10 B C 12 14 
Structure 218: 1 A 2 41 3 9 17 6 10 5 4
	-> 1 2 3 4 A 5 6 10 
Structure 219: 1 A 2 7 34 3 B 6 10 5 4
	-> 1 2 3 4 A 5 6 7 10 B 
Structure 220: 1 A 14 2 7 3 B C 10 5 4
	-> 1 2 3 4 A 5 7 10 B C 14 
Structure 221: 1 A 2 7 3 B 6 10 5 4
	-> 1 2 3 4 A 5 6 7 10 B 
Structure 222: 1 14 2 7 3 57 46 44 26 19 6 18 52 27
	-> 1 2 3 6 7 14 
Structure 223: 1 14 2 12 3 B 6 10 5 28 4
	-> 1 2 3 4 5 6 10 B 12 14 
Structure 224: 1 A 2 12 3 B 6 10 5 4
	-> 1 2 3 4 A 5 6 10 B 12 
Structure 225: 1 A 2 41 3 B 6 10 5 4
	-> 1 2 3 4 A 5 6 10 B 
Structure 226: 1 A 2 7 3 60 17 6 36 10 5 28 4
	-> 1 2 3 4 A 5 6 7 10 
Structure 227: 1 A 14 2 7 3 B 13 C 25 4
	-> 1 2 3 4 A 7 B C 13 14 
Structure 228: 1 A 14 2 7 3 B C 25 4
	-> 1 2 3 4 A 7 B C 14 
Structure 229: 1 A 2 164 104 7 34 3 31 B 6 10 5 4
	-> 1 2 3 4 A 5 6 7 10 B 
Structure 230: 1 A 2 12 3 B 13 C 10 5 28 4
	-> 1 2 3 4 A 5 10 B C 12 13 
Structure 231: 1 A 32 2 7 3 B 6 10 5 4
	-> 1 2 3 4 A 5 6 7 10 B 
Structure 232: 1 A 14 2 7 3 B 6 10 5 4
	-> 1 2 3 4 A 5 6 7 10 B 14 
Structure 233: 1 A 2 12 3 165 B 13 C 5 4
	-> 1 2 3 4 A 5 B C 12 13 
Structure 234: 1 A 2 12 3 B 13 C 10 5 4
	-> 1 2 3 4 A 5 10 B C 12 13 
Structure 235: 1 A 29 2 12 3 23 26 19 6 10 5 4
	-> 1 2 3 4 A 5 6 10 12 
Structure 236: 1 A 14 2 7 3 B 13 C 10 5 28 4
	-> 1 2 3 4 A 5 7 10 B C 13 14 
Structure 237: 1 14 2 7 166 167 B 6 10 5 4
	-> 1 2 4 5 6 7 10 B 14 
Structure 238: 1 A 2 12 3 B 6 10 5 28 4
	-> 1 2 3 4 A 5 6 10 B 12 
Structure 239: 1 14 2 7 35 58 24 20 19 6 18 21 27
	-> 1 2 6 7 14 
Structure 240: 1 A 32 2 38 12 3 B 6 10 5 28 4
	-> 1 2 3 4 A 5 6 10 B 12 
Structure 241: 1 A 2 7 3 88 33 17 6 36 10 5 28 4
	-> 1 2 3 4 A 5 6 7 10 
Structure 242: 1 A 2 7 3 B 13 C 10 5 4
	-> 1 2 3 4 A 5 7 10 B C 13 
Structure 243: 1 A 14 2 7 3 B 6 10 5 4
	-> 1 2 3 4 A 5 6 7 10 B 14 
Structure 244: 1 A 29 2 12 3 B 6 10 5 4
	-> 1 2 3 4 A 5 6 10 B 12 
Structure 245: 1 A 2 7 3 B C 37 10 5 4
	-> 1 2 3 4 A 5 7 10 B C 
Structure 246: 1 32 2 7 3 24 20 19 6 18 21
	-> 1 2 3 6 7 
Structure 247: 1 A 14 2 7 3 23 26 19 6 10 5 4
	-> 1 2 3 4 A 5 6 7 10 14 
Structure 248: 1 2 12 3 24 42 20 19 6 18 21 27 67
	-> 1 2 3 6 12 
Structure 249: 1 A 14 2 12 3 33 B 6 10 5 4
	-> 1 2 3 4 A 5 6 10 B 12 14 
Structure 250: 1 A 2 12 34 3 B 13 C 10 5 4
	-> 1 2 3 4 A 5 10 B C 12 13 
Structure 251: 73 1 2 7 3 17 6 36 10 28 4
	-> 1 2 3 4 6 7 10 
Structure 252: 1 14 2 7 3 B 13 C 10 5 4
	-> 1 2 3 4 5 7 10 B C 13 14 
Structure 253: 1 A 2 12 3 168 89 49 6 25 4
	-> 1 2 3 4 A 6 12 
Structure 254: 1 A 2 7 3 B 6 10 5 28 4
	-> 1 2 3 4 A 5 6 7 10 B 
Structure 255: 1 A 2 7 3 B 6 40 5 4
	-> 1 2 3 4 A 5 6 7 B 
Structure 256: 1 A 2 7 169 3 B C 10 5 4
	-> 1 2 3 4 A 5 7 10 B C 
Structure 257: 1 A 14 2 7 3 B 13 C 10 5 4
	-> 1 2 3 4 A 5 7 10 B C 13 14 
Structure 258: 1 A 2 7 3 33 19 6 36 5 4
	-> 1 2 3 4 A 5 6 7 
Structure 259: 1 A 2 7 3 B 6 10 5 4
	-> 1 2 3 4 A 5 6 7 10 B 
Structure 260: 1 A 2 34 3 24 42 20 49 6 18 21 61
	-> 1 2 3 A 6 
Structure 261: 1 2 3 8 13 C 36 25 4
	-> 1 2 3 4 C 13 
Structure 262: 1 A 2 7 3 B 13 C 37 10 5 4
	-> 1 2 3 4 A 5 7 10 B C 13 
Structure 263: 1 A 2 7 3 23 26 17 6 25 4
	-> 1 2 3 4 A 6 7 
Structure 264: 1 A 2 12 3 B 6 10 5 4
	-> 1 2 3 4 A 5 6 10 B 12 
Structure 265: 1 A 29 2 7 3 B 13 C 25 4
	-> 1 2 3 4 A 7 B C 13 
Structure 266: 1 A 2 12 3 B 6 37 10 5 4
	-> 1 2 3 4 A 5 6 10 B 12 
Structure 267: 1 A 2 12 3 23 26 17 6 10 5 4
	-> 1 2 3 4 A 5 6 10 12 
Structure 268: 1 A 2 38 59 3 31 24 20 17 6 18 21 27
	-> 1 2 3 A 6 
Structure 269: 1 A 2 7 3 B 6 10 5 4
	-> 1 2 3 4 A 5 6 7 10 B 
Structure 270: 1 14 2 7 3 B C 10 5 28 4
	-> 1 2 3 4 5 7 10 B C 14 
Structure 271: 1 A 2 12 3 B 6 10 5 51 4
	-> 1 2 3 4 A 5 6 10 B 12 
Structure 272: 1 A 2 7 3 B 6 10 5 4
	-> 1 2 3 4 A 5 6 7 10 B 
Structure 273: 1 14 2 7 3 30 B 13 C 25 4
	-> 1 2 3 4 7 B C 13 14 
Structure 274: 1 A 2 7 3 B 6 10 5 4
	-> 1 2 3 4 A 5 6 7 10 B 
Structure 275: 1 2 7 3 170 33 120 56 69 77 50
	-> 1 2 3 7 
Structure 276: 1 A 14 2 7 3 B 6 10 5 4
	-> 1 2 3 4 A 5 6 7 10 B 14 
Structure 277: 1 2 12 3 B 13 C 10 5 4
	-> 1 2 3 4 5 10 B C 12 13 
Structure 278: 1 A 2 12 3 B 13 C 37 10 5 4
	-> 1 2 3 4 A 5 10 B C 12 13 
Structure 279: 1 A 2 7 3 31 B 6 10 5 51 4
	-> 1 2 3 4 A 5 6 7 10 B 
Structure 280: 1 A 2 7 3 B 6 10 5 4
	-> 1 2 3 4 A 5 6 7 10 B 
Structure 281: 1 A 2 7 34 3 30 B 6 5 4
	-> 1 2 3 4 A 5 6 7 B 
Structure 282: 1 A 2 78 3 33 19 6 10 5 4
	-> 1 2 3 4 A 5 6 10 
Structure 283: 1 14 2 7 3 79 B 13 C 25 171 4
	-> 1 2 3 4 7 B C 13 14 
Structure 284: 1 A 2 41 3 B 6 10 5 4
	-> 1 2 3 4 A 5 6 10 B 
Structure 285: 1 A 2 7 3 23 26 17 6 10 5 4
	-> 1 2 3 4 A 5 6 7 10 
Structure 286: 1 A 14 2 7 3 B 13 C 10 43 5 4
	-> 1 2 3 4 A 5 7 10 B C 13 14 
Structure 287: 1 A 2 7 3 B 13 C 37 10 5 4
	-> 1 2 3 4 A 5 7 10 B C 13 
Structure 288: 1 A 2 7 34 3 B 13 C 37 10 5 51 4
	-> 1 2 3 4 A 5 7 10 B C 13 
Structure 289: 1 A 32 2 12 3 B 13 C 10 5 4
	-> 1 2 3 4 A 5 10 B C 12 13 
Structure 290: 1 A 14 2 12 3 B 6 5 4
	-> 1 2 3 4 A 5 6 B 12 14 
Structure 291: 1 A 2 12 3 B 6 10 5 4
	-> 1 2 3 4 A 5 6 10 B 12 
Structure 292: 1 A 2 12 3 66 B 13 C 10 5 4
	-> 1 2 3 4 A 5 10 B C 12 13 
Structure 293: 1 A 80 81 53 172 59 34 3 B 6 10 5 4
	-> 1 3 4 A 5 6 10 B 
Structure 294: 1 A 2 7 3 B 13 C 10 5 4
	-> 1 2 3 4 A 5 7 10 B C 13 
Structure 295: 1 29 2 12 3 B 13 C 25 4
	-> 1 2 3 4 B C 12 13 
Structure 296: 1 A 29 2 7 3 B 13 C 10 5 4
	-> 1 2 3 4 A 5 7 10 B C 13 
Structure 297: 1 A 2 7 3 B 6 10 5 4
	-> 1 2 3 4 A 5 6 7 10 B 
Structure 298: 1 A 2 7 3 23 26 19 6 10 5 4
	-> 1 2 3 4 A 5 6 7 10 
Structure 299: 1 A 2 12 3 B 6 10 5 4
	-> 1 2 3 4 A 5 6 10 B 12 
Structure 300: 1 A 2 38 7 3 23 26 17 6 40 43 5 51 4
	-> 1 2 3 4 A 5 6 7 
Structure 301: 1 29 2 7 3 121 33 19 6 37 10 5 4
	-> 1 2 3 4 5 6 7 10 
Structure 302: 1 A 2 12 3 30 B 13 C 25 4
	-> 1 2 3 4 A B C 12 13 
Structure 303: 1 2 7 3 B 6 122 10 5 4
	-> 1 2 3 4 5 6 7 10 B 
Structure 304: 1 A 2 12 3 B 13 C 10 5 4
	-> 1 2 3 4 A 5 10 B C 12 13 
Structure 305: 1 A 2 12 3 B 6 40 28 4
	-> 1 2 3 4 A 6 B 12 
Structure 306: 1 A 2 7 35 45 24 20 17 6 18 21
	-> 1 2 A 6 7 
Structure 307: 1 A 2 12 3 66 103 20 17 6 18 21 27
	-> 1 2 3 A 6 12 
Structure 308: 1 A 2 3 B 6 10 5 4
	-> 1 2 3 4 A 5 6 10 B 
Structure 309: 1 A 2 7 3 B 13 C 10 5 4
	-> 1 2 3 4 A 5 7 10 B C 13 
Structure 310: 1 A 29 2 7 3 30 B 6 5 4
	-> 1 2 3 4 A 5 6 7 B 
Structure 311: 1 A 14 2 47 48 35 45 B 13 C 10 43 5 4
	-> 1 2 4 A 5 10 B C 13 14 
Structure 312: 1 A 2 12 3 B 6 25 4
	-> 1 2 3 4 A 6 B 12 
Structure 313: 1 2 38 12 3 B 6 10 5 4
	-> 1 2 3 4 5 6 10 B 12 
Structure 314: 1 A 14 2 7 3 B 13 C 10 5 4
	-> 1 2 3 4 A 5 7 10 B C 13 14 
Structure 315: 1 A 2 7 3 23 26 17 6 10 5 28 4
	-> 1 2 3 4 A 5 6 7 10 
Structure 316: 1 A 14 2 12 3 B 6 10 5 4
	-> 1 2 3 4 A 5 6 10 B 12 14 
Structure 317: 1 A 14 2 7 3 30 B C 25 4
	-> 1 2 3 4 A 7 B C 14 
Structure 318: 1 A 2 7 3 B C 10 5 4
	-> 1 2 3 4 A 5 7 10 B C 
Structure 319: 1 A 2 38 7 3 B 6 10 43 5 28 4
	-> 1 2 3 4 A 5 6 7 10 B 
Structure 320: 1 A 2 7 3 31 B 6 37 10 5 4
	-> 1 2 3 4 A 5 6 7 10 B 
Structure 321: 1 A 2 7 3 B 13 C 37 10 5 4
	-> 1 2 3 4 A 5 7 10 B C 13 
Structure 322: 173 174 175 123 176 124 125 177 B C 105 178
	-> B C 
Structure 323: 1 2 41 3 B 6 25 4
	-> 1 2 3 4 6 B 
Structure 324: 1 A 14 2 7 34 3 B 6 10 5 4
	-> 1 2 3 4 A 5 6 7 10 B 14 
Structure 325: 1 A 29 2 7 3 33 19 6 36 10 5 4
	-> 1 2 3 4 A 5 6 7 10 
Structure 326: 1 A 29 2 7 3 B 13 C 10 5 4
	-> 1 2 3 4 A 5 7 10 B C 13 
Structure 327: 1 A 32 2 7 3 30 B 6 25 4
	-> 1 2 3 4 A 6 7 B 
Structure 328: 1 A 2 41 3 179 17 6 50 54 25 4
	-> 1 2 3 4 A 6 
Structure 329: 1 A 2 7 3 B 13 C 25 4
	-> 1 2 3 4 A 7 B C 13 
Structure 330: 1 A 2 7 3 B 6 10 5 4
	-> 1 2 3 4 A 5 6 7 10 B 
Structure 331: 1 14 2 12 3 B 13 C 10 5 4
	-> 1 2 3 4 5 10 B C 12 13 14 
Structure 332: 1 A 2 12 3 23 180 19 6 10 5 4
	-> 1 2 3 4 A 5 6 10 12 
Structure 333: 1 A 2 12 3 70 46 44 17 6 18 21 27
	-> 1 2 3 A 6 12 
Structure 334: 1 A 2 7 3 88 33 19 6 50 54 25 4
	-> 1 2 3 4 A 6 7 
Structure 335: 1 A 2 12 3 B 13 C 10 5 4
	-> 1 2 3 4 A 5 10 B C 12 13 
Structure 336: 1 A 2 41 34 3 30 B 13 C 25 4
	-> 1 2 3 4 A B C 13 
Structure 337: 1 A 2 7 3 B C 10 5 4
	-> 1 2 3 4 A 5 7 10 B C 
Structure 338: 1 A 14 2 7 3 30 B 6 5 4
	-> 1 2 3 4 A 5 6 7 B 14 
Structure 339: 1 A 14 2 7 35 181 19 6 36 105 182
	-> 1 2 A 6 7 14 
Structure 340: 1 14 2 12 3 33 17 6 50 54 25 4
	-> 1 2 3 4 6 12 14 
Structure 341: 1 A 2 7 3 33 B 13 C 10 28 4
	-> 1 2 3 4 A 7 10 B C 13 
Structure 342: 1 2 7 3 B 6 10 5 4
	-> 1 2 3 4 5 6 7 10 B 
Structure 343: 1 A 2 7 3 30 B 6 25 4
	-> 1 2 3 4 A 6 7 B 
Structure 344: 1 A 2 7 3 66 103 17 6 18 21 39
	-> 1 2 3 A 6 7 
Structure 345: 1 A 2 48 3 B 6 10 5 4
	-> 1 2 3 4 A 5 6 10 B 
Structure 346: 1 183 55 2 7 3 24 20 19 6 90 106 50 4
	-> 1 2 3 4 6 7 
Structure 347: 1 A 2 7 3 30 B 13 C 25 4
	-> 1 2 3 4 A 7 B C 13 
Structure 348: 1 A 2 7 3 184 6 36 25 4
	-> 1 2 3 4 A 6 7 
Structure 349: 1 A 14 2 7 3 31 42 20 17 6 18 21 27
	-> 1 2 3 A 6 7 14 
Structure 350: 1 A 14 2 7 3 46 44 26 49 6 18 21 39
	-> 1 2 3 A 6 7 14 
Structure 351: 1 A 2 12 3 B 13 C 40 5 4
	-> 1 2 3 4 A 5 B C 12 13 
Structure 352: 1 32 2 7 3 B 6 10 5 51 4
	-> 1 2 3 4 5 6 7 10 B 
Structure 353: 1 14 2 59 185 3 B 6 10 43 5 4
	-> 1 2 3 4 5 6 10 B 14 
Structure 354: 1 A 2 7 3 24 20 17 6 18 21 39
	-> 1 2 3 A 6 7 
Structure 355: 1 A 29 2 7 3 186 B C 37 10 5 4
	-> 1 2 3 4 A 5 7 10 B C 
Structure 356: 1 A 2 47 3 B 6 10 5 4
	-> 1 2 3 4 A 5 6 10 B 
Structure 357: 1 32 2 187 3 B 13 C 10 5 28 4
	-> 1 2 3 4 5 10 B C 13 
Structure 358: 1 A 2 7 3 B 6 10 5 4
	-> 1 2 3 4 A 5 6 7 10 B 
Structure 359: 1 2 7 3 23 26 17 6 10 5 4
	-> 1 2 3 4 5 6 7 10 
Structure 360: 1 32 14 2 78 3 B 13 C 40 43 5 4
	-> 1 2 3 4 5 B C 13 14 
Structure 361: 1 29 2 7 3 B 13 C 10 5 4
	-> 1 2 3 4 5 7 10 B C 13 
Structure 362: 1 2 12 3 31 71 42 20 107 56 126 75 99 100
	-> 1 2 3 12 
Structure 363: 1 A 2 7 3 B 6 10 5 28 4
	-> 1 2 3 4 A 5 6 7 10 B 
Structure 364: 1 A 2 7 3 B 13 C 10 5 4
	-> 1 2 3 4 A 5 7 10 B C 13 
Structure 365: 1 A 2 188 84 3 24 20 19 6 18 21
	-> 1 2 3 A 6 
Structure 366: 1 A 2 7 3 B 13 C 37 10 5 4
	-> 1 2 3 4 A 5 7 10 B C 13 
Structure 367: 1 A 2 12 3 B 13 C 10 5 51 4
	-> 1 2 3 4 A 5 10 B C 12 13 
Structure 368: 1 A 2 7 3 B 13 C 10 5 4
	-> 1 2 3 4 A 5 7 10 B C 13 
Structure 369: 1 14 2 7 3 B 6 85 10 5 4
	-> 1 2 3 4 5 6 7 10 B 14 
Structure 370: 1 A 2 12 3 B 6 10 5 4
	-> 1 2 3 4 A 5 6 10 B 12 
Structure 371: 1 A 2 34 3 31 24 20 19 6 18 21 27
	-> 1 2 3 A 6 
Structure 372: 1 A 2 7 3 B 6 10 5 4
	-> 1 2 3 4 A 5 6 7 10 B 
Structure 373: 1 A 2 7 3 189 190 191 60 19 6 10 5 28 4
	-> 1 2 3 4 A 5 6 7 10 
Structure 374: 1 A 29 2 48 3 33 83 19 6 50 54 5 4
	-> 1 2 3 4 A 5 6 
Structure 375: 1 A 2 7 3 B 6 10 5 4
	-> 1 2 3 4 A 5 6 7 10 B 
Structure 376: 1 A 14 2 7 3 B 13 C 10 5 4
	-> 1 2 3 4 A 5 7 10 B C 13 14 
Structure 377: 1 A 2 41 3 192 B 13 C 10 5 4
	-> 1 2 3 4 A 5 10 B C 13 
Structure 378: 1 A 2 7 3 B 6 10 5 4
	-> 1 2 3 4 A 5 6 7 10 B 
Structure 379: 1 A 2 7 3 B 6 10 5 4
	-> 1 2 3 4 A 5 6 7 10 B 
Structure 380: 1 A 2 53 12 3 57 30 B 6 5 4
	-> 1 2 3 4 A 5 6 B 12 
Structure 381: 1 A 2 7 3 B 6 10 5 4
	-> 1 2 3 4 A 5 6 7 10 B 
Structure 382: 1 A 14 2 7 127 3 B 6 10 5 4
	-> 1 2 3 4 A 5 6 7 10 B 14 
Structure 383: 1 A 2 7 3 B 6 10 5 28 4
	-> 1 2 3 4 A 5 6 7 10 B 
Structure 384: 1 A 32 14 2 7 35 45 24 20 19 6 18 21 39
	-> 1 2 A 6 7 14 
Structure 385: 1 A 2 7 3 B 13 C 10 5 4
	-> 1 2 3 4 A 5 7 10 B C 13 
Structure 386: 1 A 2 3 23 89 17 6 5 4
	-> 1 2 3 4 A 5 6 
Structure 387: 1 A 14 2 38 12 3 24 42 20 17 6 18 21 27
	-> 1 2 3 A 6 12 14 
Structure 388: 1 A 2 7 3 B C 10 5 4
	-> 1 2 3 4 A 5 7 10 B C 
Structure 389: 1 A 2 7 3 B 13 87 10 5 4
	-> 1 2 3 4 A 5 7 10 B 13 
Structure 390: 1 A 2 7 35 24 20 19 6 18 21 39
	-> 1 2 A 6 7 
Structure 391: 1 A 14 2 7 3 B 6 10 5 4
	-> 1 2 3 4 A 5 6 7 10 B 14 
Structure 392: 1 A 2 7 3 B 6 10 5 4
	-> 1 2 3 4 A 5 6 7 10 B 
Structure 393: 1 A 2 7 3 B 13 C 25 4
	-> 1 2 3 4 A 7 B C 13 
Structure 394: 1 A 2 12 3 B C 10 5 4
	-> 1 2 3 4 A 5 10 B C 12 
Structure 395: 1 2 7 3 B 6 10 5 4
	-> 1 2 3 4 5 6 7 10 B 
Structure 396: 1 A 2 7 3 23 26 19 6 10 5 4
	-> 1 2 3 4 A 5 6 7 10 
Structure 397: 1 A 2 47 41 127 3 B C 25 4
	-> 1 2 3 4 A B C 
Structure 398: 1 14 2 12 3 31 24 42 20 17 6 18 21 27
	-> 1 2 3 6 12 14 
Structure 399: 1 A 80 81 53 12 3 17 6 10 5 4
	-> 1 3 4 A 5 6 10 12 
Structure 400: 1 A 2 7 3 23 86 17 6 10 5 4
	-> 1 2 3 4 A 5 6 7 10 
Structure 401: 1 55 2 7 35 58 24 20 17 6 18 21 27
	-> 1 2 6 7 
Structure 402: 1 A 2 7 35 45 24 20 8 13 C 18 21 39
	-> 1 2 A 7 C 13 
Structure 403: 1 A 2 12 34 3 B 6 10 5 28 4
	-> 1 2 3 4 A 5 6 10 B 12 
Structure 404: 1 A 2 12 3 24 20 17 6 18 52 27 67
	-> 1 2 3 A 6 12 
Structure 405: 1 A 2 7 3 23 19 6 10 5 4
	-> 1 2 3 4 A 5 6 7 10 
Structure 406: 1 A 14 2 7 3 B 13 C 10 5 4
	-> 1 2 3 4 A 5 7 10 B C 13 14 
Structure 407: 1 A 2 7 3 B 6 10 5 4
	-> 1 2 3 4 A 5 6 7 10 B 
Structure 408: 1 A 2 7 35 45 58 74 20 19 6 18 21 27 65
	-> 1 2 A 6 7 
Structure 409: 1 A 2 7 3 B 13 C 10 5 4
	-> 1 2 3 4 A 5 7 10 B C 13 
Structure 410: 1 A 2 7 3 23 19 6 10 5 28 4
	-> 1 2 3 4 A 5 6 7 10 
Structure 411: 1 A 2 7 3 B 6 10 5 4
	-> 1 2 3 4 A 5 6 7 10 B 
Structure 412: 1 A 2 7 3 B 13 C 25 4
	-> 1 2 3 4 A 7 B C 13 
Structure 413: 1 A 2 7 3 B 6 37 10 5 4
	-> 1 2 3 4 A 5 6 7 10 B 
Structure 414: 1 2 12 3 70 B 6 10 5 4
	-> 1 2 3 4 5 6 10 B 12 
Structure 415: 1 2 7 3 B 13 C 40 5 4
	-> 1 2 3 4 5 7 B C 13 
Structure 416: 1 32 2 7 3 24 20 17 6 18 21 27
	-> 1 2 3 6 7 
Structure 417: 1 29 2 7 3 31 20 49 6 18 21 27
	-> 1 2 3 6 7 
Structure 418: 1 A 2 7 34 3 33 20 98 56 69 77 50 54
	-> 1 2 3 A 7 
Structure 419: 1 A 14 2 12 3 B C 10 43 5 4
	-> 1 2 3 4 A 5 10 B C 12 14 
Structure 420: 1 A 2 7 3 31 B 13 C 10 5 4
	-> 1 2 3 4 A 5 7 10 B C 13 
Structure 421: 1 A 2 7 3 193 30 60 19 6 36 5 4
	-> 1 2 3 4 A 5 6 7 
Structure 422: 1 A 2 7 3 23 26 17 6 25 4
	-> 1 2 3 4 A 6 7 
Structure 423: 1 A 29 2 7 3 97 20 19 6 18 21
	-> 1 2 3 A 6 7 
Structure 424: 1 A 14 2 7 3 46 44 19 6 18 21 39
	-> 1 2 3 A 6 7 14 
Structure 425: 1 2 7 3 33 6 36 10 5 4
	-> 1 2 3 4 5 6 7 10 
Structure 426: 1 A 2 47 7 3 B C 10 5 4
	-> 1 2 3 4 A 5 7 10 B C 
Structure 427: 1 A 2 12 3 B 13 C 10 5 4
	-> 1 2 3 4 A 5 10 B C 12 13 
Structure 428: 1 A 2 7 3 B 6 25 4
	-> 1 2 3 4 A 6 7 B 
Structure 429: 1 14 2 12 3 B 6 10 5 4
	-> 1 2 3 4 5 6 10 B 12 14 
Structure 430: 1 32 2 7 3 B 13 C 10 5 51 4
	-> 1 2 3 4 5 7 10 B C 13 
Structure 431: 1 14 2 7 3 B 6 10 5 4
	-> 1 2 3 4 5 6 7 10 B 14 
Structure 432: 1 A 2 3 B 6 10 5 4
	-> 1 2 3 4 A 5 6 10 B 
Structure 433: 1 A 2 7 3 33 19 6 10 5 51 4
	-> 1 2 3 4 A 5 6 7 10 
Structure 434: 1 14 2 7 3 46 44 19 6 18 52 27
	-> 1 2 3 6 7 14 
Structure 435: 1 A 14 2 12 3 31 B C 10 5 4
	-> 1 2 3 4 A 5 10 B C 12 14 
Structure 436: 1 A 2 7 3 B C 10 4
	-> 1 2 3 4 A 7 10 B C 
Structure 437: 1 A 2 12 3 B 6 10 5 4
	-> 1 2 3 4 A 5 6 10 B 12 
Structure 438: 1 A 2 41 3 30 19 6 36 25 4
	-> 1 2 3 4 A 6 
Structure 439: 1 A 2 7 3 B 13 C 10 5 4
	-> 1 2 3 4 A 5 7 10 B C 13 
Structure 440: 1 A 14 2 53 12 3 24 20 19 6 18 21 27
	-> 1 2 3 A 6 12 14 
Structure 441: 1 A 29 2 7 3 B 13 C 10 5 4
	-> 1 2 3 4 A 5 7 10 B C 13 
Structure 442: 1 A 2 3 31 B 13 C 10 5 4
	-> 1 2 3 4 A 5 10 B C 13 
Structure 443: 1 A 2 7 3 B 6 10 5 4
	-> 1 2 3 4 A 5 6 7 10 B 
Structure 444: 1 A 2 7 3 31 B 13 C 10 5 4
	-> 1 2 3 4 A 5 7 10 B C 13 
Structure 445: 1 A 2 7 3 B 6 10 5 4
	-> 1 2 3 4 A 5 6 7 10 B 
Structure 446: 1 A 2 194 12 3 89 76 17 6 10 5 4
	-> 1 2 3 4 A 5 6 10 12 
Structure 447: 1 A 2 7 3 B 13 C 10 5 4
	-> 1 2 3 4 A 5 7 10 B C 13 
Structure 448: 1 2 7 3 B 6 10 5 4
	-> 1 2 3 4 5 6 7 10 B 
Structure 449: 1 A 29 2 7 3 30 B 13 C 25 4
	-> 1 2 3 4 A 7 B C 13 
Structure 450: 1 14 2 7 3 23 26 17 6 10 5 4
	-> 1 2 3 4 5 6 7 10 14 
Structure 451: 1 A 14 2 7 3 B C 10 5 4
	-> 1 2 3 4 A 5 7 10 B C 14 
Structure 452: 1 A 2 41 3 79 195 60 19 6 36 196 25 4
	-> 1 2 3 4 A 6 
Structure 453: 1 A 2 47 7 3 30 B 13 C 25 4
	-> 1 2 3 4 A 7 B C 13 
Structure 454: 1 A 2 12 3 B 13 C 10 5 4
	-> 1 2 3 4 A 5 10 B C 12 13 
Structure 455: 1 A 2 7 35 45 58 24 42 20 17 6 18 52 27
	-> 1 2 A 6 7 
Structure 456: 1 A 2 7 3 B 13 C 10 5 4
	-> 1 2 3 4 A 5 7 10 B C 13 
Structure 457: 1 A 2 7 3 30 B 6 5 4
	-> 1 2 3 4 A 5 6 7 B 
Structure 458: 1 2 7 3 24 20 19 6 18 21 197
	-> 1 2 3 6 7 
Structure 459: 1 A 2 7 3 B 6 10 5 4
	-> 1 2 3 4 A 5 6 7 10 B 
Structure 460: 1 A 32 14 2 7 3 B 6 10 5 4
	-> 1 2 3 4 A 5 6 7 10 B 14 
Structure 461: 1 A 14 2 7 3 B 6 10 5 4
	-> 1 2 3 4 A 5 6 7 10 B 14 
Structure 462: 1 A 2 7 3 B C 10 5 4
	-> 1 2 3 4 A 5 7 10 B C 
Structure 463: 1 A 2 104 7 3 23 26 19 6 10 5 4
	-> 1 2 3 4 A 5 6 7 10 
Structure 464: 1 A 29 2 3 31 B 13 C 10 5 4
	-> 1 2 3 4 A 5 10 B C 13 
Structure 465: 1 2 7 3 30 B 13 C 25 4
	-> 1 2 3 4 7 B C 13 
Structure 466: 1 A 2 12 3 B 6 10 5 4
	-> 1 2 3 4 A 5 6 10 B 12 
Structure 467: 1 A 2 12 3 31 24 20 17 6 18 21 39
	-> 1 2 3 A 6 12 
Structure 468: 1 14 2 48 3 57 46 44 86 19 6 18 21 39
	-> 1 2 3 6 14 
Structure 469: 1 A 14 2 12 7 3 30 B 6 25 4
	-> 1 2 3 4 A 6 7 B 12 14 
Structure 470: 1 A 2 7 3 57 46 44 26 19 6 18 21 27
	-> 1 2 3 A 6 7 
Structure 471: 1 A 2 7 3 9 17 6 10 5 4
	-> 1 2 3 4 A 5 6 7 10 
Structure 472: 1 2 7 3 B 6 10 5 4
	-> 1 2 3 4 5 6 7 10 B 
Structure 473: 1 A 29 2 7 3 B 6 10 5 4
	-> 1 2 3 4 A 5 6 7 10 B 
Structure 474: 1 A 2 41 3 B 6 10 5 4
	-> 1 2 3 4 A 5 6 10 B 
Structure 475: 1 A 2 7 3 B 6 10 5 4
	-> 1 2 3 4 A 5 6 7 10 B 
Structure 476: 1 29 2 7 3 B C 10 5 4
	-> 1 2 3 4 5 7 10 B C 
Structure 477: 1 A 2 53 12 3 B 6 25 4
	-> 1 2 3 4 A 6 B 12 
Structure 478: 1 A 2 12 3 17 6 36 10 5 4
	-> 1 2 3 4 A 5 6 10 12 
Structure 479: 1 A 2 7 3 46 44 8 87 18 21
	-> 1 2 3 A 7 
Structure 480: 1 A 2 93 38 12 3 B 6 10 5 4
	-> 1 2 3 4 A 5 6 10 B 12 
Structure 481: 1 A 14 2 7 3 23 26 17 6 10 5 4
	-> 1 2 3 4 A 5 6 7 10 14 
Structure 482: 1 A 29 2 12 3 57 B 6 10 5 4
	-> 1 2 3 4 A 5 6 10 B 12 
Structure 483: 1 A 32 2 12 3 30 B 13 C 25 4
	-> 1 2 3 4 A B C 12 13 
Structure 484: 1 A 2 7 35 45 58 74 20 19 6 18 21 27
	-> 1 2 A 6 7 
Structure 485: 1 A 29 2 7 3 24 20 8 6 18 21 39
	-> 1 2 3 A 6 7 
Structure 486: 1 2 7 3 B 13 C 10 5 4
	-> 1 2 3 4 5 7 10 B C 13 
Structure 487: 1 A 2 48 3 23 26 17 6 10 5 4
	-> 1 2 3 4 A 5 6 10 
Structure 488: 1 2 12 3 23 26 17 6 40 43 5 4
	-> 1 2 3 4 5 6 12 
Structure 489: 1 A 2 12 3 9 17 6 37 10 5 4
	-> 1 2 3 4 A 5 6 10 12 
Structure 490: 1 A 29 2 12 35 45 24 20 19 6 18 21 27 128
	-> 1 2 A 6 12 
Structure 491: 1 A 2 12 3 B 6 10 5 4
	-> 1 2 3 4 A 5 6 10 B 12 
Structure 492: 1 A 2 41 3 B 13 C 10 5 4
	-> 1 2 3 4 A 5 10 B C 13 
Structure 493: 1 A 2 7 3 B 13 C 40 5 4
	-> 1 2 3 4 A 5 7 B C 13 
Structure 494: 1 A 29 2 7 35 B C 10 5 4
	-> 1 2 4 A 5 7 10 B C 
Structure 495: 1 2 7 3 26 17 6 36 10 5 4
	-> 1 2 3 4 5 6 7 10 
Structure 496: 1 A 2 12 3 31 20 17 6 18 21 27
	-> 1 2 3 A 6 12 
Structure 497: 1 A 14 2 7 3 B 6 10 5 4
	-> 1 2 3 4 A 5 6 7 10 B 14 
Structure 498: 1 2 12 3 31 B 13 C 10 5 4
	-> 1 2 3 4 5 10 B C 12 13 
Structure 499: 1 2 7 3 B 6 10 5 4
	-> 1 2 3 4 5 6 7 10 B 
Structure 500: 1 A 2 12 3 31 24 20 17 6 18 21 27
	-> 1 2 3 A 6 12 
Structure 501: 1 14 2 7 35 24 42 20 19 6 18 21 27 65
	-> 1 2 6 7 14 
Structure 502: 1 A 2 7 3 B 6 10 43 5 4
	-> 1 2 3 4 A 5 6 7 10 B 
Structure 503: 1 A 2 7 3 31 20 19 6 18 21 39
	-> 1 2 3 A 6 7 
Structure 504: 1 2 7 3 24 42 20 19 6 18 21 61
	-> 1 2 3 6 7 
Structure 505: 1 A 14 2 7 3 B 13 C 10 5 4
	-> 1 2 3 4 A 5 7 10 B C 13 14 
Structure 506: 1 A 2 12 3 B 13 C 40 43 5 4
	-> 1 2 3 4 A 5 B C 12 13 
Structure 507: 1 14 2 12 3 B 6 10 5 4
	-> 1 2 3 4 5 6 10 B 12 14 
Structure 508: 1 A 29 2 7 3 57 9 19 6 10 5 4
	-> 1 2 3 4 A 5 6 7 10 
Structure 509: 1 A 14 2 7 3 44 26 19 6 18 21 27
	-> 1 2 3 A 6 7 14 
Structure 510: 1 A 2 7 198 3 B 6 10 5 4
	-> 1 2 3 4 A 5 6 7 10 B 
Structure 511: 1 199 A 2 7 3 17 6 36 10 5 4
	-> 1 2 3 4 A 5 6 7 10 
Structure 512: 1 A 14 2 12 3 46 44 26 17 6 18 21 27
	-> 1 2 3 A 6 12 14 
Structure 513: 1 A 2 38 3 129 B 13 C 5 4
	-> 1 2 3 4 A 5 B C 13 
Structure 514: 1 A 2 12 3 B C 10 5 4
	-> 1 2 3 4 A 5 10 B C 12 
Structure 515: 1 A 2 7 3 B 6 10 5 4
	-> 1 2 3 4 A 5 6 7 10 B 
Structure 516: 1 A 2 7 3 B 6 10 5 4
	-> 1 2 3 4 A 5 6 7 10 B 
Structure 517: 1 A 2 7 3 B C 10 5 4
	-> 1 2 3 4 A 5 7 10 B C 
Structure 518: 1 A 14 2 7 3 B 6 10 5 4
	-> 1 2 3 4 A 5 6 7 10 B 14 
Structure 519: 1 14 2 34 3 33 17 6 200 36 5 4
	-> 1 2 3 4 5 6 14 
Structure 520: 1 A 14 2 7 3 23 17 6 10 5 4
	-> 1 2 3 4 A 5 6 7 10 14 
Structure 521: 1 29 2 12 3 B 13 C 10 5 4
	-> 1 2 3 4 5 10 B C 12 13 
Structure 522: 1 A 2 7 3 B 6 118 10 5 4
	-> 1 2 3 4 A 5 6 7 10 B 
Structure 523: 1 32 2 7 3 B 6 10 5 4
	-> 1 2 3 4 5 6 7 10 B 
Structure 524: 1 A 29 2 7 3 23 26 17 6 10 5 4
	-> 1 2 3 4 A 5 6 7 10 
Structure 525: 1 2 47 7 35 45 72 24 42 20 19 6 18 21 27 67
	-> 1 2 6 7 
Structure 526: 1 A 2 12 3 24 20 19 6 18 21 27
	-> 1 2 3 A 6 12 
Structure 527: 1 32 2 7 3 19 6 36 10 5 4
	-> 1 2 3 4 5 6 7 10 
Structure 528: 1 A 14 2 38 41 3 B 6 10 5 4
	-> 1 2 3 4 A 5 6 10 B 14 
Structure 529: 1 A 2 12 3 B 13 C 10 5 4
	-> 1 2 3 4 A 5 10 B C 12 13 
Structure 530: 1 A 2 12 3 31 24 20 19 6 18 21 27
	-> 1 2 3 A 6 12 
Structure 531: 1 14 2 7 3 33 19 6 5 4
	-> 1 2 3 4 5 6 7 14 
Structure 532: 1 29 2 7 3 23 26 17 6 10 5 4
	-> 1 2 3 4 5 6 7 10 
Structure 533: 1 A 2 7 3 31 B 13 C 10 5 4
	-> 1 2 3 4 A 5 7 10 B C 13 
Structure 534: 1 A 2 7 3 24 20 49 17 6 18 21 27
	-> 1 2 3 A 6 7 
Structure 535: 1 A 2 7 3 B 6 10 5 28 4
	-> 1 2 3 4 A 5 6 7 10 B 
Structure 536: 1 A 2 47 12 7 35 B C 10 43 5 4
	-> 1 2 4 A 5 7 10 B C 12 
Structure 537: 1 2 7 3 B 13 C 10 5 51 4
	-> 1 2 3 4 5 7 10 B C 13 
Structure 538: 1 A 2 7 35 B C 10 5 4
	-> 1 2 4 A 5 7 10 B C 
Structure 539: 1 14 2 12 3 57 68 44 26 17 6 50 54 4
	-> 1 2 3 4 6 12 14 
Structure 540: 1 A 2 12 3 31 24 20 17 6 201 18 21 27
	-> 1 2 3 A 6 12 
Structure 541: 1 A 202 2 7 3 91 203 204 17 6 18 21 205
	-> 1 2 3 A 6 7 
Structure 542: 1 14 2 7 3 B 6 10 5 4
	-> 1 2 3 4 5 6 7 10 B 14 
Structure 543: 1 A 29 14 2 12 3 23 26 19 6 10 5 4
	-> 1 2 3 4 A 5 6 10 12 14 
Structure 544: 1 A 2 7 3 B 13 C 10 5 4
	-> 1 2 3 4 A 5 7 10 B C 13 
Structure 545: 1 A 2 7 3 B 6 10 5 4
	-> 1 2 3 4 A 5 6 7 10 B 
Structure 546: 1 A 2 7 3 79 B 6 25 4
	-> 1 2 3 4 A 6 7 B 
Structure 547: 1 A 2 41 3 B 6 10 5 4
	-> 1 2 3 4 A 5 6 10 B 
Structure 548: 1 32 2 12 3 B C 10 5 4
	-> 1 2 3 4 5 10 B C 12 
Structure 549: 1 2 7 3 19 6 37 10 5 4
	-> 1 2 3 4 5 6 7 10 
Structure 550: 1 A 14 2 206 12 3 31 B 6 207 10 5 4
	-> 1 2 3 4 A 5 6 10 B 12 14 
Structure 551: 1 A 14 2 7 3 23 26 17 6 10 5 4
	-> 1 2 3 4 A 5 6 7 10 14 
Structure 552: 1 A 14 2 47 7 3 B C 10 5 4
	-> 1 2 3 4 A 5 7 10 B C 14 
Structure 553: 1 2 59 96 3 30 B 13 C 5 4
	-> 1 2 3 4 5 B C 13 
Structure 554: 1 2 3 B 6 10 5 4
	-> 1 2 3 4 5 6 10 B 
Structure 555: 1 A 2 12 3 33 83 17 6 18 21 27
	-> 1 2 3 A 6 12 
Structure 556: 1 A 2 7 3 B C 25 4
	-> 1 2 3 4 A 7 B C 
Structure 557: 1 A 2 7 208 26 17 6 108 10 5 4
	-> 1 2 4 A 5 6 7 10 
Structure 558: 1 A 32 2 12 3 24 20 17 6 18 21 95 39
	-> 1 2 3 A 6 12 
Structure 559: 1 A 29 2 12 35 58 24 20 17 6 18 21 27
	-> 1 2 A 6 12 
Structure 560: 1 A 2 7 3 B 6 10 5 4
	-> 1 2 3 4 A 5 6 7 10 B 
Structure 561: 1 A 2 7 3 B C 10 5 4
	-> 1 2 3 4 A 5 7 10 B C 
Structure 562: 1 2 12 3 B 6 10 5 4
	-> 1 2 3 4 5 6 10 B 12 
Structure 563: 1 2 7 3 23 26 19 6 10 5 4
	-> 1 2 3 4 5 6 7 10 
Structure 564: 1 A 2 12 3 B 13 C 10 5 4
	-> 1 2 3 4 A 5 10 B C 12 13 
Structure 565: 1 A 29 2 12 3 B 6 10 5 4
	-> 1 2 3 4 A 5 6 10 B 12 
Structure 566: 1 A 29 2 38 78 3 23 26 17 6 10 5 4
	-> 1 2 3 4 A 5 6 10 
Structure 567: 1 A 2 12 3 B C 10 5 4
	-> 1 2 3 4 A 5 10 B C 12 
Structure 568: 1 A 2 7 3 79 17 6 36 25 4
	-> 1 2 3 4 A 6 7 
Structure 569: 1 2 7 3 30 B 13 C 5 4
	-> 1 2 3 4 5 7 B C 13 
Structure 570: 1 A 14 2 7 3 23 49 6 10 5 4
	-> 1 2 3 4 A 5 6 7 10 14 
Structure 571: 1 A 32 2 12 3 24 20 19 6 18 21 27 209
	-> 1 2 3 A 6 12 
Structure 572: 1 A 2 7 34 3 30 B 6 25 4
	-> 1 2 3 4 A 6 7 B 
Structure 573: 1 A 14 2 7 3 B C 37 10 5 4
	-> 1 2 3 4 A 5 7 10 B C 14 
Structure 574: 1 A 2 7 64 63 33 62 36 25 4
	-> 1 2 4 A 7 
Structure 575: 1 A 2 12 35 45 24 20 19 6 18 21 39
	-> 1 2 A 6 12 
Structure 576: 1 A 2 47 7 64 63 33 62 36 10 5 4
	-> 1 2 4 A 5 7 10 
Structure 577: 1 A 2 7 3 30 B 13 C 25 109
	-> 1 2 3 A 7 B C 13 
Structure 578: 1 2 7 3 130 68 210 26 17 6 18 21 27
	-> 1 2 3 6 7 
Structure 579: 1 A 2 7 3 19 6 10 5 4
	-> 1 2 3 4 A 5 6 7 10 
Structure 580: 1 A 2 7 34 3 23 26 17 6 10 5 4
	-> 1 2 3 4 A 5 6 7 10 
Structure 581: 1 55 2 12 3 B 13 C 10 5 4
	-> 1 2 3 4 5 10 B C 12 13 
Structure 582: 1 A 14 2 7 3 23 26 17 6 10 5 4
	-> 1 2 3 4 A 5 6 7 10 14 
Structure 583: 1 2 7 3 B 6 10 5 4
	-> 1 2 3 4 5 6 7 10 B 
Structure 584: 1 A 14 2 7 3 24 20 8 6 18 21 27
	-> 1 2 3 A 6 7 14 
Structure 585: 1 A 2 12 35 B 6 10 5 4
	-> 1 2 4 A 5 6 10 B 12 
Structure 586: 1 A 29 14 2 7 3 B 13 C 40 5 4
	-> 1 2 3 4 A 5 7 B C 13 14 
Structure 587: 1 2 7 3 30 B 13 C 116 5 4
	-> 1 2 3 4 5 7 B C 13 
Structure 588: 1 14 2 7 3 24 20 19 6 18 21 39
	-> 1 2 3 6 7 14 
Structure 589: 1 2 7 3 30 B 13 C 25 4
	-> 1 2 3 4 7 B C 13 
Structure 590: 1 A 2 12 7 3 23 26 17 6 25 4
	-> 1 2 3 4 A 6 7 12 
Structure 591: 1 A 80 81 53 12 3 31 24 20 19 6 18 21 27
	-> 1 3 A 6 12 
Structure 592: 1 A 2 7 3 46 44 60 19 6 18 52 27 67
	-> 1 2 3 A 6 7 
Structure 593: 1 32 2 78 3 23 26 17 6 10 5 4 101
	-> 1 2 3 4 5 6 10 
Structure 594: 1 A 29 2 12 3 B C 37 10 5 4
	-> 1 2 3 4 A 5 10 B C 12 
Structure 595: 1 A 2 7 3 B 13 C 10 5 4
	-> 1 2 3 4 A 5 7 10 B C 13 
Structure 596: 1 2 12 3 B 13 C 10 5 51 4
	-> 1 2 3 4 5 10 B C 12 13 
Structure 597: 1 A 29 2 7 34 3 30 B 13 C 25 4
	-> 1 2 3 4 A 7 B C 13 
Structure 598: 1 2 48 7 3 B 6 10 5 4
	-> 1 2 3 4 5 6 7 10 B 
Structure 599: 1 A 2 7 3 24 20 19 6 18 21 39
	-> 1 2 3 A 6 7 
Structure 600: 1 A 2 7 3 B 6 10 5 4
	-> 1 2 3 4 A 5 6 7 10 B 
Structure 601: 1 32 2 12 3 B 6 10 5 28 4
	-> 1 2 3 4 5 6 10 B 12 
Structure 602: 1 A 29 2 7 211 34 3 B 13 C 10 5 4
	-> 1 2 3 4 A 5 7 10 B C 13 
Structure 603: 1 A 32 2 7 3 33 B 6 10 5 4
	-> 1 2 3 4 A 5 6 7 10 B 
Structure 604: 1 2 131 7 3 23 26 17 6 10 5 4
	-> 1 2 3 4 5 6 7 10 
Structure 605: 1 14 2 12 34 3 24 20 17 6 18 21
	-> 1 2 3 6 12 14 
Structure 606: 1 A 2 12 3 46 B 6 5 51 4
	-> 1 2 3 4 A 5 6 B 12 
Structure 607: 1 A 14 2 12 3 B 6 10 5 4
	-> 1 2 3 4 A 5 6 10 B 12 14 
Structure 608: 1 A 29 2 7 3 B 13 C 10 5 4
	-> 1 2 3 4 A 5 7 10 B C 13 
Structure 609: 1 A 29 2 7 3 B 6 10 5 4
	-> 1 2 3 4 A 5 6 7 10 B 
Structure 610: 1 A 2 7 3 31 42 20 19 6 18 21 39
	-> 1 2 3 A 6 7 
Structure 611: 1 A 2 7 3 B 6 10 5 4
	-> 1 2 3 4 A 5 6 7 10 B 
Structure 612: 1 A 2 7 3 30 B 6 25 4
	-> 1 2 3 4 A 6 7 B 
Structure 613: 1 2 7 3 B 6 10 5 4
	-> 1 2 3 4 5 6 7 10 B 
Structure 614: 1 A 2 7 3 23 26 17 6 37 10 5 4
	-> 1 2 3 4 A 5 6 7 10 
Structure 615: 1 A 2 7 3 B 13 C 10 5 4
	-> 1 2 3 4 A 5 7 10 B C 13 
Structure 616: 1 2 12 3 B 13 87 10 5 4
	-> 1 2 3 4 5 10 B 12 13 
Structure 617: 1 A 29 2 7 3 23 26 17 6 10 5 4
	-> 1 2 3 4 A 5 6 7 10 
Structure 618: 1 A 2 12 3 B C 10 5 51 4
	-> 1 2 3 4 A 5 10 B C 12 
Structure 619: 1 A 2 38 12 3 33 B 13 C 10 5 28 4
	-> 1 2 3 4 A 5 10 B C 12 13 
Structure 620: 1 A 29 2 47 7 3 B C 10 5 4
	-> 1 2 3 4 A 5 7 10 B C 
Structure 621: 1 A 2 12 3 31 20 17 6 18 21 27 65
	-> 1 2 3 A 6 12 
Structure 622: 1 A 14 2 7 3 B 6 10 5 4
	-> 1 2 3 4 A 5 6 7 10 B 14 
Structure 623: 1 2 7 3 B C 10 5 4
	-> 1 2 3 4 5 7 10 B C 
Structure 624: 1 A 2 7 3 B 6 10 5 4
	-> 1 2 3 4 A 5 6 7 10 B 
Structure 625: 1 A 2 7 3 B 6 10 5 4
	-> 1 2 3 4 A 5 6 7 10 B 
Structure 626: 1 A 2 12 3 B 6 10 5 4
	-> 1 2 3 4 A 5 6 10 B 12 
Structure 627: 1 A 14 2 7 3 B 6 10 5 4
	-> 1 2 3 4 A 5 6 7 10 B 14 
Structure 628: 1 A 2 12 3 33 B 6 40 5 4
	-> 1 2 3 4 A 5 6 B 12 
Structure 629: 1 A 2 7 3 B C 10 5 28 4
	-> 1 2 3 4 A 5 7 10 B C 
Structure 630: 1 A 2 131 48 7 84 3 24 20 19 6 18 21 61
	-> 1 2 3 A 6 7 
Structure 631: 1 A 29 2 38 78 3 24 20 17 19 6 18 21 27
	-> 1 2 3 A 6 
Structure 632: 1 A 2 7 3 B 6 10 5 4
	-> 1 2 3 4 A 5 6 7 10 B 
Structure 633: 1 A 29 2 7 3 B 13 C 10 5 4
	-> 1 2 3 4 A 5 7 10 B C 13 
Structure 634: 1 A 14 2 7 3 B 6 40 5 4
	-> 1 2 3 4 A 5 6 7 B 14 
Structure 635: 1 2 7 3 132 42 20 17 6 18 21 27
	-> 1 2 3 6 7 
Structure 636: 1 A 2 12 3 B 13 C 10 5 4
	-> 1 2 3 4 A 5 10 B C 12 13 
Structure 637: 1 A 2 48 7 3 212 213 133 19 6 18 21 27
	-> 1 2 3 A 6 7 
Structure 638: 1 A 2 7 3 B 13 C 10 5 28 4
	-> 1 2 3 4 A 5 7 10 B C 13 
Structure 639: 1 A 2 7 64 33 62 50 54 5 4
	-> 1 2 4 A 5 7 
Structure 640: 1 A 2 7 3 B 6 10 5 4
	-> 1 2 3 4 A 5 6 7 10 B 
Structure 641: 1 A 2 7 3 31 B 6 10 5 4
	-> 1 2 3 4 A 5 6 7 10 B 
Structure 642: 1 A 14 2 7 3 B C 10 5 4
	-> 1 2 3 4 A 5 7 10 B C 14 
Structure 643: 1 2 38 12 3 9 49 6 214 10 5 4
	-> 1 2 3 4 5 6 10 12 
Structure 644: 1 14 2 7 3 B 13 C 10 5 28 4
	-> 1 2 3 4 5 7 10 B C 13 14 
Structure 645: 1 14 2 7 3 30 B 6 25 4
	-> 1 2 3 4 6 7 B 14 
Structure 646: 1 2 7 3 B C 10 5 4
	-> 1 2 3 4 5 7 10 B C 
Structure 647: 1 2 12 3 B 6 43 5 4
	-> 1 2 3 4 5 6 B 12 
Structure 648: 1 A 2 12 3 B 13 C 10 5 4
	-> 1 2 3 4 A 5 10 B C 12 13 
Structure 649: 1 A 2 7 34 3 33 17 6 10 5 4
	-> 1 2 3 4 A 5 6 7 10 
Structure 650: 1 A 2 47 7 3 B 6 25 4
	-> 1 2 3 4 A 6 7 B 
Structure 651: 1 A 2 7 3 B 6 10 5 4
	-> 1 2 3 4 A 5 6 7 10 B 
Structure 652: 1 A 2 12 3 B C 10 5 4
	-> 1 2 3 4 A 5 10 B C 12 
Structure 653: 1 A 2 7 3 88 33 19 6 10 5 4
	-> 1 2 3 4 A 5 6 7 10 
Structure 654: 1 A 2 7 3 30 B C 25 4
	-> 1 2 3 4 A 7 B C 
Structure 655: 1 2 12 3 23 26 19 6 10 5 4
	-> 1 2 3 4 5 6 10 12 
Structure 656: 1 A 2 7 3 B C 10 5 4
	-> 1 2 3 4 A 5 7 10 B C 
Structure 657: 1 A 2 12 3 B 13 C 10 5 4
	-> 1 2 3 4 A 5 10 B C 12 13 
Structure 658: 1 A 2 7 3 B 13 C 10 28 4
	-> 1 2 3 4 A 7 10 B C 13 
Structure 659: 1 32 2 53 12 3 B C 40 43 5 4
	-> 1 2 3 4 5 B C 12 
Structure 660: 1 2 53 12 3 30 B 13 C 5 4
	-> 1 2 3 4 5 B C 12 13 
Structure 661: 1 A 2 7 3 23 26 17 6 10 5 4
	-> 1 2 3 4 A 5 6 7 10 
Structure 662: 1 A 2 48 7 3 B C 10 5 4
	-> 1 2 3 4 A 5 7 10 B C 
Structure 663: 1 A 2 12 3 91 30 B 6 85 5 4
	-> 1 2 3 4 A 5 6 B 12 
Structure 664: 1 A 2 7 3 23 26 17 6 10 5 4
	-> 1 2 3 4 A 5 6 7 10 
Structure 665: 1 A 2 7 3 31 42 20 19 6 215 36 39
	-> 1 2 3 A 6 7 
Structure 666: 1 A 2 38 41 3 B 6 10 5 4
	-> 1 2 3 4 A 5 6 10 B 
Structure 667: 1 2 7 3 30 B 6 25 4
	-> 1 2 3 4 6 7 B 
Structure 668: 1 14 2 7 3 B 6 10 5 4
	-> 1 2 3 4 5 6 7 10 B 14 
Structure 669: 1 A 2 38 12 3 23 26 17 6 10 5 4
	-> 1 2 3 4 A 5 6 10 12 
Structure 670: 1 A 2 7 3 B 13 C 10 5 4
	-> 1 2 3 4 A 5 7 10 B C 13 
Structure 671: 1 55 2 59 3 23 17 6 10 5 4
	-> 1 2 3 4 5 6 10 
Structure 672: 1 14 2 7 3 23 94 17 6 40 5 4
	-> 1 2 3 4 5 6 7 14 
Structure 673: 1 A 2 7 3 31 42 20 19 6 18 21 27
	-> 1 2 3 A 6 7 
Structure 674: 1 A 2 38 12 3 23 26 19 6 10 5 4
	-> 1 2 3 4 A 5 6 10 12 
Structure 675: 1 A 2 7 3 B 6 10 5 4
	-> 1 2 3 4 A 5 6 7 10 B 
Structure 676: 1 A 2 12 3 24 20 19 6 18 21 27
	-> 1 2 3 A 6 12 
Structure 677: 1 14 2 7 3 30 B 6 5 4
	-> 1 2 3 4 5 6 7 B 14 
Structure 678: 1 2 12 3 B 6 25 4
	-> 1 2 3 4 6 B 12 
Structure 679: 1 29 2 7 3 30 B 6 25 4
	-> 1 2 3 4 6 7 B 
Structure 680: 1 A 14 2 7 3 57 23 60 17 6 5 4
	-> 1 2 3 4 A 5 6 7 14 
Structure 681: 1 A 2 216 111 64 63 33 62 36 10 5 28 4
	-> 1 2 4 A 5 10 
Structure 682: 1 A 2 7 34 3 B C 10 5 4
	-> 1 2 3 4 A 5 7 10 B C 
Structure 683: 1 A 14 2 7 3 31 B 6 10 5 28 4
	-> 1 2 3 4 A 5 6 7 10 B 14 
Structure 684: 1 32 2 12 3 B 6 10 5 4
	-> 1 2 3 4 5 6 10 B 12 
Structure 685: 1 A 2 12 3 30 B 13 C 25 4
	-> 1 2 3 4 A B C 12 13 
Structure 686: 1 A 2 7 3 B 6 10 5 4
	-> 1 2 3 4 A 5 6 7 10 B 
Structure 687: 1 A 2 7 3 30 B 13 C 5 4
	-> 1 2 3 4 A 5 7 B C 13 
Structure 688: 1 A 2 7 3 B 6 25 4
	-> 1 2 3 4 A 6 7 B 
Structure 689: 1 A 2 47 7 3 79 B 6 25 4
	-> 1 2 3 4 A 6 7 B 
Structure 690: 1 2 7 3 B 6 10 5 4
	-> 1 2 3 4 5 6 7 10 B 
Structure 691: 1 A 2 7 3 B C 10 5 4
	-> 1 2 3 4 A 5 7 10 B C 
Structure 692: 1 A 2 12 3 B 6 10 5 4
	-> 1 2 3 4 A 5 6 10 B 12 
Structure 693: 1 2 48 217 3 30 B 6 25 4
	-> 1 2 3 4 6 B 
Structure 694: 1 A 14 2 92 7 3 B C 37 10 5 4
	-> 1 2 3 4 A 5 7 10 B C 14 
Structure 695: 1 14 2 7 3 23 26 17 6 10 5 28 4
	-> 1 2 3 4 5 6 7 10 14 
Structure 696: 1 A 2 12 3 30 B 6 25 4
	-> 1 2 3 4 A 6 B 12 
Structure 697: 1 A 29 2 7 3 31 42 20 17 6 18 21 27 65
	-> 1 2 3 A 6 7 
Structure 698: 1 A 14 2 7 3 24 20 19 6 90 50 4
	-> 1 2 3 4 A 6 7 14 
Structure 699: 1 A 14 2 7 3 B C 10 5 4
	-> 1 2 3 4 A 5 7 10 B C 14 
Structure 700: 1 A 2 7 3 B C 10 5 4
	-> 1 2 3 4 A 5 7 10 B C 
Structure 701: 1 A 55 2 12 3 30 B C 25 4
	-> 1 2 3 4 A B C 12 
Structure 702: 1 A 2 7 3 B 13 C 10 5 4
	-> 1 2 3 4 A 5 7 10 B C 13 
Structure 703: 1 A 2 7 3 24 42 20 19 6 18 21 27
	-> 1 2 3 A 6 7 
Structure 704: 1 A 14 2 12 3 B C 10 5 4
	-> 1 2 3 4 A 5 10 B C 12 14 
Structure 705: 1 A 2 12 35 24 20 17 6 18 21 61 218
	-> 1 2 A 6 12 
Structure 706: 1 A 2 7 3 B 13 C 10 5 28 4
	-> 1 2 3 4 A 5 7 10 B C 13 
Structure 707: 1 A 2 12 3 30 B 6 25 4
	-> 1 2 3 4 A 6 B 12 
Structure 708: 1 A 29 2 12 34 3 24 20 17 6 18 21 61
	-> 1 2 3 A 6 12 
Structure 709: 73 1 2 12 3 B C 10 5 4
	-> 1 2 3 4 5 10 B C 12 
Structure 710: 1 A 2 7 3 B 13 C 10 5 4
	-> 1 2 3 4 A 5 7 10 B C 13 
Structure 711: 1 A 2 7 3 30 B C 25 4
	-> 1 2 3 4 A 7 B C 
Structure 712: 1 A 2 7 3 24 20 107 56 69 77 36
	-> 1 2 3 A 7 
Structure 713: 1 A 2 92 3 9 17 6 82 10 5 51 4
	-> 1 2 3 4 A 5 6 10 
Structure 714: 1 A 14 2 7 3 23 26 17 6 10 5 28 4
	-> 1 2 3 4 A 5 6 7 10 14 
Structure 715: 1 2 7 34 3 B C 10 5 4
	-> 1 2 3 4 5 7 10 B C 
Structure 716: 1 A 2 7 3 24 20 17 6 18 52 219 67
	-> 1 2 3 A 6 7 
Structure 717: 1 A 2 7 3 31 20 19 6 18 21 39
	-> 1 2 3 A 6 7 
Structure 718: 1 A 2 7 35 45 72 24 42 19 6 18 21 39
	-> 1 2 A 6 7 
Structure 719: 1 A 14 2 48 7 35 45 24 20 19 6 18 21
	-> 1 2 A 6 7 14 
Structure 720: 1 A 14 2 7 3 B 13 C 10 5 4
	-> 1 2 3 4 A 5 7 10 B C 13 14 
Structure 721: 1 A 2 12 3 B 13 C 10 5 4
	-> 1 2 3 4 A 5 10 B C 12 13 
Structure 722: 1 A 14 2 3 88 33 19 6 50 54 5 4
	-> 1 2 3 4 A 5 6 14 
Structure 723: 1 A 2 7 3 30 B C 25 4
	-> 1 2 3 4 A 7 B C 
Structure 724: 1 2 7 3 B 6 10 5 4
	-> 1 2 3 4 5 6 7 10 B 
Structure 725: 1 A 2 7 3 B 6 10 5 4
	-> 1 2 3 4 A 5 6 7 10 B 
Structure 726: 1 A 2 7 3 23 26 19 6 10 5 4
	-> 1 2 3 4 A 5 6 7 10 
Structure 727: 1 A 2 7 3 31 24 42 20 8 13 C 18 52 27
	-> 1 2 3 A 7 C 13 
Structure 728: 1 29 2 12 3 24 42 20 19 6 18 21 27
	-> 1 2 3 6 12 
Structure 729: 1 2 7 34 3 30 B 6 25 4
	-> 1 2 3 4 6 7 B 
Structure 730: 1 A 2 38 7 3 B 6 10 5 28 4
	-> 1 2 3 4 A 5 6 7 10 B 
Structure 731: 1 A 14 2 7 3 B 13 C 10 5 4
	-> 1 2 3 4 A 5 7 10 B C 13 14 
Structure 732: 1 A 2 12 3 68 44 19 6 18 21 27
	-> 1 2 3 A 6 12 
Structure 733: 1 A 2 41 3 23 26 19 6 10 5 4
	-> 1 2 3 4 A 5 6 10 
Structure 734: 1 A 80 81 53 12 7 3 B 6 10 4
	-> 1 3 4 A 6 7 10 B 12 
Structure 735: 1 A 2 41 3 B C 10 28 4
	-> 1 2 3 4 A 10 B C 
Structure 736: 1 A 2 7 3 B 6 10 5 4
	-> 1 2 3 4 A 5 6 7 10 B 
Structure 737: 1 A 2 7 3 66 B 6 10 5 4
	-> 1 2 3 4 A 5 6 7 10 B 
Structure 738: 1 A 2 7 3 B 6 10 5 28 4
	-> 1 2 3 4 A 5 6 7 10 B 
Structure 739: 1 A 2 7 3 23 26 17 6 10 5 4
	-> 1 2 3 4 A 5 6 7 10 
Structure 740: 1 A 14 2 12 3 B 6 40 43 5 4
	-> 1 2 3 4 A 5 6 B 12 14 
Structure 741: 1 A 2 12 3 30 B 13 C 5 4
	-> 1 2 3 4 A 5 B C 12 13 
Structure 742: 1 A 2 7 3 B 6 37 10 5 4
	-> 1 2 3 4 A 5 6 7 10 B 
Structure 743: 1 A 2 12 3 B 6 10 43 5 4
	-> 1 2 3 4 A 5 6 10 B 12 
Structure 744: 1 A 14 2 7 3 B 6 10 5 4
	-> 1 2 3 4 A 5 6 7 10 B 14 
Structure 745: 1 A 2 7 3 31 B C 10 5 4
	-> 1 2 3 4 A 5 7 10 B C 
Structure 746: 1 A 2 7 3 B 6 10 5 28 4
	-> 1 2 3 4 A 5 6 7 10 B 
Structure 747: 1 A 2 7 3 23 94 19 6 10 5 28 4
	-> 1 2 3 4 A 5 6 7 10 
Structure 748: 1 A 14 2 12 3 B 13 C 10 43 5 4
	-> 1 2 3 4 A 5 10 B C 12 13 14 
Structure 749: 220 123 221 124 125 222 23 26 17 6 105
	-> 6 
Structure 750: 1 A 2 3 B 13 C 10 5 4
	-> 1 2 3 4 A 5 10 B C 13 
Structure 751: 1 A 2 12 34 3 B 6 10 5 4
	-> 1 2 3 4 A 5 6 10 B 12 
Structure 752: 1 A 2 7 3 24 20 49 6 18 21 27 65
	-> 1 2 3 A 6 7 
Structure 753: 1 A 2 12 3 24 20 8 6 18 21 27
	-> 1 2 3 A 6 12 
Structure 754: 1 A 14 2 7 3 24 20 19 6 18 21 61
	-> 1 2 3 A 6 7 14 
Structure 755: 1 A 2 7 3 31 B 6 10 5 4
	-> 1 2 3 4 A 5 6 7 10 B 
Structure 756: 1 A 2 12 35 24 42 20 19 6 18 21 27
	-> 1 2 A 6 12 
Structure 757: 1 A 2 134 3 23 26 17 6 10 5 4
	-> 1 2 3 4 A 5 6 10 
Structure 758: 1 A 55 2 12 3 71 42 20 8 13 C 18 52 27
	-> 1 2 3 A C 12 13 
Structure 759: 1 2 7 34 3 33 B C 10 5 4
	-> 1 2 3 4 5 7 10 B C 
Structure 760: 1 A 29 2 7 3 B 6 10 5 4
	-> 1 2 3 4 A 5 6 7 10 B 
Structure 761: 1 A 2 7 3 46 44 B 13 C 112 113
	-> 1 2 3 A 7 B C 13 
Structure 762: 1 A 2 12 3 B 6 10 5 4
	-> 1 2 3 4 A 5 6 10 B 12 
Structure 763: 1 A 2 7 3 B C 10 43 5 4
	-> 1 2 3 4 A 5 7 10 B C 
Structure 764: 1 A 2 12 3 23 26 17 6 10 28 4
	-> 1 2 3 4 A 6 10 12 
Structure 765: 1 A 32 2 12 3 B 6 37 10 5 4
	-> 1 2 3 4 A 5 6 10 B 12 
Structure 766: 1 A 2 41 3 B 6 10 5 4
	-> 1 2 3 4 A 5 6 10 B 
Structure 767: 1 A 2 12 3 B C 10 5 4
	-> 1 2 3 4 A 5 10 B C 12 
Structure 768: 1 2 7 3 B 6 10 5 51 4
	-> 1 2 3 4 5 6 7 10 B 
Structure 769: 1 2 7 3 63 33 120 56 69 90 106 50 54
	-> 1 2 3 7 
Structure 770: 1 A 14 2 7 3 23 49 6 10 5 4
	-> 1 2 3 4 A 5 6 7 10 14 
Structure 771: 1 A 2 7 3 31 B 6 10 5 4
	-> 1 2 3 4 A 5 6 7 10 B 
Structure 772: 1 A 2 41 3 23 26 17 6 10 5 28 4
	-> 1 2 3 4 A 5 6 10 
Structure 773: 1 A 14 2 7 3 33 19 6 36 10 5 4
	-> 1 2 3 4 A 5 6 7 10 14 
Structure 774: 1 A 2 12 3 B 6 10 5 28 4
	-> 1 2 3 4 A 5 6 10 B 12 
Structure 775: 1 A 80 81 53 115 3 68 26 17 6 50 5 4
	-> 1 3 4 A 5 6 
Structure 776: 1 14 2 47 3 23 17 6 10 5 4
	-> 1 2 3 4 5 6 10 14 
Structure 777: 1 14 2 7 3 B C 5 4
	-> 1 2 3 4 5 7 B C 14 
Structure 778: 1 A 2 38 12 34 3 B 6 10 5 28 4
	-> 1 2 3 4 A 5 6 10 B 12 
Structure 779: 1 A 2 12 3 B 13 C 10 5 4
	-> 1 2 3 4 A 5 10 B C 12 13 
Structure 780: 1 A 29 2 7 3 23 26 17 6 10 5 4
	-> 1 2 3 4 A 5 6 7 10 
Structure 781: 1 A 2 12 35 24 20 19 6 18 21 27
	-> 1 2 A 6 12 
Structure 782: 1 2 12 3 31 20 17 6 18 21 27
	-> 1 2 3 6 12 
Structure 783: 1 A 2 38 12 3 23 26 19 6 10 5 4
	-> 1 2 3 4 A 5 6 10 12 
Structure 784: 1 A 2 12 3 24 42 20 17 6 223 18 21
	-> 1 2 3 A 6 12 
Structure 785: 1 A 2 7 3 31 24 20 17 6 90 106 50 54 4
	-> 1 2 3 4 A 6 7 
Structure 786: 1 A 29 2 41 3 23 26 17 6 25 4
	-> 1 2 3 4 A 6 
Structure 787: 1 32 2 96 3 30 B C 25 4
	-> 1 2 3 4 B C 
Structure 788: 1 A 29 2 7 84 3 B 13 C 10 5 4
	-> 1 2 3 4 A 5 7 10 B C 13 
Structure 789: 1 32 2 7 3 B 13 C 5 4
	-> 1 2 3 4 5 7 B C 13 
Structure 790: 1 A 2 12 3 30 B 6 25 4
	-> 1 2 3 4 A 6 B 12 
Structure 791: 1 14 2 7 3 B 6 10 5 4
	-> 1 2 3 4 5 6 7 10 B 14 
Structure 792: 1 A 29 2 48 7 3 31 B 6 122 10 5 4
	-> 1 2 3 4 A 5 6 7 10 B 
Structure 793: 1 A 2 7 3 B 6 10 5 4
	-> 1 2 3 4 A 5 6 7 10 B 
Structure 794: 1 A 2 7 3 B 6 10 5 4
	-> 1 2 3 4 A 5 6 7 10 B 
Structure 795: 1 A 2 12 3 B 6 10 5 4
	-> 1 2 3 4 A 5 6 10 B 12 
Structure 796: 1 2 7 3 B 6 10 5 4
	-> 1 2 3 4 5 6 7 10 B 
Structure 797: 1 A 14 2 7 35 45 58 24 20 19 6 18 21 27
	-> 1 2 A 6 7 14 
Structure 798: 1 A 2 12 3 B 6 10 5 4
	-> 1 2 3 4 A 5 6 10 B 12 
Structure 799: 1 A 2 7 3 B 6 10 5 28 4
	-> 1 2 3 4 A 5 6 7 10 B 
Structure 800: 1 A 29 2 48 7 3 B 13 C 10 5 4
	-> 1 2 3 4 A 5 7 10 B C 13 
Structure 801: 1 A 2 7 3 B 6 10 5 4
	-> 1 2 3 4 A 5 6 7 10 B 
Structure 802: 1 2 41 34 3 B 13 C 10 5 4
	-> 1 2 3 4 5 10 B C 13 
Structure 803: 1 A 14 2 12 3 B 13 C 10 5 4
	-> 1 2 3 4 A 5 10 B C 12 13 14 
Structure 804: 1 A 14 2 7 3 B 13 C 40 5 28 4
	-> 1 2 3 4 A 5 7 B C 13 14 
Structure 805: 1 A 2 7 3 B 6 10 5 4
	-> 1 2 3 4 A 5 6 7 10 B 
Structure 806: 1 A 2 41 3 B C 10 5 4
	-> 1 2 3 4 A 5 10 B C 
Structure 807: 1 A 14 2 53 12 3 30 B 6 25 4
	-> 1 2 3 4 A 6 B 12 14 
Structure 808: 1 14 2 7 34 3 B 13 C 10 5 4
	-> 1 2 3 4 5 7 10 B C 13 14 
Structure 809: 1 55 2 7 3 B 13 C 10 5 4
	-> 1 2 3 4 5 7 10 B C 13 
Structure 810: 1 2 12 3 24 42 20 17 6 18 21 39
	-> 1 2 3 6 12 
Structure 811: 1 A 2 47 12 3 8 C 224 25 109 225
	-> 1 2 3 A C 12 
Structure 812: 1 A 2 3 B C 40 43 5 4
	-> 1 2 3 4 A 5 B C 
Structure 813: 1 2 7 3 46 44 98 56 126 75 119 226
	-> 1 2 3 7 
Structure 814: 1 A 29 2 7 3 B 6 40 43 5 28 4
	-> 1 2 3 4 A 5 6 7 B 
Structure 815: 1 14 2 7 3 B 6 10 5 4
	-> 1 2 3 4 5 6 7 10 B 14 
Structure 816: 1 14 2 7 3 B C 40 5 4
	-> 1 2 3 4 5 7 B C 14 
Structure 817: 1 14 2 12 3 24 20 17 6 18 21
	-> 1 2 3 6 12 14 
Structure 818: 1 A 2 12 34 3 B 13 C 10 5 4
	-> 1 2 3 4 A 5 10 B C 12 13 
Structure 819: 1 A 2 7 3 31 24 20 17 6 18 52
	-> 1 2 3 A 6 7 
Structure 820: 1 A 2 7 3 68 133 49 6 18 21 27
	-> 1 2 3 A 6 7 
Structure 821: 1 32 2 7 3 30 B 6 25 4
	-> 1 2 3 4 6 7 B 
Structure 822: 1 A 2 47 7 3 23 26 17 6 10 5 4
	-> 1 2 3 4 A 5 6 7 10 
Structure 823: 1 A 2 7 3 B 13 C 10 5 4
	-> 1 2 3 4 A 5 7 10 B C 13 
Structure 824: 1 29 2 12 3 24 20 19 6 18 21 39
	-> 1 2 3 6 12 
Structure 825: 1 A 2 7 3 B 13 C 10 5 4
	-> 1 2 3 4 A 5 7 10 B C 13 
Structure 826: 1 A 2 7 3 B 13 C 10 5 4
	-> 1 2 3 4 A 5 7 10 B C 13 
Structure 827: 1 A 2 7 3 24 20 19 6 18 21 27
	-> 1 2 3 A 6 7 
Structure 828: 1 A 14 2 7 64 63 33 62 36 10 5 28 4
	-> 1 2 4 A 5 7 10 14 
Structure 829: 1 A 2 12 3 31 B C 10 5 4
	-> 1 2 3 4 A 5 10 B C 12 
Structure 830: 1 A 2 12 3 B 6 10 5 4
	-> 1 2 3 4 A 5 6 10 B 12 
Structure 831: 1 29 2 7 3 31 24 20 17 6 18 21 39
	-> 1 2 3 6 7 
Structure 832: 1 A 29 2 7 3 B 13 C 10 5 4
	-> 1 2 3 4 A 5 7 10 B C 13 
Structure 833: 1 A 2 7 35 45 58 24 20 17 6 18 21 61
	-> 1 2 A 6 7 
Structure 834: 1 29 2 7 3 B C 10 5 4
	-> 1 2 3 4 5 7 10 B C 
Structure 835: 1 2 7 3 B 6 10 5 4
	-> 1 2 3 4 5 6 7 10 B 
Structure 836: 1 2 7 3 B 6 40 43 5 51 4
	-> 1 2 3 4 5 6 7 B 
Structure 837: 1 A 2 7 3 30 B 6 25 4 101
	-> 1 2 3 4 A 6 7 B 
Structure 838: 1 A 2 7 34 3 B 13 C 10 5 4
	-> 1 2 3 4 A 5 7 10 B C 13 
Structure 839: 1 A 2 7 34 3 B C 10 5 4
	-> 1 2 3 4 A 5 7 10 B C 
Structure 840: 1 A 2 12 3 B 13 C 10 5 4
	-> 1 2 3 4 A 5 10 B C 12 13 
Structure 841: 1 A 14 2 7 3 B 6 85 10 5 4
	-> 1 2 3 4 A 5 6 7 10 B 14 
Structure 842: 1 A 2 7 35 45 72 24 20 17 6 18 21 27
	-> 1 2 A 6 7 
Structure 843: 1 A 2 7 3 B 6 10 5 28 4
	-> 1 2 3 4 A 5 6 7 10 B 
Structure 844: 1 55 2 7 34 3 B 6 37 10 5 4
	-> 1 2 3 4 5 6 7 10 B 
Structure 845: 1 A 14 2 47 7 35 45 24 20 8 6 18 21 27
	-> 1 2 A 6 7 14 
Structure 846: 1 A 2 7 3 23 26 17 6 10 5 4
	-> 1 2 3 4 A 5 6 7 10 
Structure 847: 1 32 14 2 7 3 B 13 C 10 5 28 4
	-> 1 2 3 4 5 7 10 B C 13 14 
Structure 848: 1 A 2 7 3 B 13 C 10 5 4
	-> 1 2 3 4 A 5 7 10 B C 13 
Structure 849: 1 A 29 2 12 3 B 6 10 5 4
	-> 1 2 3 4 A 5 6 10 B 12 
Structure 850: 1 A 32 2 38 12 3 19 6 50 28 4
	-> 1 2 3 4 A 6 12 
Structure 851: 1 A 29 2 12 3 23 26 17 6 10 5 4
	-> 1 2 3 4 A 5 6 10 12 
Structure 852: 1 A 2 12 3 24 42 20 19 6 18 21 27 128
	-> 1 2 3 A 6 12 
Structure 853: 1 A 2 7 3 B 6 25 4
	-> 1 2 3 4 A 6 7 B 
Structure 854: 1 A 2 7 3 B 13 C 10 5 4
	-> 1 2 3 4 A 5 7 10 B C 13 
Structure 855: 1 A 2 7 3 B C 10 5 4
	-> 1 2 3 4 A 5 7 10 B C 
Structure 856: 1 A 14 2 7 227 228 31 229 6 36 10 5 4
	-> 1 2 4 A 5 6 7 10 14 
Structure 857: 1 14 2 7 3 B 6 10 5 4
	-> 1 2 3 4 5 6 7 10 B 14 
Structure 858: 1 A 2 7 3 30 B 13 C 25 4
	-> 1 2 3 4 A 7 B C 13 
Structure 859: 1 A 2 3 B 6 10 5 4
	-> 1 2 3 4 A 5 6 10 B 
Structure 860: 1 A 2 12 3 B 13 C 10 5 4
	-> 1 2 3 4 A 5 10 B C 12 13 
Structure 861: 1 2 7 35 45 58 24 20 19 6 18 21 27
	-> 1 2 6 7 
Structure 862: 1 A 14 2 7 3 B 6 10 5 4
	-> 1 2 3 4 A 5 6 7 10 B 14 
Structure 863: 1 32 14 2 38 12 3 23 76 19 6 10 5 4
	-> 1 2 3 4 5 6 10 12 14 
Structure 864: 1 A 2 7 3 23 26 17 6 10 5 4
	-> 1 2 3 4 A 5 6 7 10 
Structure 865: 1 A 2 7 3 24 20 19 6 18 21 39
	-> 1 2 3 A 6 7 
Structure 866: 1 A 2 7 34 3 23 26 19 6 10 5 4
	-> 1 2 3 4 A 5 6 7 10 
Structure 867: 1 2 12 3 23 26 17 6 10 5 4
	-> 1 2 3 4 5 6 10 12 
Structure 868: 1 A 2 7 3 B 6 37 10 5 4
	-> 1 2 3 4 A 5 6 7 10 B 
Structure 869: 1 A 2 59 117 3 23 26 17 6 10 5 4
	-> 1 2 3 4 A 5 6 10 
Structure 870: 1 2 7 3 B 13 C 10 5 4
	-> 1 2 3 4 5 7 10 B C 13 
Structure 871: 1 2 7 3 B 13 C 10 5 28 4
	-> 1 2 3 4 5 7 10 B C 13 
Structure 872: 1 2 7 3 57 46 44 19 6 18 52 27
	-> 1 2 3 6 7 
Structure 873: 1 14 2 7 3 30 B 6 5 4
	-> 1 2 3 4 5 6 7 B 14 
Structure 874: 1 A 2 7 3 23 26 17 6 10 5 28 4
	-> 1 2 3 4 A 5 6 7 10 
Structure 875: 1 A 2 12 3 30 B 13 C 25 4
	-> 1 2 3 4 A B C 12 13 
Structure 876: 1 A 2 7 3 20 8 6 18 52 27
	-> 1 2 3 A 6 7 
Structure 877: 1 A 2 7 3 B C 10 5 51 4
	-> 1 2 3 4 A 5 7 10 B C 
Structure 878: 1 A 2 7 3 23 26 17 6 10 5 4
	-> 1 2 3 4 A 5 6 7 10 
Structure 879: 1 A 2 7 3 B 13 C 10 5 4
	-> 1 2 3 4 A 5 7 10 B C 13 
Structure 880: 1 A 2 38 12 3 24 20 19 6 18 21 27 65
	-> 1 2 3 A 6 12 
Structure 881: 1 A 2 7 3 23 26 19 6 25 4
	-> 1 2 3 4 A 6 7 
Structure 882: 1 2 7 3 33 B 13 C 10 5 4
	-> 1 2 3 4 5 7 10 B C 13 
Structure 883: 1 2 7 3 26 19 6 36 10 5 4
	-> 1 2 3 4 5 6 7 10 
Structure 884: 1 A 2 7 3 31 B 13 C 25 4
	-> 1 2 3 4 A 7 B C 13 
Structure 885: 1 A 2 12 3 30 B 6 25 4
	-> 1 2 3 4 A 6 B 12 
Structure 886: 1 A 2 7 3 B 6 10 5 4
	-> 1 2 3 4 A 5 6 7 10 B 
Structure 887: 1 A 2 7 3 B 6 10 5 4
	-> 1 2 3 4 A 5 6 7 10 B 
Structure 888: 1 A 2 7 35 26 17 6 108 40 43 5 4
	-> 1 2 4 A 5 6 7 
Structure 889: 1 A 2 7 3 B 6 10 5 4
	-> 1 2 3 4 A 5 6 7 10 B 
Structure 890: 1 A 2 7 3 30 B 6 25 4
	-> 1 2 3 4 A 6 7 B 
Structure 891: 1 A 29 2 53 12 3 129 44 17 6 18 52 61
	-> 1 2 3 A 6 12 
Structure 892: 1 A 2 7 3 B 6 10 5 4
	-> 1 2 3 4 A 5 6 7 10 B 
Structure 893: 1 A 2 7 3 121 33 17 6 10 5 4
	-> 1 2 3 4 A 5 6 7 10 
Structure 894: 1 A 2 7 3 B 6 10 5 4
	-> 1 2 3 4 A 5 6 7 10 B 
Structure 895: 1 2 47 12 3 9 19 6 10 5 28 4
	-> 1 2 3 4 5 6 10 12 
Structure 896: 1 A 2 7 3 B 6 10 5 4
	-> 1 2 3 4 A 5 6 7 10 B 
Structure 897: 1 A 2 59 3 B 6 10 5 51 4
	-> 1 2 3 4 A 5 6 10 B 
Structure 898: 1 A 2 7 3 B 6 10 5 4
	-> 1 2 3 4 A 5 6 7 10 B 
Structure 899: 1 A 2 7 3 23 26 17 6 10 5 4
	-> 1 2 3 4 A 5 6 7 10 
Structure 900: 1 A 2 7 3 66 33 B 6 40 28 4
	-> 1 2 3 4 A 6 7 B 
Structure 901: 1 14 2 7 3 B 13 C 40 5 4
	-> 1 2 3 4 5 7 B C 13 14 
Structure 902: 1 A 29 2 12 3 24 20 19 6 18 21 27
	-> 1 2 3 A 6 12 
Structure 903: 1 14 2 3 30 B 6 25 4
	-> 1 2 3 4 6 B 14 
Structure 904: 1 2 7 3 B 13 C 5 28 4
	-> 1 2 3 4 5 7 B C 13 
Structure 905: 1 A 14 2 7 3 B C 10 5 28 4
	-> 1 2 3 4 A 5 7 10 B C 14 
Structure 906: 1 A 2 48 3 23 76 17 6 10 5 4
	-> 1 2 3 4 A 5 6 10 
Structure 907: 1 2 7 3 B 6 10 5 4
	-> 1 2 3 4 5 6 7 10 B 
Structure 908: 1 29 2 7 3 B 6 10 5 4
	-> 1 2 3 4 5 6 7 10 B 
Structure 909: 1 A 2 7 3 31 B 13 C 10 5 4
	-> 1 2 3 4 A 5 7 10 B C 13 
Structure 910: 1 A 32 2 7 3 230 89 17 6 231 10 5 4
	-> 1 2 3 4 A 5 6 7 10 
Structure 911: 1 32 2 7 3 70 46 44 86 19 6 18 21 27
	-> 1 2 3 6 7 
Structure 912: 1 A 2 7 3 B 13 C 10 5 4
	-> 1 2 3 4 A 5 7 10 B C 13 
Structure 913: 1 A 2 12 3 B C 10 5 28 4
	-> 1 2 3 4 A 5 10 B C 12 
Structure 914: 1 A 14 2 7 3 B 13 C 10 5 4
	-> 1 2 3 4 A 5 7 10 B C 13 14 
Structure 915: 1 A 29 2 7 3 23 17 6 10 5 4
	-> 1 2 3 4 A 5 6 7 10 
Structure 916: 1 A 2 7 3 31 20 49 6 18 21 39
	-> 1 2 3 A 6 7 
Structure 917: 1 A 2 7 3 24 20 17 6 18 52 27
	-> 1 2 3 A 6 7 
Structure 918: 1 32 2 7 3 23 19 6 10 5 28 4
	-> 1 2 3 4 5 6 7 10 
Structure 919: 1 A 2 7 3 B 6 10 5 4
	-> 1 2 3 4 A 5 6 7 10 B 
Structure 920: 1 A 2 7 3 B 13 C 10 5 4
	-> 1 2 3 4 A 5 7 10 B C 13 
Structure 921: 1 A 2 12 3 B 6 10 5 28 4
	-> 1 2 3 4 A 5 6 10 B 12 
Structure 922: 1 A 29 2 7 3 24 20 107 56 69 77 50 54
	-> 1 2 3 A 7 
Structure 923: 1 A 2 7 3 B C 40 43 5 28 4
	-> 1 2 3 4 A 5 7 B C 
Structure 924: 1 A 2 7 3 23 26 17 6 40 5 4
	-> 1 2 3 4 A 5 6 7 
Structure 925: 1 A 2 7 3 B 13 C 10 5 28 4
	-> 1 2 3 4 A 5 7 10 B C 13 
Structure 926: 1 A 2 7 34 3 31 71 42 B 13 C 5 4
	-> 1 2 3 4 A 5 7 B C 13 
Structure 927: 1 A 2 12 3 B 6 10 5 4
	-> 1 2 3 4 A 5 6 10 B 12 
Structure 928: 1 A 2 7 3 19 6 232 36 10 5 4
	-> 1 2 3 4 A 5 6 7 10 
Structure 929: 1 A 2 7 3 B 6 5 28 4
	-> 1 2 3 4 A 5 6 7 B 
Structure 930: 1 A 14 2 7 3 B 13 C 10 5 28 4
	-> 1 2 3 4 A 5 7 10 B C 13 14 
Structure 931: 1 A 14 2 7 3 46 44 19 6 18 21 27
	-> 1 2 3 A 6 7 14 
Structure 932: 1 A 29 2 12 3 B 6 10 5 4
	-> 1 2 3 4 A 5 6 10 B 12 
Structure 933: 1 A 2 7 3 B 13 C 10 5 4
	-> 1 2 3 4 A 5 7 10 B C 13 
Structure 934: 1 A 2 7 3 B 13 C 10 5 28 4
	-> 1 2 3 4 A 5 7 10 B C 13 
Structure 935: 1 A 2 12 3 B C 37 10 5 4
	-> 1 2 3 4 A 5 10 B C 12 
Structure 936: 1 2 7 3 B C 10 5 4
	-> 1 2 3 4 5 7 10 B C 
Structure 937: 1 32 2 3 B 13 C 10 5 28 4
	-> 1 2 3 4 5 10 B C 13 
Structure 938: 1 A 2 7 3 B 6 10 5 4
	-> 1 2 3 4 A 5 6 7 10 B 
Structure 939: 1 A 2 7 3 B 6 10 5 4
	-> 1 2 3 4 A 5 6 7 10 B 
Structure 940: 1 A 14 2 12 3 B 6 37 10 5 4
	-> 1 2 3 4 A 5 6 10 B 12 14 
Structure 941: 1 A 2 7 3 24 20 17 6 18 21 27
	-> 1 2 3 A 6 7 
Structure 942: 1 14 2 7 3 B 13 C 10 5 4
	-> 1 2 3 4 5 7 10 B C 13 14 
Structure 943: 1 A 32 2 12 3 B 6 37 10 5 4
	-> 1 2 3 4 A 5 6 10 B 12 
Structure 944: 1 A 2 7 3 24 20 19 6 18 21 27
	-> 1 2 3 A 6 7 
Structure 945: 1 A 2 7 3 B 13 C 10 5 4
	-> 1 2 3 4 A 5 7 10 B C 13 
Structure 946: 1 2 7 3 24 20 19 6 18 21 27
	-> 1 2 3 6 7 
Structure 947: 1 A 2 48 7 3 B 6 10 5 4
	-> 1 2 3 4 A 5 6 7 10 B 
Structure 948: 1 2 7 3 23 76 17 6 10 43 5 4
	-> 1 2 3 4 5 6 7 10 
Structure 949: 1 A 2 38 41 35 24 20 49 6 18 21 39
	-> 1 2 A 6 
Structure 950: 1 A 2 53 12 3 31 B 13 C 10 5 28 4
	-> 1 2 3 4 A 5 10 B C 12 13 
Structure 951: 1 A 2 12 3 B 6 37 10 5 4
	-> 1 2 3 4 A 5 6 10 B 12 
Structure 952: 1 A 2 38 102 3 B 6 40 5 28 4
	-> 1 2 3 4 A 5 6 B 
Structure 953: 1 A 2 7 3 B 6 10 5 4
	-> 1 2 3 4 A 5 6 7 10 B 
Structure 954: 1 A 2 134 7 3 B 13 C 10 5 4
	-> 1 2 3 4 A 5 7 10 B C 13 
Structure 955: 1 A 32 14 2 38 102 7 3 B 6 37 10 5 4
	-> 1 2 3 4 A 5 6 7 10 B 14 
Structure 956: 1 A 14 2 7 3 24 20 17 6 18 21 39
	-> 1 2 3 A 6 7 14 
Structure 957: 1 A 2 7 3 24 20 17 6 18 52 114
	-> 1 2 3 A 6 7 
Structure 958: 1 A 2 7 3 23 26 17 6 10 5 4
	-> 1 2 3 4 A 5 6 7 10 
Structure 959: 1 A 14 2 48 7 3 B 6 10 5 4
	-> 1 2 3 4 A 5 6 7 10 B 14 
Structure 960: 1 A 2 7 3 B C 10 5 4
	-> 1 2 3 4 A 5 7 10 B C 
Structure 961: 1 32 2 7 3 23 26 19 6 10 5 4
	-> 1 2 3 4 5 6 7 10 
Structure 962: 1 A 2 12 3 17 6 36 10 5 4
	-> 1 2 3 4 A 5 6 10 12 
Structure 963: 1 A 2 12 3 B 6 10 5 4
	-> 1 2 3 4 A 5 6 10 B 12 
Structure 964: 1 A 2 7 3 30 9 17 6 25 4
	-> 1 2 3 4 A 6 7 
Structure 965: 1 A 14 2 48 7 3 B 13 C 37 10 5 4
	-> 1 2 3 4 A 5 7 10 B C 13 14 
Structure 966: 1 A 2 47 7 34 3 B 6 25 4
	-> 1 2 3 4 A 6 7 B 
Structure 967: 1 A 2 7 3 9 19 6 82 10 5 4
	-> 1 2 3 4 A 5 6 7 10 
Structure 968: 1 14 2 12 35 60 19 6 108 10 5 4
	-> 1 2 4 5 6 10 12 14 
Structure 969: 1 A 2 7 3 B 6 10 5 4
	-> 1 2 3 4 A 5 6 7 10 B 
Structure 970: 1 A 2 7 3 B 13 C 10 5 4
	-> 1 2 3 4 A 5 7 10 B C 13 
Structure 971: 1 2 7 3 30 B 6 5 4
	-> 1 2 3 4 5 6 7 B 
Structure 972: 1 A 14 2 48 3 B C 10 5 4
	-> 1 2 3 4 A 5 10 B C 14 
Structure 973: 1 14 2 7 3 31 20 19 6 18 21 27
	-> 1 2 3 6 7 14 
Structure 974: 1 A 2 7 3 30 B 6 5 4
	-> 1 2 3 4 A 5 6 7 B 
Structure 975: 1 A 2 7 3 19 6 36 10 5 4
	-> 1 2 3 4 A 5 6 7 10 
Structure 976: 1 A 29 2 7 3 B 6 37 10 5 4
	-> 1 2 3 4 A 5 6 7 10 B 
Structure 977: 1 A 32 2 41 3 B C 10 5 4
	-> 1 2 3 4 A 5 10 B C 
Structure 978: 1 A 2 12 3 B C 10 5 4
	-> 1 2 3 4 A 5 10 B C 12 
Structure 979: 1 A 2 7 3 B 6 10 5 4
	-> 1 2 3 4 A 5 6 7 10 B 
Structure 980: 1 A 14 2 7 3 B 13 C 10 5 4
	-> 1 2 3 4 A 5 7 10 B C 13 14 
Structure 981: 1 A 2 12 3 46 44 8 6 18 52 27
	-> 1 2 3 A 6 12 
Structure 982: 1 A 29 2 104 7 3 B 6 10 5 4
	-> 1 2 3 4 A 5 6 7 10 B 
Structure 983: 1 A 14 2 41 3 B 6 10 5 4
	-> 1 2 3 4 A 5 6 10 B 14 
Structure 984: 1 A 2 12 3 30 B 6 25 4
	-> 1 2 3 4 A 6 B 12 
Structure 985: 1 A 29 2 7 3 B 6 10 5 4
	-> 1 2 3 4 A 5 6 7 10 B 
Structure 986: 1 A 2 7 3 66 97 20 19 6 18 21 27
	-> 1 2 3 A 6 7 
Structure 987: 1 A 2 12 3 23 26 49 6 10 5 4
	-> 1 2 3 4 A 5 6 10 12 
Structure 988: 1 A 2 12 3 B 6 10 5 4
	-> 1 2 3 4 A 5 6 10 B 12 
Structure 989: 1 A 2 7 3 B C 10 5 4
	-> 1 2 3 4 A 5 7 10 B C 
Structure 990: 1 A 2 7 3 63 33 233 56 69 77 50
	-> 1 2 3 A 7 
Structure 991: 1 A 2 7 64 63 33 62 234 36 10 5 4
	-> 1 2 4 A 5 7 10 
Structure 992: 1 A 2 48 7 3 30 B 6 25 4
	-> 1 2 3 4 A 6 7 B 
Structure 993: 1 A 14 2 12 3 31 74 20 17 6 18 21
	-> 1 2 3 A 6 12 14 
Structure 994: 1 2 7 3 132 B 6 10 5 4
	-> 1 2 3 4 5 6 7 10 B 
Structure 995: 1 A 14 2 7 3 24 20 19 6 18 21 39
	-> 1 2 3 A 6 7 14 
Structure 996: 1 A 2 41 3 B 6 25 4
	-> 1 2 3 4 A 6 B 
Structure 997: 1 29 2 7 3 B C 25 4
	-> 1 2 3 4 7 B C 
Structure 998: 1 14 2 7 3 130 B 6 10 5 4
	-> 1 2 3 4 5 6 7 10 B 14 
Structure 999: 1 A 2 7 3 23 26 17 6 10 5 4
	-> 1 2 3 4 A 5 6 7 10 
Structure 1000: 1 A 2 7 3 19 6 50 54 25 109 235
	-> 1 2 3 A 6 7 
