Processing: /home/hwilco/Documents/RNA Research/RNAStructProfiling-master/output/training/ykoK/Mycobacterium_kansas.1_sfold/input/Mycobacterium_kansas.1_sfold.out
Structure 1: 8 6 11 A 7 5 C 3 D B 4
	-> A 3 4 5 6 7 8 B 11 C D 
Structure 2: 8 6 11 A E 7 5 C 3 D B 4
	-> A 3 4 5 6 7 8 B 11 C D E 
Structure 3: 8 6 11 A E 7 5 C 3 D B 4
	-> A 3 4 5 6 7 8 B 11 C D E 
Structure 4: 8 6 11 A 7 5 C 3 B 4
	-> A 3 4 5 6 7 8 B 11 C 
Structure 5: 8 6 11 A E 7 5 C 3 D B 4
	-> A 3 4 5 6 7 8 B 11 C D E 
Structure 6: 8 6 11 A E 7 5 C 3 B 4
	-> A 3 4 5 6 7 8 B 11 C E 
Structure 7: F 8 6 11 A 7 5 C 3 B 4
	-> A 3 4 5 6 7 8 B 11 C F 
Structure 8: 8 6 11 A 7 5 C 3 D B 4
	-> A 3 4 5 6 7 8 B 11 C D 
Structure 9: F 8 6 11 A 7 5 C 3 D B 4
	-> A 3 4 5 6 7 8 B 11 C D F 
Structure 10: 8 6 11 A E 7 5 C 3 D B 4
	-> A 3 4 5 6 7 8 B 11 C D E 
Structure 11: 8 6 11 A E 7 5 C 3 D B 4
	-> A 3 4 5 6 7 8 B 11 C D E 
Structure 12: F 8 6 19 A E 7 5 C 3 D B 4
	-> A 3 4 5 6 7 8 B C D E F 
Structure 13: F 8 6 11 A E 7 5 C 3 D B 4
	-> A 3 4 5 6 7 8 B 11 C D E F 
Structure 14: 8 6 11 A E 7 5 3 D B 4
	-> A 3 4 5 6 7 8 B 11 D E 
Structure 15: 8 6 11 A E 7 5 C 3 D B 4
	-> A 3 4 5 6 7 8 B 11 C D E 
Structure 16: 8 6 11 A 7 5 C 3 D B 4
	-> A 3 4 5 6 7 8 B 11 C D 
Structure 17: 8 6 11 A 7 5 C 3 D B 4
	-> A 3 4 5 6 7 8 B 11 C D 
Structure 18: 8 6 11 A E 7 5 C 3 D B 4
	-> A 3 4 5 6 7 8 B 11 C D E 
Structure 19: 8 6 11 A E 7 5 C 3 B 4
	-> A 3 4 5 6 7 8 B 11 C E 
Structure 20: 8 6 11 A E 7 5 C 3 D B 4
	-> A 3 4 5 6 7 8 B 11 C D E 
Structure 21: 8 6 11 A E 7 5 C 3 D B 4
	-> A 3 4 5 6 7 8 B 11 C D E 
Structure 22: 8 6 11 A 7 5 16 3 D B 4
	-> A 3 4 5 6 7 8 B 11 D 16 
Structure 23: F 8 6 11 A E 7 5 3 D B 4
	-> A 3 4 5 6 7 8 B 11 D E F 
Structure 24: 8 6 11 A 7 5 C 3 D B 4
	-> A 3 4 5 6 7 8 B 11 C D 
Structure 25: 8 6 11 A E 7 5 C 3 D B 4
	-> A 3 4 5 6 7 8 B 11 C D E 
Structure 26: 8 6 11 A E 7 5 C 3 D B 4
	-> A 3 4 5 6 7 8 B 11 C D E 
Structure 27: 8 6 11 A 7 5 C 3 B 4
	-> A 3 4 5 6 7 8 B 11 C 
Structure 28: 8 6 11 A 7 5 C 3 D B 4
	-> A 3 4 5 6 7 8 B 11 C D 
Structure 29: 8 6 11 A 22 7 5 16 3 D B 4
	-> A 3 4 5 6 7 8 B 11 D 16 
Structure 30: 8 6 11 A 7 5 3 B 4
	-> A 3 4 5 6 7 8 B 11 
Structure 31: 8 6 11 A 7 5 3 D B 4
	-> A 3 4 5 6 7 8 B 11 D 
Structure 32: 8 6 A E 7 5 C 3 D B 4
	-> A 3 4 5 6 7 8 B C D E 
Structure 33: 8 6 11 A E 7 5 C 3 D B 4
	-> A 3 4 5 6 7 8 B 11 C D E 
Structure 34: F 8 6 11 A E 7 5 16 3 D B 4
	-> A 3 4 5 6 7 8 B 11 D E F 16 
Structure 35: 8 6 11 A E 7 5 3 B 4
	-> A 3 4 5 6 7 8 B 11 E 
Structure 36: 8 6 11 A E 35 5 C 3 B 4
	-> A 3 4 5 6 8 B 11 C E 
Structure 37: 8 6 11 A 7 5 C 3 D B 4
	-> A 3 4 5 6 7 8 B 11 C D 
Structure 38: F 8 6 11 A 7 5 16 3 B 4
	-> A 3 4 5 6 7 8 B 11 F 16 
Structure 39: 8 6 11 A 7 5 C 3 B 4
	-> A 3 4 5 6 7 8 B 11 C 
Structure 40: F 8 6 11 A E 7 5 C 3 B 4
	-> A 3 4 5 6 7 8 B 11 C E F 
Structure 41: 8 6 11 A 7 5 3 D B 4
	-> A 3 4 5 6 7 8 B 11 D 
Structure 42: 8 6 11 A E 7 5 C 3 D B 4
	-> A 3 4 5 6 7 8 B 11 C D E 
Structure 43: 8 6 11 A 7 5 C 3 D B 4
	-> A 3 4 5 6 7 8 B 11 C D 
Structure 44: F 8 6 11 A E 7 5 C 3 D B 4
	-> A 3 4 5 6 7 8 B 11 C D E F 
Structure 45: 8 6 11 A E 7 5 3 D B 4
	-> A 3 4 5 6 7 8 B 11 D E 
Structure 46: 8 6 11 A E 7 5 C 3 D B 4
	-> A 3 4 5 6 7 8 B 11 C D E 
Structure 47: F 8 6 11 A E 7 5 3 D B 4
	-> A 3 4 5 6 7 8 B 11 D E F 
Structure 48: 8 6 11 A E 7 5 C 3 D B 4
	-> A 3 4 5 6 7 8 B 11 C D E 
Structure 49: F 8 6 11 A E 7 5 3 D B 4
	-> A 3 4 5 6 7 8 B 11 D E F 
Structure 50: F 8 6 11 A 7 5 C 3 D B 4
	-> A 3 4 5 6 7 8 B 11 C D F 
Structure 51: F 8 6 11 A E 7 5 C 3 D B 4
	-> A 3 4 5 6 7 8 B 11 C D E F 
Structure 52: 8 6 11 A E 7 5 C 3 D B 4
	-> A 3 4 5 6 7 8 B 11 C D E 
Structure 53: 8 6 11 A E 7 5 C 3 D B 4
	-> A 3 4 5 6 7 8 B 11 C D E 
Structure 54: 8 6 11 A E 7 5 C 3 D B 4
	-> A 3 4 5 6 7 8 B 11 C D E 
Structure 55: 8 6 11 A E 7 5 3 B 4
	-> A 3 4 5 6 7 8 B 11 E 
Structure 56: F 8 6 11 A E 7 5 C 3 B 4
	-> A 3 4 5 6 7 8 B 11 C E F 
Structure 57: 8 6 11 A E 7 5 3 D B 4
	-> A 3 4 5 6 7 8 B 11 D E 
Structure 58: F 8 6 11 A E 7 5 C 3 D B 4
	-> A 3 4 5 6 7 8 B 11 C D E F 
Structure 59: 8 A 7 5 16 3 D B 4 36
	-> A 3 4 5 7 8 B D 16 
Structure 60: F 8 6 11 A E 7 5 C 3 D B 4
	-> A 3 4 5 6 7 8 B 11 C D E F 
Structure 61: 8 6 A E 7 5 C 3 D B 4
	-> A 3 4 5 6 7 8 B C D E 
Structure 62: 8 6 11 A E 7 5 C 3 D B 4
	-> A 3 4 5 6 7 8 B 11 C D E 
Structure 63: F 8 6 11 A E 7 5 C 3 D B 4
	-> A 3 4 5 6 7 8 B 11 C D E F 
Structure 64: F 8 6 11 A 7 5 C 3 D B 4
	-> A 3 4 5 6 7 8 B 11 C D F 
Structure 65: F 8 6 11 A E 7 5 C 3 D B 4
	-> A 3 4 5 6 7 8 B 11 C D E F 
Structure 66: 8 6 11 A E 7 5 C 3 D B 4
	-> A 3 4 5 6 7 8 B 11 C D E 
Structure 67: 8 6 11 A E 7 5 C 3 D B 4
	-> A 3 4 5 6 7 8 B 11 C D E 
Structure 68: F 8 6 A E 7 5 3 D B 4
	-> A 3 4 5 6 7 8 B D E F 
Structure 69: F 8 6 11 A 7 5 C 3 D B 4
	-> A 3 4 5 6 7 8 B 11 C D F 
Structure 70: 8 6 11 A E 7 5 C 3 D B 4
	-> A 3 4 5 6 7 8 B 11 C D E 
Structure 71: F 8 6 11 A E 7 5 C 3 D B 4
	-> A 3 4 5 6 7 8 B 11 C D E F 
Structure 72: F 8 6 11 A 7 5 3 D B 4
	-> A 3 4 5 6 7 8 B 11 D F 
Structure 73: 8 6 11 A 7 5 16 3 B 4
	-> A 3 4 5 6 7 8 B 11 16 
Structure 74: F 8 6 11 A 7 5 3 D B 4
	-> A 3 4 5 6 7 8 B 11 D F 
Structure 75: 8 6 11 A 7 5 C 3 B 4
	-> A 3 4 5 6 7 8 B 11 C 
Structure 76: 8 6 11 A E 7 5 C 3 D B 4
	-> A 3 4 5 6 7 8 B 11 C D E 
Structure 77: F 8 6 11 A 7 5 C 3 D B 4
	-> A 3 4 5 6 7 8 B 11 C D F 
Structure 78: 8 6 11 A E 7 5 C 3 D B 4
	-> A 3 4 5 6 7 8 B 11 C D E 
Structure 79: F 8 6 11 A 7 5 C 3 B 4
	-> A 3 4 5 6 7 8 B 11 C F 
Structure 80: 8 6 11 A 7 5 C 3 D B 4
	-> A 3 4 5 6 7 8 B 11 C D 
Structure 81: 8 6 11 A 7 5 C 3 D B 4
	-> A 3 4 5 6 7 8 B 11 C D 
Structure 82: 8 6 11 A E 7 5 C 3 D B 4
	-> A 3 4 5 6 7 8 B 11 C D E 
Structure 83: F 8 6 11 A E 7 5 C 3 D B 4
	-> A 3 4 5 6 7 8 B 11 C D E F 
Structure 84: 8 6 11 A 7 5 C 3 D B 4
	-> A 3 4 5 6 7 8 B 11 C D 
Structure 85: 8 6 11 A 7 5 16 3 D B 4
	-> A 3 4 5 6 7 8 B 11 D 16 
Structure 86: F 8 6 11 A E 7 5 C 3 B 4
	-> A 3 4 5 6 7 8 B 11 C E F 
Structure 87: 8 6 11 A E 7 5 C 3 D B 4
	-> A 3 4 5 6 7 8 B 11 C D E 
Structure 88: 8 6 11 A E 7 5 3 D B 4
	-> A 3 4 5 6 7 8 B 11 D E 
Structure 89: F 8 6 11 A E 7 5 C 3 B 4
	-> A 3 4 5 6 7 8 B 11 C E F 
Structure 90: 8 6 11 A 7 5 3 D B 4
	-> A 3 4 5 6 7 8 B 11 D 
Structure 91: F 8 6 11 A E 7 5 C 3 B 4
	-> A 3 4 5 6 7 8 B 11 C E F 
Structure 92: F 8 6 11 A E 7 5 16 3 B 4
	-> A 3 4 5 6 7 8 B 11 E F 16 
Structure 93: 8 6 11 A 7 5 3 B 4
	-> A 3 4 5 6 7 8 B 11 
Structure 94: F 8 6 11 A E 7 5 C 3 D B 4
	-> A 3 4 5 6 7 8 B 11 C D E F 
Structure 95: 26 27 6 11 A E 7 5 C 3 D B 4
	-> A 3 4 5 6 7 B 11 C D E 
Structure 96: 8 6 11 A 7 5 3 D B 4
	-> A 3 4 5 6 7 8 B 11 D 
Structure 97: F 8 6 11 A 7 5 3 D B 4
	-> A 3 4 5 6 7 8 B 11 D F 
Structure 98: F 8 6 11 A E 7 5 C 3 D B 4
	-> A 3 4 5 6 7 8 B 11 C D E F 
Structure 99: 8 6 A 7 5 C 3 D B 4
	-> A 3 4 5 6 7 8 B C D 
Structure 100: F 8 6 11 A 7 5 C 3 B 4
	-> A 3 4 5 6 7 8 B 11 C F 
Structure 101: F 8 6 11 A 7 5 16 3 D B 4
	-> A 3 4 5 6 7 8 B 11 D F 16 
Structure 102: 8 6 11 A E 7 5 C 3 D B 4
	-> A 3 4 5 6 7 8 B 11 C D E 
Structure 103: F 8 6 11 A E 22 7 5 C 3 D B 4
	-> A 3 4 5 6 7 8 B 11 C D E F 
Structure 104: 8 6 11 A E 7 5 C 3 D B 4
	-> A 3 4 5 6 7 8 B 11 C D E 
Structure 105: 8 6 11 A E 7 5 C 3 D B 4
	-> A 3 4 5 6 7 8 B 11 C D E 
Structure 106: F 8 6 11 A 7 5 C 3 D B 4
	-> A 3 4 5 6 7 8 B 11 C D F 
Structure 107: 8 6 11 A E 7 5 C 3 B 4
	-> A 3 4 5 6 7 8 B 11 C E 
Structure 108: 8 6 11 A E 7 5 16 3 D B 4
	-> A 3 4 5 6 7 8 B 11 D E 16 
Structure 109: 8 6 11 A 7 5 3 D B 4
	-> A 3 4 5 6 7 8 B 11 D 
Structure 110: F 8 6 11 A 7 5 C 3 D B 4
	-> A 3 4 5 6 7 8 B 11 C D F 
Structure 111: 8 6 11 A 7 5 C 3 D B 4
	-> A 3 4 5 6 7 8 B 11 C D 
Structure 112: 8 6 11 A 7 5 C 3 D B 4
	-> A 3 4 5 6 7 8 B 11 C D 
Structure 113: F 8 6 11 A 7 5 16 3 D B 4
	-> A 3 4 5 6 7 8 B 11 D F 16 
Structure 114: F 8 6 11 19 A E 7 5 C 3 B 4
	-> A 3 4 5 6 7 8 B 11 C E F 
Structure 115: F 8 6 11 A E 7 5 C 3 B 4
	-> A 3 4 5 6 7 8 B 11 C E F 
Structure 116: 8 6 11 A 7 5 3 D B 4
	-> A 3 4 5 6 7 8 B 11 D 
Structure 117: 8 6 11 A E 7 5 C 3 B 4
	-> A 3 4 5 6 7 8 B 11 C E 
Structure 118: 8 6 11 A 7 5 3 D B 4
	-> A 3 4 5 6 7 8 B 11 D 
Structure 119: 8 6 11 A 7 5 3 D B 4
	-> A 3 4 5 6 7 8 B 11 D 
Structure 120: 8 6 11 A E 7 5 C 3 D B 4
	-> A 3 4 5 6 7 8 B 11 C D E 
Structure 121: 8 6 11 A E 7 5 C 3 D B 4
	-> A 3 4 5 6 7 8 B 11 C D E 
Structure 122: 8 6 11 A E 7 5 C 3 D B 4
	-> A 3 4 5 6 7 8 B 11 C D E 
Structure 123: F 8 6 11 A E 7 5 C 3 B 4
	-> A 3 4 5 6 7 8 B 11 C E F 
Structure 124: F 8 6 11 A E 7 5 C 3 D B 4
	-> A 3 4 5 6 7 8 B 11 C D E F 
Structure 125: 8 6 11 A E 7 5 C 3 D B 4
	-> A 3 4 5 6 7 8 B 11 C D E 
Structure 126: 8 6 11 A E 7 5 C 3 D B 4
	-> A 3 4 5 6 7 8 B 11 C D E 
Structure 127: 8 6 11 A 7 5 3 D B 4
	-> A 3 4 5 6 7 8 B 11 D 
Structure 128: F 8 6 11 A 7 5 3 D B 4
	-> A 3 4 5 6 7 8 B 11 D F 
Structure 129: 8 6 11 A 7 5 C 3 D B 4
	-> A 3 4 5 6 7 8 B 11 C D 
Structure 130: 8 6 11 A 7 5 3 D B 4
	-> A 3 4 5 6 7 8 B 11 D 
Structure 131: 8 6 11 A 7 5 C 3 D B 4
	-> A 3 4 5 6 7 8 B 11 C D 
Structure 132: 8 6 11 A 7 5 C 3 D B 4
	-> A 3 4 5 6 7 8 B 11 C D 
Structure 133: 8 6 11 A E 7 5 C 3 D B 4
	-> A 3 4 5 6 7 8 B 11 C D E 
Structure 134: F 8 6 11 A E 7 5 C 3 B 4
	-> A 3 4 5 6 7 8 B 11 C E F 
Structure 135: 8 6 11 A E 7 5 C 3 D B 4
	-> A 3 4 5 6 7 8 B 11 C D E 
Structure 136: 8 6 11 A 7 5 3 D B 4
	-> A 3 4 5 6 7 8 B 11 D 
Structure 137: 8 6 11 A 7 5 16 3 D B 4
	-> A 3 4 5 6 7 8 B 11 D 16 
Structure 138: F 8 6 11 A 7 5 C 3 D B 4
	-> A 3 4 5 6 7 8 B 11 C D F 
Structure 139: F 8 6 11 A E 7 5 C 3 D B 4
	-> A 3 4 5 6 7 8 B 11 C D E F 
Structure 140: F 8 6 11 A 7 5 3 D B 4
	-> A 3 4 5 6 7 8 B 11 D F 
Structure 141: 8 6 11 A 7 5 16 3 D B 4
	-> A 3 4 5 6 7 8 B 11 D 16 
Structure 142: 8 6 11 A 7 5 C 3 D B 4
	-> A 3 4 5 6 7 8 B 11 C D 
Structure 143: F 8 6 11 A E 7 5 C 3 B 4
	-> A 3 4 5 6 7 8 B 11 C E F 
Structure 144: F 8 6 11 A 7 5 C 3 D B 4
	-> A 3 4 5 6 7 8 B 11 C D F 
Structure 145: 8 6 11 A 7 5 C 3 B 4
	-> A 3 4 5 6 7 8 B 11 C 
Structure 146: 8 6 11 A E 7 5 C 3 B 4
	-> A 3 4 5 6 7 8 B 11 C E 
Structure 147: 8 6 11 A E 7 5 C 3 B 4
	-> A 3 4 5 6 7 8 B 11 C E 
Structure 148: F 8 6 11 A E 7 5 C 3 D B 4
	-> A 3 4 5 6 7 8 B 11 C D E F 
Structure 149: 8 6 11 A 7 5 16 3 B 4
	-> A 3 4 5 6 7 8 B 11 16 
Structure 150: 8 6 11 A E 7 5 C 3 D B 4
	-> A 3 4 5 6 7 8 B 11 C D E 
Structure 151: 8 6 11 A E 7 5 C 3 B 4
	-> A 3 4 5 6 7 8 B 11 C E 
Structure 152: 8 6 11 19 A E 7 5 C 3 D B 4
	-> A 3 4 5 6 7 8 B 11 C D E 
Structure 153: 8 6 11 A E 7 5 C 3 D B 4
	-> A 3 4 5 6 7 8 B 11 C D E 
Structure 154: 8 6 11 A E 7 5 3 D B 4
	-> A 3 4 5 6 7 8 B 11 D E 
Structure 155: 8 6 11 A E 7 5 C 3 B 4
	-> A 3 4 5 6 7 8 B 11 C E 
Structure 156: 8 6 11 A E 7 5 C 3 D B 4
	-> A 3 4 5 6 7 8 B 11 C D E 
Structure 157: 8 6 11 A E 7 5 C 3 D B 4
	-> A 3 4 5 6 7 8 B 11 C D E 
Structure 158: 8 6 11 A E 7 5 C 3 D B 4
	-> A 3 4 5 6 7 8 B 11 C D E 
Structure 159: 8 6 A 7 5 C 3 B 4
	-> A 3 4 5 6 7 8 B C 
Structure 160: F 8 6 11 A 7 5 C 3 D B 4
	-> A 3 4 5 6 7 8 B 11 C D F 
Structure 161: 8 6 11 A 7 5 C 3 B 4
	-> A 3 4 5 6 7 8 B 11 C 
Structure 162: 8 6 11 A 7 5 C 3 B 4
	-> A 3 4 5 6 7 8 B 11 C 
Structure 163: F 8 6 11 A E 7 5 3 D B 4
	-> A 3 4 5 6 7 8 B 11 D E F 
Structure 164: 8 6 11 A 7 5 3 D B 4
	-> A 3 4 5 6 7 8 B 11 D 
Structure 165: 8 6 11 A E 7 5 C 3 D B 4
	-> A 3 4 5 6 7 8 B 11 C D E 
Structure 166: F 8 6 11 A 7 5 3 D B 4
	-> A 3 4 5 6 7 8 B 11 D F 
Structure 167: 8 6 11 A 7 5 C 3 D B 4
	-> A 3 4 5 6 7 8 B 11 C D 
Structure 168: 8 6 11 A E 7 5 C 3 B 4
	-> A 3 4 5 6 7 8 B 11 C E 
Structure 169: F 8 6 11 A E 7 5 C 3 D B 4
	-> A 3 4 5 6 7 8 B 11 C D E F 
Structure 170: 8 6 11 A 7 5 3 B 4
	-> A 3 4 5 6 7 8 B 11 
Structure 171: F 8 6 11 A E 7 5 3 B 4
	-> A 3 4 5 6 7 8 B 11 E F 
Structure 172: F 8 6 11 A E 7 5 3 D B 4
	-> A 3 4 5 6 7 8 B 11 D E F 
Structure 173: 8 6 11 A E 7 5 C 3 B 4
	-> A 3 4 5 6 7 8 B 11 C E 
Structure 174: 8 6 11 A E 7 5 3 D B 4
	-> A 3 4 5 6 7 8 B 11 D E 
Structure 175: F 8 6 11 A E 7 5 C 3 D B 4
	-> A 3 4 5 6 7 8 B 11 C D E F 
Structure 176: 8 6 11 A E 7 5 C 3 D B 4
	-> A 3 4 5 6 7 8 B 11 C D E 
Structure 177: F 8 6 11 A 7 5 C 3 D B 4
	-> A 3 4 5 6 7 8 B 11 C D F 
Structure 178: 8 6 11 A E 7 5 C 3 D B 4
	-> A 3 4 5 6 7 8 B 11 C D E 
Structure 179: 8 6 11 A 7 5 C 3 D B 4
	-> A 3 4 5 6 7 8 B 11 C D 
Structure 180: F 8 6 11 A E 7 5 C 3 B 4
	-> A 3 4 5 6 7 8 B 11 C E F 
Structure 181: 8 6 11 A 7 5 C 3 D B 4
	-> A 3 4 5 6 7 8 B 11 C D 
Structure 182: F 8 6 11 A 7 5 C 3 D B 4
	-> A 3 4 5 6 7 8 B 11 C D F 
Structure 183: 8 6 11 A 7 5 C 3 D B 4
	-> A 3 4 5 6 7 8 B 11 C D 
Structure 184: F 8 6 11 A 7 5 C 3 B 4
	-> A 3 4 5 6 7 8 B 11 C F 
Structure 185: F 8 6 11 A 7 5 C 3 B 4
	-> A 3 4 5 6 7 8 B 11 C F 
Structure 186: 8 6 11 A 7 5 C 3 D B 4
	-> A 3 4 5 6 7 8 B 11 C D 
Structure 187: 8 6 11 A 7 5 C 3 D B 4
	-> A 3 4 5 6 7 8 B 11 C D 
Structure 188: F 8 6 11 A 7 5 C 3 D B 4
	-> A 3 4 5 6 7 8 B 11 C D F 
Structure 189: 8 20 6 11 A 7 5 16 3 D B 4
	-> A 3 4 5 6 7 8 B 11 D 16 
Structure 190: 8 6 11 A E 7 5 C 3 D B 4
	-> A 3 4 5 6 7 8 B 11 C D E 
Structure 191: F 8 6 11 A E 7 5 C 3 D B 4
	-> A 3 4 5 6 7 8 B 11 C D E F 
Structure 192: 8 6 11 A E 7 5 C 3 D B 4
	-> A 3 4 5 6 7 8 B 11 C D E 
Structure 193: 8 6 11 A E 7 5 C 3 D B 4
	-> A 3 4 5 6 7 8 B 11 C D E 
Structure 194: 8 6 A E 7 5 3 D B 4
	-> A 3 4 5 6 7 8 B D E 
Structure 195: F 8 6 11 A 7 5 C 3 D B 4
	-> A 3 4 5 6 7 8 B 11 C D F 
Structure 196: 8 6 11 A E 7 5 C 3 D B 4
	-> A 3 4 5 6 7 8 B 11 C D E 
Structure 197: 8 6 11 A E 7 5 C 3 D B 4
	-> A 3 4 5 6 7 8 B 11 C D E 
Structure 198: 8 6 11 A E 7 5 3 D B 4
	-> A 3 4 5 6 7 8 B 11 D E 
Structure 199: 8 6 11 A E 7 5 3 D B 4
	-> A 3 4 5 6 7 8 B 11 D E 
Structure 200: 8 6 11 A 7 5 C 3 D B 4
	-> A 3 4 5 6 7 8 B 11 C D 
Structure 201: 8 6 11 A 7 5 C 3 B 4
	-> A 3 4 5 6 7 8 B 11 C 
Structure 202: 8 6 11 A E 7 5 C 3 D B 4
	-> A 3 4 5 6 7 8 B 11 C D E 
Structure 203: 8 6 11 A E 7 5 C 3 D B 4
	-> A 3 4 5 6 7 8 B 11 C D E 
Structure 204: F 8 6 11 A E 7 5 3 D B 4
	-> A 3 4 5 6 7 8 B 11 D E F 
Structure 205: F 8 6 11 A E 7 5 C 3 D B 4
	-> A 3 4 5 6 7 8 B 11 C D E F 
Structure 206: 8 6 11 A E 7 5 C 3 D B 4
	-> A 3 4 5 6 7 8 B 11 C D E 
Structure 207: F 8 6 11 A E 7 5 C 3 D B 4
	-> A 3 4 5 6 7 8 B 11 C D E F 
Structure 208: 8 6 11 A 7 5 C 3 D B 4
	-> A 3 4 5 6 7 8 B 11 C D 
Structure 209: F 8 6 11 A 7 5 C 3 D B 4
	-> A 3 4 5 6 7 8 B 11 C D F 
Structure 210: F 8 6 11 A 7 5 C 3 D B 4
	-> A 3 4 5 6 7 8 B 11 C D F 
Structure 211: 8 6 11 A E 7 5 16 3 D B 4
	-> A 3 4 5 6 7 8 B 11 D E 16 
Structure 212: 8 6 11 A E 7 5 C 3 D B 4
	-> A 3 4 5 6 7 8 B 11 C D E 
Structure 213: F 8 6 11 A 7 5 C 3 B 4
	-> A 3 4 5 6 7 8 B 11 C F 
Structure 214: 8 6 11 A 7 5 C 3 D B 4
	-> A 3 4 5 6 7 8 B 11 C D 
Structure 215: F 8 6 11 A 7 5 16 3 B 4
	-> A 3 4 5 6 7 8 B 11 F 16 
Structure 216: 8 6 11 A 7 5 3 D B 4
	-> A 3 4 5 6 7 8 B 11 D 
Structure 217: 8 6 11 A E 7 5 3 D B 4
	-> A 3 4 5 6 7 8 B 11 D E 
Structure 218: 8 6 11 A E 7 5 C 3 D B 4
	-> A 3 4 5 6 7 8 B 11 C D E 
Structure 219: 8 6 11 A E 7 5 C 3 D B 4
	-> A 3 4 5 6 7 8 B 11 C D E 
Structure 220: F 8 6 11 A E 7 5 C 3 D B 4
	-> A 3 4 5 6 7 8 B 11 C D E F 
Structure 221: 8 6 11 A E 7 5 C 3 D B 4
	-> A 3 4 5 6 7 8 B 11 C D E 
Structure 222: 8 6 11 A 7 5 3 D B 4
	-> A 3 4 5 6 7 8 B 11 D 
Structure 223: 8 6 A E 7 5 C 3 D B 4
	-> A 3 4 5 6 7 8 B C D E 
Structure 224: 8 6 11 A E 7 5 C 3 D B 4
	-> A 3 4 5 6 7 8 B 11 C D E 
Structure 225: 8 6 11 A 7 5 C 3 D B 4
	-> A 3 4 5 6 7 8 B 11 C D 
Structure 226: 8 6 11 A 7 5 C 3 D B 4
	-> A 3 4 5 6 7 8 B 11 C D 
Structure 227: 8 6 11 A E 7 5 C 3 B 4
	-> A 3 4 5 6 7 8 B 11 C E 
Structure 228: 8 6 11 A E 7 5 C 3 D B 4
	-> A 3 4 5 6 7 8 B 11 C D E 
Structure 229: 8 6 11 A 7 5 16 3 D B 4
	-> A 3 4 5 6 7 8 B 11 D 16 
Structure 230: 8 6 11 A 7 5 C 3 D B 4
	-> A 3 4 5 6 7 8 B 11 C D 
Structure 231: F 8 6 11 A 7 5 C 3 D B 4
	-> A 3 4 5 6 7 8 B 11 C D F 
Structure 232: F 8 6 11 A E 7 5 C 3 D B 4
	-> A 3 4 5 6 7 8 B 11 C D E F 
Structure 233: 8 6 11 A E 7 5 C 3 D B 4
	-> A 3 4 5 6 7 8 B 11 C D E 
Structure 234: F 8 6 11 A 7 5 C 3 B 4
	-> A 3 4 5 6 7 8 B 11 C F 
Structure 235: 8 6 11 A 7 5 C 3 D B 4
	-> A 3 4 5 6 7 8 B 11 C D 
Structure 236: 8 6 11 A 7 5 C 3 B 4
	-> A 3 4 5 6 7 8 B 11 C 
Structure 237: 8 6 11 A 7 5 C 3 D B 4
	-> A 3 4 5 6 7 8 B 11 C D 
Structure 238: 8 6 11 A 7 5 C 3 D B 4
	-> A 3 4 5 6 7 8 B 11 C D 
Structure 239: 8 6 11 A E 7 5 3 D B 4
	-> A 3 4 5 6 7 8 B 11 D E 
Structure 240: 8 6 19 A 7 5 C 3 D B 4
	-> A 3 4 5 6 7 8 B C D 
Structure 241: 8 6 11 A 7 5 3 D B 4
	-> A 3 4 5 6 7 8 B 11 D 
Structure 242: F 8 6 11 A 7 5 C 3 D B 4
	-> A 3 4 5 6 7 8 B 11 C D F 
Structure 243: 8 6 11 A 7 5 C 3 D B 4
	-> A 3 4 5 6 7 8 B 11 C D 
Structure 244: F 8 6 11 A 7 5 C 3 D B 4
	-> A 3 4 5 6 7 8 B 11 C D F 
Structure 245: 8 6 11 A E 7 5 3 D B 4
	-> A 3 4 5 6 7 8 B 11 D E 
Structure 246: 8 6 11 A E 7 5 C 3 D B 4
	-> A 3 4 5 6 7 8 B 11 C D E 
Structure 247: F 8 6 11 A 7 5 C 3 B 4
	-> A 3 4 5 6 7 8 B 11 C F 
Structure 248: 8 6 11 A E 7 5 C 3 D B 4
	-> A 3 4 5 6 7 8 B 11 C D E 
Structure 249: F 8 6 11 A 7 5 C 3 D B 4
	-> A 3 4 5 6 7 8 B 11 C D F 
Structure 250: F 8 6 11 A 7 5 C 3 D B 4
	-> A 3 4 5 6 7 8 B 11 C D F 
Structure 251: F 8 6 11 A E 7 5 C 3 B 4
	-> A 3 4 5 6 7 8 B 11 C E F 
Structure 252: 8 6 11 A E 7 5 C 3 D B 4
	-> A 3 4 5 6 7 8 B 11 C D E 
Structure 253: 8 6 11 A 7 5 C 3 D B 4
	-> A 3 4 5 6 7 8 B 11 C D 
Structure 254: 8 6 11 A E 7 5 C 3 D B 4
	-> A 3 4 5 6 7 8 B 11 C D E 
Structure 255: F 8 6 11 A 7 5 C 3 D B 4
	-> A 3 4 5 6 7 8 B 11 C D F 
Structure 256: 8 6 11 A E 7 5 C 3 D B 4
	-> A 3 4 5 6 7 8 B 11 C D E 
Structure 257: 8 6 11 A E 7 5 3 D B 4
	-> A 3 4 5 6 7 8 B 11 D E 
Structure 258: 8 6 11 A E 7 5 C 3 B 4
	-> A 3 4 5 6 7 8 B 11 C E 
Structure 259: F 8 6 11 A E 7 5 3 D B 4
	-> A 3 4 5 6 7 8 B 11 D E F 
Structure 260: 8 6 11 A E 7 5 C 3 D B 4
	-> A 3 4 5 6 7 8 B 11 C D E 
Structure 261: 8 6 11 A 7 5 C 3 D B 4
	-> A 3 4 5 6 7 8 B 11 C D 
Structure 262: F 8 6 11 A E 7 5 C 3 B 4
	-> A 3 4 5 6 7 8 B 11 C E F 
Structure 263: 8 6 11 A 7 5 C 3 D B 4
	-> A 3 4 5 6 7 8 B 11 C D 
Structure 264: 8 6 11 A E 7 5 C 3 D B 4
	-> A 3 4 5 6 7 8 B 11 C D E 
Structure 265: F 8 6 11 A 7 5 3 D B 4
	-> A 3 4 5 6 7 8 B 11 D F 
Structure 266: 8 6 11 A E 7 5 3 B 4
	-> A 3 4 5 6 7 8 B 11 E 
Structure 267: 8 6 11 A 7 5 C 3 D B 4
	-> A 3 4 5 6 7 8 B 11 C D 
Structure 268: F 8 6 11 A E 7 5 C 3 D B 4
	-> A 3 4 5 6 7 8 B 11 C D E F 
Structure 269: 8 6 11 A E 7 5 16 3 D B 4
	-> A 3 4 5 6 7 8 B 11 D E 16 
Structure 270: 8 6 11 A E 7 5 C 3 D B 4
	-> A 3 4 5 6 7 8 B 11 C D E 
Structure 271: 8 6 11 A 7 5 C 3 D B 4
	-> A 3 4 5 6 7 8 B 11 C D 
Structure 272: F 8 6 11 A E 7 5 C 3 B 4
	-> A 3 4 5 6 7 8 B 11 C E F 
Structure 273: 8 6 11 A E 7 5 C 3 D B 4
	-> A 3 4 5 6 7 8 B 11 C D E 
Structure 274: 8 6 11 A E 7 5 3 D B 4
	-> A 3 4 5 6 7 8 B 11 D E 
Structure 275: 8 6 11 A E 7 5 3 D B 4
	-> A 3 4 5 6 7 8 B 11 D E 
Structure 276: F 8 6 11 A 7 5 C 3 D B 4
	-> A 3 4 5 6 7 8 B 11 C D F 
Structure 277: F 8 6 11 A 7 5 C 3 D B 4
	-> A 3 4 5 6 7 8 B 11 C D F 
Structure 278: 8 6 11 A E 7 5 16 3 D B 4
	-> A 3 4 5 6 7 8 B 11 D E 16 
Structure 279: F 8 6 11 A E 7 5 C 3 D B 4
	-> A 3 4 5 6 7 8 B 11 C D E F 
Structure 280: 8 6 11 A E 7 5 C 3 B 4
	-> A 3 4 5 6 7 8 B 11 C E 
Structure 281: 8 6 A 7 5 C 3 D B 4
	-> A 3 4 5 6 7 8 B C D 
Structure 282: 8 6 11 A E 7 5 C 3 D B 4
	-> A 3 4 5 6 7 8 B 11 C D E 
Structure 283: F 8 6 11 A E 7 5 C 3 D B 4
	-> A 3 4 5 6 7 8 B 11 C D E F 
Structure 284: 8 6 11 A 7 5 C 3 D B 4
	-> A 3 4 5 6 7 8 B 11 C D 
Structure 285: 8 6 11 A E 7 5 3 D B 4
	-> A 3 4 5 6 7 8 B 11 D E 
Structure 286: 8 6 11 A E 7 5 C 3 D B 4
	-> A 3 4 5 6 7 8 B 11 C D E 
Structure 287: 8 6 11 A E 7 5 C 3 D B 4
	-> A 3 4 5 6 7 8 B 11 C D E 
Structure 288: F 8 6 11 A E 7 5 C 3 B 4
	-> A 3 4 5 6 7 8 B 11 C E F 
Structure 289: 8 6 11 A E 7 5 C 3 D B 4
	-> A 3 4 5 6 7 8 B 11 C D E 
Structure 290: F 8 6 11 A E 7 5 C 3 D B 4
	-> A 3 4 5 6 7 8 B 11 C D E F 
Structure 291: 8 6 11 A 22 7 5 C 3 D B 4
	-> A 3 4 5 6 7 8 B 11 C D 
Structure 292: F 8 6 11 A E 7 5 16 3 D B 4
	-> A 3 4 5 6 7 8 B 11 D E F 16 
Structure 293: 8 6 11 A E 7 5 C 3 D B 4
	-> A 3 4 5 6 7 8 B 11 C D E 
Structure 294: 8 6 11 A E 7 5 C 3 D B 4
	-> A 3 4 5 6 7 8 B 11 C D E 
Structure 295: 8 6 11 A 7 5 C 3 D B 4
	-> A 3 4 5 6 7 8 B 11 C D 
Structure 296: 8 6 11 A E 7 5 C 3 D B 4
	-> A 3 4 5 6 7 8 B 11 C D E 
Structure 297: 8 6 11 A 7 5 C 3 D B 4
	-> A 3 4 5 6 7 8 B 11 C D 
Structure 298: F 8 6 11 A E 7 5 31 3 D B 4
	-> A 3 4 5 6 7 8 B 11 D E F 
Structure 299: F 8 6 11 A 7 5 16 3 D B 4
	-> A 3 4 5 6 7 8 B 11 D F 16 
Structure 300: 8 6 11 A 7 5 C 3 D B 4
	-> A 3 4 5 6 7 8 B 11 C D 
Structure 301: 8 6 28 A 7 5 C 3 B 4
	-> A 3 4 5 6 7 8 B C 
Structure 302: F 8 6 11 A E 7 5 C 3 D B 4
	-> A 3 4 5 6 7 8 B 11 C D E F 
Structure 303: 8 6 11 A 7 5 C 3 D B 4
	-> A 3 4 5 6 7 8 B 11 C D 
Structure 304: 8 6 11 A 7 5 C 3 D B 4
	-> A 3 4 5 6 7 8 B 11 C D 
Structure 305: 8 6 11 A E 7 5 C 3 B 4
	-> A 3 4 5 6 7 8 B 11 C E 
Structure 306: 8 6 11 A 7 5 C 3 D B 4
	-> A 3 4 5 6 7 8 B 11 C D 
Structure 307: 8 6 11 A 7 5 C 3 B 4
	-> A 3 4 5 6 7 8 B 11 C 
Structure 308: 8 6 11 A 7 5 C 3 D B 4
	-> A 3 4 5 6 7 8 B 11 C D 
Structure 309: F 8 6 11 A 7 5 3 B 4
	-> A 3 4 5 6 7 8 B 11 F 
Structure 310: 8 6 11 A 7 5 C 3 D B 4
	-> A 3 4 5 6 7 8 B 11 C D 
Structure 311: 8 6 11 A E 7 5 C 3 D B 4
	-> A 3 4 5 6 7 8 B 11 C D E 
Structure 312: 8 6 11 A E 7 5 C 3 D B 4
	-> A 3 4 5 6 7 8 B 11 C D E 
Structure 313: 8 6 11 A E 7 5 C 3 B 4
	-> A 3 4 5 6 7 8 B 11 C E 
Structure 314: 8 6 11 A E 7 5 C 3 D B 4
	-> A 3 4 5 6 7 8 B 11 C D E 
Structure 315: F 8 6 11 A E 7 5 C 3 D B 4
	-> A 3 4 5 6 7 8 B 11 C D E F 
Structure 316: F 8 6 11 A 7 5 3 D B 4
	-> A 3 4 5 6 7 8 B 11 D F 
Structure 317: 8 6 11 A 7 5 C 3 D B 4
	-> A 3 4 5 6 7 8 B 11 C D 
Structure 318: 8 6 11 A E 7 5 C 3 B 4
	-> A 3 4 5 6 7 8 B 11 C E 
Structure 319: 8 6 11 A E 7 5 C 3 D B 4
	-> A 3 4 5 6 7 8 B 11 C D E 
Structure 320: F 8 6 A E 7 5 C 3 B 4
	-> A 3 4 5 6 7 8 B C E F 
Structure 321: 8 6 11 A E 7 5 C 3 D B 4
	-> A 3 4 5 6 7 8 B 11 C D E 
Structure 322: 8 6 11 A 7 5 C 3 D B 4
	-> A 3 4 5 6 7 8 B 11 C D 
Structure 323: F 8 6 11 A E 7 5 C 3 D B 4
	-> A 3 4 5 6 7 8 B 11 C D E F 
Structure 324: 8 6 11 A E 7 5 C 3 B 4
	-> A 3 4 5 6 7 8 B 11 C E 
Structure 325: 8 6 A E 7 5 3 B 4
	-> A 3 4 5 6 7 8 B E 
Structure 326: 8 6 11 A 7 5 C 3 D B 4
	-> A 3 4 5 6 7 8 B 11 C D 
Structure 327: 8 6 11 19 A E 7 5 C 3 B 4
	-> A 3 4 5 6 7 8 B 11 C E 
Structure 328: F 8 20 6 11 A E 7 5 C 3 D B 4
	-> A 3 4 5 6 7 8 B 11 C D E F 
Structure 329: 8 6 11 A 7 5 C 3 D B 4
	-> A 3 4 5 6 7 8 B 11 C D 
Structure 330: 8 6 11 A E 7 5 16 3 D B 4
	-> A 3 4 5 6 7 8 B 11 D E 16 
Structure 331: 8 6 11 A 7 5 C 3 B 4
	-> A 3 4 5 6 7 8 B 11 C 
Structure 332: 8 6 11 A E 7 5 C 3 B 4
	-> A 3 4 5 6 7 8 B 11 C E 
Structure 333: 8 6 11 A E 7 5 C 3 D B 4
	-> A 3 4 5 6 7 8 B 11 C D E 
Structure 334: 8 6 11 A E 7 5 16 3 D B 4
	-> A 3 4 5 6 7 8 B 11 D E 16 
Structure 335: F 8 6 11 A E 7 5 C 3 D B 4
	-> A 3 4 5 6 7 8 B 11 C D E F 
Structure 336: F 8 37 6 11 A E 7 5 C 3 D B 4
	-> A 3 4 5 6 7 8 B 11 C D E F 
Structure 337: F 8 6 11 A E 7 5 C 3 B 4
	-> A 3 4 5 6 7 8 B 11 C E F 
Structure 338: 32 8 6 11 A 7 5 C 3 D B 4
	-> A 3 4 5 6 7 8 B 11 C D 
Structure 339: 8 6 11 A E 7 5 3 B 4
	-> A 3 4 5 6 7 8 B 11 E 
Structure 340: 8 6 11 A E 7 5 3 B 4
	-> A 3 4 5 6 7 8 B 11 E 
Structure 341: 8 6 11 A E 7 5 16 3 D B 4
	-> A 3 4 5 6 7 8 B 11 D E 16 
Structure 342: 8 6 11 A E 7 5 3 D B 4
	-> A 3 4 5 6 7 8 B 11 D E 
Structure 343: 8 6 11 A 7 5 C 3 D B 4
	-> A 3 4 5 6 7 8 B 11 C D 
Structure 344: 8 6 11 A 7 5 C 3 D B 4
	-> A 3 4 5 6 7 8 B 11 C D 
Structure 345: 8 6 11 A E 7 5 16 3 D B 4
	-> A 3 4 5 6 7 8 B 11 D E 16 
Structure 346: 8 6 11 A E 7 5 C 3 D B 4
	-> A 3 4 5 6 7 8 B 11 C D E 
Structure 347: F 8 6 11 A E 7 5 C 3 B 4
	-> A 3 4 5 6 7 8 B 11 C E F 
Structure 348: 8 6 11 A E 7 5 C 3 D B 4
	-> A 3 4 5 6 7 8 B 11 C D E 
Structure 349: F 8 6 11 A 7 5 C 3 D B 4
	-> A 3 4 5 6 7 8 B 11 C D F 
Structure 350: 8 6 11 A E 7 5 C 3 B 4
	-> A 3 4 5 6 7 8 B 11 C E 
Structure 351: 8 6 11 A 7 5 16 3 B 4
	-> A 3 4 5 6 7 8 B 11 16 
Structure 352: 8 6 11 A E 7 5 C 3 D B 4
	-> A 3 4 5 6 7 8 B 11 C D E 
Structure 353: 8 6 11 A 7 5 C 3 D B 4
	-> A 3 4 5 6 7 8 B 11 C D 
Structure 354: 8 6 11 A 7 5 C 3 D B 4
	-> A 3 4 5 6 7 8 B 11 C D 
Structure 355: 8 6 11 A E 7 5 3 D B 4
	-> A 3 4 5 6 7 8 B 11 D E 
Structure 356: 8 6 11 A 7 5 C 3 D B 4
	-> A 3 4 5 6 7 8 B 11 C D 
Structure 357: F 8 6 11 A 7 5 3 D B 4
	-> A 3 4 5 6 7 8 B 11 D F 
Structure 358: F 8 6 11 A E 7 5 C 3 D B 4
	-> A 3 4 5 6 7 8 B 11 C D E F 
Structure 359: 8 6 11 A E 7 5 C 3 B 4
	-> A 3 4 5 6 7 8 B 11 C E 
Structure 360: F 8 6 11 A 7 5 C 3 B 4
	-> A 3 4 5 6 7 8 B 11 C F 
Structure 361: 8 6 11 A E 7 5 C 3 D B 4
	-> A 3 4 5 6 7 8 B 11 C D E 
Structure 362: F 8 6 11 A E 7 5 C 3 D B 4
	-> A 3 4 5 6 7 8 B 11 C D E F 
Structure 363: 8 6 11 A 7 5 C 3 D B 4
	-> A 3 4 5 6 7 8 B 11 C D 
Structure 364: 8 6 11 A E 7 5 C 3 D B 4
	-> A 3 4 5 6 7 8 B 11 C D E 
Structure 365: 8 6 11 A E 7 5 3 D B 4
	-> A 3 4 5 6 7 8 B 11 D E 
Structure 366: F 8 6 11 A E 7 5 3 B 4
	-> A 3 4 5 6 7 8 B 11 E F 
Structure 367: 8 6 11 A E 7 5 3 B 4
	-> A 3 4 5 6 7 8 B 11 E 
Structure 368: F 8 6 11 A E 7 5 C 3 D B 4
	-> A 3 4 5 6 7 8 B 11 C D E F 
Structure 369: 8 6 11 A E 7 5 C 3 B 4
	-> A 3 4 5 6 7 8 B 11 C E 
Structure 370: 8 6 11 A 7 5 C 3 D B 4
	-> A 3 4 5 6 7 8 B 11 C D 
Structure 371: F 8 6 11 A E 7 5 C 3 D B 4
	-> A 3 4 5 6 7 8 B 11 C D E F 
Structure 372: F 8 6 11 A E 7 5 C 3 D B 4
	-> A 3 4 5 6 7 8 B 11 C D E F 
Structure 373: 8 6 11 A 7 5 C 3 D B 4
	-> A 3 4 5 6 7 8 B 11 C D 
Structure 374: 8 6 11 A 7 5 C 3 D B 4
	-> A 3 4 5 6 7 8 B 11 C D 
Structure 375: F 8 6 11 A E 7 5 3 D B 4
	-> A 3 4 5 6 7 8 B 11 D E F 
Structure 376: 8 6 11 A 7 5 C 3 D B 4
	-> A 3 4 5 6 7 8 B 11 C D 
Structure 377: F 8 6 11 A E 7 5 C 3 B 4
	-> A 3 4 5 6 7 8 B 11 C E F 
Structure 378: F 8 6 11 A 7 5 3 D B 4
	-> A 3 4 5 6 7 8 B 11 D F 
Structure 379: F 8 6 11 A E 7 5 C 3 B 4
	-> A 3 4 5 6 7 8 B 11 C E F 
Structure 380: 8 6 11 A E 7 5 C 3 D B 4
	-> A 3 4 5 6 7 8 B 11 C D E 
Structure 381: F 8 6 11 A 7 5 C 3 D B 4
	-> A 3 4 5 6 7 8 B 11 C D F 
Structure 382: F 8 6 11 A 7 5 C 3 D B 4
	-> A 3 4 5 6 7 8 B 11 C D F 
Structure 383: 8 6 11 A E 7 5 C 3 B 4
	-> A 3 4 5 6 7 8 B 11 C E 
Structure 384: F 8 6 11 A E 7 5 3 D B 4
	-> A 3 4 5 6 7 8 B 11 D E F 
Structure 385: F 8 6 11 A 7 5 C 3 D B 4
	-> A 3 4 5 6 7 8 B 11 C D F 
Structure 386: 8 6 11 A E 7 5 C 3 B 4
	-> A 3 4 5 6 7 8 B 11 C E 
Structure 387: 8 6 11 A E 7 5 C 3 D B 4
	-> A 3 4 5 6 7 8 B 11 C D E 
Structure 388: 8 6 11 A 22 7 5 C 3 D B 4
	-> A 3 4 5 6 7 8 B 11 C D 
Structure 389: F 8 6 11 A 7 5 16 3 D B 4
	-> A 3 4 5 6 7 8 B 11 D F 16 
Structure 390: F 8 6 11 A 7 5 3 B 4
	-> A 3 4 5 6 7 8 B 11 F 
Structure 391: F 8 6 11 A 7 30 5 C 3 B 4
	-> A 3 4 5 6 7 8 B 11 C F 
Structure 392: F 8 20 6 11 A 7 5 3 D B 4
	-> A 3 4 5 6 7 8 B 11 D F 
Structure 393: 8 6 11 A E 7 5 C 3 D B 4
	-> A 3 4 5 6 7 8 B 11 C D E 
Structure 394: 8 6 11 A E 7 5 C 3 38 24 4
	-> A 3 4 5 6 7 8 11 C E 
Structure 395: 8 6 11 A 7 5 C 3 D B 4
	-> A 3 4 5 6 7 8 B 11 C D 
Structure 396: 8 6 11 A E 7 5 C 3 D B 4
	-> A 3 4 5 6 7 8 B 11 C D E 
Structure 397: F 8 6 11 A E 7 5 C 3 D B 4
	-> A 3 4 5 6 7 8 B 11 C D E F 
Structure 398: 8 6 11 A 7 5 C 3 B 4
	-> A 3 4 5 6 7 8 B 11 C 
Structure 399: 8 6 11 A 7 5 C 3 D B 4
	-> A 3 4 5 6 7 8 B 11 C D 
Structure 400: 8 6 11 A 7 5 3 D B 4
	-> A 3 4 5 6 7 8 B 11 D 
Structure 401: 8 6 11 A E 7 5 C 3 D B 4
	-> A 3 4 5 6 7 8 B 11 C D E 
Structure 402: 8 6 11 A E 7 5 C 3 B 4
	-> A 3 4 5 6 7 8 B 11 C E 
Structure 403: F 8 6 11 A E 7 5 C 3 B 4
	-> A 3 4 5 6 7 8 B 11 C E F 
Structure 404: 8 6 11 A E 7 5 3 D B 4
	-> A 3 4 5 6 7 8 B 11 D E 
Structure 405: 8 6 11 A 7 5 C 3 D B 4
	-> A 3 4 5 6 7 8 B 11 C D 
Structure 406: 8 6 11 A E 7 5 C 3 B 4
	-> A 3 4 5 6 7 8 B 11 C E 
Structure 407: 8 6 11 A E 7 5 C 3 B 4
	-> A 3 4 5 6 7 8 B 11 C E 
Structure 408: 8 6 11 A 7 5 3 B 4
	-> A 3 4 5 6 7 8 B 11 
Structure 409: 8 6 11 A E 7 5 C 3 D B 4
	-> A 3 4 5 6 7 8 B 11 C D E 
Structure 410: 8 6 11 A E 7 5 C 3 D B 4
	-> A 3 4 5 6 7 8 B 11 C D E 
Structure 411: 8 6 11 A E 7 5 C 3 B 4
	-> A 3 4 5 6 7 8 B 11 C E 
Structure 412: F 8 6 11 A E 7 5 C 3 D B 4
	-> A 3 4 5 6 7 8 B 11 C D E F 
Structure 413: 8 6 11 19 A 7 5 16 3 D B 4
	-> A 3 4 5 6 7 8 B 11 D 16 
Structure 414: F 8 6 11 A E 7 5 C 3 D B 4
	-> A 3 4 5 6 7 8 B 11 C D E F 
Structure 415: 8 6 11 A E 7 5 C 3 D B 4
	-> A 3 4 5 6 7 8 B 11 C D E 
Structure 416: 8 6 11 A 7 5 C 3 B 4
	-> A 3 4 5 6 7 8 B 11 C 
Structure 417: 8 6 11 A E 7 5 C 3 D B 4
	-> A 3 4 5 6 7 8 B 11 C D E 
Structure 418: 8 6 11 A E 7 5 3 D B 4
	-> A 3 4 5 6 7 8 B 11 D E 
Structure 419: F 8 6 11 A E 7 5 C 3 D B 4
	-> A 3 4 5 6 7 8 B 11 C D E F 
Structure 420: 8 6 11 A 7 5 C 3 D B 4
	-> A 3 4 5 6 7 8 B 11 C D 
Structure 421: 8 6 11 A E 7 5 C 3 D B 4
	-> A 3 4 5 6 7 8 B 11 C D E 
Structure 422: 8 6 11 A E 7 5 16 3 D B 4
	-> A 3 4 5 6 7 8 B 11 D E 16 
Structure 423: 39 6 11 A 7 5 C 3 D B 4
	-> A 3 4 5 6 7 B 11 C D 
Structure 424: 8 6 11 A E 7 5 C 3 D B 4
	-> A 3 4 5 6 7 8 B 11 C D E 
Structure 425: 8 6 11 A 7 5 C 3 D B 4
	-> A 3 4 5 6 7 8 B 11 C D 
Structure 426: F 8 6 11 A 7 5 3 D B 4
	-> A 3 4 5 6 7 8 B 11 D F 
Structure 427: 8 6 11 A E 7 5 C 3 D B 4
	-> A 3 4 5 6 7 8 B 11 C D E 
Structure 428: 8 6 11 A E 7 5 C 3 D B 4
	-> A 3 4 5 6 7 8 B 11 C D E 
Structure 429: 8 6 11 A 7 5 3 D B 4
	-> A 3 4 5 6 7 8 B 11 D 
Structure 430: 8 6 11 A 7 5 16 3 D B 4
	-> A 3 4 5 6 7 8 B 11 D 16 
Structure 431: F 8 6 11 A 7 5 C 3 D B 4
	-> A 3 4 5 6 7 8 B 11 C D F 
Structure 432: 8 6 11 A E 7 5 16 3 D B 4
	-> A 3 4 5 6 7 8 B 11 D E 16 
Structure 433: F 8 6 11 A E 7 5 C 3 D B 4
	-> A 3 4 5 6 7 8 B 11 C D E F 
Structure 434: 8 6 11 A 7 5 C 3 D B 4
	-> A 3 4 5 6 7 8 B 11 C D 
Structure 435: 8 6 11 A 7 5 C 3 D B 4
	-> A 3 4 5 6 7 8 B 11 C D 
Structure 436: 8 6 11 A E 7 5 C 3 D B 4
	-> A 3 4 5 6 7 8 B 11 C D E 
Structure 437: 8 6 11 A E 7 5 C 3 D B 4
	-> A 3 4 5 6 7 8 B 11 C D E 
Structure 438: 8 6 11 A E 7 5 C 3 B 4
	-> A 3 4 5 6 7 8 B 11 C E 
Structure 439: 8 6 11 A 7 5 3 B 4
	-> A 3 4 5 6 7 8 B 11 
Structure 440: F 8 6 11 A E 7 5 C 3 D B 4
	-> A 3 4 5 6 7 8 B 11 C D E F 
Structure 441: 8 6 11 A E 7 5 C 3 D B 4
	-> A 3 4 5 6 7 8 B 11 C D E 
Structure 442: F 8 6 11 A E 7 5 C 3 D B 4
	-> A 3 4 5 6 7 8 B 11 C D E F 
Structure 443: 8 6 11 A E 7 5 16 3 B 4
	-> A 3 4 5 6 7 8 B 11 E 16 
Structure 444: 8 6 11 A E 7 5 C 3 D B 4
	-> A 3 4 5 6 7 8 B 11 C D E 
Structure 445: 8 6 11 A E 7 5 C 3 D B 4
	-> A 3 4 5 6 7 8 B 11 C D E 
Structure 446: 8 6 11 A 7 5 C 3 B 4
	-> A 3 4 5 6 7 8 B 11 C 
Structure 447: F 8 6 11 A E 7 5 C 3 B 4
	-> A 3 4 5 6 7 8 B 11 C E F 
Structure 448: 8 6 11 A 7 5 16 3 40 24 4
	-> A 3 4 5 6 7 8 11 16 
Structure 449: 8 6 11 A 7 5 C 3 D B 4
	-> A 3 4 5 6 7 8 B 11 C D 
Structure 450: 8 6 11 A E 7 5 C 3 D B 4
	-> A 3 4 5 6 7 8 B 11 C D E 
Structure 451: 8 6 11 A 7 5 C 3 D B 4
	-> A 3 4 5 6 7 8 B 11 C D 
Structure 452: F 8 6 11 A 7 5 C 3 D B 4
	-> A 3 4 5 6 7 8 B 11 C D F 
Structure 453: 8 6 11 A E 7 5 C 3 B 4
	-> A 3 4 5 6 7 8 B 11 C E 
Structure 454: 8 6 11 A 7 5 C 3 D B 4
	-> A 3 4 5 6 7 8 B 11 C D 
Structure 455: 8 6 11 A E 7 5 C 3 D B 4
	-> A 3 4 5 6 7 8 B 11 C D E 
Structure 456: 8 6 A E 7 5 3 D B 4
	-> A 3 4 5 6 7 8 B D E 
Structure 457: 8 6 11 A E 7 5 C 3 D B 4
	-> A 3 4 5 6 7 8 B 11 C D E 
Structure 458: 8 6 11 A E 7 5 C 3 D B 4
	-> A 3 4 5 6 7 8 B 11 C D E 
Structure 459: 8 6 11 A E 7 5 C 3 B 4
	-> A 3 4 5 6 7 8 B 11 C E 
Structure 460: F 8 6 11 A 7 5 C 3 D B 4
	-> A 3 4 5 6 7 8 B 11 C D F 
Structure 461: 8 6 11 A 7 5 C 3 D B 4
	-> A 3 4 5 6 7 8 B 11 C D 
Structure 462: F 8 6 11 A E 7 5 C 3 D B 4
	-> A 3 4 5 6 7 8 B 11 C D E F 
Structure 463: 8 6 11 A E 7 5 C 3 D B 4
	-> A 3 4 5 6 7 8 B 11 C D E 
Structure 464: 8 6 11 A E 7 5 C 3 D B 4
	-> A 3 4 5 6 7 8 B 11 C D E 
Structure 465: 8 6 11 A E 7 5 C 3 D B 4
	-> A 3 4 5 6 7 8 B 11 C D E 
Structure 466: 8 6 11 A E 7 5 C 3 D B 4
	-> A 3 4 5 6 7 8 B 11 C D E 
Structure 467: 8 6 11 A E 7 5 C 3 D B 4
	-> A 3 4 5 6 7 8 B 11 C D E 
Structure 468: 8 6 11 A E 7 5 C 3 D B 4
	-> A 3 4 5 6 7 8 B 11 C D E 
Structure 469: 8 6 11 A E 7 5 C 3 B 4
	-> A 3 4 5 6 7 8 B 11 C E 
Structure 470: F 8 6 A 7 5 C 3 B 4
	-> A 3 4 5 6 7 8 B C F 
Structure 471: F 8 6 11 A 7 5 C 3 D B 4
	-> A 3 4 5 6 7 8 B 11 C D F 
Structure 472: 8 6 11 A 7 5 16 3 D B 4
	-> A 3 4 5 6 7 8 B 11 D 16 
Structure 473: 8 6 11 A E 7 5 3 D B 4
	-> A 3 4 5 6 7 8 B 11 D E 
Structure 474: 8 6 11 A E 7 5 C 3 D B 4
	-> A 3 4 5 6 7 8 B 11 C D E 
Structure 475: 8 6 11 A E 7 5 C 3 B 4
	-> A 3 4 5 6 7 8 B 11 C E 
Structure 476: F 8 6 11 A 7 5 16 3 D B 4
	-> A 3 4 5 6 7 8 B 11 D F 16 
Structure 477: F 8 6 11 A 7 5 C 3 D B 4
	-> A 3 4 5 6 7 8 B 11 C D F 
Structure 478: 8 6 11 A 7 5 C 3 B 4
	-> A 3 4 5 6 7 8 B 11 C 
Structure 479: F 8 6 11 A E 7 5 C 3 B 4
	-> A 3 4 5 6 7 8 B 11 C E F 
Structure 480: 8 6 11 A E 7 5 C 3 D B 4
	-> A 3 4 5 6 7 8 B 11 C D E 
Structure 481: 8 6 11 A E 7 5 3 B 4
	-> A 3 4 5 6 7 8 B 11 E 
Structure 482: 8 6 11 A 7 5 C 3 B 4
	-> A 3 4 5 6 7 8 B 11 C 
Structure 483: F 8 6 11 A E 22 7 5 3 D B 4
	-> A 3 4 5 6 7 8 B 11 D E F 
Structure 484: 8 6 11 A E 7 5 C 3 B 4
	-> A 3 4 5 6 7 8 B 11 C E 
Structure 485: 8 6 11 A E 7 5 C 3 D B 4
	-> A 3 4 5 6 7 8 B 11 C D E 
Structure 486: F 8 6 11 A E 7 5 C 3 D B 4
	-> A 3 4 5 6 7 8 B 11 C D E F 
Structure 487: 8 6 11 A E 7 5 16 3 D B 4
	-> A 3 4 5 6 7 8 B 11 D E 16 
Structure 488: 8 6 11 A E 7 5 C 3 D B 4
	-> A 3 4 5 6 7 8 B 11 C D E 
Structure 489: F 8 6 11 A 7 5 3 D B 4
	-> A 3 4 5 6 7 8 B 11 D F 
Structure 490: 8 6 11 A E 7 5 C 3 D B 4
	-> A 3 4 5 6 7 8 B 11 C D E 
Structure 491: 8 6 11 A 7 5 C 3 D B 4
	-> A 3 4 5 6 7 8 B 11 C D 
Structure 492: F 8 6 11 A 7 5 C 3 B 4
	-> A 3 4 5 6 7 8 B 11 C F 
Structure 493: 8 6 11 A E 7 5 C 3 B 4
	-> A 3 4 5 6 7 8 B 11 C E 
Structure 494: 8 6 11 A 7 5 C 3 D B 4
	-> A 3 4 5 6 7 8 B 11 C D 
Structure 495: 8 6 11 A E 7 5 3 B 4
	-> A 3 4 5 6 7 8 B 11 E 
Structure 496: F 8 6 11 A 7 5 3 D B 4
	-> A 3 4 5 6 7 8 B 11 D F 
Structure 497: F 8 6 11 A 7 5 C 3 D B 4
	-> A 3 4 5 6 7 8 B 11 C D F 
Structure 498: F 8 6 11 A E 7 5 C 3 B 4
	-> A 3 4 5 6 7 8 B 11 C E F 
Structure 499: 8 6 11 A E 7 5 C 3 D B 4
	-> A 3 4 5 6 7 8 B 11 C D E 
Structure 500: 8 6 11 A E 7 5 C 3 D B 4
	-> A 3 4 5 6 7 8 B 11 C D E 
Structure 501: 8 6 11 A E 7 5 C 3 D B 4
	-> A 3 4 5 6 7 8 B 11 C D E 
Structure 502: F 8 6 11 A E 7 5 C 3 D B 4
	-> A 3 4 5 6 7 8 B 11 C D E F 
Structure 503: 8 6 11 A E 7 5 C 3 D B 4
	-> A 3 4 5 6 7 8 B 11 C D E 
Structure 504: F 8 6 11 A 7 5 3 D B 4
	-> A 3 4 5 6 7 8 B 11 D F 
Structure 505: 8 6 11 A 7 5 C 3 D B 4
	-> A 3 4 5 6 7 8 B 11 C D 
Structure 506: 8 6 11 A E 7 5 3 D B 4
	-> A 3 4 5 6 7 8 B 11 D E 
Structure 507: 8 6 11 A 7 5 C 3 D B 4
	-> A 3 4 5 6 7 8 B 11 C D 
Structure 508: 8 6 11 A 7 5 C 3 D B 4
	-> A 3 4 5 6 7 8 B 11 C D 
Structure 509: 8 6 11 A E 7 5 C 3 D B 4
	-> A 3 4 5 6 7 8 B 11 C D E 
Structure 510: 8 6 11 A E 7 5 C 3 D B 4
	-> A 3 4 5 6 7 8 B 11 C D E 
Structure 511: 8 6 11 A E 7 5 3 D B 4
	-> A 3 4 5 6 7 8 B 11 D E 
Structure 512: 8 6 11 A 7 5 C 3 D B 4
	-> A 3 4 5 6 7 8 B 11 C D 
Structure 513: 8 6 11 A 7 5 C 3 D B 4
	-> A 3 4 5 6 7 8 B 11 C D 
Structure 514: 26 27 6 11 A E 7 5 C 3 D B 4
	-> A 3 4 5 6 7 B 11 C D E 
Structure 515: 8 6 11 A E 7 5 C 3 B 4
	-> A 3 4 5 6 7 8 B 11 C E 
Structure 516: 8 6 11 A E 7 5 3 D B 4
	-> A 3 4 5 6 7 8 B 11 D E 
Structure 517: 8 6 11 A 7 5 16 3 D B 4
	-> A 3 4 5 6 7 8 B 11 D 16 
Structure 518: 8 6 11 A E 7 5 C 3 D B 4
	-> A 3 4 5 6 7 8 B 11 C D E 
Structure 519: 8 6 11 A E 7 5 C 3 D B 4
	-> A 3 4 5 6 7 8 B 11 C D E 
Structure 520: 8 6 11 A E 7 5 C 3 B 4
	-> A 3 4 5 6 7 8 B 11 C E 
Structure 521: 8 6 11 A E 7 5 C 3 D B 4
	-> A 3 4 5 6 7 8 B 11 C D E 
Structure 522: 8 6 11 A E 7 5 3 D B 4
	-> A 3 4 5 6 7 8 B 11 D E 
Structure 523: 8 6 11 A E 7 5 C 3 D B 4
	-> A 3 4 5 6 7 8 B 11 C D E 
Structure 524: 8 6 11 A E 7 5 C 3 D B 4
	-> A 3 4 5 6 7 8 B 11 C D E 
Structure 525: 8 6 11 A E 7 5 C 3 B 4
	-> A 3 4 5 6 7 8 B 11 C E 
Structure 526: F 8 6 11 A E 7 5 C 3 D B 4
	-> A 3 4 5 6 7 8 B 11 C D E F 
Structure 527: 8 6 A 7 5 C 3 D B 4
	-> A 3 4 5 6 7 8 B C D 
Structure 528: 8 6 11 A E 7 5 C 3 D B 4
	-> A 3 4 5 6 7 8 B 11 C D E 
Structure 529: F 8 6 11 A E 7 5 C 3 D B 4
	-> A 3 4 5 6 7 8 B 11 C D E F 
Structure 530: 8 6 11 A 7 5 C 3 B 4
	-> A 3 4 5 6 7 8 B 11 C 
Structure 531: F 8 6 11 A 7 5 C 3 D B 4
	-> A 3 4 5 6 7 8 B 11 C D F 
Structure 532: F 8 6 11 A 7 5 3 D B 4
	-> A 3 4 5 6 7 8 B 11 D F 
Structure 533: 8 6 11 A E 7 5 C 3 B 4
	-> A 3 4 5 6 7 8 B 11 C E 
Structure 534: 8 6 11 A 7 5 C 3 D B 4
	-> A 3 4 5 6 7 8 B 11 C D 
Structure 535: F 8 6 11 A E 7 5 C 3 D B 4
	-> A 3 4 5 6 7 8 B 11 C D E F 
Structure 536: 8 6 11 A 7 5 3 D B 4
	-> A 3 4 5 6 7 8 B 11 D 
Structure 537: 8 6 11 A E 7 5 C 3 D B 4
	-> A 3 4 5 6 7 8 B 11 C D E 
Structure 538: 8 6 11 A E 7 5 C 3 B 4
	-> A 3 4 5 6 7 8 B 11 C E 
Structure 539: F 8 6 11 A E 7 5 C 3 D B 4
	-> A 3 4 5 6 7 8 B 11 C D E F 
Structure 540: 8 6 11 A 7 5 C 3 D B 4
	-> A 3 4 5 6 7 8 B 11 C D 
Structure 541: 8 6 11 A E 7 5 3 D B 4
	-> A 3 4 5 6 7 8 B 11 D E 
Structure 542: F 8 6 11 A 7 5 16 3 B 4
	-> A 3 4 5 6 7 8 B 11 F 16 
Structure 543: F 8 6 11 A E 7 5 C 3 D B 4
	-> A 3 4 5 6 7 8 B 11 C D E F 
Structure 544: 8 6 11 A E 7 5 C 3 D B 4
	-> A 3 4 5 6 7 8 B 11 C D E 
Structure 545: 32 8 6 28 A 7 5 C 3 B 4
	-> A 3 4 5 6 7 8 B C 
Structure 546: 8 6 11 A E 7 5 C 3 D B 4
	-> A 3 4 5 6 7 8 B 11 C D E 
Structure 547: 8 6 11 A 7 5 3 D B 4
	-> A 3 4 5 6 7 8 B 11 D 
Structure 548: F 8 6 11 A 7 5 C 3 D B 4
	-> A 3 4 5 6 7 8 B 11 C D F 
Structure 549: 8 6 11 A E 7 5 3 D B 4
	-> A 3 4 5 6 7 8 B 11 D E 
Structure 550: 8 6 11 A 7 5 C 3 B 4
	-> A 3 4 5 6 7 8 B 11 C 
Structure 551: F 8 6 11 A 7 5 C 3 D B 4
	-> A 3 4 5 6 7 8 B 11 C D F 
Structure 552: 8 6 11 A E 7 5 3 D B 4
	-> A 3 4 5 6 7 8 B 11 D E 
Structure 553: 8 6 11 A E 7 5 3 B 4
	-> A 3 4 5 6 7 8 B 11 E 
Structure 554: 8 6 11 A E 7 5 C 3 D B 4
	-> A 3 4 5 6 7 8 B 11 C D E 
Structure 555: 8 6 11 A E 7 5 16 3 B 4
	-> A 3 4 5 6 7 8 B 11 E 16 
Structure 556: F 8 6 11 A 7 5 C 3 D B 4
	-> A 3 4 5 6 7 8 B 11 C D F 
Structure 557: F 8 6 11 A E 7 5 C 3 D B 4
	-> A 3 4 5 6 7 8 B 11 C D E F 
Structure 558: F 8 6 11 A 7 5 C 3 D B 4
	-> A 3 4 5 6 7 8 B 11 C D F 
Structure 559: 8 6 11 A 7 5 C 3 D B 4
	-> A 3 4 5 6 7 8 B 11 C D 
Structure 560: F 8 6 A E 7 5 C 3 D B 4
	-> A 3 4 5 6 7 8 B C D E F 
Structure 561: 8 6 11 A E 7 5 C 3 B 4
	-> A 3 4 5 6 7 8 B 11 C E 
Structure 562: 8 6 11 A 7 41 5 C 3 B 4
	-> A 3 4 5 6 7 8 B 11 C 
Structure 563: F 8 6 11 A 7 5 C 3 D B 4
	-> A 3 4 5 6 7 8 B 11 C D F 
Structure 564: 8 6 11 A E 7 5 C 3 D B 4
	-> A 3 4 5 6 7 8 B 11 C D E 
Structure 565: 8 6 11 A E 7 5 C 3 D B 4
	-> A 3 4 5 6 7 8 B 11 C D E 
Structure 566: 8 6 11 A 7 5 C 3 D B 4
	-> A 3 4 5 6 7 8 B 11 C D 
Structure 567: 8 6 11 A E 7 5 16 3 D B 4
	-> A 3 4 5 6 7 8 B 11 D E 16 
Structure 568: F 8 6 11 A E 7 5 C 3 D B 4
	-> A 3 4 5 6 7 8 B 11 C D E F 
Structure 569: 8 6 11 A 7 5 C 3 D B 4
	-> A 3 4 5 6 7 8 B 11 C D 
Structure 570: 8 6 11 A 7 5 C 3 B 4
	-> A 3 4 5 6 7 8 B 11 C 
Structure 571: 8 6 11 A E 7 5 C 3 B 4
	-> A 3 4 5 6 7 8 B 11 C E 
Structure 572: F 8 6 11 A E 7 5 3 B 4
	-> A 3 4 5 6 7 8 B 11 E F 
Structure 573: 8 6 11 A 7 5 C 3 D B 4
	-> A 3 4 5 6 7 8 B 11 C D 
Structure 574: 8 6 11 A E 7 5 C 3 B 4
	-> A 3 4 5 6 7 8 B 11 C E 
Structure 575: 8 6 11 A 7 5 C 3 D B 4
	-> A 3 4 5 6 7 8 B 11 C D 
Structure 576: 8 6 11 A E 7 5 C 3 D B 4
	-> A 3 4 5 6 7 8 B 11 C D E 
Structure 577: 8 6 11 A 7 5 C 3 D B 4
	-> A 3 4 5 6 7 8 B 11 C D 
Structure 578: F 8 6 11 A E 7 5 C 3 D B 4
	-> A 3 4 5 6 7 8 B 11 C D E F 
Structure 579: 8 6 11 A 7 5 C 3 D B 4
	-> A 3 4 5 6 7 8 B 11 C D 
Structure 580: 8 6 11 A E 7 5 C 3 D B 4
	-> A 3 4 5 6 7 8 B 11 C D E 
Structure 581: F 8 33 6 11 A E 7 5 3 D B 4
	-> A 3 4 5 6 7 8 B 11 D E F 
Structure 582: F 8 6 11 A E 7 5 C 3 D B 4
	-> A 3 4 5 6 7 8 B 11 C D E F 
Structure 583: F 8 6 11 A E 7 5 C 3 B 4
	-> A 3 4 5 6 7 8 B 11 C E F 
Structure 584: 8 6 11 A E 7 5 3 D B 4
	-> A 3 4 5 6 7 8 B 11 D E 
Structure 585: 8 6 11 A E 7 5 C 3 B 4
	-> A 3 4 5 6 7 8 B 11 C E 
Structure 586: 8 6 11 A 7 5 3 D B 4
	-> A 3 4 5 6 7 8 B 11 D 
Structure 587: 8 6 11 A 7 5 C 3 D B 4
	-> A 3 4 5 6 7 8 B 11 C D 
Structure 588: F 8 6 11 A 42 7 5 C 3 D B 4
	-> A 3 4 5 6 7 8 B 11 C D F 
Structure 589: 8 6 11 A E 7 5 C 3 D B 4
	-> A 3 4 5 6 7 8 B 11 C D E 
Structure 590: 8 6 11 A 7 5 C 3 D B 4
	-> A 3 4 5 6 7 8 B 11 C D 
Structure 591: F 8 6 11 19 A 7 5 C 3 B 4
	-> A 3 4 5 6 7 8 B 11 C F 
Structure 592: 8 6 11 A E 7 5 3 D B 4
	-> A 3 4 5 6 7 8 B 11 D E 
Structure 593: F 8 6 11 A E 7 5 C 3 D B 4
	-> A 3 4 5 6 7 8 B 11 C D E F 
Structure 594: F 8 6 11 A E 7 5 C 3 D B 4
	-> A 3 4 5 6 7 8 B 11 C D E F 
Structure 595: 8 6 11 A E 7 5 3 D B 4
	-> A 3 4 5 6 7 8 B 11 D E 
Structure 596: 8 6 11 A E 7 5 C 3 D B 4
	-> A 3 4 5 6 7 8 B 11 C D E 
Structure 597: 8 6 11 19 A 7 5 C 3 B 4
	-> A 3 4 5 6 7 8 B 11 C 
Structure 598: F 8 6 11 A 7 5 C 3 D B 4
	-> A 3 4 5 6 7 8 B 11 C D F 
Structure 599: F 8 6 11 A E 7 5 C 3 D B 4
	-> A 3 4 5 6 7 8 B 11 C D E F 
Structure 600: 8 6 11 A 7 5 C 3 D B 4
	-> A 3 4 5 6 7 8 B 11 C D 
Structure 601: F 8 6 11 A 7 5 C 3 D B 4
	-> A 3 4 5 6 7 8 B 11 C D F 
Structure 602: 8 6 11 A 7 5 C 3 D B 4
	-> A 3 4 5 6 7 8 B 11 C D 
Structure 603: 8 6 11 A 7 5 C 3 D B 4
	-> A 3 4 5 6 7 8 B 11 C D 
Structure 604: F 8 6 11 A E 7 5 C 3 D B 4
	-> A 3 4 5 6 7 8 B 11 C D E F 
Structure 605: 8 6 11 A E 7 5 C 3 D B 4
	-> A 3 4 5 6 7 8 B 11 C D E 
Structure 606: 8 6 11 A 7 5 C 3 D B 4
	-> A 3 4 5 6 7 8 B 11 C D 
Structure 607: 8 6 11 A E 7 5 3 D B 4
	-> A 3 4 5 6 7 8 B 11 D E 
Structure 608: 8 6 11 A 7 5 C 3 D B 4
	-> A 3 4 5 6 7 8 B 11 C D 
Structure 609: F 8 6 11 A 7 5 C 3 D B 4
	-> A 3 4 5 6 7 8 B 11 C D F 
Structure 610: 8 6 A 7 5 3 D B 4
	-> A 3 4 5 6 7 8 B D 
Structure 611: 8 6 11 A E 7 5 C 3 B 4
	-> A 3 4 5 6 7 8 B 11 C E 
Structure 612: F 8 6 11 A E 7 5 C 3 B 4
	-> A 3 4 5 6 7 8 B 11 C E F 
Structure 613: F 8 6 11 A E 7 5 C 3 B 4
	-> A 3 4 5 6 7 8 B 11 C E F 
Structure 614: 8 6 11 A E 7 5 3 D B 4
	-> A 3 4 5 6 7 8 B 11 D E 
Structure 615: 8 6 11 A E 7 5 3 D B 4
	-> A 3 4 5 6 7 8 B 11 D E 
Structure 616: 8 6 11 A 7 5 C 3 D B 4
	-> A 3 4 5 6 7 8 B 11 C D 
Structure 617: 8 6 11 A 7 5 C 3 D B 4
	-> A 3 4 5 6 7 8 B 11 C D 
Structure 618: 8 20 6 11 A E 7 5 16 3 B 4
	-> A 3 4 5 6 7 8 B 11 E 16 
Structure 619: 8 6 A E 7 5 C 3 D B 4
	-> A 3 4 5 6 7 8 B C D E 
Structure 620: F 8 6 11 A 7 5 C 3 D B 4
	-> A 3 4 5 6 7 8 B 11 C D F 
Structure 621: 8 6 11 A 7 5 C 3 B 4
	-> A 3 4 5 6 7 8 B 11 C 
Structure 622: 8 6 11 A E 7 5 16 3 D B 4
	-> A 3 4 5 6 7 8 B 11 D E 16 
Structure 623: 8 6 11 A 7 5 3 B 4
	-> A 3 4 5 6 7 8 B 11 
Structure 624: 8 6 11 A 7 5 C 3 D B 4
	-> A 3 4 5 6 7 8 B 11 C D 
Structure 625: 8 6 11 A E 7 5 C 3 D B 4
	-> A 3 4 5 6 7 8 B 11 C D E 
Structure 626: 8 6 11 A 7 5 C 3 B 4
	-> A 3 4 5 6 7 8 B 11 C 
Structure 627: F 8 6 11 A E 7 5 3 D B 4
	-> A 3 4 5 6 7 8 B 11 D E F 
Structure 628: 8 6 11 A 7 5 3 B 4
	-> A 3 4 5 6 7 8 B 11 
Structure 629: 8 6 11 A E 7 5 16 3 D B 4
	-> A 3 4 5 6 7 8 B 11 D E 16 
Structure 630: 8 6 11 A E 7 5 C 3 D B 4
	-> A 3 4 5 6 7 8 B 11 C D E 
Structure 631: 8 6 11 A E 7 5 C 3 D B 4
	-> A 3 4 5 6 7 8 B 11 C D E 
Structure 632: 8 6 11 A E 7 5 3 D B 4
	-> A 3 4 5 6 7 8 B 11 D E 
Structure 633: 8 6 11 A E 7 5 C 3 D B 4
	-> A 3 4 5 6 7 8 B 11 C D E 
Structure 634: 8 6 11 A 7 5 C 3 B 4
	-> A 3 4 5 6 7 8 B 11 C 
Structure 635: 8 6 11 A 7 5 C 3 D B 4
	-> A 3 4 5 6 7 8 B 11 C D 
Structure 636: 8 6 11 A 7 5 C 3 D B 4
	-> A 3 4 5 6 7 8 B 11 C D 
Structure 637: 8 6 11 A 7 5 3 D B 4
	-> A 3 4 5 6 7 8 B 11 D 
Structure 638: 8 6 11 A 7 5 C 3 D B 4
	-> A 3 4 5 6 7 8 B 11 C D 
Structure 639: F 8 6 11 A E 7 5 3 D B 4
	-> A 3 4 5 6 7 8 B 11 D E F 
Structure 640: F 8 6 11 A E 7 5 C 3 D B 4
	-> A 3 4 5 6 7 8 B 11 C D E F 
Structure 641: 8 6 11 A 7 5 C 3 D B 4
	-> A 3 4 5 6 7 8 B 11 C D 
Structure 642: 8 6 11 A E 7 5 C 3 B 4
	-> A 3 4 5 6 7 8 B 11 C E 
Structure 643: F 8 6 11 A E 7 5 C 3 D B 4
	-> A 3 4 5 6 7 8 B 11 C D E F 
Structure 644: 8 6 11 A E 7 5 C 3 D B 4
	-> A 3 4 5 6 7 8 B 11 C D E 
Structure 645: F 8 6 11 A E 7 5 C 3 D B 4
	-> A 3 4 5 6 7 8 B 11 C D E F 
Structure 646: F 8 6 11 A E 7 5 C 3 D B 4
	-> A 3 4 5 6 7 8 B 11 C D E F 
Structure 647: 8 6 11 A E 7 5 16 3 D B 4
	-> A 3 4 5 6 7 8 B 11 D E 16 
Structure 648: 8 6 11 A E 7 5 C 3 D B 4
	-> A 3 4 5 6 7 8 B 11 C D E 
Structure 649: 8 6 11 A 7 5 C 3 D B 4
	-> A 3 4 5 6 7 8 B 11 C D 
Structure 650: 8 6 11 A 7 5 C 3 D B 4
	-> A 3 4 5 6 7 8 B 11 C D 
Structure 651: 8 6 11 A 7 5 C 3 D B 4
	-> A 3 4 5 6 7 8 B 11 C D 
Structure 652: 8 6 11 A 7 5 C 3 D B 4
	-> A 3 4 5 6 7 8 B 11 C D 
Structure 653: F 8 6 11 A E 7 5 C 3 D B 4
	-> A 3 4 5 6 7 8 B 11 C D E F 
Structure 654: 8 6 11 A 7 5 3 D B 4
	-> A 3 4 5 6 7 8 B 11 D 
Structure 655: 8 6 11 A E 7 5 16 3 B 4
	-> A 3 4 5 6 7 8 B 11 E 16 
Structure 656: 8 6 11 A E 7 5 C 3 D B 4
	-> A 3 4 5 6 7 8 B 11 C D E 
Structure 657: 8 6 11 A E 7 5 C 3 B 4
	-> A 3 4 5 6 7 8 B 11 C E 
Structure 658: F 8 6 11 A E 7 5 C 3 D B 4
	-> A 3 4 5 6 7 8 B 11 C D E F 
Structure 659: F 8 6 11 A E 7 5 C 3 B 4
	-> A 3 4 5 6 7 8 B 11 C E F 
Structure 660: 8 6 11 A 7 5 C 3 D B 4
	-> A 3 4 5 6 7 8 B 11 C D 
Structure 661: 8 6 11 A 7 5 C 3 D B 4
	-> A 3 4 5 6 7 8 B 11 C D 
Structure 662: 8 6 11 A E 7 5 C 3 D B 4
	-> A 3 4 5 6 7 8 B 11 C D E 
Structure 663: F 8 6 11 A E 7 5 C 3 D B 4
	-> A 3 4 5 6 7 8 B 11 C D E F 
Structure 664: 8 6 11 A 7 5 C 3 D B 4
	-> A 3 4 5 6 7 8 B 11 C D 
Structure 665: 8 6 11 A 7 5 C 3 B 4
	-> A 3 4 5 6 7 8 B 11 C 
Structure 666: 8 6 A 7 5 3 D B 4
	-> A 3 4 5 6 7 8 B D 
Structure 667: 8 6 11 A E 7 5 C 3 B 4
	-> A 3 4 5 6 7 8 B 11 C E 
Structure 668: 8 6 11 A E 7 5 C 3 D B 4
	-> A 3 4 5 6 7 8 B 11 C D E 
Structure 669: F 8 6 11 A 7 5 C 3 D B 4
	-> A 3 4 5 6 7 8 B 11 C D F 
Structure 670: 8 6 11 A E 7 5 3 D B 4
	-> A 3 4 5 6 7 8 B 11 D E 
Structure 671: 8 6 11 A 7 5 C 3 D B 4
	-> A 3 4 5 6 7 8 B 11 C D 
Structure 672: 8 6 11 A 7 5 3 D B 4
	-> A 3 4 5 6 7 8 B 11 D 
Structure 673: 8 6 11 A E 7 5 C 3 B 4
	-> A 3 4 5 6 7 8 B 11 C E 
Structure 674: 8 6 11 A 7 5 C 3 D B 4
	-> A 3 4 5 6 7 8 B 11 C D 
Structure 675: F 8 6 11 A E 7 5 C 3 D B 4
	-> A 3 4 5 6 7 8 B 11 C D E F 
Structure 676: 8 6 11 A E 7 5 C 3 D B 4
	-> A 3 4 5 6 7 8 B 11 C D E 
Structure 677: 8 6 11 A E 7 5 C 3 D B 4
	-> A 3 4 5 6 7 8 B 11 C D E 
Structure 678: 8 6 11 A E 7 5 C 3 D B 4
	-> A 3 4 5 6 7 8 B 11 C D E 
Structure 679: F 8 6 11 A E 7 5 C 3 D B 4
	-> A 3 4 5 6 7 8 B 11 C D E F 
Structure 680: 8 6 11 A E 7 5 C 3 D B 4
	-> A 3 4 5 6 7 8 B 11 C D E 
Structure 681: 8 6 11 A E 7 5 C 3 B 4
	-> A 3 4 5 6 7 8 B 11 C E 
Structure 682: 8 6 11 A 7 5 C 3 D B 4
	-> A 3 4 5 6 7 8 B 11 C D 
Structure 683: F 8 6 11 A 7 5 C 3 D B 4
	-> A 3 4 5 6 7 8 B 11 C D F 
Structure 684: 8 6 11 A 7 5 C 3 D B 4
	-> A 3 4 5 6 7 8 B 11 C D 
Structure 685: 8 6 11 A 7 5 C 3 D B 4
	-> A 3 4 5 6 7 8 B 11 C D 
Structure 686: 8 6 11 A E 7 5 C 3 B 4
	-> A 3 4 5 6 7 8 B 11 C E 
Structure 687: 8 6 11 A E 7 5 C 3 B 4
	-> A 3 4 5 6 7 8 B 11 C E 
Structure 688: 8 6 11 A E 7 5 16 3 B 4
	-> A 3 4 5 6 7 8 B 11 E 16 
Structure 689: 8 6 11 A E 7 5 16 3 D B 4
	-> A 3 4 5 6 7 8 B 11 D E 16 
Structure 690: 8 6 11 A 7 5 C 3 D B 4
	-> A 3 4 5 6 7 8 B 11 C D 
Structure 691: 8 6 11 A 7 5 C 3 D B 4
	-> A 3 4 5 6 7 8 B 11 C D 
Structure 692: 8 6 11 A 7 5 C 3 D B 4
	-> A 3 4 5 6 7 8 B 11 C D 
Structure 693: 8 6 11 A 7 5 16 3 D B 4
	-> A 3 4 5 6 7 8 B 11 D 16 
Structure 694: F 8 6 11 A 7 5 C 3 D B 4
	-> A 3 4 5 6 7 8 B 11 C D F 
Structure 695: 8 6 11 A E 7 5 C 3 B 4
	-> A 3 4 5 6 7 8 B 11 C E 
Structure 696: 8 6 11 A 7 5 C 3 D B 4
	-> A 3 4 5 6 7 8 B 11 C D 
Structure 697: 8 6 11 A E 7 5 C 3 D B 4
	-> A 3 4 5 6 7 8 B 11 C D E 
Structure 698: 8 6 11 A 7 5 C 3 D B 4
	-> A 3 4 5 6 7 8 B 11 C D 
Structure 699: 8 6 11 A 7 5 3 B 4
	-> A 3 4 5 6 7 8 B 11 
Structure 700: F 8 6 11 A 7 5 C 3 D B 4
	-> A 3 4 5 6 7 8 B 11 C D F 
Structure 701: 8 6 11 A E 7 5 C 3 D B 4
	-> A 3 4 5 6 7 8 B 11 C D E 
Structure 702: F 8 6 11 A E 7 5 C 3 D B 4
	-> A 3 4 5 6 7 8 B 11 C D E F 
Structure 703: 8 6 11 A E 7 5 3 D B 4
	-> A 3 4 5 6 7 8 B 11 D E 
Structure 704: 8 6 11 A E 7 5 C 3 D B 4
	-> A 3 4 5 6 7 8 B 11 C D E 
Structure 705: 8 6 11 A 7 5 C 3 D B 4
	-> A 3 4 5 6 7 8 B 11 C D 
Structure 706: F 8 6 11 A 7 5 16 3 B 4
	-> A 3 4 5 6 7 8 B 11 F 16 
Structure 707: 8 6 11 A 7 5 C 3 D B 4
	-> A 3 4 5 6 7 8 B 11 C D 
Structure 708: F 8 6 11 A 7 5 3 D B 4
	-> A 3 4 5 6 7 8 B 11 D F 
Structure 709: 8 6 11 A E 7 5 C 3 B 4
	-> A 3 4 5 6 7 8 B 11 C E 
Structure 710: 8 6 11 A 7 5 C 3 B 4
	-> A 3 4 5 6 7 8 B 11 C 
Structure 711: F 8 6 11 A E 7 5 3 D B 4
	-> A 3 4 5 6 7 8 B 11 D E F 
Structure 712: 8 6 11 A 7 5 C 3 D B 4
	-> A 3 4 5 6 7 8 B 11 C D 
Structure 713: 8 6 11 A 7 5 31 3 D B 4
	-> A 3 4 5 6 7 8 B 11 D 
Structure 714: 8 6 11 A E 7 5 C 3 B 4
	-> A 3 4 5 6 7 8 B 11 C E 
Structure 715: 8 20 6 11 A E 7 5 C 3 D B 4
	-> A 3 4 5 6 7 8 B 11 C D E 
Structure 716: F 8 6 11 A 7 5 C 3 D B 4
	-> A 3 4 5 6 7 8 B 11 C D F 
Structure 717: F 8 20 6 11 A 7 5 3 D B 4
	-> A 3 4 5 6 7 8 B 11 D F 
Structure 718: 8 6 11 A E 7 5 C 3 D B 4
	-> A 3 4 5 6 7 8 B 11 C D E 
Structure 719: 8 6 11 A 7 5 C 3 D B 4
	-> A 3 4 5 6 7 8 B 11 C D 
Structure 720: F 8 6 11 A E 7 5 C 3 D B 4
	-> A 3 4 5 6 7 8 B 11 C D E F 
Structure 721: 8 6 11 A 7 5 16 3 B 4
	-> A 3 4 5 6 7 8 B 11 16 
Structure 722: 8 6 11 A 7 5 C 3 B 4
	-> A 3 4 5 6 7 8 B 11 C 
Structure 723: F 8 6 11 A E 7 5 C 3 B 4
	-> A 3 4 5 6 7 8 B 11 C E F 
Structure 724: 8 6 11 A 7 5 C 3 B 4
	-> A 3 4 5 6 7 8 B 11 C 
Structure 725: 8 6 11 A E 7 5 C 3 D B 4
	-> A 3 4 5 6 7 8 B 11 C D E 
Structure 726: 8 6 11 A E 7 5 C 3 D B 4
	-> A 3 4 5 6 7 8 B 11 C D E 
Structure 727: 8 6 11 A 7 5 C 3 D B 4
	-> A 3 4 5 6 7 8 B 11 C D 
Structure 728: 8 6 11 A 7 5 C 3 B 4
	-> A 3 4 5 6 7 8 B 11 C 
Structure 729: 8 6 11 A E 7 5 16 3 D B 4
	-> A 3 4 5 6 7 8 B 11 D E 16 
Structure 730: F 8 6 11 A E 7 5 C 3 D B 4
	-> A 3 4 5 6 7 8 B 11 C D E F 
Structure 731: 8 6 11 A E 7 5 C 3 D B 4
	-> A 3 4 5 6 7 8 B 11 C D E 
Structure 732: 8 6 11 A 7 5 C 3 D B 4
	-> A 3 4 5 6 7 8 B 11 C D 
Structure 733: 8 6 11 A E 7 5 3 D B 4
	-> A 3 4 5 6 7 8 B 11 D E 
Structure 734: 8 6 11 A 7 5 C 3 B 4
	-> A 3 4 5 6 7 8 B 11 C 
Structure 735: 8 A E 7 5 3 D B 4 43
	-> A 3 4 5 7 8 B D E 
Structure 736: 8 6 11 A 7 5 C 3 D B 4
	-> A 3 4 5 6 7 8 B 11 C D 
Structure 737: 8 6 11 A E 7 5 C 3 B 4
	-> A 3 4 5 6 7 8 B 11 C E 
Structure 738: F 8 6 11 A 7 5 C 3 D B 4
	-> A 3 4 5 6 7 8 B 11 C D F 
Structure 739: 8 6 11 A E 7 5 C 3 D B 4
	-> A 3 4 5 6 7 8 B 11 C D E 
Structure 740: F 8 6 11 A 7 5 16 3 D B 4
	-> A 3 4 5 6 7 8 B 11 D F 16 
Structure 741: 8 6 11 A E 7 5 C 3 D B 4
	-> A 3 4 5 6 7 8 B 11 C D E 
Structure 742: 8 6 11 A E 7 5 C 3 D B 4
	-> A 3 4 5 6 7 8 B 11 C D E 
Structure 743: F 8 6 11 A 7 5 C 3 D B 4
	-> A 3 4 5 6 7 8 B 11 C D F 
Structure 744: 8 6 11 A E 7 5 C 3 D B 4
	-> A 3 4 5 6 7 8 B 11 C D E 
Structure 745: 8 6 11 A 7 5 C 3 D B 4
	-> A 3 4 5 6 7 8 B 11 C D 
Structure 746: 26 27 6 11 A E 7 5 C 3 D B 4
	-> A 3 4 5 6 7 B 11 C D E 
Structure 747: F 8 6 11 A 7 5 C 3 D B 4
	-> A 3 4 5 6 7 8 B 11 C D F 
Structure 748: 8 6 11 A E 7 5 C 3 D B 4
	-> A 3 4 5 6 7 8 B 11 C D E 
Structure 749: 8 6 11 A 7 5 C 3 B 4
	-> A 3 4 5 6 7 8 B 11 C 
Structure 750: F 8 6 11 A E 7 5 C 3 D B 4
	-> A 3 4 5 6 7 8 B 11 C D E F 
Structure 751: 8 6 11 A E 7 5 C 3 D B 4
	-> A 3 4 5 6 7 8 B 11 C D E 
Structure 752: 8 6 11 A 7 5 C 3 D B 4
	-> A 3 4 5 6 7 8 B 11 C D 
Structure 753: 8 6 11 A 7 5 C 3 B 4
	-> A 3 4 5 6 7 8 B 11 C 
Structure 754: 8 6 11 A 7 5 C 3 D B 4
	-> A 3 4 5 6 7 8 B 11 C D 
Structure 755: 8 6 11 A 7 5 C 3 D B 4
	-> A 3 4 5 6 7 8 B 11 C D 
Structure 756: F 8 6 11 A E 7 5 C 3 D B 4
	-> A 3 4 5 6 7 8 B 11 C D E F 
Structure 757: F 8 6 11 A E 7 5 C 3 B 4
	-> A 3 4 5 6 7 8 B 11 C E F 
Structure 758: 8 6 11 A 7 5 3 D B 4
	-> A 3 4 5 6 7 8 B 11 D 
Structure 759: 8 6 11 A 7 5 C 3 D B 4
	-> A 3 4 5 6 7 8 B 11 C D 
Structure 760: F 8 20 6 11 A E 7 5 C 3 D B 4
	-> A 3 4 5 6 7 8 B 11 C D E F 
Structure 761: 8 6 11 A E 7 5 C 3 D B 4
	-> A 3 4 5 6 7 8 B 11 C D E 
Structure 762: 8 6 11 A E 7 5 3 D B 4
	-> A 3 4 5 6 7 8 B 11 D E 
Structure 763: 8 6 11 A 7 5 C 3 D B 4
	-> A 3 4 5 6 7 8 B 11 C D 
Structure 764: F 8 6 11 A E 7 5 C 3 D B 4
	-> A 3 4 5 6 7 8 B 11 C D E F 
Structure 765: 8 6 11 A E 7 5 C 3 D B 4
	-> A 3 4 5 6 7 8 B 11 C D E 
Structure 766: 8 6 11 A E 7 5 3 D B 4
	-> A 3 4 5 6 7 8 B 11 D E 
Structure 767: 8 6 11 A E 7 5 C 3 D B 4
	-> A 3 4 5 6 7 8 B 11 C D E 
Structure 768: F 8 6 11 A 7 5 C 3 B 4
	-> A 3 4 5 6 7 8 B 11 C F 
Structure 769: 8 6 11 A E 7 5 C 3 D B 4
	-> A 3 4 5 6 7 8 B 11 C D E 
Structure 770: 8 6 11 A E 7 5 C 3 D B 4
	-> A 3 4 5 6 7 8 B 11 C D E 
Structure 771: 8 6 11 A 7 5 C 3 D B 4
	-> A 3 4 5 6 7 8 B 11 C D 
Structure 772: 8 6 11 A E 7 5 C 3 B 4
	-> A 3 4 5 6 7 8 B 11 C E 
Structure 773: 8 6 11 A E 7 5 C 3 B 4
	-> A 3 4 5 6 7 8 B 11 C E 
Structure 774: F 8 6 11 A E 7 5 C 3 B 4
	-> A 3 4 5 6 7 8 B 11 C E F 
Structure 775: F 8 6 11 A 7 5 C 3 D B 4
	-> A 3 4 5 6 7 8 B 11 C D F 
Structure 776: 8 6 11 A E 7 5 3 D B 4
	-> A 3 4 5 6 7 8 B 11 D E 
Structure 777: 8 6 11 A 7 5 3 D B 4
	-> A 3 4 5 6 7 8 B 11 D 
Structure 778: F 8 6 11 A E 7 5 C 3 D B 4
	-> A 3 4 5 6 7 8 B 11 C D E F 
Structure 779: 8 6 11 A E 7 5 16 3 D B 4
	-> A 3 4 5 6 7 8 B 11 D E 16 
Structure 780: 8 6 11 A E 7 5 C 3 B 4
	-> A 3 4 5 6 7 8 B 11 C E 
Structure 781: 8 6 11 A E 7 5 3 B 4
	-> A 3 4 5 6 7 8 B 11 E 
Structure 782: 8 6 11 A 7 5 C 3 D B 4
	-> A 3 4 5 6 7 8 B 11 C D 
Structure 783: 8 6 11 A E 7 5 3 B 4
	-> A 3 4 5 6 7 8 B 11 E 
Structure 784: F 8 6 11 A E 7 5 C 3 D B 4
	-> A 3 4 5 6 7 8 B 11 C D E F 
Structure 785: F 8 6 11 A 7 5 C 3 D B 4
	-> A 3 4 5 6 7 8 B 11 C D F 
Structure 786: F 8 6 11 A 7 5 C 3 D B 4
	-> A 3 4 5 6 7 8 B 11 C D F 
Structure 787: 8 6 11 A 7 5 3 B 4
	-> A 3 4 5 6 7 8 B 11 
Structure 788: 8 6 11 A E 7 5 C 3 B 4
	-> A 3 4 5 6 7 8 B 11 C E 
Structure 789: 8 6 11 A 7 5 C 3 B 4
	-> A 3 4 5 6 7 8 B 11 C 
Structure 790: 8 6 11 A 7 5 C 3 B 4
	-> A 3 4 5 6 7 8 B 11 C 
Structure 791: 8 6 11 A E 7 5 C 3 B 4
	-> A 3 4 5 6 7 8 B 11 C E 
Structure 792: F 8 6 11 A E 7 5 C 3 B 4
	-> A 3 4 5 6 7 8 B 11 C E F 
Structure 793: 8 6 11 A E 7 5 C 3 D B 4
	-> A 3 4 5 6 7 8 B 11 C D E 
Structure 794: 8 6 11 A E 7 5 C 3 D B 4
	-> A 3 4 5 6 7 8 B 11 C D E 
Structure 795: 8 6 11 A E 7 5 C 3 D B 4
	-> A 3 4 5 6 7 8 B 11 C D E 
Structure 796: 8 6 11 A E 7 5 C 3 B 4
	-> A 3 4 5 6 7 8 B 11 C E 
Structure 797: 8 33 6 11 A E 7 30 16 3 B 4
	-> A 3 4 6 7 8 B 11 E 16 
Structure 798: 8 6 11 A 7 5 C 3 D B 4
	-> A 3 4 5 6 7 8 B 11 C D 
Structure 799: 8 6 11 A E 7 5 C 3 B 4
	-> A 3 4 5 6 7 8 B 11 C E 
Structure 800: 8 6 11 A 7 5 C 3 D B 4
	-> A 3 4 5 6 7 8 B 11 C D 
Structure 801: 8 6 11 A E 7 5 3 D B 4
	-> A 3 4 5 6 7 8 B 11 D E 
Structure 802: 8 6 11 A E 7 5 C 3 D B 4
	-> A 3 4 5 6 7 8 B 11 C D E 
Structure 803: 8 6 11 A E 7 5 C 3 B 4
	-> A 3 4 5 6 7 8 B 11 C E 
Structure 804: 8 6 11 A E 7 5 C 3 D B 4
	-> A 3 4 5 6 7 8 B 11 C D E 
Structure 805: 8 6 11 A 7 5 C 3 D B 4
	-> A 3 4 5 6 7 8 B 11 C D 
Structure 806: 8 6 11 A 7 5 C 3 D B 4
	-> A 3 4 5 6 7 8 B 11 C D 
Structure 807: 8 6 11 A 7 5 C 3 D B 4
	-> A 3 4 5 6 7 8 B 11 C D 
Structure 808: F 8 6 11 A E 7 5 C 3 D B 4
	-> A 3 4 5 6 7 8 B 11 C D E F 
Structure 809: 8 6 11 A E 7 5 C 3 B 4
	-> A 3 4 5 6 7 8 B 11 C E 
Structure 810: 8 6 11 A 7 5 C 3 B 4
	-> A 3 4 5 6 7 8 B 11 C 
Structure 811: 8 6 11 A 7 5 C 3 B 4
	-> A 3 4 5 6 7 8 B 11 C 
Structure 812: 8 6 11 A 7 5 C 3 B 4
	-> A 3 4 5 6 7 8 B 11 C 
Structure 813: F 8 6 11 A E 7 5 C 3 D B 4
	-> A 3 4 5 6 7 8 B 11 C D E F 
Structure 814: 8 6 11 A E 7 5 C 3 D 9 44 4
	-> A 3 4 5 6 7 8 11 C D E 
Structure 815: 8 6 11 A E 7 5 3 D B 4
	-> A 3 4 5 6 7 8 B 11 D E 
Structure 816: F 8 6 11 A 7 5 C 3 B 4
	-> A 3 4 5 6 7 8 B 11 C F 
Structure 817: 8 6 11 A 7 5 C 3 D B 4
	-> A 3 4 5 6 7 8 B 11 C D 
Structure 818: 8 6 11 A E 7 5 C 3 D B 4
	-> A 3 4 5 6 7 8 B 11 C D E 
Structure 819: F 8 6 11 A 7 5 C 3 D B 4
	-> A 3 4 5 6 7 8 B 11 C D F 
Structure 820: F 8 6 11 A E 7 5 C 3 D B 4
	-> A 3 4 5 6 7 8 B 11 C D E F 
Structure 821: F 8 6 11 A E 7 5 C 3 D B 4
	-> A 3 4 5 6 7 8 B 11 C D E F 
Structure 822: 8 6 11 A E 7 5 C 3 D B 4
	-> A 3 4 5 6 7 8 B 11 C D E 
Structure 823: 8 6 11 A 7 5 C 3 B 4
	-> A 3 4 5 6 7 8 B 11 C 
Structure 824: 8 6 11 A 7 5 C 3 B 4
	-> A 3 4 5 6 7 8 B 11 C 
Structure 825: 8 6 11 A 7 5 C 3 D B 4
	-> A 3 4 5 6 7 8 B 11 C D 
Structure 826: 8 6 11 A 7 5 C 3 D B 4
	-> A 3 4 5 6 7 8 B 11 C D 
Structure 827: F 8 6 11 A E 7 5 C 3 D B 4
	-> A 3 4 5 6 7 8 B 11 C D E F 
Structure 828: F 8 6 11 A E 7 5 C 3 D B 4
	-> A 3 4 5 6 7 8 B 11 C D E F 
Structure 829: F 8 6 11 A E 7 5 C 3 D B 4
	-> A 3 4 5 6 7 8 B 11 C D E F 
Structure 830: 8 6 11 A 7 5 C 3 B 4
	-> A 3 4 5 6 7 8 B 11 C 
Structure 831: 8 6 11 A E 7 5 16 3 D B 4
	-> A 3 4 5 6 7 8 B 11 D E 16 
Structure 832: 8 6 11 A E 7 5 C 3 D B 4
	-> A 3 4 5 6 7 8 B 11 C D E 
Structure 833: F 8 6 11 A 7 5 16 3 D B 4
	-> A 3 4 5 6 7 8 B 11 D F 16 
Structure 834: 8 6 11 A 7 5 3 B 4
	-> A 3 4 5 6 7 8 B 11 
Structure 835: F 8 6 11 A E 7 5 C 3 D B 4
	-> A 3 4 5 6 7 8 B 11 C D E F 
Structure 836: 8 6 11 A 7 5 16 3 D B 4
	-> A 3 4 5 6 7 8 B 11 D 16 
Structure 837: F 8 6 11 A E 7 5 C 3 D B 4
	-> A 3 4 5 6 7 8 B 11 C D E F 
Structure 838: 8 6 11 A 7 5 C 3 D B 4
	-> A 3 4 5 6 7 8 B 11 C D 
Structure 839: 8 6 11 A E 7 5 C 3 D B 4
	-> A 3 4 5 6 7 8 B 11 C D E 
Structure 840: 8 6 11 A E 7 5 C 3 D B 4
	-> A 3 4 5 6 7 8 B 11 C D E 
Structure 841: 8 6 11 A 7 5 3 D B 4
	-> A 3 4 5 6 7 8 B 11 D 
Structure 842: F 8 6 11 A E 7 5 C 3 D B 4
	-> A 3 4 5 6 7 8 B 11 C D E F 
Structure 843: 8 6 11 A 7 5 C 3 D B 4
	-> A 3 4 5 6 7 8 B 11 C D 
Structure 844: F 8 6 28 A 7 5 C 3 D B 4
	-> A 3 4 5 6 7 8 B C D F 
Structure 845: F 8 6 11 A E 7 5 C 3 D B 4
	-> A 3 4 5 6 7 8 B 11 C D E F 
Structure 846: 8 6 11 A E 7 5 C 3 D B 4
	-> A 3 4 5 6 7 8 B 11 C D E 
Structure 847: 8 6 11 A 7 5 C 3 D B 4
	-> A 3 4 5 6 7 8 B 11 C D 
Structure 848: 8 6 11 A 7 5 C 3 D B 4
	-> A 3 4 5 6 7 8 B 11 C D 
Structure 849: 8 6 11 A E 7 5 3 D B 4
	-> A 3 4 5 6 7 8 B 11 D E 
Structure 850: 8 6 11 A 7 5 C 3 D B 4
	-> A 3 4 5 6 7 8 B 11 C D 
Structure 851: 8 6 11 A 7 5 C 3 D B 4
	-> A 3 4 5 6 7 8 B 11 C D 
Structure 852: 8 6 11 A E 7 5 C 3 D B 4
	-> A 3 4 5 6 7 8 B 11 C D E 
Structure 853: 8 6 11 A E 7 5 C 3 D B 4
	-> A 3 4 5 6 7 8 B 11 C D E 
Structure 854: 8 6 11 A E 7 5 16 3 D B 4
	-> A 3 4 5 6 7 8 B 11 D E 16 
Structure 855: 8 6 11 A E 7 5 C 3 D B 4
	-> A 3 4 5 6 7 8 B 11 C D E 
Structure 856: F 8 6 11 A 7 5 C 3 B 4
	-> A 3 4 5 6 7 8 B 11 C F 
Structure 857: 8 6 11 A E 7 5 C 3 D B 4
	-> A 3 4 5 6 7 8 B 11 C D E 
Structure 858: 8 6 11 A 7 5 C 3 D B 4
	-> A 3 4 5 6 7 8 B 11 C D 
Structure 859: 8 6 11 A E 7 5 C 3 D B 4
	-> A 3 4 5 6 7 8 B 11 C D E 
Structure 860: 8 6 11 A E 7 5 C 3 D B 4
	-> A 3 4 5 6 7 8 B 11 C D E 
Structure 861: 8 6 11 A 7 5 C 3 D B 4
	-> A 3 4 5 6 7 8 B 11 C D 
Structure 862: 8 6 11 A 7 5 C 3 D B 4
	-> A 3 4 5 6 7 8 B 11 C D 
Structure 863: 8 6 11 A 7 5 16 3 D B 4
	-> A 3 4 5 6 7 8 B 11 D 16 
Structure 864: F 8 6 11 A E 7 5 C 3 D B 4
	-> A 3 4 5 6 7 8 B 11 C D E F 
Structure 865: 8 6 11 A E 7 5 C 3 D B 4
	-> A 3 4 5 6 7 8 B 11 C D E 
Structure 866: 8 6 A E 7 5 C 3 D B 4
	-> A 3 4 5 6 7 8 B C D E 
Structure 867: 8 6 11 A 7 5 3 B 4
	-> A 3 4 5 6 7 8 B 11 
Structure 868: F 8 6 11 A E 7 5 C 3 D B 4
	-> A 3 4 5 6 7 8 B 11 C D E F 
Structure 869: 8 6 11 A 7 5 C 3 D B 4
	-> A 3 4 5 6 7 8 B 11 C D 
Structure 870: F 8 6 11 A E 7 5 C 3 D B 4
	-> A 3 4 5 6 7 8 B 11 C D E F 
Structure 871: 8 6 11 A 7 30 5 C 3 B 4
	-> A 3 4 5 6 7 8 B 11 C 
Structure 872: 8 6 11 A E 7 5 C 3 D B 4
	-> A 3 4 5 6 7 8 B 11 C D E 
Structure 873: 8 6 11 A 7 5 3 D B 4
	-> A 3 4 5 6 7 8 B 11 D 
Structure 874: F 8 6 11 A E 7 5 3 D B 4
	-> A 3 4 5 6 7 8 B 11 D E F 
Structure 875: F 8 6 11 A 7 5 3 D B 4
	-> A 3 4 5 6 7 8 B 11 D F 
Structure 876: 8 6 11 A E 7 5 C 3 D B 4
	-> A 3 4 5 6 7 8 B 11 C D E 
Structure 877: 8 6 11 A E 7 5 C 3 D B 4
	-> A 3 4 5 6 7 8 B 11 C D E 
Structure 878: 8 6 11 A E 7 5 C 3 D B 4
	-> A 3 4 5 6 7 8 B 11 C D E 
Structure 879: F 8 6 11 A E 7 5 3 D B 4
	-> A 3 4 5 6 7 8 B 11 D E F 
Structure 880: F 8 6 11 A 7 5 C 3 D B 4
	-> A 3 4 5 6 7 8 B 11 C D F 
Structure 881: F 8 6 11 A E 7 5 C 3 D B 4
	-> A 3 4 5 6 7 8 B 11 C D E F 
Structure 882: 8 6 11 A 7 5 3 D B 4
	-> A 3 4 5 6 7 8 B 11 D 
Structure 883: F 8 6 11 A E 7 5 C 3 D B 4
	-> A 3 4 5 6 7 8 B 11 C D E F 
Structure 884: 8 6 11 A E 7 5 C 3 D B 4
	-> A 3 4 5 6 7 8 B 11 C D E 
Structure 885: 8 6 11 A E 7 5 C 3 D B 4
	-> A 3 4 5 6 7 8 B 11 C D E 
Structure 886: F 8 6 11 A E 7 5 C 3 34 24 4
	-> A 3 4 5 6 7 8 11 C E F 
Structure 887: 8 6 11 A 7 5 C 3 D B 4
	-> A 3 4 5 6 7 8 B 11 C D 
Structure 888: 8 6 11 A E 7 5 C 3 D B 4
	-> A 3 4 5 6 7 8 B 11 C D E 
Structure 889: F 8 6 11 A 7 5 3 B 4
	-> A 3 4 5 6 7 8 B 11 F 
Structure 890: F 8 6 11 A E 7 5 C 3 B 4
	-> A 3 4 5 6 7 8 B 11 C E F 
Structure 891: 8 6 11 A 7 5 3 D B 4
	-> A 3 4 5 6 7 8 B 11 D 
Structure 892: 8 6 11 A 7 5 C 3 D B 4
	-> A 3 4 5 6 7 8 B 11 C D 
Structure 893: 8 6 11 A 7 5 C 3 B 4
	-> A 3 4 5 6 7 8 B 11 C 
Structure 894: 8 6 11 A E 7 5 C 3 B 4
	-> A 3 4 5 6 7 8 B 11 C E 
Structure 895: 8 6 11 A E 7 5 C 3 D B 4
	-> A 3 4 5 6 7 8 B 11 C D E 
Structure 896: 8 6 11 A E 7 5 C 3 D B 4
	-> A 3 4 5 6 7 8 B 11 C D E 
Structure 897: 8 6 11 A E 7 5 C 3 B 4
	-> A 3 4 5 6 7 8 B 11 C E 
Structure 898: F 8 6 11 A E 7 5 3 D B 4
	-> A 3 4 5 6 7 8 B 11 D E F 
Structure 899: 8 6 11 A E 7 5 C 3 D B 4
	-> A 3 4 5 6 7 8 B 11 C D E 
Structure 900: 8 6 11 A E 7 5 C 3 B 4
	-> A 3 4 5 6 7 8 B 11 C E 
Structure 901: 8 6 11 A 7 5 C 3 D B 4
	-> A 3 4 5 6 7 8 B 11 C D 
Structure 902: 8 6 11 A E 7 5 C 3 D B 4
	-> A 3 4 5 6 7 8 B 11 C D E 
Structure 903: 8 6 11 A 7 5 C 3 D B 4
	-> A 3 4 5 6 7 8 B 11 C D 
Structure 904: 8 6 11 A 7 5 3 D B 4
	-> A 3 4 5 6 7 8 B 11 D 
Structure 905: F 8 6 11 A E 7 5 C 3 B 4
	-> A 3 4 5 6 7 8 B 11 C E F 
Structure 906: F 8 6 11 A E 7 5 16 3 D B 4
	-> A 3 4 5 6 7 8 B 11 D E F 16 
Structure 907: 8 6 11 A 7 5 C 3 D B 4
	-> A 3 4 5 6 7 8 B 11 C D 
Structure 908: F 8 6 11 A E 7 5 C 3 B 4
	-> A 3 4 5 6 7 8 B 11 C E F 
Structure 909: 8 6 11 A 7 5 C 3 D B 4
	-> A 3 4 5 6 7 8 B 11 C D 
Structure 910: 8 6 11 A 7 5 C 3 D B 4
	-> A 3 4 5 6 7 8 B 11 C D 
Structure 911: 8 6 11 A 7 5 3 B 4
	-> A 3 4 5 6 7 8 B 11 
Structure 912: 8 6 11 A E 7 5 3 D B 4
	-> A 3 4 5 6 7 8 B 11 D E 
Structure 913: 8 6 11 A E 7 5 C 3 B 4
	-> A 3 4 5 6 7 8 B 11 C E 
Structure 914: 8 6 11 A 7 5 3 D B 4
	-> A 3 4 5 6 7 8 B 11 D 
Structure 915: 8 6 11 A 7 5 C 3 D B 4
	-> A 3 4 5 6 7 8 B 11 C D 
Structure 916: 8 6 11 A E 7 5 C 3 D B 4
	-> A 3 4 5 6 7 8 B 11 C D E 
Structure 917: 8 6 11 A 7 5 3 D B 4
	-> A 3 4 5 6 7 8 B 11 D 
Structure 918: F 8 6 11 A 7 5 C 3 D B 4
	-> A 3 4 5 6 7 8 B 11 C D F 
Structure 919: 8 6 11 A E 7 5 C 3 D B 4
	-> A 3 4 5 6 7 8 B 11 C D E 
Structure 920: 8 6 11 A E 7 5 C 3 D B 4
	-> A 3 4 5 6 7 8 B 11 C D E 
Structure 921: 8 6 11 A E 7 5 C 3 D B 4
	-> A 3 4 5 6 7 8 B 11 C D E 
Structure 922: 8 6 11 A 7 5 C 3 D B 4
	-> A 3 4 5 6 7 8 B 11 C D 
Structure 923: 8 6 11 A 7 5 C 3 D B 4
	-> A 3 4 5 6 7 8 B 11 C D 
Structure 924: 8 6 11 A E 7 5 C 3 D B 4
	-> A 3 4 5 6 7 8 B 11 C D E 
Structure 925: 8 6 11 A 7 5 C 3 B 4
	-> A 3 4 5 6 7 8 B 11 C 
Structure 926: 8 6 A 7 5 C 3 D B 4
	-> A 3 4 5 6 7 8 B C D 
Structure 927: 8 6 11 A 7 5 C 3 D B 4
	-> A 3 4 5 6 7 8 B 11 C D 
Structure 928: 8 6 11 A E 7 5 C 3 D B 4
	-> A 3 4 5 6 7 8 B 11 C D E 
Structure 929: F 8 6 11 A 7 5 C 3 D B 4
	-> A 3 4 5 6 7 8 B 11 C D F 
Structure 930: F 8 6 11 A E 7 5 C 3 D B 4
	-> A 3 4 5 6 7 8 B 11 C D E F 
Structure 931: 8 6 11 A 7 5 3 D B 4
	-> A 3 4 5 6 7 8 B 11 D 
Structure 932: 8 6 11 A E 7 5 C 3 D B 4
	-> A 3 4 5 6 7 8 B 11 C D E 
Structure 933: 8 6 11 A 7 5 C 3 D B 4
	-> A 3 4 5 6 7 8 B 11 C D 
Structure 934: 8 45 6 11 A E 7 5 C 3 D B 4
	-> A 3 4 5 6 7 8 B 11 C D E 
Structure 935: 8 6 11 A 7 5 C 3 D B 4
	-> A 3 4 5 6 7 8 B 11 C D 
Structure 936: 8 20 6 11 A E 7 5 C 3 B 4
	-> A 3 4 5 6 7 8 B 11 C E 
Structure 937: 8 6 11 A 7 5 C 3 D B 4
	-> A 3 4 5 6 7 8 B 11 C D 
Structure 938: 8 6 11 19 A E 7 5 3 D B 4
	-> A 3 4 5 6 7 8 B 11 D E 
Structure 939: 8 6 11 A E 7 5 C 3 B 4
	-> A 3 4 5 6 7 8 B 11 C E 
Structure 940: F 8 46 6 11 A E 7 5 C 3 D B 4
	-> A 3 4 5 6 7 8 B 11 C D E F 
Structure 941: 8 6 A E 7 5 C 3 B 4
	-> A 3 4 5 6 7 8 B C E 
Structure 942: 8 6 11 A E 7 5 C 3 D B 4
	-> A 3 4 5 6 7 8 B 11 C D E 
Structure 943: 8 6 11 A E 7 5 C 3 B 4
	-> A 3 4 5 6 7 8 B 11 C E 
Structure 944: F 8 6 11 A E 7 5 3 D B 4
	-> A 3 4 5 6 7 8 B 11 D E F 
Structure 945: 8 6 11 A E 7 5 3 D B 4
	-> A 3 4 5 6 7 8 B 11 D E 
Structure 946: 8 6 11 A E 7 5 C 3 B 4
	-> A 3 4 5 6 7 8 B 11 C E 
Structure 947: 8 6 11 A E 7 5 C 3 D B 4
	-> A 3 4 5 6 7 8 B 11 C D E 
Structure 948: 8 6 11 A 7 5 3 D B 4
	-> A 3 4 5 6 7 8 B 11 D 
Structure 949: F 8 6 11 A E 7 5 C 3 B 4
	-> A 3 4 5 6 7 8 B 11 C E F 
Structure 950: 8 6 11 A 7 5 C 3 D B 4
	-> A 3 4 5 6 7 8 B 11 C D 
Structure 951: F 8 6 11 A 7 5 3 D B 4
	-> A 3 4 5 6 7 8 B 11 D F 
Structure 952: F 8 6 11 A E 7 5 C 3 D B 4
	-> A 3 4 5 6 7 8 B 11 C D E F 
Structure 953: 8 6 11 A 7 5 C 3 D B 4
	-> A 3 4 5 6 7 8 B 11 C D 
Structure 954: 8 6 11 A E 7 5 C 3 D B 4
	-> A 3 4 5 6 7 8 B 11 C D E 
Structure 955: F 8 6 11 A 7 5 16 3 D B 4
	-> A 3 4 5 6 7 8 B 11 D F 16 
Structure 956: 8 6 11 A 7 5 C 3 D B 4
	-> A 3 4 5 6 7 8 B 11 C D 
Structure 957: 8 6 11 A E 7 5 C 3 B 4
	-> A 3 4 5 6 7 8 B 11 C E 
Structure 958: F 8 6 11 A E 7 5 16 3 D B 4
	-> A 3 4 5 6 7 8 B 11 D E F 16 
Structure 959: 8 6 11 A 7 5 C 3 B 4
	-> A 3 4 5 6 7 8 B 11 C 
Structure 960: F 8 6 11 A E 7 5 C 3 D B 4
	-> A 3 4 5 6 7 8 B 11 C D E F 
Structure 961: 8 6 11 A 7 5 C 3 D B 4
	-> A 3 4 5 6 7 8 B 11 C D 
Structure 962: 8 6 11 A E 7 5 C 3 D B 4
	-> A 3 4 5 6 7 8 B 11 C D E 
Structure 963: F 8 6 11 A 7 5 C 3 D B 4
	-> A 3 4 5 6 7 8 B 11 C D F 
Structure 964: F 8 6 11 A 7 5 C 3 D B 4
	-> A 3 4 5 6 7 8 B 11 C D F 
Structure 965: 8 6 11 A 47 5 C 3 B 4
	-> A 3 4 5 6 8 B 11 C 
Structure 966: 8 6 11 A 7 5 C 3 B 4
	-> A 3 4 5 6 7 8 B 11 C 
Structure 967: 8 6 11 A 7 5 C 3 D B 4
	-> A 3 4 5 6 7 8 B 11 C D 
Structure 968: F 8 6 11 A 7 5 3 B 4
	-> A 3 4 5 6 7 8 B 11 F 
Structure 969: F 8 20 6 11 A 7 5 C 3 B 4
	-> A 3 4 5 6 7 8 B 11 C F 
Structure 970: 8 6 11 A E 7 5 C 3 B 4
	-> A 3 4 5 6 7 8 B 11 C E 
Structure 971: 8 6 11 A 7 5 3 B 4
	-> A 3 4 5 6 7 8 B 11 
Structure 972: 8 6 19 A 7 5 C 3 D B 4
	-> A 3 4 5 6 7 8 B C D 
Structure 973: 8 6 11 A E 7 5 16 3 B 4
	-> A 3 4 5 6 7 8 B 11 E 16 
Structure 974: 8 6 11 A 7 5 C 3 D B 4
	-> A 3 4 5 6 7 8 B 11 C D 
Structure 975: 8 6 11 A 7 5 C 3 48 B 4
	-> A 3 4 5 6 7 8 B 11 C 
Structure 976: F 8 6 11 A E 7 5 C 3 D B 4
	-> A 3 4 5 6 7 8 B 11 C D E F 
Structure 977: F 8 6 11 A E 7 5 C 3 34 24 4
	-> A 3 4 5 6 7 8 11 C E F 
Structure 978: 8 6 11 A E 7 5 C 3 B 4
	-> A 3 4 5 6 7 8 B 11 C E 
Structure 979: F 8 6 11 A E 7 5 3 D B 4
	-> A 3 4 5 6 7 8 B 11 D E F 
Structure 980: 8 6 11 A E 7 5 C 3 D B 4
	-> A 3 4 5 6 7 8 B 11 C D E 
Structure 981: 8 6 11 A E 7 5 C 3 B 4
	-> A 3 4 5 6 7 8 B 11 C E 
Structure 982: F 8 6 11 A E 7 5 C 3 D B 4
	-> A 3 4 5 6 7 8 B 11 C D E F 
Structure 983: 8 6 11 A E 7 5 C 3 D B 4
	-> A 3 4 5 6 7 8 B 11 C D E 
Structure 984: 8 6 A 7 5 C 3 D B 4
	-> A 3 4 5 6 7 8 B C D 
Structure 985: 8 6 11 A 7 5 16 3 D B 4
	-> A 3 4 5 6 7 8 B 11 D 16 
Structure 986: F 8 6 11 A E 7 5 C 3 D B 4
	-> A 3 4 5 6 7 8 B 11 C D E F 
Structure 987: 8 6 11 A E 7 5 C 3 D B 4
	-> A 3 4 5 6 7 8 B 11 C D E 
Structure 988: 8 6 11 A 7 5 C 3 D B 4
	-> A 3 4 5 6 7 8 B 11 C D 
Structure 989: 8 6 11 A 7 5 C 3 D B 4
	-> A 3 4 5 6 7 8 B 11 C D 
Structure 990: 8 6 11 A E 7 5 C 3 D B 4
	-> A 3 4 5 6 7 8 B 11 C D E 
Structure 991: F 8 6 11 A 7 5 3 D B 4
	-> A 3 4 5 6 7 8 B 11 D F 
Structure 992: 8 6 11 A 7 5 C 3 B 4
	-> A 3 4 5 6 7 8 B 11 C 
Structure 993: 8 6 11 A 7 5 3 D B 4
	-> A 3 4 5 6 7 8 B 11 D 
Structure 994: 8 6 11 A E 7 5 3 B 4
	-> A 3 4 5 6 7 8 B 11 E 
Structure 995: F 8 6 11 A E 7 5 C 3 B 4
	-> A 3 4 5 6 7 8 B 11 C E F 
Structure 996: 8 6 11 A 7 5 C 3 D B 4
	-> A 3 4 5 6 7 8 B 11 C D 
Structure 997: 8 6 11 A E 7 5 C 3 D B 4
	-> A 3 4 5 6 7 8 B 11 C D E 
Structure 998: 8 6 11 A E 7 5 C 3 D B 4
	-> A 3 4 5 6 7 8 B 11 C D E 
Structure 999: F 8 6 11 A 7 5 C 3 D B 4
	-> A 3 4 5 6 7 8 B 11 C D F 
Structure 1000: 8 6 11 A E 7 5 C 3 B 4
	-> A 3 4 5 6 7 8 B 11 C E 
