Processing /home/hwilco/Documents/RNA Research/RNAStructProfiling-master/output/training/ykoK/Mycobacterium_kansas.1_sfold/input/Mycobacterium_kansas.1_sfold.out
Structure 1: 8 6 11 1 2 7 5 12 3 13 9 10 4 
	-> 1 2 3 4 5 6 7 8 9 10 11 12 13 
Structure 2: 8 6 11 1 2 14 7 5 12 3 13 9 10 4 
	-> 1 2 3 4 5 6 7 8 9 10 11 12 13 14 
Structure 3: 8 6 11 1 2 14 7 5 12 3 13 9 10 4 
	-> 1 2 3 4 5 6 7 8 9 10 11 12 13 14 
Structure 4: 8 6 11 1 2 7 5 12 3 9 10 4 
	-> 1 2 3 4 5 6 7 8 9 10 11 12 
Structure 5: 8 6 11 1 2 14 7 5 12 3 13 9 10 4 
	-> 1 2 3 4 5 6 7 8 9 10 11 12 13 14 
Structure 6: 8 6 11 1 2 14 7 5 12 3 9 10 4 
	-> 1 2 3 4 5 6 7 8 9 10 11 12 14 
Structure 7: 15 8 6 11 1 2 7 5 12 3 9 10 4 
	-> 1 2 3 4 5 6 7 8 9 10 11 12 15 
Structure 8: 8 6 11 1 2 7 5 12 3 13 9 10 4 
	-> 1 2 3 4 5 6 7 8 9 10 11 12 13 
Structure 9: 15 8 6 11 1 2 7 5 12 3 13 9 10 4 
	-> 1 2 3 4 5 6 7 8 9 10 11 12 13 15 
Structure 10: 8 6 11 1 2 14 7 5 12 3 13 9 10 4 
	-> 1 2 3 4 5 6 7 8 9 10 11 12 13 14 
Structure 11: 8 6 11 1 2 14 7 5 12 3 13 9 10 4 
	-> 1 2 3 4 5 6 7 8 9 10 11 12 13 14 
Structure 12: 15 8 6 19 1 2 14 7 5 12 3 13 9 10 4 
	-> 1 2 3 4 5 6 7 8 9 10 12 13 14 15 
Structure 13: 15 8 6 11 1 2 14 7 5 12 3 13 9 10 4 
	-> 1 2 3 4 5 6 7 8 9 10 11 12 13 14 15 
Structure 14: 8 6 11 1 2 14 7 5 3 13 9 10 4 
	-> 1 2 3 4 5 6 7 8 9 10 11 13 14 
Structure 15: 8 6 11 1 2 14 7 5 12 3 13 9 10 4 
	-> 1 2 3 4 5 6 7 8 9 10 11 12 13 14 
Structure 16: 8 6 11 1 2 7 5 12 3 13 9 10 4 
	-> 1 2 3 4 5 6 7 8 9 10 11 12 13 
Structure 17: 8 6 11 1 2 7 5 12 3 13 9 10 4 
	-> 1 2 3 4 5 6 7 8 9 10 11 12 13 
Structure 18: 8 6 11 1 2 14 7 5 12 3 13 9 10 4 
	-> 1 2 3 4 5 6 7 8 9 10 11 12 13 14 
Structure 19: 8 6 11 1 2 14 7 5 12 3 9 10 4 
	-> 1 2 3 4 5 6 7 8 9 10 11 12 14 
Structure 20: 8 6 11 1 2 14 7 5 12 3 13 9 10 4 
	-> 1 2 3 4 5 6 7 8 9 10 11 12 13 14 
Structure 21: 8 6 11 1 2 14 7 5 12 3 13 9 10 4 
	-> 1 2 3 4 5 6 7 8 9 10 11 12 13 14 
Structure 22: 8 6 11 1 2 7 5 16 3 13 9 10 4 
	-> 1 2 3 4 5 6 7 8 9 10 11 13 16 
Structure 23: 15 8 6 11 1 2 14 7 5 3 13 9 10 4 
	-> 1 2 3 4 5 6 7 8 9 10 11 13 14 15 
Structure 24: 8 6 11 1 2 7 5 12 3 13 9 10 4 
	-> 1 2 3 4 5 6 7 8 9 10 11 12 13 
Structure 25: 8 6 11 1 2 14 7 5 12 3 13 9 10 4 
	-> 1 2 3 4 5 6 7 8 9 10 11 12 13 14 
Structure 26: 8 6 11 1 2 14 7 5 12 3 13 9 10 4 
	-> 1 2 3 4 5 6 7 8 9 10 11 12 13 14 
Structure 27: 8 6 11 1 2 7 5 12 3 9 10 4 
	-> 1 2 3 4 5 6 7 8 9 10 11 12 
Structure 28: 8 6 11 1 2 7 5 12 3 13 9 10 4 
	-> 1 2 3 4 5 6 7 8 9 10 11 12 13 
Structure 29: 8 6 11 1 2 22 7 5 16 3 13 9 10 4 
	-> 1 2 3 4 5 6 7 8 9 10 11 13 16 
Structure 30: 8 6 11 1 2 7 5 3 9 10 4 
	-> 1 2 3 4 5 6 7 8 9 10 11 
Structure 31: 8 6 11 1 2 7 5 3 13 9 10 4 
	-> 1 2 3 4 5 6 7 8 9 10 11 13 
Structure 32: 8 6 1 2 14 7 5 12 3 13 9 10 4 
	-> 1 2 3 4 5 6 7 8 9 10 12 13 14 
Structure 33: 8 6 11 1 2 14 7 5 12 3 13 9 10 4 
	-> 1 2 3 4 5 6 7 8 9 10 11 12 13 14 
Structure 34: 15 8 6 11 1 2 14 7 5 16 3 13 9 10 4 
	-> 1 2 3 4 5 6 7 8 9 10 11 13 14 15 16 
Structure 35: 8 6 11 1 2 14 7 5 3 9 10 4 
	-> 1 2 3 4 5 6 7 8 9 10 11 14 
Structure 36: 8 6 11 1 2 14 35 5 12 3 9 10 4 
	-> 1 2 3 4 5 6 8 9 10 11 12 14 
Structure 37: 8 6 11 1 2 7 5 12 3 13 9 10 4 
	-> 1 2 3 4 5 6 7 8 9 10 11 12 13 
Structure 38: 15 8 6 11 1 2 7 5 16 3 9 10 4 
	-> 1 2 3 4 5 6 7 8 9 10 11 15 16 
Structure 39: 8 6 11 1 2 7 5 12 3 9 10 4 
	-> 1 2 3 4 5 6 7 8 9 10 11 12 
Structure 40: 15 8 6 11 1 2 14 7 5 12 3 9 10 4 
	-> 1 2 3 4 5 6 7 8 9 10 11 12 14 15 
Structure 41: 8 6 11 1 2 7 5 3 13 9 10 4 
	-> 1 2 3 4 5 6 7 8 9 10 11 13 
Structure 42: 8 6 11 1 2 14 7 5 12 3 13 9 10 4 
	-> 1 2 3 4 5 6 7 8 9 10 11 12 13 14 
Structure 43: 8 6 11 1 2 7 5 12 3 13 9 10 4 
	-> 1 2 3 4 5 6 7 8 9 10 11 12 13 
Structure 44: 15 8 6 11 1 2 14 7 5 12 3 13 9 10 4 
	-> 1 2 3 4 5 6 7 8 9 10 11 12 13 14 15 
Structure 45: 8 6 11 1 2 14 7 5 3 13 9 10 4 
	-> 1 2 3 4 5 6 7 8 9 10 11 13 14 
Structure 46: 8 6 11 1 2 14 7 5 12 3 13 9 10 4 
	-> 1 2 3 4 5 6 7 8 9 10 11 12 13 14 
Structure 47: 15 8 6 11 1 2 14 7 5 3 13 9 10 4 
	-> 1 2 3 4 5 6 7 8 9 10 11 13 14 15 
Structure 48: 8 6 11 1 2 14 7 5 12 3 13 9 10 4 
	-> 1 2 3 4 5 6 7 8 9 10 11 12 13 14 
Structure 49: 15 8 6 11 1 2 14 7 5 3 13 9 10 4 
	-> 1 2 3 4 5 6 7 8 9 10 11 13 14 15 
Structure 50: 15 8 6 11 1 2 7 5 12 3 13 9 10 4 
	-> 1 2 3 4 5 6 7 8 9 10 11 12 13 15 
Structure 51: 15 8 6 11 1 2 14 7 5 12 3 13 9 10 4 
	-> 1 2 3 4 5 6 7 8 9 10 11 12 13 14 15 
Structure 52: 8 6 11 1 2 14 7 5 12 3 13 9 10 4 
	-> 1 2 3 4 5 6 7 8 9 10 11 12 13 14 
Structure 53: 8 6 11 1 2 14 7 5 12 3 13 9 10 4 
	-> 1 2 3 4 5 6 7 8 9 10 11 12 13 14 
Structure 54: 8 6 11 1 2 14 7 5 12 3 13 9 10 4 
	-> 1 2 3 4 5 6 7 8 9 10 11 12 13 14 
Structure 55: 8 6 11 1 2 14 7 5 3 9 10 4 
	-> 1 2 3 4 5 6 7 8 9 10 11 14 
Structure 56: 15 8 6 11 1 2 14 7 5 12 3 9 10 4 
	-> 1 2 3 4 5 6 7 8 9 10 11 12 14 15 
Structure 57: 8 6 11 1 2 14 7 5 3 13 9 10 4 
	-> 1 2 3 4 5 6 7 8 9 10 11 13 14 
Structure 58: 15 8 6 11 1 2 14 7 5 12 3 13 9 10 4 
	-> 1 2 3 4 5 6 7 8 9 10 11 12 13 14 15 
Structure 59: 8 1 2 7 5 16 3 13 9 10 4 36 
	-> 1 2 3 4 5 7 8 9 10 13 16 
Structure 60: 15 8 6 11 1 2 14 7 5 12 3 13 9 10 4 
	-> 1 2 3 4 5 6 7 8 9 10 11 12 13 14 15 
Structure 61: 8 6 1 2 14 7 5 12 3 13 9 10 4 
	-> 1 2 3 4 5 6 7 8 9 10 12 13 14 
Structure 62: 8 6 11 1 2 14 7 5 12 3 13 9 10 4 
	-> 1 2 3 4 5 6 7 8 9 10 11 12 13 14 
Structure 63: 15 8 6 11 1 2 14 7 5 12 3 13 9 10 4 
	-> 1 2 3 4 5 6 7 8 9 10 11 12 13 14 15 
Structure 64: 15 8 6 11 1 2 7 5 12 3 13 9 10 4 
	-> 1 2 3 4 5 6 7 8 9 10 11 12 13 15 
Structure 65: 15 8 6 11 1 2 14 7 5 12 3 13 9 10 4 
	-> 1 2 3 4 5 6 7 8 9 10 11 12 13 14 15 
Structure 66: 8 6 11 1 2 14 7 5 12 3 13 9 10 4 
	-> 1 2 3 4 5 6 7 8 9 10 11 12 13 14 
Structure 67: 8 6 11 1 2 14 7 5 12 3 13 9 10 4 
	-> 1 2 3 4 5 6 7 8 9 10 11 12 13 14 
Structure 68: 15 8 6 1 2 18 7 5 3 13 9 10 4 
	-> 1 2 3 4 5 6 7 8 9 10 13 15 
Structure 69: 15 8 6 11 1 2 7 5 12 3 13 9 10 4 
	-> 1 2 3 4 5 6 7 8 9 10 11 12 13 15 
Structure 70: 8 6 11 1 2 14 7 5 12 3 13 9 10 4 
	-> 1 2 3 4 5 6 7 8 9 10 11 12 13 14 
Structure 71: 15 8 6 11 1 2 14 7 5 12 3 13 9 10 4 
	-> 1 2 3 4 5 6 7 8 9 10 11 12 13 14 15 
Structure 72: 15 8 6 11 1 2 7 5 3 13 9 10 4 
	-> 1 2 3 4 5 6 7 8 9 10 11 13 15 
Structure 73: 8 6 11 1 2 7 5 16 3 9 10 4 
	-> 1 2 3 4 5 6 7 8 9 10 11 16 
Structure 74: 15 8 6 11 1 2 7 5 3 13 9 10 4 
	-> 1 2 3 4 5 6 7 8 9 10 11 13 15 
Structure 75: 8 6 11 1 2 7 5 12 3 9 10 4 
	-> 1 2 3 4 5 6 7 8 9 10 11 12 
Structure 76: 8 6 11 1 2 14 7 5 12 3 13 9 10 4 
	-> 1 2 3 4 5 6 7 8 9 10 11 12 13 14 
Structure 77: 15 8 6 11 1 2 7 5 12 3 13 9 10 4 
	-> 1 2 3 4 5 6 7 8 9 10 11 12 13 15 
Structure 78: 8 6 11 1 2 14 7 5 12 3 13 9 10 4 
	-> 1 2 3 4 5 6 7 8 9 10 11 12 13 14 
Structure 79: 15 8 6 11 1 2 7 5 12 3 9 10 4 
	-> 1 2 3 4 5 6 7 8 9 10 11 12 15 
Structure 80: 8 6 11 1 2 7 5 12 3 13 9 10 4 
	-> 1 2 3 4 5 6 7 8 9 10 11 12 13 
Structure 81: 8 6 11 1 2 7 5 12 3 13 9 10 4 
	-> 1 2 3 4 5 6 7 8 9 10 11 12 13 
Structure 82: 8 6 11 1 2 14 7 5 12 3 13 9 10 4 
	-> 1 2 3 4 5 6 7 8 9 10 11 12 13 14 
Structure 83: 15 8 6 11 1 2 14 7 5 12 3 13 9 10 4 
	-> 1 2 3 4 5 6 7 8 9 10 11 12 13 14 15 
Structure 84: 8 6 11 1 2 7 5 12 3 13 9 10 4 
	-> 1 2 3 4 5 6 7 8 9 10 11 12 13 
Structure 85: 8 6 11 1 2 7 5 16 3 13 9 10 4 
	-> 1 2 3 4 5 6 7 8 9 10 11 13 16 
Structure 86: 15 8 6 11 1 2 14 7 5 12 3 9 10 4 
	-> 1 2 3 4 5 6 7 8 9 10 11 12 14 15 
Structure 87: 8 6 11 1 2 14 7 5 12 3 13 9 10 4 
	-> 1 2 3 4 5 6 7 8 9 10 11 12 13 14 
Structure 88: 8 6 11 1 2 14 7 5 3 13 9 10 4 
	-> 1 2 3 4 5 6 7 8 9 10 11 13 14 
Structure 89: 15 8 6 11 1 2 18 7 5 12 3 9 10 4 
	-> 1 2 3 4 5 6 7 8 9 10 11 12 15 
Structure 90: 8 6 11 1 2 7 5 3 13 9 10 4 
	-> 1 2 3 4 5 6 7 8 9 10 11 13 
Structure 91: 15 8 6 11 1 2 14 7 5 12 3 9 10 4 
	-> 1 2 3 4 5 6 7 8 9 10 11 12 14 15 
Structure 92: 15 8 6 11 1 2 14 7 5 16 3 9 10 4 
	-> 1 2 3 4 5 6 7 8 9 10 11 14 15 16 
Structure 93: 8 6 11 1 2 7 5 3 9 10 4 
	-> 1 2 3 4 5 6 7 8 9 10 11 
Structure 94: 15 8 6 11 1 2 14 7 5 12 3 13 9 10 4 
	-> 1 2 3 4 5 6 7 8 9 10 11 12 13 14 15 
Structure 95: 26 27 6 11 1 2 14 7 5 12 3 13 9 10 4 
	-> 1 2 3 4 5 6 7 9 10 11 12 13 14 
Structure 96: 8 6 11 1 2 7 5 3 13 9 10 4 
	-> 1 2 3 4 5 6 7 8 9 10 11 13 
Structure 97: 15 8 6 11 1 2 7 5 3 13 9 10 4 
	-> 1 2 3 4 5 6 7 8 9 10 11 13 15 
Structure 98: 15 8 6 11 1 2 14 7 5 12 3 13 9 10 4 
	-> 1 2 3 4 5 6 7 8 9 10 11 12 13 14 15 
Structure 99: 8 6 1 2 7 5 12 3 13 9 10 4 
	-> 1 2 3 4 5 6 7 8 9 10 12 13 
Structure 100: 15 8 6 11 1 2 7 5 12 3 9 10 4 
	-> 1 2 3 4 5 6 7 8 9 10 11 12 15 
Structure 101: 15 8 6 11 1 2 7 5 16 3 17 9 10 4 
	-> 1 2 3 4 5 6 7 8 9 10 11 15 16 
Structure 102: 8 6 11 1 2 14 7 5 12 3 13 9 10 4 
	-> 1 2 3 4 5 6 7 8 9 10 11 12 13 14 
Structure 103: 15 8 6 11 1 2 14 22 7 5 12 3 13 9 10 4 
	-> 1 2 3 4 5 6 7 8 9 10 11 12 13 14 15 
Structure 104: 8 6 11 1 2 14 7 5 12 3 13 9 10 4 
	-> 1 2 3 4 5 6 7 8 9 10 11 12 13 14 
Structure 105: 8 6 11 1 2 14 7 5 12 3 13 9 10 4 
	-> 1 2 3 4 5 6 7 8 9 10 11 12 13 14 
Structure 106: 15 8 6 11 1 2 7 5 12 3 13 9 10 4 
	-> 1 2 3 4 5 6 7 8 9 10 11 12 13 15 
Structure 107: 8 6 11 1 2 14 7 5 12 3 9 10 4 
	-> 1 2 3 4 5 6 7 8 9 10 11 12 14 
Structure 108: 8 6 11 1 2 18 7 5 16 3 13 9 10 4 
	-> 1 2 3 4 5 6 7 8 9 10 11 13 16 
Structure 109: 8 6 11 1 2 7 5 3 13 9 10 4 
	-> 1 2 3 4 5 6 7 8 9 10 11 13 
Structure 110: 15 8 6 11 1 2 7 5 12 3 13 9 10 4 
	-> 1 2 3 4 5 6 7 8 9 10 11 12 13 15 
Structure 111: 8 6 11 1 2 7 5 12 3 13 9 10 4 
	-> 1 2 3 4 5 6 7 8 9 10 11 12 13 
Structure 112: 8 6 11 1 2 7 5 12 3 13 9 10 4 
	-> 1 2 3 4 5 6 7 8 9 10 11 12 13 
Structure 113: 15 8 6 11 1 2 7 5 16 3 13 9 10 4 
	-> 1 2 3 4 5 6 7 8 9 10 11 13 15 16 
Structure 114: 21 8 6 11 19 1 2 14 7 5 12 3 9 10 4 
	-> 1 2 3 4 5 6 7 8 9 10 11 12 14 
Structure 115: 15 8 6 11 1 2 14 7 5 12 3 9 10 4 
	-> 1 2 3 4 5 6 7 8 9 10 11 12 14 15 
Structure 116: 8 6 11 1 2 7 5 3 13 9 10 4 
	-> 1 2 3 4 5 6 7 8 9 10 11 13 
Structure 117: 8 6 11 1 2 14 7 5 12 3 9 10 4 
	-> 1 2 3 4 5 6 7 8 9 10 11 12 14 
Structure 118: 8 6 11 1 2 7 5 3 13 9 10 4 
	-> 1 2 3 4 5 6 7 8 9 10 11 13 
Structure 119: 8 6 11 1 2 7 5 3 13 9 10 4 
	-> 1 2 3 4 5 6 7 8 9 10 11 13 
Structure 120: 8 6 11 1 2 14 7 5 12 3 13 9 10 4 
	-> 1 2 3 4 5 6 7 8 9 10 11 12 13 14 
Structure 121: 8 6 11 1 2 14 7 5 12 3 13 9 10 4 
	-> 1 2 3 4 5 6 7 8 9 10 11 12 13 14 
Structure 122: 8 6 11 1 2 14 7 5 12 3 13 9 10 4 
	-> 1 2 3 4 5 6 7 8 9 10 11 12 13 14 
Structure 123: 15 8 6 11 1 2 14 7 5 12 3 9 10 4 
	-> 1 2 3 4 5 6 7 8 9 10 11 12 14 15 
Structure 124: 15 8 6 11 1 2 14 7 5 12 3 13 9 10 4 
	-> 1 2 3 4 5 6 7 8 9 10 11 12 13 14 15 
Structure 125: 8 6 11 1 2 14 7 5 12 3 13 9 10 4 
	-> 1 2 3 4 5 6 7 8 9 10 11 12 13 14 
Structure 126: 8 6 11 1 2 14 7 5 12 3 13 9 10 4 
	-> 1 2 3 4 5 6 7 8 9 10 11 12 13 14 
Structure 127: 8 6 11 1 2 7 5 3 13 9 10 4 
	-> 1 2 3 4 5 6 7 8 9 10 11 13 
Structure 128: 15 8 6 11 1 2 7 5 3 13 9 10 4 
	-> 1 2 3 4 5 6 7 8 9 10 11 13 15 
Structure 129: 8 6 11 1 2 7 5 12 3 13 9 10 4 
	-> 1 2 3 4 5 6 7 8 9 10 11 12 13 
Structure 130: 8 6 11 1 2 7 5 3 13 9 10 4 
	-> 1 2 3 4 5 6 7 8 9 10 11 13 
Structure 131: 8 6 11 1 2 7 5 12 3 13 9 10 4 
	-> 1 2 3 4 5 6 7 8 9 10 11 12 13 
Structure 132: 8 6 11 1 2 7 5 12 3 13 9 10 4 
	-> 1 2 3 4 5 6 7 8 9 10 11 12 13 
Structure 133: 8 6 11 1 2 14 7 5 12 3 13 9 10 4 
	-> 1 2 3 4 5 6 7 8 9 10 11 12 13 14 
Structure 134: 15 8 6 11 1 2 14 7 5 12 3 9 10 4 
	-> 1 2 3 4 5 6 7 8 9 10 11 12 14 15 
Structure 135: 8 6 11 1 2 14 7 5 12 3 13 9 10 4 
	-> 1 2 3 4 5 6 7 8 9 10 11 12 13 14 
Structure 136: 8 6 11 1 2 7 5 3 13 9 10 4 
	-> 1 2 3 4 5 6 7 8 9 10 11 13 
Structure 137: 8 6 11 1 2 7 5 16 3 13 9 10 4 
	-> 1 2 3 4 5 6 7 8 9 10 11 13 16 
Structure 138: 15 8 6 11 1 2 7 5 12 3 13 9 10 4 
	-> 1 2 3 4 5 6 7 8 9 10 11 12 13 15 
Structure 139: 15 8 6 11 1 2 14 7 5 12 3 13 9 10 4 
	-> 1 2 3 4 5 6 7 8 9 10 11 12 13 14 15 
Structure 140: 15 8 6 11 1 2 7 5 3 13 9 10 4 
	-> 1 2 3 4 5 6 7 8 9 10 11 13 15 
Structure 141: 8 6 11 1 2 7 5 16 3 13 9 10 4 
	-> 1 2 3 4 5 6 7 8 9 10 11 13 16 
Structure 142: 8 6 11 1 2 7 5 12 3 13 9 10 4 
	-> 1 2 3 4 5 6 7 8 9 10 11 12 13 
Structure 143: 15 8 6 11 1 2 14 7 5 12 3 9 10 4 
	-> 1 2 3 4 5 6 7 8 9 10 11 12 14 15 
Structure 144: 15 8 6 11 1 2 7 5 12 3 13 9 10 4 
	-> 1 2 3 4 5 6 7 8 9 10 11 12 13 15 
Structure 145: 8 6 11 1 2 7 5 12 3 9 10 4 
	-> 1 2 3 4 5 6 7 8 9 10 11 12 
Structure 146: 8 6 11 1 2 14 7 5 12 3 9 10 4 
	-> 1 2 3 4 5 6 7 8 9 10 11 12 14 
Structure 147: 8 6 11 1 2 14 7 5 12 3 9 10 4 
	-> 1 2 3 4 5 6 7 8 9 10 11 12 14 
Structure 148: 15 8 6 11 1 2 14 7 5 12 3 13 9 10 4 
	-> 1 2 3 4 5 6 7 8 9 10 11 12 13 14 15 
Structure 149: 8 6 11 1 2 7 5 16 3 9 10 4 
	-> 1 2 3 4 5 6 7 8 9 10 11 16 
Structure 150: 8 6 11 1 2 14 7 5 12 3 13 9 10 4 
	-> 1 2 3 4 5 6 7 8 9 10 11 12 13 14 
Structure 151: 8 6 11 1 2 14 7 5 12 3 9 10 4 
	-> 1 2 3 4 5 6 7 8 9 10 11 12 14 
Structure 152: 8 6 11 19 1 2 14 7 5 12 3 13 9 10 4 
	-> 1 2 3 4 5 6 7 8 9 10 11 12 13 14 
Structure 153: 8 6 11 1 2 14 7 5 12 3 13 9 10 4 
	-> 1 2 3 4 5 6 7 8 9 10 11 12 13 14 
Structure 154: 8 6 11 1 2 14 7 5 3 13 9 10 4 
	-> 1 2 3 4 5 6 7 8 9 10 11 13 14 
Structure 155: 8 6 11 1 2 14 7 5 12 3 9 10 4 
	-> 1 2 3 4 5 6 7 8 9 10 11 12 14 
Structure 156: 8 6 11 1 2 14 7 5 12 3 13 9 10 4 
	-> 1 2 3 4 5 6 7 8 9 10 11 12 13 14 
Structure 157: 8 6 11 1 2 14 7 5 12 3 13 9 10 4 
	-> 1 2 3 4 5 6 7 8 9 10 11 12 13 14 
Structure 158: 8 6 11 1 2 14 7 5 12 3 13 9 10 4 
	-> 1 2 3 4 5 6 7 8 9 10 11 12 13 14 
Structure 159: 8 6 1 2 7 5 12 3 9 10 4 
	-> 1 2 3 4 5 6 7 8 9 10 12 
Structure 160: 15 8 6 11 1 2 7 5 12 3 13 9 10 4 
	-> 1 2 3 4 5 6 7 8 9 10 11 12 13 15 
Structure 161: 8 6 11 1 2 7 5 12 3 9 10 4 
	-> 1 2 3 4 5 6 7 8 9 10 11 12 
Structure 162: 8 6 11 1 2 7 5 12 3 9 10 4 
	-> 1 2 3 4 5 6 7 8 9 10 11 12 
Structure 163: 15 8 6 11 1 2 14 7 5 3 13 9 10 4 
	-> 1 2 3 4 5 6 7 8 9 10 11 13 14 15 
Structure 164: 8 6 11 1 2 7 5 3 13 9 10 4 
	-> 1 2 3 4 5 6 7 8 9 10 11 13 
Structure 165: 8 6 11 1 2 14 7 5 12 3 13 9 10 4 
	-> 1 2 3 4 5 6 7 8 9 10 11 12 13 14 
Structure 166: 15 8 6 11 1 2 7 5 3 13 9 10 4 
	-> 1 2 3 4 5 6 7 8 9 10 11 13 15 
Structure 167: 8 6 11 1 2 7 5 12 3 13 9 10 4 
	-> 1 2 3 4 5 6 7 8 9 10 11 12 13 
Structure 168: 8 6 11 1 2 14 7 5 12 3 9 10 4 
	-> 1 2 3 4 5 6 7 8 9 10 11 12 14 
Structure 169: 15 8 6 11 1 2 14 7 5 12 3 13 9 10 4 
	-> 1 2 3 4 5 6 7 8 9 10 11 12 13 14 15 
Structure 170: 8 6 11 1 2 7 5 3 9 10 4 
	-> 1 2 3 4 5 6 7 8 9 10 11 
Structure 171: 15 8 6 11 1 2 14 7 5 3 9 10 4 
	-> 1 2 3 4 5 6 7 8 9 10 11 14 15 
Structure 172: 15 8 6 11 1 2 14 7 5 3 13 9 10 4 
	-> 1 2 3 4 5 6 7 8 9 10 11 13 14 15 
Structure 173: 8 6 11 1 2 14 7 5 12 3 9 10 4 
	-> 1 2 3 4 5 6 7 8 9 10 11 12 14 
Structure 174: 8 6 11 1 2 14 7 5 3 13 9 10 4 
	-> 1 2 3 4 5 6 7 8 9 10 11 13 14 
Structure 175: 15 8 6 11 1 2 14 7 5 12 3 13 9 10 4 
	-> 1 2 3 4 5 6 7 8 9 10 11 12 13 14 15 
Structure 176: 8 6 11 1 2 14 7 5 12 3 13 9 10 4 
	-> 1 2 3 4 5 6 7 8 9 10 11 12 13 14 
Structure 177: 15 8 6 11 1 2 7 5 12 3 13 9 10 4 
	-> 1 2 3 4 5 6 7 8 9 10 11 12 13 15 
Structure 178: 8 6 11 1 2 14 7 5 12 3 13 9 10 4 
	-> 1 2 3 4 5 6 7 8 9 10 11 12 13 14 
Structure 179: 8 6 11 1 2 7 5 12 3 13 9 10 4 
	-> 1 2 3 4 5 6 7 8 9 10 11 12 13 
Structure 180: 15 8 6 11 1 2 14 7 5 12 3 9 10 4 
	-> 1 2 3 4 5 6 7 8 9 10 11 12 14 15 
Structure 181: 8 6 11 1 2 7 5 12 3 13 9 10 4 
	-> 1 2 3 4 5 6 7 8 9 10 11 12 13 
Structure 182: 15 8 6 11 1 2 7 5 12 3 13 9 10 4 
	-> 1 2 3 4 5 6 7 8 9 10 11 12 13 15 
Structure 183: 8 6 11 1 2 7 5 12 3 13 9 10 4 
	-> 1 2 3 4 5 6 7 8 9 10 11 12 13 
Structure 184: 15 8 6 11 1 2 7 5 12 3 9 10 4 
	-> 1 2 3 4 5 6 7 8 9 10 11 12 15 
Structure 185: 15 8 6 11 1 2 7 5 12 3 9 10 4 
	-> 1 2 3 4 5 6 7 8 9 10 11 12 15 
Structure 186: 8 6 11 1 2 7 5 12 3 13 9 10 4 
	-> 1 2 3 4 5 6 7 8 9 10 11 12 13 
Structure 187: 8 6 11 1 2 7 5 12 3 13 9 10 4 
	-> 1 2 3 4 5 6 7 8 9 10 11 12 13 
Structure 188: 15 8 6 11 1 2 7 5 12 3 13 9 10 4 
	-> 1 2 3 4 5 6 7 8 9 10 11 12 13 15 
Structure 189: 8 20 6 11 1 2 7 5 16 3 13 9 10 4 
	-> 1 2 3 4 5 6 7 8 9 10 11 13 16 
Structure 190: 8 6 11 1 2 14 7 5 12 3 13 9 10 4 
	-> 1 2 3 4 5 6 7 8 9 10 11 12 13 14 
Structure 191: 15 8 6 11 1 2 14 7 5 12 3 13 9 10 4 
	-> 1 2 3 4 5 6 7 8 9 10 11 12 13 14 15 
Structure 192: 8 6 11 1 2 14 7 5 12 3 13 9 10 4 
	-> 1 2 3 4 5 6 7 8 9 10 11 12 13 14 
Structure 193: 8 6 11 1 2 14 7 5 12 3 13 9 10 4 
	-> 1 2 3 4 5 6 7 8 9 10 11 12 13 14 
Structure 194: 8 6 1 2 14 7 5 3 13 9 10 4 
	-> 1 2 3 4 5 6 7 8 9 10 13 14 
Structure 195: 15 8 6 11 1 2 7 5 12 3 13 9 10 4 
	-> 1 2 3 4 5 6 7 8 9 10 11 12 13 15 
Structure 196: 8 6 11 1 2 14 7 5 12 3 13 9 10 4 
	-> 1 2 3 4 5 6 7 8 9 10 11 12 13 14 
Structure 197: 8 6 11 1 2 14 7 5 12 3 13 9 10 4 
	-> 1 2 3 4 5 6 7 8 9 10 11 12 13 14 
Structure 198: 8 6 11 1 2 14 7 5 3 13 9 10 4 
	-> 1 2 3 4 5 6 7 8 9 10 11 13 14 
Structure 199: 8 6 11 1 2 14 7 5 3 13 9 10 4 
	-> 1 2 3 4 5 6 7 8 9 10 11 13 14 
Structure 200: 8 6 11 1 2 7 5 12 3 13 9 10 4 
	-> 1 2 3 4 5 6 7 8 9 10 11 12 13 
Structure 201: 8 6 11 1 2 7 5 12 3 9 10 4 
	-> 1 2 3 4 5 6 7 8 9 10 11 12 
Structure 202: 8 6 11 1 2 14 7 5 12 3 13 9 10 4 
	-> 1 2 3 4 5 6 7 8 9 10 11 12 13 14 
Structure 203: 8 6 11 1 2 14 7 5 12 3 13 9 10 4 
	-> 1 2 3 4 5 6 7 8 9 10 11 12 13 14 
Structure 204: 15 8 6 11 1 2 14 7 5 3 13 9 10 4 
	-> 1 2 3 4 5 6 7 8 9 10 11 13 14 15 
Structure 205: 15 8 6 11 1 2 14 7 5 12 3 13 9 10 4 
	-> 1 2 3 4 5 6 7 8 9 10 11 12 13 14 15 
Structure 206: 8 6 11 1 2 14 7 5 12 3 13 9 10 4 
	-> 1 2 3 4 5 6 7 8 9 10 11 12 13 14 
Structure 207: 15 8 6 11 1 2 14 7 5 12 3 13 9 10 4 
	-> 1 2 3 4 5 6 7 8 9 10 11 12 13 14 15 
Structure 208: 8 6 11 1 2 7 5 12 3 13 9 10 4 
	-> 1 2 3 4 5 6 7 8 9 10 11 12 13 
Structure 209: 15 8 6 11 1 2 7 5 12 3 13 9 10 4 
	-> 1 2 3 4 5 6 7 8 9 10 11 12 13 15 
Structure 210: 15 8 6 11 1 2 7 5 12 3 13 9 10 4 
	-> 1 2 3 4 5 6 7 8 9 10 11 12 13 15 
Structure 211: 8 6 11 1 2 14 7 5 16 3 13 9 10 4 
	-> 1 2 3 4 5 6 7 8 9 10 11 13 14 16 
Structure 212: 8 6 11 1 2 14 7 5 12 3 13 9 10 4 
	-> 1 2 3 4 5 6 7 8 9 10 11 12 13 14 
Structure 213: 15 8 6 11 1 2 7 5 12 3 9 10 4 
	-> 1 2 3 4 5 6 7 8 9 10 11 12 15 
Structure 214: 8 6 11 1 2 7 5 12 3 13 9 10 4 
	-> 1 2 3 4 5 6 7 8 9 10 11 12 13 
Structure 215: 15 8 6 11 1 2 7 5 16 3 9 10 4 
	-> 1 2 3 4 5 6 7 8 9 10 11 15 16 
Structure 216: 8 6 11 1 2 7 5 3 13 9 10 4 
	-> 1 2 3 4 5 6 7 8 9 10 11 13 
Structure 217: 8 6 11 1 2 14 7 5 3 17 9 10 4 
	-> 1 2 3 4 5 6 7 8 9 10 11 14 
Structure 218: 8 6 11 1 2 14 7 5 12 3 13 9 10 4 
	-> 1 2 3 4 5 6 7 8 9 10 11 12 13 14 
Structure 219: 8 6 11 1 2 14 7 5 12 3 13 9 10 4 
	-> 1 2 3 4 5 6 7 8 9 10 11 12 13 14 
Structure 220: 15 8 6 11 1 2 14 7 5 12 3 13 9 10 4 
	-> 1 2 3 4 5 6 7 8 9 10 11 12 13 14 15 
Structure 221: 8 6 11 1 2 14 7 5 12 3 13 9 10 4 
	-> 1 2 3 4 5 6 7 8 9 10 11 12 13 14 
Structure 222: 8 6 11 1 2 7 5 3 13 9 10 4 
	-> 1 2 3 4 5 6 7 8 9 10 11 13 
Structure 223: 8 6 1 2 14 7 5 12 3 13 9 10 4 
	-> 1 2 3 4 5 6 7 8 9 10 12 13 14 
Structure 224: 8 6 11 1 2 14 7 5 12 3 13 9 10 4 
	-> 1 2 3 4 5 6 7 8 9 10 11 12 13 14 
Structure 225: 8 6 11 1 2 7 5 12 3 13 9 10 4 
	-> 1 2 3 4 5 6 7 8 9 10 11 12 13 
Structure 226: 8 6 11 1 2 7 5 12 3 13 9 10 4 
	-> 1 2 3 4 5 6 7 8 9 10 11 12 13 
Structure 227: 8 6 11 1 2 14 7 5 12 3 9 10 4 
	-> 1 2 3 4 5 6 7 8 9 10 11 12 14 
Structure 228: 8 6 11 1 2 14 7 5 12 3 13 9 10 4 
	-> 1 2 3 4 5 6 7 8 9 10 11 12 13 14 
Structure 229: 8 6 11 1 2 7 5 16 3 13 9 10 4 
	-> 1 2 3 4 5 6 7 8 9 10 11 13 16 
Structure 230: 8 6 11 1 2 7 5 12 3 13 9 10 4 
	-> 1 2 3 4 5 6 7 8 9 10 11 12 13 
Structure 231: 15 8 6 11 1 2 7 5 12 3 13 9 10 4 
	-> 1 2 3 4 5 6 7 8 9 10 11 12 13 15 
Structure 232: 15 8 6 11 1 2 14 7 5 12 3 13 9 10 4 
	-> 1 2 3 4 5 6 7 8 9 10 11 12 13 14 15 
Structure 233: 8 6 11 1 2 14 7 5 12 3 13 9 10 4 
	-> 1 2 3 4 5 6 7 8 9 10 11 12 13 14 
Structure 234: 15 8 6 11 1 2 7 5 12 3 9 10 4 
	-> 1 2 3 4 5 6 7 8 9 10 11 12 15 
Structure 235: 8 6 11 1 2 7 5 12 3 13 9 10 4 
	-> 1 2 3 4 5 6 7 8 9 10 11 12 13 
Structure 236: 8 6 11 1 2 7 5 12 3 9 10 4 
	-> 1 2 3 4 5 6 7 8 9 10 11 12 
Structure 237: 8 6 11 1 2 7 5 12 3 13 9 10 4 
	-> 1 2 3 4 5 6 7 8 9 10 11 12 13 
Structure 238: 8 6 11 1 2 7 5 12 3 13 9 10 4 
	-> 1 2 3 4 5 6 7 8 9 10 11 12 13 
Structure 239: 8 6 11 1 2 14 7 5 3 13 9 10 4 
	-> 1 2 3 4 5 6 7 8 9 10 11 13 14 
Structure 240: 8 6 19 1 2 7 5 12 3 13 9 10 4 
	-> 1 2 3 4 5 6 7 8 9 10 12 13 
Structure 241: 8 6 11 1 2 7 5 3 13 9 10 4 
	-> 1 2 3 4 5 6 7 8 9 10 11 13 
Structure 242: 15 8 6 11 1 2 7 5 12 3 13 9 10 4 
	-> 1 2 3 4 5 6 7 8 9 10 11 12 13 15 
Structure 243: 8 6 11 1 2 7 5 12 3 13 9 10 4 
	-> 1 2 3 4 5 6 7 8 9 10 11 12 13 
Structure 244: 15 8 6 11 1 2 7 5 12 3 13 9 10 4 
	-> 1 2 3 4 5 6 7 8 9 10 11 12 13 15 
Structure 245: 8 6 11 1 2 14 7 5 3 13 9 10 4 
	-> 1 2 3 4 5 6 7 8 9 10 11 13 14 
Structure 246: 8 6 11 1 2 14 7 5 12 3 13 9 10 4 
	-> 1 2 3 4 5 6 7 8 9 10 11 12 13 14 
Structure 247: 15 8 6 11 1 2 7 5 12 3 9 10 4 
	-> 1 2 3 4 5 6 7 8 9 10 11 12 15 
Structure 248: 8 6 11 1 2 14 7 5 12 3 13 9 10 4 
	-> 1 2 3 4 5 6 7 8 9 10 11 12 13 14 
Structure 249: 15 8 6 11 1 2 7 5 12 3 13 9 10 4 
	-> 1 2 3 4 5 6 7 8 9 10 11 12 13 15 
Structure 250: 15 8 6 11 1 2 7 5 12 3 13 9 10 4 
	-> 1 2 3 4 5 6 7 8 9 10 11 12 13 15 
Structure 251: 15 8 6 11 1 2 14 7 5 12 3 9 10 4 
	-> 1 2 3 4 5 6 7 8 9 10 11 12 14 15 
Structure 252: 8 6 11 1 2 14 7 5 12 3 13 9 10 4 
	-> 1 2 3 4 5 6 7 8 9 10 11 12 13 14 
Structure 253: 8 6 11 1 2 7 5 12 3 13 9 10 4 
	-> 1 2 3 4 5 6 7 8 9 10 11 12 13 
Structure 254: 8 6 11 1 2 14 7 5 12 3 13 9 10 4 
	-> 1 2 3 4 5 6 7 8 9 10 11 12 13 14 
Structure 255: 15 8 6 11 1 2 7 5 12 3 13 9 10 4 
	-> 1 2 3 4 5 6 7 8 9 10 11 12 13 15 
Structure 256: 8 6 11 1 2 14 7 5 12 3 13 9 10 4 
	-> 1 2 3 4 5 6 7 8 9 10 11 12 13 14 
Structure 257: 8 6 11 1 2 14 7 5 3 13 9 10 4 
	-> 1 2 3 4 5 6 7 8 9 10 11 13 14 
Structure 258: 8 6 11 1 2 14 7 5 12 3 9 10 4 
	-> 1 2 3 4 5 6 7 8 9 10 11 12 14 
Structure 259: 15 8 6 11 1 2 14 7 5 3 13 9 10 4 
	-> 1 2 3 4 5 6 7 8 9 10 11 13 14 15 
Structure 260: 8 6 11 1 2 14 7 5 12 3 13 9 10 4 
	-> 1 2 3 4 5 6 7 8 9 10 11 12 13 14 
Structure 261: 8 6 11 1 2 7 5 12 3 13 9 10 4 
	-> 1 2 3 4 5 6 7 8 9 10 11 12 13 
Structure 262: 15 8 6 11 1 2 14 7 5 12 3 9 10 4 
	-> 1 2 3 4 5 6 7 8 9 10 11 12 14 15 
Structure 263: 8 6 11 1 2 7 5 12 3 13 9 10 4 
	-> 1 2 3 4 5 6 7 8 9 10 11 12 13 
Structure 264: 8 6 11 1 2 14 7 5 12 3 13 9 10 4 
	-> 1 2 3 4 5 6 7 8 9 10 11 12 13 14 
Structure 265: 15 8 6 11 1 2 7 5 3 13 9 10 4 
	-> 1 2 3 4 5 6 7 8 9 10 11 13 15 
Structure 266: 8 6 11 1 2 14 7 5 3 9 10 4 
	-> 1 2 3 4 5 6 7 8 9 10 11 14 
Structure 267: 8 6 11 1 2 7 5 12 3 13 9 10 4 
	-> 1 2 3 4 5 6 7 8 9 10 11 12 13 
Structure 268: 15 8 6 11 1 2 14 7 5 12 3 13 9 10 4 
	-> 1 2 3 4 5 6 7 8 9 10 11 12 13 14 15 
Structure 269: 8 6 11 1 2 14 7 5 16 3 13 9 10 4 
	-> 1 2 3 4 5 6 7 8 9 10 11 13 14 16 
Structure 270: 8 6 11 1 2 18 7 5 12 3 13 9 10 4 
	-> 1 2 3 4 5 6 7 8 9 10 11 12 13 
Structure 271: 8 6 11 1 2 7 5 12 3 13 9 10 4 
	-> 1 2 3 4 5 6 7 8 9 10 11 12 13 
Structure 272: 15 8 6 11 1 2 14 7 5 12 3 9 10 4 
	-> 1 2 3 4 5 6 7 8 9 10 11 12 14 15 
Structure 273: 8 6 11 1 2 14 7 5 12 3 13 9 10 4 
	-> 1 2 3 4 5 6 7 8 9 10 11 12 13 14 
Structure 274: 8 6 11 1 2 14 7 5 3 13 9 10 4 
	-> 1 2 3 4 5 6 7 8 9 10 11 13 14 
Structure 275: 8 6 11 1 2 14 7 5 3 13 9 10 4 
	-> 1 2 3 4 5 6 7 8 9 10 11 13 14 
Structure 276: 15 8 6 11 1 2 7 5 12 3 13 9 10 4 
	-> 1 2 3 4 5 6 7 8 9 10 11 12 13 15 
Structure 277: 15 8 6 11 1 2 7 5 12 3 13 9 10 4 
	-> 1 2 3 4 5 6 7 8 9 10 11 12 13 15 
Structure 278: 8 6 11 1 2 14 7 5 16 3 13 9 10 4 
	-> 1 2 3 4 5 6 7 8 9 10 11 13 14 16 
Structure 279: 15 8 6 11 1 2 14 7 5 12 3 13 9 10 4 
	-> 1 2 3 4 5 6 7 8 9 10 11 12 13 14 15 
Structure 280: 8 6 11 1 2 14 7 5 12 3 9 10 4 
	-> 1 2 3 4 5 6 7 8 9 10 11 12 14 
Structure 281: 8 6 1 2 7 5 12 3 13 9 10 4 
	-> 1 2 3 4 5 6 7 8 9 10 12 13 
Structure 282: 8 6 11 1 2 14 7 5 12 3 13 9 10 4 
	-> 1 2 3 4 5 6 7 8 9 10 11 12 13 14 
Structure 283: 21 8 6 11 1 2 14 7 5 12 3 13 9 10 4 
	-> 1 2 3 4 5 6 7 8 9 10 11 12 13 14 
Structure 284: 8 6 11 1 2 7 5 12 3 13 9 10 4 
	-> 1 2 3 4 5 6 7 8 9 10 11 12 13 
Structure 285: 8 6 11 1 2 14 7 5 3 13 9 10 4 
	-> 1 2 3 4 5 6 7 8 9 10 11 13 14 
Structure 286: 8 6 11 1 2 14 7 5 12 3 17 9 10 4 
	-> 1 2 3 4 5 6 7 8 9 10 11 12 14 
Structure 287: 8 6 11 1 2 14 7 5 12 3 13 9 10 4 
	-> 1 2 3 4 5 6 7 8 9 10 11 12 13 14 
Structure 288: 15 8 6 11 1 2 14 7 5 12 3 9 10 4 
	-> 1 2 3 4 5 6 7 8 9 10 11 12 14 15 
Structure 289: 8 6 11 1 2 14 7 5 12 3 13 9 10 4 
	-> 1 2 3 4 5 6 7 8 9 10 11 12 13 14 
Structure 290: 15 8 6 11 1 2 14 7 5 12 3 13 9 10 4 
	-> 1 2 3 4 5 6 7 8 9 10 11 12 13 14 15 
Structure 291: 8 6 11 1 2 22 7 5 12 3 13 9 10 4 
	-> 1 2 3 4 5 6 7 8 9 10 11 12 13 
Structure 292: 21 8 6 11 1 2 14 7 5 16 3 13 9 10 4 
	-> 1 2 3 4 5 6 7 8 9 10 11 13 14 16 
Structure 293: 8 6 11 1 2 14 7 5 12 3 13 9 10 4 
	-> 1 2 3 4 5 6 7 8 9 10 11 12 13 14 
Structure 294: 8 6 11 1 2 14 7 5 12 3 13 9 10 4 
	-> 1 2 3 4 5 6 7 8 9 10 11 12 13 14 
Structure 295: 8 6 11 1 2 7 5 12 3 13 9 10 4 
	-> 1 2 3 4 5 6 7 8 9 10 11 12 13 
Structure 296: 8 6 11 1 2 14 7 5 12 3 13 9 10 4 
	-> 1 2 3 4 5 6 7 8 9 10 11 12 13 14 
Structure 297: 8 6 11 1 2 7 5 12 3 13 9 10 4 
	-> 1 2 3 4 5 6 7 8 9 10 11 12 13 
Structure 298: 15 8 6 11 1 2 18 7 5 31 3 13 9 10 4 
	-> 1 2 3 4 5 6 7 8 9 10 11 13 15 
Structure 299: 15 8 6 11 1 2 7 5 16 3 13 9 10 4 
	-> 1 2 3 4 5 6 7 8 9 10 11 13 15 16 
Structure 300: 8 6 11 1 2 7 5 12 3 13 9 10 4 
	-> 1 2 3 4 5 6 7 8 9 10 11 12 13 
Structure 301: 8 6 28 1 2 7 5 12 3 9 10 4 
	-> 1 2 3 4 5 6 7 8 9 10 12 
Structure 302: 15 8 6 11 1 2 14 7 5 12 3 13 9 10 4 
	-> 1 2 3 4 5 6 7 8 9 10 11 12 13 14 15 
Structure 303: 8 6 11 1 2 7 5 12 3 13 9 10 4 
	-> 1 2 3 4 5 6 7 8 9 10 11 12 13 
Structure 304: 8 6 11 1 2 7 5 12 3 13 9 10 4 
	-> 1 2 3 4 5 6 7 8 9 10 11 12 13 
Structure 305: 8 6 11 1 2 14 7 5 12 3 9 10 4 
	-> 1 2 3 4 5 6 7 8 9 10 11 12 14 
Structure 306: 8 6 11 1 2 7 5 12 3 13 9 10 4 
	-> 1 2 3 4 5 6 7 8 9 10 11 12 13 
Structure 307: 8 6 11 1 2 7 5 12 3 9 10 4 
	-> 1 2 3 4 5 6 7 8 9 10 11 12 
Structure 308: 8 6 11 1 2 7 5 12 3 13 9 10 4 
	-> 1 2 3 4 5 6 7 8 9 10 11 12 13 
Structure 309: 15 8 6 11 1 2 7 5 3 9 10 4 
	-> 1 2 3 4 5 6 7 8 9 10 11 15 
Structure 310: 8 6 11 1 2 7 5 12 3 13 9 10 4 
	-> 1 2 3 4 5 6 7 8 9 10 11 12 13 
Structure 311: 8 6 11 1 2 14 7 5 12 3 13 9 10 4 
	-> 1 2 3 4 5 6 7 8 9 10 11 12 13 14 
Structure 312: 8 6 11 1 2 14 7 5 12 3 13 9 10 4 
	-> 1 2 3 4 5 6 7 8 9 10 11 12 13 14 
Structure 313: 8 6 11 1 2 14 7 5 12 3 9 10 4 
	-> 1 2 3 4 5 6 7 8 9 10 11 12 14 
Structure 314: 8 6 11 1 2 14 7 5 12 3 13 9 10 4 
	-> 1 2 3 4 5 6 7 8 9 10 11 12 13 14 
Structure 315: 15 8 6 11 1 2 14 7 5 12 3 13 9 10 4 
	-> 1 2 3 4 5 6 7 8 9 10 11 12 13 14 15 
Structure 316: 15 8 6 11 1 2 7 5 3 13 9 10 4 
	-> 1 2 3 4 5 6 7 8 9 10 11 13 15 
Structure 317: 8 6 11 1 2 7 5 12 3 13 9 10 4 
	-> 1 2 3 4 5 6 7 8 9 10 11 12 13 
Structure 318: 8 6 11 1 2 14 7 5 12 3 9 10 4 
	-> 1 2 3 4 5 6 7 8 9 10 11 12 14 
Structure 319: 8 6 11 1 2 14 7 5 12 3 13 9 10 4 
	-> 1 2 3 4 5 6 7 8 9 10 11 12 13 14 
Structure 320: 15 8 6 1 2 14 7 5 12 3 9 10 4 
	-> 1 2 3 4 5 6 7 8 9 10 12 14 15 
Structure 321: 8 6 11 1 2 14 7 5 12 3 13 9 10 4 
	-> 1 2 3 4 5 6 7 8 9 10 11 12 13 14 
Structure 322: 8 6 11 1 2 7 5 12 3 13 9 10 4 
	-> 1 2 3 4 5 6 7 8 9 10 11 12 13 
Structure 323: 15 8 6 11 1 2 14 7 5 12 3 13 9 10 4 
	-> 1 2 3 4 5 6 7 8 9 10 11 12 13 14 15 
Structure 324: 8 6 11 1 2 14 7 5 12 3 9 10 4 
	-> 1 2 3 4 5 6 7 8 9 10 11 12 14 
Structure 325: 8 6 1 2 14 7 5 3 9 10 4 
	-> 1 2 3 4 5 6 7 8 9 10 14 
Structure 326: 8 6 11 1 2 7 5 12 3 13 9 10 4 
	-> 1 2 3 4 5 6 7 8 9 10 11 12 13 
Structure 327: 8 6 11 19 1 2 14 7 5 12 3 9 10 4 
	-> 1 2 3 4 5 6 7 8 9 10 11 12 14 
Structure 328: 15 8 20 6 11 1 2 14 7 5 12 3 13 9 10 4 
	-> 1 2 3 4 5 6 7 8 9 10 11 12 13 14 15 
Structure 329: 8 6 11 1 2 7 5 12 3 13 9 10 4 
	-> 1 2 3 4 5 6 7 8 9 10 11 12 13 
Structure 330: 8 6 11 1 2 14 7 5 16 3 17 9 10 4 
	-> 1 2 3 4 5 6 7 8 9 10 11 14 16 
Structure 331: 8 6 11 1 2 7 5 12 3 9 10 4 
	-> 1 2 3 4 5 6 7 8 9 10 11 12 
Structure 332: 8 6 11 1 2 14 7 5 12 3 9 10 4 
	-> 1 2 3 4 5 6 7 8 9 10 11 12 14 
Structure 333: 8 6 11 1 2 14 7 5 12 3 13 9 10 4 
	-> 1 2 3 4 5 6 7 8 9 10 11 12 13 14 
Structure 334: 8 6 11 1 2 14 7 5 16 3 13 9 10 4 
	-> 1 2 3 4 5 6 7 8 9 10 11 13 14 16 
Structure 335: 15 8 6 11 1 2 14 7 5 12 3 13 9 10 4 
	-> 1 2 3 4 5 6 7 8 9 10 11 12 13 14 15 
Structure 336: 15 8 37 6 11 1 2 14 7 5 12 3 13 9 10 4 
	-> 1 2 3 4 5 6 7 8 9 10 11 12 13 14 15 
Structure 337: 15 8 6 11 1 2 14 7 5 12 3 9 10 4 
	-> 1 2 3 4 5 6 7 8 9 10 11 12 14 15 
Structure 338: 32 8 6 11 1 2 7 5 12 3 13 9 10 4 
	-> 1 2 3 4 5 6 7 8 9 10 11 12 13 
Structure 339: 8 6 11 1 2 14 7 5 3 9 10 4 
	-> 1 2 3 4 5 6 7 8 9 10 11 14 
Structure 340: 8 6 11 1 2 14 7 5 3 9 10 4 
	-> 1 2 3 4 5 6 7 8 9 10 11 14 
Structure 341: 8 6 11 1 2 14 7 5 16 3 13 9 10 4 
	-> 1 2 3 4 5 6 7 8 9 10 11 13 14 16 
Structure 342: 8 6 11 1 29 2 14 7 5 3 13 9 10 4 
	-> 1 2 3 4 5 6 7 8 9 10 11 13 14 
Structure 343: 8 6 11 1 2 7 5 12 3 13 9 10 4 
	-> 1 2 3 4 5 6 7 8 9 10 11 12 13 
Structure 344: 8 6 11 1 2 7 5 12 3 13 9 10 4 
	-> 1 2 3 4 5 6 7 8 9 10 11 12 13 
Structure 345: 8 6 11 1 2 14 7 5 16 3 13 9 10 4 
	-> 1 2 3 4 5 6 7 8 9 10 11 13 14 16 
Structure 346: 8 6 11 1 2 14 7 5 12 3 13 9 10 4 
	-> 1 2 3 4 5 6 7 8 9 10 11 12 13 14 
Structure 347: 15 8 6 11 1 2 14 7 5 12 3 9 10 4 
	-> 1 2 3 4 5 6 7 8 9 10 11 12 14 15 
Structure 348: 8 6 11 1 2 14 7 5 12 3 13 9 10 4 
	-> 1 2 3 4 5 6 7 8 9 10 11 12 13 14 
Structure 349: 15 8 6 11 1 2 7 5 12 3 13 9 10 4 
	-> 1 2 3 4 5 6 7 8 9 10 11 12 13 15 
Structure 350: 8 6 11 1 2 14 7 5 12 3 9 10 4 
	-> 1 2 3 4 5 6 7 8 9 10 11 12 14 
Structure 351: 8 6 11 1 2 7 5 16 3 9 10 4 
	-> 1 2 3 4 5 6 7 8 9 10 11 16 
Structure 352: 8 6 11 1 2 14 7 5 12 3 13 9 10 4 
	-> 1 2 3 4 5 6 7 8 9 10 11 12 13 14 
Structure 353: 8 6 11 1 2 7 5 12 3 13 9 10 4 
	-> 1 2 3 4 5 6 7 8 9 10 11 12 13 
Structure 354: 8 6 11 1 2 7 5 12 3 13 9 10 4 
	-> 1 2 3 4 5 6 7 8 9 10 11 12 13 
Structure 355: 8 6 11 1 2 14 7 5 3 13 9 10 4 
	-> 1 2 3 4 5 6 7 8 9 10 11 13 14 
Structure 356: 8 6 11 1 2 7 5 12 3 13 9 10 4 
	-> 1 2 3 4 5 6 7 8 9 10 11 12 13 
Structure 357: 15 8 6 11 1 2 7 5 3 13 9 10 4 
	-> 1 2 3 4 5 6 7 8 9 10 11 13 15 
Structure 358: 15 8 6 11 1 2 14 7 5 12 3 13 9 10 4 
	-> 1 2 3 4 5 6 7 8 9 10 11 12 13 14 15 
Structure 359: 8 6 11 1 2 14 7 5 12 3 9 10 4 
	-> 1 2 3 4 5 6 7 8 9 10 11 12 14 
Structure 360: 15 8 6 11 1 2 7 5 12 3 9 10 4 
	-> 1 2 3 4 5 6 7 8 9 10 11 12 15 
Structure 361: 8 6 11 1 2 14 7 5 12 3 13 9 10 4 
	-> 1 2 3 4 5 6 7 8 9 10 11 12 13 14 
Structure 362: 15 8 6 11 1 2 14 7 5 12 3 13 9 10 4 
	-> 1 2 3 4 5 6 7 8 9 10 11 12 13 14 15 
Structure 363: 8 6 11 1 2 7 5 12 3 13 9 10 4 
	-> 1 2 3 4 5 6 7 8 9 10 11 12 13 
Structure 364: 8 6 11 1 2 14 7 5 12 3 13 9 10 4 
	-> 1 2 3 4 5 6 7 8 9 10 11 12 13 14 
Structure 365: 8 6 11 1 2 14 7 5 3 13 9 10 4 
	-> 1 2 3 4 5 6 7 8 9 10 11 13 14 
Structure 366: 15 8 6 11 1 2 14 7 5 3 9 10 4 
	-> 1 2 3 4 5 6 7 8 9 10 11 14 15 
Structure 367: 8 6 11 1 2 14 7 5 3 9 10 4 
	-> 1 2 3 4 5 6 7 8 9 10 11 14 
Structure 368: 15 8 6 11 1 2 14 7 5 12 3 13 9 10 4 
	-> 1 2 3 4 5 6 7 8 9 10 11 12 13 14 15 
Structure 369: 8 6 11 1 2 14 7 5 12 3 9 10 4 
	-> 1 2 3 4 5 6 7 8 9 10 11 12 14 
Structure 370: 8 6 11 1 2 7 5 12 3 13 9 10 4 
	-> 1 2 3 4 5 6 7 8 9 10 11 12 13 
Structure 371: 15 8 6 11 1 2 14 7 5 12 3 13 9 10 4 
	-> 1 2 3 4 5 6 7 8 9 10 11 12 13 14 15 
Structure 372: 15 8 6 11 1 2 14 7 5 12 3 13 9 10 4 
	-> 1 2 3 4 5 6 7 8 9 10 11 12 13 14 15 
Structure 373: 8 6 11 1 2 7 5 12 3 13 9 10 4 
	-> 1 2 3 4 5 6 7 8 9 10 11 12 13 
Structure 374: 8 6 11 1 2 7 5 12 3 13 9 10 4 
	-> 1 2 3 4 5 6 7 8 9 10 11 12 13 
Structure 375: 15 8 6 11 1 2 18 7 5 3 13 9 10 4 
	-> 1 2 3 4 5 6 7 8 9 10 11 13 15 
Structure 376: 8 6 11 1 2 7 5 12 3 13 9 10 4 
	-> 1 2 3 4 5 6 7 8 9 10 11 12 13 
Structure 377: 15 8 6 11 1 2 14 7 5 12 3 9 10 4 
	-> 1 2 3 4 5 6 7 8 9 10 11 12 14 15 
Structure 378: 15 8 6 11 1 2 7 5 3 13 9 10 4 
	-> 1 2 3 4 5 6 7 8 9 10 11 13 15 
Structure 379: 15 8 6 11 1 2 14 7 5 12 3 9 10 4 
	-> 1 2 3 4 5 6 7 8 9 10 11 12 14 15 
Structure 380: 8 6 11 1 2 14 7 5 12 3 13 9 10 4 
	-> 1 2 3 4 5 6 7 8 9 10 11 12 13 14 
Structure 381: 15 8 6 11 1 2 7 5 12 3 13 9 10 4 
	-> 1 2 3 4 5 6 7 8 9 10 11 12 13 15 
Structure 382: 15 8 6 11 1 2 7 5 12 3 13 9 10 4 
	-> 1 2 3 4 5 6 7 8 9 10 11 12 13 15 
Structure 383: 8 6 11 1 2 14 7 5 12 3 9 10 4 
	-> 1 2 3 4 5 6 7 8 9 10 11 12 14 
Structure 384: 15 8 6 11 1 2 14 7 5 3 13 9 10 4 
	-> 1 2 3 4 5 6 7 8 9 10 11 13 14 15 
Structure 385: 15 8 6 11 1 2 7 5 12 3 13 9 10 4 
	-> 1 2 3 4 5 6 7 8 9 10 11 12 13 15 
Structure 386: 8 6 11 1 2 14 7 5 12 3 9 10 4 
	-> 1 2 3 4 5 6 7 8 9 10 11 12 14 
Structure 387: 8 6 11 1 2 14 7 5 12 3 13 9 10 4 
	-> 1 2 3 4 5 6 7 8 9 10 11 12 13 14 
Structure 388: 8 6 11 1 2 22 7 5 12 3 13 9 10 4 
	-> 1 2 3 4 5 6 7 8 9 10 11 12 13 
Structure 389: 15 8 6 11 1 2 7 5 16 3 13 9 10 4 
	-> 1 2 3 4 5 6 7 8 9 10 11 13 15 16 
Structure 390: 15 8 6 11 1 2 7 5 3 9 10 4 
	-> 1 2 3 4 5 6 7 8 9 10 11 15 
Structure 391: 15 8 6 11 1 2 7 30 5 12 3 9 10 4 
	-> 1 2 3 4 5 6 7 8 9 10 11 12 15 
Structure 392: 15 8 20 6 11 1 2 7 5 3 13 9 10 4 
	-> 1 2 3 4 5 6 7 8 9 10 11 13 15 
Structure 393: 8 6 11 1 2 14 7 5 12 3 13 9 10 4 
	-> 1 2 3 4 5 6 7 8 9 10 11 12 13 14 
Structure 394: 8 6 11 1 2 14 7 5 12 3 38 24 4 
	-> 1 2 3 4 5 6 7 8 11 12 14 
Structure 395: 8 6 11 1 2 7 5 12 3 13 9 10 4 
	-> 1 2 3 4 5 6 7 8 9 10 11 12 13 
Structure 396: 8 6 11 1 2 14 7 5 12 3 13 9 10 4 
	-> 1 2 3 4 5 6 7 8 9 10 11 12 13 14 
Structure 397: 15 8 6 11 1 2 14 7 5 12 3 13 9 10 4 
	-> 1 2 3 4 5 6 7 8 9 10 11 12 13 14 15 
Structure 398: 8 6 11 1 2 7 5 12 3 9 10 4 
	-> 1 2 3 4 5 6 7 8 9 10 11 12 
Structure 399: 8 6 11 1 2 7 5 12 3 13 9 10 4 
	-> 1 2 3 4 5 6 7 8 9 10 11 12 13 
Structure 400: 8 6 11 1 2 7 5 3 13 9 10 4 
	-> 1 2 3 4 5 6 7 8 9 10 11 13 
Structure 401: 8 6 11 1 2 14 7 5 12 3 13 9 10 4 
	-> 1 2 3 4 5 6 7 8 9 10 11 12 13 14 
Structure 402: 8 6 11 1 2 14 7 5 12 3 9 10 4 
	-> 1 2 3 4 5 6 7 8 9 10 11 12 14 
Structure 403: 15 8 6 11 1 2 14 7 5 12 3 9 10 4 
	-> 1 2 3 4 5 6 7 8 9 10 11 12 14 15 
Structure 404: 8 6 11 1 2 14 7 5 3 13 9 10 4 
	-> 1 2 3 4 5 6 7 8 9 10 11 13 14 
Structure 405: 8 6 11 1 2 7 5 12 3 13 9 10 4 
	-> 1 2 3 4 5 6 7 8 9 10 11 12 13 
Structure 406: 8 6 11 1 2 14 7 5 12 3 9 10 4 
	-> 1 2 3 4 5 6 7 8 9 10 11 12 14 
Structure 407: 8 6 11 1 2 14 7 5 12 3 9 10 4 
	-> 1 2 3 4 5 6 7 8 9 10 11 12 14 
Structure 408: 8 6 11 1 2 7 5 3 9 10 4 
	-> 1 2 3 4 5 6 7 8 9 10 11 
Structure 409: 8 6 11 1 2 14 7 5 12 3 17 9 10 4 
	-> 1 2 3 4 5 6 7 8 9 10 11 12 14 
Structure 410: 8 6 11 1 2 14 7 5 12 3 13 9 10 4 
	-> 1 2 3 4 5 6 7 8 9 10 11 12 13 14 
Structure 411: 8 6 11 1 2 14 7 5 12 3 9 10 4 
	-> 1 2 3 4 5 6 7 8 9 10 11 12 14 
Structure 412: 15 8 6 11 1 2 14 7 5 12 3 13 9 10 4 
	-> 1 2 3 4 5 6 7 8 9 10 11 12 13 14 15 
Structure 413: 8 6 11 19 1 2 7 5 16 3 13 9 10 4 
	-> 1 2 3 4 5 6 7 8 9 10 11 13 16 
Structure 414: 15 8 6 11 1 2 14 7 5 12 3 13 9 10 4 
	-> 1 2 3 4 5 6 7 8 9 10 11 12 13 14 15 
Structure 415: 8 6 11 1 2 14 7 5 12 3 13 9 10 4 
	-> 1 2 3 4 5 6 7 8 9 10 11 12 13 14 
Structure 416: 8 6 11 1 2 7 5 12 3 9 10 4 
	-> 1 2 3 4 5 6 7 8 9 10 11 12 
Structure 417: 8 6 11 1 2 14 7 5 12 3 13 9 10 4 
	-> 1 2 3 4 5 6 7 8 9 10 11 12 13 14 
Structure 418: 8 6 11 1 2 14 7 5 3 13 9 10 4 
	-> 1 2 3 4 5 6 7 8 9 10 11 13 14 
Structure 419: 15 8 6 11 1 2 14 7 5 12 3 13 9 10 4 
	-> 1 2 3 4 5 6 7 8 9 10 11 12 13 14 15 
Structure 420: 8 6 11 1 2 7 5 12 3 13 9 10 4 
	-> 1 2 3 4 5 6 7 8 9 10 11 12 13 
Structure 421: 8 6 11 1 2 14 7 5 12 3 13 9 10 4 
	-> 1 2 3 4 5 6 7 8 9 10 11 12 13 14 
Structure 422: 8 6 11 1 2 14 7 5 16 3 13 9 10 4 
	-> 1 2 3 4 5 6 7 8 9 10 11 13 14 16 
Structure 423: 39 6 11 1 2 7 5 12 3 13 9 10 4 
	-> 1 2 3 4 5 6 7 9 10 11 12 13 
Structure 424: 8 6 11 1 2 14 7 5 12 3 13 9 10 4 
	-> 1 2 3 4 5 6 7 8 9 10 11 12 13 14 
Structure 425: 8 6 11 1 2 7 5 12 3 13 9 10 4 
	-> 1 2 3 4 5 6 7 8 9 10 11 12 13 
Structure 426: 15 8 6 11 1 2 7 5 3 13 9 10 4 
	-> 1 2 3 4 5 6 7 8 9 10 11 13 15 
Structure 427: 8 6 11 1 2 14 7 5 12 3 13 9 10 4 
	-> 1 2 3 4 5 6 7 8 9 10 11 12 13 14 
Structure 428: 8 6 11 1 2 14 7 5 12 3 13 9 10 4 
	-> 1 2 3 4 5 6 7 8 9 10 11 12 13 14 
Structure 429: 8 6 11 1 2 7 5 3 13 9 10 4 
	-> 1 2 3 4 5 6 7 8 9 10 11 13 
Structure 430: 8 6 11 1 2 7 5 16 3 13 9 10 4 
	-> 1 2 3 4 5 6 7 8 9 10 11 13 16 
Structure 431: 15 8 6 11 1 2 7 5 12 3 17 9 10 4 
	-> 1 2 3 4 5 6 7 8 9 10 11 12 15 
Structure 432: 8 6 11 1 2 14 7 5 16 3 13 9 10 4 
	-> 1 2 3 4 5 6 7 8 9 10 11 13 14 16 
Structure 433: 15 8 6 11 1 2 14 7 5 12 3 13 9 10 4 
	-> 1 2 3 4 5 6 7 8 9 10 11 12 13 14 15 
Structure 434: 8 6 11 1 2 7 5 12 3 13 9 10 4 
	-> 1 2 3 4 5 6 7 8 9 10 11 12 13 
Structure 435: 8 6 11 1 2 7 5 12 3 13 9 10 4 
	-> 1 2 3 4 5 6 7 8 9 10 11 12 13 
Structure 436: 8 6 11 1 2 14 7 5 12 3 13 9 10 4 
	-> 1 2 3 4 5 6 7 8 9 10 11 12 13 14 
Structure 437: 8 6 11 1 2 14 7 5 12 3 13 9 10 4 
	-> 1 2 3 4 5 6 7 8 9 10 11 12 13 14 
Structure 438: 8 6 11 1 2 14 7 5 12 3 9 10 4 
	-> 1 2 3 4 5 6 7 8 9 10 11 12 14 
Structure 439: 8 6 11 1 2 7 5 3 9 10 4 
	-> 1 2 3 4 5 6 7 8 9 10 11 
Structure 440: 21 8 6 11 1 2 14 7 5 12 3 13 9 10 4 
	-> 1 2 3 4 5 6 7 8 9 10 11 12 13 14 
Structure 441: 8 6 11 1 2 14 7 5 12 3 13 9 10 4 
	-> 1 2 3 4 5 6 7 8 9 10 11 12 13 14 
Structure 442: 15 8 6 11 1 2 14 7 5 12 3 13 9 10 4 
	-> 1 2 3 4 5 6 7 8 9 10 11 12 13 14 15 
Structure 443: 8 6 11 1 2 14 7 5 16 3 9 10 4 
	-> 1 2 3 4 5 6 7 8 9 10 11 14 16 
Structure 444: 8 6 11 1 2 14 7 5 12 3 13 9 10 4 
	-> 1 2 3 4 5 6 7 8 9 10 11 12 13 14 
Structure 445: 8 6 11 1 2 14 7 5 12 3 13 9 10 4 
	-> 1 2 3 4 5 6 7 8 9 10 11 12 13 14 
Structure 446: 8 6 11 1 2 7 5 12 3 9 10 4 
	-> 1 2 3 4 5 6 7 8 9 10 11 12 
Structure 447: 15 8 6 11 1 2 14 7 5 12 3 9 10 4 
	-> 1 2 3 4 5 6 7 8 9 10 11 12 14 15 
Structure 448: 8 6 11 1 2 7 5 16 3 40 24 4 
	-> 1 2 3 4 5 6 7 8 11 16 
Structure 449: 8 6 11 1 2 7 5 12 3 13 9 10 4 
	-> 1 2 3 4 5 6 7 8 9 10 11 12 13 
Structure 450: 8 6 11 1 2 14 7 5 12 3 13 9 10 4 
	-> 1 2 3 4 5 6 7 8 9 10 11 12 13 14 
Structure 451: 8 6 11 1 2 7 5 12 3 13 9 10 4 
	-> 1 2 3 4 5 6 7 8 9 10 11 12 13 
Structure 452: 15 8 6 11 1 2 7 5 12 3 13 9 10 4 
	-> 1 2 3 4 5 6 7 8 9 10 11 12 13 15 
Structure 453: 8 6 11 1 2 14 7 5 12 3 9 10 4 
	-> 1 2 3 4 5 6 7 8 9 10 11 12 14 
Structure 454: 8 6 11 1 2 7 5 12 3 13 9 10 4 
	-> 1 2 3 4 5 6 7 8 9 10 11 12 13 
Structure 455: 8 6 11 1 2 14 7 5 12 3 13 9 10 4 
	-> 1 2 3 4 5 6 7 8 9 10 11 12 13 14 
Structure 456: 8 6 1 2 14 7 5 3 13 9 10 4 
	-> 1 2 3 4 5 6 7 8 9 10 13 14 
Structure 457: 8 6 11 1 2 14 7 5 12 3 13 9 10 4 
	-> 1 2 3 4 5 6 7 8 9 10 11 12 13 14 
Structure 458: 8 6 11 1 2 14 7 5 25 3 13 9 10 4 
	-> 1 2 3 4 5 6 7 8 9 10 11 13 14 
Structure 459: 8 6 11 1 2 14 7 5 12 3 9 10 4 
	-> 1 2 3 4 5 6 7 8 9 10 11 12 14 
Structure 460: 15 8 6 11 1 2 7 5 12 3 13 9 10 4 
	-> 1 2 3 4 5 6 7 8 9 10 11 12 13 15 
Structure 461: 8 6 11 1 2 7 5 12 3 13 9 10 4 
	-> 1 2 3 4 5 6 7 8 9 10 11 12 13 
Structure 462: 15 8 6 11 1 2 14 7 5 12 3 13 9 10 4 
	-> 1 2 3 4 5 6 7 8 9 10 11 12 13 14 15 
Structure 463: 8 6 11 1 2 14 7 5 12 3 13 9 10 4 
	-> 1 2 3 4 5 6 7 8 9 10 11 12 13 14 
Structure 464: 8 6 11 1 2 14 7 5 12 3 13 9 10 4 
	-> 1 2 3 4 5 6 7 8 9 10 11 12 13 14 
Structure 465: 8 6 11 1 2 14 7 5 12 3 13 9 10 4 
	-> 1 2 3 4 5 6 7 8 9 10 11 12 13 14 
Structure 466: 8 6 11 1 2 14 7 5 12 3 13 9 10 4 
	-> 1 2 3 4 5 6 7 8 9 10 11 12 13 14 
Structure 467: 8 6 11 1 2 14 7 5 12 3 13 9 10 4 
	-> 1 2 3 4 5 6 7 8 9 10 11 12 13 14 
Structure 468: 8 6 11 1 2 14 7 5 12 3 13 9 10 4 
	-> 1 2 3 4 5 6 7 8 9 10 11 12 13 14 
Structure 469: 8 6 11 1 2 14 7 5 12 3 9 10 4 
	-> 1 2 3 4 5 6 7 8 9 10 11 12 14 
Structure 470: 15 8 6 1 2 7 5 12 3 9 10 4 
	-> 1 2 3 4 5 6 7 8 9 10 12 15 
Structure 471: 15 8 6 11 1 2 7 5 12 3 13 9 10 4 
	-> 1 2 3 4 5 6 7 8 9 10 11 12 13 15 
Structure 472: 8 6 11 1 2 7 5 16 3 13 9 10 4 
	-> 1 2 3 4 5 6 7 8 9 10 11 13 16 
Structure 473: 8 6 11 1 2 14 7 5 3 13 9 10 4 
	-> 1 2 3 4 5 6 7 8 9 10 11 13 14 
Structure 474: 8 6 11 1 2 14 7 5 12 3 13 9 10 4 
	-> 1 2 3 4 5 6 7 8 9 10 11 12 13 14 
Structure 475: 8 6 11 1 2 14 7 5 12 3 9 10 4 
	-> 1 2 3 4 5 6 7 8 9 10 11 12 14 
Structure 476: 15 8 6 11 1 2 7 5 16 3 13 9 10 4 
	-> 1 2 3 4 5 6 7 8 9 10 11 13 15 16 
Structure 477: 15 8 6 11 1 2 7 5 12 3 13 9 10 4 
	-> 1 2 3 4 5 6 7 8 9 10 11 12 13 15 
Structure 478: 8 6 11 1 2 7 5 12 3 9 10 4 
	-> 1 2 3 4 5 6 7 8 9 10 11 12 
Structure 479: 15 8 6 11 1 2 14 7 5 12 3 9 10 4 
	-> 1 2 3 4 5 6 7 8 9 10 11 12 14 15 
Structure 480: 8 6 11 1 2 14 7 5 12 3 13 9 10 4 
	-> 1 2 3 4 5 6 7 8 9 10 11 12 13 14 
Structure 481: 8 6 11 1 2 14 7 5 3 9 10 4 
	-> 1 2 3 4 5 6 7 8 9 10 11 14 
Structure 482: 8 6 11 1 2 7 5 12 3 9 10 4 
	-> 1 2 3 4 5 6 7 8 9 10 11 12 
Structure 483: 15 8 6 11 1 2 14 22 7 5 3 13 9 10 4 
	-> 1 2 3 4 5 6 7 8 9 10 11 13 14 15 
Structure 484: 8 6 11 1 2 14 7 5 12 3 9 10 4 
	-> 1 2 3 4 5 6 7 8 9 10 11 12 14 
Structure 485: 8 6 11 1 2 14 7 5 12 3 13 9 10 4 
	-> 1 2 3 4 5 6 7 8 9 10 11 12 13 14 
Structure 486: 15 8 6 11 1 2 14 7 5 12 3 13 9 10 4 
	-> 1 2 3 4 5 6 7 8 9 10 11 12 13 14 15 
Structure 487: 8 6 11 1 2 14 7 5 16 3 13 9 10 4 
	-> 1 2 3 4 5 6 7 8 9 10 11 13 14 16 
Structure 488: 8 6 11 1 2 14 7 5 12 3 13 9 10 4 
	-> 1 2 3 4 5 6 7 8 9 10 11 12 13 14 
Structure 489: 15 8 6 11 1 2 7 5 3 13 9 10 4 
	-> 1 2 3 4 5 6 7 8 9 10 11 13 15 
Structure 490: 8 6 11 1 2 14 7 5 12 3 13 9 10 4 
	-> 1 2 3 4 5 6 7 8 9 10 11 12 13 14 
Structure 491: 8 6 11 1 2 7 5 12 3 13 9 10 4 
	-> 1 2 3 4 5 6 7 8 9 10 11 12 13 
Structure 492: 15 8 6 11 1 2 7 5 12 3 9 10 4 
	-> 1 2 3 4 5 6 7 8 9 10 11 12 15 
Structure 493: 8 6 11 1 2 14 7 5 12 3 9 10 4 
	-> 1 2 3 4 5 6 7 8 9 10 11 12 14 
Structure 494: 8 6 11 1 2 7 5 12 3 13 9 10 4 
	-> 1 2 3 4 5 6 7 8 9 10 11 12 13 
Structure 495: 8 6 11 1 2 14 7 5 3 9 10 4 
	-> 1 2 3 4 5 6 7 8 9 10 11 14 
Structure 496: 15 8 6 11 1 2 7 5 3 13 9 10 4 
	-> 1 2 3 4 5 6 7 8 9 10 11 13 15 
Structure 497: 15 8 6 11 1 2 7 5 12 3 13 9 10 4 
	-> 1 2 3 4 5 6 7 8 9 10 11 12 13 15 
Structure 498: 15 8 6 11 1 2 14 7 5 12 3 9 10 4 
	-> 1 2 3 4 5 6 7 8 9 10 11 12 14 15 
Structure 499: 8 6 11 1 2 14 7 5 12 3 13 9 10 4 
	-> 1 2 3 4 5 6 7 8 9 10 11 12 13 14 
Structure 500: 8 6 11 1 2 14 7 5 12 3 13 9 10 4 
	-> 1 2 3 4 5 6 7 8 9 10 11 12 13 14 
Structure 501: 8 6 11 1 2 14 7 5 12 3 13 9 10 4 
	-> 1 2 3 4 5 6 7 8 9 10 11 12 13 14 
Structure 502: 15 8 6 11 1 2 14 7 5 12 3 13 9 10 4 
	-> 1 2 3 4 5 6 7 8 9 10 11 12 13 14 15 
Structure 503: 8 6 11 1 2 14 7 5 12 3 13 9 10 4 
	-> 1 2 3 4 5 6 7 8 9 10 11 12 13 14 
Structure 504: 15 8 6 11 1 2 7 5 3 13 9 10 4 
	-> 1 2 3 4 5 6 7 8 9 10 11 13 15 
Structure 505: 8 6 11 1 2 7 5 12 3 23 9 10 4 
	-> 1 2 3 4 5 6 7 8 9 10 11 12 
Structure 506: 8 6 11 1 2 18 7 5 3 13 9 10 4 
	-> 1 2 3 4 5 6 7 8 9 10 11 13 
Structure 507: 8 6 11 1 2 7 5 12 3 13 9 10 4 
	-> 1 2 3 4 5 6 7 8 9 10 11 12 13 
Structure 508: 8 6 11 1 2 7 5 12 3 13 9 10 4 
	-> 1 2 3 4 5 6 7 8 9 10 11 12 13 
Structure 509: 8 6 11 1 2 14 7 5 12 3 13 9 10 4 
	-> 1 2 3 4 5 6 7 8 9 10 11 12 13 14 
Structure 510: 8 6 11 1 2 14 7 5 12 3 23 9 10 4 
	-> 1 2 3 4 5 6 7 8 9 10 11 12 14 
Structure 511: 8 6 11 1 2 14 7 5 3 23 9 10 4 
	-> 1 2 3 4 5 6 7 8 9 10 11 14 
Structure 512: 8 6 11 1 2 7 5 12 3 13 9 10 4 
	-> 1 2 3 4 5 6 7 8 9 10 11 12 13 
Structure 513: 8 6 11 1 2 7 5 12 3 13 9 10 4 
	-> 1 2 3 4 5 6 7 8 9 10 11 12 13 
Structure 514: 26 27 6 11 1 2 14 7 5 12 3 13 9 10 4 
	-> 1 2 3 4 5 6 7 9 10 11 12 13 14 
Structure 515: 8 6 11 1 2 14 7 5 12 3 9 10 4 
	-> 1 2 3 4 5 6 7 8 9 10 11 12 14 
Structure 516: 8 6 11 1 2 14 7 5 3 13 9 10 4 
	-> 1 2 3 4 5 6 7 8 9 10 11 13 14 
Structure 517: 8 6 11 1 2 7 5 16 3 13 9 10 4 
	-> 1 2 3 4 5 6 7 8 9 10 11 13 16 
Structure 518: 8 6 11 1 2 14 7 5 12 3 13 9 10 4 
	-> 1 2 3 4 5 6 7 8 9 10 11 12 13 14 
Structure 519: 8 6 11 1 2 14 7 5 12 3 13 9 10 4 
	-> 1 2 3 4 5 6 7 8 9 10 11 12 13 14 
Structure 520: 8 6 11 1 2 14 7 5 12 3 9 10 4 
	-> 1 2 3 4 5 6 7 8 9 10 11 12 14 
Structure 521: 8 6 11 1 2 14 7 5 12 3 13 9 10 4 
	-> 1 2 3 4 5 6 7 8 9 10 11 12 13 14 
Structure 522: 8 6 11 1 2 18 7 5 3 13 9 10 4 
	-> 1 2 3 4 5 6 7 8 9 10 11 13 
Structure 523: 8 6 11 1 2 14 7 5 12 3 13 9 10 4 
	-> 1 2 3 4 5 6 7 8 9 10 11 12 13 14 
Structure 524: 8 6 11 1 2 14 7 5 12 3 13 9 10 4 
	-> 1 2 3 4 5 6 7 8 9 10 11 12 13 14 
Structure 525: 8 6 11 1 2 14 7 5 12 3 9 10 4 
	-> 1 2 3 4 5 6 7 8 9 10 11 12 14 
Structure 526: 15 8 6 11 1 2 14 7 5 12 3 13 9 10 4 
	-> 1 2 3 4 5 6 7 8 9 10 11 12 13 14 15 
Structure 527: 8 6 1 2 7 5 12 3 13 9 10 4 
	-> 1 2 3 4 5 6 7 8 9 10 12 13 
Structure 528: 8 6 11 1 2 14 7 5 12 3 13 9 10 4 
	-> 1 2 3 4 5 6 7 8 9 10 11 12 13 14 
Structure 529: 15 8 6 11 1 2 14 7 5 12 3 13 9 10 4 
	-> 1 2 3 4 5 6 7 8 9 10 11 12 13 14 15 
Structure 530: 8 6 11 1 2 7 5 12 3 9 10 4 
	-> 1 2 3 4 5 6 7 8 9 10 11 12 
Structure 531: 15 8 6 11 1 2 7 5 12 3 13 9 10 4 
	-> 1 2 3 4 5 6 7 8 9 10 11 12 13 15 
Structure 532: 15 8 6 11 1 2 7 5 3 13 9 10 4 
	-> 1 2 3 4 5 6 7 8 9 10 11 13 15 
Structure 533: 8 6 11 1 2 14 7 5 12 3 9 10 4 
	-> 1 2 3 4 5 6 7 8 9 10 11 12 14 
Structure 534: 8 6 11 1 2 7 5 12 3 13 9 10 4 
	-> 1 2 3 4 5 6 7 8 9 10 11 12 13 
Structure 535: 15 8 6 11 1 2 14 7 5 12 3 13 9 10 4 
	-> 1 2 3 4 5 6 7 8 9 10 11 12 13 14 15 
Structure 536: 8 6 11 1 2 7 5 3 13 9 10 4 
	-> 1 2 3 4 5 6 7 8 9 10 11 13 
Structure 537: 8 6 11 1 2 14 7 5 12 3 13 9 10 4 
	-> 1 2 3 4 5 6 7 8 9 10 11 12 13 14 
Structure 538: 8 6 11 1 2 14 7 5 12 3 9 10 4 
	-> 1 2 3 4 5 6 7 8 9 10 11 12 14 
Structure 539: 15 8 6 11 1 2 14 7 5 12 3 13 9 10 4 
	-> 1 2 3 4 5 6 7 8 9 10 11 12 13 14 15 
Structure 540: 8 6 11 1 2 7 5 12 3 13 9 10 4 
	-> 1 2 3 4 5 6 7 8 9 10 11 12 13 
Structure 541: 8 6 11 1 2 14 7 5 3 13 9 10 4 
	-> 1 2 3 4 5 6 7 8 9 10 11 13 14 
Structure 542: 15 8 6 11 1 2 7 5 16 3 9 10 4 
	-> 1 2 3 4 5 6 7 8 9 10 11 15 16 
Structure 543: 15 8 6 11 1 2 14 7 5 12 3 13 9 10 4 
	-> 1 2 3 4 5 6 7 8 9 10 11 12 13 14 15 
Structure 544: 8 6 11 1 2 14 7 5 12 3 13 9 10 4 
	-> 1 2 3 4 5 6 7 8 9 10 11 12 13 14 
Structure 545: 32 8 6 28 1 2 7 5 12 3 9 10 4 
	-> 1 2 3 4 5 6 7 8 9 10 12 
Structure 546: 8 6 11 1 2 14 7 5 12 3 13 9 10 4 
	-> 1 2 3 4 5 6 7 8 9 10 11 12 13 14 
Structure 547: 8 6 11 1 2 7 5 3 13 9 10 4 
	-> 1 2 3 4 5 6 7 8 9 10 11 13 
Structure 548: 15 8 6 11 1 2 7 5 12 3 13 9 10 4 
	-> 1 2 3 4 5 6 7 8 9 10 11 12 13 15 
Structure 549: 8 6 11 1 2 14 7 5 3 13 9 10 4 
	-> 1 2 3 4 5 6 7 8 9 10 11 13 14 
Structure 550: 8 6 11 1 2 7 5 12 3 9 10 4 
	-> 1 2 3 4 5 6 7 8 9 10 11 12 
Structure 551: 15 8 6 11 1 2 7 5 12 3 13 9 10 4 
	-> 1 2 3 4 5 6 7 8 9 10 11 12 13 15 
Structure 552: 8 6 11 1 2 14 7 5 3 13 9 10 4 
	-> 1 2 3 4 5 6 7 8 9 10 11 13 14 
Structure 553: 8 6 11 1 2 14 7 5 3 9 10 4 
	-> 1 2 3 4 5 6 7 8 9 10 11 14 
Structure 554: 8 6 11 1 2 14 7 5 12 3 13 9 10 4 
	-> 1 2 3 4 5 6 7 8 9 10 11 12 13 14 
Structure 555: 8 6 11 1 2 14 7 5 16 3 9 10 4 
	-> 1 2 3 4 5 6 7 8 9 10 11 14 16 
Structure 556: 15 8 6 11 1 2 7 5 12 3 13 9 10 4 
	-> 1 2 3 4 5 6 7 8 9 10 11 12 13 15 
Structure 557: 15 8 6 11 1 2 14 7 5 12 3 17 9 10 4 
	-> 1 2 3 4 5 6 7 8 9 10 11 12 14 15 
Structure 558: 15 8 6 11 1 2 7 5 12 3 13 9 10 4 
	-> 1 2 3 4 5 6 7 8 9 10 11 12 13 15 
Structure 559: 8 6 11 1 2 7 5 12 3 13 9 10 4 
	-> 1 2 3 4 5 6 7 8 9 10 11 12 13 
Structure 560: 15 8 6 1 2 14 7 5 12 3 13 9 10 4 
	-> 1 2 3 4 5 6 7 8 9 10 12 13 14 15 
Structure 561: 8 6 11 1 2 14 7 5 12 3 9 10 4 
	-> 1 2 3 4 5 6 7 8 9 10 11 12 14 
Structure 562: 8 6 11 1 2 7 41 5 12 3 9 10 4 
	-> 1 2 3 4 5 6 7 8 9 10 11 12 
Structure 563: 15 8 6 11 1 2 7 5 12 3 13 9 10 4 
	-> 1 2 3 4 5 6 7 8 9 10 11 12 13 15 
Structure 564: 8 6 11 1 2 14 7 5 12 3 13 9 10 4 
	-> 1 2 3 4 5 6 7 8 9 10 11 12 13 14 
Structure 565: 8 6 11 1 2 14 7 5 12 3 13 9 10 4 
	-> 1 2 3 4 5 6 7 8 9 10 11 12 13 14 
Structure 566: 8 6 11 1 2 7 5 12 3 13 9 10 4 
	-> 1 2 3 4 5 6 7 8 9 10 11 12 13 
Structure 567: 8 6 11 1 2 14 7 5 16 3 13 9 10 4 
	-> 1 2 3 4 5 6 7 8 9 10 11 13 14 16 
Structure 568: 15 8 6 11 1 2 14 7 5 12 3 13 9 10 4 
	-> 1 2 3 4 5 6 7 8 9 10 11 12 13 14 15 
Structure 569: 8 6 11 1 2 7 5 12 3 13 9 10 4 
	-> 1 2 3 4 5 6 7 8 9 10 11 12 13 
Structure 570: 8 6 11 1 2 7 5 12 3 9 10 4 
	-> 1 2 3 4 5 6 7 8 9 10 11 12 
Structure 571: 8 6 11 1 2 14 7 5 12 3 9 10 4 
	-> 1 2 3 4 5 6 7 8 9 10 11 12 14 
Structure 572: 15 8 6 11 1 2 14 7 5 3 9 10 4 
	-> 1 2 3 4 5 6 7 8 9 10 11 14 15 
Structure 573: 8 6 11 1 2 7 5 12 3 13 9 10 4 
	-> 1 2 3 4 5 6 7 8 9 10 11 12 13 
Structure 574: 8 6 11 1 2 14 7 5 12 3 9 10 4 
	-> 1 2 3 4 5 6 7 8 9 10 11 12 14 
Structure 575: 8 6 11 1 2 7 5 12 3 13 9 10 4 
	-> 1 2 3 4 5 6 7 8 9 10 11 12 13 
Structure 576: 8 6 11 1 2 14 7 5 12 3 13 9 10 4 
	-> 1 2 3 4 5 6 7 8 9 10 11 12 13 14 
Structure 577: 8 6 11 1 2 7 5 12 3 13 9 10 4 
	-> 1 2 3 4 5 6 7 8 9 10 11 12 13 
Structure 578: 15 8 6 11 1 2 14 7 5 12 3 13 9 10 4 
	-> 1 2 3 4 5 6 7 8 9 10 11 12 13 14 15 
Structure 579: 8 6 11 1 2 7 5 12 3 13 9 10 4 
	-> 1 2 3 4 5 6 7 8 9 10 11 12 13 
Structure 580: 8 6 11 1 2 14 7 5 12 3 13 9 10 4 
	-> 1 2 3 4 5 6 7 8 9 10 11 12 13 14 
Structure 581: 15 8 33 6 11 1 2 14 7 5 3 13 9 10 4 
	-> 1 2 3 4 5 6 7 8 9 10 11 13 14 15 
Structure 582: 15 8 6 11 1 2 14 7 5 12 3 13 9 10 4 
	-> 1 2 3 4 5 6 7 8 9 10 11 12 13 14 15 
Structure 583: 15 8 6 11 1 2 14 7 5 12 3 9 10 4 
	-> 1 2 3 4 5 6 7 8 9 10 11 12 14 15 
Structure 584: 8 6 11 1 2 14 7 5 3 13 9 10 4 
	-> 1 2 3 4 5 6 7 8 9 10 11 13 14 
Structure 585: 8 6 11 1 2 14 7 5 25 3 9 10 4 
	-> 1 2 3 4 5 6 7 8 9 10 11 14 
Structure 586: 8 6 11 1 2 7 5 3 13 9 10 4 
	-> 1 2 3 4 5 6 7 8 9 10 11 13 
Structure 587: 8 6 11 1 2 7 5 12 3 13 9 10 4 
	-> 1 2 3 4 5 6 7 8 9 10 11 12 13 
Structure 588: 15 8 6 11 1 2 42 7 5 12 3 13 9 10 4 
	-> 1 2 3 4 5 6 7 8 9 10 11 12 13 15 
Structure 589: 8 6 11 1 2 14 7 5 12 3 13 9 10 4 
	-> 1 2 3 4 5 6 7 8 9 10 11 12 13 14 
Structure 590: 8 6 11 1 2 7 5 12 3 13 9 10 4 
	-> 1 2 3 4 5 6 7 8 9 10 11 12 13 
Structure 591: 15 8 6 11 19 1 2 7 5 12 3 9 10 4 
	-> 1 2 3 4 5 6 7 8 9 10 11 12 15 
Structure 592: 8 6 11 1 2 14 7 5 3 13 9 10 4 
	-> 1 2 3 4 5 6 7 8 9 10 11 13 14 
Structure 593: 15 8 6 11 1 2 14 7 5 12 3 13 9 10 4 
	-> 1 2 3 4 5 6 7 8 9 10 11 12 13 14 15 
Structure 594: 15 8 6 11 1 2 14 7 5 12 3 13 9 10 4 
	-> 1 2 3 4 5 6 7 8 9 10 11 12 13 14 15 
Structure 595: 8 6 11 1 2 14 7 5 3 23 9 10 4 
	-> 1 2 3 4 5 6 7 8 9 10 11 14 
Structure 596: 8 6 11 1 2 14 7 5 12 3 13 9 10 4 
	-> 1 2 3 4 5 6 7 8 9 10 11 12 13 14 
Structure 597: 8 6 11 19 1 2 7 5 12 3 9 10 4 
	-> 1 2 3 4 5 6 7 8 9 10 11 12 
Structure 598: 15 8 6 11 1 2 7 5 12 3 13 9 10 4 
	-> 1 2 3 4 5 6 7 8 9 10 11 12 13 15 
Structure 599: 21 8 6 11 1 2 14 7 5 12 3 13 9 10 4 
	-> 1 2 3 4 5 6 7 8 9 10 11 12 13 14 
Structure 600: 8 6 11 1 2 7 5 12 3 13 9 10 4 
	-> 1 2 3 4 5 6 7 8 9 10 11 12 13 
Structure 601: 15 8 6 11 1 2 7 5 12 3 13 9 10 4 
	-> 1 2 3 4 5 6 7 8 9 10 11 12 13 15 
Structure 602: 8 6 11 1 2 7 5 12 3 13 9 10 4 
	-> 1 2 3 4 5 6 7 8 9 10 11 12 13 
Structure 603: 8 6 11 1 2 7 5 12 3 13 9 10 4 
	-> 1 2 3 4 5 6 7 8 9 10 11 12 13 
Structure 604: 15 8 6 11 1 2 14 7 5 12 3 13 9 10 4 
	-> 1 2 3 4 5 6 7 8 9 10 11 12 13 14 15 
Structure 605: 8 6 11 1 2 14 7 5 12 3 13 9 10 4 
	-> 1 2 3 4 5 6 7 8 9 10 11 12 13 14 
Structure 606: 8 6 11 1 2 7 5 12 3 13 9 10 4 
	-> 1 2 3 4 5 6 7 8 9 10 11 12 13 
Structure 607: 8 6 11 1 2 14 7 5 3 13 9 10 4 
	-> 1 2 3 4 5 6 7 8 9 10 11 13 14 
Structure 608: 8 6 11 1 2 7 5 12 3 13 9 10 4 
	-> 1 2 3 4 5 6 7 8 9 10 11 12 13 
Structure 609: 15 8 6 11 1 2 7 5 12 3 13 9 10 4 
	-> 1 2 3 4 5 6 7 8 9 10 11 12 13 15 
Structure 610: 8 6 1 2 7 5 3 13 9 10 4 
	-> 1 2 3 4 5 6 7 8 9 10 13 
Structure 611: 8 6 11 1 2 14 7 5 12 3 9 10 4 
	-> 1 2 3 4 5 6 7 8 9 10 11 12 14 
Structure 612: 15 8 6 11 1 2 14 7 5 12 3 9 10 4 
	-> 1 2 3 4 5 6 7 8 9 10 11 12 14 15 
Structure 613: 15 8 6 11 1 2 14 7 5 12 3 9 10 4 
	-> 1 2 3 4 5 6 7 8 9 10 11 12 14 15 
Structure 614: 8 6 11 1 2 14 7 5 3 13 9 10 4 
	-> 1 2 3 4 5 6 7 8 9 10 11 13 14 
Structure 615: 8 6 11 1 2 14 7 5 3 13 9 10 4 
	-> 1 2 3 4 5 6 7 8 9 10 11 13 14 
Structure 616: 8 6 11 1 2 7 5 12 3 13 9 10 4 
	-> 1 2 3 4 5 6 7 8 9 10 11 12 13 
Structure 617: 8 6 11 1 2 7 5 12 3 13 9 10 4 
	-> 1 2 3 4 5 6 7 8 9 10 11 12 13 
Structure 618: 8 20 6 11 1 2 14 7 5 16 3 9 10 4 
	-> 1 2 3 4 5 6 7 8 9 10 11 14 16 
Structure 619: 8 6 1 2 14 7 5 12 3 13 9 10 4 
	-> 1 2 3 4 5 6 7 8 9 10 12 13 14 
Structure 620: 15 8 6 11 1 2 7 5 25 3 13 9 10 4 
	-> 1 2 3 4 5 6 7 8 9 10 11 13 15 
Structure 621: 8 6 11 1 2 7 5 12 3 9 10 4 
	-> 1 2 3 4 5 6 7 8 9 10 11 12 
Structure 622: 8 6 11 1 2 14 7 5 16 3 13 9 10 4 
	-> 1 2 3 4 5 6 7 8 9 10 11 13 14 16 
Structure 623: 8 6 11 1 2 7 5 3 9 10 4 
	-> 1 2 3 4 5 6 7 8 9 10 11 
Structure 624: 8 6 11 1 2 7 5 12 3 13 9 10 4 
	-> 1 2 3 4 5 6 7 8 9 10 11 12 13 
Structure 625: 8 6 11 1 2 14 7 5 12 3 13 9 10 4 
	-> 1 2 3 4 5 6 7 8 9 10 11 12 13 14 
Structure 626: 8 6 11 1 2 7 5 12 3 9 10 4 
	-> 1 2 3 4 5 6 7 8 9 10 11 12 
Structure 627: 15 8 6 11 1 2 14 7 5 3 13 9 10 4 
	-> 1 2 3 4 5 6 7 8 9 10 11 13 14 15 
Structure 628: 8 6 11 1 2 7 5 3 9 10 4 
	-> 1 2 3 4 5 6 7 8 9 10 11 
Structure 629: 8 6 11 1 2 14 7 5 16 3 13 9 10 4 
	-> 1 2 3 4 5 6 7 8 9 10 11 13 14 16 
Structure 630: 8 6 11 1 2 14 7 5 12 3 13 9 10 4 
	-> 1 2 3 4 5 6 7 8 9 10 11 12 13 14 
Structure 631: 8 6 11 1 2 14 7 5 12 3 13 9 10 4 
	-> 1 2 3 4 5 6 7 8 9 10 11 12 13 14 
Structure 632: 8 6 11 1 2 14 7 5 3 13 9 10 4 
	-> 1 2 3 4 5 6 7 8 9 10 11 13 14 
Structure 633: 8 6 11 1 2 14 7 5 12 3 13 9 10 4 
	-> 1 2 3 4 5 6 7 8 9 10 11 12 13 14 
Structure 634: 8 6 11 1 2 7 5 12 3 9 10 4 
	-> 1 2 3 4 5 6 7 8 9 10 11 12 
Structure 635: 8 6 11 1 2 7 5 12 3 13 9 10 4 
	-> 1 2 3 4 5 6 7 8 9 10 11 12 13 
Structure 636: 8 6 11 1 2 7 5 12 3 13 9 10 4 
	-> 1 2 3 4 5 6 7 8 9 10 11 12 13 
Structure 637: 8 6 11 1 2 7 5 3 13 9 10 4 
	-> 1 2 3 4 5 6 7 8 9 10 11 13 
Structure 638: 8 6 11 1 2 7 5 12 3 13 9 10 4 
	-> 1 2 3 4 5 6 7 8 9 10 11 12 13 
Structure 639: 15 8 6 11 1 2 14 7 5 3 13 9 10 4 
	-> 1 2 3 4 5 6 7 8 9 10 11 13 14 15 
Structure 640: 15 8 6 11 1 2 14 7 5 12 3 13 9 10 4 
	-> 1 2 3 4 5 6 7 8 9 10 11 12 13 14 15 
Structure 641: 8 6 11 1 2 7 5 12 3 13 9 10 4 
	-> 1 2 3 4 5 6 7 8 9 10 11 12 13 
Structure 642: 8 6 11 1 2 14 7 5 12 3 9 10 4 
	-> 1 2 3 4 5 6 7 8 9 10 11 12 14 
Structure 643: 15 8 6 11 1 2 14 7 5 12 3 13 9 10 4 
	-> 1 2 3 4 5 6 7 8 9 10 11 12 13 14 15 
Structure 644: 8 6 11 1 2 14 7 5 12 3 13 9 10 4 
	-> 1 2 3 4 5 6 7 8 9 10 11 12 13 14 
Structure 645: 15 8 6 11 1 2 14 7 5 12 3 13 9 10 4 
	-> 1 2 3 4 5 6 7 8 9 10 11 12 13 14 15 
Structure 646: 15 8 6 11 1 2 14 7 5 12 3 13 9 10 4 
	-> 1 2 3 4 5 6 7 8 9 10 11 12 13 14 15 
Structure 647: 8 6 11 1 2 14 7 5 16 3 13 9 10 4 
	-> 1 2 3 4 5 6 7 8 9 10 11 13 14 16 
Structure 648: 8 6 11 1 2 14 7 5 12 3 13 9 10 4 
	-> 1 2 3 4 5 6 7 8 9 10 11 12 13 14 
Structure 649: 8 6 11 1 2 7 5 12 3 13 9 10 4 
	-> 1 2 3 4 5 6 7 8 9 10 11 12 13 
Structure 650: 8 6 11 1 2 7 5 12 3 13 9 10 4 
	-> 1 2 3 4 5 6 7 8 9 10 11 12 13 
Structure 651: 8 6 11 1 2 7 5 12 3 17 9 10 4 
	-> 1 2 3 4 5 6 7 8 9 10 11 12 
Structure 652: 8 6 11 1 2 7 5 12 3 13 9 10 4 
	-> 1 2 3 4 5 6 7 8 9 10 11 12 13 
Structure 653: 15 8 6 11 1 2 14 7 5 12 3 13 9 10 4 
	-> 1 2 3 4 5 6 7 8 9 10 11 12 13 14 15 
Structure 654: 8 6 11 1 2 7 5 3 13 9 10 4 
	-> 1 2 3 4 5 6 7 8 9 10 11 13 
Structure 655: 8 6 11 1 2 14 7 5 16 3 9 10 4 
	-> 1 2 3 4 5 6 7 8 9 10 11 14 16 
Structure 656: 8 6 11 1 2 14 7 5 12 3 13 9 10 4 
	-> 1 2 3 4 5 6 7 8 9 10 11 12 13 14 
Structure 657: 8 6 11 1 2 14 7 5 12 3 9 10 4 
	-> 1 2 3 4 5 6 7 8 9 10 11 12 14 
Structure 658: 15 8 6 11 1 2 14 7 5 12 3 13 9 10 4 
	-> 1 2 3 4 5 6 7 8 9 10 11 12 13 14 15 
Structure 659: 15 8 6 11 1 2 14 7 5 12 3 9 10 4 
	-> 1 2 3 4 5 6 7 8 9 10 11 12 14 15 
Structure 660: 8 6 11 1 2 7 5 12 3 13 9 10 4 
	-> 1 2 3 4 5 6 7 8 9 10 11 12 13 
Structure 661: 8 6 11 1 2 7 5 12 3 13 9 10 4 
	-> 1 2 3 4 5 6 7 8 9 10 11 12 13 
Structure 662: 8 6 11 1 2 14 7 5 12 3 13 9 10 4 
	-> 1 2 3 4 5 6 7 8 9 10 11 12 13 14 
Structure 663: 15 8 6 11 1 2 14 7 5 12 3 13 9 10 4 
	-> 1 2 3 4 5 6 7 8 9 10 11 12 13 14 15 
Structure 664: 8 6 11 1 2 7 5 12 3 13 9 10 4 
	-> 1 2 3 4 5 6 7 8 9 10 11 12 13 
Structure 665: 8 6 11 1 2 7 5 12 3 9 10 4 
	-> 1 2 3 4 5 6 7 8 9 10 11 12 
Structure 666: 8 6 1 2 7 5 3 13 9 10 4 
	-> 1 2 3 4 5 6 7 8 9 10 13 
Structure 667: 8 6 11 1 2 14 7 5 12 3 9 10 4 
	-> 1 2 3 4 5 6 7 8 9 10 11 12 14 
Structure 668: 8 6 11 1 2 14 7 5 12 3 13 9 10 4 
	-> 1 2 3 4 5 6 7 8 9 10 11 12 13 14 
Structure 669: 15 8 6 11 1 2 7 5 12 3 13 9 10 4 
	-> 1 2 3 4 5 6 7 8 9 10 11 12 13 15 
Structure 670: 8 6 11 1 2 14 7 5 3 13 9 10 4 
	-> 1 2 3 4 5 6 7 8 9 10 11 13 14 
Structure 671: 8 6 11 1 2 7 5 12 3 13 9 10 4 
	-> 1 2 3 4 5 6 7 8 9 10 11 12 13 
Structure 672: 8 6 11 1 2 7 5 3 13 9 10 4 
	-> 1 2 3 4 5 6 7 8 9 10 11 13 
Structure 673: 8 6 11 1 2 14 7 5 12 3 9 10 4 
	-> 1 2 3 4 5 6 7 8 9 10 11 12 14 
Structure 674: 8 6 11 1 2 7 5 12 3 13 9 10 4 
	-> 1 2 3 4 5 6 7 8 9 10 11 12 13 
Structure 675: 15 8 6 11 1 2 14 7 5 12 3 13 9 10 4 
	-> 1 2 3 4 5 6 7 8 9 10 11 12 13 14 15 
Structure 676: 8 6 11 1 2 14 7 5 12 3 13 9 10 4 
	-> 1 2 3 4 5 6 7 8 9 10 11 12 13 14 
Structure 677: 8 6 11 1 2 14 7 5 12 3 13 9 10 4 
	-> 1 2 3 4 5 6 7 8 9 10 11 12 13 14 
Structure 678: 8 6 11 1 2 14 7 5 12 3 13 9 10 4 
	-> 1 2 3 4 5 6 7 8 9 10 11 12 13 14 
Structure 679: 15 8 6 11 1 2 14 7 5 12 3 13 9 10 4 
	-> 1 2 3 4 5 6 7 8 9 10 11 12 13 14 15 
Structure 680: 8 6 11 1 2 14 7 5 12 3 13 9 10 4 
	-> 1 2 3 4 5 6 7 8 9 10 11 12 13 14 
Structure 681: 8 6 11 1 2 14 7 5 12 3 9 10 4 
	-> 1 2 3 4 5 6 7 8 9 10 11 12 14 
Structure 682: 8 6 11 1 2 7 5 12 3 13 9 10 4 
	-> 1 2 3 4 5 6 7 8 9 10 11 12 13 
Structure 683: 15 8 6 11 1 2 7 5 12 3 13 9 10 4 
	-> 1 2 3 4 5 6 7 8 9 10 11 12 13 15 
Structure 684: 8 6 11 1 2 7 5 12 3 13 9 10 4 
	-> 1 2 3 4 5 6 7 8 9 10 11 12 13 
Structure 685: 8 6 11 1 2 7 5 12 3 13 9 10 4 
	-> 1 2 3 4 5 6 7 8 9 10 11 12 13 
Structure 686: 8 6 11 1 2 14 7 5 12 3 9 10 4 
	-> 1 2 3 4 5 6 7 8 9 10 11 12 14 
Structure 687: 8 6 11 1 2 14 7 5 12 3 9 10 4 
	-> 1 2 3 4 5 6 7 8 9 10 11 12 14 
Structure 688: 8 6 11 1 2 14 7 5 16 3 9 10 4 
	-> 1 2 3 4 5 6 7 8 9 10 11 14 16 
Structure 689: 8 6 11 1 2 14 7 5 16 3 13 9 10 4 
	-> 1 2 3 4 5 6 7 8 9 10 11 13 14 16 
Structure 690: 8 6 11 1 2 7 5 12 3 13 9 10 4 
	-> 1 2 3 4 5 6 7 8 9 10 11 12 13 
Structure 691: 8 6 11 1 2 7 5 12 3 13 9 10 4 
	-> 1 2 3 4 5 6 7 8 9 10 11 12 13 
Structure 692: 8 6 11 1 2 7 5 12 3 13 9 10 4 
	-> 1 2 3 4 5 6 7 8 9 10 11 12 13 
Structure 693: 8 6 11 1 2 7 5 16 3 13 9 10 4 
	-> 1 2 3 4 5 6 7 8 9 10 11 13 16 
Structure 694: 15 8 6 11 1 2 7 5 12 3 13 9 10 4 
	-> 1 2 3 4 5 6 7 8 9 10 11 12 13 15 
Structure 695: 8 6 11 1 2 14 7 5 12 3 9 10 4 
	-> 1 2 3 4 5 6 7 8 9 10 11 12 14 
Structure 696: 8 6 11 1 2 7 5 12 3 13 9 10 4 
	-> 1 2 3 4 5 6 7 8 9 10 11 12 13 
Structure 697: 8 6 11 1 2 14 7 5 12 3 13 9 10 4 
	-> 1 2 3 4 5 6 7 8 9 10 11 12 13 14 
Structure 698: 8 6 11 1 2 7 5 12 3 13 9 10 4 
	-> 1 2 3 4 5 6 7 8 9 10 11 12 13 
Structure 699: 8 6 11 1 2 7 5 3 9 10 4 
	-> 1 2 3 4 5 6 7 8 9 10 11 
Structure 700: 15 8 6 11 1 2 7 5 12 3 13 9 10 4 
	-> 1 2 3 4 5 6 7 8 9 10 11 12 13 15 
Structure 701: 8 6 11 1 2 14 7 5 12 3 13 9 10 4 
	-> 1 2 3 4 5 6 7 8 9 10 11 12 13 14 
Structure 702: 15 8 6 11 1 2 14 7 5 12 3 13 9 10 4 
	-> 1 2 3 4 5 6 7 8 9 10 11 12 13 14 15 
Structure 703: 8 6 11 1 2 14 7 5 3 13 9 10 4 
	-> 1 2 3 4 5 6 7 8 9 10 11 13 14 
Structure 704: 8 6 11 1 2 14 7 5 12 3 13 9 10 4 
	-> 1 2 3 4 5 6 7 8 9 10 11 12 13 14 
Structure 705: 8 6 11 1 2 7 5 12 3 13 9 10 4 
	-> 1 2 3 4 5 6 7 8 9 10 11 12 13 
Structure 706: 15 8 6 11 1 2 7 5 16 3 9 10 4 
	-> 1 2 3 4 5 6 7 8 9 10 11 15 16 
Structure 707: 8 6 11 1 2 7 5 12 3 13 9 10 4 
	-> 1 2 3 4 5 6 7 8 9 10 11 12 13 
Structure 708: 15 8 6 11 1 2 7 5 3 13 9 10 4 
	-> 1 2 3 4 5 6 7 8 9 10 11 13 15 
Structure 709: 8 6 11 1 2 14 7 5 12 3 9 10 4 
	-> 1 2 3 4 5 6 7 8 9 10 11 12 14 
Structure 710: 8 6 11 1 2 7 5 12 3 9 10 4 
	-> 1 2 3 4 5 6 7 8 9 10 11 12 
Structure 711: 15 8 6 11 1 2 14 7 5 3 13 9 10 4 
	-> 1 2 3 4 5 6 7 8 9 10 11 13 14 15 
Structure 712: 8 6 11 1 2 7 5 12 3 13 9 10 4 
	-> 1 2 3 4 5 6 7 8 9 10 11 12 13 
Structure 713: 8 6 11 1 2 7 5 31 3 13 9 10 4 
	-> 1 2 3 4 5 6 7 8 9 10 11 13 
Structure 714: 8 6 11 1 2 14 7 5 12 3 9 10 4 
	-> 1 2 3 4 5 6 7 8 9 10 11 12 14 
Structure 715: 8 20 6 11 1 2 14 7 5 12 3 13 9 10 4 
	-> 1 2 3 4 5 6 7 8 9 10 11 12 13 14 
Structure 716: 15 8 6 11 1 2 7 5 12 3 13 9 10 4 
	-> 1 2 3 4 5 6 7 8 9 10 11 12 13 15 
Structure 717: 15 8 20 6 11 1 2 7 5 3 13 9 10 4 
	-> 1 2 3 4 5 6 7 8 9 10 11 13 15 
Structure 718: 8 6 11 1 2 14 7 5 12 3 13 9 10 4 
	-> 1 2 3 4 5 6 7 8 9 10 11 12 13 14 
Structure 719: 8 6 11 1 2 7 5 12 3 13 9 10 4 
	-> 1 2 3 4 5 6 7 8 9 10 11 12 13 
Structure 720: 15 8 6 11 1 2 14 7 5 12 3 13 9 10 4 
	-> 1 2 3 4 5 6 7 8 9 10 11 12 13 14 15 
Structure 721: 8 6 11 1 2 7 5 16 3 9 10 4 
	-> 1 2 3 4 5 6 7 8 9 10 11 16 
Structure 722: 8 6 11 1 2 7 5 12 3 9 10 4 
	-> 1 2 3 4 5 6 7 8 9 10 11 12 
Structure 723: 15 8 6 11 1 2 14 7 5 12 3 9 10 4 
	-> 1 2 3 4 5 6 7 8 9 10 11 12 14 15 
Structure 724: 8 6 11 1 2 7 5 12 3 9 10 4 
	-> 1 2 3 4 5 6 7 8 9 10 11 12 
Structure 725: 8 6 11 1 2 14 7 5 12 3 13 9 10 4 
	-> 1 2 3 4 5 6 7 8 9 10 11 12 13 14 
Structure 726: 8 6 11 1 2 14 7 5 12 3 13 9 10 4 
	-> 1 2 3 4 5 6 7 8 9 10 11 12 13 14 
Structure 727: 8 6 11 1 2 7 5 12 3 13 9 10 4 
	-> 1 2 3 4 5 6 7 8 9 10 11 12 13 
Structure 728: 8 6 11 1 2 7 5 12 3 9 10 4 
	-> 1 2 3 4 5 6 7 8 9 10 11 12 
Structure 729: 8 6 11 1 2 14 7 5 16 3 13 9 10 4 
	-> 1 2 3 4 5 6 7 8 9 10 11 13 14 16 
Structure 730: 15 8 6 11 1 2 14 7 5 12 3 13 9 10 4 
	-> 1 2 3 4 5 6 7 8 9 10 11 12 13 14 15 
Structure 731: 8 6 11 1 2 14 7 5 12 3 13 9 10 4 
	-> 1 2 3 4 5 6 7 8 9 10 11 12 13 14 
Structure 732: 8 6 11 1 2 7 5 12 3 13 9 10 4 
	-> 1 2 3 4 5 6 7 8 9 10 11 12 13 
Structure 733: 8 6 11 1 2 14 7 5 3 13 9 10 4 
	-> 1 2 3 4 5 6 7 8 9 10 11 13 14 
Structure 734: 8 6 11 1 2 7 5 12 3 9 10 4 
	-> 1 2 3 4 5 6 7 8 9 10 11 12 
Structure 735: 8 1 2 14 7 5 3 13 9 10 4 43 
	-> 1 2 3 4 5 7 8 9 10 13 14 
Structure 736: 8 6 11 1 2 7 5 12 3 13 9 10 4 
	-> 1 2 3 4 5 6 7 8 9 10 11 12 13 
Structure 737: 8 6 11 1 2 14 7 5 12 3 9 10 4 
	-> 1 2 3 4 5 6 7 8 9 10 11 12 14 
Structure 738: 15 8 6 11 1 2 7 5 12 3 13 9 10 4 
	-> 1 2 3 4 5 6 7 8 9 10 11 12 13 15 
Structure 739: 8 6 11 1 2 14 7 5 12 3 13 9 10 4 
	-> 1 2 3 4 5 6 7 8 9 10 11 12 13 14 
Structure 740: 15 8 6 11 1 2 7 5 16 3 13 9 10 4 
	-> 1 2 3 4 5 6 7 8 9 10 11 13 15 16 
Structure 741: 8 6 11 1 2 14 7 5 12 3 13 9 10 4 
	-> 1 2 3 4 5 6 7 8 9 10 11 12 13 14 
Structure 742: 8 6 11 1 2 14 7 5 12 3 13 9 10 4 
	-> 1 2 3 4 5 6 7 8 9 10 11 12 13 14 
Structure 743: 15 8 6 11 1 2 7 5 12 3 13 9 10 4 
	-> 1 2 3 4 5 6 7 8 9 10 11 12 13 15 
Structure 744: 8 6 11 1 2 14 7 5 12 3 13 9 10 4 
	-> 1 2 3 4 5 6 7 8 9 10 11 12 13 14 
Structure 745: 8 6 11 1 2 7 5 12 3 13 9 10 4 
	-> 1 2 3 4 5 6 7 8 9 10 11 12 13 
Structure 746: 26 27 6 11 1 2 14 7 5 12 3 13 9 10 4 
	-> 1 2 3 4 5 6 7 9 10 11 12 13 14 
Structure 747: 15 8 6 11 1 2 7 5 12 3 13 9 10 4 
	-> 1 2 3 4 5 6 7 8 9 10 11 12 13 15 
Structure 748: 8 6 11 1 2 14 7 5 12 3 17 9 10 4 
	-> 1 2 3 4 5 6 7 8 9 10 11 12 14 
Structure 749: 8 6 11 1 2 7 5 12 3 9 10 4 
	-> 1 2 3 4 5 6 7 8 9 10 11 12 
Structure 750: 15 8 6 11 1 2 14 7 5 12 3 13 9 10 4 
	-> 1 2 3 4 5 6 7 8 9 10 11 12 13 14 15 
Structure 751: 8 6 11 1 29 2 14 7 5 12 3 13 9 10 4 
	-> 1 2 3 4 5 6 7 8 9 10 11 12 13 14 
Structure 752: 8 6 11 1 2 7 5 12 3 13 9 10 4 
	-> 1 2 3 4 5 6 7 8 9 10 11 12 13 
Structure 753: 8 6 11 1 2 7 5 12 3 9 10 4 
	-> 1 2 3 4 5 6 7 8 9 10 11 12 
Structure 754: 8 6 11 1 2 7 5 12 3 13 9 10 4 
	-> 1 2 3 4 5 6 7 8 9 10 11 12 13 
Structure 755: 8 6 11 1 2 7 5 12 3 13 9 10 4 
	-> 1 2 3 4 5 6 7 8 9 10 11 12 13 
Structure 756: 15 8 6 11 1 2 14 7 5 12 3 13 9 10 4 
	-> 1 2 3 4 5 6 7 8 9 10 11 12 13 14 15 
Structure 757: 15 8 6 11 1 2 14 7 5 12 3 9 10 4 
	-> 1 2 3 4 5 6 7 8 9 10 11 12 14 15 
Structure 758: 8 6 11 1 2 7 5 3 13 9 10 4 
	-> 1 2 3 4 5 6 7 8 9 10 11 13 
Structure 759: 8 6 11 1 2 7 5 12 3 13 9 10 4 
	-> 1 2 3 4 5 6 7 8 9 10 11 12 13 
Structure 760: 15 8 20 6 11 1 2 14 7 5 12 3 13 9 10 4 
	-> 1 2 3 4 5 6 7 8 9 10 11 12 13 14 15 
Structure 761: 8 6 11 1 2 14 7 5 12 3 13 9 10 4 
	-> 1 2 3 4 5 6 7 8 9 10 11 12 13 14 
Structure 762: 8 6 11 1 2 14 7 5 3 13 9 10 4 
	-> 1 2 3 4 5 6 7 8 9 10 11 13 14 
Structure 763: 8 6 11 1 2 7 5 12 3 13 9 10 4 
	-> 1 2 3 4 5 6 7 8 9 10 11 12 13 
Structure 764: 15 8 6 11 1 2 14 7 5 12 3 13 9 10 4 
	-> 1 2 3 4 5 6 7 8 9 10 11 12 13 14 15 
Structure 765: 8 6 11 1 2 14 7 5 12 3 17 9 10 4 
	-> 1 2 3 4 5 6 7 8 9 10 11 12 14 
Structure 766: 8 6 11 1 2 14 7 5 3 13 9 10 4 
	-> 1 2 3 4 5 6 7 8 9 10 11 13 14 
Structure 767: 8 6 11 1 2 14 7 5 12 3 13 9 10 4 
	-> 1 2 3 4 5 6 7 8 9 10 11 12 13 14 
Structure 768: 15 8 6 11 1 2 7 5 12 3 9 10 4 
	-> 1 2 3 4 5 6 7 8 9 10 11 12 15 
Structure 769: 8 6 11 1 2 14 7 5 12 3 13 9 10 4 
	-> 1 2 3 4 5 6 7 8 9 10 11 12 13 14 
Structure 770: 8 6 11 1 2 14 7 5 12 3 13 9 10 4 
	-> 1 2 3 4 5 6 7 8 9 10 11 12 13 14 
Structure 771: 8 6 11 1 2 7 5 12 3 13 9 10 4 
	-> 1 2 3 4 5 6 7 8 9 10 11 12 13 
Structure 772: 8 6 11 1 2 14 7 5 12 3 9 10 4 
	-> 1 2 3 4 5 6 7 8 9 10 11 12 14 
Structure 773: 8 6 11 1 2 14 7 5 12 3 9 10 4 
	-> 1 2 3 4 5 6 7 8 9 10 11 12 14 
Structure 774: 15 8 6 11 1 2 14 7 5 12 3 9 10 4 
	-> 1 2 3 4 5 6 7 8 9 10 11 12 14 15 
Structure 775: 15 8 6 11 1 2 7 5 12 3 13 9 10 4 
	-> 1 2 3 4 5 6 7 8 9 10 11 12 13 15 
Structure 776: 8 6 11 1 2 14 7 5 3 13 9 10 4 
	-> 1 2 3 4 5 6 7 8 9 10 11 13 14 
Structure 777: 8 6 11 1 2 7 5 3 13 9 10 4 
	-> 1 2 3 4 5 6 7 8 9 10 11 13 
Structure 778: 15 8 6 11 1 2 14 7 5 12 3 13 9 10 4 
	-> 1 2 3 4 5 6 7 8 9 10 11 12 13 14 15 
Structure 779: 8 6 11 1 2 14 7 5 16 3 13 9 10 4 
	-> 1 2 3 4 5 6 7 8 9 10 11 13 14 16 
Structure 780: 8 6 11 1 2 14 7 5 12 3 9 10 4 
	-> 1 2 3 4 5 6 7 8 9 10 11 12 14 
Structure 781: 8 6 11 1 2 14 7 5 3 9 10 4 
	-> 1 2 3 4 5 6 7 8 9 10 11 14 
Structure 782: 8 6 11 1 2 7 5 12 3 13 9 10 4 
	-> 1 2 3 4 5 6 7 8 9 10 11 12 13 
Structure 783: 8 6 11 1 2 14 7 5 3 9 10 4 
	-> 1 2 3 4 5 6 7 8 9 10 11 14 
Structure 784: 15 8 6 11 1 2 14 7 5 12 3 13 9 10 4 
	-> 1 2 3 4 5 6 7 8 9 10 11 12 13 14 15 
Structure 785: 15 8 6 11 1 2 7 5 12 3 13 9 10 4 
	-> 1 2 3 4 5 6 7 8 9 10 11 12 13 15 
Structure 786: 15 8 6 11 1 2 7 5 12 3 13 9 10 4 
	-> 1 2 3 4 5 6 7 8 9 10 11 12 13 15 
Structure 787: 8 6 11 1 2 7 5 3 9 10 4 
	-> 1 2 3 4 5 6 7 8 9 10 11 
Structure 788: 8 6 11 1 2 14 7 5 12 3 9 10 4 
	-> 1 2 3 4 5 6 7 8 9 10 11 12 14 
Structure 789: 8 6 11 1 2 7 5 12 3 9 10 4 
	-> 1 2 3 4 5 6 7 8 9 10 11 12 
Structure 790: 8 6 11 1 2 7 5 12 3 9 10 4 
	-> 1 2 3 4 5 6 7 8 9 10 11 12 
Structure 791: 8 6 11 1 2 14 7 5 12 3 9 10 4 
	-> 1 2 3 4 5 6 7 8 9 10 11 12 14 
Structure 792: 15 8 6 11 1 2 14 7 5 12 3 9 10 4 
	-> 1 2 3 4 5 6 7 8 9 10 11 12 14 15 
Structure 793: 8 6 11 1 2 14 7 5 12 3 13 9 10 4 
	-> 1 2 3 4 5 6 7 8 9 10 11 12 13 14 
Structure 794: 8 6 11 1 2 14 7 5 12 3 13 9 10 4 
	-> 1 2 3 4 5 6 7 8 9 10 11 12 13 14 
Structure 795: 8 6 11 1 2 14 7 5 12 3 13 9 10 4 
	-> 1 2 3 4 5 6 7 8 9 10 11 12 13 14 
Structure 796: 8 6 11 1 2 14 7 5 12 3 9 10 4 
	-> 1 2 3 4 5 6 7 8 9 10 11 12 14 
Structure 797: 8 33 6 11 1 2 14 7 30 16 3 9 10 4 
	-> 1 2 3 4 6 7 8 9 10 11 14 16 
Structure 798: 8 6 11 1 2 7 5 12 3 13 9 10 4 
	-> 1 2 3 4 5 6 7 8 9 10 11 12 13 
Structure 799: 8 6 11 1 2 14 7 5 12 3 9 10 4 
	-> 1 2 3 4 5 6 7 8 9 10 11 12 14 
Structure 800: 8 6 11 1 2 7 5 12 3 13 9 10 4 
	-> 1 2 3 4 5 6 7 8 9 10 11 12 13 
Structure 801: 8 6 11 1 2 14 7 5 3 13 9 10 4 
	-> 1 2 3 4 5 6 7 8 9 10 11 13 14 
Structure 802: 8 6 11 1 2 14 7 5 12 3 13 9 10 4 
	-> 1 2 3 4 5 6 7 8 9 10 11 12 13 14 
Structure 803: 8 6 11 1 2 14 7 5 12 3 9 10 4 
	-> 1 2 3 4 5 6 7 8 9 10 11 12 14 
Structure 804: 8 6 11 1 2 14 7 5 12 3 13 9 10 4 
	-> 1 2 3 4 5 6 7 8 9 10 11 12 13 14 
Structure 805: 8 6 11 1 2 7 5 12 3 13 9 10 4 
	-> 1 2 3 4 5 6 7 8 9 10 11 12 13 
Structure 806: 8 6 11 1 2 7 5 12 3 13 9 10 4 
	-> 1 2 3 4 5 6 7 8 9 10 11 12 13 
Structure 807: 8 6 11 1 2 7 5 12 3 13 9 10 4 
	-> 1 2 3 4 5 6 7 8 9 10 11 12 13 
Structure 808: 15 8 6 11 1 2 14 7 5 12 3 13 9 10 4 
	-> 1 2 3 4 5 6 7 8 9 10 11 12 13 14 15 
Structure 809: 8 6 11 1 2 14 7 5 12 3 9 10 4 
	-> 1 2 3 4 5 6 7 8 9 10 11 12 14 
Structure 810: 8 6 11 1 2 7 5 12 3 9 10 4 
	-> 1 2 3 4 5 6 7 8 9 10 11 12 
Structure 811: 8 6 11 1 2 7 5 12 3 9 10 4 
	-> 1 2 3 4 5 6 7 8 9 10 11 12 
Structure 812: 8 6 11 1 2 7 5 12 3 9 10 4 
	-> 1 2 3 4 5 6 7 8 9 10 11 12 
Structure 813: 15 8 6 11 1 2 14 7 5 12 3 13 9 10 4 
	-> 1 2 3 4 5 6 7 8 9 10 11 12 13 14 15 
Structure 814: 8 6 11 1 2 14 7 5 12 3 13 9 44 4 
	-> 1 2 3 4 5 6 7 8 9 11 12 13 14 
Structure 815: 8 6 11 1 2 14 7 5 3 17 9 10 4 
	-> 1 2 3 4 5 6 7 8 9 10 11 14 
Structure 816: 15 8 6 11 1 2 7 5 12 3 9 10 4 
	-> 1 2 3 4 5 6 7 8 9 10 11 12 15 
Structure 817: 8 6 11 1 2 7 5 12 3 13 9 10 4 
	-> 1 2 3 4 5 6 7 8 9 10 11 12 13 
Structure 818: 8 6 11 1 2 14 7 5 12 3 13 9 10 4 
	-> 1 2 3 4 5 6 7 8 9 10 11 12 13 14 
Structure 819: 15 8 6 11 1 2 7 5 12 3 13 9 10 4 
	-> 1 2 3 4 5 6 7 8 9 10 11 12 13 15 
Structure 820: 15 8 6 11 1 2 14 7 5 12 3 13 9 10 4 
	-> 1 2 3 4 5 6 7 8 9 10 11 12 13 14 15 
Structure 821: 15 8 6 11 1 2 14 7 5 12 3 13 9 10 4 
	-> 1 2 3 4 5 6 7 8 9 10 11 12 13 14 15 
Structure 822: 8 6 11 1 2 14 7 5 12 3 13 9 10 4 
	-> 1 2 3 4 5 6 7 8 9 10 11 12 13 14 
Structure 823: 8 6 11 1 2 7 5 12 3 9 10 4 
	-> 1 2 3 4 5 6 7 8 9 10 11 12 
Structure 824: 8 6 11 1 2 7 5 12 3 9 10 4 
	-> 1 2 3 4 5 6 7 8 9 10 11 12 
Structure 825: 8 6 11 1 2 7 5 12 3 13 9 10 4 
	-> 1 2 3 4 5 6 7 8 9 10 11 12 13 
Structure 826: 8 6 11 1 2 7 5 12 3 13 9 10 4 
	-> 1 2 3 4 5 6 7 8 9 10 11 12 13 
Structure 827: 15 8 6 11 1 2 14 7 5 12 3 13 9 10 4 
	-> 1 2 3 4 5 6 7 8 9 10 11 12 13 14 15 
Structure 828: 15 8 6 11 1 2 14 7 5 12 3 13 9 10 4 
	-> 1 2 3 4 5 6 7 8 9 10 11 12 13 14 15 
Structure 829: 15 8 6 11 1 2 14 7 5 12 3 13 9 10 4 
	-> 1 2 3 4 5 6 7 8 9 10 11 12 13 14 15 
Structure 830: 8 6 11 1 2 7 5 12 3 9 10 4 
	-> 1 2 3 4 5 6 7 8 9 10 11 12 
Structure 831: 8 6 11 1 2 14 7 5 16 3 13 9 10 4 
	-> 1 2 3 4 5 6 7 8 9 10 11 13 14 16 
Structure 832: 8 6 11 1 2 14 7 5 12 3 13 9 10 4 
	-> 1 2 3 4 5 6 7 8 9 10 11 12 13 14 
Structure 833: 15 8 6 11 1 2 7 5 16 3 13 9 10 4 
	-> 1 2 3 4 5 6 7 8 9 10 11 13 15 16 
Structure 834: 8 6 11 1 2 7 5 3 9 10 4 
	-> 1 2 3 4 5 6 7 8 9 10 11 
Structure 835: 21 8 6 11 1 2 14 7 5 12 3 13 9 10 4 
	-> 1 2 3 4 5 6 7 8 9 10 11 12 13 14 
Structure 836: 8 6 11 1 2 7 5 16 3 13 9 10 4 
	-> 1 2 3 4 5 6 7 8 9 10 11 13 16 
Structure 837: 15 8 6 11 1 2 14 7 5 12 3 13 9 10 4 
	-> 1 2 3 4 5 6 7 8 9 10 11 12 13 14 15 
Structure 838: 8 6 11 1 2 7 5 12 3 13 9 10 4 
	-> 1 2 3 4 5 6 7 8 9 10 11 12 13 
Structure 839: 8 6 11 1 2 14 7 5 12 3 13 9 10 4 
	-> 1 2 3 4 5 6 7 8 9 10 11 12 13 14 
Structure 840: 8 6 11 1 2 14 7 5 12 3 13 9 10 4 
	-> 1 2 3 4 5 6 7 8 9 10 11 12 13 14 
Structure 841: 8 6 11 1 2 7 5 3 17 9 10 4 
	-> 1 2 3 4 5 6 7 8 9 10 11 
Structure 842: 15 8 6 11 1 2 14 7 5 12 3 13 9 10 4 
	-> 1 2 3 4 5 6 7 8 9 10 11 12 13 14 15 
Structure 843: 8 6 11 1 2 7 5 12 3 13 9 10 4 
	-> 1 2 3 4 5 6 7 8 9 10 11 12 13 
Structure 844: 15 8 6 28 1 2 7 5 12 3 13 9 10 4 
	-> 1 2 3 4 5 6 7 8 9 10 12 13 15 
Structure 845: 15 8 6 11 1 2 14 7 5 12 3 13 9 10 4 
	-> 1 2 3 4 5 6 7 8 9 10 11 12 13 14 15 
Structure 846: 8 6 11 1 2 14 7 5 12 3 13 9 10 4 
	-> 1 2 3 4 5 6 7 8 9 10 11 12 13 14 
Structure 847: 8 6 11 1 2 7 5 12 3 13 9 10 4 
	-> 1 2 3 4 5 6 7 8 9 10 11 12 13 
Structure 848: 8 6 11 1 2 7 5 12 3 17 9 10 4 
	-> 1 2 3 4 5 6 7 8 9 10 11 12 
Structure 849: 8 6 11 1 2 14 7 5 3 13 9 10 4 
	-> 1 2 3 4 5 6 7 8 9 10 11 13 14 
Structure 850: 8 6 11 1 2 7 5 12 3 13 9 10 4 
	-> 1 2 3 4 5 6 7 8 9 10 11 12 13 
Structure 851: 8 6 11 1 2 7 5 12 3 13 9 10 4 
	-> 1 2 3 4 5 6 7 8 9 10 11 12 13 
Structure 852: 8 6 11 1 2 14 7 5 12 3 13 9 10 4 
	-> 1 2 3 4 5 6 7 8 9 10 11 12 13 14 
Structure 853: 8 6 11 1 2 14 7 5 12 3 13 9 10 4 
	-> 1 2 3 4 5 6 7 8 9 10 11 12 13 14 
Structure 854: 8 6 11 1 2 14 7 5 16 3 13 9 10 4 
	-> 1 2 3 4 5 6 7 8 9 10 11 13 14 16 
Structure 855: 8 6 11 1 2 14 7 5 12 3 13 9 10 4 
	-> 1 2 3 4 5 6 7 8 9 10 11 12 13 14 
Structure 856: 15 8 6 11 1 2 7 5 12 3 9 10 4 
	-> 1 2 3 4 5 6 7 8 9 10 11 12 15 
Structure 857: 8 6 11 1 2 14 7 5 12 3 13 9 10 4 
	-> 1 2 3 4 5 6 7 8 9 10 11 12 13 14 
Structure 858: 8 6 11 1 29 2 7 5 12 3 13 9 10 4 
	-> 1 2 3 4 5 6 7 8 9 10 11 12 13 
Structure 859: 8 6 11 1 2 14 7 5 12 3 13 9 10 4 
	-> 1 2 3 4 5 6 7 8 9 10 11 12 13 14 
Structure 860: 8 6 11 1 2 14 7 5 12 3 13 9 10 4 
	-> 1 2 3 4 5 6 7 8 9 10 11 12 13 14 
Structure 861: 8 6 11 1 2 7 5 12 3 13 9 10 4 
	-> 1 2 3 4 5 6 7 8 9 10 11 12 13 
Structure 862: 8 6 11 1 2 7 5 12 3 13 9 10 4 
	-> 1 2 3 4 5 6 7 8 9 10 11 12 13 
Structure 863: 8 6 11 1 2 7 5 16 3 13 9 10 4 
	-> 1 2 3 4 5 6 7 8 9 10 11 13 16 
Structure 864: 15 8 6 11 1 2 14 7 5 12 3 13 9 10 4 
	-> 1 2 3 4 5 6 7 8 9 10 11 12 13 14 15 
Structure 865: 8 6 11 1 2 14 7 5 12 3 13 9 10 4 
	-> 1 2 3 4 5 6 7 8 9 10 11 12 13 14 
Structure 866: 8 6 1 2 18 7 5 12 3 13 9 10 4 
	-> 1 2 3 4 5 6 7 8 9 10 12 13 
Structure 867: 8 6 11 1 2 7 5 3 9 10 4 
	-> 1 2 3 4 5 6 7 8 9 10 11 
Structure 868: 15 8 6 11 1 2 14 7 5 12 3 13 9 10 4 
	-> 1 2 3 4 5 6 7 8 9 10 11 12 13 14 15 
Structure 869: 8 6 11 1 2 7 5 12 3 13 9 10 4 
	-> 1 2 3 4 5 6 7 8 9 10 11 12 13 
Structure 870: 15 8 6 11 1 2 18 7 5 12 3 13 9 10 4 
	-> 1 2 3 4 5 6 7 8 9 10 11 12 13 15 
Structure 871: 8 6 11 1 2 7 30 5 12 3 9 10 4 
	-> 1 2 3 4 5 6 7 8 9 10 11 12 
Structure 872: 8 6 11 1 2 14 7 5 12 3 13 9 10 4 
	-> 1 2 3 4 5 6 7 8 9 10 11 12 13 14 
Structure 873: 8 6 11 1 2 7 5 3 13 9 10 4 
	-> 1 2 3 4 5 6 7 8 9 10 11 13 
Structure 874: 15 8 6 11 1 2 14 7 5 3 13 9 10 4 
	-> 1 2 3 4 5 6 7 8 9 10 11 13 14 15 
Structure 875: 15 8 6 11 1 2 7 5 3 13 9 10 4 
	-> 1 2 3 4 5 6 7 8 9 10 11 13 15 
Structure 876: 8 6 11 1 2 14 7 5 12 3 13 9 10 4 
	-> 1 2 3 4 5 6 7 8 9 10 11 12 13 14 
Structure 877: 8 6 11 1 2 14 7 5 12 3 13 9 10 4 
	-> 1 2 3 4 5 6 7 8 9 10 11 12 13 14 
Structure 878: 8 6 11 1 2 14 7 5 12 3 13 9 10 4 
	-> 1 2 3 4 5 6 7 8 9 10 11 12 13 14 
Structure 879: 15 8 6 11 1 2 14 7 5 3 13 9 10 4 
	-> 1 2 3 4 5 6 7 8 9 10 11 13 14 15 
Structure 880: 15 8 6 11 1 2 7 5 12 3 13 9 10 4 
	-> 1 2 3 4 5 6 7 8 9 10 11 12 13 15 
Structure 881: 15 8 6 11 1 2 14 7 5 12 3 13 9 10 4 
	-> 1 2 3 4 5 6 7 8 9 10 11 12 13 14 15 
Structure 882: 8 6 11 1 2 7 5 3 13 9 10 4 
	-> 1 2 3 4 5 6 7 8 9 10 11 13 
Structure 883: 15 8 6 11 1 2 14 7 5 12 3 13 9 10 4 
	-> 1 2 3 4 5 6 7 8 9 10 11 12 13 14 15 
Structure 884: 8 6 11 1 2 14 7 5 12 3 13 9 10 4 
	-> 1 2 3 4 5 6 7 8 9 10 11 12 13 14 
Structure 885: 8 6 11 1 2 14 7 5 12 3 13 9 10 4 
	-> 1 2 3 4 5 6 7 8 9 10 11 12 13 14 
Structure 886: 15 8 6 11 1 2 14 7 5 12 3 34 24 4 
	-> 1 2 3 4 5 6 7 8 11 12 14 15 
Structure 887: 8 6 11 1 2 7 5 12 3 13 9 10 4 
	-> 1 2 3 4 5 6 7 8 9 10 11 12 13 
Structure 888: 8 6 11 1 2 14 7 5 12 3 13 9 10 4 
	-> 1 2 3 4 5 6 7 8 9 10 11 12 13 14 
Structure 889: 15 8 6 11 1 2 7 5 3 9 10 4 
	-> 1 2 3 4 5 6 7 8 9 10 11 15 
Structure 890: 15 8 6 11 1 2 14 7 5 12 3 9 10 4 
	-> 1 2 3 4 5 6 7 8 9 10 11 12 14 15 
Structure 891: 8 6 11 1 2 7 5 3 13 9 10 4 
	-> 1 2 3 4 5 6 7 8 9 10 11 13 
Structure 892: 8 6 11 1 2 7 5 12 3 13 9 10 4 
	-> 1 2 3 4 5 6 7 8 9 10 11 12 13 
Structure 893: 8 6 11 1 2 7 5 12 3 9 10 4 
	-> 1 2 3 4 5 6 7 8 9 10 11 12 
Structure 894: 8 6 11 1 2 14 7 5 12 3 9 10 4 
	-> 1 2 3 4 5 6 7 8 9 10 11 12 14 
Structure 895: 8 6 11 1 2 14 7 5 12 3 13 9 10 4 
	-> 1 2 3 4 5 6 7 8 9 10 11 12 13 14 
Structure 896: 8 6 11 1 2 14 7 5 12 3 13 9 10 4 
	-> 1 2 3 4 5 6 7 8 9 10 11 12 13 14 
Structure 897: 8 6 11 1 2 14 7 5 12 3 9 10 4 
	-> 1 2 3 4 5 6 7 8 9 10 11 12 14 
Structure 898: 15 8 6 11 1 2 14 7 5 3 13 9 10 4 
	-> 1 2 3 4 5 6 7 8 9 10 11 13 14 15 
Structure 899: 8 6 11 1 2 14 7 5 12 3 13 9 10 4 
	-> 1 2 3 4 5 6 7 8 9 10 11 12 13 14 
Structure 900: 8 6 11 1 2 14 7 5 12 3 9 10 4 
	-> 1 2 3 4 5 6 7 8 9 10 11 12 14 
Structure 901: 8 6 11 1 2 7 5 12 3 13 9 10 4 
	-> 1 2 3 4 5 6 7 8 9 10 11 12 13 
Structure 902: 8 6 11 1 2 14 7 5 12 3 13 9 10 4 
	-> 1 2 3 4 5 6 7 8 9 10 11 12 13 14 
Structure 903: 8 6 11 1 2 7 5 12 3 13 9 10 4 
	-> 1 2 3 4 5 6 7 8 9 10 11 12 13 
Structure 904: 8 6 11 1 2 7 5 3 13 9 10 4 
	-> 1 2 3 4 5 6 7 8 9 10 11 13 
Structure 905: 15 8 6 11 1 2 14 7 5 12 3 9 10 4 
	-> 1 2 3 4 5 6 7 8 9 10 11 12 14 15 
Structure 906: 15 8 6 11 1 2 14 7 5 16 3 13 9 10 4 
	-> 1 2 3 4 5 6 7 8 9 10 11 13 14 15 16 
Structure 907: 8 6 11 1 2 7 5 12 3 13 9 10 4 
	-> 1 2 3 4 5 6 7 8 9 10 11 12 13 
Structure 908: 15 8 6 11 1 2 14 7 5 12 3 9 10 4 
	-> 1 2 3 4 5 6 7 8 9 10 11 12 14 15 
Structure 909: 8 6 11 1 2 7 5 12 3 13 9 10 4 
	-> 1 2 3 4 5 6 7 8 9 10 11 12 13 
Structure 910: 8 6 11 1 2 7 5 12 3 13 9 10 4 
	-> 1 2 3 4 5 6 7 8 9 10 11 12 13 
Structure 911: 8 6 11 1 2 7 5 3 9 10 4 
	-> 1 2 3 4 5 6 7 8 9 10 11 
Structure 912: 8 6 11 1 2 14 7 5 3 13 9 10 4 
	-> 1 2 3 4 5 6 7 8 9 10 11 13 14 
Structure 913: 8 6 11 1 2 14 7 5 12 3 9 10 4 
	-> 1 2 3 4 5 6 7 8 9 10 11 12 14 
Structure 914: 8 6 11 1 2 7 5 3 13 9 10 4 
	-> 1 2 3 4 5 6 7 8 9 10 11 13 
Structure 915: 8 6 11 1 2 7 5 12 3 13 9 10 4 
	-> 1 2 3 4 5 6 7 8 9 10 11 12 13 
Structure 916: 8 6 11 1 2 14 7 5 12 3 13 9 10 4 
	-> 1 2 3 4 5 6 7 8 9 10 11 12 13 14 
Structure 917: 8 6 11 1 2 7 5 3 13 9 10 4 
	-> 1 2 3 4 5 6 7 8 9 10 11 13 
Structure 918: 15 8 6 11 1 2 7 5 12 3 13 9 10 4 
	-> 1 2 3 4 5 6 7 8 9 10 11 12 13 15 
Structure 919: 8 6 11 1 2 14 7 5 12 3 13 9 10 4 
	-> 1 2 3 4 5 6 7 8 9 10 11 12 13 14 
Structure 920: 8 6 11 1 2 14 7 5 12 3 13 9 10 4 
	-> 1 2 3 4 5 6 7 8 9 10 11 12 13 14 
Structure 921: 8 6 11 1 2 14 7 5 12 3 13 9 10 4 
	-> 1 2 3 4 5 6 7 8 9 10 11 12 13 14 
Structure 922: 8 6 11 1 2 7 5 12 3 13 9 10 4 
	-> 1 2 3 4 5 6 7 8 9 10 11 12 13 
Structure 923: 8 6 11 1 2 7 5 12 3 13 9 10 4 
	-> 1 2 3 4 5 6 7 8 9 10 11 12 13 
Structure 924: 8 6 11 1 2 14 7 5 12 3 13 9 10 4 
	-> 1 2 3 4 5 6 7 8 9 10 11 12 13 14 
Structure 925: 8 6 11 1 2 7 5 12 3 9 10 4 
	-> 1 2 3 4 5 6 7 8 9 10 11 12 
Structure 926: 8 6 1 2 7 5 12 3 13 9 10 4 
	-> 1 2 3 4 5 6 7 8 9 10 12 13 
Structure 927: 8 6 11 1 2 7 5 12 3 13 9 10 4 
	-> 1 2 3 4 5 6 7 8 9 10 11 12 13 
Structure 928: 8 6 11 1 2 14 7 5 12 3 13 9 10 4 
	-> 1 2 3 4 5 6 7 8 9 10 11 12 13 14 
Structure 929: 15 8 6 11 1 2 7 5 12 3 13 9 10 4 
	-> 1 2 3 4 5 6 7 8 9 10 11 12 13 15 
Structure 930: 15 8 6 11 1 2 14 7 5 12 3 23 9 10 4 
	-> 1 2 3 4 5 6 7 8 9 10 11 12 14 15 
Structure 931: 8 6 11 1 2 7 5 3 13 9 10 4 
	-> 1 2 3 4 5 6 7 8 9 10 11 13 
Structure 932: 8 6 11 1 2 14 7 5 12 3 13 9 10 4 
	-> 1 2 3 4 5 6 7 8 9 10 11 12 13 14 
Structure 933: 8 6 11 1 2 7 5 12 3 13 9 10 4 
	-> 1 2 3 4 5 6 7 8 9 10 11 12 13 
Structure 934: 8 45 6 11 1 2 14 7 5 12 3 13 9 10 4 
	-> 1 2 3 4 5 6 7 8 9 10 11 12 13 14 
Structure 935: 8 6 11 1 2 7 5 12 3 13 9 10 4 
	-> 1 2 3 4 5 6 7 8 9 10 11 12 13 
Structure 936: 8 20 6 11 1 2 18 7 5 12 3 9 10 4 
	-> 1 2 3 4 5 6 7 8 9 10 11 12 
Structure 937: 8 6 11 1 2 7 5 12 3 13 9 10 4 
	-> 1 2 3 4 5 6 7 8 9 10 11 12 13 
Structure 938: 8 6 11 19 1 2 14 7 5 3 13 9 10 4 
	-> 1 2 3 4 5 6 7 8 9 10 11 13 14 
Structure 939: 8 6 11 1 2 14 7 5 12 3 9 10 4 
	-> 1 2 3 4 5 6 7 8 9 10 11 12 14 
Structure 940: 15 8 46 6 11 1 2 14 7 5 12 3 13 9 10 4 
	-> 1 2 3 4 5 6 7 8 9 10 11 12 13 14 15 
Structure 941: 8 6 1 2 18 7 5 12 3 9 10 4 
	-> 1 2 3 4 5 6 7 8 9 10 12 
Structure 942: 8 6 11 1 2 14 7 5 12 3 13 9 10 4 
	-> 1 2 3 4 5 6 7 8 9 10 11 12 13 14 
Structure 943: 8 6 11 1 2 14 7 5 12 3 9 10 4 
	-> 1 2 3 4 5 6 7 8 9 10 11 12 14 
Structure 944: 15 8 6 11 1 2 14 7 5 3 13 9 10 4 
	-> 1 2 3 4 5 6 7 8 9 10 11 13 14 15 
Structure 945: 8 6 11 1 2 14 7 5 3 13 9 10 4 
	-> 1 2 3 4 5 6 7 8 9 10 11 13 14 
Structure 946: 8 6 11 1 2 14 7 5 12 3 9 10 4 
	-> 1 2 3 4 5 6 7 8 9 10 11 12 14 
Structure 947: 8 6 11 1 2 14 7 5 12 3 13 9 10 4 
	-> 1 2 3 4 5 6 7 8 9 10 11 12 13 14 
Structure 948: 8 6 11 1 2 7 5 3 13 9 10 4 
	-> 1 2 3 4 5 6 7 8 9 10 11 13 
Structure 949: 15 8 6 11 1 2 14 7 5 12 3 9 10 4 
	-> 1 2 3 4 5 6 7 8 9 10 11 12 14 15 
Structure 950: 8 6 11 1 2 7 5 12 3 13 9 10 4 
	-> 1 2 3 4 5 6 7 8 9 10 11 12 13 
Structure 951: 15 8 6 11 1 2 7 5 3 13 9 10 4 
	-> 1 2 3 4 5 6 7 8 9 10 11 13 15 
Structure 952: 15 8 6 11 1 2 14 7 5 12 3 13 9 10 4 
	-> 1 2 3 4 5 6 7 8 9 10 11 12 13 14 15 
Structure 953: 8 6 11 1 2 7 5 12 3 13 9 10 4 
	-> 1 2 3 4 5 6 7 8 9 10 11 12 13 
Structure 954: 8 6 11 1 2 14 7 5 12 3 13 9 10 4 
	-> 1 2 3 4 5 6 7 8 9 10 11 12 13 14 
Structure 955: 15 8 6 11 1 2 7 5 16 3 13 9 10 4 
	-> 1 2 3 4 5 6 7 8 9 10 11 13 15 16 
Structure 956: 8 6 11 1 2 7 5 12 3 13 9 10 4 
	-> 1 2 3 4 5 6 7 8 9 10 11 12 13 
Structure 957: 8 6 11 1 2 14 7 5 12 3 9 10 4 
	-> 1 2 3 4 5 6 7 8 9 10 11 12 14 
Structure 958: 15 8 6 11 1 2 14 7 5 16 3 13 9 10 4 
	-> 1 2 3 4 5 6 7 8 9 10 11 13 14 15 16 
Structure 959: 8 6 11 1 2 7 5 12 3 9 10 4 
	-> 1 2 3 4 5 6 7 8 9 10 11 12 
Structure 960: 15 8 6 11 1 2 14 7 5 12 3 13 9 10 4 
	-> 1 2 3 4 5 6 7 8 9 10 11 12 13 14 15 
Structure 961: 8 6 11 1 2 7 5 25 3 13 9 10 4 
	-> 1 2 3 4 5 6 7 8 9 10 11 13 
Structure 962: 8 6 11 1 2 14 7 5 12 3 13 9 10 4 
	-> 1 2 3 4 5 6 7 8 9 10 11 12 13 14 
Structure 963: 15 8 6 11 1 2 7 5 12 3 13 9 10 4 
	-> 1 2 3 4 5 6 7 8 9 10 11 12 13 15 
Structure 964: 15 8 6 11 1 2 7 5 12 3 13 9 10 4 
	-> 1 2 3 4 5 6 7 8 9 10 11 12 13 15 
Structure 965: 8 6 11 1 2 47 5 12 3 9 10 4 
	-> 1 2 3 4 5 6 8 9 10 11 12 
Structure 966: 8 6 11 1 2 7 5 12 3 9 10 4 
	-> 1 2 3 4 5 6 7 8 9 10 11 12 
Structure 967: 8 6 11 1 2 7 5 12 3 13 9 10 4 
	-> 1 2 3 4 5 6 7 8 9 10 11 12 13 
Structure 968: 15 8 6 11 1 2 7 5 3 9 10 4 
	-> 1 2 3 4 5 6 7 8 9 10 11 15 
Structure 969: 15 8 20 6 11 1 2 7 5 12 3 9 10 4 
	-> 1 2 3 4 5 6 7 8 9 10 11 12 15 
Structure 970: 8 6 11 1 2 14 7 5 12 3 9 10 4 
	-> 1 2 3 4 5 6 7 8 9 10 11 12 14 
Structure 971: 8 6 11 1 2 7 5 3 9 10 4 
	-> 1 2 3 4 5 6 7 8 9 10 11 
Structure 972: 8 6 19 1 2 7 5 12 3 13 9 10 4 
	-> 1 2 3 4 5 6 7 8 9 10 12 13 
Structure 973: 8 6 11 1 2 14 7 5 16 3 9 10 4 
	-> 1 2 3 4 5 6 7 8 9 10 11 14 16 
Structure 974: 8 6 11 1 2 7 5 12 3 13 9 10 4 
	-> 1 2 3 4 5 6 7 8 9 10 11 12 13 
Structure 975: 8 6 11 1 2 7 5 12 3 48 9 10 4 
	-> 1 2 3 4 5 6 7 8 9 10 11 12 
Structure 976: 15 8 6 11 1 2 14 7 5 12 3 13 9 10 4 
	-> 1 2 3 4 5 6 7 8 9 10 11 12 13 14 15 
Structure 977: 15 8 6 11 1 2 14 7 5 12 3 34 24 4 
	-> 1 2 3 4 5 6 7 8 11 12 14 15 
Structure 978: 8 6 11 1 2 14 7 5 12 3 9 10 4 
	-> 1 2 3 4 5 6 7 8 9 10 11 12 14 
Structure 979: 15 8 6 11 1 2 14 7 5 3 13 9 10 4 
	-> 1 2 3 4 5 6 7 8 9 10 11 13 14 15 
Structure 980: 8 6 11 1 2 14 7 5 12 3 13 9 10 4 
	-> 1 2 3 4 5 6 7 8 9 10 11 12 13 14 
Structure 981: 8 6 11 1 2 14 7 5 12 3 9 10 4 
	-> 1 2 3 4 5 6 7 8 9 10 11 12 14 
Structure 982: 15 8 6 11 1 2 14 7 5 12 3 13 9 10 4 
	-> 1 2 3 4 5 6 7 8 9 10 11 12 13 14 15 
Structure 983: 8 6 11 1 2 14 7 5 12 3 13 9 10 4 
	-> 1 2 3 4 5 6 7 8 9 10 11 12 13 14 
Structure 984: 8 6 1 2 7 5 12 3 13 9 10 4 
	-> 1 2 3 4 5 6 7 8 9 10 12 13 
Structure 985: 8 6 11 1 2 7 5 16 3 13 9 10 4 
	-> 1 2 3 4 5 6 7 8 9 10 11 13 16 
Structure 986: 15 8 6 11 1 2 14 7 5 12 3 13 9 10 4 
	-> 1 2 3 4 5 6 7 8 9 10 11 12 13 14 15 
Structure 987: 8 6 11 1 2 14 7 5 12 3 13 9 10 4 
	-> 1 2 3 4 5 6 7 8 9 10 11 12 13 14 
Structure 988: 8 6 11 1 2 7 5 12 3 13 9 10 4 
	-> 1 2 3 4 5 6 7 8 9 10 11 12 13 
Structure 989: 8 6 11 1 2 7 5 12 3 13 9 10 4 
	-> 1 2 3 4 5 6 7 8 9 10 11 12 13 
Structure 990: 8 6 11 1 2 14 7 5 12 3 13 9 10 4 
	-> 1 2 3 4 5 6 7 8 9 10 11 12 13 14 
Structure 991: 15 8 6 11 1 2 7 5 3 13 9 10 4 
	-> 1 2 3 4 5 6 7 8 9 10 11 13 15 
Structure 992: 8 6 11 1 2 7 5 12 3 9 10 4 
	-> 1 2 3 4 5 6 7 8 9 10 11 12 
Structure 993: 8 6 11 1 2 7 5 3 13 9 10 4 
	-> 1 2 3 4 5 6 7 8 9 10 11 13 
Structure 994: 8 6 11 1 2 14 7 5 3 9 10 4 
	-> 1 2 3 4 5 6 7 8 9 10 11 14 
Structure 995: 15 8 6 11 1 2 14 7 5 12 3 9 10 4 
	-> 1 2 3 4 5 6 7 8 9 10 11 12 14 15 
Structure 996: 8 6 11 1 2 7 5 12 3 13 9 10 4 
	-> 1 2 3 4 5 6 7 8 9 10 11 12 13 
Structure 997: 8 6 11 1 2 14 7 5 12 3 13 9 10 4 
	-> 1 2 3 4 5 6 7 8 9 10 11 12 13 14 
Structure 998: 8 6 11 1 2 14 7 5 12 3 13 9 10 4 
	-> 1 2 3 4 5 6 7 8 9 10 11 12 13 14 
Structure 999: 15 8 6 11 1 2 7 5 12 3 13 9 10 4 
	-> 1 2 3 4 5 6 7 8 9 10 11 12 13 15 
Structure 1000: 8 6 11 1 2 14 7 5 12 3 9 10 4 
	-> 1 2 3 4 5 6 7 8 9 10 11 12 13 15  