Processing: /nethome/akirkpatrick3/Research/RNA/profiling/RNAStructProfilingConsolidation/output/training/U1/S.mansoni.6_sfold/input/S.mansoni.6_sfold.out
Structure 1: 16 35 36 A 30 B 3 24 1
	-> 1 3 A B 16 
Structure 2: 28 6 A 26 10 B 3 5 1
	-> 1 3 A 5 6 B 10 
Structure 3: 6 A 11 10 B 3 5 1
	-> 1 3 A 5 6 B 10 11 
Structure 4: 6 A 10 B 3 5 1
	-> 1 3 A 5 6 B 10 
Structure 5: 6 A 10 B 3 5 1
	-> 1 3 A 5 6 B 10 
Structure 6: 6 A 11 10 B 3 24 1
	-> 1 3 A 6 B 10 11 
Structure 7: 6 A 10 B 3 5 1
	-> 1 3 A 5 6 B 10 
Structure 8: 6 A 11 14 15 23 18 13 20 22 12 3 5 1
	-> 1 3 A 5 6 11 12 13 14 15 
Structure 9: 6 A 14 15 23 18 13 27 17 12 3 5 1
	-> 1 3 A 5 6 12 13 14 15 17 
Structure 10: 6 A 37 10 8 9 3 24 5 1
	-> 1 3 A 5 6 10 
Structure 11: 6 A 10 B 3 24 1
	-> 1 3 A 6 B 10 
Structure 12: 6 A 10 B 3 5 1
	-> 1 3 A 5 6 B 10 
Structure 13: 6 A 10 98 20 22 12 3 5 1
	-> 1 3 A 5 6 10 12 
Structure 14: 6 A 10 B 3 5 1
	-> 1 3 A 5 6 B 10 
Structure 15: 6 A 11 14 15 23 18 13 17 12 3 5 1
	-> 1 3 A 5 6 11 12 13 14 15 17 
Structure 16: 6 A 10 B 3 5 1
	-> 1 3 A 5 6 B 10 
Structure 17: 6 A 14 15 18 13 20 22 12 3 5 1
	-> 1 3 A 5 6 12 13 14 15 
Structure 18: 16 A 21 19 B 3 5 1
	-> 1 3 A 5 B 16 
Structure 19: 6 A 10 29 B 3 5 1
	-> 1 3 A 5 6 B 10 
Structure 20: 6 A 10 B 3 5 1
	-> 1 3 A 5 6 B 10 
Structure 21: 6 A 33 31 32 13 3 52 5 1
	-> 1 3 A 5 6 13 
Structure 22: 6 A 33 31 32 13 17 12 3 5 1
	-> 1 3 A 5 6 12 13 17 
Structure 23: 16 25 A 21 19 B 3 5 1
	-> 1 3 A 5 B 16 
Structure 24: 6 A 10 B 3 24 1
	-> 1 3 A 6 B 10 
Structure 25: 6 A 10 B 3 5 1
	-> 1 3 A 5 6 B 10 
Structure 26: 6 A 10 B 3 5 1
	-> 1 3 A 5 6 B 10 
Structure 27: 6 A 10 B 3 5 1
	-> 1 3 A 5 6 B 10 
Structure 28: 28 6 A 30 13 B 3 24 1
	-> 1 3 A 6 B 13 
Structure 29: 6 A 11 10 B 3 5 1
	-> 1 3 A 5 6 B 10 11 
Structure 30: 28 6 A 11 48 13 B 3 5 1
	-> 1 3 A 5 6 B 11 13 
Structure 31: 6 A 21 19 46 65 3 52 5 1
	-> 1 3 A 5 6 
Structure 32: 6 A 11 14 15 23 18 13 27 17 12 3 5 1
	-> 1 3 A 5 6 11 12 13 14 15 17 
Structure 33: 6 A 11 14 15 23 18 13 55 17 12 3 5 1
	-> 1 3 A 5 6 11 12 13 14 15 17 
Structure 34: 6 A 11 10 B 3 5 1
	-> 1 3 A 5 6 B 10 11 
Structure 35: 6 A 10 B 3 5 1
	-> 1 3 A 5 6 B 10 
Structure 36: 6 A 10 78 B 3 5 1
	-> 1 3 A 5 6 B 10 
Structure 37: 6 A 10 B 3 5 1
	-> 1 3 A 5 6 B 10 
Structure 38: 6 A 33 31 32 13 17 12 3 24 1
	-> 1 3 A 6 12 13 17 
Structure 39: 6 A 10 B 3 5 1
	-> 1 3 A 5 6 B 10 
Structure 40: 6 A 33 31 32 13 65 3 52 5 1
	-> 1 3 A 5 6 13 
Structure 41: 6 A 10 B 3 5 1
	-> 1 3 A 5 6 B 10 
Structure 42: 6 A 10 B 3 5 1
	-> 1 3 A 5 6 B 10 
Structure 43: 6 A 10 B 3 5 1
	-> 1 3 A 5 6 B 10 
Structure 44: 16 35 A 26 19 7 41 17 12 3 5 1
	-> 1 3 A 5 12 16 17 
Structure 45: 6 A 14 15 23 13 20 22 12 3 5 1
	-> 1 3 A 5 6 12 13 14 15 
Structure 46: 16 A 21 19 B 3 5 1
	-> 1 3 A 5 B 16 
Structure 47: 6 A 11 10 B 3 5 1
	-> 1 3 A 5 6 B 10 11 
Structure 48: 6 A 26 10 B 3 24 1
	-> 1 3 A 6 B 10 
Structure 49: 6 A 14 15 44 13 20 22 3 5 1
	-> 1 3 A 5 6 13 14 15 
Structure 50: 6 A 10 B 3 5 1
	-> 1 3 A 5 6 B 10 
Structure 51: 6 A 10 B 3 5 1
	-> 1 3 A 5 6 B 10 
Structure 52: 6 A 10 B 3 5 1
	-> 1 3 A 5 6 B 10 
Structure 53: 6 A 10 B 3 5 1
	-> 1 3 A 5 6 B 10 
Structure 54: 28 6 A 10 B 3 5 1
	-> 1 3 A 5 6 B 10 
Structure 55: 6 A 26 51 62 67 46 12 3 5 1
	-> 1 3 A 5 6 12 
Structure 56: 6 A 11 14 15 13 20 22 3 5 1
	-> 1 3 A 5 6 11 13 14 15 
Structure 57: 28 6 A 10 7 27 17 12 3 5 1
	-> 1 3 A 5 6 10 12 17 
Structure 58: 16 25 A 21 19 B 3 5 1
	-> 1 3 A 5 B 16 
Structure 59: 28 6 A 11 10 B 3 5 1
	-> 1 3 A 5 6 B 10 11 
Structure 60: 28 6 A 10 29 B 3 5 1
	-> 1 3 A 5 6 B 10 
Structure 61: 6 A 11 10 B 3 5 1
	-> 1 3 A 5 6 B 10 11 
Structure 62: 6 A 10 7 8 12 3 5 1
	-> 1 3 A 5 6 10 12 
Structure 63: 40 6 A 11 10 68 7 8 12 3 5 1
	-> 1 3 A 5 6 10 11 12 
Structure 64: 28 6 A 10 B 3 5 1
	-> 1 3 A 5 6 B 10 
Structure 65: 6 A 11 56 33 31 32 13 3 52 5 1
	-> 1 3 A 5 6 11 13 
Structure 66: 6 A 10 B 3 5 1
	-> 1 3 A 5 6 B 10 
Structure 67: 6 A 11 10 B 3 5 1
	-> 1 3 A 5 6 B 10 11 
Structure 68: 6 A 11 13 B 3 5 1
	-> 1 3 A 5 6 B 11 13 
Structure 69: 6 A 48 99 13 B 3 5 1
	-> 1 3 A 5 6 B 13 
Structure 70: 6 A 26 10 B 3 5 1
	-> 1 3 A 5 6 B 10 
Structure 71: 6 A 11 14 15 18 13 20 22 3 5 1
	-> 1 3 A 5 6 11 13 14 15 
Structure 72: 6 A 11 10 B 3 5 1
	-> 1 3 A 5 6 B 10 11 
Structure 73: 16 A 26 21 19 B 3 5 1
	-> 1 3 A 5 B 16 
Structure 74: 16 25 A 11 21 19 B 3 5 1
	-> 1 3 A 5 B 11 16 
Structure 75: 28 6 A 10 B 3 5 1
	-> 1 3 A 5 6 B 10 
Structure 76: 100 6 A 10 B 3 5 1
	-> 1 3 A 5 6 B 10 
Structure 77: 6 A 10 B 3 5 1
	-> 1 3 A 5 6 B 10 
Structure 78: 6 A 10 B 3 5 1
	-> 1 3 A 5 6 B 10 
Structure 79: 28 6 A 26 14 15 63 18 13 20 22 12 3 5 1
	-> 1 3 A 5 6 12 13 14 15 
Structure 80: 6 A 10 B 3 5 1
	-> 1 3 A 5 6 B 10 
Structure 81: 6 A 26 10 B 3 5 1
	-> 1 3 A 5 6 B 10 
Structure 82: 6 A 14 31 32 13 39 27 17 12 3 5 1
	-> 1 3 A 5 6 12 13 14 17 
Structure 83: 6 A 10 B 3 5 1
	-> 1 3 A 5 6 B 10 
Structure 84: 34 53 43 42 A 56 33 31 63 13 3 5 1
	-> 1 3 A 5 13 
Structure 85: 6 A 10 B 3 5 1
	-> 1 3 A 5 6 B 10 
Structure 86: 6 A 11 14 15 13 20 22 12 3 5 1
	-> 1 3 A 5 6 11 12 13 14 15 
Structure 87: 28 6 A 10 B 3 5 1
	-> 1 3 A 5 6 B 10 
Structure 88: 6 A 10 B 3 5 1
	-> 1 3 A 5 6 B 10 
Structure 89: 28 6 A 10 B 3 5 1
	-> 1 3 A 5 6 B 10 
Structure 90: 6 A 10 B 3 5 1
	-> 1 3 A 5 6 B 10 
Structure 91: 102 79 80 25 A 26 10 B 3 5 1
	-> 1 3 A 5 B 10 
Structure 92: 6 A 10 B 3 5 1
	-> 1 3 A 5 6 B 10 
Structure 93: 6 A 11 14 15 44 13 17 12 3 5 1
	-> 1 3 A 5 6 11 12 13 14 15 17 
Structure 94: 6 A 14 15 18 13 27 17 12 3 5 1
	-> 1 3 A 5 6 12 13 14 15 17 
Structure 95: 6 A 10 29 58 41 17 3 5 1
	-> 1 3 A 5 6 10 17 
Structure 96: 6 A 10 B 3 5 1
	-> 1 3 A 5 6 B 10 
Structure 97: 16 25 A 11 21 19 B 3 5 1
	-> 1 3 A 5 B 11 16 
Structure 98: 16 35 36 A 48 B 3 5 1
	-> 1 3 A 5 B 16 
Structure 99: 6 A 10 B 3 5 1
	-> 1 3 A 5 6 B 10 
Structure 100: 16 A 21 19 B 3 5 1
	-> 1 3 A 5 B 16 
Structure 101: 6 A 26 10 B 3 5 1
	-> 1 3 A 5 6 B 10 
Structure 102: 6 A 11 10 B 3 5 1
	-> 1 3 A 5 6 B 10 11 
Structure 103: 6 A 30 13 B 3 5 1
	-> 1 3 A 5 6 B 13 
Structure 104: 6 A 11 14 15 23 18 13 27 17 12 3 5 1
	-> 1 3 A 5 6 11 12 13 14 15 17 
Structure 105: 6 A 14 15 23 18 13 39 27 17 12 3 5 1
	-> 1 3 A 5 6 12 13 14 15 17 
Structure 106: 6 A 10 B 3 5 1
	-> 1 3 A 5 6 B 10 
Structure 107: 16 25 A 21 19 B 3 5 1
	-> 1 3 A 5 B 16 
Structure 108: 6 45 38 2 37 10 17 12 3 5 1
	-> 1 3 5 6 10 12 17 
Structure 109: 34 47 45 38 2 37 10 17 12 3 5 1
	-> 1 3 5 10 12 17 
Structure 110: 6 A 10 B 3 5 1
	-> 1 3 A 5 6 B 10 
Structure 111: 16 A 21 19 B 3 5 1
	-> 1 3 A 5 B 16 
Structure 112: 6 A 11 10 B 3 5 1
	-> 1 3 A 5 6 B 10 11 
Structure 113: 16 49 A 51 B 3 5 1
	-> 1 3 A 5 B 16 
Structure 114: 6 A 10 B 3 5 1
	-> 1 3 A 5 6 B 10 
Structure 115: 6 A 104 10 B 3 5 1
	-> 1 3 A 5 6 B 10 
Structure 116: 16 35 36 A 30 B 3 5 1
	-> 1 3 A 5 B 16 
Structure 117: 6 A 10 B 3 5 1
	-> 1 3 A 5 6 B 10 
Structure 118: 16 A 21 19 B 3 5 1
	-> 1 3 A 5 B 16 
Structure 119: 6 A 10 B 3 5 1
	-> 1 3 A 5 6 B 10 
Structure 120: 6 A 10 7 41 17 12 3 5 1
	-> 1 3 A 5 6 10 12 17 
Structure 121: 6 A 26 14 59 18 13 27 17 12 3 5 1
	-> 1 3 A 5 6 12 13 14 17 
Structure 122: 16 25 A 21 19 B 3 5 1
	-> 1 3 A 5 B 16 
Structure 123: 6 A 10 B 3 5 1
	-> 1 3 A 5 6 B 10 
Structure 124: 6 A 10 B 3 5 1
	-> 1 3 A 5 6 B 10 
Structure 125: 16 A 11 21 19 B 3 5 1
	-> 1 3 A 5 B 11 16 
Structure 126: 16 35 36 A 30 B 3 5 1
	-> 1 3 A 5 B 16 
Structure 127: 6 A 26 10 B 3 5 1
	-> 1 3 A 5 6 B 10 
Structure 128: 6 A 26 10 B 3 24 1
	-> 1 3 A 6 B 10 
Structure 129: 16 25 A 11 21 19 B 3 5 1
	-> 1 3 A 5 B 11 16 
Structure 130: 6 A 10 B 3 5 1
	-> 1 3 A 5 6 B 10 
Structure 131: 6 A 10 29 B 3 24 1
	-> 1 3 A 6 B 10 
Structure 132: 6 A 14 15 23 18 13 20 22 12 3 5 1
	-> 1 3 A 5 6 12 13 14 15 
Structure 133: 6 A 14 15 23 18 13 17 12 3 5 1
	-> 1 3 A 5 6 12 13 14 15 17 
Structure 134: 6 A 10 B 3 5 1
	-> 1 3 A 5 6 B 10 
Structure 135: 6 A 26 10 B 3 5 1
	-> 1 3 A 5 6 B 10 
Structure 136: 6 A 10 B 3 5 1
	-> 1 3 A 5 6 B 10 
Structure 137: 6 A 10 B 3 5 1
	-> 1 3 A 5 6 B 10 
Structure 138: 6 A 11 14 15 23 18 13 27 17 12 3 5 1
	-> 1 3 A 5 6 11 12 13 14 15 17 
Structure 139: 16 35 36 A 30 B 3 5 1
	-> 1 3 A 5 B 16 
Structure 140: 16 25 A 21 19 B 3 5 1
	-> 1 3 A 5 B 16 
Structure 141: 6 A 11 10 B 3 5 1
	-> 1 3 A 5 6 B 10 11 
Structure 142: 16 35 36 A 11 30 B 3 5 1
	-> 1 3 A 5 B 11 16 
Structure 143: 6 A 10 B 3 5 1
	-> 1 3 A 5 6 B 10 
Structure 144: 6 A 10 B 3 5 1
	-> 1 3 A 5 6 B 10 
Structure 145: 6 A 14 15 18 13 17 12 3 5 1
	-> 1 3 A 5 6 12 13 14 15 17 
Structure 146: 6 A 11 14 15 18 13 20 22 12 3 5 1
	-> 1 3 A 5 6 11 12 13 14 15 
Structure 147: 6 A 26 10 B 3 24 1
	-> 1 3 A 6 B 10 
Structure 148: 6 A 10 B 3 5 1
	-> 1 3 A 5 6 B 10 
Structure 149: 6 A 10 B 3 5 1
	-> 1 3 A 5 6 B 10 
Structure 150: 16 25 A 21 19 B 3 5 1
	-> 1 3 A 5 B 16 
Structure 151: 34 47 45 38 2 37 10 17 12 3 5 1
	-> 1 3 5 10 12 17 
Structure 152: 16 A 11 21 19 B 3 5 1
	-> 1 3 A 5 B 11 16 
Structure 153: 6 A 10 B 3 24 1
	-> 1 3 A 6 B 10 
Structure 154: 16 35 36 A 11 30 B 3 24 1
	-> 1 3 A B 11 16 
Structure 155: 6 A 10 B 3 5 1
	-> 1 3 A 5 6 B 10 
Structure 156: 34 43 42 38 2 37 10 3 5 1
	-> 1 3 5 10 
Structure 157: 6 A 10 B 3 24 1
	-> 1 3 A 6 B 10 
Structure 158: 34 47 45 38 2 37 10 29 17 12 3 5 1
	-> 1 3 5 10 12 17 
Structure 159: 54 60 25 A 11 10 B 3 5 1
	-> 1 3 A 5 B 10 11 
Structure 160: 6 A 26 10 B 3 5 1
	-> 1 3 A 5 6 B 10 
Structure 161: 6 A 10 B 3 5 1
	-> 1 3 A 5 6 B 10 
Structure 162: 28 6 A 26 10 B 3 5 1
	-> 1 3 A 5 6 B 10 
Structure 163: 6 A 14 15 23 18 13 20 22 12 3 5 1
	-> 1 3 A 5 6 12 13 14 15 
Structure 164: 54 60 105 A 11 10 81 39 27 17 12 3 5 1
	-> 1 3 A 5 10 11 12 17 
Structure 165: 6 A 11 14 15 23 18 13 20 22 12 3 5 1
	-> 1 3 A 5 6 11 12 13 14 15 
Structure 166: 6 A 14 15 23 18 13 20 22 12 3 24 1
	-> 1 3 A 6 12 13 14 15 
Structure 167: 6 A 14 10 29 81 39 27 17 12 3 5 1
	-> 1 3 A 5 6 10 12 14 17 
Structure 168: 6 A 10 B 3 5 1
	-> 1 3 A 5 6 B 10 
Structure 169: 16 25 A 26 21 19 7 41 17 12 3 5 1
	-> 1 3 A 5 12 16 17 
Structure 170: 6 A 11 14 15 13 20 22 12 3 5 1
	-> 1 3 A 5 6 11 12 13 14 15 
Structure 171: 6 A 14 15 18 13 20 22 12 3 5 1
	-> 1 3 A 5 6 12 13 14 15 
Structure 172: 6 A 11 10 B 3 5 1
	-> 1 3 A 5 6 B 10 11 
Structure 173: 54 60 25 A 10 B 3 5 1
	-> 1 3 A 5 B 10 
Structure 174: 6 A 11 10 B 3 5 1
	-> 1 3 A 5 6 B 10 11 
Structure 175: 6 A 10 B 3 24 1
	-> 1 3 A 6 B 10 
Structure 176: 6 A 10 B 3 5 1
	-> 1 3 A 5 6 B 10 
Structure 177: 6 A 11 10 B 3 5 1
	-> 1 3 A 5 6 B 10 11 
Structure 178: 6 A 11 10 B 3 5 1
	-> 1 3 A 5 6 B 10 11 
Structure 179: 6 A 11 10 B 3 5 1
	-> 1 3 A 5 6 B 10 11 
Structure 180: 6 A 10 B 3 5 1
	-> 1 3 A 5 6 B 10 
Structure 181: 6 A 10 B 3 24 1
	-> 1 3 A 6 B 10 
Structure 182: 6 A 14 15 23 13 20 22 12 3 5 1
	-> 1 3 A 5 6 12 13 14 15 
Structure 183: 6 A 11 10 B 3 5 1
	-> 1 3 A 5 6 B 10 11 
Structure 184: 6 A 11 10 B 3 5 1
	-> 1 3 A 5 6 B 10 11 
Structure 185: 6 A 10 B 3 5 1
	-> 1 3 A 5 6 B 10 
Structure 186: 16 25 A 11 21 19 B 3 5 1
	-> 1 3 A 5 B 11 16 
Structure 187: 6 A 11 10 7 27 17 12 3 5 1
	-> 1 3 A 5 6 10 11 12 17 
Structure 188: 6 A 10 B 3 5 1
	-> 1 3 A 5 6 B 10 
Structure 189: 16 25 A 11 21 19 B 3 5 1
	-> 1 3 A 5 B 11 16 
Structure 190: 6 A 14 15 18 13 20 22 12 3 5 1
	-> 1 3 A 5 6 12 13 14 15 
Structure 191: 28 6 A 14 15 23 18 13 20 22 12 3 5 1
	-> 1 3 A 5 6 12 13 14 15 
Structure 192: 40 6 A 10 B 3 5 1
	-> 1 3 A 5 6 B 10 
Structure 193: 6 A 10 B 3 24 1
	-> 1 3 A 6 B 10 
Structure 194: 34 106 43 42 A 11 21 19 46 3 5 1
	-> 1 3 A 5 11 
Structure 195: 6 A 11 10 29 B 3 5 1
	-> 1 3 A 5 6 B 10 11 
Structure 196: 6 A 10 B 3 24 1
	-> 1 3 A 6 B 10 
Structure 197: 16 25 A 11 21 19 B 3 5 1
	-> 1 3 A 5 B 11 16 
Structure 198: 6 A 10 B 3 5 1
	-> 1 3 A 5 6 B 10 
Structure 199: 6 A 14 23 13 27 17 12 3 5 1
	-> 1 3 A 5 6 12 13 14 17 
Structure 200: 34 47 82 A 33 31 32 13 17 12 3 5 1
	-> 1 3 A 5 12 13 17 
Structure 201: 6 A 26 10 B 3 5 1
	-> 1 3 A 5 6 B 10 
Structure 202: 16 50 A 19 B 3 5 1
	-> 1 3 A 5 B 16 
Structure 203: 6 A 11 10 29 B 3 5 1
	-> 1 3 A 5 6 B 10 11 
Structure 204: 6 A 10 B 3 5 1
	-> 1 3 A 5 6 B 10 
Structure 205: 16 25 A 21 19 B 3 5 1
	-> 1 3 A 5 B 16 
Structure 206: 6 A 10 B 3 5 1
	-> 1 3 A 5 6 B 10 
Structure 207: 6 A 14 15 23 18 13 27 17 12 3 5 1
	-> 1 3 A 5 6 12 13 14 15 17 
Structure 208: 6 A 14 15 18 13 20 22 12 3 5 1
	-> 1 3 A 5 6 12 13 14 15 
Structure 209: 6 A 10 B 3 5 1
	-> 1 3 A 5 6 B 10 
Structure 210: 16 25 A 11 21 19 B 3 5 1
	-> 1 3 A 5 B 11 16 
Structure 211: 6 A 10 B 3 5 1
	-> 1 3 A 5 6 B 10 
Structure 212: 6 A 11 10 B 3 5 1
	-> 1 3 A 5 6 B 10 11 
Structure 213: 6 A 10 B 3 5 1
	-> 1 3 A 5 6 B 10 
Structure 214: 6 A 11 14 15 18 13 20 22 12 3 5 1
	-> 1 3 A 5 6 11 12 13 14 15 
Structure 215: 6 A 10 B 3 5 1
	-> 1 3 A 5 6 B 10 
Structure 216: 6 A 11 10 B 3 5 1
	-> 1 3 A 5 6 B 10 11 
Structure 217: 83 25 A 11 10 B 3 5 1
	-> 1 3 A 5 B 10 11 
Structure 218: 28 6 A 10 B 3 5 1
	-> 1 3 A 5 6 B 10 
Structure 219: 28 6 A 10 B 3 5 1
	-> 1 3 A 5 6 B 10 
Structure 220: 16 35 36 A 30 B 3 5 1
	-> 1 3 A 5 B 16 
Structure 221: 16 25 A 11 21 19 B 3 5 1
	-> 1 3 A 5 B 11 16 
Structure 222: 6 A 14 15 23 18 13 20 22 12 3 5 1
	-> 1 3 A 5 6 12 13 14 15 
Structure 223: 16 A 21 19 B 3 5 1
	-> 1 3 A 5 B 16 
Structure 224: 16 A 11 21 19 B 3 5 1
	-> 1 3 A 5 B 11 16 
Structure 225: 6 A 14 15 23 18 13 20 22 12 3 24 1
	-> 1 3 A 6 12 13 14 15 
Structure 226: 6 A 10 69 B 3 5 1
	-> 1 3 A 5 6 B 10 
Structure 227: 6 A 11 14 15 18 13 20 22 12 3 5 1
	-> 1 3 A 5 6 11 12 13 14 15 
Structure 228: 6 A 26 10 B 3 5 1
	-> 1 3 A 5 6 B 10 
Structure 229: 6 A 14 15 23 18 13 20 22 12 3 5 1
	-> 1 3 A 5 6 12 13 14 15 
Structure 230: 6 A 14 15 13 20 22 12 3 5 1
	-> 1 3 A 5 6 12 13 14 15 
Structure 231: 16 84 35 36 A 26 30 B 3 5 1
	-> 1 3 A 5 B 16 
Structure 232: 6 A 10 57 B 3 5 1
	-> 1 3 A 5 6 B 10 
Structure 233: 28 6 A 11 10 B 3 5 1
	-> 1 3 A 5 6 B 10 11 
Structure 234: 16 35 36 A 30 B 3 5 1
	-> 1 3 A 5 B 16 
Structure 235: 16 A 11 21 19 B 3 5 1
	-> 1 3 A 5 B 11 16 
Structure 236: 6 A 10 B 3 5 1
	-> 1 3 A 5 6 B 10 
Structure 237: 6 A 10 B 3 5 1
	-> 1 3 A 5 6 B 10 
Structure 238: 34 53 43 42 A 70 33 31 57 3 5 1
	-> 1 3 A 5 
Structure 239: 6 A 11 10 29 B 3 24 1
	-> 1 3 A 6 B 10 11 
Structure 240: 6 A 21 B 3 24 1
	-> 1 3 A 6 B 
Structure 241: 6 A 10 B 3 5 1
	-> 1 3 A 5 6 B 10 
Structure 242: 6 A 14 15 23 18 13 20 22 12 3 5 1
	-> 1 3 A 5 6 12 13 14 15 
Structure 243: 16 A 11 21 19 B 3 5 1
	-> 1 3 A 5 B 11 16 
Structure 244: 6 A 14 15 13 20 22 12 3 5 1
	-> 1 3 A 5 6 12 13 14 15 
Structure 245: 16 25 A 21 19 B 3 5 1
	-> 1 3 A 5 B 16 
Structure 246: 6 A 11 10 B 3 5 1
	-> 1 3 A 5 6 B 10 11 
Structure 247: 6 A 14 23 18 13 39 27 17 12 3 5 1
	-> 1 3 A 5 6 12 13 14 17 
Structure 248: 6 A 10 B 3 5 1
	-> 1 3 A 5 6 B 10 
Structure 249: 6 A 14 15 23 18 13 27 17 12 3 5 1
	-> 1 3 A 5 6 12 13 14 15 17 
Structure 250: 28 6 A 11 10 B 3 5 1
	-> 1 3 A 5 6 B 10 11 
Structure 251: 6 A 14 15 23 18 13 20 22 12 3 5 1
	-> 1 3 A 5 6 12 13 14 15 
Structure 252: 6 A 14 15 13 20 22 12 3 5 1
	-> 1 3 A 5 6 12 13 14 15 
Structure 253: 16 25 A 11 21 19 B 3 5 1
	-> 1 3 A 5 B 11 16 
Structure 254: 6 A 10 B 3 5 1
	-> 1 3 A 5 6 B 10 
Structure 255: 71 6 A 10 B 3 24 1
	-> 1 3 A 6 B 10 
Structure 256: 16 25 A 21 19 B 3 5 1
	-> 1 3 A 5 B 16 
Structure 257: 16 25 A 21 19 B 3 5 1
	-> 1 3 A 5 B 16 
Structure 258: 16 25 A 21 19 B 3 5 1
	-> 1 3 A 5 B 16 
Structure 259: 6 A 10 B 3 85 5 1
	-> 1 3 A 5 6 B 10 
Structure 260: 40 6 A 11 10 B 3 5 1
	-> 1 3 A 5 6 B 10 11 
Structure 261: 16 A 66 51 B 3 5 1
	-> 1 3 A 5 B 16 
Structure 262: 6 A 107 57 B 3 24 1
	-> 1 3 A 6 B 
Structure 263: 6 A 10 29 B 3 5 1
	-> 1 3 A 5 6 B 10 
Structure 264: 6 A 10 B 3 5 1
	-> 1 3 A 5 6 B 10 
Structure 265: 6 A 10 B 3 5 1
	-> 1 3 A 5 6 B 10 
Structure 266: 6 A 26 10 B 3 5 1
	-> 1 3 A 5 6 B 10 
Structure 267: 6 A 10 B 3 5 1
	-> 1 3 A 5 6 B 10 
Structure 268: 6 A 10 B 3 5 1
	-> 1 3 A 5 6 B 10 
Structure 269: 6 A 10 29 B 3 5 1
	-> 1 3 A 5 6 B 10 
Structure 270: 6 A 10 72 B 3 5 1
	-> 1 3 A 5 6 B 10 
Structure 271: 6 A 14 15 23 18 13 27 17 12 3 5 1
	-> 1 3 A 5 6 12 13 14 15 17 
Structure 272: 6 A 26 10 B 3 5 1
	-> 1 3 A 5 6 B 10 
Structure 273: 6 A 10 B 3 5 1
	-> 1 3 A 5 6 B 10 
Structure 274: 6 A 11 10 B 3 5 1
	-> 1 3 A 5 6 B 10 11 
Structure 275: 28 6 A 10 B 3 5 1
	-> 1 3 A 5 6 B 10 
Structure 276: 6 A 10 B 3 5 1
	-> 1 3 A 5 6 B 10 
Structure 277: 6 A 14 15 23 18 13 20 22 12 3 5 1
	-> 1 3 A 5 6 12 13 14 15 
Structure 278: 6 A 10 B 3 5 1
	-> 1 3 A 5 6 B 10 
Structure 279: 6 A 10 B 3 5 1
	-> 1 3 A 5 6 B 10 
Structure 280: 6 A 14 15 13 27 17 12 3 5 1
	-> 1 3 A 5 6 12 13 14 15 17 
Structure 281: 34 53 25 A 33 31 32 13 17 12 3 5 1
	-> 1 3 A 5 12 13 17 
Structure 282: 6 A 11 10 B 3 5 1
	-> 1 3 A 5 6 B 10 11 
Structure 283: 6 A 10 B 3 5 1
	-> 1 3 A 5 6 B 10 
Structure 284: 6 A 57 B 3 5 1
	-> 1 3 A 5 6 B 
Structure 285: 6 A 11 10 B 3 5 1
	-> 1 3 A 5 6 B 10 11 
Structure 286: 16 49 38 2 30 B 3 5 1
	-> 1 3 5 B 16 
Structure 287: 54 60 86 45 38 2 37 10 17 12 3 5 1
	-> 1 3 5 10 12 17 
Structure 288: 6 A 26 10 B 3 5 1
	-> 1 3 A 5 6 B 10 
Structure 289: 6 A 10 B 3 5 1
	-> 1 3 A 5 6 B 10 
Structure 290: 16 49 A 48 B 3 5 1
	-> 1 3 A 5 B 16 
Structure 291: 6 A 10 B 3 5 1
	-> 1 3 A 5 6 B 10 
Structure 292: 6 A 14 15 13 27 17 12 3 5 1
	-> 1 3 A 5 6 12 13 14 15 17 
Structure 293: 6 A 10 29 B 3 5 1
	-> 1 3 A 5 6 B 10 
Structure 294: 6 A 14 15 23 18 13 20 22 12 3 5 1
	-> 1 3 A 5 6 12 13 14 15 
Structure 295: 6 A 26 10 B 3 5 1
	-> 1 3 A 5 6 B 10 
Structure 296: 6 A 10 B 3 5 1
	-> 1 3 A 5 6 B 10 
Structure 297: 6 A 26 10 29 B 3 5 1
	-> 1 3 A 5 6 B 10 
Structure 298: 6 A 10 B 3 24 1
	-> 1 3 A 6 B 10 
Structure 299: 6 A 10 B 3 5 1
	-> 1 3 A 5 6 B 10 
Structure 300: 6 A 10 29 B 3 5 1
	-> 1 3 A 5 6 B 10 
Structure 301: 28 6 A 11 10 7 8 3 5 1
	-> 1 3 A 5 6 10 11 
Structure 302: 6 A 14 15 23 18 13 20 22 3 5 1
	-> 1 3 A 5 6 13 14 15 
Structure 303: 6 A 10 B 3 5 1
	-> 1 3 A 5 6 B 10 
Structure 304: 40 6 A 11 14 15 13 20 22 12 3 5 1
	-> 1 3 A 5 6 11 12 13 14 15 
Structure 305: 6 A 14 15 44 87 46 3 5 1
	-> 1 3 A 5 6 14 15 
Structure 306: 6 A 26 10 B 3 5 1
	-> 1 3 A 5 6 B 10 
Structure 307: 6 A 10 B 3 5 1
	-> 1 3 A 5 6 B 10 
Structure 308: 6 A 108 56 33 31 32 13 3 109 5 1
	-> 1 3 A 5 6 13 
Structure 309: 6 A 10 B 3 5 1
	-> 1 3 A 5 6 B 10 
Structure 310: 54 6 A 11 10 29 B 3 5 1
	-> 1 3 A 5 6 B 10 11 
Structure 311: 6 A 110 15 23 18 13 20 22 12 3 5 1
	-> 1 3 A 5 6 12 13 15 
Structure 312: 16 35 36 A 30 B 3 5 1
	-> 1 3 A 5 B 16 
Structure 313: 6 A 10 B 3 5 1
	-> 1 3 A 5 6 B 10 
Structure 314: 6 A 10 B 3 5 1
	-> 1 3 A 5 6 B 10 
Structure 315: 6 A 10 29 111 B 3 5 1
	-> 1 3 A 5 6 B 10 
Structure 316: 6 A 14 15 13 20 12 3 24 1
	-> 1 3 A 6 12 13 14 15 
Structure 317: 34 43 42 38 2 11 37 10 3 5 1
	-> 1 3 5 10 11 
Structure 318: 6 A 26 10 B 3 5 1
	-> 1 3 A 5 6 B 10 
Structure 319: 6 A 11 10 29 B 3 5 1
	-> 1 3 A 5 6 B 10 11 
Structure 320: 6 A 10 B 3 5 1
	-> 1 3 A 5 6 B 10 
Structure 321: 6 A 14 15 23 18 13 55 17 12 3 24 1
	-> 1 3 A 6 12 13 14 15 17 
Structure 322: 16 A 21 19 B 3 5 1
	-> 1 3 A 5 B 16 
Structure 323: 6 A 10 B 3 5 1
	-> 1 3 A 5 6 B 10 
Structure 324: 6 A 10 B 3 5 1
	-> 1 3 A 5 6 B 10 
Structure 325: 6 A 11 10 B 3 5 1
	-> 1 3 A 5 6 B 10 11 
Structure 326: 6 A 14 15 23 18 13 55 17 12 3 5 1
	-> 1 3 A 5 6 12 13 14 15 17 
Structure 327: 6 A 26 10 B 3 5 1
	-> 1 3 A 5 6 B 10 
Structure 328: 16 49 A 48 B 3 5 1
	-> 1 3 A 5 B 16 
Structure 329: 16 A 21 19 B 3 5 1
	-> 1 3 A 5 B 16 
Structure 330: 34 45 38 2 37 10 17 12 3 5 1
	-> 1 3 5 10 12 17 
Structure 331: 6 A 14 15 23 18 13 20 22 12 3 5 1
	-> 1 3 A 5 6 12 13 14 15 
Structure 332: 6 A 33 31 32 13 17 12 3 5 1
	-> 1 3 A 5 6 12 13 17 
Structure 333: 6 A 11 10 B 3 5 1
	-> 1 3 A 5 6 B 10 11 
Structure 334: 6 A 11 10 B 3 5 1
	-> 1 3 A 5 6 B 10 11 
Structure 335: 6 A 14 15 23 18 13 20 22 12 3 5 1
	-> 1 3 A 5 6 12 13 14 15 
Structure 336: 6 A 11 10 B 3 5 1
	-> 1 3 A 5 6 B 10 11 
Structure 337: 16 25 A 21 19 B 3 5 1
	-> 1 3 A 5 B 16 
Structure 338: 6 A 14 15 18 13 20 22 12 3 5 1
	-> 1 3 A 5 6 12 13 14 15 
Structure 339: 40 6 A 26 10 B 3 5 1
	-> 1 3 A 5 6 B 10 
Structure 340: 28 6 A 10 B 3 5 1
	-> 1 3 A 5 6 B 10 
Structure 341: 6 A 10 B 3 5 1
	-> 1 3 A 5 6 B 10 
Structure 342: 6 A 11 10 20 22 12 3 5 1
	-> 1 3 A 5 6 10 11 12 
Structure 343: 6 A 11 10 B 3 5 1
	-> 1 3 A 5 6 B 10 11 
Structure 344: 6 A 11 10 B 3 24 1
	-> 1 3 A 6 B 10 11 
Structure 345: 6 A 10 B 3 5 1
	-> 1 3 A 5 6 B 10 
Structure 346: 16 25 A 21 19 B 3 112 113 1
	-> 1 3 A B 16 
Structure 347: 28 6 A 10 B 3 5 1
	-> 1 3 A 5 6 B 10 
Structure 348: 16 35 36 A 30 B 3 5 1
	-> 1 3 A 5 B 16 
Structure 349: 6 A 11 88 33 10 17 12 3 24 1
	-> 1 3 A 6 10 11 12 17 
Structure 350: 34 43 42 A 11 56 33 31 32 13 3 5 1
	-> 1 3 A 5 11 13 
Structure 351: 6 A 10 B 3 24 1
	-> 1 3 A 6 B 10 
Structure 352: 6 A 10 B 3 5 1
	-> 1 3 A 5 6 B 10 
Structure 353: 6 A 14 15 23 18 13 27 17 12 3 5 1
	-> 1 3 A 5 6 12 13 14 15 17 
Structure 354: 6 A 14 15 44 18 13 17 12 3 5 1
	-> 1 3 A 5 6 12 13 14 15 17 
Structure 355: 6 A 10 B 3 5 1
	-> 1 3 A 5 6 B 10 
Structure 356: 16 25 A 21 19 B 3 5 1
	-> 1 3 A 5 B 16 
Structure 357: 6 A 10 B 3 5 1
	-> 1 3 A 5 6 B 10 
Structure 358: 6 A 10 B 3 5 1
	-> 1 3 A 5 6 B 10 
Structure 359: 6 A 10 B 3 5 1
	-> 1 3 A 5 6 B 10 
Structure 360: 16 49 A 11 30 B 3 5 1
	-> 1 3 A 5 B 11 16 
Structure 361: 6 A 11 10 B 3 5 1
	-> 1 3 A 5 6 B 10 11 
Structure 362: 6 A 26 10 29 B 3 5 1
	-> 1 3 A 5 6 B 10 
Structure 363: 16 25 A 26 21 19 B 3 5 1
	-> 1 3 A 5 B 16 
Structure 364: 6 A 10 B 3 5 1
	-> 1 3 A 5 6 B 10 
Structure 365: 6 A 11 10 B 3 5 1
	-> 1 3 A 5 6 B 10 11 
Structure 366: 16 35 36 A 30 B 3 5 1
	-> 1 3 A 5 B 16 
Structure 367: 6 50 A 11 10 B 3 5 1
	-> 1 3 A 5 6 B 10 11 
Structure 368: 6 A 10 B 3 5 1
	-> 1 3 A 5 6 B 10 
Structure 369: 6 A 26 10 B 3 5 1
	-> 1 3 A 5 6 B 10 
Structure 370: 40 6 A 89 33 31 32 13 17 12 3 5 1
	-> 1 3 A 5 6 12 13 17 
Structure 371: 6 A 10 B 3 5 1
	-> 1 3 A 5 6 B 10 
Structure 372: 6 A 11 10 B 3 5 1
	-> 1 3 A 5 6 B 10 11 
Structure 373: 6 A 10 B 3 5 1
	-> 1 3 A 5 6 B 10 
Structure 374: 6 A 26 10 B 3 5 1
	-> 1 3 A 5 6 B 10 
Structure 375: 6 A 14 15 23 18 13 20 22 12 3 5 1
	-> 1 3 A 5 6 12 13 14 15 
Structure 376: 16 49 A 30 B 3 5 1
	-> 1 3 A 5 B 16 
Structure 377: 6 A 26 10 29 B 3 5 1
	-> 1 3 A 5 6 B 10 
Structure 378: 6 A 10 B 3 5 1
	-> 1 3 A 5 6 B 10 
Structure 379: 6 A 10 B 3 5 1
	-> 1 3 A 5 6 B 10 
Structure 380: 6 A 10 7 41 17 12 3 5 1
	-> 1 3 A 5 6 10 12 17 
Structure 381: 34 47 45 38 2 11 37 10 17 12 3 5 1
	-> 1 3 5 10 11 12 17 
Structure 382: 6 A 14 15 23 63 13 20 22 12 3 5 1
	-> 1 3 A 5 6 12 13 14 15 
Structure 383: 34 43 42 A 61 56 33 31 32 13 3 24 1
	-> 1 3 A 13 
Structure 384: 6 A 14 15 23 18 13 20 12 3 5 1
	-> 1 3 A 5 6 12 13 14 15 
Structure 385: 6 A 10 B 3 5 1
	-> 1 3 A 5 6 B 10 
Structure 386: 6 A 10 B 3 5 1
	-> 1 3 A 5 6 B 10 
Structure 387: 6 A 14 15 23 13 27 17 12 3 5 1
	-> 1 3 A 5 6 12 13 14 15 17 
Structure 388: 6 A 14 31 32 13 39 27 17 12 3 5 1
	-> 1 3 A 5 6 12 13 14 17 
Structure 389: 28 6 A 14 15 23 18 13 20 22 12 3 5 1
	-> 1 3 A 5 6 12 13 14 15 
Structure 390: 6 A 11 10 B 12 3 5 1
	-> 1 3 A 5 6 B 10 11 12 
Structure 391: 6 A 11 10 B 3 5 1
	-> 1 3 A 5 6 B 10 11 
Structure 392: 6 A 10 B 3 24 1
	-> 1 3 A 6 B 10 
Structure 393: 6 A 10 B 3 5 1
	-> 1 3 A 5 6 B 10 
Structure 394: 28 6 A 26 10 B 3 5 1
	-> 1 3 A 5 6 B 10 
Structure 395: 6 A 11 10 B 3 5 1
	-> 1 3 A 5 6 B 10 11 
Structure 396: 16 A 21 19 B 3 73 24 1
	-> 1 3 A B 16 
Structure 397: 6 50 A 26 10 B 3 5 1
	-> 1 3 A 5 6 B 10 
Structure 398: 6 A 10 29 B 3 5 1
	-> 1 3 A 5 6 B 10 
Structure 399: 6 A 10 B 3 5 1
	-> 1 3 A 5 6 B 10 
Structure 400: 6 A 11 10 B 3 5 1
	-> 1 3 A 5 6 B 10 11 
Structure 401: 6 A 33 31 32 13 17 12 3 24 1
	-> 1 3 A 6 12 13 17 
Structure 402: 6 A 14 15 18 13 20 22 12 3 5 1
	-> 1 3 A 5 6 12 13 14 15 
Structure 403: 16 25 A 21 19 B 3 5 1
	-> 1 3 A 5 B 16 
Structure 404: 6 A 26 14 15 18 13 20 22 12 3 24 1
	-> 1 3 A 6 12 13 14 15 
Structure 405: 16 25 A 21 19 114 58 41 17 12 3 5 1
	-> 1 3 A 5 12 16 17 
Structure 406: 6 A 10 B 90 64 5 1
	-> 1 A 5 6 B 10 
Structure 407: 6 A 30 115 13 B 3 5 1
	-> 1 3 A 5 6 B 13 
Structure 408: 6 A 10 B 3 5 1
	-> 1 3 A 5 6 B 10 
Structure 409: 6 A 11 10 29 B 3 5 1
	-> 1 3 A 5 6 B 10 11 
Structure 410: 6 A 11 10 29 B 3 5 1
	-> 1 3 A 5 6 B 10 11 
Structure 411: 6 A 10 B 3 5 1
	-> 1 3 A 5 6 B 10 
Structure 412: 34 47 45 38 2 11 37 10 17 12 3 5 1
	-> 1 3 5 10 11 12 17 
Structure 413: 6 A 11 37 10 8 9 3 5 1
	-> 1 3 A 5 6 10 11 
Structure 414: 16 25 A 21 19 B 3 24 1
	-> 1 3 A B 16 
Structure 415: 6 A 21 19 B 91 116 117 5 1
	-> 1 A 5 6 B 
Structure 416: 16 25 A 11 21 19 B 3 24 1
	-> 1 3 A B 11 16 
Structure 417: 6 A 11 33 31 32 13 17 12 3 5 1
	-> 1 3 A 5 6 11 12 13 17 
Structure 418: 6 A 10 B 3 5 1
	-> 1 3 A 5 6 B 10 
Structure 419: 6 A 10 B 3 24 1
	-> 1 3 A 6 B 10 
Structure 420: 6 A 11 10 B 3 5 1
	-> 1 3 A 5 6 B 10 11 
Structure 421: 6 A 10 7 41 9 3 5 1
	-> 1 3 A 5 6 10 
Structure 422: 6 A 11 10 29 B 3 5 1
	-> 1 3 A 5 6 B 10 11 
Structure 423: 6 A 10 7 41 9 64 5 1
	-> 1 A 5 6 10 
Structure 424: 6 A 14 15 18 13 20 22 12 3 5 1
	-> 1 3 A 5 6 12 13 14 15 
Structure 425: 118 86 45 38 2 26 37 10 17 12 3 5 1
	-> 1 3 5 10 12 17 
Structure 426: 6 A 14 15 23 18 13 20 22 12 3 5 1
	-> 1 3 A 5 6 12 13 14 15 
Structure 427: 16 A 21 19 B 3 73 24 1
	-> 1 3 A B 16 
Structure 428: 28 6 A 11 10 B 3 5 1
	-> 1 3 A 5 6 B 10 11 
Structure 429: 6 A 10 B 3 5 1
	-> 1 3 A 5 6 B 10 
Structure 430: 6 A 10 B 3 5 1
	-> 1 3 A 5 6 B 10 
Structure 431: 16 25 A 21 19 B 3 5 1
	-> 1 3 A 5 B 16 
Structure 432: 6 A 26 10 B 3 5 1
	-> 1 3 A 5 6 B 10 
Structure 433: 6 A 10 B 3 5 1
	-> 1 3 A 5 6 B 10 
Structure 434: 16 25 A 21 19 B 3 5 1
	-> 1 3 A 5 B 16 
Structure 435: 6 A 14 15 13 17 12 3 5 1
	-> 1 3 A 5 6 12 13 14 15 17 
Structure 436: 16 A 66 51 B 3 5 1
	-> 1 3 A 5 B 16 
Structure 437: 6 A 51 18 13 B 3 5 1
	-> 1 3 A 5 6 B 13 
Structure 438: 6 A 11 14 15 23 18 13 20 22 12 3 5 1
	-> 1 3 A 5 6 11 12 13 14 15 
Structure 439: 6 A 11 14 15 18 13 20 22 12 3 5 1
	-> 1 3 A 5 6 11 12 13 14 15 
Structure 440: 6 A 10 B 3 24 1
	-> 1 3 A 6 B 10 
Structure 441: 28 6 A 10 B 3 5 1
	-> 1 3 A 5 6 B 10 
Structure 442: 6 A 10 B 3 5 1
	-> 1 3 A 5 6 B 10 
Structure 443: 6 A 14 15 92 13 27 17 12 3 5 1
	-> 1 3 A 5 6 12 13 14 15 17 
Structure 444: 6 A 10 B 3 5 1
	-> 1 3 A 5 6 B 10 
Structure 445: 6 A 26 10 B 3 24 1
	-> 1 3 A 6 B 10 
Structure 446: 6 A 61 14 59 23 18 13 20 22 12 3 5 1
	-> 1 3 A 5 6 12 13 14 
Structure 447: 16 35 36 A 30 B 3 85 5 1
	-> 1 3 A 5 B 16 
Structure 448: 6 A 14 15 18 13 17 12 3 5 1
	-> 1 3 A 5 6 12 13 14 15 17 
Structure 449: 16 93 49 A 11 48 7 8 3 5 1
	-> 1 3 A 5 11 16 
Structure 450: 6 A 11 10 B 3 5 1
	-> 1 3 A 5 6 B 10 11 
Structure 451: 6 A 10 B 3 5 1
	-> 1 3 A 5 6 B 10 
Structure 452: 6 A 10 B 3 5 1
	-> 1 3 A 5 6 B 10 
Structure 453: 6 A 21 19 B 3 5 1
	-> 1 3 A 5 6 B 
Structure 454: 6 A 26 10 68 B 3 24 1
	-> 1 3 A 6 B 10 
Structure 455: 6 A 11 10 B 3 5 1
	-> 1 3 A 5 6 B 10 11 
Structure 456: 6 A 11 14 15 13 55 17 12 3 5 1
	-> 1 3 A 5 6 11 12 13 14 15 17 
Structure 457: 6 A 11 10 B 3 5 1
	-> 1 3 A 5 6 B 10 11 
Structure 458: 6 A 11 10 29 B 3 5 1
	-> 1 3 A 5 6 B 10 11 
Structure 459: 6 A 10 B 3 5 1
	-> 1 3 A 5 6 B 10 
Structure 460: 16 25 A 21 19 B 3 5 1
	-> 1 3 A 5 B 16 
Structure 461: 6 A 10 B 3 5 1
	-> 1 3 A 5 6 B 10 
Structure 462: 28 6 A 10 B 3 5 1
	-> 1 3 A 5 6 B 10 
Structure 463: 6 A 10 B 3 5 1
	-> 1 3 A 5 6 B 10 
Structure 464: 28 6 A 10 B 3 5 1
	-> 1 3 A 5 6 B 10 
Structure 465: 6 A 119 10 B 3 5 1
	-> 1 3 A 5 6 B 10 
Structure 466: 6 A 11 10 29 B 91 64 5 1
	-> 1 A 5 6 B 10 11 
Structure 467: 6 A 11 10 B 3 5 1
	-> 1 3 A 5 6 B 10 11 
Structure 468: 6 A 10 B 3 5 1
	-> 1 3 A 5 6 B 10 
Structure 469: 6 A 21 19 B 3 5 1
	-> 1 3 A 5 6 B 
Structure 470: 6 A 11 10 B 3 5 1
	-> 1 3 A 5 6 B 10 11 
Structure 471: 6 A 14 15 23 18 13 39 27 17 12 3 5 1
	-> 1 3 A 5 6 12 13 14 15 17 
Structure 472: 6 A 14 15 23 18 13 20 22 12 3 5 1
	-> 1 3 A 5 6 12 13 14 15 
Structure 473: 16 25 A 94 120 B 3 5 1
	-> 1 3 A 5 B 16 
Structure 474: 6 A 11 14 15 18 13 20 22 12 3 5 1
	-> 1 3 A 5 6 11 12 13 14 15 
Structure 475: 6 A 10 29 B 3 5 1
	-> 1 3 A 5 6 B 10 
Structure 476: 6 A 14 15 121 122 46 17 12 3 5 1
	-> 1 3 A 5 6 12 14 15 17 
Structure 477: 6 A 11 10 B 3 5 1
	-> 1 3 A 5 6 B 10 11 
Structure 478: 16 25 A 21 19 B 3 5 1
	-> 1 3 A 5 B 16 
Structure 479: 6 A 11 10 7 41 17 12 3 5 1
	-> 1 3 A 5 6 10 11 12 17 
Structure 480: 6 A 14 15 23 18 13 20 22 12 3 5 1
	-> 1 3 A 5 6 12 13 14 15 
Structure 481: 6 A 33 31 32 13 17 12 3 95 5 1
	-> 1 3 A 5 6 12 13 17 
Structure 482: 6 A 10 B 3 5 1
	-> 1 3 A 5 6 B 10 
Structure 483: 6 A 11 10 B 3 5 1
	-> 1 3 A 5 6 B 10 11 
Structure 484: 6 A 37 10 29 65 3 52 5 1
	-> 1 3 A 5 6 10 
Structure 485: 40 6 A 10 B 3 5 1
	-> 1 3 A 5 6 B 10 
Structure 486: 6 A 14 31 57 39 27 17 12 3 5 1
	-> 1 3 A 5 6 12 14 17 
Structure 487: 6 A 26 14 15 23 18 13 20 22 12 3 5 1
	-> 1 3 A 5 6 12 13 14 15 
Structure 488: 6 A 11 10 B 3 5 1
	-> 1 3 A 5 6 B 10 11 
Structure 489: 28 6 A 10 B 3 5 1
	-> 1 3 A 5 6 B 10 
Structure 490: 6 A 10 B 3 5 1
	-> 1 3 A 5 6 B 10 
Structure 491: 6 A 14 15 23 18 13 20 22 12 3 5 1
	-> 1 3 A 5 6 12 13 14 15 
Structure 492: 6 A 11 14 15 23 18 13 20 22 12 3 5 1
	-> 1 3 A 5 6 11 12 13 14 15 
Structure 493: 6 A 10 B 3 5 1
	-> 1 3 A 5 6 B 10 
Structure 494: 6 A 10 B 3 5 1
	-> 1 3 A 5 6 B 10 
Structure 495: 28 6 A 10 B 3 5 1
	-> 1 3 A 5 6 B 10 
Structure 496: 6 A 10 B 3 5 1
	-> 1 3 A 5 6 B 10 
Structure 497: 28 6 A 11 10 B 3 5 1
	-> 1 3 A 5 6 B 10 11 
Structure 498: 6 A 10 39 27 17 12 3 5 1
	-> 1 3 A 5 6 10 12 17 
Structure 499: 6 A 10 B 3 5 1
	-> 1 3 A 5 6 B 10 
Structure 500: 16 25 A 11 94 21 19 B 3 5 1
	-> 1 3 A 5 B 11 16 
Structure 501: 40 6 A 10 B 3 5 1
	-> 1 3 A 5 6 B 10 
Structure 502: 6 A 10 B 3 5 1
	-> 1 3 A 5 6 B 10 
Structure 503: 6 A 10 29 7 8 17 12 3 5 1
	-> 1 3 A 5 6 10 12 17 
Structure 504: 16 25 A 21 19 B 3 5 1
	-> 1 3 A 5 B 16 
Structure 505: 6 A 11 30 62 67 46 12 3 5 1
	-> 1 3 A 5 6 11 12 
Structure 506: 6 A 88 33 31 32 13 17 12 3 5 1
	-> 1 3 A 5 6 12 13 17 
Structure 507: 16 49 A 11 48 7 8 3 5 1
	-> 1 3 A 5 11 16 
Structure 508: 6 A 10 B 3 24 1
	-> 1 3 A 6 B 10 
Structure 509: 16 25 A 11 21 19 B 3 5 1
	-> 1 3 A 5 B 11 16 
Structure 510: 123 124 125 126 127 128 129 14 15 23 18 13 27 17 12 3
	-> 3 12 13 14 15 17 
Structure 511: 28 6 A 10 29 B 3 5 1
	-> 1 3 A 5 6 B 10 
Structure 512: 6 A 14 13 39 27 17 12 3 5 1
	-> 1 3 A 5 6 12 13 14 17 
Structure 513: 16 49 A 51 B 3 5 1
	-> 1 3 A 5 B 16 
Structure 514: 6 A 10 B 3 5 1
	-> 1 3 A 5 6 B 10 
Structure 515: 6 A 14 15 23 18 13 20 22 12 3 5 1
	-> 1 3 A 5 6 12 13 14 15 
Structure 516: 6 A 10 7 41 9 3 5 1
	-> 1 3 A 5 6 10 
Structure 517: 34 53 43 42 A 21 19 46 3 5 1
	-> 1 3 A 5 
Structure 518: 6 A 14 15 63 13 20 22 12 3 5 1
	-> 1 3 A 5 6 12 13 14 15 
Structure 519: 6 A 11 10 B 3 5 1
	-> 1 3 A 5 6 B 10 11 
Structure 520: 6 A 10 B 3 5 1
	-> 1 3 A 5 6 B 10 
Structure 521: 6 A 10 29 B 3 24 1
	-> 1 3 A 6 B 10 
Structure 522: 6 A 10 29 B 3 5 1
	-> 1 3 A 5 6 B 10 
Structure 523: 6 A 14 15 23 13 20 22 12 3 5 1
	-> 1 3 A 5 6 12 13 14 15 
Structure 524: 6 A 10 B 3 5 1
	-> 1 3 A 5 6 B 10 
Structure 525: 6 A 11 14 15 23 18 13 20 22 12 3 5 1
	-> 1 3 A 5 6 11 12 13 14 15 
Structure 526: 6 A 10 B 3 5 1
	-> 1 3 A 5 6 B 10 
Structure 527: 6 A 26 21 19 B 3 5 1
	-> 1 3 A 5 6 B 
Structure 528: 6 A 14 15 18 13 20 22 3 5 1
	-> 1 3 A 5 6 13 14 15 
Structure 529: 6 A 10 B 3 5 1
	-> 1 3 A 5 6 B 10 
Structure 530: 34 43 42 A 33 31 18 13 3 5 1
	-> 1 3 A 5 13 
Structure 531: 16 A 11 21 19 B 3 5 1
	-> 1 3 A 5 B 11 16 
Structure 532: 16 25 A 21 19 B 3 5 1
	-> 1 3 A 5 B 16 
Structure 533: 6 A 10 B 3 5 1
	-> 1 3 A 5 6 B 10 
Structure 534: 6 A 11 10 B 3 5 1
	-> 1 3 A 5 6 B 10 11 
Structure 535: 6 A 11 10 7 41 9 3 5 1
	-> 1 3 A 5 6 10 11 
Structure 536: 16 74 A 19 B 3 5 1
	-> 1 3 A 5 B 16 
Structure 537: 6 A 11 10 B 3 5 1
	-> 1 3 A 5 6 B 10 11 
Structure 538: 6 A 10 B 3 5 1
	-> 1 3 A 5 6 B 10 
Structure 539: 40 6 A 11 10 B 3 5 1
	-> 1 3 A 5 6 B 10 11 
Structure 540: 16 25 A 11 21 19 B 3 5 1
	-> 1 3 A 5 B 11 16 
Structure 541: 6 A 11 10 B 3 5 1
	-> 1 3 A 5 6 B 10 11 
Structure 542: 34 130 42 A 56 33 31 32 13 3 24 1
	-> 1 3 A 13 
Structure 543: 16 84 A 11 66 51 B 3 5 1
	-> 1 3 A 5 B 11 16 
Structure 544: 40 6 A 10 B 3 5 1
	-> 1 3 A 5 6 B 10 
Structure 545: 6 A 48 18 13 B 3 5 1
	-> 1 3 A 5 6 B 13 
Structure 546: 6 A 11 10 B 3 5 1
	-> 1 3 A 5 6 B 10 11 
Structure 547: 16 25 A 11 21 19 B 3 5 1
	-> 1 3 A 5 B 11 16 
Structure 548: 83 25 A 10 B 3 5 1
	-> 1 3 A 5 B 10 
Structure 549: 6 A 11 14 15 23 18 13 17 12 3 5 1
	-> 1 3 A 5 6 11 12 13 14 15 17 
Structure 550: 16 35 36 A 30 B 3 5 1
	-> 1 3 A 5 B 16 
Structure 551: 6 A 14 15 44 13 75 3 5 1
	-> 1 3 A 5 6 13 14 15 
Structure 552: 6 A 14 15 18 13 20 22 12 3 5 1
	-> 1 3 A 5 6 12 13 14 15 
Structure 553: 6 A 10 B 3 5 1
	-> 1 3 A 5 6 B 10 
Structure 554: 6 A 26 10 29 B 3 5 1
	-> 1 3 A 5 6 B 10 
Structure 555: 16 25 A 21 19 B 3 24 1
	-> 1 3 A B 16 
Structure 556: 28 6 A 14 15 23 18 13 27 17 12 3 5 1
	-> 1 3 A 5 6 12 13 14 15 17 
Structure 557: 16 35 36 A 30 B 3 5 1
	-> 1 3 A 5 B 16 
Structure 558: 6 A 14 15 23 13 20 22 12 3 5 1
	-> 1 3 A 5 6 12 13 14 15 
Structure 559: 6 A 10 B 3 5 1
	-> 1 3 A 5 6 B 10 
Structure 560: 6 A 10 B 3 5 1
	-> 1 3 A 5 6 B 10 
Structure 561: 28 6 A 14 15 63 13 20 22 12 3 5 1
	-> 1 3 A 5 6 12 13 14 15 
Structure 562: 16 25 A 11 21 19 B 3 5 1
	-> 1 3 A 5 B 11 16 
Structure 563: 34 43 42 A 11 56 33 31 32 13 3 5 1
	-> 1 3 A 5 11 13 
Structure 564: 6 A 11 33 31 32 13 17 12 3 5 1
	-> 1 3 A 5 6 11 12 13 17 
Structure 565: 6 A 10 B 3 5 1
	-> 1 3 A 5 6 B 10 
Structure 566: 28 6 A 14 15 18 13 27 17 12 3 5 1
	-> 1 3 A 5 6 12 13 14 15 17 
Structure 567: 6 A 26 10 B 3 5 1
	-> 1 3 A 5 6 B 10 
Structure 568: 16 25 A 21 19 B 3 5 1
	-> 1 3 A 5 B 16 
Structure 569: 6 A 10 B 3 5 1
	-> 1 3 A 5 6 B 10 
Structure 570: 16 25 A 11 21 19 B 3 5 1
	-> 1 3 A 5 B 11 16 
Structure 571: 6 A 10 B 3 5 1
	-> 1 3 A 5 6 B 10 
Structure 572: 16 35 36 A 30 B 3 5 1
	-> 1 3 A 5 B 16 
Structure 573: 6 A 10 B 3 5 1
	-> 1 3 A 5 6 B 10 
Structure 574: 6 A 11 14 131 132 46 17 12 3 5 1
	-> 1 3 A 5 6 11 12 14 17 
Structure 575: 28 6 A 26 11 89 133 134 13 96 22 12 3 5 1
	-> 1 3 A 5 6 11 12 13 
Structure 576: 6 A 11 10 B 3 5 1
	-> 1 3 A 5 6 B 10 11 
Structure 577: 16 A 21 19 B 3 5 1
	-> 1 3 A 5 B 16 
Structure 578: 6 A 10 B 3 5 1
	-> 1 3 A 5 6 B 10 
Structure 579: 34 43 42 38 2 37 10 68 3 5 1
	-> 1 3 5 10 
Structure 580: 6 A 11 14 59 23 18 13 39 27 17 12 3 5 1
	-> 1 3 A 5 6 11 12 13 14 17 
Structure 581: 54 60 80 25 A 10 B 3 5 1
	-> 1 3 A 5 B 10 
Structure 582: 6 A 10 29 B 3 5 1
	-> 1 3 A 5 6 B 10 
Structure 583: 6 A 11 14 15 23 18 13 17 12 3 5 1
	-> 1 3 A 5 6 11 12 13 14 15 17 
Structure 584: 6 A 26 14 23 18 13 39 27 17 12 3 5 1
	-> 1 3 A 5 6 12 13 14 17 
Structure 585: 6 A 10 B 3 5 1
	-> 1 3 A 5 6 B 10 
Structure 586: 6 A 26 10 29 B 3 5 1
	-> 1 3 A 5 6 B 10 
Structure 587: 6 A 14 15 44 18 13 17 12 3 5 1
	-> 1 3 A 5 6 12 13 14 15 17 
Structure 588: 6 A 11 10 B 3 5 1
	-> 1 3 A 5 6 B 10 11 
Structure 589: 6 A 11 10 B 3 5 1
	-> 1 3 A 5 6 B 10 11 
Structure 590: 28 6 A 14 15 18 13 17 12 3 5 1
	-> 1 3 A 5 6 12 13 14 15 17 
Structure 591: 6 A 11 10 B 3 24 1
	-> 1 3 A 6 B 10 11 
Structure 592: 6 A 11 10 B 3 5 1
	-> 1 3 A 5 6 B 10 11 
Structure 593: 6 A 14 15 18 13 55 17 12 3 5 1
	-> 1 3 A 5 6 12 13 14 15 17 
Structure 594: 6 A 11 14 15 23 18 13 27 17 12 3 24 1
	-> 1 3 A 6 11 12 13 14 15 17 
Structure 595: 6 A 11 10 B 3 5 1
	-> 1 3 A 5 6 B 10 11 
Structure 596: 16 A 21 19 B 3 5 1
	-> 1 3 A 5 B 16 
Structure 597: 6 A 10 29 B 3 5 1
	-> 1 3 A 5 6 B 10 
Structure 598: 6 A 11 10 B 3 5 1
	-> 1 3 A 5 6 B 10 11 
Structure 599: 6 A 11 10 B 3 5 1
	-> 1 3 A 5 6 B 10 11 
Structure 600: 6 A 11 10 B 3 5 1
	-> 1 3 A 5 6 B 10 11 
Structure 601: 6 A 10 B 3 5 1
	-> 1 3 A 5 6 B 10 
Structure 602: 6 A 10 B 3 5 1
	-> 1 3 A 5 6 B 10 
Structure 603: 6 A 11 10 B 3 5 1
	-> 1 3 A 5 6 B 10 11 
Structure 604: 6 A 14 15 13 17 12 3 5 1
	-> 1 3 A 5 6 12 13 14 15 17 
Structure 605: 6 A 11 10 29 B 3 5 1
	-> 1 3 A 5 6 B 10 11 
Structure 606: 6 A 10 B 3 5 1
	-> 1 3 A 5 6 B 10 
Structure 607: 6 A 10 B 3 5 1
	-> 1 3 A 5 6 B 10 
Structure 608: 6 A 10 B 3 5 1
	-> 1 3 A 5 6 B 10 
Structure 609: 34 43 42 38 2 26 37 10 3 5 1
	-> 1 3 5 10 
Structure 610: 6 A 26 10 B 3 5 1
	-> 1 3 A 5 6 B 10 
Structure 611: 6 A 11 14 23 18 13 39 27 17 12 3 24 1
	-> 1 3 A 6 11 12 13 14 17 
Structure 612: 28 6 A 10 B 3 24 1
	-> 1 3 A 6 B 10 
Structure 613: 6 A 10 29 B 3 5 1
	-> 1 3 A 5 6 B 10 
Structure 614: 16 50 A 11 21 19 B 3 5 1
	-> 1 3 A 5 B 11 16 
Structure 615: 16 A 21 19 B 3 5 1
	-> 1 3 A 5 B 16 
Structure 616: 6 A 14 15 44 13 96 17 12 3 5 1
	-> 1 3 A 5 6 12 13 14 15 17 
Structure 617: 6 A 26 14 59 23 18 13 39 27 17 12 3 5 1
	-> 1 3 A 5 6 12 13 14 17 
Structure 618: 34 45 A 37 10 17 12 3 24 1
	-> 1 3 A 10 12 17 
Structure 619: 6 A 14 15 18 13 55 17 12 3 5 1
	-> 1 3 A 5 6 12 13 14 15 17 
Structure 620: 54 60 A 11 10 B 3 24 1
	-> 1 3 A B 10 11 
Structure 621: 6 A 10 B 3 5 1
	-> 1 3 A 5 6 B 10 
Structure 622: 6 A 11 10 B 3 5 1
	-> 1 3 A 5 6 B 10 11 
Structure 623: 6 A 10 B 3 5 1
	-> 1 3 A 5 6 B 10 
Structure 624: 6 A 11 48 62 97 46 17 12 3 24 1
	-> 1 3 A 6 11 12 17 
Structure 625: 16 50 A 11 19 B 3 5 1
	-> 1 3 A 5 B 11 16 
Structure 626: 6 A 11 10 B 3 5 1
	-> 1 3 A 5 6 B 10 11 
Structure 627: 6 A 10 B 3 5 1
	-> 1 3 A 5 6 B 10 
Structure 628: 6 A 11 10 B 3 5 1
	-> 1 3 A 5 6 B 10 11 
Structure 629: 6 A 14 15 23 18 13 20 22 12 3 5 1
	-> 1 3 A 5 6 12 13 14 15 
Structure 630: 6 A 10 B 3 5 1
	-> 1 3 A 5 6 B 10 
Structure 631: 6 A 10 B 3 5 1
	-> 1 3 A 5 6 B 10 
Structure 632: 40 6 A 33 31 32 13 65 3 52 5 1
	-> 1 3 A 5 6 13 
Structure 633: 6 A 14 15 18 13 20 22 12 3 24 1
	-> 1 3 A 6 12 13 14 15 
Structure 634: 6 A 11 14 15 44 13 17 12 64 5 1
	-> 1 A 5 6 11 12 13 14 15 17 
Structure 635: 6 A 14 15 18 13 27 17 12 3 5 1
	-> 1 3 A 5 6 12 13 14 15 17 
Structure 636: 6 A 10 29 B 3 24 1
	-> 1 3 A 6 B 10 
Structure 637: 6 A 10 B 3 5 1
	-> 1 3 A 5 6 B 10 
Structure 638: 6 A 10 B 3 5 1
	-> 1 3 A 5 6 B 10 
Structure 639: 6 A 10 B 3 5 1
	-> 1 3 A 5 6 B 10 
Structure 640: 6 A 11 14 15 18 13 20 22 12 3 5 1
	-> 1 3 A 5 6 11 12 13 14 15 
Structure 641: 6 A 10 B 3 5 1
	-> 1 3 A 5 6 B 10 
Structure 642: 6 A 10 B 3 5 1
	-> 1 3 A 5 6 B 10 
Structure 643: 28 6 A 10 B 3 5 1
	-> 1 3 A 5 6 B 10 
Structure 644: 6 A 10 7 8 17 12 3 5 1
	-> 1 3 A 5 6 10 12 17 
Structure 645: 6 A 33 31 32 13 17 12 3 5 1
	-> 1 3 A 5 6 12 13 17 
Structure 646: 6 A 10 B 3 24 1
	-> 1 3 A 6 B 10 
Structure 647: 6 A 11 14 15 23 18 13 20 22 12 3 5 1
	-> 1 3 A 5 6 11 12 13 14 15 
Structure 648: 16 35 36 A 30 B 3 5 1
	-> 1 3 A 5 B 16 
Structure 649: 6 A 10 B 3 5 1
	-> 1 3 A 5 6 B 10 
Structure 650: 6 A 10 B 3 5 1
	-> 1 3 A 5 6 B 10 
Structure 651: 28 6 A 14 15 13 20 12 3 5 1
	-> 1 3 A 5 6 12 13 14 15 
Structure 652: 6 A 11 10 B 3 5 1
	-> 1 3 A 5 6 B 10 11 
Structure 653: 6 A 11 14 15 13 27 17 12 3 5 1
	-> 1 3 A 5 6 11 12 13 14 15 17 
Structure 654: 6 A 11 10 B 3 5 1
	-> 1 3 A 5 6 B 10 11 
Structure 655: 34 43 42 A 70 33 31 32 13 3 5 1
	-> 1 3 A 5 13 
Structure 656: 6 A 14 15 13 27 17 12 3 5 1
	-> 1 3 A 5 6 12 13 14 15 17 
Structure 657: 16 A 11 21 19 B 3 5 1
	-> 1 3 A 5 B 11 16 
Structure 658: 28 6 A 14 15 23 18 13 27 17 12 3 5 1
	-> 1 3 A 5 6 12 13 14 15 17 
Structure 659: 6 A 14 15 44 87 135 46 3 5 1
	-> 1 3 A 5 6 14 15 
Structure 660: 34 47 25 A 33 31 32 13 17 12 3 5 1
	-> 1 3 A 5 12 13 17 
Structure 661: 6 A 11 10 B 3 5 1
	-> 1 3 A 5 6 B 10 11 
Structure 662: 16 A 66 51 B 3 73 24 1
	-> 1 3 A B 16 
Structure 663: 6 A 11 10 B 3 5 1
	-> 1 3 A 5 6 B 10 11 
Structure 664: 6 A 11 10 B 3 24 1
	-> 1 3 A 6 B 10 11 
Structure 665: 6 A 11 10 B 3 5 1
	-> 1 3 A 5 6 B 10 11 
Structure 666: 6 A 14 15 23 18 13 20 22 12 3 5 1
	-> 1 3 A 5 6 12 13 14 15 
Structure 667: 6 A 11 10 B 3 5 1
	-> 1 3 A 5 6 B 10 11 
Structure 668: 6 A 26 14 15 18 13 20 22 12 3 24 1
	-> 1 3 A 6 12 13 14 15 
Structure 669: 6 A 10 B 3 5 1
	-> 1 3 A 5 6 B 10 
Structure 670: 6 A 26 14 15 13 20 22 12 3 5 1
	-> 1 3 A 5 6 12 13 14 15 
Structure 671: 6 A 11 10 B 3 5 1
	-> 1 3 A 5 6 B 10 11 
Structure 672: 6 A 14 15 18 13 20 22 12 3 5 1
	-> 1 3 A 5 6 12 13 14 15 
Structure 673: 16 35 36 A 61 30 B 3 5 1
	-> 1 3 A 5 B 16 
Structure 674: 6 A 26 10 B 3 24 1
	-> 1 3 A 6 B 10 
Structure 675: 6 A 10 B 3 5 1
	-> 1 3 A 5 6 B 10 
Structure 676: 6 A 11 10 B 3 5 1
	-> 1 3 A 5 6 B 10 11 
Structure 677: 6 A 11 10 B 3 5 1
	-> 1 3 A 5 6 B 10 11 
Structure 678: 6 A 11 10 B 3 5 1
	-> 1 3 A 5 6 B 10 11 
Structure 679: 40 6 A 14 15 18 13 27 17 12 3 5 1
	-> 1 3 A 5 6 12 13 14 15 17 
Structure 680: 16 25 A 21 19 7 8 17 12 3 24 1
	-> 1 3 A 12 16 17 
Structure 681: 6 A 14 15 23 18 13 20 22 12 3 5 1
	-> 1 3 A 5 6 12 13 14 15 
Structure 682: 6 A 14 31 32 13 58 41 17 12 3 5 1
	-> 1 3 A 5 6 12 13 14 17 
Structure 683: 6 A 11 14 15 23 18 13 20 22 12 3 5 1
	-> 1 3 A 5 6 11 12 13 14 15 
Structure 684: 6 A 10 B 3 5 1
	-> 1 3 A 5 6 B 10 
Structure 685: 16 A 21 19 B 3 5 1
	-> 1 3 A 5 B 16 
Structure 686: 28 6 A 14 15 23 18 13 27 17 12 3 5 1
	-> 1 3 A 5 6 12 13 14 15 17 
Structure 687: 16 A 21 19 B 3 5 1
	-> 1 3 A 5 B 16 
Structure 688: 6 A 26 10 B 3 5 1
	-> 1 3 A 5 6 B 10 
Structure 689: 6 A 10 29 B 3 5 1
	-> 1 3 A 5 6 B 10 
Structure 690: 6 A 10 B 3 5 1
	-> 1 3 A 5 6 B 10 
Structure 691: 6 A 14 15 44 13 20 22 12 3 5 1
	-> 1 3 A 5 6 12 13 14 15 
Structure 692: 16 25 A 11 51 B 3 5 1
	-> 1 3 A 5 B 11 16 
Structure 693: 6 A 11 10 B 3 5 1
	-> 1 3 A 5 6 B 10 11 
Structure 694: 6 A 11 10 58 41 22 3 5 1
	-> 1 3 A 5 6 10 11 
Structure 695: 6 A 11 14 15 44 13 17 12 3 5 1
	-> 1 3 A 5 6 11 12 13 14 15 17 
Structure 696: 6 A 10 B 3 5 1
	-> 1 3 A 5 6 B 10 
Structure 697: 6 A 10 B 3 5 1
	-> 1 3 A 5 6 B 10 
Structure 698: 6 A 10 B 3 5 1
	-> 1 3 A 5 6 B 10 
Structure 699: 16 25 A 21 19 B 3 5 1
	-> 1 3 A 5 B 16 
Structure 700: 16 74 A 48 B 3 5 1
	-> 1 3 A 5 B 16 
Structure 701: 6 A 11 10 B 3 5 1
	-> 1 3 A 5 6 B 10 11 
Structure 702: 16 A 11 76 77 136 B 3 5 1
	-> 1 3 A 5 B 11 16 
Structure 703: 6 A 61 14 15 18 13 27 17 12 3 5 1
	-> 1 3 A 5 6 12 13 14 15 17 
Structure 704: 6 A 11 10 B 3 24 1
	-> 1 3 A 6 B 10 11 
Structure 705: 6 A 10 B 3 5 1
	-> 1 3 A 5 6 B 10 
Structure 706: 28 6 A 14 15 23 18 13 20 22 12 3 5 1
	-> 1 3 A 5 6 12 13 14 15 
Structure 707: 6 A 10 B 3 5 1
	-> 1 3 A 5 6 B 10 
Structure 708: 6 A 10 B 3 5 1
	-> 1 3 A 5 6 B 10 
Structure 709: 6 A 14 15 13 27 17 12 3 24 1
	-> 1 3 A 6 12 13 14 15 17 
Structure 710: 28 6 A 10 B 3 5 1
	-> 1 3 A 5 6 B 10 
Structure 711: 6 A 10 B 3 5 1
	-> 1 3 A 5 6 B 10 
Structure 712: 16 25 A 21 19 72 B 3 5 1
	-> 1 3 A 5 B 16 
Structure 713: 28 6 A 11 10 29 B 3 5 1
	-> 1 3 A 5 6 B 10 11 
Structure 714: 6 A 11 10 B 3 5 1
	-> 1 3 A 5 6 B 10 11 
Structure 715: 16 A 11 21 19 B 3 5 1
	-> 1 3 A 5 B 11 16 
Structure 716: 6 A 11 10 B 3 5 1
	-> 1 3 A 5 6 B 10 11 
Structure 717: 16 25 A 11 21 19 B 3 5 1
	-> 1 3 A 5 B 11 16 
Structure 718: 6 A 11 10 B 3 5 1
	-> 1 3 A 5 6 B 10 11 
Structure 719: 16 25 A 11 21 19 B 3 5 1
	-> 1 3 A 5 B 11 16 
Structure 720: 6 A 26 14 15 23 18 13 20 12 3 5 1
	-> 1 3 A 5 6 12 13 14 15 
Structure 721: 6 A 11 10 B 3 5 1
	-> 1 3 A 5 6 B 10 11 
Structure 722: 6 A 10 B 90 64 5 1
	-> 1 A 5 6 B 10 
Structure 723: 6 A 10 B 3 5 1
	-> 1 3 A 5 6 B 10 
Structure 724: 6 A 10 B 3 5 1
	-> 1 3 A 5 6 B 10 
Structure 725: 6 A 10 B 3 5 1
	-> 1 3 A 5 6 B 10 
Structure 726: 16 A 26 21 19 B 3 5 1
	-> 1 3 A 5 B 16 
Structure 727: 6 A 11 10 B 3 5 1
	-> 1 3 A 5 6 B 10 11 
Structure 728: 6 A 10 B 3 5 1
	-> 1 3 A 5 6 B 10 
Structure 729: 6 A 11 10 B 3 5 1
	-> 1 3 A 5 6 B 10 11 
Structure 730: 16 25 A 21 19 B 3 24 1
	-> 1 3 A B 16 
Structure 731: 6 A 10 B 3 5 1
	-> 1 3 A 5 6 B 10 
Structure 732: 71 6 A 14 15 23 18 13 20 22 12 3 5 1
	-> 1 3 A 5 6 12 13 14 15 
Structure 733: 6 A 11 10 B 3 5 1
	-> 1 3 A 5 6 B 10 11 
Structure 734: 6 A 10 B 3 5 1
	-> 1 3 A 5 6 B 10 
Structure 735: 16 A 11 21 19 B 3 5 1
	-> 1 3 A 5 B 11 16 
Structure 736: 6 A 11 10 B 3 5 1
	-> 1 3 A 5 6 B 10 11 
Structure 737: 6 A 10 B 3 5 1
	-> 1 3 A 5 6 B 10 
Structure 738: 16 25 A 11 21 19 B 3 5 1
	-> 1 3 A 5 B 11 16 
Structure 739: 6 A 10 B 3 5 1
	-> 1 3 A 5 6 B 10 
Structure 740: 6 A 10 B 3 5 1
	-> 1 3 A 5 6 B 10 
Structure 741: 28 6 A 10 B 3 5 1
	-> 1 3 A 5 6 B 10 
Structure 742: 6 A 11 10 B 3 5 1
	-> 1 3 A 5 6 B 10 11 
Structure 743: 28 6 A 10 7 8 17 12 3 5 1
	-> 1 3 A 5 6 10 12 17 
Structure 744: 6 A 11 10 B 3 5 1
	-> 1 3 A 5 6 B 10 11 
Structure 745: 6 A 10 B 3 5 1
	-> 1 3 A 5 6 B 10 
Structure 746: 6 A 26 10 B 3 5 1
	-> 1 3 A 5 6 B 10 
Structure 747: 54 A 10 B 3 24 1
	-> 1 3 A B 10 
Structure 748: 16 25 A 21 19 B 3 5 1
	-> 1 3 A 5 B 16 
Structure 749: 79 50 A 10 29 B 3 5 1
	-> 1 3 A 5 B 10 
Structure 750: 16 25 A 21 19 B 3 5 1
	-> 1 3 A 5 B 16 
Structure 751: 6 A 11 21 19 B 3 5 1
	-> 1 3 A 5 6 B 11 
Structure 752: 6 A 10 B 3 5 1
	-> 1 3 A 5 6 B 10 
Structure 753: 6 A 11 10 29 B 3 24 1
	-> 1 3 A 6 B 10 11 
Structure 754: 16 25 A 21 19 B 3 24 1
	-> 1 3 A B 16 
Structure 755: 6 A 10 B 3 5 1
	-> 1 3 A 5 6 B 10 
Structure 756: 6 A 14 15 23 18 13 20 22 12 3 5 1
	-> 1 3 A 5 6 12 13 14 15 
Structure 757: 6 A 14 15 23 18 13 27 17 12 3 5 1
	-> 1 3 A 5 6 12 13 14 15 17 
Structure 758: 6 A 14 15 13 137 17 12 3 24 1
	-> 1 3 A 6 12 13 14 15 17 
Structure 759: 16 35 36 A 30 B 3 5 1
	-> 1 3 A 5 B 16 
Structure 760: 6 A 10 B 3 5 1
	-> 1 3 A 5 6 B 10 
Structure 761: 6 A 10 B 3 5 1
	-> 1 3 A 5 6 B 10 
Structure 762: 6 A 10 B 3 5 1
	-> 1 3 A 5 6 B 10 
Structure 763: 6 A 10 B 3 24 1
	-> 1 3 A 6 B 10 
Structure 764: 16 25 A 21 19 B 3 5 1
	-> 1 3 A 5 B 16 
Structure 765: 6 A 11 14 15 23 18 13 27 17 12 3 24 1
	-> 1 3 A 6 11 12 13 14 15 17 
Structure 766: 16 25 A 11 21 19 B 3 5 1
	-> 1 3 A 5 B 11 16 
Structure 767: 34 47 45 A 61 37 10 17 12 3 5 1
	-> 1 3 A 5 10 12 17 
Structure 768: 34 53 50 A 11 33 31 32 57 17 12 3 5 1
	-> 1 3 A 5 11 12 17 
Structure 769: 16 25 A 21 19 B 3 5 1
	-> 1 3 A 5 B 16 
Structure 770: 6 A 10 B 3 5 1
	-> 1 3 A 5 6 B 10 
Structure 771: 16 74 A 11 76 77 51 B 3 5 1
	-> 1 3 A 5 B 11 16 
Structure 772: 6 A 11 10 B 3 5 1
	-> 1 3 A 5 6 B 10 11 
Structure 773: 40 6 A 14 15 23 18 13 20 22 12 3 5 1
	-> 1 3 A 5 6 12 13 14 15 
Structure 774: 6 A 11 10 B 3 5 1
	-> 1 3 A 5 6 B 10 11 
Structure 775: 6 A 14 15 23 18 13 20 22 12 3 5 1
	-> 1 3 A 5 6 12 13 14 15 
Structure 776: 16 25 A 21 19 B 3 24 1
	-> 1 3 A B 16 
Structure 777: 6 A 11 10 7 8 12 3 5 1
	-> 1 3 A 5 6 10 11 12 
Structure 778: 6 A 11 10 B 3 5 1
	-> 1 3 A 5 6 B 10 11 
Structure 779: 6 A 14 15 23 18 13 20 22 12 3 5 1
	-> 1 3 A 5 6 12 13 14 15 
Structure 780: 6 A 14 15 23 13 27 17 12 3 5 1
	-> 1 3 A 5 6 12 13 14 15 17 
Structure 781: 6 A 10 B 3 5 1
	-> 1 3 A 5 6 B 10 
Structure 782: 6 A 10 B 3 5 1
	-> 1 3 A 5 6 B 10 
Structure 783: 6 A 14 15 23 13 20 22 12 3 5 1
	-> 1 3 A 5 6 12 13 14 15 
Structure 784: 6 A 10 29 7 27 17 12 3 5 1
	-> 1 3 A 5 6 10 12 17 
Structure 785: 6 A 11 10 29 B 3 5 1
	-> 1 3 A 5 6 B 10 11 
Structure 786: 6 A 11 10 29 B 3 5 1
	-> 1 3 A 5 6 B 10 11 
Structure 787: 6 A 14 15 23 18 13 20 22 12 3 24 1
	-> 1 3 A 6 12 13 14 15 
Structure 788: 6 A 11 10 B 3 5 1
	-> 1 3 A 5 6 B 10 11 
Structure 789: 6 A 10 B 3 5 1
	-> 1 3 A 5 6 B 10 
Structure 790: 6 A 10 7 41 17 12 3 24 1
	-> 1 3 A 6 10 12 17 
Structure 791: 40 6 A 10 B 3 5 1
	-> 1 3 A 5 6 B 10 
Structure 792: 40 6 A 10 B 3 5 1
	-> 1 3 A 5 6 B 10 
Structure 793: 6 A 10 B 3 5 1
	-> 1 3 A 5 6 B 10 
Structure 794: 6 A 10 69 B 3 24 1
	-> 1 3 A 6 B 10 
Structure 795: 6 A 10 B 3 5 1
	-> 1 3 A 5 6 B 10 
Structure 796: 16 93 49 A 48 B 3 5 1
	-> 1 3 A 5 B 16 
Structure 797: 6 A 10 B 3 5 1
	-> 1 3 A 5 6 B 10 
Structure 798: 34 47 45 A 11 138 139 10 29 17 12 3 5 1
	-> 1 3 A 5 10 11 12 17 
Structure 799: 6 A 10 72 B 3 24 1
	-> 1 3 A 6 B 10 
Structure 800: 16 35 36 A 30 B 3 5 1
	-> 1 3 A 5 B 16 
Structure 801: 6 A 11 10 B 3 5 1
	-> 1 3 A 5 6 B 10 11 
Structure 802: 16 A 26 21 19 B 3 5 1
	-> 1 3 A 5 B 16 
Structure 803: 71 6 A 10 B 3 5 1
	-> 1 3 A 5 6 B 10 
Structure 804: 28 6 A 10 7 8 3 5 1
	-> 1 3 A 5 6 10 
Structure 805: 6 A 10 B 3 5 1
	-> 1 3 A 5 6 B 10 
Structure 806: 16 35 36 A 30 B 3 5 1
	-> 1 3 A 5 B 16 
Structure 807: 6 A 11 10 B 3 5 1
	-> 1 3 A 5 6 B 10 11 
Structure 808: 6 A 26 10 B 3 24 1
	-> 1 3 A 6 B 10 
Structure 809: 6 A 11 10 29 B 3 5 1
	-> 1 3 A 5 6 B 10 11 
Structure 810: 6 A 10 B 3 5 1
	-> 1 3 A 5 6 B 10 
Structure 811: 6 A 11 10 B 3 5 1
	-> 1 3 A 5 6 B 10 11 
Structure 812: 6 A 11 14 15 23 18 13 20 22 12 3 5 1
	-> 1 3 A 5 6 11 12 13 14 15 
Structure 813: 6 A 10 B 3 5 1
	-> 1 3 A 5 6 B 10 
Structure 814: 6 A 10 B 3 5 1
	-> 1 3 A 5 6 B 10 
Structure 815: 6 A 10 B 3 5 1
	-> 1 3 A 5 6 B 10 
Structure 816: 6 A 10 B 3 5 1
	-> 1 3 A 5 6 B 10 
Structure 817: 6 A 10 B 3 5 1
	-> 1 3 A 5 6 B 10 
Structure 818: 28 6 A 10 B 3 5 1
	-> 1 3 A 5 6 B 10 
Structure 819: 6 A 14 15 23 18 13 20 22 12 3 5 1
	-> 1 3 A 5 6 12 13 14 15 
Structure 820: 6 A 11 14 15 23 18 13 17 12 3 5 1
	-> 1 3 A 5 6 11 12 13 14 15 17 
Structure 821: 6 A 30 62 97 46 17 12 3 5 1
	-> 1 3 A 5 6 12 17 
Structure 822: 40 6 A 10 69 B 3 5 1
	-> 1 3 A 5 6 B 10 
Structure 823: 6 A 10 B 3 5 1
	-> 1 3 A 5 6 B 10 
Structure 824: 40 6 A 11 10 B 3 5 1
	-> 1 3 A 5 6 B 10 11 
Structure 825: 28 6 A 10 B 3 5 1
	-> 1 3 A 5 6 B 10 
Structure 826: 6 A 61 10 B 3 5 1
	-> 1 3 A 5 6 B 10 
Structure 827: 6 A 14 15 23 13 27 17 12 3 5 1
	-> 1 3 A 5 6 12 13 14 15 17 
Structure 828: 6 A 14 15 23 18 13 20 17 12 3 5 1
	-> 1 3 A 5 6 12 13 14 15 17 
Structure 829: 6 A 11 14 23 18 13 39 27 17 12 3 5 1
	-> 1 3 A 5 6 11 12 13 14 17 
Structure 830: 6 A 11 14 15 23 18 13 20 22 12 3 24 1
	-> 1 3 A 6 11 12 13 14 15 
Structure 831: 6 A 10 B 3 5 1
	-> 1 3 A 5 6 B 10 
Structure 832: 6 A 10 B 3 5 1
	-> 1 3 A 5 6 B 10 
Structure 833: 28 6 A 10 7 3 52 5 1
	-> 1 3 A 5 6 10 
Structure 834: 6 A 11 10 B 3 5 1
	-> 1 3 A 5 6 B 10 11 
Structure 835: 6 A 10 B 3 5 1
	-> 1 3 A 5 6 B 10 
Structure 836: 6 A 14 15 23 18 13 27 17 12 3 5 1
	-> 1 3 A 5 6 12 13 14 15 17 
Structure 837: 6 A 11 10 29 7 41 17 12 3 5 1
	-> 1 3 A 5 6 10 11 12 17 
Structure 838: 6 A 14 15 13 20 22 12 3 5 1
	-> 1 3 A 5 6 12 13 14 15 
Structure 839: 6 A 10 B 3 5 1
	-> 1 3 A 5 6 B 10 
Structure 840: 16 A 21 19 B 3 5 1
	-> 1 3 A 5 B 16 
Structure 841: 6 A 10 B 3 5 1
	-> 1 3 A 5 6 B 10 
Structure 842: 6 A 10 B 3 5 1
	-> 1 3 A 5 6 B 10 
Structure 843: 6 A 10 B 3 5 1
	-> 1 3 A 5 6 B 10 
Structure 844: 6 A 10 B 3 5 1
	-> 1 3 A 5 6 B 10 
Structure 845: 6 A 10 B 3 5 1
	-> 1 3 A 5 6 B 10 
Structure 846: 6 A 10 39 27 17 12 3 24 1
	-> 1 3 A 6 10 12 17 
Structure 847: 6 A 14 15 23 13 39 27 17 12 3 5 1
	-> 1 3 A 5 6 12 13 14 15 17 
Structure 848: 28 6 A 10 B 3 5 1
	-> 1 3 A 5 6 B 10 
Structure 849: 6 A 14 15 13 20 22 12 3 5 1
	-> 1 3 A 5 6 12 13 14 15 
Structure 850: 6 A 10 29 B 3 5 1
	-> 1 3 A 5 6 B 10 
Structure 851: 16 25 A 11 21 19 140 B 3 5 1
	-> 1 3 A 5 B 11 16 
Structure 852: 6 A 11 10 B 3 5 1
	-> 1 3 A 5 6 B 10 11 
Structure 853: 6 A 14 15 13 20 22 12 3 5 1
	-> 1 3 A 5 6 12 13 14 15 
Structure 854: 34 53 43 42 A 33 31 32 13 3 5 1
	-> 1 3 A 5 13 
Structure 855: 6 A 11 10 B 3 5 1
	-> 1 3 A 5 6 B 10 11 
Structure 856: 6 A 10 B 3 24 1
	-> 1 3 A 6 B 10 
Structure 857: 6 A 11 14 15 18 13 27 17 12 3 5 1
	-> 1 3 A 5 6 11 12 13 14 15 17 
Structure 858: 16 36 A 30 B 3 5 1
	-> 1 3 A 5 B 16 
Structure 859: 6 A 26 10 B 3 5 1
	-> 1 3 A 5 6 B 10 
Structure 860: 28 6 A 10 58 41 17 12 3 5 1
	-> 1 3 A 5 6 10 12 17 
Structure 861: 34 43 42 A 11 70 33 31 32 13 3 5 1
	-> 1 3 A 5 11 13 
Structure 862: 6 A 26 14 15 23 18 13 27 17 12 3 5 1
	-> 1 3 A 5 6 12 13 14 15 17 
Structure 863: 6 50 A 11 10 B 3 5 1
	-> 1 3 A 5 6 B 10 11 
Structure 864: 16 25 A 11 21 19 141 142 3 52 5 1
	-> 1 3 A 5 11 16 
Structure 865: 6 A 10 B 3 5 1
	-> 1 3 A 5 6 B 10 
Structure 866: 6 A 10 B 3 5 1
	-> 1 3 A 5 6 B 10 
Structure 867: 6 A 14 15 23 18 13 20 75 143 3 5 1
	-> 1 3 A 5 6 13 14 15 
Structure 868: 34 53 144 145 146 147 148 37 10 12 3 5 1
	-> 1 3 5 10 12 
Structure 869: 6 A 14 59 23 18 13 20 22 12 3 5 1
	-> 1 3 A 5 6 12 13 14 
Structure 870: 34 47 45 38 2 37 10 17 12 3 5 1
	-> 1 3 5 10 12 17 
Structure 871: 6 A 10 29 B 3 5 1
	-> 1 3 A 5 6 B 10 
Structure 872: 6 A 10 B 3 5 1
	-> 1 3 A 5 6 B 10 
Structure 873: 6 A 10 29 B 3 24 1
	-> 1 3 A 6 B 10 
Structure 874: 16 25 A 26 21 19 B 3 24 1
	-> 1 3 A B 16 
Structure 875: 6 A 14 15 44 18 13 17 12 3 5 1
	-> 1 3 A 5 6 12 13 14 15 17 
Structure 876: 6 A 10 29 B 3 24 1
	-> 1 3 A 6 B 10 
Structure 877: 16 35 36 A 30 B 3 5 1
	-> 1 3 A 5 B 16 
Structure 878: 6 A 10 B 3 5 1
	-> 1 3 A 5 6 B 10 
Structure 879: 16 A 21 19 B 3 5 1
	-> 1 3 A 5 B 16 
Structure 880: 6 50 A 57 B 3 5 1
	-> 1 3 A 5 6 B 
Structure 881: 6 A 11 10 B 3 5 1
	-> 1 3 A 5 6 B 10 11 
Structure 882: 6 A 11 14 15 23 18 13 20 22 12 3 5 1
	-> 1 3 A 5 6 11 12 13 14 15 
Structure 883: 16 A 21 19 B 3 5 1
	-> 1 3 A 5 B 16 
Structure 884: 6 A 10 B 3 5 1
	-> 1 3 A 5 6 B 10 
Structure 885: 16 49 A 11 30 B 3 5 1
	-> 1 3 A 5 B 11 16 
Structure 886: 40 6 A 11 10 B 3 5 1
	-> 1 3 A 5 6 B 10 11 
Structure 887: 16 35 36 A 30 B 3 5 1
	-> 1 3 A 5 B 16 
Structure 888: 6 A 10 B 3 5 1
	-> 1 3 A 5 6 B 10 
Structure 889: 34 47 45 A 37 10 75 3 5 1
	-> 1 3 A 5 10 
Structure 890: 6 A 11 32 13 B 3 5 1
	-> 1 3 A 5 6 B 11 13 
Structure 891: 16 50 A 19 B 3 5 1
	-> 1 3 A 5 B 16 
Structure 892: 28 6 A 11 10 B 3 5 1
	-> 1 3 A 5 6 B 10 11 
Structure 893: 6 A 10 B 3 5 1
	-> 1 3 A 5 6 B 10 
Structure 894: 34 47 82 A 11 33 31 32 13 17 12 3 24 1
	-> 1 3 A 11 12 13 17 
Structure 895: 16 A 21 19 B 3 5 1
	-> 1 3 A 5 B 16 
Structure 896: 16 A 26 21 19 B 3 5 1
	-> 1 3 A 5 B 16 
Structure 897: 6 A 10 B 3 5 1
	-> 1 3 A 5 6 B 10 
Structure 898: 28 6 A 10 B 3 5 1
	-> 1 3 A 5 6 B 10 
Structure 899: 6 A 10 B 3 5 1
	-> 1 3 A 5 6 B 10 
Structure 900: 6 A 14 15 13 20 22 12 3 5 1
	-> 1 3 A 5 6 12 13 14 15 
Structure 901: 6 A 11 14 15 13 27 17 12 3 5 1
	-> 1 3 A 5 6 11 12 13 14 15 17 
Structure 902: 6 A 11 30 62 67 46 12 3 5 1
	-> 1 3 A 5 6 11 12 
Structure 903: 6 A 10 B 3 5 1
	-> 1 3 A 5 6 B 10 
Structure 904: 6 A 26 14 15 23 18 13 20 22 12 3 5 1
	-> 1 3 A 5 6 12 13 14 15 
Structure 905: 6 A 11 14 23 18 13 8 9 3 5 1
	-> 1 3 A 5 6 11 13 14 
Structure 906: 6 A 26 10 B 3 5 1
	-> 1 3 A 5 6 B 10 
Structure 907: 6 A 10 B 3 5 1
	-> 1 3 A 5 6 B 10 
Structure 908: 6 A 11 10 39 27 17 12 3 24 1
	-> 1 3 A 6 10 11 12 17 
Structure 909: 6 A 14 23 18 13 39 27 17 12 3 5 1
	-> 1 3 A 5 6 12 13 14 17 
Structure 910: 6 A 10 B 3 5 1
	-> 1 3 A 5 6 B 10 
Structure 911: 6 A 10 B 3 5 1
	-> 1 3 A 5 6 B 10 
Structure 912: 16 25 A 21 19 B 3 5 1
	-> 1 3 A 5 B 16 
Structure 913: 6 A 10 B 3 5 1
	-> 1 3 A 5 6 B 10 
Structure 914: 6 A 14 32 13 39 27 17 12 3 5 1
	-> 1 3 A 5 6 12 13 14 17 
Structure 915: 40 6 A 14 10 29 39 27 17 12 3 5 1
	-> 1 3 A 5 6 10 12 14 17 
Structure 916: 6 A 10 78 B 3 5 1
	-> 1 3 A 5 6 B 10 
Structure 917: 6 A 11 10 B 3 24 1
	-> 1 3 A 6 B 10 11 
Structure 918: 6 A 14 15 13 20 22 12 3 5 1
	-> 1 3 A 5 6 12 13 14 15 
Structure 919: 6 A 26 14 15 13 20 22 12 3 5 1
	-> 1 3 A 5 6 12 13 14 15 
Structure 920: 6 A 11 10 B 3 5 1
	-> 1 3 A 5 6 B 10 11 
Structure 921: 16 35 36 A 30 B 3 5 1
	-> 1 3 A 5 B 16 
Structure 922: 28 6 A 10 B 3 5 1
	-> 1 3 A 5 6 B 10 
Structure 923: 28 6 A 10 B 3 5 1
	-> 1 3 A 5 6 B 10 
Structure 924: 6 A 10 B 3 5 1
	-> 1 3 A 5 6 B 10 
Structure 925: 16 25 A 26 21 19 B 3 5 1
	-> 1 3 A 5 B 16 
Structure 926: 6 A 11 10 B 3 5 1
	-> 1 3 A 5 6 B 10 11 
Structure 927: 6 A 10 7 27 17 12 3 5 1
	-> 1 3 A 5 6 10 12 17 
Structure 928: 6 A 10 B 3 5 1
	-> 1 3 A 5 6 B 10 
Structure 929: 6 A 11 23 18 13 B 3 5 1
	-> 1 3 A 5 6 B 11 13 
Structure 930: 6 A 10 B 3 5 1
	-> 1 3 A 5 6 B 10 
Structure 931: 6 A 14 15 23 18 13 20 22 12 3 24 1
	-> 1 3 A 6 12 13 14 15 
Structure 932: 6 A 10 B 3 5 1
	-> 1 3 A 5 6 B 10 
Structure 933: 6 A 10 B 3 5 1
	-> 1 3 A 5 6 B 10 
Structure 934: 34 47 45 A 11 37 10 17 12 3 24 1
	-> 1 3 A 10 11 12 17 
Structure 935: 6 A 14 15 23 18 13 20 22 12 3 5 1
	-> 1 3 A 5 6 12 13 14 15 
Structure 936: 6 A 10 B 3 24 1
	-> 1 3 A 6 B 10 
Structure 937: 6 A 11 10 B 3 5 1
	-> 1 3 A 5 6 B 10 11 
Structure 938: 6 A 10 B 3 24 1
	-> 1 3 A 6 B 10 
Structure 939: 6 A 11 10 B 3 5 1
	-> 1 3 A 5 6 B 10 11 
Structure 940: 6 A 11 10 B 3 5 1
	-> 1 3 A 5 6 B 10 11 
Structure 941: 6 A 10 B 3 5 1
	-> 1 3 A 5 6 B 10 
Structure 942: 6 A 10 B 3 5 1
	-> 1 3 A 5 6 B 10 
Structure 943: 6 50 A 10 29 B 3 5 1
	-> 1 3 A 5 6 B 10 
Structure 944: 6 A 14 15 13 27 17 12 3 5 1
	-> 1 3 A 5 6 12 13 14 15 17 
Structure 945: 16 25 A 21 19 B 3 5 1
	-> 1 3 A 5 B 16 
Structure 946: 16 25 A 26 21 19 B 3 5 1
	-> 1 3 A 5 B 16 
Structure 947: 6 A 26 33 31 32 13 17 12 3 5 1
	-> 1 3 A 5 6 12 13 17 
Structure 948: 6 A 33 31 32 13 17 12 3 95 24 1
	-> 1 3 A 6 12 13 17 
Structure 949: 6 A 14 15 23 13 27 17 12 3 5 1
	-> 1 3 A 5 6 12 13 14 15 17 
Structure 950: 6 A 10 B 3 5 1
	-> 1 3 A 5 6 B 10 
Structure 951: 6 A 10 B 3 5 1
	-> 1 3 A 5 6 B 10 
Structure 952: 6 A 10 B 3 5 1
	-> 1 3 A 5 6 B 10 
Structure 953: 28 6 A 14 15 13 20 22 12 3 5 1
	-> 1 3 A 5 6 12 13 14 15 
Structure 954: 6 A 10 B 3 5 1
	-> 1 3 A 5 6 B 10 
Structure 955: 6 A 11 10 B 3 5 1
	-> 1 3 A 5 6 B 10 11 
Structure 956: 6 A 26 10 B 3 5 1
	-> 1 3 A 5 6 B 10 
Structure 957: 6 A 10 B 3 5 1
	-> 1 3 A 5 6 B 10 
Structure 958: 6 A 10 B 3 5 1
	-> 1 3 A 5 6 B 10 
Structure 959: 16 35 36 A 11 30 7 27 17 12 3 149 24 1
	-> 1 3 A 11 12 16 17 
Structure 960: 16 A 21 19 B 3 5 1
	-> 1 3 A 5 B 16 
Structure 961: 6 A 10 B 3 5 1
	-> 1 3 A 5 6 B 10 
Structure 962: 6 A 10 B 3 5 1
	-> 1 3 A 5 6 B 10 
Structure 963: 6 A 14 15 44 18 13 20 22 12 3 5 1
	-> 1 3 A 5 6 12 13 14 15 
Structure 964: 6 A 10 B 3 5 1
	-> 1 3 A 5 6 B 10 
Structure 965: 6 A 33 31 32 13 17 12 3 5 1
	-> 1 3 A 5 6 12 13 17 
Structure 966: 6 A 11 14 15 23 18 13 27 17 12 3 5 1
	-> 1 3 A 5 6 11 12 13 14 15 17 
Structure 967: 6 A 26 10 20 22 12 3 5 1
	-> 1 3 A 5 6 10 12 
Structure 968: 6 A 10 B 3 5 1
	-> 1 3 A 5 6 B 10 
Structure 969: 28 6 A 14 15 23 18 13 20 22 12 3 5 1
	-> 1 3 A 5 6 12 13 14 15 
Structure 970: 6 A 10 B 3 5 1
	-> 1 3 A 5 6 B 10 
Structure 971: 16 35 36 A 30 B 3 5 1
	-> 1 3 A 5 B 16 
Structure 972: 6 A 11 14 15 13 20 22 12 3 5 1
	-> 1 3 A 5 6 11 12 13 14 15 
Structure 973: 28 6 A 10 58 41 9 3 24 1
	-> 1 3 A 6 10 
Structure 974: 16 25 A 21 19 B 3 5 1
	-> 1 3 A 5 B 16 
Structure 975: 6 A 10 B 3 5 1
	-> 1 3 A 5 6 B 10 
Structure 976: 6 A 10 B 3 5 1
	-> 1 3 A 5 6 B 10 
Structure 977: 6 A 10 B 3 5 1
	-> 1 3 A 5 6 B 10 
Structure 978: 6 A 10 29 B 3 5 1
	-> 1 3 A 5 6 B 10 
Structure 979: 6 A 10 B 3 5 1
	-> 1 3 A 5 6 B 10 
Structure 980: 6 A 10 B 3 5 1
	-> 1 3 A 5 6 B 10 
Structure 981: 16 A 76 77 B 3 5 1
	-> 1 3 A 5 B 16 
Structure 982: 6 A 11 14 15 44 150 13 20 22 3 5 1
	-> 1 3 A 5 6 11 13 14 15 
Structure 983: 6 A 11 10 B 3 5 1
	-> 1 3 A 5 6 B 10 11 
Structure 984: 6 A 10 29 B 3 5 1
	-> 1 3 A 5 6 B 10 
Structure 985: 16 35 36 A 11 30 B 3 5 1
	-> 1 3 A 5 B 11 16 
Structure 986: 6 A 14 15 13 20 22 12 3 5 1
	-> 1 3 A 5 6 12 13 14 15 
Structure 987: 6 A 11 14 15 44 13 17 12 3 5 1
	-> 1 3 A 5 6 11 12 13 14 15 17 
Structure 988: 6 A 11 10 B 3 5 1
	-> 1 3 A 5 6 B 10 11 
Structure 989: 6 A 10 B 3 5 1
	-> 1 3 A 5 6 B 10 
Structure 990: 34 53 43 42 A 30 46 3 5 1
	-> 1 3 A 5 
Structure 991: 16 35 A 151 B 3 5 1
	-> 1 3 A 5 B 16 
Structure 992: 6 A 14 15 18 13 27 17 12 3 5 1
	-> 1 3 A 5 6 12 13 14 15 17 
Structure 993: 6 A 14 59 92 18 13 20 22 12 3 24 1
	-> 1 3 A 6 12 13 14 
Structure 994: 28 6 A 30 13 B 3 5 1
	-> 1 3 A 5 6 B 13 
Structure 995: 6 A 33 31 32 13 17 12 3 5 1
	-> 1 3 A 5 6 12 13 17 
Structure 996: 6 A 10 B 3 5 1
	-> 1 3 A 5 6 B 10 
Structure 997: 6 A 14 15 13 55 17 12 3 5 1
	-> 1 3 A 5 6 12 13 14 15 17 
Structure 998: 40 6 A 23 18 13 B 3 5 1
	-> 1 3 A 5 6 B 13 
Structure 999: 6 A 10 B 3 5 1
	-> 1 3 A 5 6 B 10 
Structure 1000: 16 35 36 A 30 B 3 5 1
	-> 1 3 A 5 B 16 
