Processing /home/hwilco/Documents/RNA Research/RNAStructProfiling-master/output/training/glmS/Listeria_monocytogen.1_sfold/input/Listeria_monocytogen.1_sfold.out
Structure 1: 14 11 3 2 4 7 5 6 10 9 8 1 
	-> 1 2 3 4 5 6 7 8 9 10 11 14 
Structure 2: 14 11 3 2 4 7 19 5 6 10 9 18 8 1 
	-> 1 2 3 4 5 6 7 8 9 10 11 14 
Structure 3: 11 3 2 4 7 19 5 6 10 9 8 1 
	-> 1 2 3 4 5 6 7 8 9 10 11 
Structure 4: 14 11 3 2 4 5 6 10 9 18 8 1 
	-> 1 2 3 4 5 6 8 9 10 11 14 
Structure 5: 14 11 3 2 4 7 5 6 10 9 8 1 
	-> 1 2 3 4 5 6 7 8 9 10 11 14 
Structure 6: 12 23 3 2 4 7 5 6 13 65 16 1 
	-> 1 2 3 4 5 6 7 12 13 16 
Structure 7: 12 3 2 4 15 5 6 13 16 17 26 1 
	-> 1 2 3 4 5 6 12 13 15 16 
Structure 8: 14 11 3 2 4 7 5 6 10 9 8 1 
	-> 1 2 3 4 5 6 7 8 9 10 11 14 
Structure 9: 12 3 2 4 7 15 5 20 25 13 16 1 
	-> 1 2 3 4 5 7 12 13 15 16 
Structure 10: 14 11 3 2 4 7 5 6 10 9 18 8 1 
	-> 1 2 3 4 5 6 7 8 9 10 11 14 
Structure 11: 11 3 2 53 5 6 10 9 66 8 1 
	-> 1 2 3 5 6 8 9 10 11 
Structure 12: 11 3 2 4 7 5 20 10 9 8 1 
	-> 1 2 3 4 5 7 8 9 10 11 
Structure 13: 14 11 3 2 4 7 5 6 10 9 8 1 
	-> 1 2 3 4 5 6 7 8 9 10 11 14 
Structure 14: 14 11 3 2 4 7 5 6 10 9 18 8 1 
	-> 1 2 3 4 5 6 7 8 9 10 11 14 
Structure 15: 21 67 30 2 4 7 5 6 10 9 8 1 
	-> 1 2 4 5 6 7 8 9 10 
Structure 16: 68 11 3 2 4 7 5 6 10 9 8 1 
	-> 1 2 3 4 5 6 7 8 9 10 11 
Structure 17: 12 3 2 4 7 15 5 6 13 8 1 
	-> 1 2 3 4 5 6 7 8 12 13 15 
Structure 18: 14 11 3 2 4 5 6 10 9 8 1 
	-> 1 2 3 4 5 6 8 9 10 11 14 
Structure 19: 14 11 3 2 4 7 5 6 10 9 18 8 1 
	-> 1 2 3 4 5 6 7 8 9 10 11 14 
Structure 20: 12 3 2 4 7 15 5 6 13 8 1 
	-> 1 2 3 4 5 6 7 8 12 13 15 
Structure 21: 11 3 30 2 4 7 19 5 6 10 9 18 8 1 
	-> 1 2 3 4 5 6 7 8 9 10 11 
Structure 22: 14 11 3 2 4 7 5 6 10 9 8 1 
	-> 1 2 3 4 5 6 7 8 9 10 11 14 
Structure 23: 12 3 2 4 7 46 59 92 106 107 13 8 1 
	-> 1 2 3 4 7 8 12 13 
Structure 24: 68 11 3 2 4 7 5 6 10 9 8 1 
	-> 1 2 3 4 5 6 7 8 9 10 11 
Structure 25: 12 3 2 4 7 15 5 6 13 16 17 1 
	-> 1 2 3 4 5 6 7 12 13 15 16 
Structure 26: 11 3 2 4 7 5 6 10 9 8 1 
	-> 1 2 3 4 5 6 7 8 9 10 11 
Structure 27: 12 3 2 4 7 60 5 6 13 1 
	-> 1 2 3 4 5 6 7 12 13 
Structure 28: 12 3 2 4 7 15 39 5 6 13 16 17 1 
	-> 1 2 3 4 5 6 7 12 13 15 16 
Structure 29: 11 3 2 4 7 5 6 10 9 8 1 
	-> 1 2 3 4 5 6 7 8 9 10 11 
Structure 30: 12 3 2 4 15 5 20 13 8 1 
	-> 1 2 3 4 5 8 12 13 15 
Structure 31: 11 3 2 4 7 5 6 10 9 8 1 
	-> 1 2 3 4 5 6 7 8 9 10 11 
Structure 32: 12 23 3 2 4 7 5 6 13 65 24 8 93 1 
	-> 1 2 3 4 5 6 7 8 12 13 
Structure 33: 14 11 3 2 4 7 5 6 10 9 8 1 
	-> 1 2 3 4 5 6 7 8 9 10 11 14 
Structure 34: 80 11 3 2 4 7 5 6 10 9 8 1 
	-> 1 2 3 4 5 6 7 8 9 10 11 
Structure 35: 11 3 2 4 7 5 6 10 9 8 1 
	-> 1 2 3 4 5 6 7 8 9 10 11 
Structure 36: 12 3 2 4 7 15 5 6 13 16 1 
	-> 1 2 3 4 5 6 7 12 13 15 16 
Structure 37: 21 81 94 129 2 4 7 37 34 35 130 10 9 8 1 
	-> 1 2 4 7 8 9 10 
Structure 38: 14 11 3 2 4 7 5 6 10 9 8 1 
	-> 1 2 3 4 5 6 7 8 9 10 11 14 
Structure 39: 12 108 95 3 2 4 7 69 33 28 6 10 9 8 1 
	-> 1 2 3 4 6 7 8 9 10 12 
Structure 40: 12 3 2 4 7 15 19 5 6 13 8 1 
	-> 1 2 3 4 5 6 7 8 12 13 15 
Structure 41: 14 11 3 2 4 7 5 6 10 9 8 1 
	-> 1 2 3 4 5 6 7 8 9 10 11 14 
Structure 42: 12 3 2 4 7 15 5 6 13 8 26 1 
	-> 1 2 3 4 5 6 7 8 12 13 15 
Structure 43: 14 11 22 3 2 4 7 5 20 10 9 8 1 
	-> 1 2 3 4 5 7 8 9 10 11 14 
Structure 44: 14 11 3 2 4 5 6 10 9 8 1 
	-> 1 2 3 4 5 6 8 9 10 11 14 
Structure 45: 14 11 22 3 2 4 7 5 20 25 10 9 8 1 
	-> 1 2 3 4 5 7 8 9 10 11 14 
Structure 46: 14 11 3 2 4 7 5 6 10 9 18 8 1 
	-> 1 2 3 4 5 6 7 8 9 10 11 14 
Structure 47: 11 3 2 4 7 5 44 6 10 9 8 1 
	-> 1 2 3 4 5 6 7 8 9 10 11 
Structure 48: 11 3 2 4 5 6 10 9 8 1 
	-> 1 2 3 4 5 6 8 9 10 11 
Structure 49: 12 3 2 4 15 5 44 6 13 8 1 
	-> 1 2 3 4 5 6 8 12 13 15 
Structure 50: 21 23 3 2 4 7 5 6 10 9 82 1 109 
	-> 1 2 3 4 5 6 7 9 10 
Structure 51: 14 11 3 2 4 7 33 110 111 10 9 8 1 
	-> 1 2 3 4 7 8 9 10 11 14 
Structure 52: 11 3 2 4 7 5 6 83 10 9 8 1 
	-> 1 2 3 4 5 6 7 8 9 10 11 
Structure 53: 12 3 2 4 7 15 5 6 13 8 1 
	-> 1 2 3 4 5 6 7 8 12 13 15 
Structure 54: 12 3 2 4 7 15 5 6 13 8 1 
	-> 1 2 3 4 5 6 7 8 12 13 15 
Structure 55: 14 11 3 2 4 7 5 6 10 9 8 1 
	-> 1 2 3 4 5 6 7 8 9 10 11 14 
Structure 56: 12 3 2 4 5 6 13 131 24 16 1 
	-> 1 2 3 4 5 6 12 13 16 
Structure 57: 11 3 2 4 7 5 6 10 9 8 1 
	-> 1 2 3 4 5 6 7 8 9 10 11 
Structure 58: 12 3 2 4 15 5 6 13 8 1 
	-> 1 2 3 4 5 6 8 12 13 15 
Structure 59: 14 11 22 3 2 4 7 5 6 10 9 8 1 
	-> 1 2 3 4 5 6 7 8 9 10 11 14 
Structure 60: 40 23 22 3 2 4 7 70 54 29 10 9 8 1 
	-> 1 2 3 4 7 8 9 10 
Structure 61: 14 11 3 2 4 7 5 20 25 10 9 8 1 
	-> 1 2 3 4 5 7 8 9 10 11 14 
Structure 62: 12 3 2 4 7 15 5 20 25 13 16 26 1 
	-> 1 2 3 4 5 7 12 13 15 16 
Structure 63: 11 3 2 4 7 5 6 10 9 8 1 
	-> 1 2 3 4 5 6 7 8 9 10 11 
Structure 64: 11 3 132 2 4 7 5 6 10 9 8 1 
	-> 1 2 3 4 5 6 7 8 9 10 11 
Structure 65: 12 3 2 53 15 5 6 13 16 1 
	-> 1 2 3 5 6 12 13 15 16 
Structure 66: 12 3 2 4 7 5 27 6 13 84 96 16 17 1 
	-> 1 2 3 4 5 6 7 12 13 16 
Structure 67: 11 3 2 4 7 5 6 10 9 8 1 
	-> 1 2 3 4 5 6 7 8 9 10 11 
Structure 68: 14 11 3 2 4 7 5 20 10 9 8 1 
	-> 1 2 3 4 5 7 8 9 10 11 14 
Structure 69: 36 11 3 2 4 7 5 6 10 9 8 1 
	-> 1 2 3 4 5 6 7 8 9 10 11 
Structure 70: 12 23 3 2 4 5 6 13 24 16 17 1 
	-> 1 2 3 4 5 6 12 13 16 
Structure 71: 12 3 2 4 7 15 5 28 6 13 16 17 1 
	-> 1 2 3 4 5 6 7 12 13 15 16 
Structure 72: 14 11 22 3 2 4 7 5 6 10 9 8 1 
	-> 1 2 3 4 5 6 7 8 9 10 11 14 
Structure 73: 14 11 3 2 4 5 6 10 9 8 1 
	-> 1 2 3 4 5 6 8 9 10 11 14 
Structure 74: 12 3 2 4 7 15 5 6 13 8 1 
	-> 1 2 3 4 5 6 7 8 12 13 15 
Structure 75: 14 11 3 2 4 5 28 6 10 9 8 1 
	-> 1 2 3 4 5 6 8 9 10 11 14 
Structure 76: 14 11 3 2 4 7 5 6 10 9 8 1 
	-> 1 2 3 4 5 6 7 8 9 10 11 14 
Structure 77: 12 3 30 2 4 15 5 6 13 16 17 1 
	-> 1 2 3 4 5 6 12 13 15 16 
Structure 78: 12 23 3 2 4 7 5 20 25 13 24 16 17 1 
	-> 1 2 3 4 5 7 12 13 16 
Structure 79: 14 11 3 2 4 7 19 5 27 6 10 9 8 1 
	-> 1 2 3 4 5 6 7 8 9 10 11 14 
Structure 80: 12 3 2 4 7 15 39 5 6 13 16 47 26 1 
	-> 1 2 3 4 5 6 7 12 13 15 16 
Structure 81: 12 3 2 4 7 97 5 6 13 16 26 1 
	-> 1 2 3 4 5 6 7 12 13 16 
Structure 82: 12 3 2 4 7 15 5 6 13 16 1 
	-> 1 2 3 4 5 6 7 12 13 15 16 
Structure 83: 12 133 112 55 49 50 48 37 34 35 13 1 61 
	-> 1 12 13 
Structure 84: 12 3 2 4 7 15 5 6 13 8 1 
	-> 1 2 3 4 5 6 7 8 12 13 15 
Structure 85: 11 3 2 4 7 5 6 10 9 18 8 1 
	-> 1 2 3 4 5 6 7 8 9 10 11 
Structure 86: 12 3 2 4 7 15 41 5 20 13 16 1 
	-> 1 2 3 4 5 7 12 13 15 16 
Structure 87: 11 3 2 4 7 5 6 10 9 8 1 
	-> 1 2 3 4 5 6 7 8 9 10 11 
Structure 88: 14 11 3 56 38 4 7 5 6 10 9 8 1 
	-> 1 3 4 5 6 7 8 9 10 11 14 
Structure 89: 12 3 2 4 7 15 5 6 13 16 1 
	-> 1 2 3 4 5 6 7 12 13 15 16 
Structure 90: 71 11 3 2 4 7 5 113 6 10 9 8 1 
	-> 1 2 3 4 5 6 7 8 9 10 11 
Structure 91: 14 11 3 2 4 7 5 6 10 9 8 1 
	-> 1 2 3 4 5 6 7 8 9 10 11 14 
Structure 92: 21 81 94 3 2 4 7 34 35 29 10 9 18 8 1 
	-> 1 2 3 4 7 8 9 10 
Structure 93: 11 3 2 4 7 5 20 25 10 9 85 134 1 
	-> 1 2 3 4 5 7 9 10 11 
Structure 94: 12 3 2 4 7 5 6 13 16 1 
	-> 1 2 3 4 5 6 7 12 13 16 
Structure 95: 12 3 2 4 7 15 5 6 13 8 1 
	-> 1 2 3 4 5 6 7 8 12 13 15 
Structure 96: 12 57 3 2 4 7 60 5 6 13 8 1 
	-> 1 2 3 4 5 6 7 8 12 13 
Structure 97: 36 11 3 2 4 7 5 6 10 9 8 1 
	-> 1 2 3 4 5 6 7 8 9 10 11 
Structure 98: 12 3 2 4 5 6 13 24 16 47 1 
	-> 1 2 3 4 5 6 12 13 16 
Structure 99: 14 11 3 2 4 7 5 6 10 9 58 18 8 1 
	-> 1 2 3 4 5 6 7 8 9 10 11 14 
Structure 100: 12 3 2 4 7 15 5 6 13 16 1 
	-> 1 2 3 4 5 6 7 12 13 15 16 
Structure 101: 14 11 3 2 4 19 5 6 10 9 8 1 
	-> 1 2 3 4 5 6 8 9 10 11 14 
Structure 102: 12 3 2 4 7 15 5 6 13 16 17 1 
	-> 1 2 3 4 5 6 7 12 13 15 16 
Structure 103: 14 11 3 2 4 5 6 10 9 8 1 
	-> 1 2 3 4 5 6 8 9 10 11 14 
Structure 104: 62 43 3 2 4 7 86 5 6 10 9 8 1 
	-> 1 2 3 4 5 6 7 8 9 10 
Structure 105: 11 3 2 4 7 5 20 10 9 8 1 
	-> 1 2 3 4 5 7 8 9 10 11 
Structure 106: 12 3 2 4 15 41 5 6 13 8 1 
	-> 1 2 3 4 5 6 8 12 13 15 
Structure 107: 14 11 3 2 4 5 6 10 9 8 1 
	-> 1 2 3 4 5 6 8 9 10 11 14 
Structure 108: 12 3 2 4 7 15 5 6 13 8 1 
	-> 1 2 3 4 5 6 7 8 12 13 15 
Structure 109: 11 3 2 4 7 5 20 10 9 8 1 
	-> 1 2 3 4 5 7 8 9 10 11 
Structure 110: 12 3 2 4 7 5 6 13 24 16 17 1 
	-> 1 2 3 4 5 6 7 12 13 16 
Structure 111: 12 11 3 2 4 7 5 6 10 9 8 1 
	-> 1 2 3 4 5 6 7 8 9 10 11 12 
Structure 112: 12 3 2 4 7 97 5 6 13 16 17 1 
	-> 1 2 3 4 5 6 7 12 13 16 
Structure 113: 14 11 3 2 4 5 6 10 9 8 1 
	-> 1 2 3 4 5 6 8 9 10 11 14 
Structure 114: 12 3 2 4 42 5 6 13 24 16 17 1 
	-> 1 2 3 4 5 6 12 13 16 
Structure 115: 11 3 2 4 7 5 20 25 10 9 18 8 1 
	-> 1 2 3 4 5 7 8 9 10 11 
Structure 116: 11 3 87 2 4 7 5 6 10 9 8 1 
	-> 1 2 3 4 5 6 7 8 9 10 11 
Structure 117: 14 11 57 3 2 4 7 5 6 10 9 8 1 
	-> 1 2 3 4 5 6 7 8 9 10 11 14 
Structure 118: 12 11 3 2 4 7 5 135 88 10 9 8 1 
	-> 1 2 3 4 5 7 8 9 10 11 12 
Structure 119: 11 3 2 4 5 6 10 9 8 1 
	-> 1 2 3 4 5 6 8 9 10 11 
Structure 120: 14 11 3 2 4 7 5 6 10 9 8 1 
	-> 1 2 3 4 5 6 7 8 9 10 11 14 
Structure 121: 14 11 3 2 4 7 5 27 6 10 9 8 31 1 
	-> 1 2 3 4 5 6 7 8 9 10 11 14 
Structure 122: 14 11 3 2 4 7 5 6 10 9 8 1 
	-> 1 2 3 4 5 6 7 8 9 10 11 14 
Structure 123: 11 3 2 63 7 5 6 10 9 85 98 1 
	-> 1 2 3 5 6 7 9 10 11 
Structure 124: 89 11 3 2 4 7 5 44 6 10 9 8 1 
	-> 1 2 3 4 5 6 7 8 9 10 11 
Structure 125: 14 11 3 2 4 7 19 5 6 10 9 8 1 
	-> 1 2 3 4 5 6 7 8 9 10 11 14 
Structure 126: 32 3 2 4 7 5 6 10 9 8 1 
	-> 1 2 3 4 5 6 7 8 9 10 
Structure 127: 136 99 3 2 4 5 6 13 8 1 137 
	-> 1 2 3 4 5 6 8 13 
Structure 128: 14 11 3 2 4 19 5 6 10 9 8 1 
	-> 1 2 3 4 5 6 8 9 10 11 14 
Structure 129: 11 3 2 4 7 5 6 10 9 8 1 
	-> 1 2 3 4 5 6 7 8 9 10 11 
Structure 130: 11 3 2 4 19 5 6 10 9 8 1 
	-> 1 2 3 4 5 6 8 9 10 11 
Structure 131: 11 3 2 4 7 19 5 6 10 9 18 8 1 
	-> 1 2 3 4 5 6 7 8 9 10 11 
Structure 132: 14 11 3 2 4 7 5 6 10 9 8 1 
	-> 1 2 3 4 5 6 7 8 9 10 11 14 
Structure 133: 12 11 3 2 4 7 5 6 10 9 18 8 1 
	-> 1 2 3 4 5 6 7 8 9 10 11 12 
Structure 134: 14 11 3 2 4 7 5 6 10 9 8 1 
	-> 1 2 3 4 5 6 7 8 9 10 11 14 
Structure 135: 14 11 57 3 2 4 5 6 10 9 8 1 
	-> 1 2 3 4 5 6 8 9 10 11 14 
Structure 136: 12 23 22 3 2 4 7 5 6 13 24 16 1 
	-> 1 2 3 4 5 6 7 12 13 16 
Structure 137: 14 11 3 2 4 7 5 6 10 9 18 8 1 
	-> 1 2 3 4 5 6 7 8 9 10 11 14 
Structure 138: 40 3 2 4 46 59 72 29 10 9 8 1 
	-> 1 2 3 4 8 9 10 
Structure 139: 12 3 2 4 15 5 20 25 13 8 1 
	-> 1 2 3 4 5 8 12 13 15 
Structure 140: 12 114 3 2 4 138 5 6 13 8 1 
	-> 1 2 3 4 5 6 8 12 13 
Structure 141: 12 3 2 4 7 42 19 5 6 13 16 47 1 
	-> 1 2 3 4 5 6 7 12 13 16 
Structure 142: 12 115 116 3 2 4 7 42 5 6 13 16 1 
	-> 1 2 3 4 5 6 7 12 13 16 
Structure 143: 11 3 2 4 7 5 6 10 9 8 1 
	-> 1 2 3 4 5 6 7 8 9 10 11 
Structure 144: 12 3 2 4 7 15 5 6 13 16 1 
	-> 1 2 3 4 5 6 7 12 13 15 16 
Structure 145: 12 3 56 38 4 7 42 5 6 13 24 16 17 1 
	-> 1 3 4 5 6 7 12 13 16 
Structure 146: 11 3 2 4 7 5 6 10 9 8 1 
	-> 1 2 3 4 5 6 7 8 9 10 11 
Structure 147: 12 23 22 3 2 4 7 5 6 13 16 17 1 
	-> 1 2 3 4 5 6 7 12 13 16 
Structure 148: 12 3 2 4 7 15 5 6 13 16 17 1 
	-> 1 2 3 4 5 6 7 12 13 15 16 
Structure 149: 100 11 3 2 4 7 5 6 45 10 9 8 1 
	-> 1 2 3 4 5 6 7 8 9 10 11 
Structure 150: 117 14 11 3 2 4 7 5 20 10 9 8 1 
	-> 1 2 3 4 5 7 8 9 10 11 14 
Structure 151: 51 11 3 2 4 7 19 5 6 10 9 18 8 1 
	-> 1 2 3 4 5 6 7 8 9 10 11 
Structure 152: 12 3 2 4 7 15 5 6 13 24 16 17 1 
	-> 1 2 3 4 5 6 7 12 13 15 16 
Structure 153: 14 11 3 2 4 7 19 5 6 10 9 8 1 
	-> 1 2 3 4 5 6 7 8 9 10 11 14 
Structure 154: 12 3 2 4 7 15 5 6 13 8 1 
	-> 1 2 3 4 5 6 7 8 12 13 15 
Structure 155: 14 11 3 2 4 7 5 6 10 9 18 8 1 
	-> 1 2 3 4 5 6 7 8 9 10 11 14 
Structure 156: 14 11 3 2 4 7 19 5 6 10 9 18 8 1 
	-> 1 2 3 4 5 6 7 8 9 10 11 14 
Structure 157: 12 3 2 4 7 15 5 20 13 16 1 
	-> 1 2 3 4 5 7 12 13 15 16 
Structure 158: 12 52 3 2 4 15 5 6 13 8 1 
	-> 1 2 3 4 5 6 8 12 13 15 
Structure 159: 12 73 74 75 90 55 49 50 48 37 34 35 8 1 
	-> 1 8 12 
Structure 160: 21 23 22 3 2 4 7 5 6 10 9 8 1 
	-> 1 2 3 4 5 6 7 8 9 10 
Structure 161: 14 11 3 2 4 7 5 44 6 10 9 8 1 
	-> 1 2 3 4 5 6 7 8 9 10 11 14 
Structure 162: 12 3 2 4 7 15 5 6 13 16 17 31 1 
	-> 1 2 3 4 5 6 7 12 13 15 16 
Structure 163: 12 3 2 4 7 15 5 28 6 13 8 1 
	-> 1 2 3 4 5 6 7 8 12 13 15 
Structure 164: 12 43 3 2 4 7 5 6 13 24 16 17 1 
	-> 1 2 3 4 5 6 7 12 13 16 
Structure 165: 12 3 2 4 7 15 5 6 13 8 1 
	-> 1 2 3 4 5 6 7 8 12 13 15 
Structure 166: 12 3 2 4 7 15 5 6 13 8 1 
	-> 1 2 3 4 5 6 7 8 12 13 15 
Structure 167: 12 3 2 4 7 15 5 6 13 16 17 1 
	-> 1 2 3 4 5 6 7 12 13 15 16 
Structure 168: 11 3 2 4 7 5 6 10 9 8 1 
	-> 1 2 3 4 5 6 7 8 9 10 11 
Structure 169: 11 3 2 4 7 5 6 10 9 8 1 
	-> 1 2 3 4 5 6 7 8 9 10 11 
Structure 170: 12 3 2 4 7 15 19 5 6 13 16 1 
	-> 1 2 3 4 5 6 7 12 13 15 16 
Structure 171: 21 3 2 4 7 19 5 6 83 10 9 8 1 
	-> 1 2 3 4 5 6 7 8 9 10 
Structure 172: 76 11 3 2 4 7 5 6 10 9 8 1 
	-> 1 2 3 4 5 6 7 8 9 10 11 
Structure 173: 12 3 2 4 7 15 5 6 13 16 26 1 
	-> 1 2 3 4 5 6 7 12 13 15 16 
Structure 174: 11 3 2 4 7 19 5 20 25 45 10 9 8 1 
	-> 1 2 3 4 5 7 8 9 10 11 
Structure 175: 14 11 3 2 4 7 5 6 10 9 8 1 
	-> 1 2 3 4 5 6 7 8 9 10 11 14 
Structure 176: 12 3 2 4 7 15 118 5 6 13 16 47 1 
	-> 1 2 3 4 5 6 7 12 13 15 16 
Structure 177: 14 11 3 2 4 7 5 6 10 9 8 1 
	-> 1 2 3 4 5 6 7 8 9 10 11 14 
Structure 178: 11 3 2 4 7 5 6 10 9 119 1 
	-> 1 2 3 4 5 6 7 9 10 11 
Structure 179: 12 3 2 4 7 15 5 6 13 8 1 61 
	-> 1 2 3 4 5 6 7 8 12 13 15 
Structure 180: 12 3 2 4 7 15 5 6 13 16 17 1 
	-> 1 2 3 4 5 6 7 12 13 15 16 
Structure 181: 21 3 2 4 7 19 5 6 10 9 8 1 
	-> 1 2 3 4 5 6 7 8 9 10 
Structure 182: 12 3 2 38 4 5 6 13 24 16 17 1 
	-> 1 2 3 4 5 6 12 13 16 
Structure 183: 12 3 2 4 15 5 6 13 16 17 1 
	-> 1 2 3 4 5 6 12 13 15 16 
Structure 184: 11 3 2 4 33 28 6 10 9 8 1 
	-> 1 2 3 4 6 8 9 10 11 
Structure 185: 12 3 2 4 7 15 5 6 13 8 1 
	-> 1 2 3 4 5 6 7 8 12 13 15 
Structure 186: 12 3 2 4 15 5 6 13 16 47 26 1 
	-> 1 2 3 4 5 6 12 13 15 16 
Structure 187: 76 11 3 2 4 7 5 6 10 9 8 1 
	-> 1 2 3 4 5 6 7 8 9 10 11 
Structure 188: 12 23 22 3 2 4 5 6 13 24 16 17 1 
	-> 1 2 3 4 5 6 12 13 16 
Structure 189: 14 11 3 2 4 19 5 27 6 10 9 8 1 
	-> 1 2 3 4 5 6 8 9 10 11 14 
Structure 190: 12 3 2 4 7 15 5 6 13 8 1 
	-> 1 2 3 4 5 6 7 8 12 13 15 
Structure 191: 14 11 3 2 4 7 5 6 10 9 8 1 
	-> 1 2 3 4 5 6 7 8 9 10 11 14 
Structure 192: 12 3 2 4 7 139 140 5 6 13 82 1 61 
	-> 1 2 3 4 5 6 7 12 13 
Structure 193: 40 3 2 4 7 46 59 72 29 10 9 18 8 1 
	-> 1 2 3 4 7 8 9 10 
Structure 194: 12 3 2 4 15 5 6 13 8 1 
	-> 1 2 3 4 5 6 8 12 13 15 
Structure 195: 11 3 2 4 5 28 6 10 9 8 1 
	-> 1 2 3 4 5 6 8 9 10 11 
Structure 196: 14 11 3 2 4 7 5 6 10 9 8 1 
	-> 1 2 3 4 5 6 7 8 9 10 11 14 
Structure 197: 14 11 3 2 4 7 19 5 6 10 9 18 8 1 
	-> 1 2 3 4 5 6 7 8 9 10 11 14 
Structure 198: 21 3 2 4 5 6 10 9 120 98 1 
	-> 1 2 3 4 5 6 9 10 
Structure 199: 14 11 3 2 4 7 5 6 10 9 8 31 1 
	-> 1 2 3 4 5 6 7 8 9 10 11 14 
Structure 200: 14 11 3 2 4 7 5 27 6 10 9 8 1 
	-> 1 2 3 4 5 6 7 8 9 10 11 14 
Structure 201: 12 23 22 3 2 4 7 5 6 13 8 1 
	-> 1 2 3 4 5 6 7 8 12 13 
Structure 202: 141 12 3 2 4 7 15 5 6 13 8 1 
	-> 1 2 3 4 5 6 7 8 12 13 15 
Structure 203: 14 11 3 2 4 7 19 5 6 10 9 18 8 1 
	-> 1 2 3 4 5 6 7 8 9 10 11 14 
Structure 204: 14 11 3 2 4 7 5 6 10 9 8 1 
	-> 1 2 3 4 5 6 7 8 9 10 11 14 
Structure 205: 12 3 2 4 7 15 5 6 13 8 1 
	-> 1 2 3 4 5 6 7 8 12 13 15 
Structure 206: 11 3 2 4 7 5 27 6 10 9 8 1 
	-> 1 2 3 4 5 6 7 8 9 10 11 
Structure 207: 14 11 3 2 4 7 5 6 10 9 8 1 
	-> 1 2 3 4 5 6 7 8 9 10 11 14 
Structure 208: 11 3 2 4 7 19 5 6 10 9 8 1 
	-> 1 2 3 4 5 6 7 8 9 10 11 
Structure 209: 11 3 2 4 7 5 6 10 9 8 1 
	-> 1 2 3 4 5 6 7 8 9 10 11 
Structure 210: 21 3 2 4 7 19 5 6 10 9 8 1 
	-> 1 2 3 4 5 6 7 8 9 10 
Structure 211: 12 3 2 4 7 15 5 6 13 16 17 1 
	-> 1 2 3 4 5 6 7 12 13 15 16 
Structure 212: 14 11 3 2 4 7 5 6 10 9 8 1 
	-> 1 2 3 4 5 6 7 8 9 10 11 14 
Structure 213: 14 11 3 2 4 7 5 6 10 9 8 1 
	-> 1 2 3 4 5 6 7 8 9 10 11 14 
Structure 214: 12 3 2 4 7 15 5 6 13 8 1 
	-> 1 2 3 4 5 6 7 8 12 13 15 
Structure 215: 101 11 3 2 4 5 6 10 9 8 1 
	-> 1 2 3 4 5 6 8 9 10 11 
Structure 216: 12 3 2 4 7 15 39 5 6 13 16 17 1 
	-> 1 2 3 4 5 6 7 12 13 15 16 
Structure 217: 14 11 3 2 4 7 5 6 10 9 66 18 8 1 
	-> 1 2 3 4 5 6 7 8 9 10 11 14 
Structure 218: 12 3 2 4 7 121 5 6 13 96 16 1 
	-> 1 2 3 4 5 6 7 12 13 16 
Structure 219: 14 11 3 2 4 5 6 10 9 8 1 
	-> 1 2 3 4 5 6 8 9 10 11 14 
Structure 220: 14 11 3 2 4 7 5 6 10 9 18 8 1 
	-> 1 2 3 4 5 6 7 8 9 10 11 14 
Structure 221: 12 3 2 4 5 28 6 13 24 16 1 
	-> 1 2 3 4 5 6 12 13 16 
Structure 222: 11 3 2 4 7 19 5 6 45 10 9 8 1 
	-> 1 2 3 4 5 6 7 8 9 10 11 
Structure 223: 12 3 2 4 7 15 5 6 13 16 17 1 
	-> 1 2 3 4 5 6 7 12 13 15 16 
Structure 224: 14 11 3 2 4 7 5 6 10 9 8 1 
	-> 1 2 3 4 5 6 7 8 9 10 11 14 
Structure 225: 51 14 11 3 2 4 7 5 6 10 9 8 1 
	-> 1 2 3 4 5 6 7 8 9 10 11 14 
Structure 226: 14 11 3 2 4 7 19 5 20 10 9 8 1 
	-> 1 2 3 4 5 7 8 9 10 11 14 
Structure 227: 14 11 3 2 4 7 5 6 10 9 8 1 
	-> 1 2 3 4 5 6 7 8 9 10 11 14 
Structure 228: 14 11 3 2 4 7 19 5 6 10 9 18 8 1 
	-> 1 2 3 4 5 6 7 8 9 10 11 14 
Structure 229: 14 11 3 2 4 7 5 6 10 9 8 1 
	-> 1 2 3 4 5 6 7 8 9 10 11 14 
Structure 230: 21 23 3 2 4 7 5 6 10 9 8 26 1 
	-> 1 2 3 4 5 6 7 8 9 10 
Structure 231: 12 142 112 55 49 50 48 37 34 35 13 1 122 
	-> 1 12 13 
Structure 232: 12 3 2 4 7 15 5 6 13 8 1 
	-> 1 2 3 4 5 6 7 8 12 13 15 
Structure 233: 12 23 3 2 38 4 7 5 6 13 65 16 17 1 
	-> 1 2 3 4 5 6 7 12 13 16 
Structure 234: 14 11 3 2 4 7 5 6 10 9 120 98 1 
	-> 1 2 3 4 5 6 7 9 10 11 14 
Structure 235: 14 11 3 30 2 4 7 5 6 10 9 8 1 
	-> 1 2 3 4 5 6 7 8 9 10 11 14 
Structure 236: 21 3 2 4 7 19 5 6 45 10 9 18 8 1 
	-> 1 2 3 4 5 6 7 8 9 10 
Structure 237: 11 3 2 4 5 6 10 9 8 1 
	-> 1 2 3 4 5 6 8 9 10 11 
Structure 238: 11 3 2 4 5 6 10 9 8 1 
	-> 1 2 3 4 5 6 8 9 10 11 
Structure 239: 12 52 3 2 4 15 5 6 13 16 17 31 1 
	-> 1 2 3 4 5 6 12 13 15 16 
Structure 240: 12 52 3 2 4 7 15 5 6 13 16 17 1 
	-> 1 2 3 4 5 6 7 12 13 15 16 
Structure 241: 11 3 2 4 19 5 20 10 9 8 1 
	-> 1 2 3 4 5 8 9 10 11 
Structure 242: 32 143 91 144 2 4 7 37 34 35 29 10 9 8 1 
	-> 1 2 4 7 8 9 10 
Structure 243: 14 11 3 2 4 7 19 5 6 10 9 18 8 1 
	-> 1 2 3 4 5 6 7 8 9 10 11 14 
Structure 244: 12 3 2 4 7 77 5 6 13 16 17 1 
	-> 1 2 3 4 5 6 7 12 13 16 
Structure 245: 12 3 2 4 7 15 5 27 6 13 16 17 1 
	-> 1 2 3 4 5 6 7 12 13 15 16 
Structure 246: 12 3 2 4 42 5 6 13 8 1 
	-> 1 2 3 4 5 6 8 12 13 
Structure 247: 12 3 2 4 15 5 6 13 16 1 
	-> 1 2 3 4 5 6 12 13 15 16 
Structure 248: 14 11 3 2 4 7 19 5 6 10 9 8 1 
	-> 1 2 3 4 5 6 7 8 9 10 11 14 
Structure 249: 14 11 22 3 2 4 7 5 6 10 9 8 1 
	-> 1 2 3 4 5 6 7 8 9 10 11 14 
Structure 250: 21 23 3 2 4 7 5 6 10 9 8 1 
	-> 1 2 3 4 5 6 7 8 9 10 
Structure 251: 14 11 3 2 4 7 5 6 10 9 8 1 
	-> 1 2 3 4 5 6 7 8 9 10 11 14 
Structure 252: 12 3 2 4 7 15 5 6 13 16 1 
	-> 1 2 3 4 5 6 7 12 13 15 16 
Structure 253: 11 22 3 2 4 7 19 5 6 10 9 8 1 
	-> 1 2 3 4 5 6 7 8 9 10 11 
Structure 254: 3 2 4 7 15 5 6 13 16 17 1 
	-> 1 2 3 4 5 6 7 13 15 16 
Structure 255: 32 81 94 67 30 2 4 7 46 145 29 10 9 8 1 
	-> 1 2 4 7 8 9 10 
Structure 256: 12 3 2 4 7 15 5 6 13 8 1 
	-> 1 2 3 4 5 6 7 8 12 13 15 
Structure 257: 11 3 2 4 7 5 6 10 9 8 1 
	-> 1 2 3 4 5 6 7 8 9 10 11 
Structure 258: 14 11 67 30 2 4 7 5 6 10 9 8 1 
	-> 1 2 4 5 6 7 8 9 10 11 14 
Structure 259: 11 3 2 4 5 6 10 9 8 1 
	-> 1 2 3 4 5 6 8 9 10 11 
Structure 260: 12 3 2 4 7 15 5 6 13 16 17 1 
	-> 1 2 3 4 5 6 7 12 13 15 16 
Structure 261: 12 3 2 4 7 15 5 6 13 8 1 
	-> 1 2 3 4 5 6 7 8 12 13 15 
Structure 262: 14 11 3 2 4 7 5 6 10 9 8 1 
	-> 1 2 3 4 5 6 7 8 9 10 11 14 
Structure 263: 40 3 2 4 7 146 54 29 10 9 8 1 
	-> 1 2 3 4 7 8 9 10 
Structure 264: 12 3 2 4 7 60 5 6 13 8 1 
	-> 1 2 3 4 5 6 7 8 12 13 
Structure 265: 36 11 3 2 4 7 5 6 10 9 8 1 
	-> 1 2 3 4 5 6 7 8 9 10 11 
Structure 266: 14 11 3 2 4 7 5 20 10 9 8 1 
	-> 1 2 3 4 5 7 8 9 10 11 14 
Structure 267: 89 11 3 2 4 7 5 6 10 9 8 1 
	-> 1 2 3 4 5 6 7 8 9 10 11 
Structure 268: 102 11 3 2 4 19 5 6 10 9 8 1 
	-> 1 2 3 4 5 6 8 9 10 11 
Structure 269: 21 3 2 4 19 5 6 10 9 66 103 8 1 
	-> 1 2 3 4 5 6 8 9 10 
Structure 270: 14 11 3 2 4 7 5 6 10 9 18 8 1 
	-> 1 2 3 4 5 6 7 8 9 10 11 14 
Structure 271: 14 11 3 2 4 5 6 10 9 8 1 
	-> 1 2 3 4 5 6 8 9 10 11 14 
Structure 272: 14 11 3 2 4 7 5 27 6 10 9 8 1 
	-> 1 2 3 4 5 6 7 8 9 10 11 14 
Structure 273: 14 11 22 3 2 4 7 5 6 10 9 8 1 
	-> 1 2 3 4 5 6 7 8 9 10 11 14 
Structure 274: 14 11 3 2 4 7 5 6 10 9 8 1 
	-> 1 2 3 4 5 6 7 8 9 10 11 14 
Structure 275: 11 3 2 4 7 5 6 10 9 8 1 
	-> 1 2 3 4 5 6 7 8 9 10 11 
Structure 276: 14 11 3 2 4 7 5 20 10 9 8 1 
	-> 1 2 3 4 5 7 8 9 10 11 14 
Structure 277: 11 3 2 4 7 5 6 10 9 8 1 
	-> 1 2 3 4 5 6 7 8 9 10 11 
Structure 278: 14 11 3 2 38 4 7 5 6 10 9 8 1 
	-> 1 2 3 4 5 6 7 8 9 10 11 14 
Structure 279: 11 3 2 4 7 5 6 10 9 8 1 
	-> 1 2 3 4 5 6 7 8 9 10 11 
Structure 280: 12 3 2 4 7 15 5 6 13 16 17 1 
	-> 1 2 3 4 5 6 7 12 13 15 16 
Structure 281: 12 3 2 4 7 15 5 6 13 16 26 1 
	-> 1 2 3 4 5 6 7 12 13 15 16 
Structure 282: 14 11 3 2 4 5 6 10 147 9 8 1 
	-> 1 2 3 4 5 6 8 9 10 11 14 
Structure 283: 11 3 2 4 7 33 6 10 9 8 1 
	-> 1 2 3 4 6 7 8 9 10 11 
Structure 284: 12 3 2 4 15 41 5 6 13 8 1 
	-> 1 2 3 4 5 6 8 12 13 15 
Structure 285: 36 12 3 2 4 64 15 5 6 13 16 1 
	-> 1 2 3 4 5 6 12 13 15 16 
Structure 286: 21 3 2 4 7 5 6 10 9 8 1 
	-> 1 2 3 4 5 6 7 8 9 10 
Structure 287: 14 11 3 2 4 7 5 6 10 9 18 8 1 
	-> 1 2 3 4 5 6 7 8 9 10 11 14 
Structure 288: 12 3 2 4 7 15 41 5 6 13 16 17 1 
	-> 1 2 3 4 5 6 7 12 13 15 16 
Structure 289: 12 3 2 4 7 15 41 5 6 13 16 17 1 
	-> 1 2 3 4 5 6 7 12 13 15 16 
Structure 290: 11 3 2 4 7 5 6 10 9 18 8 1 
	-> 1 2 3 4 5 6 7 8 9 10 11 
Structure 291: 21 23 22 3 2 4 5 20 25 10 9 103 8 1 
	-> 1 2 3 4 5 8 9 10 
Structure 292: 14 11 3 2 4 7 5 20 10 9 8 1 
	-> 1 2 3 4 5 7 8 9 10 11 14 
Structure 293: 11 3 2 38 4 7 5 6 10 9 8 1 
	-> 1 2 3 4 5 6 7 8 9 10 11 
Structure 294: 12 3 2 4 7 15 5 20 25 13 8 1 
	-> 1 2 3 4 5 7 8 12 13 15 
Structure 295: 12 3 2 4 15 5 6 13 8 1 
	-> 1 2 3 4 5 6 8 12 13 15 
Structure 296: 21 3 2 4 7 19 5 6 10 9 18 8 1 
	-> 1 2 3 4 5 6 7 8 9 10 
Structure 297: 11 3 2 4 7 19 5 6 10 9 8 1 
	-> 1 2 3 4 5 6 7 8 9 10 11 
Structure 298: 148 21 3 2 4 7 19 5 6 10 9 8 1 
	-> 1 2 3 4 5 6 7 8 9 10 
Structure 299: 11 3 2 4 7 5 88 10 9 8 1 
	-> 1 2 3 4 5 7 8 9 10 11 
Structure 300: 68 21 149 3 2 4 7 19 5 6 10 9 8 1 
	-> 1 2 3 4 5 6 7 8 9 10 
Structure 301: 12 3 2 4 7 15 5 6 13 8 1 
	-> 1 2 3 4 5 6 7 8 12 13 15 
Structure 302: 150 151 3 2 4 15 5 6 13 16 1 
	-> 1 2 3 4 5 6 13 15 16 
Structure 303: 14 11 3 2 4 7 5 6 10 9 18 8 1 
	-> 1 2 3 4 5 6 7 8 9 10 11 14 
Structure 304: 12 3 2 38 4 7 15 41 5 6 13 16 17 1 
	-> 1 2 3 4 5 6 7 12 13 15 16 
Structure 305: 12 3 2 4 7 15 5 6 13 8 1 
	-> 1 2 3 4 5 6 7 8 12 13 15 
Structure 306: 14 11 3 2 4 5 6 10 9 8 1 
	-> 1 2 3 4 5 6 8 9 10 11 14 
Structure 307: 11 3 2 4 7 5 6 10 9 8 1 
	-> 1 2 3 4 5 6 7 8 9 10 11 
Structure 308: 12 3 2 4 15 5 6 13 16 17 1 
	-> 1 2 3 4 5 6 12 13 15 16 
Structure 309: 12 3 2 4 15 5 6 13 8 1 
	-> 1 2 3 4 5 6 8 12 13 15 
Structure 310: 32 62 43 3 2 4 7 19 5 6 10 9 8 1 
	-> 1 2 3 4 5 6 7 8 9 10 
Structure 311: 14 11 3 2 4 7 5 6 10 9 8 1 
	-> 1 2 3 4 5 6 7 8 9 10 11 14 
Structure 312: 14 11 3 2 4 7 5 20 25 10 9 8 1 
	-> 1 2 3 4 5 7 8 9 10 11 14 
Structure 313: 12 23 22 3 2 4 7 5 6 13 8 1 
	-> 1 2 3 4 5 6 7 8 12 13 
Structure 314: 21 23 22 3 2 4 7 5 28 6 10 9 8 1 
	-> 1 2 3 4 5 6 7 8 9 10 
Structure 315: 14 11 3 2 4 5 6 10 9 8 26 1 
	-> 1 2 3 4 5 6 8 9 10 11 14 
Structure 316: 11 3 2 4 5 28 6 10 9 8 1 
	-> 1 2 3 4 5 6 8 9 10 11 
Structure 317: 14 11 3 2 4 7 5 6 10 9 8 1 
	-> 1 2 3 4 5 6 7 8 9 10 11 14 
Structure 318: 12 23 3 2 4 7 5 6 13 8 1 
	-> 1 2 3 4 5 6 7 8 12 13 
Structure 319: 14 11 3 2 4 64 5 6 10 9 8 1 
	-> 1 2 3 4 5 6 8 9 10 11 14 
Structure 320: 11 3 2 4 7 5 6 10 9 8 1 
	-> 1 2 3 4 5 6 7 8 9 10 11 
Structure 321: 12 3 56 152 4 7 15 5 28 6 13 8 1 
	-> 1 3 4 5 6 7 8 12 13 15 
Structure 322: 36 12 3 2 4 7 15 5 6 13 16 26 1 
	-> 1 2 3 4 5 6 7 12 13 15 16 
Structure 323: 14 11 3 2 4 7 5 6 10 9 8 1 
	-> 1 2 3 4 5 6 7 8 9 10 11 14 
Structure 324: 12 3 2 4 7 15 5 6 13 8 1 
	-> 1 2 3 4 5 6 7 8 12 13 15 
Structure 325: 12 3 2 4 7 15 5 6 13 8 1 
	-> 1 2 3 4 5 6 7 8 12 13 15 
Structure 326: 12 3 2 4 7 15 5 6 13 8 1 
	-> 1 2 3 4 5 6 7 8 12 13 15 
Structure 327: 11 3 2 4 7 5 6 10 9 8 1 
	-> 1 2 3 4 5 6 7 8 9 10 11 
Structure 328: 14 11 3 2 4 7 5 6 10 9 18 8 1 
	-> 1 2 3 4 5 6 7 8 9 10 11 14 
Structure 329: 12 3 2 4 7 42 5 6 13 24 16 26 1 
	-> 1 2 3 4 5 6 7 12 13 16 
Structure 330: 12 3 2 4 7 15 5 6 13 8 1 
	-> 1 2 3 4 5 6 7 8 12 13 15 
Structure 331: 12 3 2 4 7 42 19 5 6 13 24 16 31 1 
	-> 1 2 3 4 5 6 7 12 13 16 
Structure 332: 12 3 2 4 7 15 5 6 13 8 1 
	-> 1 2 3 4 5 6 7 8 12 13 15 
Structure 333: 14 11 3 2 4 7 5 6 10 9 8 1 
	-> 1 2 3 4 5 6 7 8 9 10 11 14 
Structure 334: 12 22 3 2 4 7 153 5 6 13 24 16 1 
	-> 1 2 3 4 5 6 7 12 13 16 
Structure 335: 11 3 2 4 7 5 28 6 10 9 18 8 1 
	-> 1 2 3 4 5 6 7 8 9 10 11 
Structure 336: 14 11 3 2 4 5 20 10 9 8 1 
	-> 1 2 3 4 5 8 9 10 11 14 
Structure 337: 12 3 2 4 7 15 5 28 6 13 8 1 
	-> 1 2 3 4 5 6 7 8 12 13 15 
Structure 338: 12 3 30 2 4 7 15 5 6 13 16 1 
	-> 1 2 3 4 5 6 7 12 13 15 16 
Structure 339: 12 3 2 4 7 15 5 6 13 1 109 
	-> 1 2 3 4 5 6 7 12 13 15 
Structure 340: 12 3 2 4 7 154 5 6 13 16 17 1 
	-> 1 2 3 4 5 6 7 12 13 16 
Structure 341: 12 3 2 4 7 15 5 6 13 16 17 1 
	-> 1 2 3 4 5 6 7 12 13 15 16 
Structure 342: 40 23 3 2 4 7 70 54 29 10 9 18 8 1 
	-> 1 2 3 4 7 8 9 10 
Structure 343: 12 3 2 4 7 15 5 6 13 16 17 1 
	-> 1 2 3 4 5 6 7 12 13 15 16 
Structure 344: 14 11 3 2 4 7 5 6 10 9 8 1 
	-> 1 2 3 4 5 6 7 8 9 10 11 14 
Structure 345: 78 21 3 2 4 104 123 29 10 9 8 1 
	-> 1 2 3 4 8 9 10 
Structure 346: 12 108 95 3 2 4 7 86 5 6 9 8 1 
	-> 1 2 3 4 5 6 7 8 9 12 
Structure 347: 14 11 3 2 4 7 5 6 10 9 8 1 
	-> 1 2 3 4 5 6 7 8 9 10 11 14 
Structure 348: 12 3 2 4 15 5 6 13 16 26 1 
	-> 1 2 3 4 5 6 12 13 15 16 
Structure 349: 11 3 2 4 7 5 6 10 9 8 1 
	-> 1 2 3 4 5 6 7 8 9 10 11 
Structure 350: 14 11 3 2 4 64 5 6 10 9 8 1 
	-> 1 2 3 4 5 6 8 9 10 11 14 
Structure 351: 11 3 2 4 64 5 6 10 9 8 1 
	-> 1 2 3 4 5 6 8 9 10 11 
Structure 352: 51 11 3 2 4 7 5 6 10 9 18 8 1 
	-> 1 2 3 4 5 6 7 8 9 10 11 
Structure 353: 11 3 2 4 7 5 6 10 9 18 8 1 
	-> 1 2 3 4 5 6 7 8 9 10 11 
Structure 354: 71 12 3 2 4 7 155 5 6 13 16 17 1 
	-> 1 2 3 4 5 6 7 12 13 16 
Structure 355: 12 3 2 4 7 15 156 5 28 6 13 16 17 1 
	-> 1 2 3 4 5 6 7 12 13 15 16 
Structure 356: 14 11 3 2 4 69 5 6 10 9 8 1 
	-> 1 2 3 4 5 6 8 9 10 11 14 
Structure 357: 14 11 3 2 4 5 6 10 9 8 1 
	-> 1 2 3 4 5 6 8 9 10 11 14 
Structure 358: 12 3 2 4 15 5 6 13 8 1 
	-> 1 2 3 4 5 6 8 12 13 15 
Structure 359: 12 3 2 4 7 15 5 6 13 16 17 1 
	-> 1 2 3 4 5 6 7 12 13 15 16 
Structure 360: 12 3 2 38 63 7 5 6 13 24 16 17 1 
	-> 1 2 3 5 6 7 12 13 16 
Structure 361: 32 3 2 4 104 123 29 10 9 8 1 
	-> 1 2 3 4 8 9 10 
Structure 362: 78 11 3 2 4 7 5 6 10 9 8 1 
	-> 1 2 3 4 5 6 7 8 9 10 11 
Structure 363: 14 11 3 2 4 7 5 6 10 9 8 1 
	-> 1 2 3 4 5 6 7 8 9 10 11 14 
Structure 364: 12 3 2 4 7 15 5 6 13 8 1 
	-> 1 2 3 4 5 6 7 8 12 13 15 
Structure 365: 12 3 2 53 5 6 13 24 16 17 1 
	-> 1 2 3 5 6 12 13 16 
Structure 366: 12 3 2 4 15 5 6 13 16 17 1 
	-> 1 2 3 4 5 6 12 13 15 16 
Structure 367: 14 11 22 3 30 2 4 7 5 6 10 9 18 8 1 
	-> 1 2 3 4 5 6 7 8 9 10 11 14 
Structure 368: 14 11 3 2 4 7 5 6 10 9 8 1 
	-> 1 2 3 4 5 6 7 8 9 10 11 14 
Structure 369: 14 11 3 2 4 7 5 6 10 9 8 1 
	-> 1 2 3 4 5 6 7 8 9 10 11 14 
Structure 370: 12 3 2 4 7 5 6 13 84 24 16 47 1 
	-> 1 2 3 4 5 6 7 12 13 16 
Structure 371: 12 3 2 4 7 15 5 20 25 13 8 1 
	-> 1 2 3 4 5 7 8 12 13 15 
Structure 372: 12 3 2 4 15 5 6 13 8 1 
	-> 1 2 3 4 5 6 8 12 13 15 
Structure 373: 12 3 2 4 7 42 19 5 6 157 16 26 1 
	-> 1 2 3 4 5 6 7 12 16 
Structure 374: 12 3 2 4 7 15 5 6 13 16 17 1 
	-> 1 2 3 4 5 6 7 12 13 15 16 
Structure 375: 12 73 74 75 55 49 50 48 37 34 35 16 1 
	-> 1 12 16 
Structure 376: 14 11 3 2 4 5 6 10 9 8 1 
	-> 1 2 3 4 5 6 8 9 10 11 14 
Structure 377: 14 11 3 2 4 7 5 6 10 9 8 1 
	-> 1 2 3 4 5 6 7 8 9 10 11 14 
Structure 378: 14 11 3 2 4 5 6 10 9 18 8 1 
	-> 1 2 3 4 5 6 8 9 10 11 14 
Structure 379: 12 3 2 4 7 15 5 6 13 8 1 
	-> 1 2 3 4 5 6 7 8 12 13 15 
Structure 380: 14 11 3 2 4 7 5 6 10 9 8 1 
	-> 1 2 3 4 5 6 7 8 9 10 11 14 
Structure 381: 12 3 2 4 7 15 5 6 13 16 1 
	-> 1 2 3 4 5 6 7 12 13 15 16 
Structure 382: 11 3 2 4 7 5 6 10 9 8 1 
	-> 1 2 3 4 5 6 7 8 9 10 11 
Structure 383: 11 3 2 4 5 6 10 9 8 1 
	-> 1 2 3 4 5 6 8 9 10 11 
Structure 384: 12 3 2 4 7 15 5 6 13 16 17 1 
	-> 1 2 3 4 5 6 7 12 13 15 16 
Structure 385: 11 3 2 4 7 5 6 10 9 8 1 
	-> 1 2 3 4 5 6 7 8 9 10 11 
Structure 386: 12 91 124 55 49 50 48 37 34 35 13 8 1 158 
	-> 1 8 12 13 
Structure 387: 14 11 3 2 4 5 6 10 9 18 8 1 
	-> 1 2 3 4 5 6 8 9 10 11 14 
Structure 388: 12 3 2 4 7 15 5 6 13 8 1 
	-> 1 2 3 4 5 6 7 8 12 13 15 
Structure 389: 12 3 2 4 7 19 5 6 13 24 16 1 
	-> 1 2 3 4 5 6 7 12 13 16 
Structure 390: 11 3 2 4 5 6 10 9 8 1 
	-> 1 2 3 4 5 6 8 9 10 11 
Structure 391: 14 11 3 2 4 7 5 6 10 9 8 1 
	-> 1 2 3 4 5 6 7 8 9 10 11 14 
Structure 392: 14 11 3 2 4 5 6 10 9 8 1 
	-> 1 2 3 4 5 6 8 9 10 11 14 
Structure 393: 11 3 2 4 7 5 6 10 9 8 1 
	-> 1 2 3 4 5 6 7 8 9 10 11 
Structure 394: 14 11 3 2 4 7 5 6 10 9 8 1 
	-> 1 2 3 4 5 6 7 8 9 10 11 14 
Structure 395: 12 3 2 4 15 5 6 13 8 1 
	-> 1 2 3 4 5 6 8 12 13 15 
Structure 396: 14 11 3 79 2 4 7 5 20 10 9 8 1 
	-> 1 2 3 4 5 7 8 9 10 11 14 
Structure 397: 14 11 3 2 4 7 19 5 6 10 9 8 1 
	-> 1 2 3 4 5 6 7 8 9 10 11 14 
Structure 398: 12 3 2 4 7 15 5 20 13 16 17 1 
	-> 1 2 3 4 5 7 12 13 15 16 
Structure 399: 12 3 2 4 7 33 20 25 13 24 8 159 1 
	-> 1 2 3 4 7 8 12 13 
Structure 400: 14 11 3 2 4 7 5 6 10 9 8 1 
	-> 1 2 3 4 5 6 7 8 9 10 11 14 
Structure 401: 11 3 2 38 4 7 5 6 10 9 8 1 
	-> 1 2 3 4 5 6 7 8 9 10 11 
Structure 402: 12 115 3 2 4 7 15 5 6 13 16 17 1 
	-> 1 2 3 4 5 6 7 12 13 15 16 
Structure 403: 12 3 2 4 7 15 5 6 13 8 1 
	-> 1 2 3 4 5 6 7 8 12 13 15 
Structure 404: 12 3 2 4 7 15 5 6 13 8 1 
	-> 1 2 3 4 5 6 7 8 12 13 15 
Structure 405: 12 3 2 4 7 15 5 6 13 8 1 
	-> 1 2 3 4 5 6 7 8 12 13 15 
Structure 406: 11 3 2 4 5 6 10 9 8 1 
	-> 1 2 3 4 5 6 8 9 10 11 
Structure 407: 12 160 3 2 4 15 5 6 13 16 1 
	-> 1 2 3 4 5 6 12 13 15 16 
Structure 408: 12 3 2 4 7 15 5 6 13 16 1 
	-> 1 2 3 4 5 6 7 12 13 15 16 
Structure 409: 14 11 3 2 4 19 5 6 10 9 8 1 
	-> 1 2 3 4 5 6 8 9 10 11 14 
Structure 410: 11 22 3 2 63 5 6 10 9 8 1 
	-> 1 2 3 5 6 8 9 10 11 
Structure 411: 14 11 3 2 4 7 5 6 10 9 8 1 
	-> 1 2 3 4 5 6 7 8 9 10 11 14 
Structure 412: 14 11 3 2 4 7 19 5 20 25 10 9 8 1 
	-> 1 2 3 4 5 7 8 9 10 11 14 
Structure 413: 11 3 56 4 7 5 6 10 9 8 1 
	-> 1 3 4 5 6 7 8 9 10 11 
Structure 414: 12 3 2 4 7 15 5 6 13 16 1 
	-> 1 2 3 4 5 6 7 12 13 15 16 
Structure 415: 12 3 2 4 7 15 5 6 13 1 
	-> 1 2 3 4 5 6 7 12 13 15 
Structure 416: 12 3 2 4 7 15 19 5 6 13 16 1 
	-> 1 2 3 4 5 6 7 12 13 15 16 
Structure 417: 12 23 3 2 4 7 5 20 25 13 24 16 1 
	-> 1 2 3 4 5 7 12 13 16 
Structure 418: 12 3 2 4 7 15 5 6 13 8 1 
	-> 1 2 3 4 5 6 7 8 12 13 15 
Structure 419: 14 11 3 2 4 7 33 161 44 6 10 9 8 1 
	-> 1 2 3 4 6 7 8 9 10 11 14 
Structure 420: 12 3 2 4 7 162 5 6 13 24 16 1 
	-> 1 2 3 4 5 6 7 12 13 16 
Structure 421: 12 3 2 4 7 15 5 20 25 13 8 1 61 
	-> 1 2 3 4 5 7 8 12 13 15 
Structure 422: 12 3 56 163 164 53 15 5 6 13 8 1 
	-> 1 3 5 6 8 12 13 15 
Structure 423: 11 3 2 4 7 5 6 45 10 9 8 1 
	-> 1 2 3 4 5 6 7 8 9 10 11 
Structure 424: 12 3 2 4 46 92 106 107 13 8 1 
	-> 1 2 3 4 8 12 13 
Structure 425: 14 11 3 2 4 7 5 6 10 9 8 1 
	-> 1 2 3 4 5 6 7 8 9 10 11 14 
Structure 426: 14 11 3 2 4 7 19 5 6 10 9 8 1 
	-> 1 2 3 4 5 6 7 8 9 10 11 14 
Structure 427: 12 3 2 4 7 15 5 6 13 8 1 
	-> 1 2 3 4 5 6 7 8 12 13 15 
Structure 428: 78 21 3 2 4 7 5 6 10 9 8 1 
	-> 1 2 3 4 5 6 7 8 9 10 
Structure 429: 165 40 3 2 4 70 72 29 10 9 18 8 1 
	-> 1 2 3 4 8 9 10 
Structure 430: 14 11 3 2 4 7 5 20 10 9 8 1 
	-> 1 2 3 4 5 7 8 9 10 11 14 
Structure 431: 21 3 2 4 7 19 5 6 10 9 8 1 
	-> 1 2 3 4 5 6 7 8 9 10 
Structure 432: 12 3 2 4 7 15 5 6 13 16 17 1 
	-> 1 2 3 4 5 6 7 12 13 15 16 
Structure 433: 11 3 2 4 7 5 6 10 9 8 1 
	-> 1 2 3 4 5 6 7 8 9 10 11 
Structure 434: 101 166 3 2 4 7 15 5 20 13 16 26 1 
	-> 1 2 3 4 5 7 13 15 16 
Structure 435: 12 3 2 4 167 5 6 13 16 17 1 
	-> 1 2 3 4 5 6 12 13 16 
Structure 436: 14 11 3 56 4 7 5 6 10 9 8 1 
	-> 1 3 4 5 6 7 8 9 10 11 14 
Structure 437: 168 169 170 3 2 4 7 15 5 6 13 1 171 61 
	-> 1 2 3 4 5 6 7 13 15 
Structure 438: 14 11 3 2 4 7 5 6 10 9 8 1 
	-> 1 2 3 4 5 6 7 8 9 10 11 14 
Structure 439: 14 11 3 2 4 7 5 6 10 9 8 1 
	-> 1 2 3 4 5 6 7 8 9 10 11 14 
Structure 440: 12 3 2 4 7 15 5 20 25 13 8 1 
	-> 1 2 3 4 5 7 8 12 13 15 
Structure 441: 12 3 2 4 15 5 6 13 16 17 1 
	-> 1 2 3 4 5 6 12 13 15 16 
Structure 442: 14 11 3 2 4 7 19 5 6 10 9 8 1 
	-> 1 2 3 4 5 6 7 8 9 10 11 14 
Structure 443: 12 3 2 4 7 15 5 13 16 17 1 
	-> 1 2 3 4 5 7 12 13 15 16 
Structure 444: 11 3 2 4 7 33 28 6 10 9 8 1 
	-> 1 2 3 4 6 7 8 9 10 11 
Structure 445: 14 11 3 2 4 7 5 6 10 9 8 1 
	-> 1 2 3 4 5 6 7 8 9 10 11 14 
Structure 446: 14 11 3 2 4 7 19 5 6 10 9 8 1 
	-> 1 2 3 4 5 6 7 8 9 10 11 14 
Structure 447: 21 81 3 2 4 7 110 29 10 9 8 1 
	-> 1 2 3 4 7 8 9 10 
Structure 448: 14 11 3 2 4 7 5 6 10 9 8 1 
	-> 1 2 3 4 5 6 7 8 9 10 11 14 
Structure 449: 11 22 3 2 4 19 5 6 10 9 8 1 
	-> 1 2 3 4 5 6 8 9 10 11 
Structure 450: 14 11 3 2 4 7 5 20 10 9 8 1 
	-> 1 2 3 4 5 7 8 9 10 11 14 
Structure 451: 14 11 3 2 4 7 5 27 6 10 9 8 1 
	-> 1 2 3 4 5 6 7 8 9 10 11 14 
Structure 452: 14 3 2 4 7 5 6 10 9 18 8 1 
	-> 1 2 3 4 5 6 7 8 9 10 14 
Structure 453: 12 23 3 2 4 5 20 6 13 24 16 17 1 
	-> 1 2 3 4 5 6 12 13 16 
Structure 454: 12 3 2 4 7 15 5 6 13 16 17 1 
	-> 1 2 3 4 5 6 7 12 13 15 16 
Structure 455: 12 73 74 75 172 90 125 49 50 48 173 37 34 35 8 1 
	-> 1 8 12 
Structure 456: 12 3 2 4 7 15 5 6 13 8 1 
	-> 1 2 3 4 5 6 7 8 12 13 15 
Structure 457: 14 11 3 2 4 7 5 20 10 9 8 1 
	-> 1 2 3 4 5 7 8 9 10 11 14 
Structure 458: 40 91 2 4 37 34 35 54 29 10 9 8 1 
	-> 1 2 4 8 9 10 
Structure 459: 14 11 3 2 4 7 5 6 10 9 8 1 
	-> 1 2 3 4 5 6 7 8 9 10 11 14 
Structure 460: 117 11 3 2 4 7 5 6 10 9 8 1 
	-> 1 2 3 4 5 6 7 8 9 10 11 
Structure 461: 12 3 2 4 15 5 6 13 16 17 1 
	-> 1 2 3 4 5 6 12 13 15 16 
Structure 462: 14 11 3 2 4 86 5 6 10 9 8 1 
	-> 1 2 3 4 5 6 8 9 10 11 14 
Structure 463: 11 3 2 4 7 5 6 10 9 8 1 
	-> 1 2 3 4 5 6 7 8 9 10 11 
Structure 464: 21 3 2 4 7 5 27 6 10 9 18 8 1 
	-> 1 2 3 4 5 6 7 8 9 10 
Structure 465: 11 3 2 4 7 5 6 10 9 8 1 
	-> 1 2 3 4 5 6 7 8 9 10 11 
Structure 466: 21 3 2 63 86 5 6 10 9 18 8 1 
	-> 1 2 3 5 6 8 9 10 
Structure 467: 14 11 3 2 4 5 6 10 9 8 1 
	-> 1 2 3 4 5 6 8 9 10 11 14 
Structure 468: 11 3 2 4 7 5 6 10 9 8 1 
	-> 1 2 3 4 5 6 7 8 9 10 11 
Structure 469: 12 3 2 4 7 15 5 6 13 16 17 31 1 
	-> 1 2 3 4 5 6 7 12 13 15 16 
Structure 470: 14 11 3 2 4 7 5 6 10 9 8 1 
	-> 1 2 3 4 5 6 7 8 9 10 11 14 
Structure 471: 12 3 2 4 7 42 5 6 13 16 1 
	-> 1 2 3 4 5 6 7 12 13 16 
Structure 472: 21 43 3 2 4 7 5 6 10 9 8 1 
	-> 1 2 3 4 5 6 7 8 9 10 
Structure 473: 12 3 2 4 7 15 5 6 13 16 17 1 
	-> 1 2 3 4 5 6 7 12 13 15 16 
Structure 474: 12 3 2 4 7 15 5 6 13 16 1 
	-> 1 2 3 4 5 6 7 12 13 15 16 
Structure 475: 14 11 3 30 2 4 5 6 10 9 18 8 1 
	-> 1 2 3 4 5 6 8 9 10 11 14 
Structure 476: 11 3 2 4 7 5 6 10 9 18 8 1 
	-> 1 2 3 4 5 6 7 8 9 10 11 
Structure 477: 14 11 3 2 4 7 5 6 10 9 8 1 
	-> 1 2 3 4 5 6 7 8 9 10 11 14 
Structure 478: 71 14 11 3 2 4 7 5 6 10 9 8 1 
	-> 1 2 3 4 5 6 7 8 9 10 11 14 
Structure 479: 14 11 3 2 4 5 6 10 9 8 1 
	-> 1 2 3 4 5 6 8 9 10 11 14 
Structure 480: 12 3 2 4 7 15 5 6 13 16 17 1 
	-> 1 2 3 4 5 6 7 12 13 15 16 
Structure 481: 11 3 2 4 7 5 6 10 9 8 1 
	-> 1 2 3 4 5 6 7 8 9 10 11 
Structure 482: 12 3 2 4 7 15 39 5 6 13 16 1 
	-> 1 2 3 4 5 6 7 12 13 15 16 
Structure 483: 14 11 3 2 4 7 5 6 10 9 8 1 
	-> 1 2 3 4 5 6 7 8 9 10 11 14 
Structure 484: 14 11 3 2 4 7 19 5 6 10 9 18 8 1 
	-> 1 2 3 4 5 6 7 8 9 10 11 14 
Structure 485: 12 3 2 4 7 15 39 5 6 13 8 1 
	-> 1 2 3 4 5 6 7 8 12 13 15 
Structure 486: 12 3 2 4 7 15 33 113 6 13 8 1 
	-> 1 2 3 4 6 7 8 12 13 15 
Structure 487: 11 3 2 4 5 6 45 10 9 82 1 
	-> 1 2 3 4 5 6 9 10 11 
Structure 488: 14 11 3 2 4 7 5 6 10 9 8 1 
	-> 1 2 3 4 5 6 7 8 9 10 11 14 
Structure 489: 11 3 2 4 7 5 6 10 9 8 1 
	-> 1 2 3 4 5 6 7 8 9 10 11 
Structure 490: 12 57 3 2 4 7 15 5 6 13 16 1 
	-> 1 2 3 4 5 6 7 12 13 15 16 
Structure 491: 11 3 2 4 7 5 6 10 9 8 1 
	-> 1 2 3 4 5 6 7 8 9 10 11 
Structure 492: 12 3 2 4 7 5 6 13 24 16 17 1 
	-> 1 2 3 4 5 6 7 12 13 16 
Structure 493: 14 11 3 2 4 7 5 6 10 9 8 1 
	-> 1 2 3 4 5 6 7 8 9 10 11 14 
Structure 494: 12 52 3 2 4 7 15 5 20 13 16 17 1 
	-> 1 2 3 4 5 7 12 13 15 16 
Structure 495: 14 11 3 2 4 7 19 5 6 10 9 18 8 1 
	-> 1 2 3 4 5 6 7 8 9 10 11 14 
Structure 496: 12 3 2 4 7 15 5 6 13 8 1 
	-> 1 2 3 4 5 6 7 8 12 13 15 
Structure 497: 11 22 3 2 4 7 5 6 10 9 8 1 
	-> 1 2 3 4 5 6 7 8 9 10 11 
Structure 498: 12 3 2 4 15 5 20 25 13 16 17 1 
	-> 1 2 3 4 5 12 13 15 16 
Structure 499: 11 3 2 4 5 6 10 9 8 1 
	-> 1 2 3 4 5 6 8 9 10 11 
Structure 500: 12 3 2 4 7 15 5 6 13 8 1 
	-> 1 2 3 4 5 6 7 8 12 13 15 
Structure 501: 11 3 2 4 5 6 10 9 103 8 1 
	-> 1 2 3 4 5 6 8 9 10 11 
Structure 502: 11 57 3 2 4 7 5 27 6 10 9 8 26 1 
	-> 1 2 3 4 5 6 7 8 9 10 11 
Structure 503: 11 3 2 4 7 5 6 83 10 9 8 1 
	-> 1 2 3 4 5 6 7 8 9 10 11 
Structure 504: 126 21 23 3 2 4 7 5 6 10 9 8 1 
	-> 1 2 3 4 5 6 7 8 9 10 
Structure 505: 14 11 22 3 2 4 7 5 6 10 9 58 8 1 
	-> 1 2 3 4 5 6 7 8 9 10 11 14 
Structure 506: 14 11 3 2 38 4 7 5 6 10 9 8 1 
	-> 1 2 3 4 5 6 7 8 9 10 11 14 
Structure 507: 14 11 3 2 4 7 5 27 6 10 9 85 26 1 
	-> 1 2 3 4 5 6 7 9 10 11 14 
Structure 508: 78 11 3 2 4 7 5 6 10 9 8 1 
	-> 1 2 3 4 5 6 7 8 9 10 11 
Structure 509: 12 116 3 2 4 7 19 5 6 13 16 1 
	-> 1 2 3 4 5 6 7 12 13 16 
Structure 510: 14 11 3 2 4 7 5 6 10 9 58 18 8 1 
	-> 1 2 3 4 5 6 7 8 9 10 11 14 
Structure 511: 12 3 2 4 7 15 5 6 13 8 1 
	-> 1 2 3 4 5 6 7 8 12 13 15 
Structure 512: 12 3 2 4 7 15 5 6 13 16 26 1 
	-> 1 2 3 4 5 6 7 12 13 15 16 
Structure 513: 12 3 2 4 7 5 6 13 24 16 1 
	-> 1 2 3 4 5 6 7 12 13 16 
Structure 514: 11 3 2 4 7 5 6 10 9 18 8 1 
	-> 1 2 3 4 5 6 7 8 9 10 11 
Structure 515: 14 11 3 2 4 7 5 6 10 9 8 1 
	-> 1 2 3 4 5 6 7 8 9 10 11 14 
Structure 516: 12 3 2 4 7 15 5 6 13 17 1 
	-> 1 2 3 4 5 6 7 12 13 15 
Structure 517: 12 3 2 4 7 15 5 6 13 8 1 
	-> 1 2 3 4 5 6 7 8 12 13 15 
Structure 518: 12 3 2 4 7 127 60 5 6 13 1 
	-> 1 2 3 4 5 6 7 12 13 
Structure 519: 68 11 3 2 4 7 5 6 10 9 8 1 
	-> 1 2 3 4 5 6 7 8 9 10 11 
Structure 520: 11 3 2 4 5 6 10 9 8 1 
	-> 1 2 3 4 5 6 8 9 10 11 
Structure 521: 11 3 2 4 7 5 6 10 9 8 1 
	-> 1 2 3 4 5 6 7 8 9 10 11 
Structure 522: 11 3 2 4 7 5 6 45 10 9 8 1 
	-> 1 2 3 4 5 6 7 8 9 10 11 
Structure 523: 174 11 3 2 4 7 5 6 10 9 8 1 
	-> 1 2 3 4 5 6 7 8 9 10 11 
Structure 524: 12 3 2 4 7 15 5 6 13 8 1 
	-> 1 2 3 4 5 6 7 8 12 13 15 
Structure 525: 12 23 22 3 2 4 7 5 6 13 24 16 1 
	-> 1 2 3 4 5 6 7 12 13 16 
Structure 526: 14 11 3 2 4 7 5 20 10 9 8 1 
	-> 1 2 3 4 5 7 8 9 10 11 14 
Structure 527: 14 11 3 2 4 7 5 6 10 9 8 1 
	-> 1 2 3 4 5 6 7 8 9 10 11 14 
Structure 528: 14 11 3 2 4 7 5 6 10 9 18 8 31 1 
	-> 1 2 3 4 5 6 7 8 9 10 11 14 
Structure 529: 14 11 3 79 2 4 7 5 6 10 9 8 1 
	-> 1 2 3 4 5 6 7 8 9 10 11 14 
Structure 530: 12 3 2 4 7 5 44 6 13 65 24 16 1 
	-> 1 2 3 4 5 6 7 12 13 16 
Structure 531: 14 11 3 2 4 5 6 10 9 18 8 1 
	-> 1 2 3 4 5 6 8 9 10 11 14 
Structure 532: 12 3 2 4 7 15 5 20 13 16 1 
	-> 1 2 3 4 5 7 12 13 15 16 
Structure 533: 175 176 2 4 7 37 34 35 29 10 9 18 8 1 
	-> 1 2 4 7 8 9 10 
Structure 534: 12 3 2 4 7 5 6 13 16 1 
	-> 1 2 3 4 5 6 7 12 13 16 
Structure 535: 12 3 2 4 7 15 5 6 13 8 1 
	-> 1 2 3 4 5 6 7 8 12 13 15 
Structure 536: 14 11 3 2 4 7 5 6 10 9 8 1 
	-> 1 2 3 4 5 6 7 8 9 10 11 14 
Structure 537: 12 3 2 4 7 5 6 13 16 1 
	-> 1 2 3 4 5 6 7 12 13 16 
Structure 538: 14 11 3 2 4 7 5 6 10 9 18 8 1 
	-> 1 2 3 4 5 6 7 8 9 10 11 14 
Structure 539: 11 3 30 2 4 7 19 5 6 10 9 18 8 1 
	-> 1 2 3 4 5 6 7 8 9 10 11 
Structure 540: 14 11 3 2 4 7 5 6 10 9 8 1 
	-> 1 2 3 4 5 6 7 8 9 10 11 14 
Structure 541: 36 11 3 2 4 7 5 6 10 9 8 1 
	-> 1 2 3 4 5 6 7 8 9 10 11 
Structure 542: 14 11 3 2 4 7 5 6 10 9 8 1 
	-> 1 2 3 4 5 6 7 8 9 10 11 14 
Structure 543: 14 11 3 2 4 7 5 6 10 9 8 1 
	-> 1 2 3 4 5 6 7 8 9 10 11 14 
Structure 544: 12 3 2 4 7 77 5 6 13 16 17 1 
	-> 1 2 3 4 5 6 7 12 13 16 
Structure 545: 12 114 3 2 4 7 5 6 13 16 17 1 
	-> 1 2 3 4 5 6 7 12 13 16 
Structure 546: 14 11 3 2 4 7 5 6 10 9 18 8 1 
	-> 1 2 3 4 5 6 7 8 9 10 11 14 
Structure 547: 14 11 3 2 4 7 5 20 25 10 9 8 1 
	-> 1 2 3 4 5 7 8 9 10 11 14 
Structure 548: 14 11 3 2 4 7 5 6 10 9 18 8 1 
	-> 1 2 3 4 5 6 7 8 9 10 11 14 
Structure 549: 12 3 2 4 7 15 5 6 13 8 1 
	-> 1 2 3 4 5 6 7 8 12 13 15 
Structure 550: 12 3 2 4 7 15 5 20 13 16 93 26 1 
	-> 1 2 3 4 5 7 12 13 15 16 
Structure 551: 21 3 2 4 7 5 20 25 10 9 8 1 
	-> 1 2 3 4 5 7 8 9 10 
Structure 552: 12 3 2 4 15 5 6 13 16 17 1 
	-> 1 2 3 4 5 6 12 13 15 16 
Structure 553: 32 3 2 4 7 104 70 29 10 9 8 1 
	-> 1 2 3 4 7 8 9 10 
Structure 554: 12 3 2 4 7 15 39 5 6 13 16 1 
	-> 1 2 3 4 5 6 7 12 13 15 16 
Structure 555: 51 11 3 2 4 7 19 5 6 10 9 18 8 31 1 
	-> 1 2 3 4 5 6 7 8 9 10 11 
Structure 556: 12 3 2 4 7 15 5 6 13 8 1 
	-> 1 2 3 4 5 6 7 8 12 13 15 
Structure 557: 68 11 3 2 4 7 5 6 10 9 8 1 
	-> 1 2 3 4 5 6 7 8 9 10 11 
Structure 558: 11 3 2 4 7 5 6 10 9 8 1 
	-> 1 2 3 4 5 6 7 8 9 10 11 
Structure 559: 12 3 2 4 7 15 5 20 25 13 8 1 
	-> 1 2 3 4 5 7 8 12 13 15 
Structure 560: 14 11 3 2 4 5 6 10 9 8 1 
	-> 1 2 3 4 5 6 8 9 10 11 14 
Structure 561: 12 67 30 2 4 7 15 5 20 25 13 16 17 1 
	-> 1 2 4 5 7 12 13 15 16 
Structure 562: 14 11 3 2 4 5 20 25 10 9 8 1 
	-> 1 2 3 4 5 8 9 10 11 14 
Structure 563: 14 11 3 2 4 7 5 6 10 9 8 1 
	-> 1 2 3 4 5 6 7 8 9 10 11 14 
Structure 564: 14 11 3 2 4 5 6 10 9 18 8 1 
	-> 1 2 3 4 5 6 8 9 10 11 14 
Structure 565: 12 3 2 4 7 15 5 6 13 8 1 
	-> 1 2 3 4 5 6 7 8 12 13 15 
Structure 566: 14 11 3 2 4 19 5 20 10 9 18 8 1 
	-> 1 2 3 4 5 8 9 10 11 14 
Structure 567: 12 3 2 4 7 15 5 6 13 8 1 
	-> 1 2 3 4 5 6 7 8 12 13 15 
Structure 568: 12 3 2 4 7 15 5 6 13 8 1 
	-> 1 2 3 4 5 6 7 8 12 13 15 
Structure 569: 21 23 3 2 4 7 5 6 10 9 18 8 1 
	-> 1 2 3 4 5 6 7 8 9 10 
Structure 570: 14 11 3 2 4 7 5 20 25 10 9 8 1 
	-> 1 2 3 4 5 7 8 9 10 11 14 
Structure 571: 12 3 2 4 7 5 6 13 8 1 
	-> 1 2 3 4 5 6 7 8 12 13 
Structure 572: 12 3 2 4 7 15 5 6 13 16 1 
	-> 1 2 3 4 5 6 7 12 13 15 16 
Structure 573: 177 11 3 2 4 7 5 6 10 9 8 1 
	-> 1 2 3 4 5 6 7 8 9 10 11 
Structure 574: 14 11 3 2 4 5 6 10 9 8 1 
	-> 1 2 3 4 5 6 8 9 10 11 14 
Structure 575: 12 14 11 3 2 4 7 5 6 10 9 8 1 
	-> 1 2 3 4 5 6 7 8 9 10 11 12 14 
Structure 576: 14 11 3 2 4 7 5 6 10 9 8 1 
	-> 1 2 3 4 5 6 7 8 9 10 11 14 
Structure 577: 11 3 2 4 5 6 10 9 8 1 
	-> 1 2 3 4 5 6 8 9 10 11 
Structure 578: 21 99 3 2 4 7 19 5 20 25 10 9 18 8 1 
	-> 1 2 3 4 5 7 8 9 10 
Structure 579: 12 3 2 4 7 15 5 6 13 16 17 1 
	-> 1 2 3 4 5 6 7 12 13 15 16 
Structure 580: 14 11 3 2 4 7 5 6 10 9 8 1 
	-> 1 2 3 4 5 6 7 8 9 10 11 14 
Structure 581: 14 11 3 2 4 5 20 10 9 8 1 
	-> 1 2 3 4 5 8 9 10 11 14 
Structure 582: 14 11 3 2 4 5 44 6 10 9 8 1 
	-> 1 2 3 4 5 6 8 9 10 11 14 
Structure 583: 21 3 2 4 7 5 27 6 10 9 8 1 
	-> 1 2 3 4 5 6 7 8 9 10 
Structure 584: 14 11 3 2 4 7 5 6 10 9 8 1 
	-> 1 2 3 4 5 6 7 8 9 10 11 14 
Structure 585: 14 11 3 2 4 7 5 6 10 9 18 8 31 1 
	-> 1 2 3 4 5 6 7 8 9 10 11 14 
Structure 586: 12 3 2 4 42 5 6 13 24 16 1 
	-> 1 2 3 4 5 6 12 13 16 
Structure 587: 14 11 3 2 4 7 5 6 10 9 8 1 
	-> 1 2 3 4 5 6 7 8 9 10 11 14 
Structure 588: 12 3 2 4 15 5 6 13 8 1 
	-> 1 2 3 4 5 6 8 12 13 15 
Structure 589: 40 3 2 4 7 46 59 54 29 10 9 8 1 
	-> 1 2 3 4 7 8 9 10 
Structure 590: 12 3 2 4 7 15 5 6 13 8 1 
	-> 1 2 3 4 5 6 7 8 12 13 15 
Structure 591: 12 3 2 4 15 5 6 13 8 1 
	-> 1 2 3 4 5 6 8 12 13 15 
Structure 592: 12 3 2 4 15 5 6 13 16 1 
	-> 1 2 3 4 5 6 12 13 15 16 
Structure 593: 21 3 2 4 118 5 6 10 9 8 1 
	-> 1 2 3 4 5 6 8 9 10 
Structure 594: 36 11 3 2 4 7 19 5 6 10 9 18 8 1 
	-> 1 2 3 4 5 6 7 8 9 10 11 
Structure 595: 76 11 3 2 4 5 6 10 9 8 1 
	-> 1 2 3 4 5 6 8 9 10 11 
Structure 596: 21 3 2 4 7 19 5 6 10 9 8 1 
	-> 1 2 3 4 5 6 7 8 9 10 
Structure 597: 12 11 3 2 4 7 5 6 10 9 8 1 
	-> 1 2 3 4 5 6 7 8 9 10 11 12 
Structure 598: 12 3 2 4 7 15 5 6 13 16 17 1 
	-> 1 2 3 4 5 6 7 12 13 15 16 
Structure 599: 11 3 2 4 7 5 6 10 9 8 1 
	-> 1 2 3 4 5 6 7 8 9 10 11 
Structure 600: 12 52 3 2 4 7 15 5 6 13 8 1 
	-> 1 2 3 4 5 6 7 8 12 13 15 
Structure 601: 11 3 2 4 5 6 10 9 8 1 
	-> 1 2 3 4 5 6 8 9 10 11 
Structure 602: 14 11 3 2 4 5 6 10 9 8 1 
	-> 1 2 3 4 5 6 8 9 10 11 14 
Structure 603: 12 3 2 4 7 15 5 20 25 13 8 1 
	-> 1 2 3 4 5 7 8 12 13 15 
Structure 604: 14 11 3 2 4 7 5 28 6 10 9 18 8 1 
	-> 1 2 3 4 5 6 7 8 9 10 11 14 
Structure 605: 14 11 3 2 4 7 5 6 10 9 8 1 
	-> 1 2 3 4 5 6 7 8 9 10 11 14 
Structure 606: 14 11 3 2 4 7 5 6 10 9 8 1 
	-> 1 2 3 4 5 6 7 8 9 10 11 14 
Structure 607: 11 3 2 4 7 5 6 10 9 8 1 
	-> 1 2 3 4 5 6 7 8 9 10 11 
Structure 608: 12 3 2 4 7 15 5 20 25 13 16 17 1 
	-> 1 2 3 4 5 7 12 13 15 16 
Structure 609: 12 3 2 4 7 15 5 6 13 8 1 
	-> 1 2 3 4 5 6 7 8 12 13 15 
Structure 610: 14 11 3 2 4 7 5 6 10 9 8 1 
	-> 1 2 3 4 5 6 7 8 9 10 11 14 
Structure 611: 36 12 3 2 4 7 15 5 6 13 1 
	-> 1 2 3 4 5 6 7 12 13 15 
Structure 612: 12 73 74 75 90 125 178 179 48 37 34 35 8 1 
	-> 1 8 12 
Structure 613: 12 3 2 4 7 15 5 6 13 8 1 
	-> 1 2 3 4 5 6 7 8 12 13 15 
Structure 614: 12 3 2 4 7 15 5 6 13 16 17 1 
	-> 1 2 3 4 5 6 7 12 13 15 16 
Structure 615: 11 3 2 4 5 6 10 9 8 1 
	-> 1 2 3 4 5 6 8 9 10 11 
Structure 616: 36 12 3 2 4 15 19 5 6 13 16 17 1 
	-> 1 2 3 4 5 6 12 13 15 16 
Structure 617: 36 11 3 2 4 7 5 6 10 9 8 1 
	-> 1 2 3 4 5 6 7 8 9 10 11 
Structure 618: 12 3 2 4 7 121 5 6 13 180 8 1 
	-> 1 2 3 4 5 6 7 8 12 13 
Structure 619: 12 3 2 4 7 15 5 6 13 16 17 1 
	-> 1 2 3 4 5 6 7 12 13 15 16 
Structure 620: 12 3 2 4 7 15 33 28 6 13 8 1 
	-> 1 2 3 4 6 7 8 12 13 15 
Structure 621: 12 3 2 4 7 15 41 5 6 13 16 17 1 
	-> 1 2 3 4 5 6 7 12 13 15 16 
Structure 622: 12 43 3 2 4 7 60 5 6 13 17 1 
	-> 1 2 3 4 5 6 7 12 13 
Structure 623: 11 3 2 4 7 5 27 6 10 9 8 1 
	-> 1 2 3 4 5 6 7 8 9 10 11 
Structure 624: 12 3 2 4 15 5 6 13 16 17 31 1 
	-> 1 2 3 4 5 6 12 13 15 16 
Structure 625: 12 3 2 4 15 5 6 13 16 1 
	-> 1 2 3 4 5 6 12 13 15 16 
Structure 626: 14 11 3 79 2 4 7 5 6 10 9 8 1 
	-> 1 2 3 4 5 6 7 8 9 10 11 14 
Structure 627: 11 3 2 4 7 5 27 6 10 9 8 1 
	-> 1 2 3 4 5 6 7 8 9 10 11 
Structure 628: 14 11 3 30 2 4 7 33 28 6 10 9 8 1 
	-> 1 2 3 4 6 7 8 9 10 11 14 
Structure 629: 21 23 22 3 2 4 7 5 6 10 9 8 26 1 
	-> 1 2 3 4 5 6 7 8 9 10 
Structure 630: 12 181 3 2 4 7 15 5 6 13 1 122 
	-> 1 2 3 4 5 6 7 12 13 15 
Structure 631: 95 3 2 4 7 19 5 6 10 9 8 1 
	-> 1 2 3 4 5 6 7 8 9 10 
Structure 632: 14 11 3 2 4 7 5 6 10 9 8 1 
	-> 1 2 3 4 5 6 7 8 9 10 11 14 
Structure 633: 11 3 2 4 7 69 5 6 10 9 8 1 
	-> 1 2 3 4 5 6 7 8 9 10 11 
Structure 634: 51 11 3 30 2 4 7 5 20 10 9 18 8 1 
	-> 1 2 3 4 5 7 8 9 10 11 
Structure 635: 12 3 2 4 7 15 5 6 13 105 1 128 
	-> 1 2 3 4 5 6 7 12 13 15 
Structure 636: 11 3 2 4 7 5 6 10 9 8 1 
	-> 1 2 3 4 5 6 7 8 9 10 11 
Structure 637: 12 3 2 4 7 15 5 6 13 8 1 
	-> 1 2 3 4 5 6 7 8 12 13 15 
Structure 638: 12 3 2 4 15 5 6 13 8 1 
	-> 1 2 3 4 5 6 8 12 13 15 
Structure 639: 14 11 3 2 4 7 5 6 10 9 8 1 
	-> 1 2 3 4 5 6 7 8 9 10 11 14 
Structure 640: 11 3 2 4 7 5 6 10 9 8 1 
	-> 1 2 3 4 5 6 7 8 9 10 11 
Structure 641: 14 11 3 2 4 7 5 6 10 9 8 1 
	-> 1 2 3 4 5 6 7 8 9 10 11 14 
Structure 642: 21 3 2 4 7 19 5 6 10 9 18 8 1 
	-> 1 2 3 4 5 6 7 8 9 10 
Structure 643: 14 11 3 2 4 5 6 10 9 8 1 
	-> 1 2 3 4 5 6 8 9 10 11 14 
Structure 644: 12 3 2 63 15 19 5 6 13 16 26 1 
	-> 1 2 3 5 6 12 13 15 16 
Structure 645: 12 3 2 4 7 42 5 6 13 16 17 1 
	-> 1 2 3 4 5 6 7 12 13 16 
Structure 646: 21 3 2 4 7 19 5 20 10 9 8 1 
	-> 1 2 3 4 5 7 8 9 10 
Structure 647: 12 3 56 38 4 7 15 5 6 13 8 1 
	-> 1 3 4 5 6 7 8 12 13 15 
Structure 648: 14 11 22 3 2 4 5 6 10 9 8 1 
	-> 1 2 3 4 5 6 8 9 10 11 14 
Structure 649: 12 3 182 2 4 7 15 5 6 13 16 17 1 
	-> 1 2 3 4 5 6 7 12 13 15 16 
Structure 650: 14 11 3 30 2 4 7 5 6 10 9 8 1 
	-> 1 2 3 4 5 6 7 8 9 10 11 14 
Structure 651: 32 183 23 22 3 2 4 7 6 29 10 9 18 8 1 
	-> 1 2 3 4 6 7 8 9 10 
Structure 652: 76 14 11 3 2 4 7 5 6 10 9 8 1 
	-> 1 2 3 4 5 6 7 8 9 10 11 14 
Structure 653: 12 3 2 4 5 6 13 24 16 26 1 
	-> 1 2 3 4 5 6 12 13 16 
Structure 654: 11 3 2 4 5 6 10 9 8 1 
	-> 1 2 3 4 5 6 8 9 10 11 
Structure 655: 12 11 3 2 4 7 5 6 10 9 8 1 
	-> 1 2 3 4 5 6 7 8 9 10 11 12 
Structure 656: 80 14 11 3 2 4 7 5 6 10 9 8 1 
	-> 1 2 3 4 5 6 7 8 9 10 11 14 
Structure 657: 11 3 2 4 5 27 6 10 9 8 1 
	-> 1 2 3 4 5 6 8 9 10 11 
Structure 658: 21 23 3 2 4 7 5 6 10 9 8 1 
	-> 1 2 3 4 5 6 7 8 9 10 
Structure 659: 14 11 3 2 4 7 5 27 6 10 9 66 8 1 
	-> 1 2 3 4 5 6 7 8 9 10 11 14 
Structure 660: 14 11 3 2 4 7 5 6 10 9 8 1 
	-> 1 2 3 4 5 6 7 8 9 10 11 14 
Structure 661: 12 3 2 4 7 15 5 20 13 16 1 
	-> 1 2 3 4 5 7 12 13 15 16 
Structure 662: 14 11 3 2 4 7 5 6 10 9 8 1 
	-> 1 2 3 4 5 6 7 8 9 10 11 14 
Structure 663: 12 43 3 2 4 60 5 6 13 8 1 61 
	-> 1 2 3 4 5 6 8 12 13 
Structure 664: 14 11 3 2 4 7 5 6 184 10 9 8 1 
	-> 1 2 3 4 5 6 7 8 9 10 11 14 
Structure 665: 14 11 3 2 4 7 5 6 10 9 8 1 
	-> 1 2 3 4 5 6 7 8 9 10 11 14 
Structure 666: 11 3 2 4 7 5 6 10 9 8 1 
	-> 1 2 3 4 5 6 7 8 9 10 11 
Structure 667: 14 11 3 2 4 5 20 10 9 8 1 
	-> 1 2 3 4 5 8 9 10 11 14 
Structure 668: 21 3 2 4 7 19 5 6 10 9 18 8 1 
	-> 1 2 3 4 5 6 7 8 9 10 
Structure 669: 12 3 2 4 15 5 6 13 16 17 1 
	-> 1 2 3 4 5 6 12 13 15 16 
Structure 670: 12 3 2 4 7 15 5 6 13 8 1 
	-> 1 2 3 4 5 6 7 8 12 13 15 
Structure 671: 12 3 2 4 7 15 39 5 6 13 8 1 
	-> 1 2 3 4 5 6 7 8 12 13 15 
Structure 672: 12 23 22 3 2 4 7 5 6 13 24 16 26 1 
	-> 1 2 3 4 5 6 7 12 13 16 
Structure 673: 14 11 3 2 4 7 5 6 10 9 18 8 1 
	-> 1 2 3 4 5 6 7 8 9 10 11 14 
Structure 674: 12 3 2 4 7 15 5 6 13 8 1 
	-> 1 2 3 4 5 6 7 8 12 13 15 
Structure 675: 32 62 57 3 2 4 7 19 5 6 10 9 8 1 
	-> 1 2 3 4 5 6 7 8 9 10 
Structure 676: 89 11 3 2 4 7 5 6 10 9 8 93 26 1 
	-> 1 2 3 4 5 6 7 8 9 10 11 
Structure 677: 11 3 2 4 7 5 27 6 10 9 8 1 
	-> 1 2 3 4 5 6 7 8 9 10 11 
Structure 678: 11 3 2 4 19 5 6 10 9 8 1 
	-> 1 2 3 4 5 6 8 9 10 11 
Structure 679: 12 3 2 4 7 15 5 6 13 8 1 
	-> 1 2 3 4 5 6 7 8 12 13 15 
Structure 680: 12 3 2 4 7 15 5 6 13 1 
	-> 1 2 3 4 5 6 7 12 13 15 
Structure 681: 11 3 2 4 5 6 10 9 18 8 1 
	-> 1 2 3 4 5 6 8 9 10 11 
Structure 682: 12 23 3 2 4 7 5 6 13 8 1 
	-> 1 2 3 4 5 6 7 8 12 13 
Structure 683: 14 11 3 2 4 5 6 10 9 8 1 
	-> 1 2 3 4 5 6 8 9 10 11 14 
Structure 684: 12 3 2 4 7 15 5 20 13 8 1 
	-> 1 2 3 4 5 7 8 12 13 15 
Structure 685: 11 3 2 4 7 5 6 10 9 8 1 
	-> 1 2 3 4 5 6 7 8 9 10 11 
Structure 686: 12 3 2 4 7 15 5 6 13 16 47 26 1 
	-> 1 2 3 4 5 6 7 12 13 15 16 
Structure 687: 21 22 3 2 4 7 19 5 88 10 9 8 1 
	-> 1 2 3 4 5 7 8 9 10 
Structure 688: 12 3 2 4 15 5 27 6 13 8 1 
	-> 1 2 3 4 5 6 8 12 13 15 
Structure 689: 12 3 2 4 7 15 5 6 13 8 1 
	-> 1 2 3 4 5 6 7 8 12 13 15 
Structure 690: 14 11 3 2 4 5 27 6 10 9 8 1 
	-> 1 2 3 4 5 6 8 9 10 11 14 
Structure 691: 12 3 2 4 7 15 5 6 13 16 1 
	-> 1 2 3 4 5 6 7 12 13 15 16 
Structure 692: 14 11 3 2 4 19 5 28 6 10 9 8 1 
	-> 1 2 3 4 5 6 8 9 10 11 14 
Structure 693: 12 3 2 4 7 15 5 6 13 16 17 1 
	-> 1 2 3 4 5 6 7 12 13 15 16 
Structure 694: 12 3 2 4 7 15 39 5 6 13 16 17 1 
	-> 1 2 3 4 5 6 7 12 13 15 16 
Structure 695: 11 3 2 4 7 5 6 111 10 9 18 8 1 
	-> 1 2 3 4 5 6 7 8 9 10 11 
Structure 696: 14 11 3 2 4 5 6 10 9 8 1 
	-> 1 2 3 4 5 6 8 9 10 11 14 
Structure 697: 12 3 2 4 7 15 39 5 6 13 8 1 
	-> 1 2 3 4 5 6 7 8 12 13 15 
Structure 698: 14 11 3 2 4 7 5 6 10 9 185 119 1 
	-> 1 2 3 4 5 6 7 9 10 11 14 
Structure 699: 12 3 2 4 7 15 5 6 13 16 17 1 
	-> 1 2 3 4 5 6 7 12 13 15 16 
Structure 700: 11 3 2 4 7 5 6 45 10 9 8 1 
	-> 1 2 3 4 5 6 7 8 9 10 11 
Structure 701: 89 11 3 2 4 7 5 6 10 9 8 1 
	-> 1 2 3 4 5 6 7 8 9 10 11 
Structure 702: 12 3 2 4 7 186 5 6 13 8 1 
	-> 1 2 3 4 5 6 7 8 12 13 
Structure 703: 14 11 3 2 4 7 5 6 10 9 8 1 
	-> 1 2 3 4 5 6 7 8 9 10 11 14 
Structure 704: 12 3 2 4 7 15 5 6 13 8 1 
	-> 1 2 3 4 5 6 7 8 12 13 15 
Structure 705: 12 3 2 4 7 15 5 6 13 8 1 
	-> 1 2 3 4 5 6 7 8 12 13 15 
Structure 706: 71 21 23 22 3 2 4 7 5 6 10 9 8 1 
	-> 1 2 3 4 5 6 7 8 9 10 
Structure 707: 11 3 2 4 7 5 6 10 9 18 8 1 
	-> 1 2 3 4 5 6 7 8 9 10 11 
Structure 708: 76 11 3 2 4 5 6 10 9 58 18 8 1 
	-> 1 2 3 4 5 6 8 9 10 11 
Structure 709: 12 3 2 4 77 5 6 13 24 8 1 
	-> 1 2 3 4 5 6 8 12 13 
Structure 710: 21 3 2 4 7 69 33 28 6 10 9 8 1 
	-> 1 2 3 4 6 7 8 9 10 
Structure 711: 14 11 3 2 4 7 5 6 10 9 8 1 
	-> 1 2 3 4 5 6 7 8 9 10 11 14 
Structure 712: 21 23 22 3 2 4 7 5 20 10 9 8 1 
	-> 1 2 3 4 5 7 8 9 10 
Structure 713: 11 3 2 4 5 6 10 9 8 1 
	-> 1 2 3 4 5 6 8 9 10 11 
Structure 714: 12 52 3 2 4 7 15 5 6 13 8 1 
	-> 1 2 3 4 5 6 7 8 12 13 15 
Structure 715: 14 11 3 2 4 7 5 6 10 9 8 26 1 
	-> 1 2 3 4 5 6 7 8 9 10 11 14 
Structure 716: 14 11 3 2 4 7 5 6 10 9 8 1 
	-> 1 2 3 4 5 6 7 8 9 10 11 14 
Structure 717: 12 3 2 4 7 15 5 6 13 8 1 
	-> 1 2 3 4 5 6 7 8 12 13 15 
Structure 718: 11 3 2 4 7 5 6 10 9 8 1 
	-> 1 2 3 4 5 6 7 8 9 10 11 
Structure 719: 80 11 3 2 4 7 5 6 10 9 8 26 1 
	-> 1 2 3 4 5 6 7 8 9 10 11 
Structure 720: 12 3 2 4 15 5 6 13 8 1 
	-> 1 2 3 4 5 6 8 12 13 15 
Structure 721: 14 11 3 2 4 7 5 6 10 9 8 1 
	-> 1 2 3 4 5 6 7 8 9 10 11 14 
Structure 722: 11 3 2 4 7 5 6 10 9 18 8 1 
	-> 1 2 3 4 5 6 7 8 9 10 11 
Structure 723: 14 11 3 2 4 7 5 6 10 9 18 8 1 
	-> 1 2 3 4 5 6 7 8 9 10 11 14 
Structure 724: 12 3 2 4 7 15 39 5 27 6 13 16 17 1 
	-> 1 2 3 4 5 6 7 12 13 15 16 
Structure 725: 14 11 22 3 2 4 7 5 6 10 9 8 187 1 
	-> 1 2 3 4 5 6 7 8 9 10 11 14 
Structure 726: 12 188 189 124 55 49 50 48 37 34 35 13 16 31 1 
	-> 1 12 13 16 
Structure 727: 11 22 3 2 4 5 6 10 9 8 1 
	-> 1 2 3 4 5 6 8 9 10 11 
Structure 728: 12 3 2 4 7 5 6 13 24 16 17 1 
	-> 1 2 3 4 5 6 7 12 13 16 
Structure 729: 12 3 2 4 7 15 5 6 13 8 31 1 
	-> 1 2 3 4 5 6 7 8 12 13 15 
Structure 730: 32 11 3 2 4 7 5 6 10 9 8 1 
	-> 1 2 3 4 5 6 7 8 9 10 11 
Structure 731: 11 22 3 2 4 7 5 6 10 9 8 1 
	-> 1 2 3 4 5 6 7 8 9 10 11 
Structure 732: 11 3 2 4 7 5 6 10 9 8 1 
	-> 1 2 3 4 5 6 7 8 9 10 11 
Structure 733: 190 191 23 22 3 2 4 7 72 29 10 9 8 1 
	-> 1 2 3 4 7 8 9 10 
Structure 734: 12 73 192 74 75 90 55 49 50 48 37 34 35 8 1 
	-> 1 8 12 
Structure 735: 12 23 22 3 2 4 7 5 6 13 193 18 8 1 
	-> 1 2 3 4 5 6 7 8 12 13 
Structure 736: 12 3 2 4 7 15 5 6 13 16 17 1 
	-> 1 2 3 4 5 6 7 12 13 15 16 
Structure 737: 12 3 2 4 7 15 5 6 13 8 1 
	-> 1 2 3 4 5 6 7 8 12 13 15 
Structure 738: 11 3 2 4 7 5 6 10 9 8 1 
	-> 1 2 3 4 5 6 7 8 9 10 11 
Structure 739: 80 11 57 3 2 4 19 5 6 10 9 8 1 
	-> 1 2 3 4 5 6 8 9 10 11 
Structure 740: 11 3 2 4 5 20 25 10 9 8 1 
	-> 1 2 3 4 5 8 9 10 11 
Structure 741: 12 3 2 4 7 15 5 6 13 16 1 
	-> 1 2 3 4 5 6 7 12 13 15 16 
Structure 742: 11 3 2 4 7 5 6 10 9 8 1 
	-> 1 2 3 4 5 6 7 8 9 10 11 
Structure 743: 14 11 3 2 4 7 5 6 10 9 8 1 
	-> 1 2 3 4 5 6 7 8 9 10 11 14 
Structure 744: 14 11 3 2 4 7 5 6 10 9 8 1 
	-> 1 2 3 4 5 6 7 8 9 10 11 14 
Structure 745: 14 11 3 2 4 64 5 6 10 9 8 1 
	-> 1 2 3 4 5 6 8 9 10 11 14 
Structure 746: 21 23 22 3 2 4 7 5 27 6 10 9 8 1 
	-> 1 2 3 4 5 6 7 8 9 10 
Structure 747: 40 3 2 4 7 46 59 72 29 10 9 8 26 1 
	-> 1 2 3 4 7 8 9 10 
Structure 748: 102 11 3 2 4 7 5 6 10 9 18 8 1 
	-> 1 2 3 4 5 6 7 8 9 10 11 
Structure 749: 12 3 2 4 7 15 5 6 13 8 1 
	-> 1 2 3 4 5 6 7 8 12 13 15 
Structure 750: 11 3 2 4 5 6 10 9 8 1 
	-> 1 2 3 4 5 6 8 9 10 11 
Structure 751: 12 3 2 4 92 194 13 8 1 
	-> 1 2 3 4 8 12 13 
Structure 752: 12 23 22 3 2 4 7 5 6 13 24 16 17 1 
	-> 1 2 3 4 5 6 7 12 13 16 
Structure 753: 12 3 2 4 7 15 5 6 13 8 1 
	-> 1 2 3 4 5 6 7 8 12 13 15 
Structure 754: 14 11 3 2 4 7 5 6 10 9 58 8 1 
	-> 1 2 3 4 5 6 7 8 9 10 11 14 
Structure 755: 12 3 2 4 7 15 5 6 13 8 1 
	-> 1 2 3 4 5 6 7 8 12 13 15 
Structure 756: 12 3 2 4 7 15 5 6 13 16 1 
	-> 1 2 3 4 5 6 7 12 13 15 16 
Structure 757: 14 11 3 2 4 7 5 6 10 9 58 8 1 
	-> 1 2 3 4 5 6 7 8 9 10 11 14 
Structure 758: 11 3 2 4 7 5 6 10 9 8 1 
	-> 1 2 3 4 5 6 7 8 9 10 11 
Structure 759: 14 11 3 2 4 7 5 6 10 9 8 1 
	-> 1 2 3 4 5 6 7 8 9 10 11 14 
Structure 760: 14 11 3 2 4 7 5 6 10 9 18 8 1 
	-> 1 2 3 4 5 6 7 8 9 10 11 14 
Structure 761: 21 23 22 3 2 4 7 5 6 10 9 8 1 
	-> 1 2 3 4 5 6 7 8 9 10 
Structure 762: 12 3 79 2 4 15 5 6 13 8 1 
	-> 1 2 3 4 5 6 8 12 13 15 
Structure 763: 14 11 195 3 2 4 7 5 20 10 9 8 1 
	-> 1 2 3 4 5 7 8 9 10 11 14 
Structure 764: 14 11 3 2 4 33 6 10 9 8 1 
	-> 1 2 3 4 6 8 9 10 11 14 
Structure 765: 12 3 2 4 7 42 5 6 13 24 16 1 
	-> 1 2 3 4 5 6 7 12 13 16 
Structure 766: 14 11 3 87 2 4 7 5 6 10 9 8 1 
	-> 1 2 3 4 5 6 7 8 9 10 11 14 
Structure 767: 11 3 2 4 7 5 20 25 10 9 8 1 
	-> 1 2 3 4 5 7 8 9 10 11 
Structure 768: 11 3 2 4 5 6 10 9 8 1 
	-> 1 2 3 4 5 6 8 9 10 11 
Structure 769: 12 3 2 4 53 15 5 6 13 8 1 
	-> 1 2 3 4 5 6 8 12 13 15 
Structure 770: 14 11 3 2 4 7 5 6 10 9 18 8 1 
	-> 1 2 3 4 5 6 7 8 9 10 11 14 
Structure 771: 11 3 2 4 7 5 6 10 9 8 1 
	-> 1 2 3 4 5 6 7 8 9 10 11 
Structure 772: 12 3 2 4 7 15 5 6 13 8 1 
	-> 1 2 3 4 5 6 7 8 12 13 15 
Structure 773: 12 3 2 4 7 5 6 13 16 17 1 
	-> 1 2 3 4 5 6 7 12 13 16 
Structure 774: 12 3 2 4 15 5 6 13 16 17 1 
	-> 1 2 3 4 5 6 12 13 15 16 
Structure 775: 12 3 2 4 7 15 5 6 13 16 26 1 
	-> 1 2 3 4 5 6 7 12 13 15 16 
Structure 776: 14 11 3 2 4 7 5 6 10 9 8 1 
	-> 1 2 3 4 5 6 7 8 9 10 11 14 
Structure 777: 12 3 2 4 7 15 5 6 13 16 17 1 
	-> 1 2 3 4 5 6 7 12 13 15 16 
Structure 778: 14 11 22 3 2 4 7 5 6 10 9 85 196 197 1 
	-> 1 2 3 4 5 6 7 9 10 11 14 
Structure 779: 12 3 2 4 7 15 5 20 13 8 1 
	-> 1 2 3 4 5 7 8 12 13 15 
Structure 780: 12 3 2 4 15 41 5 6 13 8 1 
	-> 1 2 3 4 5 6 8 12 13 15 
Structure 781: 12 3 2 4 7 15 5 6 13 16 17 1 
	-> 1 2 3 4 5 6 7 12 13 15 16 
Structure 782: 14 11 3 2 4 7 19 5 6 10 9 18 8 1 
	-> 1 2 3 4 5 6 7 8 9 10 11 14 
Structure 783: 21 43 3 2 4 7 19 5 6 10 9 8 1 
	-> 1 2 3 4 5 6 7 8 9 10 
Structure 784: 11 22 3 2 4 7 5 6 10 9 8 1 
	-> 1 2 3 4 5 6 7 8 9 10 11 
Structure 785: 11 3 2 4 7 33 6 10 9 8 1 
	-> 1 2 3 4 6 7 8 9 10 11 
Structure 786: 12 3 2 4 7 15 39 5 6 13 8 1 
	-> 1 2 3 4 5 6 7 8 12 13 15 
Structure 787: 12 23 22 3 2 4 7 5 6 13 16 1 
	-> 1 2 3 4 5 6 7 12 13 16 
Structure 788: 11 3 2 4 7 5 6 10 9 8 1 
	-> 1 2 3 4 5 6 7 8 9 10 11 
Structure 789: 14 11 3 2 4 7 5 6 10 9 18 8 1 
	-> 1 2 3 4 5 6 7 8 9 10 11 14 
Structure 790: 12 23 22 3 2 4 7 5 6 13 24 8 1 
	-> 1 2 3 4 5 6 7 8 12 13 
Structure 791: 14 11 3 2 4 7 5 27 6 10 9 8 1 
	-> 1 2 3 4 5 6 7 8 9 10 11 14 
Structure 792: 32 3 30 2 4 7 5 6 10 9 8 1 
	-> 1 2 3 4 5 6 7 8 9 10 
Structure 793: 11 3 2 4 5 6 10 9 8 31 1 
	-> 1 2 3 4 5 6 8 9 10 11 
Structure 794: 14 11 3 2 4 7 5 6 10 9 8 1 
	-> 1 2 3 4 5 6 7 8 9 10 11 14 
Structure 795: 101 11 3 2 4 7 5 6 10 9 8 1 
	-> 1 2 3 4 5 6 7 8 9 10 11 
Structure 796: 12 3 2 4 15 5 6 13 8 1 
	-> 1 2 3 4 5 6 8 12 13 15 
Structure 797: 14 11 3 2 4 7 5 6 10 9 8 1 
	-> 1 2 3 4 5 6 7 8 9 10 11 14 
Structure 798: 11 3 2 4 7 5 6 10 9 18 8 1 
	-> 1 2 3 4 5 6 7 8 9 10 11 
Structure 799: 12 3 2 4 7 198 5 6 13 24 16 1 
	-> 1 2 3 4 5 6 7 12 13 16 
Structure 800: 40 3 2 4 7 46 54 29 10 9 8 1 
	-> 1 2 3 4 7 8 9 10 
Structure 801: 12 3 2 4 7 15 5 6 13 8 1 
	-> 1 2 3 4 5 6 7 8 12 13 15 
Structure 802: 12 23 22 3 2 4 7 5 6 13 16 47 1 
	-> 1 2 3 4 5 6 7 12 13 16 
Structure 803: 14 11 3 2 4 7 5 20 25 10 9 8 1 
	-> 1 2 3 4 5 7 8 9 10 11 14 
Structure 804: 14 11 3 2 4 7 5 20 25 10 9 8 1 
	-> 1 2 3 4 5 7 8 9 10 11 14 
Structure 805: 102 32 62 43 3 2 4 7 5 6 10 9 8 1 
	-> 1 2 3 4 5 6 7 8 9 10 
Structure 806: 12 3 2 4 7 15 5 6 13 16 17 1 
	-> 1 2 3 4 5 6 7 12 13 15 16 
Structure 807: 12 3 2 4 7 15 5 6 13 16 26 1 
	-> 1 2 3 4 5 6 7 12 13 15 16 
Structure 808: 14 11 3 2 4 7 5 6 10 9 18 8 1 
	-> 1 2 3 4 5 6 7 8 9 10 11 14 
Structure 809: 11 3 2 4 5 6 10 9 8 1 
	-> 1 2 3 4 5 6 8 9 10 11 
Structure 810: 14 11 3 2 4 5 6 10 9 8 1 
	-> 1 2 3 4 5 6 8 9 10 11 14 
Structure 811: 12 3 2 4 7 5 27 6 13 8 1 
	-> 1 2 3 4 5 6 7 8 12 13 
Structure 812: 14 11 3 2 4 7 5 6 10 9 8 1 
	-> 1 2 3 4 5 6 7 8 9 10 11 14 
Structure 813: 12 3 2 4 7 15 5 6 13 16 17 1 
	-> 1 2 3 4 5 6 7 12 13 15 16 
Structure 814: 12 23 22 3 2 4 7 5 6 13 16 17 1 
	-> 1 2 3 4 5 6 7 12 13 16 
Structure 815: 12 91 30 2 4 7 15 5 6 13 8 1 
	-> 1 2 4 5 6 7 8 12 13 15 
Structure 816: 14 11 3 2 4 7 5 20 10 9 8 1 
	-> 1 2 3 4 5 7 8 9 10 11 14 
Structure 817: 12 3 2 4 7 15 5 6 13 8 1 
	-> 1 2 3 4 5 6 7 8 12 13 15 
Structure 818: 14 11 3 2 4 7 5 6 10 9 66 8 1 
	-> 1 2 3 4 5 6 7 8 9 10 11 14 
Structure 819: 14 11 3 2 4 7 5 6 10 9 8 1 
	-> 1 2 3 4 5 6 7 8 9 10 11 14 
Structure 820: 12 3 2 4 5 6 13 65 199 105 1 128 
	-> 1 2 3 4 5 6 12 13 
Structure 821: 12 3 2 4 7 15 41 5 27 6 13 8 1 
	-> 1 2 3 4 5 6 7 8 12 13 15 
Structure 822: 11 3 2 4 7 5 6 10 9 8 1 
	-> 1 2 3 4 5 6 7 8 9 10 11 
Structure 823: 14 11 3 2 4 7 19 5 6 10 9 18 8 1 
	-> 1 2 3 4 5 6 7 8 9 10 11 14 
Structure 824: 12 11 3 2 4 7 19 5 6 10 9 8 1 
	-> 1 2 3 4 5 6 7 8 9 10 11 12 
Structure 825: 32 11 3 2 4 7 5 6 10 9 8 1 
	-> 1 2 3 4 5 6 7 8 9 10 11 
Structure 826: 12 3 2 4 7 15 5 27 6 13 16 17 1 
	-> 1 2 3 4 5 6 7 12 13 15 16 
Structure 827: 12 3 2 4 7 77 5 6 13 24 16 1 
	-> 1 2 3 4 5 6 7 12 13 16 
Structure 828: 14 11 3 2 4 7 5 6 10 9 8 31 1 
	-> 1 2 3 4 5 6 7 8 9 10 11 14 
Structure 829: 32 3 79 2 4 7 19 5 6 10 9 8 1 
	-> 1 2 3 4 5 6 7 8 9 10 
Structure 830: 14 11 3 2 4 7 5 6 10 9 8 1 
	-> 1 2 3 4 5 6 7 8 9 10 11 14 
Structure 831: 12 3 2 4 7 15 5 6 13 16 17 1 
	-> 1 2 3 4 5 6 7 12 13 15 16 
Structure 832: 12 3 2 4 7 15 5 6 13 16 1 
	-> 1 2 3 4 5 6 7 12 13 15 16 
Structure 833: 12 3 2 38 4 7 15 41 5 6 13 16 17 1 
	-> 1 2 3 4 5 6 7 12 13 15 16 
Structure 834: 12 23 3 2 4 7 5 6 13 24 16 31 1 
	-> 1 2 3 4 5 6 7 12 13 16 
Structure 835: 12 3 2 4 7 15 5 6 13 8 1 
	-> 1 2 3 4 5 6 7 8 12 13 15 
Structure 836: 14 11 3 2 4 7 5 6 10 9 82 1 
	-> 1 2 3 4 5 6 7 9 10 11 14 
Structure 837: 14 11 3 2 4 7 5 6 10 9 18 8 1 
	-> 1 2 3 4 5 6 7 8 9 10 11 14 
Structure 838: 11 3 2 4 7 5 6 10 9 8 1 
	-> 1 2 3 4 5 6 7 8 9 10 11 
Structure 839: 14 11 3 2 4 7 19 5 6 10 9 8 1 
	-> 1 2 3 4 5 6 7 8 9 10 11 14 
Structure 840: 14 11 3 2 4 7 5 20 25 10 9 8 1 
	-> 1 2 3 4 5 7 8 9 10 11 14 
Structure 841: 100 11 3 2 4 7 5 6 10 9 8 1 
	-> 1 2 3 4 5 6 7 8 9 10 11 
Structure 842: 12 3 2 4 7 15 5 6 13 16 17 1 
	-> 1 2 3 4 5 6 7 12 13 15 16 
Structure 843: 12 3 2 4 7 15 5 6 13 8 1 
	-> 1 2 3 4 5 6 7 8 12 13 15 
Structure 844: 12 3 2 4 7 15 5 20 25 13 8 1 
	-> 1 2 3 4 5 7 8 12 13 15 
Structure 845: 14 11 3 2 4 7 5 6 10 9 8 1 
	-> 1 2 3 4 5 6 7 8 9 10 11 14 
Structure 846: 14 11 3 2 4 7 5 28 6 10 9 8 1 
	-> 1 2 3 4 5 6 7 8 9 10 11 14 
Structure 847: 12 23 3 2 4 7 5 6 13 16 17 31 1 
	-> 1 2 3 4 5 6 7 12 13 16 
Structure 848: 11 3 2 4 7 5 20 45 10 9 8 1 
	-> 1 2 3 4 5 7 8 9 10 11 
Structure 849: 12 3 2 4 7 15 19 5 6 13 16 1 
	-> 1 2 3 4 5 6 7 12 13 15 16 
Structure 850: 12 3 2 4 7 15 5 6 13 16 1 
	-> 1 2 3 4 5 6 7 12 13 15 16 
Structure 851: 11 3 2 4 7 5 27 6 10 9 8 1 
	-> 1 2 3 4 5 6 7 8 9 10 11 
Structure 852: 14 11 3 2 4 7 19 5 6 10 9 8 1 
	-> 1 2 3 4 5 6 7 8 9 10 11 14 
Structure 853: 11 3 2 4 7 5 6 10 9 8 1 
	-> 1 2 3 4 5 6 7 8 9 10 11 
Structure 854: 12 3 2 4 7 15 5 6 13 16 1 
	-> 1 2 3 4 5 6 7 12 13 15 16 
Structure 855: 78 14 11 3 2 4 7 5 20 10 9 8 1 
	-> 1 2 3 4 5 7 8 9 10 11 14 
Structure 856: 14 11 3 2 4 7 5 6 10 9 8 1 
	-> 1 2 3 4 5 6 7 8 9 10 11 14 
Structure 857: 12 3 2 4 7 15 5 6 13 16 17 1 
	-> 1 2 3 4 5 6 7 12 13 15 16 
Structure 858: 14 11 3 2 4 7 5 20 25 10 9 8 1 
	-> 1 2 3 4 5 7 8 9 10 11 14 
Structure 859: 11 3 2 4 5 6 10 9 8 1 
	-> 1 2 3 4 5 6 8 9 10 11 
Structure 860: 14 11 3 2 4 5 6 10 9 8 1 
	-> 1 2 3 4 5 6 8 9 10 11 14 
Structure 861: 14 11 3 2 4 7 5 20 25 10 9 8 1 
	-> 1 2 3 4 5 7 8 9 10 11 14 
Structure 862: 14 11 3 2 4 5 6 10 9 8 1 
	-> 1 2 3 4 5 6 8 9 10 11 14 
Structure 863: 14 11 3 2 4 7 5 6 10 9 8 1 
	-> 1 2 3 4 5 6 7 8 9 10 11 14 
Structure 864: 12 3 2 4 7 15 5 6 13 8 1 
	-> 1 2 3 4 5 6 7 8 12 13 15 
Structure 865: 12 3 2 4 7 15 5 6 13 8 1 
	-> 1 2 3 4 5 6 7 8 12 13 15 
Structure 866: 12 3 2 4 7 15 5 6 13 16 17 1 
	-> 1 2 3 4 5 6 7 12 13 15 16 
Structure 867: 21 3 2 4 7 19 5 6 10 9 58 8 1 
	-> 1 2 3 4 5 6 7 8 9 10 
Structure 868: 21 3 2 4 5 6 10 9 18 8 1 
	-> 1 2 3 4 5 6 8 9 10 
Structure 869: 14 11 3 2 4 7 5 6 10 9 8 1 
	-> 1 2 3 4 5 6 7 8 9 10 11 14 
Structure 870: 12 3 2 4 7 15 5 6 13 8 1 
	-> 1 2 3 4 5 6 7 8 12 13 15 
Structure 871: 21 3 2 4 7 69 33 6 10 9 8 1 
	-> 1 2 3 4 6 7 8 9 10 
Structure 872: 14 11 3 2 4 7 5 6 10 9 17 1 
	-> 1 2 3 4 5 6 7 9 10 11 14 
Structure 873: 14 11 67 30 2 4 7 5 6 10 9 8 1 
	-> 1 2 4 5 6 7 8 9 10 11 14 
Structure 874: 200 100 11 3 2 4 7 5 6 10 9 8 1 
	-> 1 2 3 4 5 6 7 8 9 10 11 
Structure 875: 14 11 3 2 4 7 5 6 10 9 8 1 
	-> 1 2 3 4 5 6 7 8 9 10 11 14 
Structure 876: 14 11 3 2 4 5 6 10 9 8 1 
	-> 1 2 3 4 5 6 8 9 10 11 14 
Structure 877: 14 11 3 2 4 7 5 6 10 9 18 8 1 
	-> 1 2 3 4 5 6 7 8 9 10 11 14 
Structure 878: 14 11 3 2 4 7 5 6 10 9 8 1 
	-> 1 2 3 4 5 6 7 8 9 10 11 14 
Structure 879: 12 43 3 2 4 7 19 5 20 25 13 84 24 16 17 1 
	-> 1 2 3 4 5 7 12 13 16 
Structure 880: 14 11 3 2 4 7 5 6 10 9 8 1 
	-> 1 2 3 4 5 6 7 8 9 10 11 14 
Structure 881: 12 3 2 4 64 15 5 6 13 16 17 1 
	-> 1 2 3 4 5 6 12 13 15 16 
Structure 882: 14 11 3 2 4 5 6 10 9 8 1 
	-> 1 2 3 4 5 6 8 9 10 11 14 
Structure 883: 36 11 22 3 2 4 5 6 10 9 8 1 
	-> 1 2 3 4 5 6 8 9 10 11 
Structure 884: 32 11 3 2 4 7 5 6 10 9 18 8 1 
	-> 1 2 3 4 5 6 7 8 9 10 11 
Structure 885: 36 11 3 2 4 7 19 5 20 10 9 8 1 
	-> 1 2 3 4 5 7 8 9 10 11 
Structure 886: 12 52 3 2 4 7 15 5 6 13 8 1 
	-> 1 2 3 4 5 6 7 8 12 13 15 
Structure 887: 12 3 2 4 7 15 41 5 6 13 16 1 
	-> 1 2 3 4 5 6 7 12 13 15 16 
Structure 888: 12 3 2 4 7 15 5 6 13 8 1 
	-> 1 2 3 4 5 6 7 8 12 13 15 
Structure 889: 14 11 3 2 4 7 5 6 10 9 18 8 1 
	-> 1 2 3 4 5 6 7 8 9 10 11 14 
Structure 890: 12 3 2 4 7 15 5 6 13 1 201 
	-> 1 2 3 4 5 6 7 12 13 15 
Structure 891: 126 21 23 22 3 2 4 7 19 5 6 10 9 8 1 
	-> 1 2 3 4 5 6 7 8 9 10 
Structure 892: 12 23 3 2 4 5 6 13 24 16 1 
	-> 1 2 3 4 5 6 12 13 16 
Structure 893: 14 11 3 2 4 5 27 6 10 9 8 1 
	-> 1 2 3 4 5 6 8 9 10 11 14 
Structure 894: 14 11 3 2 4 7 5 6 10 9 8 1 
	-> 1 2 3 4 5 6 7 8 9 10 11 14 
Structure 895: 32 11 3 2 4 7 5 6 10 9 8 1 
	-> 1 2 3 4 5 6 7 8 9 10 11 
Structure 896: 12 3 87 2 4 15 5 6 13 16 1 
	-> 1 2 3 4 5 6 12 13 15 16 
Structure 897: 14 11 3 2 4 19 5 6 10 9 8 1 
	-> 1 2 3 4 5 6 8 9 10 11 14 
Structure 898: 11 22 3 2 4 7 5 6 10 9 8 1 
	-> 1 2 3 4 5 6 7 8 9 10 11 
Structure 899: 12 3 2 4 7 5 6 13 24 16 17 1 
	-> 1 2 3 4 5 6 7 12 13 16 
Structure 900: 12 3 2 4 7 15 5 20 25 13 8 1 
	-> 1 2 3 4 5 7 8 12 13 15 
Structure 901: 12 202 3 2 4 7 5 6 13 24 16 1 
	-> 1 2 3 4 5 6 7 12 13 16 
Structure 902: 14 11 3 2 4 7 5 6 10 9 8 1 
	-> 1 2 3 4 5 6 7 8 9 10 11 14 
Structure 903: 12 3 2 4 7 15 39 5 6 13 8 1 
	-> 1 2 3 4 5 6 7 8 12 13 15 
Structure 904: 12 3 2 4 5 6 13 96 16 1 
	-> 1 2 3 4 5 6 12 13 16 
Structure 905: 14 11 3 2 4 7 5 6 10 9 18 8 1 
	-> 1 2 3 4 5 6 7 8 9 10 11 14 
Structure 906: 12 3 2 4 7 15 5 6 13 16 17 1 
	-> 1 2 3 4 5 6 7 12 13 15 16 
Structure 907: 12 3 2 4 7 15 5 6 13 16 17 1 
	-> 1 2 3 4 5 6 7 12 13 15 16 
Structure 908: 14 11 203 204 205 2 4 5 6 10 9 8 1 
	-> 1 2 4 5 6 8 9 10 11 14 
Structure 909: 14 11 3 2 4 7 5 6 10 9 8 1 
	-> 1 2 3 4 5 6 7 8 9 10 11 14 
Structure 910: 14 11 3 2 4 7 5 6 10 9 8 1 
	-> 1 2 3 4 5 6 7 8 9 10 11 14 
Structure 911: 14 11 3 2 4 5 6 10 9 8 1 
	-> 1 2 3 4 5 6 8 9 10 11 14 
Structure 912: 12 3 2 4 7 15 5 20 25 13 1 
	-> 1 2 3 4 5 7 12 13 15 
Structure 913: 14 11 22 3 2 4 7 5 6 10 9 8 1 
	-> 1 2 3 4 5 6 7 8 9 10 11 14 
Structure 914: 12 3 2 4 7 15 5 44 6 13 8 1 
	-> 1 2 3 4 5 6 7 8 12 13 15 
Structure 915: 12 23 3 2 4 7 206 5 6 13 8 1 
	-> 1 2 3 4 5 6 7 8 12 13 
Structure 916: 14 11 22 3 2 4 7 5 6 10 9 8 26 1 
	-> 1 2 3 4 5 6 7 8 9 10 11 14 
Structure 917: 14 11 3 2 4 7 5 20 25 10 9 8 1 
	-> 1 2 3 4 5 7 8 9 10 11 14 
Structure 918: 14 11 3 2 4 7 5 6 10 9 18 8 1 
	-> 1 2 3 4 5 6 7 8 9 10 11 14 
Structure 919: 12 3 2 4 7 15 5 27 6 13 8 1 
	-> 1 2 3 4 5 6 7 8 12 13 15 
Structure 920: 14 11 3 2 4 7 5 6 10 9 18 8 1 
	-> 1 2 3 4 5 6 7 8 9 10 11 14 
Structure 921: 11 3 2 4 7 5 6 83 10 9 8 1 
	-> 1 2 3 4 5 6 7 8 9 10 11 
Structure 922: 14 11 3 2 4 7 5 6 10 9 8 1 
	-> 1 2 3 4 5 6 7 8 9 10 11 14 
Structure 923: 12 3 2 4 7 127 97 5 6 13 8 1 
	-> 1 2 3 4 5 6 7 8 12 13 
Structure 924: 14 11 22 3 2 4 7 5 6 10 9 8 1 
	-> 1 2 3 4 5 6 7 8 9 10 11 14 
Structure 925: 12 3 2 53 15 5 20 13 16 17 1 
	-> 1 2 3 5 12 13 15 16 
Structure 926: 14 11 3 2 4 7 19 5 6 10 9 18 8 1 
	-> 1 2 3 4 5 6 7 8 9 10 11 14 
Structure 927: 11 3 2 4 7 5 6 10 9 8 1 
	-> 1 2 3 4 5 6 7 8 9 10 11 
Structure 928: 12 3 2 4 7 15 5 44 6 13 16 26 1 
	-> 1 2 3 4 5 6 7 12 13 15 16 
Structure 929: 12 3 2 4 7 5 6 13 16 1 
	-> 1 2 3 4 5 6 7 12 13 16 
Structure 930: 12 3 2 4 7 15 5 6 13 16 47 26 1 
	-> 1 2 3 4 5 6 7 12 13 15 16 
Structure 931: 14 11 3 2 4 7 5 6 10 9 8 1 
	-> 1 2 3 4 5 6 7 8 9 10 11 14 
Structure 932: 51 14 11 3 2 4 7 5 6 10 9 8 1 
	-> 1 2 3 4 5 6 7 8 9 10 11 14 
Structure 933: 14 11 3 2 4 5 6 10 9 18 8 1 
	-> 1 2 3 4 5 6 8 9 10 11 14 
Structure 934: 14 11 3 2 4 5 6 10 9 8 1 
	-> 1 2 3 4 5 6 8 9 10 11 14 
Structure 935: 21 99 3 2 4 7 19 5 6 10 9 8 1 
	-> 1 2 3 4 5 6 7 8 9 10 
Structure 936: 14 11 3 2 4 7 5 6 10 9 8 26 1 
	-> 1 2 3 4 5 6 7 8 9 10 11 14 
Structure 937: 14 11 3 2 4 5 6 10 9 8 1 
	-> 1 2 3 4 5 6 8 9 10 11 14 
Structure 938: 12 3 2 4 7 15 5 6 13 16 17 1 
	-> 1 2 3 4 5 6 7 12 13 15 16 
Structure 939: 12 3 2 4 77 5 20 13 24 16 31 1 
	-> 1 2 3 4 5 12 13 16 
Structure 940: 40 3 2 4 7 46 59 54 29 45 10 9 8 1 
	-> 1 2 3 4 7 8 9 10 
Structure 941: 14 11 3 30 2 4 7 19 5 6 10 9 18 8 1 
	-> 1 2 3 4 5 6 7 8 9 10 11 14 
Structure 942: 14 11 22 3 2 4 7 5 6 10 9 8 1 
	-> 1 2 3 4 5 6 7 8 9 10 11 14 
Structure 943: 32 62 43 3 2 4 7 19 5 6 10 9 18 8 1 
	-> 1 2 3 4 5 6 7 8 9 10 
Structure 944: 12 52 3 2 4 7 15 5 6 13 8 1 
	-> 1 2 3 4 5 6 7 8 12 13 15 
Structure 945: 11 3 2 4 5 6 10 9 18 8 1 
	-> 1 2 3 4 5 6 8 9 10 11 
Structure 946: 71 14 11 3 2 4 7 5 6 10 9 8 1 
	-> 1 2 3 4 5 6 7 8 9 10 11 14 
Structure 947: 12 3 2 4 7 15 5 6 13 16 17 1 
	-> 1 2 3 4 5 6 7 12 13 15 16 
Structure 948: 14 11 3 2 4 7 5 6 10 9 8 1 
	-> 1 2 3 4 5 6 7 8 9 10 11 14 
Structure 949: 12 23 3 2 4 7 5 6 13 84 207 208 8 1 
	-> 1 2 3 4 5 6 7 8 12 13 
Structure 950: 21 3 2 4 7 5 6 10 9 8 1 
	-> 1 2 3 4 5 6 7 8 9 10 
Structure 951: 14 11 3 2 4 33 28 6 10 9 8 1 
	-> 1 2 3 4 6 8 9 10 11 14 
Structure 952: 14 11 3 2 4 7 5 6 10 9 8 1 
	-> 1 2 3 4 5 6 7 8 9 10 11 14 
Structure 953: 12 3 2 4 15 5 6 13 8 1 
	-> 1 2 3 4 5 6 8 12 13 15 
Structure 954: 11 3 2 38 4 5 6 10 9 8 1 
	-> 1 2 3 4 5 6 8 9 10 11 
Structure 955: 14 11 3 2 4 7 5 6 10 9 8 1 
	-> 1 2 3 4 5 6 7 8 9 10 11 14 
Structure 956: 11 3 2 4 7 5 6 10 9 8 1 
	-> 1 2 3 4 5 6 7 8 9 10 11 
Structure 957: 12 3 2 4 7 15 5 28 6 13 16 17 1 
	-> 1 2 3 4 5 6 7 12 13 15 16 
Structure 958: 14 11 3 2 4 7 5 27 6 10 9 18 8 1 
	-> 1 2 3 4 5 6 7 8 9 10 11 14 
Structure 959: 12 3 2 4 7 15 5 6 13 16 17 1 
	-> 1 2 3 4 5 6 7 12 13 15 16 
Structure 960: 14 11 3 2 4 7 5 6 10 9 8 1 
	-> 1 2 3 4 5 6 7 8 9 10 11 14 
Structure 961: 14 11 3 2 4 7 5 6 10 9 8 1 
	-> 1 2 3 4 5 6 7 8 9 10 11 14 
Structure 962: 32 209 62 43 3 87 2 4 7 5 6 10 9 8 1 
	-> 1 2 3 4 5 6 7 8 9 10 
Structure 963: 11 3 2 4 7 5 6 10 9 8 1 
	-> 1 2 3 4 5 6 7 8 9 10 11 
Structure 964: 12 3 2 4 7 15 5 28 6 13 8 1 
	-> 1 2 3 4 5 6 7 8 12 13 15 
Structure 965: 14 11 22 3 2 4 5 6 10 9 8 1 
	-> 1 2 3 4 5 6 8 9 10 11 14 
Structure 966: 12 3 2 4 7 15 5 6 13 8 1 
	-> 1 2 3 4 5 6 7 8 12 13 15 
Structure 967: 12 3 2 4 7 15 5 6 13 8 1 
	-> 1 2 3 4 5 6 7 8 12 13 15 
Structure 968: 14 11 3 2 4 5 88 10 9 8 1 
	-> 1 2 3 4 5 8 9 10 11 14 
Structure 969: 14 11 3 2 4 7 5 6 10 9 8 1 
	-> 1 2 3 4 5 6 7 8 9 10 11 14 
Structure 970: 51 11 3 2 63 7 5 6 10 9 8 1 
	-> 1 2 3 5 6 7 8 9 10 11 
Structure 971: 36 14 11 3 2 4 7 5 6 10 9 8 1 
	-> 1 2 3 4 5 6 7 8 9 10 11 14 
Structure 972: 14 11 3 2 4 7 5 27 6 10 9 8 1 
	-> 1 2 3 4 5 6 7 8 9 10 11 14 
Structure 973: 14 11 3 2 4 7 5 20 25 10 9 8 1 
	-> 1 2 3 4 5 7 8 9 10 11 14 
Structure 974: 14 11 3 2 4 7 19 5 6 10 9 8 1 
	-> 1 2 3 4 5 6 7 8 9 10 11 14 
Structure 975: 14 11 3 2 4 7 33 6 10 9 8 1 
	-> 1 2 3 4 6 7 8 9 10 11 14 
Structure 976: 11 3 2 4 7 5 6 10 9 8 1 
	-> 1 2 3 4 5 6 7 8 9 10 11 
Structure 977: 14 11 3 2 4 7 5 6 10 9 8 1 
	-> 1 2 3 4 5 6 7 8 9 10 11 14 
Structure 978: 36 11 3 2 4 7 5 20 25 10 9 8 1 
	-> 1 2 3 4 5 7 8 9 10 11 
Structure 979: 14 11 3 2 4 7 5 6 10 9 8 1 
	-> 1 2 3 4 5 6 7 8 9 10 11 14 
Structure 980: 12 3 2 4 7 15 5 6 13 16 17 1 
	-> 1 2 3 4 5 6 7 12 13 15 16 
Structure 981: 21 3 2 4 7 19 5 6 10 9 8 1 
	-> 1 2 3 4 5 6 7 8 9 10 
Structure 982: 40 3 2 4 7 70 29 10 9 8 1 
	-> 1 2 3 4 7 8 9 10 
Structure 983: 12 3 2 4 7 15 41 5 6 13 17 1 
	-> 1 2 3 4 5 6 7 12 13 15 
Structure 984: 14 11 3 2 4 7 5 6 10 9 18 8 1 
	-> 1 2 3 4 5 6 7 8 9 10 11 14 
Structure 985: 12 3 2 4 7 15 5 6 13 105 1 
	-> 1 2 3 4 5 6 7 12 13 15 
Structure 986: 11 3 2 4 7 19 5 27 6 10 9 8 1 
	-> 1 2 3 4 5 6 7 8 9 10 11 
Structure 987: 11 3 2 4 7 5 6 10 9 18 8 1 
	-> 1 2 3 4 5 6 7 8 9 10 11 
Structure 988: 11 3 2 4 7 5 6 10 9 8 1 
	-> 1 2 3 4 5 6 7 8 9 10 11 
Structure 989: 14 11 3 2 4 5 6 10 9 8 1 
	-> 1 2 3 4 5 6 8 9 10 11 14 
Structure 990: 11 3 2 4 7 5 6 10 9 8 1 
	-> 1 2 3 4 5 6 7 8 9 10 11 
Structure 991: 51 21 3 2 4 7 5 6 10 9 8 1 
	-> 1 2 3 4 5 6 7 8 9 10 
Structure 992: 12 3 2 4 7 15 5 6 13 16 1 
	-> 1 2 3 4 5 6 7 12 13 15 16 
Structure 993: 21 3 2 4 5 6 10 9 8 1 
	-> 1 2 3 4 5 6 8 9 10 
Structure 994: 12 3 2 4 53 15 5 6 13 8 1 
	-> 1 2 3 4 5 6 8 12 13 15 
Structure 995: 14 11 3 2 4 7 5 6 10 9 8 1 
	-> 1 2 3 4 5 6 7 8 9 10 11 14 
Structure 996: 14 11 3 2 4 7 5 20 25 10 9 18 8 1 
	-> 1 2 3 4 5 7 8 9 10 11 14 
Structure 997: 12 3 2 4 7 15 5 6 13 16 17 1 
	-> 1 2 3 4 5 6 7 12 13 15 16 
Structure 998: 14 210 3 2 4 7 19 5 44 6 10 9 8 1 
	-> 1 2 3 4 5 6 7 8 9 10 14 
Structure 999: 14 11 3 2 4 7 5 6 10 9 8 1 
	-> 1 2 3 4 5 6 7 8 9 10 11 14 
Structure 1000: 14 11 3 2 4 7 5 6 10 9 8 1 
	-> 1 2 3 4 5 6 7 8 9 10 11 14  