Processing /home/hwilco/Documents/RNA Research/RNAStructProfiling-master/output/training/B.adusta.1_sfold/input/B.adusta.1_sfold.out
Structure 1: 1 4 2 8 5 14 6 7 3 
	-> 1 2 3 4 5 6 7 8 14 
Structure 2: 9 1 4 2 13 5 16 17 3 
	-> 1 2 3 4 5 9 13 16 
Structure 3: 12 1 4 2 8 5 10 6 7 3 
	-> 1 2 3 4 5 6 7 8 10 12 
Structure 4: 25 9 1 2 8 5 10 6 7 3 
	-> 1 2 3 5 6 7 8 9 10 
Structure 5: 11 1 4 2 8 5 6 7 3 
	-> 1 2 3 4 5 6 7 8 11 
Structure 6: 12 1 4 2 8 5 10 6 7 3 
	-> 1 2 3 4 5 6 7 8 10 12 
Structure 7: 12 1 4 2 8 5 10 6 7 3 
	-> 1 2 3 4 5 6 7 8 10 12 
Structure 8: 12 1 4 2 13 5 10 6 7 3 
	-> 1 2 3 4 5 6 7 10 12 13 
Structure 9: 11 1 4 2 13 5 14 6 7 3 
	-> 1 2 3 4 5 6 7 11 13 14 
Structure 10: 9 1 4 2 8 5 16 17 3 
	-> 1 2 3 4 5 8 9 16 
Structure 11: 12 1 4 2 8 5 6 7 3 
	-> 1 2 3 4 5 6 7 8 12 
Structure 12: 1 4 2 13 18 5 10 6 7 3 
	-> 1 2 3 4 5 6 7 10 13 
Structure 13: 15 11 1 4 2 8 5 10 6 7 3 
	-> 1 2 3 4 5 6 7 8 10 11 15 
Structure 14: 15 11 1 4 2 24 5 6 7 3 
	-> 1 2 3 4 5 6 7 11 15 
Structure 15: 9 1 4 2 5 10 6 7 3 
	-> 1 2 3 4 5 6 7 9 10 
Structure 16: 12 1 4 2 8 5 10 6 7 3 
	-> 1 2 3 4 5 6 7 8 10 12 
Structure 17: 12 1 4 2 8 5 14 6 7 3 
	-> 1 2 3 4 5 6 7 8 12 14 
Structure 18: 12 1 4 2 8 5 6 7 3 
	-> 1 2 3 4 5 6 7 8 12 
Structure 19: 1 4 2 8 18 5 14 7 3 
	-> 1 2 3 4 5 7 8 14 
Structure 20: 9 1 4 2 8 5 16 17 3 
	-> 1 2 3 4 5 8 9 16 
Structure 21: 15 11 1 4 2 13 5 10 6 7 3 
	-> 1 2 3 4 5 6 7 10 11 13 15 
Structure 22: 12 1 4 2 5 16 17 3 
	-> 1 2 3 4 5 12 16 
Structure 23: 9 1 4 2 13 5 6 7 3 
	-> 1 2 3 4 5 6 7 9 13 
Structure 24: 9 1 4 2 26 5 19 6 7 3 
	-> 1 2 3 4 5 6 7 9 
Structure 25: 12 1 4 2 8 5 10 6 7 3 
	-> 1 2 3 4 5 6 7 8 10 12 
Structure 26: 9 1 4 2 8 5 10 6 7 3 
	-> 1 2 3 4 5 6 7 8 9 10 
Structure 27: 15 11 1 4 2 5 16 17 3 
	-> 1 2 3 4 5 11 15 16 
Structure 28: 12 1 4 2 13 5 6 7 3 
	-> 1 2 3 4 5 6 7 12 13 
Structure 29: 25 9 1 4 2 13 5 10 6 7 3 
	-> 1 2 3 4 5 6 7 9 10 13 
Structure 30: 9 1 4 2 8 5 10 6 7 3 
	-> 1 2 3 4 5 6 7 8 9 10 
Structure 31: 22 9 1 4 2 8 21 7 3 34 
	-> 1 2 3 4 7 8 9 
Structure 32: 15 11 1 4 2 8 5 6 7 3 
	-> 1 2 3 4 5 6 7 8 11 15 
Structure 33: 15 9 1 4 2 8 5 10 6 7 3 
	-> 1 2 3 4 5 6 7 8 9 10 15 
Structure 34: 15 11 1 4 2 8 5 6 3 
	-> 1 2 3 4 5 6 8 11 15 
Structure 35: 12 35 1 4 2 13 5 10 6 7 3 
	-> 1 2 3 4 5 6 7 10 12 13 
Structure 36: 12 1 4 2 5 20 16 17 3 
	-> 1 2 3 4 5 12 16 
Structure 37: 9 1 2 5 14 6 7 3 
	-> 1 2 3 5 6 7 9 14 
Structure 38: 9 1 4 2 8 5 19 6 7 3 
	-> 1 2 3 4 5 6 7 8 9 
Structure 39: 12 1 4 2 13 5 10 6 7 3 
	-> 1 2 3 4 5 6 7 10 12 13 
Structure 40: 9 1 4 2 13 5 6 7 3 
	-> 1 2 3 4 5 6 7 9 13 
Structure 41: 9 1 4 2 8 5 16 3 
	-> 1 2 3 4 5 8 9 16 
Structure 42: 11 1 4 2 8 5 10 6 7 3 
	-> 1 2 3 4 5 6 7 8 10 11 
Structure 43: 9 1 4 2 8 5 14 6 7 3 
	-> 1 2 3 4 5 6 7 8 9 14 
Structure 44: 9 1 4 2 13 5 10 6 7 3 
	-> 1 2 3 4 5 6 7 9 10 13 
Structure 45: 9 1 4 2 5 10 6 7 3 
	-> 1 2 3 4 5 6 7 9 10 
Structure 46: 11 1 4 2 8 5 10 6 7 3 
	-> 1 2 3 4 5 6 7 8 10 11 
Structure 47: 9 1 4 2 8 5 6 7 3 
	-> 1 2 3 4 5 6 7 8 9 
Structure 48: 9 1 4 2 8 5 6 7 3 
	-> 1 2 3 4 5 6 7 8 9 
Structure 49: 1 4 2 8 5 14 6 7 3 
	-> 1 2 3 4 5 6 7 8 14 
Structure 50: 15 11 1 4 2 13 5 10 6 3 
	-> 1 2 3 4 5 6 10 11 13 15 
Structure 51: 12 1 4 2 5 10 6 7 3 
	-> 1 2 3 4 5 6 7 10 12 
Structure 52: 1 4 2 8 18 5 20 6 7 3 
	-> 1 2 3 4 5 6 7 8 
Structure 53: 9 1 4 2 8 5 6 7 3 
	-> 1 2 3 4 5 6 7 8 9 
Structure 54: 9 1 4 2 13 5 10 6 7 3 
	-> 1 2 3 4 5 6 7 9 10 13 
Structure 55: 15 11 1 4 2 8 5 10 6 7 3 
	-> 1 2 3 4 5 6 7 8 10 11 15 
Structure 56: 9 1 4 2 8 5 6 7 3 
	-> 1 2 3 4 5 6 7 8 9 
Structure 57: 12 1 4 2 8 5 10 6 7 3 
	-> 1 2 3 4 5 6 7 8 10 12 
Structure 58: 11 1 4 2 8 5 14 6 7 3 
	-> 1 2 3 4 5 6 7 8 11 14 
Structure 59: 15 11 1 4 2 5 10 6 7 3 
	-> 1 2 3 4 5 6 7 10 11 15 
Structure 60: 9 1 4 2 5 14 6 7 3 
	-> 1 2 3 4 5 6 7 9 14 
Structure 61: 37 22 11 1 4 2 21 3 23 
	-> 1 2 3 4 11 
Structure 62: 15 9 1 4 2 8 5 14 6 7 3 
	-> 1 2 3 4 5 6 7 8 9 14 15 
Structure 63: 9 1 4 2 13 5 10 6 3 
	-> 1 2 3 4 5 6 9 10 13 
Structure 64: 9 1 2 8 5 10 6 7 3 
	-> 1 2 3 5 6 7 8 9 10 
Structure 65: 12 1 4 2 8 5 10 6 7 3 
	-> 1 2 3 4 5 6 7 8 10 12 
Structure 66: 9 1 4 2 5 6 7 3 
	-> 1 2 3 4 5 6 7 9 
Structure 67: 1 2 13 18 5 19 6 7 3 
	-> 1 2 3 5 6 7 13 
Structure 68: 11 1 4 2 5 6 7 3 
	-> 1 2 3 4 5 6 7 11 
Structure 69: 1 4 2 8 5 16 17 3 
	-> 1 2 3 4 5 8 16 
Structure 70: 9 1 4 2 8 5 10 6 7 3 
	-> 1 2 3 4 5 6 7 8 9 10 
Structure 71: 12 1 4 2 13 5 6 7 3 
	-> 1 2 3 4 5 6 7 12 13 
Structure 72: 9 1 4 2 8 5 14 6 7 3 
	-> 1 2 3 4 5 6 7 8 9 14 
Structure 73: 12 1 4 2 5 10 6 7 3 
	-> 1 2 3 4 5 6 7 10 12 
Structure 74: 1 4 2 18 5 10 6 7 3 
	-> 1 2 3 4 5 6 7 10 
Structure 75: 41 22 11 1 4 2 8 21 3 23 
	-> 1 2 3 4 8 11 
Structure 76: 12 1 4 2 8 5 10 6 7 3 
	-> 1 2 3 4 5 6 7 8 10 12 
Structure 77: 12 1 4 2 8 5 10 6 7 3 
	-> 1 2 3 4 5 6 7 8 10 12 
Structure 78: 9 1 4 2 8 5 6 7 3 
	-> 1 2 3 4 5 6 7 8 9 
Structure 79: 25 15 9 1 4 2 13 5 10 6 7 3 
	-> 1 2 3 4 5 6 7 9 10 13 15 
Structure 80: 9 1 4 2 8 5 6 7 3 
	-> 1 2 3 4 5 6 7 8 9 
Structure 81: 9 1 4 2 13 5 16 17 3 
	-> 1 2 3 4 5 9 13 16 
Structure 82: 9 1 4 2 8 5 10 6 7 3 
	-> 1 2 3 4 5 6 7 8 9 10 
Structure 83: 12 1 4 2 8 5 14 6 7 3 
	-> 1 2 3 4 5 6 7 8 12 14 
Structure 84: 12 1 4 2 8 5 6 7 3 
	-> 1 2 3 4 5 6 7 8 12 
Structure 85: 12 1 4 2 8 5 6 7 3 
	-> 1 2 3 4 5 6 7 8 12 
Structure 86: 9 1 4 2 8 5 10 6 7 3 
	-> 1 2 3 4 5 6 7 8 9 10 
Structure 87: 9 1 4 2 13 5 10 6 7 3 
	-> 1 2 3 4 5 6 7 9 10 13 
Structure 88: 1 4 2 18 5 14 6 7 3 
	-> 1 2 3 4 5 6 7 14 
Structure 89: 15 11 1 4 2 5 14 6 7 3 
	-> 1 2 3 4 5 6 7 11 14 15 
Structure 90: 12 1 4 2 8 5 6 7 3 
	-> 1 2 3 4 5 6 7 8 12 
Structure 91: 12 1 4 2 8 5 14 6 7 3 
	-> 1 2 3 4 5 6 7 8 12 14 
Structure 92: 12 1 4 2 8 5 16 17 3 
	-> 1 2 3 4 5 8 12 16 
Structure 93: 15 11 1 4 2 5 16 17 3 
	-> 1 2 3 4 5 11 15 16 
Structure 94: 1 4 2 8 18 5 10 6 7 3 
	-> 1 2 3 4 5 6 7 8 10 
Structure 95: 9 1 4 2 8 5 10 6 7 3 
	-> 1 2 3 4 5 6 7 8 9 10 
Structure 96: 9 1 4 2 13 5 10 6 7 3 
	-> 1 2 3 4 5 6 7 9 10 13 
Structure 97: 15 9 1 4 2 13 5 20 6 7 3 
	-> 1 2 3 4 5 6 7 9 13 15 
Structure 98: 12 1 4 2 8 5 16 17 3 
	-> 1 2 3 4 5 8 12 16 
Structure 99: 22 11 1 4 2 13 21 7 3 23 
	-> 1 2 3 4 7 11 13 
Structure 100: 9 1 4 2 13 5 10 6 7 3 
	-> 1 2 3 4 5 6 7 9 10 13 
Structure 101: 9 1 4 2 8 5 16 17 3 
	-> 1 2 3 4 5 8 9 16 
Structure 102: 15 11 1 4 2 8 5 14 6 7 3 
	-> 1 2 3 4 5 6 7 8 11 14 15 
Structure 103: 9 1 4 2 8 5 10 6 7 3 
	-> 1 2 3 4 5 6 7 8 9 10 
Structure 104: 12 1 4 2 13 5 14 6 7 3 
	-> 1 2 3 4 5 6 7 12 13 14 
Structure 105: 12 1 27 2 8 5 14 6 7 3 
	-> 1 2 3 5 6 7 8 12 14 
Structure 106: 12 1 4 2 8 5 10 6 7 3 
	-> 1 2 3 4 5 6 7 8 10 12 
Structure 107: 9 1 4 2 8 5 10 6 7 3 
	-> 1 2 3 4 5 6 7 8 9 10 
Structure 108: 12 1 4 2 5 6 7 3 
	-> 1 2 3 4 5 6 7 12 
Structure 109: 9 1 4 2 8 5 16 3 
	-> 1 2 3 4 5 8 9 16 
Structure 110: 9 1 4 2 5 6 7 3 
	-> 1 2 3 4 5 6 7 9 
Structure 111: 9 1 4 2 8 5 16 17 3 
	-> 1 2 3 4 5 8 9 16 
Structure 112: 9 1 4 2 8 5 20 6 7 3 
	-> 1 2 3 4 5 6 7 8 9 
Structure 113: 15 11 1 4 2 8 5 19 6 7 3 
	-> 1 2 3 4 5 6 7 8 11 15 
Structure 114: 9 1 4 2 13 5 10 6 7 3 
	-> 1 2 3 4 5 6 7 9 10 13 
Structure 115: 9 1 4 2 5 16 17 3 
	-> 1 2 3 4 5 9 16 
Structure 116: 9 1 4 2 13 5 14 6 7 3 
	-> 1 2 3 4 5 6 7 9 13 14 
Structure 117: 9 1 4 2 8 5 6 7 3 
	-> 1 2 3 4 5 6 7 8 9 
Structure 118: 15 11 1 4 2 8 5 10 6 7 3 
	-> 1 2 3 4 5 6 7 8 10 11 15 
Structure 119: 15 11 1 4 2 5 14 6 7 3 
	-> 1 2 3 4 5 6 7 11 14 15 
Structure 120: 15 11 1 4 2 8 5 16 17 3 
	-> 1 2 3 4 5 8 11 15 16 
Structure 121: 9 1 4 2 13 5 10 6 7 3 
	-> 1 2 3 4 5 6 7 9 10 13 
Structure 122: 9 1 4 2 8 5 10 6 7 3 
	-> 1 2 3 4 5 6 7 8 9 10 
Structure 123: 11 1 4 2 8 5 10 6 7 3 
	-> 1 2 3 4 5 6 7 8 10 11 
Structure 124: 9 1 4 2 5 16 17 3 
	-> 1 2 3 4 5 9 16 
Structure 125: 9 1 4 2 8 5 33 6 7 3 
	-> 1 2 3 4 5 6 7 8 9 
Structure 126: 15 11 1 4 2 8 5 10 6 7 3 
	-> 1 2 3 4 5 6 7 8 10 11 15 
Structure 127: 12 1 4 2 8 5 10 6 7 3 
	-> 1 2 3 4 5 6 7 8 10 12 
Structure 128: 15 11 1 4 2 5 16 17 3 
	-> 1 2 3 4 5 11 15 16 
Structure 129: 15 11 1 2 8 5 10 6 7 3 
	-> 1 2 3 5 6 7 8 10 11 15 
Structure 130: 25 11 1 4 2 5 19 6 7 3 
	-> 1 2 3 4 5 6 7 11 
Structure 131: 15 11 1 2 8 5 10 6 7 3 
	-> 1 2 3 5 6 7 8 10 11 15 
Structure 132: 11 1 4 2 8 5 10 6 7 3 
	-> 1 2 3 4 5 6 7 8 10 11 
Structure 133: 11 1 4 2 8 5 14 6 7 3 
	-> 1 2 3 4 5 6 7 8 11 14 
Structure 134: 1 4 2 8 5 10 6 7 3 
	-> 1 2 3 4 5 6 7 8 10 
Structure 135: 9 1 4 2 8 5 6 7 3 
	-> 1 2 3 4 5 6 7 8 9 
Structure 136: 9 1 4 2 8 5 20 6 7 3 
	-> 1 2 3 4 5 6 7 8 9 
Structure 137: 11 1 4 2 8 5 10 6 7 3 
	-> 1 2 3 4 5 6 7 8 10 11 
Structure 138: 9 1 4 2 5 19 6 7 3 
	-> 1 2 3 4 5 6 7 9 
Structure 139: 11 1 4 2 8 5 6 7 3 
	-> 1 2 3 4 5 6 7 8 11 
Structure 140: 28 31 1 4 2 42 43 3 
	-> 1 2 3 4 
Structure 141: 12 1 4 2 24 5 19 6 7 3 
	-> 1 2 3 4 5 6 7 12 
Structure 142: 12 1 4 2 8 5 16 17 3 
	-> 1 2 3 4 5 8 12 16 
Structure 143: 1 4 2 18 5 14 16 17 3 
	-> 1 2 3 4 5 14 16 
Structure 144: 11 1 4 2 8 5 19 10 6 7 3 
	-> 1 2 3 4 5 6 7 8 10 11 
Structure 145: 15 11 1 4 2 5 10 6 7 3 
	-> 1 2 3 4 5 6 7 10 11 15 
Structure 146: 9 1 4 2 13 5 14 16 17 3 
	-> 1 2 3 4 5 9 13 14 16 
Structure 147: 12 44 1 2 5 14 6 7 3 
	-> 1 2 3 5 6 7 12 14 
Structure 148: 9 1 4 2 5 6 7 3 
	-> 1 2 3 4 5 6 7 9 
Structure 149: 9 1 4 2 8 5 16 17 3 
	-> 1 2 3 4 5 8 9 16 
Structure 150: 9 1 4 2 8 5 6 7 3 
	-> 1 2 3 4 5 6 7 8 9 
Structure 151: 12 1 4 2 8 5 6 7 3 
	-> 1 2 3 4 5 6 7 8 12 
Structure 152: 11 1 4 2 8 5 10 6 7 3 
	-> 1 2 3 4 5 6 7 8 10 11 
Structure 153: 12 1 4 2 5 6 7 3 
	-> 1 2 3 4 5 6 7 12 
Structure 154: 9 1 4 2 8 5 6 7 3 
	-> 1 2 3 4 5 6 7 8 9 
Structure 155: 12 1 4 2 8 5 10 6 7 3 
	-> 1 2 3 4 5 6 7 8 10 12 
Structure 156: 12 1 4 2 8 5 10 6 7 3 
	-> 1 2 3 4 5 6 7 8 10 12 
Structure 157: 1 4 2 13 5 14 6 17 3 
	-> 1 2 3 4 5 6 13 14 
Structure 158: 15 11 1 4 2 8 5 10 6 3 
	-> 1 2 3 4 5 6 8 10 11 15 
Structure 159: 9 1 4 2 13 5 10 6 7 3 
	-> 1 2 3 4 5 6 7 9 10 13 
Structure 160: 11 1 4 2 8 5 10 6 7 3 
	-> 1 2 3 4 5 6 7 8 10 11 
Structure 161: 12 1 2 8 5 14 6 7 3 
	-> 1 2 3 5 6 7 8 12 14 
Structure 162: 9 1 4 2 5 14 6 7 3 
	-> 1 2 3 4 5 6 7 9 14 
Structure 163: 9 1 4 2 8 5 14 6 7 3 
	-> 1 2 3 4 5 6 7 8 9 14 
Structure 164: 9 1 4 2 5 6 7 3 
	-> 1 2 3 4 5 6 7 9 
Structure 165: 9 1 4 2 8 5 10 6 7 3 
	-> 1 2 3 4 5 6 7 8 9 10 
Structure 166: 9 1 4 2 13 5 10 6 7 3 
	-> 1 2 3 4 5 6 7 9 10 13 
Structure 167: 9 1 4 2 8 5 10 6 7 3 
	-> 1 2 3 4 5 6 7 8 9 10 
Structure 168: 1 4 2 8 18 5 19 10 6 7 3 
	-> 1 2 3 4 5 6 7 8 10 
Structure 169: 15 11 1 4 2 8 5 10 6 7 3 
	-> 1 2 3 4 5 6 7 8 10 11 15 
Structure 170: 28 31 1 4 2 6 7 3 
	-> 1 2 3 4 6 7 
Structure 171: 15 9 1 4 2 8 5 6 7 3 
	-> 1 2 3 4 5 6 7 8 9 15 
Structure 172: 1 30 4 2 8 18 5 20 16 17 3 
	-> 1 2 3 4 5 8 16 
Structure 173: 9 1 30 4 2 13 5 10 6 7 3 
	-> 1 2 3 4 5 6 7 9 10 13 
Structure 174: 9 1 4 2 5 10 6 7 3 
	-> 1 2 3 4 5 6 7 9 10 
Structure 175: 9 1 4 2 8 5 45 14 6 7 3 
	-> 1 2 3 4 5 6 7 8 9 14 
Structure 176: 12 1 4 2 8 5 10 6 7 3 
	-> 1 2 3 4 5 6 7 8 10 12 
Structure 177: 1 4 2 8 18 5 10 6 7 3 
	-> 1 2 3 4 5 6 7 8 10 
Structure 178: 9 1 4 2 8 5 14 6 7 3 
	-> 1 2 3 4 5 6 7 8 9 14 
Structure 179: 15 11 1 4 2 5 6 7 3 
	-> 1 2 3 4 5 6 7 11 15 
Structure 180: 12 1 4 2 5 6 7 3 
	-> 1 2 3 4 5 6 7 12 
Structure 181: 15 11 1 4 2 8 5 10 6 7 3 
	-> 1 2 3 4 5 6 7 8 10 11 15 
Structure 182: 12 1 4 2 8 5 14 6 7 3 
	-> 1 2 3 4 5 6 7 8 12 14 
Structure 183: 9 1 4 2 5 10 6 7 3 
	-> 1 2 3 4 5 6 7 9 10 
Structure 184: 1 4 2 8 5 10 6 7 3 
	-> 1 2 3 4 5 6 7 8 10 
Structure 185: 9 1 2 8 5 14 6 7 3 
	-> 1 2 3 5 6 7 8 9 14 
Structure 186: 9 1 4 2 8 5 10 6 7 3 
	-> 1 2 3 4 5 6 7 8 9 10 
Structure 187: 12 1 4 2 8 5 10 6 7 3 
	-> 1 2 3 4 5 6 7 8 10 12 
Structure 188: 9 1 4 2 5 6 7 3 
	-> 1 2 3 4 5 6 7 9 
Structure 189: 15 11 1 4 2 8 5 10 6 7 3 
	-> 1 2 3 4 5 6 7 8 10 11 15 
Structure 190: 12 1 4 2 8 5 14 6 7 3 
	-> 1 2 3 4 5 6 7 8 12 14 
Structure 191: 12 1 4 2 13 5 16 17 3 
	-> 1 2 3 4 5 12 13 16 
Structure 192: 12 1 4 2 8 5 10 6 7 3 
	-> 1 2 3 4 5 6 7 8 10 12 
Structure 193: 12 1 4 2 8 5 10 6 7 3 
	-> 1 2 3 4 5 6 7 8 10 12 
Structure 194: 15 11 1 4 2 13 5 14 6 7 3 
	-> 1 2 3 4 5 6 7 11 13 14 15 
Structure 195: 9 1 4 2 8 5 19 10 6 7 3 
	-> 1 2 3 4 5 6 7 8 9 10 
Structure 196: 9 1 4 2 8 5 10 6 7 3 
	-> 1 2 3 4 5 6 7 8 9 10 
Structure 197: 15 11 1 4 2 8 5 14 6 7 3 
	-> 1 2 3 4 5 6 7 8 11 14 15 
Structure 198: 12 1 4 2 8 5 6 7 3 
	-> 1 2 3 4 5 6 7 8 12 
Structure 199: 9 1 4 2 5 10 6 7 3 
	-> 1 2 3 4 5 6 7 9 10 
Structure 200: 9 1 4 2 8 5 20 14 6 7 3 
	-> 1 2 3 4 5 6 7 8 9 14 
Structure 201: 9 1 4 2 13 5 10 6 7 3 
	-> 1 2 3 4 5 6 7 9 10 13 
Structure 202: 9 1 4 2 8 5 16 17 3 
	-> 1 2 3 4 5 8 9 16 
Structure 203: 12 1 4 2 13 5 10 6 7 3 
	-> 1 2 3 4 5 6 7 10 12 13 
Structure 204: 9 1 4 2 5 10 6 7 3 
	-> 1 2 3 4 5 6 7 9 10 
Structure 205: 12 1 4 2 13 5 14 6 7 3 
	-> 1 2 3 4 5 6 7 12 13 14 
Structure 206: 15 11 1 4 2 8 5 14 6 7 3 
	-> 1 2 3 4 5 6 7 8 11 14 15 
Structure 207: 12 1 4 2 13 5 10 6 7 3 
	-> 1 2 3 4 5 6 7 10 12 13 
Structure 208: 12 1 4 2 8 5 10 6 7 3 
	-> 1 2 3 4 5 6 7 8 10 12 
Structure 209: 11 1 4 2 24 5 10 6 7 3 
	-> 1 2 3 4 5 6 7 10 11 
Structure 210: 22 11 1 4 2 8 21 3 32 
	-> 1 2 3 4 8 11 
Structure 211: 9 1 4 2 13 5 14 6 7 3 
	-> 1 2 3 4 5 6 7 9 13 14 
Structure 212: 1 4 2 8 18 5 6 7 3 
	-> 1 2 3 4 5 6 7 8 
Structure 213: 1 4 2 8 18 5 14 6 7 3 
	-> 1 2 3 4 5 6 7 8 14 
Structure 214: 46 11 1 4 2 8 21 3 32 
	-> 1 2 3 4 8 11 
Structure 215: 9 1 4 2 5 14 6 7 3 
	-> 1 2 3 4 5 6 7 9 14 
Structure 216: 15 11 1 4 2 8 5 10 6 7 3 
	-> 1 2 3 4 5 6 7 8 10 11 15 
Structure 217: 9 1 4 2 13 5 6 7 3 
	-> 1 2 3 4 5 6 7 9 13 
Structure 218: 11 1 4 2 8 5 6 7 3 
	-> 1 2 3 4 5 6 7 8 11 
Structure 219: 11 1 30 4 2 8 5 10 6 7 3 
	-> 1 2 3 4 5 6 7 8 10 11 
Structure 220: 22 11 1 4 2 21 3 23 
	-> 1 2 3 4 11 
Structure 221: 12 1 4 2 8 5 14 6 3 
	-> 1 2 3 4 5 6 8 12 14 
Structure 222: 12 1 4 2 8 5 19 6 7 3 
	-> 1 2 3 4 5 6 7 8 12 
Structure 223: 25 28 11 1 4 2 36 7 3 
	-> 1 2 3 4 7 11 
Structure 224: 15 11 1 4 2 8 5 10 6 7 3 
	-> 1 2 3 4 5 6 7 8 10 11 15 
Structure 225: 12 1 4 2 13 5 6 7 3 
	-> 1 2 3 4 5 6 7 12 13 
Structure 226: 9 1 4 2 13 5 19 6 7 3 
	-> 1 2 3 4 5 6 7 9 13 
Structure 227: 11 1 4 2 5 10 6 7 3 
	-> 1 2 3 4 5 6 7 10 11 
Structure 228: 9 1 4 2 5 10 6 7 3 
	-> 1 2 3 4 5 6 7 9 10 
Structure 229: 22 9 1 4 2 8 21 3 23 
	-> 1 2 3 4 8 9 
Structure 230: 9 1 4 2 5 10 6 7 3 
	-> 1 2 3 4 5 6 7 9 10 
Structure 231: 15 11 1 4 2 8 5 10 6 7 3 
	-> 1 2 3 4 5 6 7 8 10 11 15 
Structure 232: 11 1 4 2 5 14 6 7 3 
	-> 1 2 3 4 5 6 7 11 14 
Structure 233: 15 9 1 4 2 8 5 10 6 7 3 
	-> 1 2 3 4 5 6 7 8 9 10 15 
Structure 234: 11 1 4 2 8 5 10 6 7 3 
	-> 1 2 3 4 5 6 7 8 10 11 
Structure 235: 15 9 1 4 2 13 5 10 6 7 3 
	-> 1 2 3 4 5 6 7 9 10 13 15 
Structure 236: 22 9 1 4 2 8 21 3 23 
	-> 1 2 3 4 8 9 
Structure 237: 12 1 4 2 5 14 6 7 3 
	-> 1 2 3 4 5 6 7 12 14 
Structure 238: 12 1 4 2 8 5 16 17 3 
	-> 1 2 3 4 5 8 12 16 
Structure 239: 15 11 1 4 2 8 5 16 17 3 
	-> 1 2 3 4 5 8 11 15 16 
Structure 240: 9 1 4 2 5 10 6 7 3 
	-> 1 2 3 4 5 6 7 9 10 
Structure 241: 12 1 4 2 5 6 7 3 
	-> 1 2 3 4 5 6 7 12 
Structure 242: 11 1 4 2 8 5 10 6 7 3 
	-> 1 2 3 4 5 6 7 8 10 11 
Structure 243: 9 1 4 2 5 10 6 7 3 
	-> 1 2 3 4 5 6 7 9 10 
Structure 244: 12 1 4 2 5 6 7 3 
	-> 1 2 3 4 5 6 7 12 
Structure 245: 15 11 1 4 2 8 5 6 7 3 
	-> 1 2 3 4 5 6 7 8 11 15 
Structure 246: 15 11 1 4 2 5 16 17 3 
	-> 1 2 3 4 5 11 15 16 
Structure 247: 9 1 4 2 8 5 19 6 7 3 
	-> 1 2 3 4 5 6 7 8 9 
Structure 248: 9 1 4 2 13 5 16 17 3 
	-> 1 2 3 4 5 9 13 16 
Structure 249: 15 11 1 4 2 8 5 10 6 7 3 
	-> 1 2 3 4 5 6 7 8 10 11 15 
Structure 250: 15 11 1 4 2 8 5 6 7 3 
	-> 1 2 3 4 5 6 7 8 11 15 
Structure 251: 11 1 4 2 8 5 6 7 3 
	-> 1 2 3 4 5 6 7 8 11 
Structure 252: 9 1 4 2 8 5 10 6 7 3 
	-> 1 2 3 4 5 6 7 8 9 10 
Structure 253: 12 1 4 2 8 5 10 6 7 3 
	-> 1 2 3 4 5 6 7 8 10 12 
Structure 254: 15 11 1 4 2 8 5 10 6 7 3 
	-> 1 2 3 4 5 6 7 8 10 11 15 
Structure 255: 12 1 4 2 8 5 10 6 7 3 
	-> 1 2 3 4 5 6 7 8 10 12 
Structure 256: 15 11 1 4 2 13 5 10 16 17 3 
	-> 1 2 3 4 5 10 11 13 15 16 
Structure 257: 9 1 4 2 8 5 10 6 7 3 
	-> 1 2 3 4 5 6 7 8 9 10 
Structure 258: 9 1 4 2 8 5 10 6 7 3 
	-> 1 2 3 4 5 6 7 8 9 10 
Structure 259: 12 1 4 2 8 5 6 7 3 
	-> 1 2 3 4 5 6 7 8 12 
Structure 260: 9 1 4 2 8 5 6 7 3 
	-> 1 2 3 4 5 6 7 8 9 
Structure 261: 9 1 4 2 8 5 14 6 7 3 
	-> 1 2 3 4 5 6 7 8 9 14 
Structure 262: 9 1 4 2 5 14 6 7 3 
	-> 1 2 3 4 5 6 7 9 14 
Structure 263: 11 1 4 2 8 5 10 6 7 3 
	-> 1 2 3 4 5 6 7 8 10 11 
Structure 264: 12 1 4 2 5 20 6 7 3 
	-> 1 2 3 4 5 6 7 12 
Structure 265: 9 1 4 2 8 5 6 7 3 
	-> 1 2 3 4 5 6 7 8 9 
Structure 266: 9 1 4 2 8 5 10 6 7 3 
	-> 1 2 3 4 5 6 7 8 9 10 
Structure 267: 9 1 4 2 8 5 14 6 7 3 
	-> 1 2 3 4 5 6 7 8 9 14 
Structure 268: 9 1 4 2 5 10 6 7 3 
	-> 1 2 3 4 5 6 7 9 10 
Structure 269: 15 9 1 4 2 5 10 6 7 3 
	-> 1 2 3 4 5 6 7 9 10 15 
Structure 270: 9 1 4 2 8 5 10 6 7 3 
	-> 1 2 3 4 5 6 7 8 9 10 
Structure 271: 9 1 4 2 13 5 14 6 7 3 
	-> 1 2 3 4 5 6 7 9 13 14 
Structure 272: 9 1 4 2 5 16 17 3 
	-> 1 2 3 4 5 9 16 
Structure 273: 15 11 1 4 2 13 5 14 6 7 3 
	-> 1 2 3 4 5 6 7 11 13 14 15 
Structure 274: 9 1 4 2 8 5 10 6 7 3 
	-> 1 2 3 4 5 6 7 8 9 10 
Structure 275: 9 1 4 2 13 5 14 6 7 3 
	-> 1 2 3 4 5 6 7 9 13 14 
Structure 276: 9 1 2 8 5 14 7 3 
	-> 1 2 3 5 7 8 9 14 
Structure 277: 15 11 1 4 2 8 5 6 7 3 
	-> 1 2 3 4 5 6 7 8 11 15 
Structure 278: 12 1 4 2 5 6 7 3 
	-> 1 2 3 4 5 6 7 12 
Structure 279: 9 1 4 2 8 5 10 6 7 3 
	-> 1 2 3 4 5 6 7 8 9 10 
Structure 280: 9 1 4 2 24 5 6 7 3 
	-> 1 2 3 4 5 6 7 9 
Structure 281: 9 1 4 2 13 5 6 7 3 
	-> 1 2 3 4 5 6 7 9 13 
Structure 282: 15 11 1 4 2 8 5 6 7 3 
	-> 1 2 3 4 5 6 7 8 11 15 
Structure 283: 15 11 1 4 2 8 5 10 6 7 3 
	-> 1 2 3 4 5 6 7 8 10 11 15 
Structure 284: 9 1 4 2 13 5 10 6 17 3 
	-> 1 2 3 4 5 6 9 10 13 
Structure 285: 11 1 4 2 8 5 10 6 7 3 
	-> 1 2 3 4 5 6 7 8 10 11 
Structure 286: 22 11 1 4 2 13 21 17 3 23 
	-> 1 2 3 4 11 13 
Structure 287: 15 11 1 4 2 8 5 10 6 7 3 
	-> 1 2 3 4 5 6 7 8 10 11 15 
Structure 288: 9 1 4 2 8 5 10 6 7 3 
	-> 1 2 3 4 5 6 7 8 9 10 
Structure 289: 15 1 4 2 5 10 6 7 3 
	-> 1 2 3 4 5 6 7 10 15 
Structure 290: 9 1 4 2 8 5 16 17 3 
	-> 1 2 3 4 5 8 9 16 
Structure 291: 9 1 4 2 5 6 7 3 
	-> 1 2 3 4 5 6 7 9 
Structure 292: 11 1 4 2 8 5 10 6 7 3 
	-> 1 2 3 4 5 6 7 8 10 11 
Structure 293: 9 1 4 2 8 5 20 6 7 3 
	-> 1 2 3 4 5 6 7 8 9 
Structure 294: 12 1 4 2 8 5 20 6 7 3 
	-> 1 2 3 4 5 6 7 8 12 
Structure 295: 9 1 4 2 8 5 14 6 7 3 
	-> 1 2 3 4 5 6 7 8 9 14 
Structure 296: 9 1 4 2 8 5 6 7 3 
	-> 1 2 3 4 5 6 7 8 9 
Structure 297: 15 11 1 4 2 8 5 10 6 7 3 
	-> 1 2 3 4 5 6 7 8 10 11 15 
Structure 298: 15 11 1 4 2 5 10 6 7 3 
	-> 1 2 3 4 5 6 7 10 11 15 
Structure 299: 9 1 4 2 8 5 10 6 7 3 
	-> 1 2 3 4 5 6 7 8 9 10 
Structure 300: 12 1 4 2 13 5 20 6 7 3 
	-> 1 2 3 4 5 6 7 12 13 
Structure 301: 9 1 4 2 8 5 6 7 3 
	-> 1 2 3 4 5 6 7 8 9 
Structure 302: 11 1 4 2 5 10 6 7 3 
	-> 1 2 3 4 5 6 7 10 11 
Structure 303: 15 11 1 4 2 8 5 10 6 7 3 
	-> 1 2 3 4 5 6 7 8 10 11 15 
Structure 304: 15 11 1 4 2 24 5 10 6 7 3 
	-> 1 2 3 4 5 6 7 10 11 15 
Structure 305: 12 1 4 2 13 5 10 6 7 3 
	-> 1 2 3 4 5 6 7 10 12 13 
Structure 306: 11 1 4 2 5 6 7 3 
	-> 1 2 3 4 5 6 7 11 
Structure 307: 9 1 4 2 8 5 6 7 3 
	-> 1 2 3 4 5 6 7 8 9 
Structure 308: 12 1 4 2 5 10 6 7 3 
	-> 1 2 3 4 5 6 7 10 12 
Structure 309: 9 1 4 2 8 5 10 6 7 3 
	-> 1 2 3 4 5 6 7 8 9 10 
Structure 310: 12 1 4 2 13 5 10 6 3 
	-> 1 2 3 4 5 6 10 12 13 
Structure 311: 15 11 1 4 2 8 5 10 6 7 3 
	-> 1 2 3 4 5 6 7 8 10 11 15 
Structure 312: 15 11 1 4 2 5 6 7 3 
	-> 1 2 3 4 5 6 7 11 15 
Structure 313: 9 1 4 2 13 5 10 6 7 3 
	-> 1 2 3 4 5 6 7 9 10 13 
Structure 314: 9 1 4 2 8 5 10 6 7 3 
	-> 1 2 3 4 5 6 7 8 9 10 
Structure 315: 15 11 1 4 2 5 10 6 7 3 
	-> 1 2 3 4 5 6 7 10 11 15 
Structure 316: 9 1 4 2 8 5 10 6 7 3 
	-> 1 2 3 4 5 6 7 8 9 10 
Structure 317: 12 1 4 2 8 21 7 3 23 
	-> 1 2 3 4 7 8 12 
Structure 318: 9 1 4 2 5 10 6 7 3 
	-> 1 2 3 4 5 6 7 9 10 
Structure 319: 9 1 4 2 8 5 14 6 7 3 
	-> 1 2 3 4 5 6 7 8 9 14 
Structure 320: 9 1 4 2 8 5 6 7 3 
	-> 1 2 3 4 5 6 7 8 9 
Structure 321: 15 11 1 4 2 13 5 10 6 7 3 
	-> 1 2 3 4 5 6 7 10 11 13 15 
Structure 322: 9 1 4 2 8 5 6 7 3 
	-> 1 2 3 4 5 6 7 8 9 
Structure 323: 12 1 4 2 8 5 10 6 7 3 
	-> 1 2 3 4 5 6 7 8 10 12 
Structure 324: 15 11 1 4 2 5 16 17 3 
	-> 1 2 3 4 5 11 15 16 
Structure 325: 9 1 4 2 8 5 6 7 3 
	-> 1 2 3 4 5 6 7 8 9 
Structure 326: 12 1 4 2 5 14 6 7 3 
	-> 1 2 3 4 5 6 7 12 14 
Structure 327: 9 1 4 2 13 5 10 6 7 3 
	-> 1 2 3 4 5 6 7 9 10 13 
Structure 328: 9 1 4 2 8 5 14 6 7 3 
	-> 1 2 3 4 5 6 7 8 9 14 
Structure 329: 9 1 4 2 5 10 6 7 3 
	-> 1 2 3 4 5 6 7 9 10 
Structure 330: 15 11 1 4 2 8 5 14 6 7 3 
	-> 1 2 3 4 5 6 7 8 11 14 15 
Structure 331: 9 1 4 2 8 5 10 6 7 3 
	-> 1 2 3 4 5 6 7 8 9 10 
Structure 332: 11 1 4 2 8 5 16 17 3 
	-> 1 2 3 4 5 8 11 16 
Structure 333: 12 1 4 2 8 5 16 17 3 
	-> 1 2 3 4 5 8 12 16 
Structure 334: 15 9 1 4 2 8 5 14 6 7 3 
	-> 1 2 3 4 5 6 7 8 9 14 15 
Structure 335: 15 9 1 4 2 13 5 6 7 3 
	-> 1 2 3 4 5 6 7 9 13 15 
Structure 336: 22 9 1 4 2 24 21 3 23 
	-> 1 2 3 4 9 
Structure 337: 9 1 4 2 13 5 14 6 7 3 
	-> 1 2 3 4 5 6 7 9 13 14 
Structure 338: 12 1 4 2 5 14 6 7 3 
	-> 1 2 3 4 5 6 7 12 14 
Structure 339: 15 11 1 2 5 6 7 3 
	-> 1 2 3 5 6 7 11 15 
Structure 340: 1 4 2 5 10 6 7 3 
	-> 1 2 3 4 5 6 7 10 
Structure 341: 15 11 1 4 2 5 10 6 7 3 
	-> 1 2 3 4 5 6 7 10 11 15 
Structure 342: 9 1 4 2 5 6 7 3 
	-> 1 2 3 4 5 6 7 9 
Structure 343: 12 1 4 2 13 5 14 6 7 3 
	-> 1 2 3 4 5 6 7 12 13 14 
Structure 344: 1 4 2 8 18 5 10 6 7 3 
	-> 1 2 3 4 5 6 7 8 10 
Structure 345: 9 1 4 2 8 5 10 6 7 3 
	-> 1 2 3 4 5 6 7 8 9 10 
Structure 346: 15 11 1 4 2 5 19 6 7 3 
	-> 1 2 3 4 5 6 7 11 15 
Structure 347: 9 1 4 2 8 5 20 6 7 3 
	-> 1 2 3 4 5 6 7 8 9 
Structure 348: 1 4 2 8 5 10 6 7 3 
	-> 1 2 3 4 5 6 7 8 10 
Structure 349: 1 4 2 13 18 5 14 6 7 3 
	-> 1 2 3 4 5 6 7 13 14 
Structure 350: 15 11 1 4 2 8 5 6 7 3 
	-> 1 2 3 4 5 6 7 8 11 15 
Structure 351: 12 1 4 2 8 5 14 6 7 3 
	-> 1 2 3 4 5 6 7 8 12 14 
Structure 352: 9 1 4 2 8 5 10 6 7 3 
	-> 1 2 3 4 5 6 7 8 9 10 
Structure 353: 12 1 2 5 16 17 3 
	-> 1 2 3 5 12 16 
Structure 354: 1 4 2 8 18 5 16 17 3 
	-> 1 2 3 4 5 8 16 
Structure 355: 9 1 4 2 8 5 14 6 7 3 
	-> 1 2 3 4 5 6 7 8 9 14 
Structure 356: 15 11 1 4 2 8 5 14 6 7 3 
	-> 1 2 3 4 5 6 7 8 11 14 15 
Structure 357: 25 9 1 4 2 8 5 16 3 
	-> 1 2 3 4 5 8 9 16 
Structure 358: 9 1 4 2 8 5 10 6 7 3 
	-> 1 2 3 4 5 6 7 8 9 10 
Structure 359: 11 1 4 2 8 5 38 39 16 3 
	-> 1 2 3 4 5 8 11 16 
Structure 360: 12 1 4 2 8 5 16 17 3 
	-> 1 2 3 4 5 8 12 16 
Structure 361: 29 11 1 4 2 47 5 20 6 7 3 
	-> 1 2 3 4 5 6 7 11 
Structure 362: 9 1 4 2 8 5 14 6 7 3 
	-> 1 2 3 4 5 6 7 8 9 14 
Structure 363: 12 1 4 2 13 5 10 6 7 3 
	-> 1 2 3 4 5 6 7 10 12 13 
Structure 364: 12 1 4 2 8 5 6 7 3 
	-> 1 2 3 4 5 6 7 8 12 
Structure 365: 9 1 4 2 8 5 10 6 7 3 
	-> 1 2 3 4 5 6 7 8 9 10 
Structure 366: 12 1 4 2 8 5 16 17 3 
	-> 1 2 3 4 5 8 12 16 
Structure 367: 11 1 4 2 8 5 10 6 7 3 
	-> 1 2 3 4 5 6 7 8 10 11 
Structure 368: 9 1 4 2 8 5 6 7 3 
	-> 1 2 3 4 5 6 7 8 9 
Structure 369: 11 1 4 2 8 5 16 17 3 
	-> 1 2 3 4 5 8 11 16 
Structure 370: 11 1 4 2 8 5 10 6 7 3 
	-> 1 2 3 4 5 6 7 8 10 11 
Structure 371: 15 11 1 4 2 5 10 6 7 3 
	-> 1 2 3 4 5 6 7 10 11 15 
Structure 372: 12 1 4 2 8 5 14 6 7 3 
	-> 1 2 3 4 5 6 7 8 12 14 
Structure 373: 15 11 1 4 2 8 5 6 7 3 
	-> 1 2 3 4 5 6 7 8 11 15 
Structure 374: 1 4 2 8 5 10 6 7 3 
	-> 1 2 3 4 5 6 7 8 10 
Structure 375: 12 1 4 2 24 5 10 6 7 3 
	-> 1 2 3 4 5 6 7 10 12 
Structure 376: 9 1 4 2 13 5 16 17 3 
	-> 1 2 3 4 5 9 13 16 
Structure 377: 28 31 1 4 2 8 6 7 3 
	-> 1 2 3 4 6 7 8 
Structure 378: 25 1 4 2 8 5 19 10 6 7 3 
	-> 1 2 3 4 5 6 7 8 10 
Structure 379: 12 1 4 2 5 16 17 3 
	-> 1 2 3 4 5 12 16 
Structure 380: 1 4 2 8 5 10 6 7 3 
	-> 1 2 3 4 5 6 7 8 10 
Structure 381: 9 1 4 2 8 5 10 6 7 3 
	-> 1 2 3 4 5 6 7 8 9 10 
Structure 382: 9 1 4 2 8 5 10 6 7 3 
	-> 1 2 3 4 5 6 7 8 9 10 
Structure 383: 12 1 4 2 8 5 10 6 7 3 
	-> 1 2 3 4 5 6 7 8 10 12 
Structure 384: 12 1 4 2 8 5 10 6 7 3 
	-> 1 2 3 4 5 6 7 8 10 12 
Structure 385: 9 1 4 2 8 5 10 6 7 3 
	-> 1 2 3 4 5 6 7 8 9 10 
Structure 386: 12 1 4 2 8 5 6 7 3 
	-> 1 2 3 4 5 6 7 8 12 
Structure 387: 1 4 2 8 5 10 6 7 3 
	-> 1 2 3 4 5 6 7 8 10 
Structure 388: 9 1 4 2 5 6 7 3 
	-> 1 2 3 4 5 6 7 9 
Structure 389: 9 1 4 2 13 5 19 6 7 3 
	-> 1 2 3 4 5 6 7 9 13 
Structure 390: 1 4 2 13 5 10 6 7 3 
	-> 1 2 3 4 5 6 7 10 13 
Structure 391: 12 1 4 2 8 5 10 6 7 3 
	-> 1 2 3 4 5 6 7 8 10 12 
Structure 392: 11 1 4 2 8 5 6 7 3 
	-> 1 2 3 4 5 6 7 8 11 
Structure 393: 15 11 1 4 2 8 5 10 6 7 3 
	-> 1 2 3 4 5 6 7 8 10 11 15 
Structure 394: 12 1 4 2 13 5 6 7 3 
	-> 1 2 3 4 5 6 7 12 13 
Structure 395: 9 1 4 2 5 20 10 6 7 3 
	-> 1 2 3 4 5 6 7 9 10 
Structure 396: 9 1 4 2 8 5 10 6 7 3 
	-> 1 2 3 4 5 6 7 8 9 10 
Structure 397: 9 1 4 2 8 5 10 6 7 3 
	-> 1 2 3 4 5 6 7 8 9 10 
Structure 398: 9 1 4 2 8 5 14 6 3 
	-> 1 2 3 4 5 6 8 9 14 
Structure 399: 15 11 1 4 2 8 5 10 6 7 3 
	-> 1 2 3 4 5 6 7 8 10 11 15 
Structure 400: 9 1 27 2 8 5 19 48 6 7 3 
	-> 1 2 3 5 6 7 8 9 
Structure 401: 12 1 4 2 13 5 6 7 3 
	-> 1 2 3 4 5 6 7 12 13 
Structure 402: 9 1 4 2 5 10 6 7 3 
	-> 1 2 3 4 5 6 7 9 10 
Structure 403: 9 1 4 2 8 5 10 6 7 3 
	-> 1 2 3 4 5 6 7 8 9 10 
Structure 404: 15 11 1 4 2 24 5 16 17 3 
	-> 1 2 3 4 5 11 15 16 
Structure 405: 11 1 4 2 8 5 10 6 7 3 
	-> 1 2 3 4 5 6 7 8 10 11 
Structure 406: 9 1 4 2 8 5 10 6 7 3 
	-> 1 2 3 4 5 6 7 8 9 10 
Structure 407: 12 1 4 2 8 5 16 17 3 
	-> 1 2 3 4 5 8 12 16 
Structure 408: 15 11 1 4 2 13 5 10 6 7 3 
	-> 1 2 3 4 5 6 7 10 11 13 15 
Structure 409: 9 1 4 2 13 5 6 7 3 
	-> 1 2 3 4 5 6 7 9 13 
Structure 410: 1 4 2 8 18 5 6 7 3 
	-> 1 2 3 4 5 6 7 8 
Structure 411: 9 1 4 2 8 5 6 7 3 
	-> 1 2 3 4 5 6 7 8 9 
Structure 412: 9 1 4 2 8 5 10 6 7 3 
	-> 1 2 3 4 5 6 7 8 9 10 
Structure 413: 11 1 4 2 8 5 10 6 7 3 
	-> 1 2 3 4 5 6 7 8 10 11 
Structure 414: 11 1 4 2 13 5 6 7 3 
	-> 1 2 3 4 5 6 7 11 13 
Structure 415: 9 1 4 2 8 5 10 6 7 3 
	-> 1 2 3 4 5 6 7 8 9 10 
Structure 416: 12 1 4 2 8 5 6 7 3 
	-> 1 2 3 4 5 6 7 8 12 
Structure 417: 11 1 4 2 13 5 10 6 7 3 
	-> 1 2 3 4 5 6 7 10 11 13 
Structure 418: 12 1 4 2 5 6 7 3 
	-> 1 2 3 4 5 6 7 12 
Structure 419: 15 11 1 4 2 8 5 16 17 3 
	-> 1 2 3 4 5 8 11 15 16 
Structure 420: 9 1 4 2 5 10 6 7 3 
	-> 1 2 3 4 5 6 7 9 10 
Structure 421: 9 1 4 2 13 5 10 6 7 3 
	-> 1 2 3 4 5 6 7 9 10 13 
Structure 422: 12 1 4 2 8 5 19 6 7 3 
	-> 1 2 3 4 5 6 7 8 12 
Structure 423: 25 9 1 4 2 8 5 10 6 7 3 
	-> 1 2 3 4 5 6 7 8 9 10 
Structure 424: 11 1 4 2 13 5 10 6 7 3 
	-> 1 2 3 4 5 6 7 10 11 13 
Structure 425: 11 1 4 2 13 5 19 7 3 
	-> 1 2 3 4 5 7 11 13 
Structure 426: 15 9 1 4 2 8 5 10 6 3 
	-> 1 2 3 4 5 6 8 9 10 15 
Structure 427: 15 11 1 4 2 8 5 10 6 7 3 
	-> 1 2 3 4 5 6 7 8 10 11 15 
Structure 428: 15 9 1 4 2 8 5 10 6 7 3 
	-> 1 2 3 4 5 6 7 8 9 10 15 
Structure 429: 12 1 4 2 8 5 6 7 3 
	-> 1 2 3 4 5 6 7 8 12 
Structure 430: 9 1 4 2 13 5 16 17 3 
	-> 1 2 3 4 5 9 13 16 
Structure 431: 22 9 1 4 2 8 21 7 3 34 
	-> 1 2 3 4 7 8 9 
Structure 432: 9 1 4 2 8 5 6 7 3 
	-> 1 2 3 4 5 6 7 8 9 
Structure 433: 9 1 4 2 8 5 14 16 17 3 
	-> 1 2 3 4 5 8 9 14 16 
Structure 434: 9 1 4 2 8 5 10 6 7 3 
	-> 1 2 3 4 5 6 7 8 9 10 
Structure 435: 12 1 4 2 8 5 10 6 7 3 
	-> 1 2 3 4 5 6 7 8 10 12 
Structure 436: 15 9 1 4 2 8 5 16 17 3 
	-> 1 2 3 4 5 8 9 15 16 
Structure 437: 12 1 4 2 5 20 6 7 3 
	-> 1 2 3 4 5 6 7 12 
Structure 438: 12 1 4 2 5 6 7 3 
	-> 1 2 3 4 5 6 7 12 
Structure 439: 9 1 4 2 5 16 17 3 
	-> 1 2 3 4 5 9 16 
Structure 440: 9 1 4 2 8 5 14 6 7 3 
	-> 1 2 3 4 5 6 7 8 9 14 
Structure 441: 9 1 4 2 8 5 10 6 7 3 
	-> 1 2 3 4 5 6 7 8 9 10 
Structure 442: 28 31 1 4 2 6 7 3 
	-> 1 2 3 4 6 7 
Structure 443: 15 9 1 4 2 13 5 16 17 3 
	-> 1 2 3 4 5 9 13 15 16 
Structure 444: 9 1 4 2 5 10 6 7 3 
	-> 1 2 3 4 5 6 7 9 10 
Structure 445: 12 1 4 2 13 5 6 7 3 
	-> 1 2 3 4 5 6 7 12 13 
Structure 446: 9 1 4 2 8 5 6 7 3 
	-> 1 2 3 4 5 6 7 8 9 
Structure 447: 29 11 1 4 2 13 5 10 6 7 3 
	-> 1 2 3 4 5 6 7 10 11 13 
Structure 448: 9 1 27 2 5 6 7 3 
	-> 1 2 3 5 6 7 9 
Structure 449: 11 1 4 2 8 5 10 6 7 3 
	-> 1 2 3 4 5 6 7 8 10 11 
Structure 450: 15 11 1 4 2 8 5 6 7 3 
	-> 1 2 3 4 5 6 7 8 11 15 
Structure 451: 9 1 4 2 8 5 10 6 7 3 
	-> 1 2 3 4 5 6 7 8 9 10 
Structure 452: 12 1 4 2 8 5 10 6 7 3 
	-> 1 2 3 4 5 6 7 8 10 12 
Structure 453: 9 1 4 2 5 10 6 7 3 
	-> 1 2 3 4 5 6 7 9 10 
Structure 454: 9 1 4 2 8 5 6 7 3 
	-> 1 2 3 4 5 6 7 8 9 
Structure 455: 9 1 4 2 8 5 10 6 7 3 
	-> 1 2 3 4 5 6 7 8 9 10 
Structure 456: 9 1 30 4 2 13 5 6 7 3 
	-> 1 2 3 4 5 6 7 9 13 
Structure 457: 11 1 4 2 5 6 7 3 
	-> 1 2 3 4 5 6 7 11 
Structure 458: 9 1 4 2 13 5 20 6 7 3 
	-> 1 2 3 4 5 6 7 9 13 
Structure 459: 11 1 4 2 5 6 7 3 
	-> 1 2 3 4 5 6 7 11 
Structure 460: 12 1 4 2 13 5 10 6 7 3 
	-> 1 2 3 4 5 6 7 10 12 13 
Structure 461: 12 1 4 2 8 21 3 23 
	-> 1 2 3 4 8 12 
Structure 462: 9 1 4 2 5 6 7 3 
	-> 1 2 3 4 5 6 7 9 
Structure 463: 9 1 4 2 8 5 33 6 7 3 
	-> 1 2 3 4 5 6 7 8 9 
Structure 464: 9 1 4 2 8 5 6 7 3 
	-> 1 2 3 4 5 6 7 8 9 
Structure 465: 9 1 4 2 13 5 6 7 3 
	-> 1 2 3 4 5 6 7 9 13 
Structure 466: 9 1 4 2 8 5 14 6 7 3 
	-> 1 2 3 4 5 6 7 8 9 14 
Structure 467: 12 1 4 2 8 5 10 6 7 3 
	-> 1 2 3 4 5 6 7 8 10 12 
Structure 468: 9 1 4 2 8 5 20 6 7 3 
	-> 1 2 3 4 5 6 7 8 9 
Structure 469: 12 1 4 2 8 5 6 7 3 
	-> 1 2 3 4 5 6 7 8 12 
Structure 470: 11 1 4 2 8 5 10 6 7 3 
	-> 1 2 3 4 5 6 7 8 10 11 
Structure 471: 9 1 4 2 5 10 6 7 3 
	-> 1 2 3 4 5 6 7 9 10 
Structure 472: 12 1 4 2 8 5 16 17 3 
	-> 1 2 3 4 5 8 12 16 
Structure 473: 12 1 4 2 8 5 6 7 3 
	-> 1 2 3 4 5 6 7 8 12 
Structure 474: 9 1 4 2 8 5 10 6 7 3 
	-> 1 2 3 4 5 6 7 8 9 10 
Structure 475: 9 1 4 2 13 5 19 6 7 3 
	-> 1 2 3 4 5 6 7 9 13 
Structure 476: 9 1 4 2 8 5 14 6 7 3 
	-> 1 2 3 4 5 6 7 8 9 14 
Structure 477: 9 1 4 2 13 5 6 7 3 
	-> 1 2 3 4 5 6 7 9 13 
Structure 478: 9 1 4 2 8 5 14 6 7 3 
	-> 1 2 3 4 5 6 7 8 9 14 
Structure 479: 15 11 1 4 2 8 5 16 17 3 
	-> 1 2 3 4 5 8 11 15 16 
Structure 480: 11 1 4 2 13 5 10 6 7 3 
	-> 1 2 3 4 5 6 7 10 11 13 
Structure 481: 1 4 2 8 18 5 19 6 7 3 
	-> 1 2 3 4 5 6 7 8 
Structure 482: 11 1 4 2 5 6 7 3 
	-> 1 2 3 4 5 6 7 11 
Structure 483: 9 1 4 2 8 5 14 6 7 3 
	-> 1 2 3 4 5 6 7 8 9 14 
Structure 484: 9 1 4 2 8 5 14 6 7 3 
	-> 1 2 3 4 5 6 7 8 9 14 
Structure 485: 15 11 1 4 2 8 5 6 7 3 
	-> 1 2 3 4 5 6 7 8 11 15 
Structure 486: 12 1 4 2 8 5 10 6 7 3 
	-> 1 2 3 4 5 6 7 8 10 12 
Structure 487: 9 1 4 2 8 5 10 6 7 3 
	-> 1 2 3 4 5 6 7 8 9 10 
Structure 488: 25 11 1 4 2 8 5 10 6 7 3 
	-> 1 2 3 4 5 6 7 8 10 11 
Structure 489: 15 11 1 4 2 8 5 10 6 7 3 
	-> 1 2 3 4 5 6 7 8 10 11 15 
Structure 490: 15 11 1 4 2 8 5 10 6 7 3 
	-> 1 2 3 4 5 6 7 8 10 11 15 
Structure 491: 15 11 1 4 2 8 5 16 17 3 
	-> 1 2 3 4 5 8 11 15 16 
Structure 492: 15 11 1 4 2 13 5 6 7 3 
	-> 1 2 3 4 5 6 7 11 13 15 
Structure 493: 11 1 4 2 8 5 10 6 7 3 
	-> 1 2 3 4 5 6 7 8 10 11 
Structure 494: 9 1 4 2 5 10 6 7 3 
	-> 1 2 3 4 5 6 7 9 10 
Structure 495: 12 1 4 2 8 5 14 6 7 3 
	-> 1 2 3 4 5 6 7 8 12 14 
Structure 496: 9 1 4 2 8 5 14 6 7 3 
	-> 1 2 3 4 5 6 7 8 9 14 
Structure 497: 1 4 2 5 10 6 7 3 
	-> 1 2 3 4 5 6 7 10 
Structure 498: 1 4 2 8 18 5 16 17 3 
	-> 1 2 3 4 5 8 16 
Structure 499: 9 1 4 2 8 5 10 6 7 3 
	-> 1 2 3 4 5 6 7 8 9 10 
Structure 500: 12 1 4 2 13 5 10 6 7 3 
	-> 1 2 3 4 5 6 7 10 12 13 
Structure 501: 12 1 4 2 5 10 6 7 3 
	-> 1 2 3 4 5 6 7 10 12 
Structure 502: 12 35 1 4 2 13 5 10 6 7 3 
	-> 1 2 3 4 5 6 7 10 12 13 
Structure 503: 9 1 4 2 8 5 10 6 7 3 
	-> 1 2 3 4 5 6 7 8 9 10 
Structure 504: 11 1 2 8 5 10 6 7 3 
	-> 1 2 3 5 6 7 8 10 11 
Structure 505: 9 1 4 2 5 10 6 7 3 
	-> 1 2 3 4 5 6 7 9 10 
Structure 506: 12 1 4 2 5 6 7 3 
	-> 1 2 3 4 5 6 7 12 
Structure 507: 9 1 4 2 8 5 10 6 7 3 
	-> 1 2 3 4 5 6 7 8 9 10 
Structure 508: 49 11 1 4 2 5 10 6 7 3 
	-> 1 2 3 4 5 6 7 10 11 
Structure 509: 12 1 4 2 8 5 6 7 3 
	-> 1 2 3 4 5 6 7 8 12 
Structure 510: 9 1 4 2 8 5 10 6 7 3 
	-> 1 2 3 4 5 6 7 8 9 10 
Structure 511: 9 1 4 2 8 5 19 6 7 3 
	-> 1 2 3 4 5 6 7 8 9 
Structure 512: 15 11 1 4 2 13 5 10 6 7 3 
	-> 1 2 3 4 5 6 7 10 11 13 15 
Structure 513: 15 11 1 4 2 8 5 14 6 7 3 
	-> 1 2 3 4 5 6 7 8 11 14 15 
Structure 514: 15 9 1 4 2 26 5 10 6 7 3 
	-> 1 2 3 4 5 6 7 9 10 15 
Structure 515: 22 11 1 4 2 21 3 32 
	-> 1 2 3 4 11 
Structure 516: 29 11 1 4 2 5 10 6 7 3 
	-> 1 2 3 4 5 6 7 10 11 
Structure 517: 9 1 4 2 8 5 6 7 3 
	-> 1 2 3 4 5 6 7 8 9 
Structure 518: 9 1 4 2 5 16 17 3 
	-> 1 2 3 4 5 9 16 
Structure 519: 9 1 4 2 8 5 14 6 7 3 
	-> 1 2 3 4 5 6 7 8 9 14 
Structure 520: 9 1 4 2 13 5 10 6 7 3 
	-> 1 2 3 4 5 6 7 9 10 13 
Structure 521: 12 1 4 2 8 5 14 6 7 3 
	-> 1 2 3 4 5 6 7 8 12 14 
Structure 522: 9 1 4 2 13 5 10 6 7 3 
	-> 1 2 3 4 5 6 7 9 10 13 
Structure 523: 9 1 4 2 13 5 7 3 23 
	-> 1 2 3 4 5 7 9 13 
Structure 524: 9 1 4 2 8 5 10 6 7 3 
	-> 1 2 3 4 5 6 7 8 9 10 
Structure 525: 11 1 4 2 13 5 6 7 3 
	-> 1 2 3 4 5 6 7 11 13 
Structure 526: 12 1 4 2 8 5 6 7 3 
	-> 1 2 3 4 5 6 7 8 12 
Structure 527: 12 1 27 2 8 5 6 7 3 
	-> 1 2 3 5 6 7 8 12 
Structure 528: 11 1 4 2 13 5 6 7 3 
	-> 1 2 3 4 5 6 7 11 13 
Structure 529: 9 1 4 2 5 6 7 3 
	-> 1 2 3 4 5 6 7 9 
Structure 530: 9 1 4 2 8 5 10 6 7 3 
	-> 1 2 3 4 5 6 7 8 9 10 
Structure 531: 9 1 4 2 8 5 14 6 7 3 
	-> 1 2 3 4 5 6 7 8 9 14 
Structure 532: 9 1 4 2 26 5 10 6 7 3 
	-> 1 2 3 4 5 6 7 9 10 
Structure 533: 12 1 4 2 8 5 16 3 
	-> 1 2 3 4 5 8 12 16 
Structure 534: 9 1 4 2 13 5 10 6 7 3 
	-> 1 2 3 4 5 6 7 9 10 13 
Structure 535: 9 1 4 2 8 5 16 17 3 
	-> 1 2 3 4 5 8 9 16 
Structure 536: 11 1 4 2 8 5 6 7 3 
	-> 1 2 3 4 5 6 7 8 11 
Structure 537: 9 1 4 2 13 5 6 7 3 
	-> 1 2 3 4 5 6 7 9 13 
Structure 538: 9 1 4 2 8 5 10 6 7 3 
	-> 1 2 3 4 5 6 7 8 9 10 
Structure 539: 9 1 4 2 13 5 14 6 7 3 
	-> 1 2 3 4 5 6 7 9 13 14 
Structure 540: 12 1 4 2 8 5 10 6 7 3 
	-> 1 2 3 4 5 6 7 8 10 12 
Structure 541: 9 1 4 2 8 5 6 7 3 
	-> 1 2 3 4 5 6 7 8 9 
Structure 542: 9 1 2 8 5 10 6 7 3 
	-> 1 2 3 5 6 7 8 9 10 
Structure 543: 1 4 2 8 18 5 10 6 7 3 
	-> 1 2 3 4 5 6 7 8 10 
Structure 544: 9 1 4 2 8 5 10 6 7 3 
	-> 1 2 3 4 5 6 7 8 9 10 
Structure 545: 9 1 4 2 13 5 6 7 3 
	-> 1 2 3 4 5 6 7 9 13 
Structure 546: 12 1 4 2 8 5 10 6 7 3 
	-> 1 2 3 4 5 6 7 8 10 12 
Structure 547: 9 1 4 2 8 5 10 6 7 3 
	-> 1 2 3 4 5 6 7 8 9 10 
Structure 548: 9 1 4 2 8 5 14 6 7 3 
	-> 1 2 3 4 5 6 7 8 9 14 
Structure 549: 11 1 4 2 5 10 6 7 3 
	-> 1 2 3 4 5 6 7 10 11 
Structure 550: 15 9 1 4 2 8 5 19 16 17 3 
	-> 1 2 3 4 5 8 9 15 16 
Structure 551: 12 1 4 2 13 5 10 6 7 3 
	-> 1 2 3 4 5 6 7 10 12 13 
Structure 552: 11 1 4 2 13 5 14 6 3 
	-> 1 2 3 4 5 6 11 13 14 
Structure 553: 12 1 4 2 8 5 6 7 3 
	-> 1 2 3 4 5 6 7 8 12 
Structure 554: 12 1 4 2 8 5 16 17 3 
	-> 1 2 3 4 5 8 12 16 
Structure 555: 12 1 4 2 8 5 6 7 3 
	-> 1 2 3 4 5 6 7 8 12 
Structure 556: 1 4 2 8 18 5 16 17 3 
	-> 1 2 3 4 5 8 16 
Structure 557: 9 1 4 2 8 5 10 6 7 3 
	-> 1 2 3 4 5 6 7 8 9 10 
Structure 558: 11 1 4 2 8 5 10 6 7 3 
	-> 1 2 3 4 5 6 7 8 10 11 
Structure 559: 9 1 27 2 5 6 7 3 
	-> 1 2 3 5 6 7 9 
Structure 560: 9 1 4 2 13 5 6 7 3 
	-> 1 2 3 4 5 6 7 9 13 
Structure 561: 12 1 4 2 13 5 10 6 7 3 
	-> 1 2 3 4 5 6 7 10 12 13 
Structure 562: 9 1 4 2 8 5 10 6 7 3 
	-> 1 2 3 4 5 6 7 8 9 10 
Structure 563: 9 1 4 2 8 5 19 6 7 3 
	-> 1 2 3 4 5 6 7 8 9 
Structure 564: 9 1 4 2 8 5 10 6 7 3 
	-> 1 2 3 4 5 6 7 8 9 10 
Structure 565: 9 1 4 2 5 14 6 7 3 
	-> 1 2 3 4 5 6 7 9 14 
Structure 566: 25 9 1 4 2 8 5 10 6 7 3 
	-> 1 2 3 4 5 6 7 8 9 10 
Structure 567: 9 1 4 2 8 5 10 6 7 3 
	-> 1 2 3 4 5 6 7 8 9 10 
Structure 568: 12 1 4 2 8 5 6 7 3 
	-> 1 2 3 4 5 6 7 8 12 
Structure 569: 15 11 1 4 2 8 5 14 6 7 3 
	-> 1 2 3 4 5 6 7 8 11 14 15 
Structure 570: 9 1 4 2 26 5 14 6 7 3 
	-> 1 2 3 4 5 6 7 9 14 
Structure 571: 9 1 4 2 8 5 10 6 7 3 
	-> 1 2 3 4 5 6 7 8 9 10 
Structure 572: 12 1 4 2 8 5 14 6 7 3 
	-> 1 2 3 4 5 6 7 8 12 14 
Structure 573: 12 1 4 2 13 5 16 17 3 
	-> 1 2 3 4 5 12 13 16 
Structure 574: 11 1 4 2 8 5 10 6 7 3 
	-> 1 2 3 4 5 6 7 8 10 11 
Structure 575: 15 11 1 4 2 13 5 6 7 3 
	-> 1 2 3 4 5 6 7 11 13 15 
Structure 576: 15 9 1 4 2 5 19 6 7 3 
	-> 1 2 3 4 5 6 7 9 15 
Structure 577: 1 4 2 13 18 5 10 6 7 3 
	-> 1 2 3 4 5 6 7 10 13 
Structure 578: 9 1 4 2 5 10 6 7 3 
	-> 1 2 3 4 5 6 7 9 10 
Structure 579: 9 1 4 2 5 10 6 7 3 
	-> 1 2 3 4 5 6 7 9 10 
Structure 580: 1 4 2 8 18 5 10 6 7 3 
	-> 1 2 3 4 5 6 7 8 10 
Structure 581: 22 11 1 4 2 8 21 3 23 
	-> 1 2 3 4 8 11 
Structure 582: 15 11 1 4 2 8 5 14 6 7 3 
	-> 1 2 3 4 5 6 7 8 11 14 15 
Structure 583: 12 1 4 2 8 5 10 6 7 3 
	-> 1 2 3 4 5 6 7 8 10 12 
Structure 584: 12 1 4 2 8 5 10 6 7 3 
	-> 1 2 3 4 5 6 7 8 10 12 
Structure 585: 9 1 4 2 8 5 10 6 7 3 
	-> 1 2 3 4 5 6 7 8 9 10 
Structure 586: 29 11 1 4 2 8 5 6 3 
	-> 1 2 3 4 5 6 8 11 
Structure 587: 1 4 2 13 5 16 17 3 
	-> 1 2 3 4 5 13 16 
Structure 588: 9 1 4 2 13 5 6 7 3 
	-> 1 2 3 4 5 6 7 9 13 
Structure 589: 12 1 4 2 8 5 6 7 3 
	-> 1 2 3 4 5 6 7 8 12 
Structure 590: 29 11 1 4 2 8 5 10 6 7 3 
	-> 1 2 3 4 5 6 7 8 10 11 
Structure 591: 9 1 4 2 5 6 7 3 
	-> 1 2 3 4 5 6 7 9 
Structure 592: 12 1 4 2 13 5 10 6 7 3 
	-> 1 2 3 4 5 6 7 10 12 13 
Structure 593: 9 1 4 2 8 5 6 7 3 
	-> 1 2 3 4 5 6 7 8 9 
Structure 594: 12 1 4 2 13 5 10 6 7 3 
	-> 1 2 3 4 5 6 7 10 12 13 
Structure 595: 9 1 4 2 8 5 14 6 7 3 
	-> 1 2 3 4 5 6 7 8 9 14 
Structure 596: 15 11 1 4 2 5 6 7 3 
	-> 1 2 3 4 5 6 7 11 15 
Structure 597: 29 11 1 4 2 8 5 10 6 7 3 
	-> 1 2 3 4 5 6 7 8 10 11 
Structure 598: 9 1 4 2 8 5 14 6 7 3 
	-> 1 2 3 4 5 6 7 8 9 14 
Structure 599: 9 1 4 2 8 5 10 6 7 3 
	-> 1 2 3 4 5 6 7 8 9 10 
Structure 600: 9 1 4 2 13 5 16 17 3 
	-> 1 2 3 4 5 9 13 16 
Structure 601: 9 1 4 2 8 5 10 6 7 3 
	-> 1 2 3 4 5 6 7 8 9 10 
Structure 602: 9 1 4 2 8 5 6 7 3 
	-> 1 2 3 4 5 6 7 8 9 
Structure 603: 11 1 4 2 50 5 10 6 7 3 
	-> 1 2 3 4 5 6 7 10 11 
Structure 604: 12 1 4 2 8 5 14 6 7 3 
	-> 1 2 3 4 5 6 7 8 12 14 
Structure 605: 15 11 1 4 2 8 5 14 6 7 3 
	-> 1 2 3 4 5 6 7 8 11 14 15 
Structure 606: 12 1 4 2 8 5 14 6 7 3 
	-> 1 2 3 4 5 6 7 8 12 14 
Structure 607: 11 1 4 2 13 5 6 7 3 
	-> 1 2 3 4 5 6 7 11 13 
Structure 608: 12 1 4 2 8 5 14 6 7 3 
	-> 1 2 3 4 5 6 7 8 12 14 
Structure 609: 11 1 4 2 8 5 6 7 3 
	-> 1 2 3 4 5 6 7 8 11 
Structure 610: 9 1 4 2 26 5 6 7 3 
	-> 1 2 3 4 5 6 7 9 
Structure 611: 1 4 2 8 5 10 6 7 3 
	-> 1 2 3 4 5 6 7 8 10 
Structure 612: 12 1 4 2 8 5 16 17 3 
	-> 1 2 3 4 5 8 12 16 
Structure 613: 15 11 1 4 2 8 5 6 7 3 
	-> 1 2 3 4 5 6 7 8 11 15 
Structure 614: 1 4 2 18 5 10 6 7 3 
	-> 1 2 3 4 5 6 7 10 
Structure 615: 12 1 4 2 8 5 10 6 7 3 
	-> 1 2 3 4 5 6 7 8 10 12 
Structure 616: 1 4 2 8 18 5 14 16 17 3 
	-> 1 2 3 4 5 8 14 16 
Structure 617: 9 1 4 2 8 5 6 7 3 
	-> 1 2 3 4 5 6 7 8 9 
Structure 618: 12 1 4 2 13 5 14 6 7 3 
	-> 1 2 3 4 5 6 7 12 13 14 
Structure 619: 12 1 4 2 13 5 10 6 7 3 
	-> 1 2 3 4 5 6 7 10 12 13 
Structure 620: 22 9 1 4 2 13 21 3 23 
	-> 1 2 3 4 9 13 
Structure 621: 9 1 4 2 5 14 6 7 3 
	-> 1 2 3 4 5 6 7 9 14 
Structure 622: 28 11 1 4 2 16 17 3 
	-> 1 2 3 4 11 16 
Structure 623: 1 4 2 18 5 10 6 7 3 
	-> 1 2 3 4 5 6 7 10 
Structure 624: 11 1 4 2 8 5 6 7 3 
	-> 1 2 3 4 5 6 7 8 11 
Structure 625: 9 1 4 2 5 14 6 7 3 
	-> 1 2 3 4 5 6 7 9 14 
Structure 626: 12 1 4 2 13 5 10 16 17 3 
	-> 1 2 3 4 5 10 12 13 16 
Structure 627: 1 4 2 5 6 7 3 
	-> 1 2 3 4 5 6 7 
Structure 628: 12 1 4 2 13 5 10 6 7 3 
	-> 1 2 3 4 5 6 7 10 12 13 
Structure 629: 15 11 1 4 2 13 5 19 6 7 3 
	-> 1 2 3 4 5 6 7 11 13 15 
Structure 630: 9 1 4 2 13 5 10 6 7 3 
	-> 1 2 3 4 5 6 7 9 10 13 
Structure 631: 12 1 4 2 8 5 6 7 3 
	-> 1 2 3 4 5 6 7 8 12 
Structure 632: 9 1 4 2 13 5 14 6 7 3 
	-> 1 2 3 4 5 6 7 9 13 14 
Structure 633: 22 11 1 4 2 13 21 3 23 
	-> 1 2 3 4 11 13 
Structure 634: 1 4 2 18 5 10 6 7 3 
	-> 1 2 3 4 5 6 7 10 
Structure 635: 9 1 4 2 8 5 10 6 7 3 
	-> 1 2 3 4 5 6 7 8 9 10 
Structure 636: 12 1 4 2 8 5 14 6 7 3 
	-> 1 2 3 4 5 6 7 8 12 14 
Structure 637: 1 4 2 13 5 10 6 7 3 
	-> 1 2 3 4 5 6 7 10 13 
Structure 638: 15 11 1 4 2 13 5 14 6 7 3 
	-> 1 2 3 4 5 6 7 11 13 14 15 
Structure 639: 9 1 4 2 8 5 19 51 7 3 
	-> 1 2 3 4 5 7 8 9 
Structure 640: 9 1 4 2 5 10 6 7 3 
	-> 1 2 3 4 5 6 7 9 10 
Structure 641: 12 1 4 2 8 5 6 7 3 
	-> 1 2 3 4 5 6 7 8 12 
Structure 642: 12 1 4 2 8 5 10 6 7 3 
	-> 1 2 3 4 5 6 7 8 10 12 
Structure 643: 9 1 4 2 13 5 10 6 7 3 
	-> 1 2 3 4 5 6 7 9 10 13 
Structure 644: 15 11 1 4 2 5 6 7 3 
	-> 1 2 3 4 5 6 7 11 15 
Structure 645: 15 52 11 1 4 2 5 10 6 7 3 
	-> 1 2 3 4 5 6 7 10 11 15 
Structure 646: 9 1 4 2 8 5 10 6 7 3 
	-> 1 2 3 4 5 6 7 8 9 10 
Structure 647: 9 1 4 2 8 5 20 16 17 3 
	-> 1 2 3 4 5 8 9 16 
Structure 648: 9 1 4 2 13 5 6 7 3 
	-> 1 2 3 4 5 6 7 9 13 
Structure 649: 12 1 4 2 8 5 10 6 7 3 
	-> 1 2 3 4 5 6 7 8 10 12 
Structure 650: 9 1 4 2 13 5 6 7 3 
	-> 1 2 3 4 5 6 7 9 13 
Structure 651: 1 4 2 8 5 10 6 7 3 
	-> 1 2 3 4 5 6 7 8 10 
Structure 652: 9 1 4 2 5 10 6 7 3 
	-> 1 2 3 4 5 6 7 9 10 
Structure 653: 9 1 4 2 8 5 10 6 7 3 
	-> 1 2 3 4 5 6 7 8 9 10 
Structure 654: 1 4 2 13 5 20 16 17 3 
	-> 1 2 3 4 5 13 16 
Structure 655: 12 1 4 2 13 5 10 6 7 3 
	-> 1 2 3 4 5 6 7 10 12 13 
Structure 656: 12 53 1 4 2 8 5 6 7 3 
	-> 1 2 3 4 5 6 7 8 12 
Structure 657: 9 1 4 2 5 10 6 7 3 
	-> 1 2 3 4 5 6 7 9 10 
Structure 658: 15 11 1 4 2 13 5 10 6 7 3 
	-> 1 2 3 4 5 6 7 10 11 13 15 
Structure 659: 9 1 4 2 8 5 14 6 7 3 
	-> 1 2 3 4 5 6 7 8 9 14 
Structure 660: 9 1 4 2 8 5 10 6 7 3 
	-> 1 2 3 4 5 6 7 8 9 10 
Structure 661: 15 9 1 4 2 13 5 10 6 7 3 
	-> 1 2 3 4 5 6 7 9 10 13 15 
Structure 662: 9 1 4 2 5 14 6 7 3 
	-> 1 2 3 4 5 6 7 9 14 
Structure 663: 1 4 2 8 5 16 17 3 
	-> 1 2 3 4 5 8 16 
Structure 664: 9 1 4 2 13 5 14 16 17 3 
	-> 1 2 3 4 5 9 13 14 16 
Structure 665: 15 9 1 4 2 8 5 10 6 7 3 
	-> 1 2 3 4 5 6 7 8 9 10 15 
Structure 666: 12 1 4 2 8 5 14 6 7 3 
	-> 1 2 3 4 5 6 7 8 12 14 
Structure 667: 9 1 4 2 8 5 10 6 7 3 
	-> 1 2 3 4 5 6 7 8 9 10 
Structure 668: 9 1 4 2 13 5 6 7 3 
	-> 1 2 3 4 5 6 7 9 13 
Structure 669: 9 1 4 2 8 5 6 7 3 
	-> 1 2 3 4 5 6 7 8 9 
Structure 670: 15 11 1 4 2 13 5 14 6 7 3 
	-> 1 2 3 4 5 6 7 11 13 14 15 
Structure 671: 15 11 1 4 2 13 5 6 7 3 
	-> 1 2 3 4 5 6 7 11 13 15 
Structure 672: 9 1 4 2 8 5 6 7 3 
	-> 1 2 3 4 5 6 7 8 9 
Structure 673: 9 1 4 2 8 5 10 6 7 3 
	-> 1 2 3 4 5 6 7 8 9 10 
Structure 674: 1 4 2 8 5 6 7 3 
	-> 1 2 3 4 5 6 7 8 
Structure 675: 1 4 2 13 18 5 16 17 3 
	-> 1 2 3 4 5 13 16 
Structure 676: 9 1 4 2 8 5 16 17 3 
	-> 1 2 3 4 5 8 9 16 
Structure 677: 1 4 2 18 5 10 6 7 3 
	-> 1 2 3 4 5 6 7 10 
Structure 678: 9 1 4 2 5 10 6 7 3 
	-> 1 2 3 4 5 6 7 9 10 
Structure 679: 12 1 4 2 8 5 10 6 7 3 
	-> 1 2 3 4 5 6 7 8 10 12 
Structure 680: 9 1 4 2 8 5 19 6 7 3 
	-> 1 2 3 4 5 6 7 8 9 
Structure 681: 9 1 4 2 8 24 5 10 6 7 3 
	-> 1 2 3 4 5 6 7 8 9 10 
Structure 682: 9 1 4 2 8 5 14 6 7 3 
	-> 1 2 3 4 5 6 7 8 9 14 
Structure 683: 9 1 4 2 8 5 10 6 7 3 
	-> 1 2 3 4 5 6 7 8 9 10 
Structure 684: 12 1 4 2 8 5 16 17 3 
	-> 1 2 3 4 5 8 12 16 
Structure 685: 9 1 4 2 8 5 10 6 7 3 
	-> 1 2 3 4 5 6 7 8 9 10 
Structure 686: 9 1 4 2 5 6 7 3 
	-> 1 2 3 4 5 6 7 9 
Structure 687: 15 11 1 4 2 5 16 17 3 
	-> 1 2 3 4 5 11 15 16 
Structure 688: 9 1 4 2 5 14 16 17 3 
	-> 1 2 3 4 5 9 14 16 
Structure 689: 9 1 4 2 13 5 16 17 3 
	-> 1 2 3 4 5 9 13 16 
Structure 690: 11 1 4 2 5 19 10 6 7 3 
	-> 1 2 3 4 5 6 7 10 11 
Structure 691: 9 1 4 2 8 5 16 3 
	-> 1 2 3 4 5 8 9 16 
Structure 692: 12 1 4 2 5 10 6 7 3 
	-> 1 2 3 4 5 6 7 10 12 
Structure 693: 9 1 4 2 8 5 14 6 3 
	-> 1 2 3 4 5 6 8 9 14 
Structure 694: 15 11 1 4 2 8 5 14 6 7 3 
	-> 1 2 3 4 5 6 7 8 11 14 15 
Structure 695: 9 1 4 2 13 5 6 7 3 
	-> 1 2 3 4 5 6 7 9 13 
Structure 696: 1 4 2 13 5 10 6 7 3 
	-> 1 2 3 4 5 6 7 10 13 
Structure 697: 9 1 4 2 8 5 10 6 7 3 
	-> 1 2 3 4 5 6 7 8 9 10 
Structure 698: 9 1 4 2 5 14 6 7 3 
	-> 1 2 3 4 5 6 7 9 14 
Structure 699: 9 1 2 8 5 19 6 7 3 
	-> 1 2 3 5 6 7 8 9 
Structure 700: 9 1 4 2 26 5 6 7 3 
	-> 1 2 3 4 5 6 7 9 
Structure 701: 11 1 4 2 8 5 10 6 7 3 
	-> 1 2 3 4 5 6 7 8 10 11 
Structure 702: 9 1 4 2 8 5 10 6 7 3 
	-> 1 2 3 4 5 6 7 8 9 10 
Structure 703: 9 1 4 2 13 5 10 6 7 3 
	-> 1 2 3 4 5 6 7 9 10 13 
Structure 704: 9 1 4 2 8 5 6 7 3 
	-> 1 2 3 4 5 6 7 8 9 
Structure 705: 1 4 2 18 5 6 7 3 
	-> 1 2 3 4 5 6 7 
Structure 706: 15 11 1 4 2 8 5 14 6 7 3 
	-> 1 2 3 4 5 6 7 8 11 14 15 
Structure 707: 9 1 4 2 8 5 19 6 7 3 
	-> 1 2 3 4 5 6 7 8 9 
Structure 708: 15 9 1 2 8 5 14 6 7 3 
	-> 1 2 3 5 6 7 8 9 14 15 
Structure 709: 15 11 1 4 2 5 10 6 7 3 
	-> 1 2 3 4 5 6 7 10 11 15 
Structure 710: 9 1 4 2 13 5 14 6 7 3 
	-> 1 2 3 4 5 6 7 9 13 14 
Structure 711: 15 11 1 4 2 13 5 16 17 3 
	-> 1 2 3 4 5 11 13 15 16 
Structure 712: 9 1 4 2 8 5 10 6 7 3 
	-> 1 2 3 4 5 6 7 8 9 10 
Structure 713: 12 1 2 8 5 10 6 7 3 
	-> 1 2 3 5 6 7 8 10 12 
Structure 714: 12 1 4 2 8 5 10 6 7 3 
	-> 1 2 3 4 5 6 7 8 10 12 
Structure 715: 9 1 4 2 5 14 6 7 3 
	-> 1 2 3 4 5 6 7 9 14 
Structure 716: 9 1 4 2 24 5 10 6 7 3 
	-> 1 2 3 4 5 6 7 9 10 
Structure 717: 11 1 4 2 8 5 10 6 7 3 
	-> 1 2 3 4 5 6 7 8 10 11 
Structure 718: 22 11 1 27 2 8 21 3 32 
	-> 1 2 3 8 11 
Structure 719: 1 4 2 13 5 10 6 7 3 
	-> 1 2 3 4 5 6 7 10 13 
Structure 720: 12 1 4 2 8 21 7 3 34 
	-> 1 2 3 4 7 8 12 
Structure 721: 9 1 4 2 8 5 6 7 3 
	-> 1 2 3 4 5 6 7 8 9 
Structure 722: 9 1 4 2 13 5 16 17 3 
	-> 1 2 3 4 5 9 13 16 
Structure 723: 1 4 2 8 18 5 6 7 3 
	-> 1 2 3 4 5 6 7 8 
Structure 724: 9 1 4 2 8 5 10 6 7 3 
	-> 1 2 3 4 5 6 7 8 9 10 
Structure 725: 12 1 4 2 13 5 20 16 17 3 
	-> 1 2 3 4 5 12 13 16 
Structure 726: 9 1 4 2 8 5 6 7 3 
	-> 1 2 3 4 5 6 7 8 9 
Structure 727: 11 1 4 2 5 6 7 3 
	-> 1 2 3 4 5 6 7 11 
Structure 728: 9 1 4 2 13 5 10 6 7 3 
	-> 1 2 3 4 5 6 7 9 10 13 
Structure 729: 12 54 1 4 2 8 5 38 10 6 7 3 
	-> 1 2 3 4 5 6 7 8 10 12 
Structure 730: 12 1 4 2 8 5 10 6 7 3 
	-> 1 2 3 4 5 6 7 8 10 12 
Structure 731: 9 1 4 2 5 20 16 17 3 
	-> 1 2 3 4 5 9 16 
Structure 732: 1 4 2 8 5 10 6 7 3 
	-> 1 2 3 4 5 6 7 8 10 
Structure 733: 22 9 1 4 2 8 40 36 6 3 
	-> 1 2 3 4 6 8 9 
Structure 734: 15 11 1 4 2 8 5 16 17 3 
	-> 1 2 3 4 5 8 11 15 16 
Structure 735: 12 1 4 2 8 5 6 7 3 
	-> 1 2 3 4 5 6 7 8 12 
Structure 736: 9 1 4 2 8 5 14 6 7 3 
	-> 1 2 3 4 5 6 7 8 9 14 
Structure 737: 9 1 4 2 5 10 6 7 3 
	-> 1 2 3 4 5 6 7 9 10 
Structure 738: 9 1 4 2 8 5 16 17 3 
	-> 1 2 3 4 5 8 9 16 
Structure 739: 9 1 4 2 5 10 6 7 3 
	-> 1 2 3 4 5 6 7 9 10 
Structure 740: 12 1 4 2 8 5 10 6 7 3 
	-> 1 2 3 4 5 6 7 8 10 12 
Structure 741: 12 1 4 2 8 5 16 17 3 
	-> 1 2 3 4 5 8 12 16 
Structure 742: 9 1 4 2 8 5 6 7 3 
	-> 1 2 3 4 5 6 7 8 9 
Structure 743: 15 11 1 4 2 8 5 19 6 7 3 
	-> 1 2 3 4 5 6 7 8 11 15 
Structure 744: 12 1 4 2 5 10 6 7 3 
	-> 1 2 3 4 5 6 7 10 12 
Structure 745: 1 4 2 8 5 14 6 7 3 
	-> 1 2 3 4 5 6 7 8 14 
Structure 746: 22 11 1 4 2 8 40 36 6 7 3 
	-> 1 2 3 4 6 7 8 11 
Structure 747: 1 4 2 13 5 10 6 7 3 
	-> 1 2 3 4 5 6 7 10 13 
Structure 748: 15 11 1 4 2 13 5 6 7 3 
	-> 1 2 3 4 5 6 7 11 13 15 
Structure 749: 9 1 4 2 8 5 14 6 7 3 
	-> 1 2 3 4 5 6 7 8 9 14 
Structure 750: 1 4 2 8 18 5 6 7 3 
	-> 1 2 3 4 5 6 7 8 
Structure 751: 15 11 1 2 5 10 6 7 3 
	-> 1 2 3 5 6 7 10 11 15 
Structure 752: 9 1 2 8 5 16 17 3 
	-> 1 2 3 5 8 9 16 
Structure 753: 9 1 4 2 8 5 10 6 7 3 
	-> 1 2 3 4 5 6 7 8 9 10 
Structure 754: 15 9 1 4 2 8 5 10 6 7 3 
	-> 1 2 3 4 5 6 7 8 9 10 15 
Structure 755: 9 1 4 2 13 5 6 7 3 
	-> 1 2 3 4 5 6 7 9 13 
Structure 756: 1 4 2 13 18 5 20 6 7 3 
	-> 1 2 3 4 5 6 7 13 
Structure 757: 9 1 4 2 8 5 10 6 7 3 
	-> 1 2 3 4 5 6 7 8 9 10 
Structure 758: 9 1 4 2 24 5 16 17 3 
	-> 1 2 3 4 5 9 16 
Structure 759: 9 1 4 2 5 6 7 3 
	-> 1 2 3 4 5 6 7 9 
Structure 760: 11 1 4 2 8 5 10 6 7 3 
	-> 1 2 3 4 5 6 7 8 10 11 
Structure 761: 9 1 4 2 8 5 10 6 7 3 
	-> 1 2 3 4 5 6 7 8 9 10 
Structure 762: 12 1 4 2 8 5 10 6 7 3 
	-> 1 2 3 4 5 6 7 8 10 12 
Structure 763: 12 1 4 2 8 5 10 6 7 3 
	-> 1 2 3 4 5 6 7 8 10 12 
Structure 764: 9 1 4 2 13 5 6 7 3 
	-> 1 2 3 4 5 6 7 9 13 
Structure 765: 9 1 4 2 8 5 16 17 3 
	-> 1 2 3 4 5 8 9 16 
Structure 766: 9 1 4 2 5 10 6 7 3 
	-> 1 2 3 4 5 6 7 9 10 
Structure 767: 9 1 27 2 8 5 10 6 7 3 
	-> 1 2 3 5 6 7 8 9 10 
Structure 768: 9 1 4 2 8 5 10 6 7 3 
	-> 1 2 3 4 5 6 7 8 9 10 
Structure 769: 1 4 2 5 6 7 3 
	-> 1 2 3 4 5 6 7 
Structure 770: 9 1 4 2 8 5 10 6 7 3 
	-> 1 2 3 4 5 6 7 8 9 10 
Structure 771: 12 1 4 2 8 5 10 6 7 3 
	-> 1 2 3 4 5 6 7 8 10 12 
Structure 772: 15 11 1 4 2 8 5 16 3 
	-> 1 2 3 4 5 8 11 15 16 
Structure 773: 12 1 4 2 8 5 10 16 17 3 
	-> 1 2 3 4 5 8 10 12 16 
Structure 774: 15 9 1 4 2 5 10 6 7 3 
	-> 1 2 3 4 5 6 7 9 10 15 
Structure 775: 9 1 4 2 8 5 10 6 7 3 
	-> 1 2 3 4 5 6 7 8 9 10 
Structure 776: 12 1 4 2 5 10 6 7 3 
	-> 1 2 3 4 5 6 7 10 12 
Structure 777: 9 1 4 2 5 6 7 3 
	-> 1 2 3 4 5 6 7 9 
Structure 778: 11 1 30 4 2 8 5 14 6 7 3 
	-> 1 2 3 4 5 6 7 8 11 14 
Structure 779: 11 1 4 2 5 10 6 7 3 
	-> 1 2 3 4 5 6 7 10 11 
Structure 780: 15 11 1 4 2 13 5 10 6 7 3 
	-> 1 2 3 4 5 6 7 10 11 13 15 
Structure 781: 12 1 4 2 8 5 14 6 7 3 
	-> 1 2 3 4 5 6 7 8 12 14 
Structure 782: 28 31 1 4 2 8 6 7 3 
	-> 1 2 3 4 6 7 8 
Structure 783: 12 1 4 2 8 5 10 6 7 3 
	-> 1 2 3 4 5 6 7 8 10 12 
Structure 784: 1 4 2 8 18 5 20 14 6 7 3 
	-> 1 2 3 4 5 6 7 8 14 
Structure 785: 12 1 4 2 5 14 6 7 3 
	-> 1 2 3 4 5 6 7 12 14 
Structure 786: 9 1 4 2 8 5 10 6 7 3 
	-> 1 2 3 4 5 6 7 8 9 10 
Structure 787: 9 1 4 2 5 6 7 3 
	-> 1 2 3 4 5 6 7 9 
Structure 788: 12 1 4 2 8 5 16 17 3 
	-> 1 2 3 4 5 8 12 16 
Structure 789: 12 1 4 2 8 5 6 7 3 
	-> 1 2 3 4 5 6 7 8 12 
Structure 790: 12 1 4 2 5 10 6 7 3 
	-> 1 2 3 4 5 6 7 10 12 
Structure 791: 9 1 4 2 8 5 14 6 7 3 
	-> 1 2 3 4 5 6 7 8 9 14 
Structure 792: 25 12 1 4 2 13 5 10 6 7 3 
	-> 1 2 3 4 5 6 7 10 12 13 
Structure 793: 9 1 4 2 5 10 6 7 3 
	-> 1 2 3 4 5 6 7 9 10 
Structure 794: 9 1 4 2 8 5 10 6 7 3 
	-> 1 2 3 4 5 6 7 8 9 10 
Structure 795: 9 1 4 2 13 5 6 7 3 
	-> 1 2 3 4 5 6 7 9 13 
Structure 796: 9 1 4 2 8 5 14 6 7 3 
	-> 1 2 3 4 5 6 7 8 9 14 
Structure 797: 9 1 4 2 5 10 6 7 3 
	-> 1 2 3 4 5 6 7 9 10 
Structure 798: 9 1 4 2 8 5 14 6 7 3 
	-> 1 2 3 4 5 6 7 8 9 14 
Structure 799: 9 1 4 2 13 5 6 7 3 
	-> 1 2 3 4 5 6 7 9 13 
Structure 800: 1 4 2 24 18 5 16 17 3 
	-> 1 2 3 4 5 16 
Structure 801: 12 1 4 2 13 5 10 6 7 3 
	-> 1 2 3 4 5 6 7 10 12 13 
Structure 802: 37 22 9 1 4 2 8 21 3 32 
	-> 1 2 3 4 8 9 
Structure 803: 12 1 4 2 8 5 19 6 7 3 
	-> 1 2 3 4 5 6 7 8 12 
Structure 804: 15 11 1 4 2 8 5 39 16 17 3 
	-> 1 2 3 4 5 8 11 15 16 
Structure 805: 12 1 4 2 8 5 10 6 7 3 
	-> 1 2 3 4 5 6 7 8 10 12 
Structure 806: 15 11 1 4 2 5 10 6 7 3 
	-> 1 2 3 4 5 6 7 10 11 15 
Structure 807: 9 1 4 2 8 5 10 6 7 3 
	-> 1 2 3 4 5 6 7 8 9 10 
Structure 808: 9 1 30 4 2 5 10 6 7 3 
	-> 1 2 3 4 5 6 7 9 10 
Structure 809: 11 1 4 2 8 5 10 6 7 3 
	-> 1 2 3 4 5 6 7 8 10 11 
Structure 810: 9 1 4 2 5 10 6 7 3 
	-> 1 2 3 4 5 6 7 9 10 
Structure 811: 9 1 4 2 8 5 16 17 3 
	-> 1 2 3 4 5 8 9 16 
Structure 812: 12 1 4 2 8 5 16 17 3 
	-> 1 2 3 4 5 8 12 16 
Structure 813: 9 1 4 2 8 5 10 6 7 3 
	-> 1 2 3 4 5 6 7 8 9 10 
Structure 814: 15 11 1 4 2 5 6 7 3 
	-> 1 2 3 4 5 6 7 11 15 
Structure 815: 9 1 4 2 5 10 6 3 
	-> 1 2 3 4 5 6 9 10 
Structure 816: 15 11 1 4 2 13 5 6 7 3 
	-> 1 2 3 4 5 6 7 11 13 15 
Structure 817: 9 1 4 2 8 5 16 17 3 
	-> 1 2 3 4 5 8 9 16 
Structure 818: 11 1 4 2 8 5 6 7 3 
	-> 1 2 3 4 5 6 7 8 11 
Structure 819: 12 1 4 2 8 5 6 7 3 
	-> 1 2 3 4 5 6 7 8 12 
Structure 820: 9 1 4 2 8 5 10 6 7 3 
	-> 1 2 3 4 5 6 7 8 9 10 
Structure 821: 15 11 1 4 2 8 5 10 6 7 3 
	-> 1 2 3 4 5 6 7 8 10 11 15 
Structure 822: 9 1 4 2 8 5 20 14 6 7 3 
	-> 1 2 3 4 5 6 7 8 9 14 
Structure 823: 11 1 4 2 5 10 6 7 3 
	-> 1 2 3 4 5 6 7 10 11 
Structure 824: 1 4 2 13 5 10 6 7 3 
	-> 1 2 3 4 5 6 7 10 13 
Structure 825: 1 4 2 8 5 10 6 7 3 
	-> 1 2 3 4 5 6 7 8 10 
Structure 826: 9 1 4 2 8 5 6 7 3 
	-> 1 2 3 4 5 6 7 8 9 
Structure 827: 9 1 4 2 13 5 10 6 7 3 
	-> 1 2 3 4 5 6 7 9 10 13 
Structure 828: 9 1 4 2 8 5 16 17 3 
	-> 1 2 3 4 5 8 9 16 
Structure 829: 29 11 1 4 2 13 5 10 6 7 3 
	-> 1 2 3 4 5 6 7 10 11 13 
Structure 830: 1 4 2 8 5 14 6 7 3 
	-> 1 2 3 4 5 6 7 8 14 
Structure 831: 12 1 4 2 8 5 16 17 3 
	-> 1 2 3 4 5 8 12 16 
Structure 832: 9 1 4 2 13 5 10 6 7 3 
	-> 1 2 3 4 5 6 7 9 10 13 
Structure 833: 9 1 4 2 5 14 6 7 3 
	-> 1 2 3 4 5 6 7 9 14 
Structure 834: 12 1 4 2 8 5 10 6 7 3 
	-> 1 2 3 4 5 6 7 8 10 12 
Structure 835: 12 1 4 2 5 10 6 7 3 
	-> 1 2 3 4 5 6 7 10 12 
Structure 836: 25 9 1 4 2 8 5 10 6 7 3 
	-> 1 2 3 4 5 6 7 8 9 10 
Structure 837: 9 1 27 2 5 14 6 7 3 
	-> 1 2 3 5 6 7 9 14 
Structure 838: 9 1 4 2 5 6 7 3 
	-> 1 2 3 4 5 6 7 9 
Structure 839: 9 1 4 2 13 5 10 6 7 3 
	-> 1 2 3 4 5 6 7 9 10 13 
Structure 840: 9 1 4 2 8 5 10 6 7 3 
	-> 1 2 3 4 5 6 7 8 9 10 
Structure 841: 9 1 4 2 8 5 14 6 7 3 
	-> 1 2 3 4 5 6 7 8 9 14 
Structure 842: 11 1 4 2 13 5 16 17 3 
	-> 1 2 3 4 5 11 13 16 
Structure 843: 11 1 4 2 5 16 17 3 
	-> 1 2 3 4 5 11 16 
Structure 844: 9 1 4 2 5 14 6 7 3 
	-> 1 2 3 4 5 6 7 9 14 
Structure 845: 9 1 4 2 8 5 14 6 7 3 
	-> 1 2 3 4 5 6 7 8 9 14 
Structure 846: 12 1 4 2 5 19 6 7 3 
	-> 1 2 3 4 5 6 7 12 
Structure 847: 1 4 2 8 5 6 7 3 
	-> 1 2 3 4 5 6 7 8 
Structure 848: 9 1 4 2 8 5 14 6 7 3 
	-> 1 2 3 4 5 6 7 8 9 14 
Structure 849: 15 11 1 4 2 8 5 6 7 3 
	-> 1 2 3 4 5 6 7 8 11 15 
Structure 850: 9 1 4 2 8 5 19 6 7 3 
	-> 1 2 3 4 5 6 7 8 9 
Structure 851: 9 1 4 2 5 10 6 7 3 
	-> 1 2 3 4 5 6 7 9 10 
Structure 852: 9 1 4 2 8 5 10 6 7 3 
	-> 1 2 3 4 5 6 7 8 9 10 
Structure 853: 9 1 4 2 8 5 14 6 7 3 
	-> 1 2 3 4 5 6 7 8 9 14 
Structure 854: 9 1 4 2 8 5 33 6 7 3 
	-> 1 2 3 4 5 6 7 8 9 
Structure 855: 12 1 4 2 8 5 14 6 7 3 
	-> 1 2 3 4 5 6 7 8 12 14 
Structure 856: 9 1 4 2 5 10 6 7 3 
	-> 1 2 3 4 5 6 7 9 10 
Structure 857: 25 11 1 2 8 24 5 20 6 7 3 
	-> 1 2 3 5 6 7 8 11 
Structure 858: 9 1 4 2 5 10 6 7 3 
	-> 1 2 3 4 5 6 7 9 10 
Structure 859: 9 1 4 2 8 5 16 17 3 
	-> 1 2 3 4 5 8 9 16 
Structure 860: 11 1 4 2 8 5 10 6 7 3 
	-> 1 2 3 4 5 6 7 8 10 11 
Structure 861: 15 11 1 4 2 13 5 10 6 7 3 
	-> 1 2 3 4 5 6 7 10 11 13 15 
Structure 862: 9 1 4 2 5 14 6 7 3 
	-> 1 2 3 4 5 6 7 9 14 
Structure 863: 9 1 4 2 8 5 16 17 3 
	-> 1 2 3 4 5 8 9 16 
Structure 864: 1 4 2 8 5 6 7 3 
	-> 1 2 3 4 5 6 7 8 
Structure 865: 12 1 4 2 5 14 6 7 3 
	-> 1 2 3 4 5 6 7 12 14 
Structure 866: 11 1 4 2 8 5 10 6 7 3 
	-> 1 2 3 4 5 6 7 8 10 11 
Structure 867: 22 11 1 4 2 13 21 3 23 
	-> 1 2 3 4 11 13 
Structure 868: 15 1 4 2 8 5 10 6 7 3 
	-> 1 2 3 4 5 6 7 8 10 15 
Structure 869: 1 4 2 8 18 5 6 7 3 
	-> 1 2 3 4 5 6 7 8 
Structure 870: 22 11 1 4 2 13 21 3 23 
	-> 1 2 3 4 11 13 
Structure 871: 11 1 4 2 13 5 6 7 3 
	-> 1 2 3 4 5 6 7 11 13 
Structure 872: 15 9 1 4 2 8 5 10 6 7 3 
	-> 1 2 3 4 5 6 7 8 9 10 15 
Structure 873: 12 1 4 2 8 5 10 6 7 3 
	-> 1 2 3 4 5 6 7 8 10 12 
Structure 874: 15 11 1 4 2 8 5 14 6 7 3 
	-> 1 2 3 4 5 6 7 8 11 14 15 
Structure 875: 9 1 4 2 13 5 10 6 7 3 
	-> 1 2 3 4 5 6 7 9 10 13 
Structure 876: 9 1 4 2 13 5 10 6 7 3 
	-> 1 2 3 4 5 6 7 9 10 13 
Structure 877: 9 1 4 2 8 5 14 6 7 3 
	-> 1 2 3 4 5 6 7 8 9 14 
Structure 878: 9 1 4 2 5 20 16 17 3 
	-> 1 2 3 4 5 9 16 
Structure 879: 11 1 4 2 8 5 10 6 7 3 
	-> 1 2 3 4 5 6 7 8 10 11 
Structure 880: 9 1 4 2 5 14 6 7 3 
	-> 1 2 3 4 5 6 7 9 14 
Structure 881: 11 1 4 2 5 19 6 7 3 
	-> 1 2 3 4 5 6 7 11 
Structure 882: 12 1 4 2 8 5 10 6 7 3 
	-> 1 2 3 4 5 6 7 8 10 12 
Structure 883: 9 1 4 2 13 5 14 6 7 3 
	-> 1 2 3 4 5 6 7 9 13 14 
Structure 884: 9 1 4 2 8 5 10 6 7 3 
	-> 1 2 3 4 5 6 7 8 9 10 
Structure 885: 9 1 4 2 5 10 6 7 3 
	-> 1 2 3 4 5 6 7 9 10 
Structure 886: 9 1 4 2 13 5 10 6 7 3 
	-> 1 2 3 4 5 6 7 9 10 13 
Structure 887: 9 1 4 2 8 5 16 17 3 
	-> 1 2 3 4 5 8 9 16 
Structure 888: 11 1 4 2 8 5 33 6 7 3 
	-> 1 2 3 4 5 6 7 8 11 
Structure 889: 1 4 2 8 5 10 6 7 3 
	-> 1 2 3 4 5 6 7 8 10 
Structure 890: 12 1 2 8 5 10 6 7 3 
	-> 1 2 3 5 6 7 8 10 12 
Structure 891: 9 1 4 2 13 5 14 6 7 3 
	-> 1 2 3 4 5 6 7 9 13 14 
Structure 892: 12 1 4 2 8 5 20 6 7 3 
	-> 1 2 3 4 5 6 7 8 12 
Structure 893: 9 1 4 2 8 5 10 6 7 3 
	-> 1 2 3 4 5 6 7 8 9 10 
Structure 894: 11 1 4 2 8 5 10 6 7 3 
	-> 1 2 3 4 5 6 7 8 10 11 
Structure 895: 9 1 4 2 13 5 16 17 3 
	-> 1 2 3 4 5 9 13 16 
Structure 896: 12 1 4 2 8 5 16 17 3 
	-> 1 2 3 4 5 8 12 16 
Structure 897: 15 9 1 4 2 13 5 10 6 7 3 
	-> 1 2 3 4 5 6 7 9 10 13 15 
Structure 898: 9 1 4 2 5 10 6 7 3 
	-> 1 2 3 4 5 6 7 9 10 
Structure 899: 12 1 4 2 24 5 10 6 7 3 
	-> 1 2 3 4 5 6 7 10 12 
Structure 900: 15 11 1 4 2 8 5 10 6 7 3 
	-> 1 2 3 4 5 6 7 8 10 11 15 
Structure 901: 12 1 4 2 5 10 6 7 3 
	-> 1 2 3 4 5 6 7 10 12 
Structure 902: 9 1 4 2 8 5 10 6 7 3 
	-> 1 2 3 4 5 6 7 8 9 10 
Structure 903: 11 1 4 2 24 5 6 7 3 
	-> 1 2 3 4 5 6 7 11 
Structure 904: 15 11 1 4 2 13 5 10 6 7 3 
	-> 1 2 3 4 5 6 7 10 11 13 15 
Structure 905: 9 1 4 2 5 16 17 3 
	-> 1 2 3 4 5 9 16 
Structure 906: 15 11 1 4 2 26 5 6 7 3 
	-> 1 2 3 4 5 6 7 11 15 
Structure 907: 12 1 4 2 8 5 16 17 3 
	-> 1 2 3 4 5 8 12 16 
Structure 908: 11 1 4 2 8 5 10 16 17 3 
	-> 1 2 3 4 5 8 10 11 16 
Structure 909: 9 1 4 2 5 10 6 7 3 
	-> 1 2 3 4 5 6 7 9 10 
Structure 910: 12 1 4 2 5 19 6 7 3 
	-> 1 2 3 4 5 6 7 12 
Structure 911: 15 11 1 4 2 8 5 19 6 7 3 
	-> 1 2 3 4 5 6 7 8 11 15 
Structure 912: 9 1 4 2 8 5 14 6 3 
	-> 1 2 3 4 5 6 8 9 14 
Structure 913: 9 1 4 2 5 10 6 7 3 
	-> 1 2 3 4 5 6 7 9 10 
Structure 914: 9 1 4 2 5 10 6 7 3 
	-> 1 2 3 4 5 6 7 9 10 
Structure 915: 1 4 2 5 10 6 7 3 
	-> 1 2 3 4 5 6 7 10 
Structure 916: 12 35 1 4 2 8 5 10 6 7 3 
	-> 1 2 3 4 5 6 7 8 10 12 
Structure 917: 9 1 4 2 8 5 10 6 7 3 
	-> 1 2 3 4 5 6 7 8 9 10 
Structure 918: 1 4 2 8 18 5 10 6 7 3 
	-> 1 2 3 4 5 6 7 8 10 
Structure 919: 12 1 4 2 8 5 6 7 3 
	-> 1 2 3 4 5 6 7 8 12 
Structure 920: 15 11 1 4 2 5 14 6 7 3 
	-> 1 2 3 4 5 6 7 11 14 15 
Structure 921: 12 1 4 2 5 6 7 3 
	-> 1 2 3 4 5 6 7 12 
Structure 922: 11 1 4 2 8 5 14 6 7 3 
	-> 1 2 3 4 5 6 7 8 11 14 
Structure 923: 11 1 4 2 13 5 16 17 3 
	-> 1 2 3 4 5 11 13 16 
Structure 924: 15 9 1 4 2 13 5 6 7 3 
	-> 1 2 3 4 5 6 7 9 13 15 
Structure 925: 9 1 4 2 5 14 6 7 3 
	-> 1 2 3 4 5 6 7 9 14 
Structure 926: 9 1 4 2 8 5 10 6 7 3 
	-> 1 2 3 4 5 6 7 8 9 10 
Structure 927: 12 1 4 2 8 5 10 6 3 
	-> 1 2 3 4 5 6 8 10 12 
Structure 928: 11 1 4 2 5 14 6 7 3 
	-> 1 2 3 4 5 6 7 11 14 
Structure 929: 15 11 1 4 2 8 5 10 6 7 3 
	-> 1 2 3 4 5 6 7 8 10 11 15 
Structure 930: 9 1 4 2 5 10 6 7 3 
	-> 1 2 3 4 5 6 7 9 10 
Structure 931: 15 9 1 4 2 5 16 17 3 
	-> 1 2 3 4 5 9 15 16 
Structure 932: 9 1 4 2 8 5 10 6 7 3 
	-> 1 2 3 4 5 6 7 8 9 10 
Structure 933: 12 1 4 2 8 5 16 17 3 
	-> 1 2 3 4 5 8 12 16 
Structure 934: 12 1 4 2 13 5 10 6 7 3 
	-> 1 2 3 4 5 6 7 10 12 13 
Structure 935: 9 1 4 2 8 5 14 6 3 
	-> 1 2 3 4 5 6 8 9 14 
Structure 936: 9 1 4 2 5 14 6 7 3 
	-> 1 2 3 4 5 6 7 9 14 
Structure 937: 9 1 4 2 8 5 14 6 7 3 
	-> 1 2 3 4 5 6 7 8 9 14 
Structure 938: 12 1 4 2 13 5 10 6 7 3 
	-> 1 2 3 4 5 6 7 10 12 13 
Structure 939: 11 1 4 2 8 5 20 16 17 3 
	-> 1 2 3 4 5 8 11 16 
Structure 940: 15 11 1 4 2 5 10 6 7 3 
	-> 1 2 3 4 5 6 7 10 11 15 
Structure 941: 12 1 4 2 26 5 6 7 3 
	-> 1 2 3 4 5 6 7 12 
Structure 942: 11 1 4 2 13 5 16 3 
	-> 1 2 3 4 5 11 13 16 
Structure 943: 12 1 4 2 13 5 14 6 7 3 
	-> 1 2 3 4 5 6 7 12 13 14 
Structure 944: 12 1 4 2 8 5 19 6 7 3 
	-> 1 2 3 4 5 6 7 8 12 
Structure 945: 12 1 4 2 8 5 10 6 7 3 
	-> 1 2 3 4 5 6 7 8 10 12 
Structure 946: 15 9 1 4 2 5 10 6 7 3 
	-> 1 2 3 4 5 6 7 9 10 15 
Structure 947: 9 1 4 2 8 5 14 6 7 3 
	-> 1 2 3 4 5 6 7 8 9 14 
Structure 948: 15 11 1 4 2 8 5 20 16 17 3 
	-> 1 2 3 4 5 8 11 15 16 
Structure 949: 1 4 2 8 18 5 19 6 7 3 
	-> 1 2 3 4 5 6 7 8 
Structure 950: 15 11 1 4 2 13 5 6 7 3 
	-> 1 2 3 4 5 6 7 11 13 15 
Structure 951: 9 1 4 2 8 5 10 6 7 3 
	-> 1 2 3 4 5 6 7 8 9 10 
Structure 952: 12 1 4 2 13 5 6 7 3 
	-> 1 2 3 4 5 6 7 12 13 
Structure 953: 15 11 1 4 2 13 5 6 7 3 
	-> 1 2 3 4 5 6 7 11 13 15 
Structure 954: 12 1 4 2 8 5 6 7 3 
	-> 1 2 3 4 5 6 7 8 12 
Structure 955: 9 1 4 2 13 5 10 6 7 3 
	-> 1 2 3 4 5 6 7 9 10 13 
Structure 956: 9 1 4 2 8 5 16 17 3 
	-> 1 2 3 4 5 8 9 16 
Structure 957: 9 1 4 2 5 6 7 3 
	-> 1 2 3 4 5 6 7 9 
Structure 958: 9 1 4 2 8 5 14 6 7 3 
	-> 1 2 3 4 5 6 7 8 9 14 
Structure 959: 9 1 4 2 5 10 6 7 3 
	-> 1 2 3 4 5 6 7 9 10 
Structure 960: 15 11 1 4 2 8 5 10 6 7 3 
	-> 1 2 3 4 5 6 7 8 10 11 15 
Structure 961: 11 1 4 2 8 5 10 6 7 3 
	-> 1 2 3 4 5 6 7 8 10 11 
Structure 962: 9 1 4 2 8 5 10 6 7 3 
	-> 1 2 3 4 5 6 7 8 9 10 
Structure 963: 9 1 4 2 8 5 6 7 3 
	-> 1 2 3 4 5 6 7 8 9 
Structure 964: 15 11 1 4 2 5 10 6 7 3 
	-> 1 2 3 4 5 6 7 10 11 15 
Structure 965: 9 1 4 2 8 5 16 17 3 
	-> 1 2 3 4 5 8 9 16 
Structure 966: 9 1 4 2 8 5 10 6 7 3 
	-> 1 2 3 4 5 6 7 8 9 10 
Structure 967: 9 1 4 2 5 10 6 7 3 
	-> 1 2 3 4 5 6 7 9 10 
Structure 968: 11 1 4 2 5 10 6 7 3 
	-> 1 2 3 4 5 6 7 10 11 
Structure 969: 1 4 2 8 18 5 10 6 7 3 
	-> 1 2 3 4 5 6 7 8 10 
Structure 970: 9 1 4 2 13 5 6 7 3 
	-> 1 2 3 4 5 6 7 9 13 
Structure 971: 11 1 4 2 13 5 10 6 7 3 
	-> 1 2 3 4 5 6 7 10 11 13 
Structure 972: 9 1 4 2 8 5 14 6 7 3 
	-> 1 2 3 4 5 6 7 8 9 14 
Structure 973: 9 1 4 2 8 5 10 6 7 3 
	-> 1 2 3 4 5 6 7 8 9 10 
Structure 974: 9 1 4 2 13 5 10 6 7 3 
	-> 1 2 3 4 5 6 7 9 10 13 
Structure 975: 1 4 2 18 5 10 6 7 3 
	-> 1 2 3 4 5 6 7 10 
Structure 976: 12 1 4 2 8 5 6 7 3 
	-> 1 2 3 4 5 6 7 8 12 
Structure 977: 12 1 4 2 8 5 16 17 3 
	-> 1 2 3 4 5 8 12 16 
Structure 978: 9 1 4 2 8 5 16 17 3 
	-> 1 2 3 4 5 8 9 16 
Structure 979: 12 1 4 2 8 5 20 6 7 3 
	-> 1 2 3 4 5 6 7 8 12 
Structure 980: 9 1 4 2 8 5 14 6 7 3 
	-> 1 2 3 4 5 6 7 8 9 14 
Structure 981: 9 1 4 2 8 5 10 6 7 3 
	-> 1 2 3 4 5 6 7 8 9 10 
Structure 982: 9 1 4 2 8 5 16 17 3 
	-> 1 2 3 4 5 8 9 16 
Structure 983: 9 1 4 2 8 5 16 17 3 
	-> 1 2 3 4 5 8 9 16 
Structure 984: 12 1 4 2 13 5 6 7 3 
	-> 1 2 3 4 5 6 7 12 13 
Structure 985: 12 1 4 2 8 5 10 6 7 3 
	-> 1 2 3 4 5 6 7 8 10 12 
Structure 986: 9 1 4 2 8 5 6 7 3 
	-> 1 2 3 4 5 6 7 8 9 
Structure 987: 15 11 1 4 2 13 5 14 6 7 3 
	-> 1 2 3 4 5 6 7 11 13 14 15 
Structure 988: 9 1 4 2 8 5 10 6 7 3 
	-> 1 2 3 4 5 6 7 8 9 10 
Structure 989: 9 1 4 2 8 5 16 3 
	-> 1 2 3 4 5 8 9 16 
Structure 990: 15 9 1 4 2 8 5 16 17 3 
	-> 1 2 3 4 5 8 9 15 16 
Structure 991: 9 1 4 2 8 5 10 6 7 3 
	-> 1 2 3 4 5 6 7 8 9 10 
Structure 992: 12 1 4 2 8 5 10 6 7 3 
	-> 1 2 3 4 5 6 7 8 10 12 
Structure 993: 15 11 1 4 2 13 5 6 7 3 
	-> 1 2 3 4 5 6 7 11 13 15 
Structure 994: 9 1 4 2 8 5 10 6 3 
	-> 1 2 3 4 5 6 8 9 10 
Structure 995: 9 1 4 2 13 5 6 7 3 
	-> 1 2 3 4 5 6 7 9 13 
Structure 996: 1 4 2 8 5 6 7 3 
	-> 1 2 3 4 5 6 7 8 
Structure 997: 12 1 4 2 8 5 6 7 3 
	-> 1 2 3 4 5 6 7 8 12 
Structure 998: 9 1 4 2 8 5 10 6 7 3 
	-> 1 2 3 4 5 6 7 8 9 10 
Structure 999: 12 1 4 2 5 6 7 3 
	-> 1 2 3 4 5 6 7 12 
Structure 1000: 9 1 4 2 8 5 10 6 7 3 
	-> 1 2 3 4 5 6 7 12  