Processing: /home/hwilco/Documents/RNA Research/RNAStructProfiling-master/output/training/Lactobacillus_iners_.1_sfold/input/Lactobacillus_iners_.1_sfold.out
Structure 1: D C 9 1 2 5 A B 3
	-> 1 2 3 5 A B C 9 D 
Structure 2: 11 24 C 9 1 2 5 A B 3
	-> 1 2 3 5 A B C 9 11 
Structure 3: 11 C 9 1 14 2 5 A B 3
	-> 1 2 3 5 A B C 9 11 14 
Structure 4: 11 C 1 14 2 5 A B 3
	-> 1 2 3 5 A B C 11 14 
Structure 5: 12 D C 9 E 1 2 5 A B 3
	-> 1 2 3 5 A B C 9 12 D E 
Structure 6: 11 C 9 1 2 5 A B 3
	-> 1 2 3 5 A B C 9 11 
Structure 7: 11 C 9 1 2 5 15 B 3
	-> 1 2 3 5 B C 9 11 15 
Structure 8: 11 C 9 1 2 5 A B 3
	-> 1 2 3 5 A B C 9 11 
Structure 9: 44 11 C 9 1 27 2 5 A B 3
	-> 1 2 3 5 A B C 9 11 
Structure 10: 12 C E 1 2 5 A B 3
	-> 1 2 3 5 A B C 12 E 
Structure 11: 12 D C 9 1 2 5 15 A 56 B 3
	-> 1 2 3 5 A B C 9 12 D 15 
Structure 12: 11 C 9 1 2 5 A B 3
	-> 1 2 3 5 A B C 9 11 
Structure 13: 11 C 9 1 2 5 A B 3
	-> 1 2 3 5 A B C 9 11 
Structure 14: 11 C 9 1 25 2 32 5 A B 3
	-> 1 2 3 5 A B C 9 11 
Structure 15: 11 C 9 1 2 5 A B 3
	-> 1 2 3 5 A B C 9 11 
Structure 16: 11 C 9 1 2 5 A B 3
	-> 1 2 3 5 A B C 9 11 
Structure 17: 11 C 9 1 25 2 5 A B 3
	-> 1 2 3 5 A B C 9 11 
Structure 18: 11 C 9 1 2 5 A B 3
	-> 1 2 3 5 A B C 9 11 
Structure 19: 11 C 9 1 2 5 A B 3
	-> 1 2 3 5 A B C 9 11 
Structure 20: 11 C 9 1 2 5 16 A B 3 20
	-> 1 2 3 5 A B C 9 11 16 
Structure 21: 12 D C 9 1 27 2 5 A B 3
	-> 1 2 3 5 A B C 9 12 D 
Structure 22: 11 C 9 1 2 5 A B 3
	-> 1 2 3 5 A B C 9 11 
Structure 23: 11 24 C 9 1 2 5 A B 3
	-> 1 2 3 5 A B C 9 11 
Structure 24: 11 C 9 1 30 2 5 A B 3
	-> 1 2 3 5 A B C 9 11 
Structure 25: 11 C 9 1 2 5 A B 3
	-> 1 2 3 5 A B C 9 11 
Structure 26: 11 C 9 1 2 5 A B 3
	-> 1 2 3 5 A B C 9 11 
Structure 27: 11 C 9 1 25 2 5 A B 3
	-> 1 2 3 5 A B C 9 11 
Structure 28: 12 C 9 1 2 5 15 B 3
	-> 1 2 3 5 B C 9 12 15 
Structure 29: 11 24 C 9 1 2 5 A B 3
	-> 1 2 3 5 A B C 9 11 
Structure 30: 11 C 9 1 2 5 15 A B 3
	-> 1 2 3 5 A B C 9 11 15 
Structure 31: 11 C 9 1 14 2 5 A B 3
	-> 1 2 3 5 A B C 9 11 14 
Structure 32: 11 C 1 2 5 A B 3
	-> 1 2 3 5 A B C 11 
Structure 33: D C 9 1 30 2 5 A B 3
	-> 1 2 3 5 A B C 9 D 
Structure 34: 11 C 9 1 49 2 5 A B 3
	-> 1 2 3 5 A B C 9 11 
Structure 35: 11 C 9 1 2 5 A B 3
	-> 1 2 3 5 A B C 9 11 
Structure 36: 12 D C 9 1 34 2 5 A B 3
	-> 1 2 3 5 A B C 9 12 D 
Structure 37: 11 C 9 1 2 5 15 B 3
	-> 1 2 3 5 B C 9 11 15 
Structure 38: 12 D C 9 1 38 2 5 A B 3
	-> 1 2 3 5 A B C 9 12 D 
Structure 39: 11 C 9 1 45 14 2 5 A B 3
	-> 1 2 3 5 A B C 9 11 14 
Structure 40: 12 D C 9 1 2 5 A B 46 3
	-> 1 2 3 5 A B C 9 12 D 
Structure 41: 11 C 9 1 2 5 A B 3
	-> 1 2 3 5 A B C 9 11 
Structure 42: 11 C 9 1 14 2 5 A B 3
	-> 1 2 3 5 A B C 9 11 14 
Structure 43: 11 C E 1 25 2 5 A B 3
	-> 1 2 3 5 A B C 11 E 
Structure 44: 11 C 9 1 2 5 A B 3
	-> 1 2 3 5 A B C 9 11 
Structure 45: 11 C 9 1 2 5 A B 3
	-> 1 2 3 5 A B C 9 11 
Structure 46: 12 D C 9 1 2 5 A B 3
	-> 1 2 3 5 A B C 9 12 D 
Structure 47: C 9 1 2 5 A B 3
	-> 1 2 3 5 A B C 9 
Structure 48: 11 C 9 1 27 2 5 A B 3
	-> 1 2 3 5 A B C 9 11 
Structure 49: C 9 1 2 5 A B 3
	-> 1 2 3 5 A B C 9 
Structure 50: 11 C 1 2 5 A B 3
	-> 1 2 3 5 A B C 11 
Structure 51: 11 C 9 1 2 5 A B 3
	-> 1 2 3 5 A B C 9 11 
Structure 52: 11 24 C 9 1 2 5 A B 3
	-> 1 2 3 5 A B C 9 11 
Structure 53: 11 C 9 1 2 5 A B 3
	-> 1 2 3 5 A B C 9 11 
Structure 54: 12 11 C 9 1 2 5 A B 3
	-> 1 2 3 5 A B C 9 11 12 
Structure 55: 11 C E 1 14 2 5 A B 3
	-> 1 2 3 5 A B C 11 E 14 
Structure 56: 11 C 9 1 2 5 A B 3 20
	-> 1 2 3 5 A B C 9 11 
Structure 57: 11 C 9 E 1 2 5 A B 3
	-> 1 2 3 5 A B C 9 11 E 
Structure 58: 12 C 9 1 2 5 A B 3
	-> 1 2 3 5 A B C 9 12 
Structure 59: 11 C 9 33 1 2 5 A B 3
	-> 1 2 3 5 A B C 9 11 
Structure 60: 12 D C 9 1 2 5 15 50 B 3
	-> 1 2 3 5 B C 9 12 D 15 
Structure 61: 12 C 9 1 2 5 A B 3
	-> 1 2 3 5 A B C 9 12 
Structure 62: 11 C 9 1 14 2 5 15 A B 3
	-> 1 2 3 5 A B C 9 11 14 15 
Structure 63: 11 C 9 1 2 5 A B 3
	-> 1 2 3 5 A B C 9 11 
Structure 64: 44 C E 1 2 5 A 26 B 3
	-> 1 2 3 5 A B C E 
Structure 65: 11 C 9 1 2 5 A B 3
	-> 1 2 3 5 A B C 9 11 
Structure 66: 11 C 9 1 2 5 A B 3
	-> 1 2 3 5 A B C 9 11 
Structure 67: 12 D C 9 1 2 39 A B 3 20
	-> 1 2 3 A B C 9 12 D 
Structure 68: C 9 1 2 5 A B 3
	-> 1 2 3 5 A B C 9 
Structure 69: 12 D 31 C 9 1 2 5 15 B 3
	-> 1 2 3 5 B C 9 12 D 15 
Structure 70: 11 C 28 9 1 2 5 16 A B 3
	-> 1 2 3 5 A B C 9 11 16 
Structure 71: 11 C 9 1 14 2 5 A B 3
	-> 1 2 3 5 A B C 9 11 14 
Structure 72: 11 C 9 1 2 5 A B 3
	-> 1 2 3 5 A B C 9 11 
Structure 73: 12 D C E 1 51 2 5 15 A B 3
	-> 1 2 3 5 A B C 12 D E 15 
Structure 74: 11 C E 1 2 5 A B 3
	-> 1 2 3 5 A B C 11 E 
Structure 75: 12 D C 9 1 2 5 35 A B 3
	-> 1 2 3 5 A B C 9 12 D 
Structure 76: 11 C 9 E 1 2 5 A B 3
	-> 1 2 3 5 A B C 9 11 E 
Structure 77: 11 C 9 1 14 2 5 A B 3
	-> 1 2 3 5 A B C 9 11 14 
Structure 78: 12 D C 9 1 14 2 5 A B 3
	-> 1 2 3 5 A B C 9 12 D 14 
Structure 79: 11 C 9 1 14 2 5 A B 3
	-> 1 2 3 5 A B C 9 11 14 
Structure 80: 12 D C 9 1 2 5 A B 3
	-> 1 2 3 5 A B C 9 12 D 
Structure 81: 11 C 9 1 2 5 15 A B 3
	-> 1 2 3 5 A B C 9 11 15 
Structure 82: 11 C 9 1 2 5 A B 3
	-> 1 2 3 5 A B C 9 11 
Structure 83: 11 C 9 1 2 5 A B 3
	-> 1 2 3 5 A B C 9 11 
Structure 84: 11 C 9 1 25 2 36 5 A B 3
	-> 1 2 3 5 A B C 9 11 
Structure 85: 11 C 9 1 25 2 5 A B 3
	-> 1 2 3 5 A B C 9 11 
Structure 86: 11 C 9 1 2 5 A B 3
	-> 1 2 3 5 A B C 9 11 
Structure 87: 12 D C 9 1 2 57 A B 3
	-> 1 2 3 A B C 9 12 D 
Structure 88: 11 C E 1 2 5 15 A B 3
	-> 1 2 3 5 A B C 11 E 15 
Structure 89: 11 C 9 1 2 5 A 26 4 3
	-> 1 2 3 5 A C 9 11 
Structure 90: 11 C 9 E 1 14 2 5 A B 3
	-> 1 2 3 5 A B C 9 11 E 14 
Structure 91: 11 C 9 1 2 5 A B 3
	-> 1 2 3 5 A B C 9 11 
Structure 92: 11 C 29 E 1 2 5 15 A B 3
	-> 1 2 3 5 A B C 11 E 15 
Structure 93: 11 C 1 2 5 16 A B 3
	-> 1 2 3 5 A B C 11 16 
Structure 94: 11 C 9 1 2 5 A B 3
	-> 1 2 3 5 A B C 9 11 
Structure 95: D C 9 1 2 5 A B 3
	-> 1 2 3 5 A B C 9 D 
Structure 96: 12 58 C 9 E 1 2 5 A B 3
	-> 1 2 3 5 A B C 9 12 E 
Structure 97: 11 C 9 1 2 5 A B 3
	-> 1 2 3 5 A B C 9 11 
Structure 98: 11 C 9 1 34 2 5 A B 3
	-> 1 2 3 5 A B C 9 11 
Structure 99: 11 C 9 1 14 2 5 15 A B 3
	-> 1 2 3 5 A B C 9 11 14 15 
Structure 100: 12 23 10 E 1 2 5 15 A B 3
	-> 1 2 3 5 A B 12 E 15 
Structure 101: 11 C 9 1 2 5 A B 3
	-> 1 2 3 5 A B C 9 11 
Structure 102: 11 C 9 1 2 5 A B 3
	-> 1 2 3 5 A B C 9 11 
Structure 103: C 9 1 2 5 A B 3
	-> 1 2 3 5 A B C 9 
Structure 104: 11 C 9 1 2 5 A B 3
	-> 1 2 3 5 A B C 9 11 
Structure 105: 11 C 9 1 2 5 A B 3
	-> 1 2 3 5 A B C 9 11 
Structure 106: 12 D C 9 1 2 5 A B 3
	-> 1 2 3 5 A B C 9 12 D 
Structure 107: 12 C 9 1 2 5 A B 3
	-> 1 2 3 5 A B C 9 12 
Structure 108: 11 C 9 1 2 5 A B 3
	-> 1 2 3 5 A B C 9 11 
Structure 109: 11 C 9 1 2 5 A B 3
	-> 1 2 3 5 A B C 9 11 
Structure 110: 11 C 9 1 25 2 5 A B 3
	-> 1 2 3 5 A B C 9 11 
Structure 111: 11 C 9 1 2 5 A B 3
	-> 1 2 3 5 A B C 9 11 
Structure 112: 12 C 9 1 27 2 5 A B 3
	-> 1 2 3 5 A B C 9 12 
Structure 113: 11 C 9 1 14 2 5 A B 3
	-> 1 2 3 5 A B C 9 11 14 
Structure 114: 12 C 28 9 1 2 5 A B 3 20
	-> 1 2 3 5 A B C 9 12 
Structure 115: 11 C 9 1 2 5 A B 3
	-> 1 2 3 5 A B C 9 11 
Structure 116: 11 C 9 1 2 5 16 A B 3
	-> 1 2 3 5 A B C 9 11 16 
Structure 117: 11 C 9 1 2 5 A B 3
	-> 1 2 3 5 A B C 9 11 
Structure 118: 11 C 9 1 27 2 5 A B 3
	-> 1 2 3 5 A B C 9 11 
Structure 119: 11 C 9 1 2 5 A B 3
	-> 1 2 3 5 A B C 9 11 
Structure 120: 12 D 23 10 9 1 2 5 A B 3
	-> 1 2 3 5 A B 9 12 D 
Structure 121: 11 59 C E 1 2 5 A B 3
	-> 1 2 3 5 A B C 11 E 
Structure 122: 11 24 C 33 1 2 5 A B 3
	-> 1 2 3 5 A B C 11 
Structure 123: 11 C E 1 2 5 A B 3
	-> 1 2 3 5 A B C 11 E 
Structure 124: 11 C E 1 2 5 A B 3
	-> 1 2 3 5 A B C 11 E 
Structure 125: 12 C 9 1 2 5 A B 3
	-> 1 2 3 5 A B C 9 12 
Structure 126: 11 C E 1 2 5 A B 3
	-> 1 2 3 5 A B C 11 E 
Structure 127: 12 C 9 1 2 5 A B 3
	-> 1 2 3 5 A B C 9 12 
Structure 128: 11 C 9 1 2 5 A B 3
	-> 1 2 3 5 A B C 9 11 
Structure 129: 11 C 9 1 2 5 A B 3
	-> 1 2 3 5 A B C 9 11 
Structure 130: 11 C 9 1 2 5 A 26 4 3
	-> 1 2 3 5 A C 9 11 
Structure 131: 11 C 1 2 5 A B 3
	-> 1 2 3 5 A B C 11 
Structure 132: 12 C 9 1 2 5 16 A B 3 20
	-> 1 2 3 5 A B C 9 12 16 
Structure 133: 11 24 C 9 1 14 2 5 A B 3
	-> 1 2 3 5 A B C 9 11 14 
Structure 134: 12 C 9 1 2 5 A B 3
	-> 1 2 3 5 A B C 9 12 
Structure 135: 11 C 9 1 2 5 A B 3
	-> 1 2 3 5 A B C 9 11 
Structure 136: 12 C 9 1 14 2 5 A B 3
	-> 1 2 3 5 A B C 9 12 14 
Structure 137: 11 C 9 1 25 2 5 A B 3
	-> 1 2 3 5 A B C 9 11 
Structure 138: 11 C 9 1 27 2 5 A B 3
	-> 1 2 3 5 A B C 9 11 
Structure 139: 11 C 9 1 27 2 5 A B 3
	-> 1 2 3 5 A B C 9 11 
Structure 140: 11 C 9 1 27 2 5 16 A 26 4 3
	-> 1 2 3 5 A C 9 11 16 
Structure 141: 12 C 9 1 38 2 5 A B 3
	-> 1 2 3 5 A B C 9 12 
Structure 142: 12 23 10 9 E 1 2 5 A B 3
	-> 1 2 3 5 A B 9 12 E 
Structure 143: 12 C 9 1 2 5 15 A 26 4 3
	-> 1 2 3 5 A C 9 12 15 
Structure 144: 11 C 9 1 14 2 5 A B 3
	-> 1 2 3 5 A B C 9 11 14 
Structure 145: 12 D C 9 E 1 2 5 A B 3
	-> 1 2 3 5 A B C 9 12 D E 
Structure 146: 11 C 9 1 25 2 5 A B 3
	-> 1 2 3 5 A B C 9 11 
Structure 147: 11 31 C 9 1 30 2 5 A B 3
	-> 1 2 3 5 A B C 9 11 
Structure 148: 11 C 29 1 2 5 A B 3
	-> 1 2 3 5 A B C 11 
Structure 149: 11 C 9 1 2 5 A B 3
	-> 1 2 3 5 A B C 9 11 
Structure 150: 12 C 9 1 2 5 A B 3
	-> 1 2 3 5 A B C 9 12 
Structure 151: 11 C 28 1 2 5 A B 3
	-> 1 2 3 5 A B C 11 
Structure 152: 12 D C 9 1 2 5 A 26 4 3
	-> 1 2 3 5 A C 9 12 D 
Structure 153: 12 D 31 C 9 1 2 5 A B 3
	-> 1 2 3 5 A B C 9 12 D 
Structure 154: 11 C 9 1 2 5 A B 3
	-> 1 2 3 5 A B C 9 11 
Structure 155: 11 C 9 33 1 2 5 16 A B 3
	-> 1 2 3 5 A B C 9 11 16 
Structure 156: 12 D C 9 1 25 2 5 A B 3
	-> 1 2 3 5 A B C 9 12 D 
Structure 157: 11 C 9 1 14 2 5 A B 3
	-> 1 2 3 5 A B C 9 11 14 
Structure 158: 11 C 28 9 1 2 5 16 A B 3
	-> 1 2 3 5 A B C 9 11 16 
Structure 159: 11 24 C 9 1 2 5 A B 3
	-> 1 2 3 5 A B C 9 11 
Structure 160: 11 24 C 9 1 2 5 A B 3
	-> 1 2 3 5 A B C 9 11 
Structure 161: C 29 33 1 2 5 A B 3
	-> 1 2 3 5 A B C 
Structure 162: 11 C 9 1 2 5 A B 3
	-> 1 2 3 5 A B C 9 11 
Structure 163: 11 C 9 1 2 5 A B 3
	-> 1 2 3 5 A B C 9 11 
Structure 164: C 9 1 2 5 15 A B 3
	-> 1 2 3 5 A B C 9 15 
Structure 165: 11 C 9 1 2 5 16 A B 3
	-> 1 2 3 5 A B C 9 11 16 
Structure 166: 12 C 9 1 14 2 5 A B 3
	-> 1 2 3 5 A B C 9 12 14 
Structure 167: 12 C 9 1 2 5 A B 3
	-> 1 2 3 5 A B C 9 12 
Structure 168: C 9 1 2 5 A B 3
	-> 1 2 3 5 A B C 9 
Structure 169: 11 C E 1 2 5 16 A B 3
	-> 1 2 3 5 A B C 11 E 16 
Structure 170: D C 9 1 2 5 A B 3 20
	-> 1 2 3 5 A B C 9 D 
Structure 171: 11 C 9 1 2 5 16 A B 3
	-> 1 2 3 5 A B C 9 11 16 
Structure 172: 11 C E 1 2 5 A B 3
	-> 1 2 3 5 A B C 11 E 
Structure 173: C 9 1 2 5 A B 3
	-> 1 2 3 5 A B C 9 
Structure 174: 11 C 9 1 2 5 A B 3
	-> 1 2 3 5 A B C 9 11 
Structure 175: 12 C 9 1 2 5 A B 3
	-> 1 2 3 5 A B C 9 12 
Structure 176: 11 C 9 1 2 5 A B 37 3
	-> 1 2 3 5 A B C 9 11 
Structure 177: 12 C 9 1 2 5 15 A B 3
	-> 1 2 3 5 A B C 9 12 15 
Structure 178: C 9 1 25 2 5 15 A B 3
	-> 1 2 3 5 A B C 9 15 
Structure 179: 11 C 9 1 2 5 A B 3
	-> 1 2 3 5 A B C 9 11 
Structure 180: 11 C 9 1 2 5 A B 3
	-> 1 2 3 5 A B C 9 11 
Structure 181: 11 C 1 2 5 A B 3
	-> 1 2 3 5 A B C 11 
Structure 182: 11 C E 1 2 5 A B 3
	-> 1 2 3 5 A B C 11 E 
Structure 183: 11 24 C 29 1 27 2 5 15 A B 3
	-> 1 2 3 5 A B C 11 15 
Structure 184: 11 C 9 1 34 2 5 A B 3
	-> 1 2 3 5 A B C 9 11 
Structure 185: 11 C 9 1 2 5 A B 3
	-> 1 2 3 5 A B C 9 11 
Structure 186: 11 C 9 1 2 5 A B 3
	-> 1 2 3 5 A B C 9 11 
Structure 187: 11 C 9 1 2 5 A B 3
	-> 1 2 3 5 A B C 9 11 
Structure 188: 11 C 9 1 2 5 15 A B 3
	-> 1 2 3 5 A B C 9 11 15 
Structure 189: 11 C 9 1 2 5 A B 3 20
	-> 1 2 3 5 A B C 9 11 
Structure 190: 11 C 9 1 2 5 16 A B 3
	-> 1 2 3 5 A B C 9 11 16 
Structure 191: 11 C 9 1 2 5 15 A B 3
	-> 1 2 3 5 A B C 9 11 15 
Structure 192: 11 C 9 1 14 2 5 A B 3
	-> 1 2 3 5 A B C 9 11 14 
Structure 193: 11 C 9 1 14 2 5 A B 3
	-> 1 2 3 5 A B C 9 11 14 
Structure 194: 11 C 1 2 5 A B 3
	-> 1 2 3 5 A B C 11 
Structure 195: 11 C E 1 2 5 A B 3 20
	-> 1 2 3 5 A B C 11 E 
Structure 196: C 9 1 2 5 A B 3
	-> 1 2 3 5 A B C 9 
Structure 197: 11 C E 1 14 2 5 A B 3
	-> 1 2 3 5 A B C 11 E 14 
Structure 198: 11 C 9 1 2 5 A B 3
	-> 1 2 3 5 A B C 9 11 
Structure 199: 12 C 9 1 2 60 5 A B 3
	-> 1 2 3 5 A B C 9 12 
Structure 200: 11 10 9 1 2 5 A B 3
	-> 1 2 3 5 A B 9 11 
Structure 201: 12 C 9 1 14 2 5 A B 3
	-> 1 2 3 5 A B C 9 12 14 
Structure 202: 11 C 9 1 2 5 A B 3
	-> 1 2 3 5 A B C 9 11 
Structure 203: 11 10 9 1 25 2 5 A B 3 20
	-> 1 2 3 5 A B 9 11 
Structure 204: D C 9 1 2 5 A B 3 20
	-> 1 2 3 5 A B C 9 D 
Structure 205: 11 C 9 1 25 2 5 A B 3
	-> 1 2 3 5 A B C 9 11 
Structure 206: 12 C 9 1 2 5 16 A B 3
	-> 1 2 3 5 A B C 9 12 16 
Structure 207: 12 D 23 C 9 1 27 2 5 A B 3
	-> 1 2 3 5 A B C 9 12 D 
Structure 208: 11 C 9 1 2 5 A B 3
	-> 1 2 3 5 A B C 9 11 
Structure 209: 11 C E 1 2 5 A B 3
	-> 1 2 3 5 A B C 11 E 
Structure 210: 12 11 C 9 1 14 2 5 A B 3
	-> 1 2 3 5 A B C 9 11 12 14 
Structure 211: 11 C 9 1 2 5 A B 3
	-> 1 2 3 5 A B C 9 11 
Structure 212: 11 C 9 1 2 5 A 26 4 3
	-> 1 2 3 5 A C 9 11 
Structure 213: 12 C E 1 2 5 A B 3
	-> 1 2 3 5 A B C 12 E 
Structure 214: 12 C 9 1 2 5 A B 3
	-> 1 2 3 5 A B C 9 12 
Structure 215: 11 C 9 1 2 5 A B 3
	-> 1 2 3 5 A B C 9 11 
Structure 216: D 23 10 9 1 2 5 A B 3
	-> 1 2 3 5 A B 9 D 
Structure 217: 12 D C 9 1 27 2 5 A B 3
	-> 1 2 3 5 A B C 9 12 D 
Structure 218: 11 C 28 9 1 14 2 5 15 A B 3
	-> 1 2 3 5 A B C 9 11 14 15 
Structure 219: 11 C 9 1 2 5 A B 3
	-> 1 2 3 5 A B C 9 11 
Structure 220: 11 C 9 1 2 5 A B 3
	-> 1 2 3 5 A B C 9 11 
Structure 221: 11 31 C 28 9 1 2 5 A B 3
	-> 1 2 3 5 A B C 9 11 
Structure 222: 11 C 1 2 5 A B 3
	-> 1 2 3 5 A B C 11 
Structure 223: 11 C 9 1 30 2 5 16 A B 3
	-> 1 2 3 5 A B C 9 11 16 
Structure 224: 44 C 9 1 2 5 A B 3
	-> 1 2 3 5 A B C 9 
Structure 225: 12 C 28 9 1 2 5 A B 3
	-> 1 2 3 5 A B C 9 12 
Structure 226: 12 C 9 1 2 5 A B 46 3
	-> 1 2 3 5 A B C 9 12 
Structure 227: 11 C 9 1 2 5 A B 3
	-> 1 2 3 5 A B C 9 11 
Structure 228: 12 D 31 C 9 1 2 5 A B 3
	-> 1 2 3 5 A B C 9 12 D 
Structure 229: 11 C 9 1 2 5 A B 3
	-> 1 2 3 5 A B C 9 11 
Structure 230: 11 C 9 1 2 5 A B 3
	-> 1 2 3 5 A B C 9 11 
Structure 231: 11 C 9 1 2 5 15 A B 3
	-> 1 2 3 5 A B C 9 11 15 
Structure 232: 11 C 9 1 2 5 A B 3
	-> 1 2 3 5 A B C 9 11 
Structure 233: 40 D C 9 1 2 5 A B 3
	-> 1 2 3 5 A B C 9 D 
Structure 234: 11 C 9 1 2 5 A B 3
	-> 1 2 3 5 A B C 9 11 
Structure 235: 11 C 9 1 2 5 A B 3
	-> 1 2 3 5 A B C 9 11 
Structure 236: C 9 1 2 5 16 A B 3
	-> 1 2 3 5 A B C 9 16 
Structure 237: 11 C E 1 30 2 5 A B 3
	-> 1 2 3 5 A B C 11 E 
Structure 238: 11 C 9 1 2 5 A B 3
	-> 1 2 3 5 A B C 9 11 
Structure 239: 12 D C 9 1 2 5 16 A B 3
	-> 1 2 3 5 A B C 9 12 D 16 
Structure 240: 11 C 9 1 2 5 A B 3
	-> 1 2 3 5 A B C 9 11 
Structure 241: 11 C 9 1 2 5 A B 3
	-> 1 2 3 5 A B C 9 11 
Structure 242: 12 D C 9 1 27 2 5 A B 3
	-> 1 2 3 5 A B C 9 12 D 
Structure 243: 11 C 9 1 2 5 A B 3
	-> 1 2 3 5 A B C 9 11 
Structure 244: 12 D C 9 1 2 5 A B 3
	-> 1 2 3 5 A B C 9 12 D 
Structure 245: 41 D C 9 33 1 2 5 A B 3
	-> 1 2 3 5 A B C 9 D 
Structure 246: 12 23 10 9 1 2 5 A B 3
	-> 1 2 3 5 A B 9 12 
Structure 247: 11 C 9 1 27 2 5 A 26 B 3
	-> 1 2 3 5 A B C 9 11 
Structure 248: C 9 1 2 5 A B 3
	-> 1 2 3 5 A B C 9 
Structure 249: 11 C E 1 30 2 5 A B 3
	-> 1 2 3 5 A B C 11 E 
Structure 250: 11 C 9 1 2 5 A B 3
	-> 1 2 3 5 A B C 9 11 
Structure 251: C 9 1 2 5 A B 3
	-> 1 2 3 5 A B C 9 
Structure 252: 11 C 9 33 1 2 5 A B 3
	-> 1 2 3 5 A B C 9 11 
Structure 253: C 9 1 2 5 A B 3 20
	-> 1 2 3 5 A B C 9 
Structure 254: 12 D 23 52 C 28 9 1 2 5 A B 3
	-> 1 2 3 5 A B C 9 12 D 
Structure 255: 11 C 9 1 14 2 5 15 A B 3
	-> 1 2 3 5 A B C 9 11 14 15 
Structure 256: D 23 10 9 1 2 5 A 26 4 3 20
	-> 1 2 3 5 A 9 D 
Structure 257: 11 C 9 1 2 5 A B 3
	-> 1 2 3 5 A B C 9 11 
Structure 258: 11 C 9 1 2 5 A B 3
	-> 1 2 3 5 A B C 9 11 
Structure 259: 12 D C 9 1 14 2 5 A B 3
	-> 1 2 3 5 A B C 9 12 D 14 
Structure 260: 11 C 9 1 34 2 5 A B 3
	-> 1 2 3 5 A B C 9 11 
Structure 261: 11 C 9 1 27 2 5 A B 3
	-> 1 2 3 5 A B C 9 11 
Structure 262: 11 C 9 1 2 5 A B 3 20
	-> 1 2 3 5 A B C 9 11 
Structure 263: D 23 10 E 1 2 5 A B 3
	-> 1 2 3 5 A B D E 
Structure 264: 12 D C 9 1 2 5 A B 3
	-> 1 2 3 5 A B C 9 12 D 
Structure 265: C 9 1 30 25 2 5 A B 3
	-> 1 2 3 5 A B C 9 
Structure 266: C 9 1 2 5 A B 3
	-> 1 2 3 5 A B C 9 
Structure 267: 12 C 9 1 2 5 A B 3
	-> 1 2 3 5 A B C 9 12 
Structure 268: 12 C 9 1 2 5 A 26 B 3
	-> 1 2 3 5 A B C 9 12 
Structure 269: 11 C 9 1 2 5 A B 3
	-> 1 2 3 5 A B C 9 11 
Structure 270: C 9 1 2 32 5 A B 3
	-> 1 2 3 5 A B C 9 
Structure 271: 12 D 23 10 9 1 2 5 A B 3
	-> 1 2 3 5 A B 9 12 D 
Structure 272: 12 D 23 10 9 1 2 5 A B 3
	-> 1 2 3 5 A B 9 12 D 
Structure 273: 11 C 9 1 2 5 A B 3
	-> 1 2 3 5 A B C 9 11 
Structure 274: 11 C 9 1 2 5 A B 3
	-> 1 2 3 5 A B C 9 11 
Structure 275: C 29 E 1 2 5 A B 3
	-> 1 2 3 5 A B C E 
Structure 276: 12 D 23 C 9 1 2 5 15 A B 3 20
	-> 1 2 3 5 A B C 9 12 D 15 
Structure 277: 11 C 9 1 2 5 A B 3
	-> 1 2 3 5 A B C 9 11 
Structure 278: 11 C 9 1 2 5 A B 3
	-> 1 2 3 5 A B C 9 11 
Structure 279: C 9 1 2 5 A B 3
	-> 1 2 3 5 A B C 9 
Structure 280: 11 C 9 1 2 5 A B 3
	-> 1 2 3 5 A B C 9 11 
Structure 281: 11 C 9 1 2 5 A B 3
	-> 1 2 3 5 A B C 9 11 
Structure 282: 11 C 9 1 27 2 5 A B 3 53
	-> 1 2 3 5 A B C 9 11 
Structure 283: 12 C 9 1 2 5 15 A B 3
	-> 1 2 3 5 A B C 9 12 15 
Structure 284: 11 C 9 1 14 2 5 A B 3
	-> 1 2 3 5 A B C 9 11 14 
Structure 285: 11 C 28 9 1 2 5 A B 3
	-> 1 2 3 5 A B C 9 11 
Structure 286: 12 C 28 9 1 2 5 16 A 26 B 3
	-> 1 2 3 5 A B C 9 12 16 
Structure 287: 12 23 10 9 1 2 5 A B 3
	-> 1 2 3 5 A B 9 12 
Structure 288: 11 C 9 1 2 5 A B 3
	-> 1 2 3 5 A B C 9 11 
Structure 289: 12 31 C 9 1 14 2 5 A B 3
	-> 1 2 3 5 A B C 9 12 14 
Structure 290: 11 C 9 1 2 5 A B 3
	-> 1 2 3 5 A B C 9 11 
Structure 291: 11 C 9 1 2 5 A B 3
	-> 1 2 3 5 A B C 9 11 
Structure 292: 11 C E 1 2 5 A B 3
	-> 1 2 3 5 A B C 11 E 
Structure 293: 12 C 9 1 2 5 A B 3
	-> 1 2 3 5 A B C 9 12 
Structure 294: 12 23 10 9 1 2 5 A B 3
	-> 1 2 3 5 A B 9 12 
Structure 295: 11 C 9 1 2 5 15 A B 3
	-> 1 2 3 5 A B C 9 11 15 
Structure 296: 11 C 1 14 2 5 A B 3
	-> 1 2 3 5 A B C 11 14 
Structure 297: C 9 1 2 5 A B 3
	-> 1 2 3 5 A B C 9 
Structure 298: 11 C 9 1 2 5 16 A B 3
	-> 1 2 3 5 A B C 9 11 16 
Structure 299: 11 C 9 1 2 5 A B 3
	-> 1 2 3 5 A B C 9 11 
Structure 300: 11 C 9 1 2 5 16 A B 3
	-> 1 2 3 5 A B C 9 11 16 
Structure 301: C 9 1 2 5 A B 3
	-> 1 2 3 5 A B C 9 
Structure 302: 11 24 C 9 1 2 5 A B 3
	-> 1 2 3 5 A B C 9 11 
Structure 303: 12 D 23 10 9 1 2 5 A B 3 20
	-> 1 2 3 5 A B 9 12 D 
Structure 304: 11 C 9 1 2 5 A B 3
	-> 1 2 3 5 A B C 9 11 
Structure 305: 11 C 9 1 2 5 A B 3
	-> 1 2 3 5 A B C 9 11 
Structure 306: 12 24 C 9 1 25 2 5 15 A B 3
	-> 1 2 3 5 A B C 9 12 15 
Structure 307: 11 C 9 1 2 5 A B 3
	-> 1 2 3 5 A B C 9 11 
Structure 308: 11 C E 1 38 2 5 A 26 4 3
	-> 1 2 3 5 A C 11 E 
Structure 309: 11 24 C 9 1 2 5 A B 3
	-> 1 2 3 5 A B C 9 11 
Structure 310: 11 C 9 1 2 5 15 A 26 B 3
	-> 1 2 3 5 A B C 9 11 15 
Structure 311: 11 C 9 1 14 2 5 A B 3
	-> 1 2 3 5 A B C 9 11 14 
Structure 312: 11 C 9 E 1 2 5 A B 3
	-> 1 2 3 5 A B C 9 11 E 
Structure 313: 11 C 9 1 2 5 A B 3
	-> 1 2 3 5 A B C 9 11 
Structure 314: 11 C 9 1 2 5 A B 3
	-> 1 2 3 5 A B C 9 11 
Structure 315: 11 C 9 1 2 5 15 A B 3
	-> 1 2 3 5 A B C 9 11 15 
Structure 316: 11 C 9 1 2 5 A B 3
	-> 1 2 3 5 A B C 9 11 
Structure 317: 12 23 10 9 1 2 5 A 6 3
	-> 1 2 3 5 A 9 12 
Structure 318: 12 C 9 1 2 5 A B 3
	-> 1 2 3 5 A B C 9 12 
Structure 319: 12 24 C 9 1 25 2 5 A B 3
	-> 1 2 3 5 A B C 9 12 
Structure 320: 11 C 9 1 2 5 A B 3
	-> 1 2 3 5 A B C 9 11 
Structure 321: 11 C 9 1 2 5 A B 3
	-> 1 2 3 5 A B C 9 11 
Structure 322: 11 C 9 1 27 2 5 A 26 4 3 53
	-> 1 2 3 5 A C 9 11 
Structure 323: 11 C 9 1 2 5 A B 3
	-> 1 2 3 5 A B C 9 11 
Structure 324: 11 C 9 1 2 5 A B 3
	-> 1 2 3 5 A B C 9 11 
Structure 325: 11 C 1 2 5 A B 3
	-> 1 2 3 5 A B C 11 
Structure 326: 12 C 9 1 2 5 A B 3
	-> 1 2 3 5 A B C 9 12 
Structure 327: 11 C 9 1 2 5 A B 3
	-> 1 2 3 5 A B C 9 11 
Structure 328: 11 C 9 1 27 2 5 15 A B 3
	-> 1 2 3 5 A B C 9 11 15 
Structure 329: 11 C 9 1 14 2 5 A B 3
	-> 1 2 3 5 A B C 9 11 14 
Structure 330: 12 C E 1 25 2 5 A B 3
	-> 1 2 3 5 A B C 12 E 
Structure 331: 12 D C 9 1 2 5 16 A B 3
	-> 1 2 3 5 A B C 9 12 D 16 
Structure 332: 11 C 9 1 2 5 16 A B 3
	-> 1 2 3 5 A B C 9 11 16 
Structure 333: 11 C 9 1 2 5 A B 3
	-> 1 2 3 5 A B C 9 11 
Structure 334: 11 C 9 1 2 5 15 A B 3
	-> 1 2 3 5 A B C 9 11 15 
Structure 335: 12 C 9 1 2 5 A B 3
	-> 1 2 3 5 A B C 9 12 
Structure 336: 11 C 9 1 14 2 5 A B 3
	-> 1 2 3 5 A B C 9 11 14 
Structure 337: 11 C 9 1 2 5 A B 3 20
	-> 1 2 3 5 A B C 9 11 
Structure 338: 11 C E 1 2 5 A B 3
	-> 1 2 3 5 A B C 11 E 
Structure 339: 12 C 9 1 2 5 15 A B 3
	-> 1 2 3 5 A B C 9 12 15 
Structure 340: 12 C 1 2 5 A B 3
	-> 1 2 3 5 A B C 12 
Structure 341: 12 D 31 C 9 1 2 5 A B 3
	-> 1 2 3 5 A B C 9 12 D 
Structure 342: 11 C 9 1 14 2 5 A B 3
	-> 1 2 3 5 A B C 9 11 14 
Structure 343: 11 C 9 1 2 5 15 A B 3
	-> 1 2 3 5 A B C 9 11 15 
Structure 344: 11 C 9 E 1 2 5 A B 3
	-> 1 2 3 5 A B C 9 11 E 
Structure 345: 11 C 9 1 27 2 5 A B 3
	-> 1 2 3 5 A B C 9 11 
Structure 346: 12 D C 1 14 2 5 16 A B 3
	-> 1 2 3 5 A B C 12 D 14 16 
Structure 347: 11 C 9 1 2 5 A B 3
	-> 1 2 3 5 A B C 9 11 
Structure 348: 12 C 9 1 2 5 A B 3
	-> 1 2 3 5 A B C 9 12 
Structure 349: 11 C 9 1 2 5 A B 3
	-> 1 2 3 5 A B C 9 11 
Structure 350: 11 C 9 1 2 5 16 B 3
	-> 1 2 3 5 B C 9 11 16 
Structure 351: 11 C 9 1 2 5 A B 3
	-> 1 2 3 5 A B C 9 11 
Structure 352: 12 24 C 9 1 2 5 A B 3
	-> 1 2 3 5 A B C 9 12 
Structure 353: 12 C 9 1 14 2 5 A B 3
	-> 1 2 3 5 A B C 9 12 14 
Structure 354: C 9 1 2 5 A B 3
	-> 1 2 3 5 A B C 9 
Structure 355: 12 C 9 1 2 5 A B 3
	-> 1 2 3 5 A B C 9 12 
Structure 356: 11 C 9 1 2 5 A B 3
	-> 1 2 3 5 A B C 9 11 
Structure 357: 11 C 9 1 2 5 A B 3
	-> 1 2 3 5 A B C 9 11 
Structure 358: 11 C 9 E 1 2 5 A B 3
	-> 1 2 3 5 A B C 9 11 E 
Structure 359: 12 D C 9 1 2 5 15 A B 3
	-> 1 2 3 5 A B C 9 12 D 15 
Structure 360: 12 C 9 1 14 2 5 A B 3
	-> 1 2 3 5 A B C 9 12 14 
Structure 361: 12 D C 9 1 2 5 A B 3
	-> 1 2 3 5 A B C 9 12 D 
Structure 362: 11 C 9 1 2 5 16 A B 3
	-> 1 2 3 5 A B C 9 11 16 
Structure 363: 11 C 9 1 2 5 15 47 B 3
	-> 1 2 3 5 B C 9 11 15 
Structure 364: 11 C 9 1 2 5 A B 3
	-> 1 2 3 5 A B C 9 11 
Structure 365: 11 C 9 1 2 5 A B 3
	-> 1 2 3 5 A B C 9 11 
Structure 366: 11 C 9 1 2 32 5 A B 3
	-> 1 2 3 5 A B C 9 11 
Structure 367: 11 C 9 1 2 5 A B 3
	-> 1 2 3 5 A B C 9 11 
Structure 368: 11 C 9 1 2 5 A B 3
	-> 1 2 3 5 A B C 9 11 
Structure 369: 11 C 9 1 14 2 5 A B 3
	-> 1 2 3 5 A B C 9 11 14 
Structure 370: 11 C 9 1 2 5 A B 3
	-> 1 2 3 5 A B C 9 11 
Structure 371: 11 C 9 1 2 5 A B 3
	-> 1 2 3 5 A B C 9 11 
Structure 372: 11 C 9 1 2 5 A B 3
	-> 1 2 3 5 A B C 9 11 
Structure 373: 11 24 C 9 1 2 5 A B 3
	-> 1 2 3 5 A B C 9 11 
Structure 374: 23 10 9 1 2 5 A B 3
	-> 1 2 3 5 A B 9 
Structure 375: 11 C 9 1 2 5 A B 3
	-> 1 2 3 5 A B C 9 11 
Structure 376: 11 C 9 1 2 5 A B 3
	-> 1 2 3 5 A B C 9 11 
Structure 377: 42 D C 9 1 2 5 A B 3
	-> 1 2 3 5 A B C 9 D 
Structure 378: 12 D C 9 1 2 5 15 A B 3
	-> 1 2 3 5 A B C 9 12 D 15 
Structure 379: 11 C 9 E 1 2 5 A B 3
	-> 1 2 3 5 A B C 9 11 E 
Structure 380: 11 C 9 1 2 5 A B 3
	-> 1 2 3 5 A B C 9 11 
Structure 381: 12 D C 9 1 2 5 A B 3
	-> 1 2 3 5 A B C 9 12 D 
Structure 382: 11 C 9 1 2 5 A B 3
	-> 1 2 3 5 A B C 9 11 
Structure 383: 12 31 C 9 1 2 5 A B 3
	-> 1 2 3 5 A B C 9 12 
Structure 384: 11 C 9 1 27 2 5 A B 3
	-> 1 2 3 5 A B C 9 11 
Structure 385: 11 C 28 9 1 25 2 5 A B 3
	-> 1 2 3 5 A B C 9 11 
Structure 386: 12 C 9 1 2 5 A B 3
	-> 1 2 3 5 A B C 9 12 
Structure 387: 11 C 9 1 2 5 A 26 B 3
	-> 1 2 3 5 A B C 9 11 
Structure 388: 11 C 9 1 2 5 A B 3
	-> 1 2 3 5 A B C 9 11 
Structure 389: 11 C 9 E 1 2 5 A B 3
	-> 1 2 3 5 A B C 9 11 E 
Structure 390: 11 C 9 1 2 5 16 A B 3
	-> 1 2 3 5 A B C 9 11 16 
Structure 391: 11 24 C 9 1 2 5 A B 3
	-> 1 2 3 5 A B C 9 11 
Structure 392: 11 24 C 9 1 2 5 A B 37 3
	-> 1 2 3 5 A B C 9 11 
Structure 393: 11 C 9 1 25 2 5 A B 3
	-> 1 2 3 5 A B C 9 11 
Structure 394: 11 C 9 1 2 5 A B 3
	-> 1 2 3 5 A B C 9 11 
Structure 395: 11 C 9 1 14 2 5 A B 3
	-> 1 2 3 5 A B C 9 11 14 
Structure 396: 12 D 23 10 9 1 25 2 5 A B 3
	-> 1 2 3 5 A B 9 12 D 
Structure 397: 11 C 9 1 2 5 A B 3
	-> 1 2 3 5 A B C 9 11 
Structure 398: 11 24 C 9 1 27 2 5 A B 3
	-> 1 2 3 5 A B C 9 11 
Structure 399: C 1 14 2 5 16 A B 3
	-> 1 2 3 5 A B C 14 16 
Structure 400: 11 C 9 E 1 14 2 5 A B 3
	-> 1 2 3 5 A B C 9 11 E 14 
Structure 401: 11 C E 1 2 5 A B 3
	-> 1 2 3 5 A B C 11 E 
Structure 402: 11 C 9 1 2 5 A B 3
	-> 1 2 3 5 A B C 9 11 
Structure 403: 12 D C 9 1 2 5 16 A B 3
	-> 1 2 3 5 A B C 9 12 D 16 
Structure 404: 12 C 9 1 2 5 A B 3
	-> 1 2 3 5 A B C 9 12 
Structure 405: 12 C 9 1 2 5 16 A B 3
	-> 1 2 3 5 A B C 9 12 16 
Structure 406: 12 D C 9 1 2 5 A B 3
	-> 1 2 3 5 A B C 9 12 D 
Structure 407: 40 D C 9 1 2 5 A B 3
	-> 1 2 3 5 A B C 9 D 
Structure 408: 12 23 10 9 1 2 5 A B 3
	-> 1 2 3 5 A B 9 12 
Structure 409: C 28 9 1 2 5 A B 3
	-> 1 2 3 5 A B C 9 
Structure 410: 11 24 C 9 1 2 5 A B 3
	-> 1 2 3 5 A B C 9 11 
Structure 411: 11 C E 1 2 5 A B 3
	-> 1 2 3 5 A B C 11 E 
Structure 412: 11 C 9 1 25 2 5 A 26 4 3
	-> 1 2 3 5 A C 9 11 
Structure 413: 11 C 9 1 2 5 A B 3
	-> 1 2 3 5 A B C 9 11 
Structure 414: 12 D C 29 9 1 2 5 A B 3
	-> 1 2 3 5 A B C 9 12 D 
Structure 415: 11 C 9 1 27 2 5 A B 3
	-> 1 2 3 5 A B C 9 11 
Structure 416: 11 C 9 1 2 36 5 A B 3
	-> 1 2 3 5 A B C 9 11 
Structure 417: C 9 1 2 5 15 A 47 B 3
	-> 1 2 3 5 A B C 9 15 
Structure 418: 12 C 9 1 2 5 A 26 B 3
	-> 1 2 3 5 A B C 9 12 
Structure 419: 11 C 9 1 2 5 A B 3 20
	-> 1 2 3 5 A B C 9 11 
Structure 420: 11 C 9 1 2 5 16 A B 3
	-> 1 2 3 5 A B C 9 11 16 
Structure 421: 11 C 9 1 14 2 5 A B 3
	-> 1 2 3 5 A B C 9 11 14 
Structure 422: 11 C 9 1 2 5 A B 3
	-> 1 2 3 5 A B C 9 11 
Structure 423: 11 C 9 1 2 5 15 A B 3
	-> 1 2 3 5 A B C 9 11 15 
Structure 424: 11 24 C 9 1 2 5 A B 3
	-> 1 2 3 5 A B C 9 11 
Structure 425: 11 C 9 1 2 5 A B 3
	-> 1 2 3 5 A B C 9 11 
Structure 426: 11 C 9 1 2 5 A B 3
	-> 1 2 3 5 A B C 9 11 
Structure 427: 11 24 C 1 2 5 A B 3
	-> 1 2 3 5 A B C 11 
Structure 428: 11 C 9 1 27 2 5 15 B 3
	-> 1 2 3 5 B C 9 11 15 
Structure 429: 11 C 9 1 25 2 5 A B 3
	-> 1 2 3 5 A B C 9 11 
Structure 430: 11 C 9 1 14 2 5 15 A B 3
	-> 1 2 3 5 A B C 9 11 14 15 
Structure 431: 11 C 9 1 2 5 A B 3
	-> 1 2 3 5 A B C 9 11 
Structure 432: 11 C 9 1 2 5 A B 3
	-> 1 2 3 5 A B C 9 11 
Structure 433: 11 C 1 2 5 A B 3
	-> 1 2 3 5 A B C 11 
Structure 434: 12 D C 9 1 2 5 A 26 4 3
	-> 1 2 3 5 A C 9 12 D 
Structure 435: 11 C 9 1 2 5 A B 3
	-> 1 2 3 5 A B C 9 11 
Structure 436: 11 C 9 1 14 2 5 A B 3
	-> 1 2 3 5 A B C 9 11 14 
Structure 437: 12 D C 9 1 2 5 16 A B 3
	-> 1 2 3 5 A B C 9 12 D 16 
Structure 438: 11 C 9 1 2 5 A B 3
	-> 1 2 3 5 A B C 9 11 
Structure 439: 12 D C 9 1 2 5 16 A B 3 20
	-> 1 2 3 5 A B C 9 12 D 16 
Structure 440: 11 C 9 1 2 5 A B 3 20
	-> 1 2 3 5 A B C 9 11 
Structure 441: 12 C 9 1 2 5 A B 3
	-> 1 2 3 5 A B C 9 12 
Structure 442: 12 C 9 1 2 5 15 A B 3
	-> 1 2 3 5 A B C 9 12 15 
Structure 443: 12 C 9 1 2 5 A B 3
	-> 1 2 3 5 A B C 9 12 
Structure 444: 12 C 9 1 2 5 A B 3 20
	-> 1 2 3 5 A B C 9 12 
Structure 445: C E 1 2 5 35 A B 3
	-> 1 2 3 5 A B C E 
Structure 446: 11 C 9 1 2 5 A B 3
	-> 1 2 3 5 A B C 9 11 
Structure 447: 12 D C 9 1 2 5 A B 3
	-> 1 2 3 5 A B C 9 12 D 
Structure 448: 11 C 9 1 2 5 A B 3
	-> 1 2 3 5 A B C 9 11 
Structure 449: 12 C 9 1 14 2 5 A B 3
	-> 1 2 3 5 A B C 9 12 14 
Structure 450: 11 C 9 1 2 5 A B 3
	-> 1 2 3 5 A B C 9 11 
Structure 451: 11 C 9 1 2 5 A B 3
	-> 1 2 3 5 A B C 9 11 
Structure 452: 11 C 9 1 2 5 A B 3
	-> 1 2 3 5 A B C 9 11 
Structure 453: 11 C 9 1 2 5 A B 3
	-> 1 2 3 5 A B C 9 11 
Structure 454: 11 C 9 1 2 5 16 A B 3
	-> 1 2 3 5 A B C 9 11 16 
Structure 455: 11 C 9 1 2 5 15 A B 3
	-> 1 2 3 5 A B C 9 11 15 
Structure 456: 11 C 9 1 2 5 A B 3
	-> 1 2 3 5 A B C 9 11 
Structure 457: 11 24 C 9 E 1 2 5 A B 3
	-> 1 2 3 5 A B C 9 11 E 
Structure 458: 12 C 9 1 2 5 A B 3
	-> 1 2 3 5 A B C 9 12 
Structure 459: D C 28 9 1 2 5 16 A B 3
	-> 1 2 3 5 A B C 9 D 16 
Structure 460: 12 C 9 1 2 5 A B 3
	-> 1 2 3 5 A B C 9 12 
Structure 461: 11 C 9 1 25 2 5 A B 3
	-> 1 2 3 5 A B C 9 11 
Structure 462: 12 D 31 C 9 1 27 2 5 A B 3
	-> 1 2 3 5 A B C 9 12 D 
Structure 463: 12 C 9 1 2 5 A B 3
	-> 1 2 3 5 A B C 9 12 
Structure 464: 11 C E 1 30 2 5 A B 3
	-> 1 2 3 5 A B C 11 E 
Structure 465: 11 C 9 1 27 2 5 A B 3
	-> 1 2 3 5 A B C 9 11 
Structure 466: 11 C 9 1 2 5 A B 3
	-> 1 2 3 5 A B C 9 11 
Structure 467: 12 C 9 1 2 5 A B 3
	-> 1 2 3 5 A B C 9 12 
Structure 468: 11 C 9 1 49 2 5 A B 3
	-> 1 2 3 5 A B C 9 11 
Structure 469: C 9 1 2 5 16 A B 3
	-> 1 2 3 5 A B C 9 16 
Structure 470: 11 C 9 1 30 2 5 A B 3
	-> 1 2 3 5 A B C 9 11 
Structure 471: 11 C 9 1 25 2 5 A B 3
	-> 1 2 3 5 A B C 9 11 
Structure 472: 12 C 9 1 2 5 A B 3
	-> 1 2 3 5 A B C 9 12 
Structure 473: 11 C 9 1 2 5 A B 3
	-> 1 2 3 5 A B C 9 11 
Structure 474: 11 C 9 1 2 5 A B 3
	-> 1 2 3 5 A B C 9 11 
Structure 475: 12 C 9 1 25 2 5 A B 3
	-> 1 2 3 5 A B C 9 12 
Structure 476: 12 C 9 1 2 5 A B 3
	-> 1 2 3 5 A B C 9 12 
Structure 477: 11 C 9 1 2 5 A B 3
	-> 1 2 3 5 A B C 9 11 
Structure 478: 11 C 9 1 2 5 A B 3
	-> 1 2 3 5 A B C 9 11 
Structure 479: D C 9 1 2 5 A B 3
	-> 1 2 3 5 A B C 9 D 
Structure 480: 12 D C 9 1 2 5 A B 3
	-> 1 2 3 5 A B C 9 12 D 
Structure 481: 11 C 9 1 14 2 61 5 16 A B 3
	-> 1 2 3 5 A B C 9 11 14 16 
Structure 482: 11 C 9 1 2 5 A B 3
	-> 1 2 3 5 A B C 9 11 
Structure 483: 12 D C 9 1 34 2 5 A B 3 20
	-> 1 2 3 5 A B C 9 12 D 
Structure 484: 11 C 9 1 2 5 A B 3
	-> 1 2 3 5 A B C 9 11 
Structure 485: 11 C 9 1 2 5 15 A B 3
	-> 1 2 3 5 A B C 9 11 15 
Structure 486: 11 C 28 9 1 2 5 A B 3
	-> 1 2 3 5 A B C 9 11 
Structure 487: 12 23 10 9 1 2 5 A B 3
	-> 1 2 3 5 A B 9 12 
Structure 488: 12 D 23 10 9 1 2 5 A B 3
	-> 1 2 3 5 A B 9 12 D 
Structure 489: 11 C 9 1 14 2 5 15 A B 3
	-> 1 2 3 5 A B C 9 11 14 15 
Structure 490: 62 D C 1 2 5 A B 3
	-> 1 2 3 5 A B C D 
Structure 491: 12 C 29 9 1 2 5 15 A B 3
	-> 1 2 3 5 A B C 9 12 15 
Structure 492: 11 C 9 1 2 5 A B 3
	-> 1 2 3 5 A B C 9 11 
Structure 493: 11 C 9 1 2 5 A B 3
	-> 1 2 3 5 A B C 9 11 
Structure 494: 11 C 9 1 2 5 A B 3
	-> 1 2 3 5 A B C 9 11 
Structure 495: 12 C 9 1 2 5 A B 3
	-> 1 2 3 5 A B C 9 12 
Structure 496: 12 11 C 9 1 2 5 A B 3
	-> 1 2 3 5 A B C 9 11 12 
Structure 497: 12 C 9 1 2 5 A B 3
	-> 1 2 3 5 A B C 9 12 
Structure 498: 11 C 9 1 2 5 A B 3
	-> 1 2 3 5 A B C 9 11 
Structure 499: 11 C 9 1 2 5 A B 3
	-> 1 2 3 5 A B C 9 11 
Structure 500: 11 24 C 9 1 2 5 A B 3
	-> 1 2 3 5 A B C 9 11 
Structure 501: 11 C 9 1 2 5 A B 3
	-> 1 2 3 5 A B C 9 11 
Structure 502: 11 C 9 1 2 5 A B 3
	-> 1 2 3 5 A B C 9 11 
Structure 503: 11 C 9 1 2 5 A B 3
	-> 1 2 3 5 A B C 9 11 
Structure 504: 11 C 9 1 2 5 A B 3
	-> 1 2 3 5 A B C 9 11 
Structure 505: C 9 1 2 5 A B 3
	-> 1 2 3 5 A B C 9 
Structure 506: 12 C 9 1 2 5 A B 3
	-> 1 2 3 5 A B C 9 12 
Structure 507: 11 C 1 2 5 A B 3
	-> 1 2 3 5 A B C 11 
Structure 508: 11 C E 1 2 5 A B 3
	-> 1 2 3 5 A B C 11 E 
Structure 509: 12 C E 1 2 5 A B 3
	-> 1 2 3 5 A B C 12 E 
Structure 510: 11 C 9 1 2 5 A B 3
	-> 1 2 3 5 A B C 9 11 
Structure 511: 11 C 9 1 2 5 A B 3
	-> 1 2 3 5 A B C 9 11 
Structure 512: 11 C 28 9 1 2 5 A 26 B 3
	-> 1 2 3 5 A B C 9 11 
Structure 513: D C 29 1 2 5 16 A B 3
	-> 1 2 3 5 A B C D 16 
Structure 514: 11 C 9 1 2 32 5 A B 3
	-> 1 2 3 5 A B C 9 11 
Structure 515: 11 C 9 1 2 5 35 A B 3 20
	-> 1 2 3 5 A B C 9 11 
Structure 516: 11 C 9 1 2 5 A B 3
	-> 1 2 3 5 A B C 9 11 
Structure 517: 12 C 9 1 2 5 A B 3
	-> 1 2 3 5 A B C 9 12 
Structure 518: 11 C 9 1 2 5 A B 3
	-> 1 2 3 5 A B C 9 11 
Structure 519: 12 C 9 1 2 5 A B 3
	-> 1 2 3 5 A B C 9 12 
Structure 520: 12 D C 9 1 2 5 A B 3
	-> 1 2 3 5 A B C 9 12 D 
Structure 521: 12 D C 9 1 2 5 A B 3
	-> 1 2 3 5 A B C 9 12 D 
Structure 522: D C 9 1 2 5 A B 3
	-> 1 2 3 5 A B C 9 D 
Structure 523: 11 8 63 9 1 14 2 5 A B 3
	-> 1 2 3 5 A B 9 11 14 
Structure 524: 12 C 9 1 2 5 A B 3
	-> 1 2 3 5 A B C 9 12 
Structure 525: 11 C 1 2 5 A B 3
	-> 1 2 3 5 A B C 11 
Structure 526: 11 C 28 9 1 2 5 A B 3
	-> 1 2 3 5 A B C 9 11 
Structure 527: 11 C 9 1 2 5 A B 3
	-> 1 2 3 5 A B C 9 11 
Structure 528: 11 C 9 1 14 2 5 A B 3
	-> 1 2 3 5 A B C 9 11 14 
Structure 529: 11 C 9 1 2 5 A B 3
	-> 1 2 3 5 A B C 9 11 
Structure 530: 12 D C 33 1 2 5 15 A B 3
	-> 1 2 3 5 A B C 12 D 15 
Structure 531: 12 C 9 1 2 5 A B 3
	-> 1 2 3 5 A B C 9 12 
Structure 532: 11 C 64 1 2 5 A B 3
	-> 1 2 3 5 A B C 11 
Structure 533: 11 C 9 E 1 14 2 5 A B 3
	-> 1 2 3 5 A B C 9 11 E 14 
Structure 534: 11 C 9 1 25 2 5 A B 3
	-> 1 2 3 5 A B C 9 11 
Structure 535: 11 C 9 1 2 5 A B 3
	-> 1 2 3 5 A B C 9 11 
Structure 536: 12 D C 9 1 2 5 A B 43 3
	-> 1 2 3 5 A B C 9 12 D 
Structure 537: 12 D C 9 1 2 5 A B 3
	-> 1 2 3 5 A B C 9 12 D 
Structure 538: 11 C 9 1 2 5 16 A B 3
	-> 1 2 3 5 A B C 9 11 16 
Structure 539: 12 D 31 C 9 1 14 2 5 A B 3
	-> 1 2 3 5 A B C 9 12 D 14 
Structure 540: 11 C 9 1 14 2 5 16 A B 3
	-> 1 2 3 5 A B C 9 11 14 16 
Structure 541: 12 C E 1 2 5 A B 3
	-> 1 2 3 5 A B C 12 E 
Structure 542: 12 D C 9 1 2 5 A B 3
	-> 1 2 3 5 A B C 9 12 D 
Structure 543: 41 C 1 2 5 A B 3
	-> 1 2 3 5 A B C 
Structure 544: 11 C 9 1 2 5 15 A B 3
	-> 1 2 3 5 A B C 9 11 15 
Structure 545: 11 24 C 9 1 2 5 A B 3
	-> 1 2 3 5 A B C 9 11 
Structure 546: C 9 1 2 5 A B 3
	-> 1 2 3 5 A B C 9 
Structure 547: 12 D C 9 1 2 5 A B 3
	-> 1 2 3 5 A B C 9 12 D 
Structure 548: 11 C 9 E 1 2 5 A B 3
	-> 1 2 3 5 A B C 9 11 E 
Structure 549: 11 C 9 1 25 2 5 A B 3
	-> 1 2 3 5 A B C 9 11 
Structure 550: 11 C 9 1 2 5 A B 3
	-> 1 2 3 5 A B C 9 11 
Structure 551: 11 C 9 1 2 5 A B 3
	-> 1 2 3 5 A B C 9 11 
Structure 552: 12 C 1 2 5 A B 3
	-> 1 2 3 5 A B C 12 
Structure 553: 11 C 9 E 1 14 2 5 A B 3
	-> 1 2 3 5 A B C 9 11 E 14 
Structure 554: 11 C 9 1 2 5 16 A B 3
	-> 1 2 3 5 A B C 9 11 16 
Structure 555: 11 C 9 1 2 5 A B 3
	-> 1 2 3 5 A B C 9 11 
Structure 556: 11 C 9 1 2 5 16 A B 3
	-> 1 2 3 5 A B C 9 11 16 
Structure 557: 11 C 9 E 1 2 5 A B 3
	-> 1 2 3 5 A B C 9 11 E 
Structure 558: 11 C 9 1 2 5 A B 3
	-> 1 2 3 5 A B C 9 11 
Structure 559: 11 C 9 1 45 2 5 A 26 4 3
	-> 1 2 3 5 A C 9 11 
Structure 560: 11 C 1 2 5 15 A B 3
	-> 1 2 3 5 A B C 11 15 
Structure 561: 11 C 28 9 1 2 5 A B 3
	-> 1 2 3 5 A B C 9 11 
Structure 562: 11 C 9 E 1 2 5 15 A B 3 20
	-> 1 2 3 5 A B C 9 11 E 15 
Structure 563: 11 C 9 1 2 5 A B 3
	-> 1 2 3 5 A B C 9 11 
Structure 564: 11 C 29 1 2 5 A B 3
	-> 1 2 3 5 A B C 11 
Structure 565: 12 D C 9 1 2 5 A B 3
	-> 1 2 3 5 A B C 9 12 D 
Structure 566: C 9 1 2 5 A B 3 20
	-> 1 2 3 5 A B C 9 
Structure 567: 11 C 9 E 1 27 2 5 A B 3
	-> 1 2 3 5 A B C 9 11 E 
Structure 568: 12 D 23 10 9 1 2 5 15 A B 3
	-> 1 2 3 5 A B 9 12 D 15 
Structure 569: 11 C E 1 30 2 5 15 A B 3
	-> 1 2 3 5 A B C 11 E 15 
Structure 570: 11 C 9 1 2 5 A B 3
	-> 1 2 3 5 A B C 9 11 
Structure 571: 12 C 9 1 2 5 15 A B 3
	-> 1 2 3 5 A B C 9 12 15 
Structure 572: 11 C 9 1 2 5 15 26 B 3
	-> 1 2 3 5 B C 9 11 15 
Structure 573: 11 24 C 9 1 2 5 A B 3
	-> 1 2 3 5 A B C 9 11 
Structure 574: 12 48 23 52 10 9 1 14 2 5 A B 3
	-> 1 2 3 5 A B 9 12 14 
Structure 575: 12 C 9 1 2 5 A B 3 20
	-> 1 2 3 5 A B C 9 12 
Structure 576: 12 D C 9 1 2 5 16 A B 3
	-> 1 2 3 5 A B C 9 12 D 16 
Structure 577: 11 C 9 1 2 5 A B 3
	-> 1 2 3 5 A B C 9 11 
Structure 578: 11 C 9 E 1 2 5 A B 3
	-> 1 2 3 5 A B C 9 11 E 
Structure 579: 11 C 9 1 14 2 5 15 A B 3
	-> 1 2 3 5 A B C 9 11 14 15 
Structure 580: C E 1 2 5 A B 3
	-> 1 2 3 5 A B C E 
Structure 581: 12 D C 9 1 2 5 A B 3
	-> 1 2 3 5 A B C 9 12 D 
Structure 582: 12 23 10 9 1 2 5 A 26 B 3
	-> 1 2 3 5 A B 9 12 
Structure 583: 11 C 9 1 2 5 A B 3
	-> 1 2 3 5 A B C 9 11 
Structure 584: D C 9 1 27 2 5 A B 3 20
	-> 1 2 3 5 A B C 9 D 
Structure 585: 11 C 1 2 65 66 54 55 3
	-> 1 2 3 C 11 
Structure 586: 11 C 1 2 5 16 A B 3
	-> 1 2 3 5 A B C 11 16 
Structure 587: 11 C 9 1 2 5 15 A B 3
	-> 1 2 3 5 A B C 9 11 15 
Structure 588: 12 D C 9 E 1 2 5 A B 3
	-> 1 2 3 5 A B C 9 12 D E 
Structure 589: 12 C 9 1 2 5 A B 3
	-> 1 2 3 5 A B C 9 12 
Structure 590: 12 C 9 E 1 2 5 A B 3
	-> 1 2 3 5 A B C 9 12 E 
Structure 591: 11 C 9 1 2 5 A B 3
	-> 1 2 3 5 A B C 9 11 
Structure 592: 11 C 9 1 2 5 A B 3
	-> 1 2 3 5 A B C 9 11 
Structure 593: 11 C 9 1 2 5 A B 3
	-> 1 2 3 5 A B C 9 11 
Structure 594: 11 C 9 1 2 39 A B 3
	-> 1 2 3 A B C 9 11 
Structure 595: 11 C 9 1 2 5 A B 3
	-> 1 2 3 5 A B C 9 11 
Structure 596: 12 D C 9 1 2 5 A B 3
	-> 1 2 3 5 A B C 9 12 D 
Structure 597: 12 C 1 2 5 A B 3
	-> 1 2 3 5 A B C 12 
Structure 598: 11 C 9 1 2 5 A B 3
	-> 1 2 3 5 A B C 9 11 
Structure 599: D C 9 1 2 5 A B 3
	-> 1 2 3 5 A B C 9 D 
Structure 600: 11 C 9 1 2 5 15 B 3
	-> 1 2 3 5 B C 9 11 15 
Structure 601: 11 C 9 1 2 5 A B 3
	-> 1 2 3 5 A B C 9 11 
Structure 602: 11 C 9 E 1 2 5 A B 3
	-> 1 2 3 5 A B C 9 11 E 
Structure 603: C 9 1 2 39 A B 3
	-> 1 2 3 A B C 9 
Structure 604: 11 C 9 1 2 5 A B 3
	-> 1 2 3 5 A B C 9 11 
Structure 605: 11 C 9 1 2 5 A B 3
	-> 1 2 3 5 A B C 9 11 
Structure 606: 11 C 9 1 2 5 A 26 4 3
	-> 1 2 3 5 A C 9 11 
Structure 607: 11 C 9 1 2 5 A 54 55 3 20
	-> 1 2 3 5 A C 9 11 
Structure 608: 12 D C 9 1 2 5 A B 3
	-> 1 2 3 5 A B C 9 12 D 
Structure 609: 11 C 9 1 2 5 A B 3
	-> 1 2 3 5 A B C 9 11 
Structure 610: C 9 1 14 2 5 A B 3
	-> 1 2 3 5 A B C 9 14 
Structure 611: 11 C 9 1 2 5 A B 3
	-> 1 2 3 5 A B C 9 11 
Structure 612: 11 C 9 1 27 2 5 A B 3
	-> 1 2 3 5 A B C 9 11 
Structure 613: C 9 1 2 5 A B 3
	-> 1 2 3 5 A B C 9 
Structure 614: C E 1 2 5 15 50 B 3
	-> 1 2 3 5 B C E 15 
Structure 615: 12 C 9 1 2 5 A B 3
	-> 1 2 3 5 A B C 9 12 
Structure 616: 11 C 9 1 2 5 A B 3 20
	-> 1 2 3 5 A B C 9 11 
Structure 617: 11 C 9 1 2 5 A B 3
	-> 1 2 3 5 A B C 9 11 
Structure 618: 11 C 9 1 38 2 5 A B 3
	-> 1 2 3 5 A B C 9 11 
Structure 619: 11 C 9 1 2 5 A B 3
	-> 1 2 3 5 A B C 9 11 
Structure 620: 11 C 1 2 5 16 A B 3
	-> 1 2 3 5 A B C 11 16 
Structure 621: 11 C 9 1 2 5 A B 3
	-> 1 2 3 5 A B C 9 11 
Structure 622: 11 C 9 1 2 5 16 A 26 4 3
	-> 1 2 3 5 A C 9 11 16 
Structure 623: 11 C 9 1 2 5 A B 3
	-> 1 2 3 5 A B C 9 11 
Structure 624: 11 C 9 1 2 5 A B 3 20
	-> 1 2 3 5 A B C 9 11 
Structure 625: C 9 1 2 32 5 A B 3
	-> 1 2 3 5 A B C 9 
Structure 626: 11 C 9 E 1 2 5 15 B 3
	-> 1 2 3 5 B C 9 11 E 15 
Structure 627: 11 C 9 1 2 5 A B 3
	-> 1 2 3 5 A B C 9 11 
Structure 628: 11 C 9 1 2 5 A B 3
	-> 1 2 3 5 A B C 9 11 
Structure 629: 12 C 9 1 2 5 A B 3
	-> 1 2 3 5 A B C 9 12 
Structure 630: 12 D C 9 1 2 5 A B 3
	-> 1 2 3 5 A B C 9 12 D 
Structure 631: 11 24 C 9 1 2 5 A B 3
	-> 1 2 3 5 A B C 9 11 
Structure 632: 11 C 9 1 2 5 A B 3 20
	-> 1 2 3 5 A B C 9 11 
Structure 633: D 23 10 9 1 2 5 A B 3
	-> 1 2 3 5 A B 9 D 
Structure 634: 11 C 9 1 2 5 15 A B 3
	-> 1 2 3 5 A B C 9 11 15 
Structure 635: 11 C 9 1 2 36 5 16 A B 3
	-> 1 2 3 5 A B C 9 11 16 
Structure 636: 11 C 9 1 2 5 A B 3
	-> 1 2 3 5 A B C 9 11 
Structure 637: 11 C 28 9 1 30 25 2 5 A B 3
	-> 1 2 3 5 A B C 9 11 
Structure 638: 11 C 9 1 27 2 5 A B 3
	-> 1 2 3 5 A B C 9 11 
Structure 639: 11 C 9 1 2 5 A B 3
	-> 1 2 3 5 A B C 9 11 
Structure 640: 12 D 23 10 9 1 2 5 15 A B 43 3
	-> 1 2 3 5 A B 9 12 D 15 
Structure 641: 11 24 C 9 1 27 2 5 15 B 3
	-> 1 2 3 5 B C 9 11 15 
Structure 642: 11 C 9 1 14 2 5 A B 3
	-> 1 2 3 5 A B C 9 11 14 
Structure 643: 11 C 9 1 14 2 5 A B 3
	-> 1 2 3 5 A B C 9 11 14 
Structure 644: 11 C 9 1 2 5 A B 3
	-> 1 2 3 5 A B C 9 11 
Structure 645: 12 C 9 1 2 5 A B 3
	-> 1 2 3 5 A B C 9 12 
Structure 646: 12 C 9 1 2 5 A B 3
	-> 1 2 3 5 A B C 9 12 
Structure 647: C 9 E 1 2 5 A B 46 3
	-> 1 2 3 5 A B C 9 E 
Structure 648: 11 C 9 1 2 5 A B 3 20
	-> 1 2 3 5 A B C 9 11 
Structure 649: 11 C 9 1 14 2 5 A B 3
	-> 1 2 3 5 A B C 9 11 14 
Structure 650: 12 C 1 2 5 16 A B 3
	-> 1 2 3 5 A B C 12 16 
Structure 651: C 9 1 2 5 16 A B 3
	-> 1 2 3 5 A B C 9 16 
Structure 652: 11 C 9 1 2 5 A B 3
	-> 1 2 3 5 A B C 9 11 
Structure 653: 11 C 9 1 34 2 5 A B 3
	-> 1 2 3 5 A B C 9 11 
Structure 654: 11 C 9 1 27 2 5 A B 3 20
	-> 1 2 3 5 A B C 9 11 
Structure 655: 11 C 9 1 2 5 A B 3
	-> 1 2 3 5 A B C 9 11 
Structure 656: 11 C 9 1 2 32 5 A B 3
	-> 1 2 3 5 A B C 9 11 
Structure 657: C 9 1 34 2 5 35 15 A B 3
	-> 1 2 3 5 A B C 9 15 
Structure 658: 11 C 1 2 5 A 26 B 3
	-> 1 2 3 5 A B C 11 
Structure 659: 12 C 9 1 2 5 A B 3
	-> 1 2 3 5 A B C 9 12 
Structure 660: 40 D C 9 1 2 5 A B 3
	-> 1 2 3 5 A B C 9 D 
Structure 661: 11 C 9 1 2 5 16 A B 3
	-> 1 2 3 5 A B C 9 11 16 
Structure 662: 11 C 9 1 2 5 A B 3
	-> 1 2 3 5 A B C 9 11 
Structure 663: 11 C 9 1 2 5 A B 3
	-> 1 2 3 5 A B C 9 11 
Structure 664: 11 C E 1 67 2 5 15 47 B 3
	-> 1 2 3 5 B C 11 E 15 
Structure 665: 11 C 9 1 2 5 A B 3
	-> 1 2 3 5 A B C 9 11 
Structure 666: 12 31 C 9 1 2 5 A 26 B 3
	-> 1 2 3 5 A B C 9 12 
Structure 667: 11 C 28 9 E 1 2 36 5 16 A B 3
	-> 1 2 3 5 A B C 9 11 E 16 
Structure 668: 11 C 9 1 2 5 A B 3
	-> 1 2 3 5 A B C 9 11 
Structure 669: 12 D C 9 1 2 5 A B 3
	-> 1 2 3 5 A B C 9 12 D 
Structure 670: D 23 C 28 9 1 2 5 A B 3
	-> 1 2 3 5 A B C 9 D 
Structure 671: 11 24 C 9 1 2 5 15 A B 3
	-> 1 2 3 5 A B C 9 11 15 
Structure 672: 11 C 9 1 2 5 A B 3
	-> 1 2 3 5 A B C 9 11 
Structure 673: 11 C 9 1 27 2 5 15 B 3
	-> 1 2 3 5 B C 9 11 15 
Structure 674: 11 C 9 1 2 5 A B 3
	-> 1 2 3 5 A B C 9 11 
Structure 675: 11 C 9 1 2 5 A B 3
	-> 1 2 3 5 A B C 9 11 
Structure 676: 11 C 9 1 14 2 32 5 A B 3
	-> 1 2 3 5 A B C 9 11 14 
Structure 677: 12 D C 1 2 5 A B 3
	-> 1 2 3 5 A B C 12 D 
Structure 678: C 1 2 5 16 A B 3
	-> 1 2 3 5 A B C 16 
Structure 679: 11 C 9 1 2 5 A B 3
	-> 1 2 3 5 A B C 9 11 
Structure 680: 11 C 9 1 2 5 A B 3
	-> 1 2 3 5 A B C 9 11 
Structure 681: 11 C 9 1 2 5 15 A B 3
	-> 1 2 3 5 A B C 9 11 15 
Structure 682: 11 C 9 1 14 2 5 A B 3
	-> 1 2 3 5 A B C 9 11 14 
Structure 683: 11 C 9 E 1 2 5 A B 3
	-> 1 2 3 5 A B C 9 11 E 
Structure 684: 12 C 9 1 45 14 2 5 A B 3
	-> 1 2 3 5 A B C 9 12 14 
Structure 685: 12 C 9 1 14 2 5 A B 3
	-> 1 2 3 5 A B C 9 12 14 
Structure 686: 11 C 9 E 1 2 5 A B 3 20
	-> 1 2 3 5 A B C 9 11 E 
Structure 687: 11 C 28 9 1 2 5 A B 3
	-> 1 2 3 5 A B C 9 11 
Structure 688: 42 D 23 C 9 1 2 5 A B 3
	-> 1 2 3 5 A B C 9 D 
Structure 689: 12 C 9 1 2 5 A B 3
	-> 1 2 3 5 A B C 9 12 
Structure 690: 11 C 9 1 2 5 15 A B 3
	-> 1 2 3 5 A B C 9 11 15 
Structure 691: 11 C 9 1 2 5 A B 3
	-> 1 2 3 5 A B C 9 11 
Structure 692: 11 C 9 1 2 5 A B 3
	-> 1 2 3 5 A B C 9 11 
Structure 693: C 9 1 2 5 A B 3
	-> 1 2 3 5 A B C 9 
Structure 694: 11 C 9 1 2 5 16 A B 3
	-> 1 2 3 5 A B C 9 11 16 
Structure 695: 12 C 9 1 2 5 A B 3
	-> 1 2 3 5 A B C 9 12 
Structure 696: 12 C 9 1 25 2 5 A B 3
	-> 1 2 3 5 A B C 9 12 
Structure 697: 11 C E 1 2 5 A B 3
	-> 1 2 3 5 A B C 11 E 
Structure 698: 11 C 9 1 2 5 A B 3
	-> 1 2 3 5 A B C 9 11 
Structure 699: 11 C 9 1 2 5 A B 3
	-> 1 2 3 5 A B C 9 11 
Structure 700: C 1 2 5 A B 3
	-> 1 2 3 5 A B C 
Structure 701: 11 C 1 2 5 A B 3
	-> 1 2 3 5 A B C 11 
Structure 702: 11 C 9 1 2 5 A B 3
	-> 1 2 3 5 A B C 9 11 
Structure 703: 11 C 9 1 2 5 A B 3
	-> 1 2 3 5 A B C 9 11 
Structure 704: 11 C 9 1 2 5 A B 3
	-> 1 2 3 5 A B C 9 11 
Structure 705: C 9 1 2 5 A B 3
	-> 1 2 3 5 A B C 9 
Structure 706: 11 C 1 2 5 A B 3
	-> 1 2 3 5 A B C 11 
Structure 707: 11 C 9 1 2 5 A B 3
	-> 1 2 3 5 A B C 9 11 
Structure 708: 11 C 9 1 2 5 A B 3
	-> 1 2 3 5 A B C 9 11 
Structure 709: 11 C E 1 2 5 A B 3
	-> 1 2 3 5 A B C 11 E 
Structure 710: 11 C 9 1 14 2 5 A B 3
	-> 1 2 3 5 A B C 9 11 14 
Structure 711: 12 C 9 1 2 5 A B 3
	-> 1 2 3 5 A B C 9 12 
Structure 712: 11 C 9 1 2 5 A B 3
	-> 1 2 3 5 A B C 9 11 
Structure 713: 11 C 9 1 30 2 5 A B 3
	-> 1 2 3 5 A B C 9 11 
Structure 714: 12 11 C 9 1 2 5 A 26 B 3
	-> 1 2 3 5 A B C 9 11 12 
Structure 715: 11 C 9 1 2 5 A B 3
	-> 1 2 3 5 A B C 9 11 
Structure 716: 11 C 9 1 2 5 A B 3 20
	-> 1 2 3 5 A B C 9 11 
Structure 717: 12 C 9 1 2 5 A B 3
	-> 1 2 3 5 A B C 9 12 
Structure 718: 11 C 9 1 2 5 A B 3 20
	-> 1 2 3 5 A B C 9 11 
Structure 719: 11 C 9 1 2 5 16 A B 3
	-> 1 2 3 5 A B C 9 11 16 
Structure 720: 11 C 9 1 2 5 A B 3
	-> 1 2 3 5 A B C 9 11 
Structure 721: 11 C 1 2 5 A B 3
	-> 1 2 3 5 A B C 11 
Structure 722: 11 C 9 1 2 5 A B 3
	-> 1 2 3 5 A B C 9 11 
Structure 723: 12 C 9 1 2 36 5 A B 3
	-> 1 2 3 5 A B C 9 12 
Structure 724: C 9 1 51 2 5 15 A B 3
	-> 1 2 3 5 A B C 9 15 
Structure 725: 24 C 9 1 14 2 5 15 A B 3
	-> 1 2 3 5 A B C 9 14 15 
Structure 726: 12 C E 1 2 5 16 A B 3
	-> 1 2 3 5 A B C 12 E 16 
Structure 727: 12 C 9 1 2 5 A B 3
	-> 1 2 3 5 A B C 9 12 
Structure 728: 12 C 9 1 2 5 A B 3
	-> 1 2 3 5 A B C 9 12 
Structure 729: 11 C 9 1 2 5 A B 3
	-> 1 2 3 5 A B C 9 11 
Structure 730: 12 D C 9 E 1 2 5 A B 3
	-> 1 2 3 5 A B C 9 12 D E 
Structure 731: 11 C 9 1 2 5 A B 3
	-> 1 2 3 5 A B C 9 11 
Structure 732: 11 C E 1 2 5 A B 3
	-> 1 2 3 5 A B C 11 E 
Structure 733: 11 C 9 1 2 5 A B 3
	-> 1 2 3 5 A B C 9 11 
Structure 734: 11 8 9 1 2 5 A B 3 20
	-> 1 2 3 5 A B 9 11 
Structure 735: 11 C 9 1 2 5 A 26 4 3
	-> 1 2 3 5 A C 9 11 
Structure 736: D 23 10 9 1 2 5 A B 3
	-> 1 2 3 5 A B 9 D 
Structure 737: 11 C 1 2 5 A B 3
	-> 1 2 3 5 A B C 11 
Structure 738: 11 C 9 1 2 5 A B 3
	-> 1 2 3 5 A B C 9 11 
Structure 739: 11 C E 1 2 5 A B 3
	-> 1 2 3 5 A B C 11 E 
Structure 740: 11 C 9 1 2 5 16 A B 3
	-> 1 2 3 5 A B C 9 11 16 
Structure 741: 11 C E 1 2 5 A B 3
	-> 1 2 3 5 A B C 11 E 
Structure 742: 11 C 9 1 14 2 5 A B 3
	-> 1 2 3 5 A B C 9 11 14 
Structure 743: 12 C 9 1 14 2 5 A B 3
	-> 1 2 3 5 A B C 9 12 14 
Structure 744: 12 23 68 E 1 25 2 5 A B 3
	-> 1 2 3 5 A B 12 E 
Structure 745: 11 C 9 1 2 5 A 26 B 3
	-> 1 2 3 5 A B C 9 11 
Structure 746: 11 C 9 1 2 5 A B 3
	-> 1 2 3 5 A B C 9 11 
Structure 747: 11 C 9 1 2 5 A B 3
	-> 1 2 3 5 A B C 9 11 
Structure 748: 12 C 9 1 2 5 A B 3
	-> 1 2 3 5 A B C 9 12 
Structure 749: 11 C 9 E 1 2 5 A B 3
	-> 1 2 3 5 A B C 9 11 E 
Structure 750: 11 C 9 1 2 5 A B 37 3
	-> 1 2 3 5 A B C 9 11 
Structure 751: 11 24 C 9 1 2 5 A B 3
	-> 1 2 3 5 A B C 9 11 
Structure 752: 11 C 9 1 14 2 5 A B 3
	-> 1 2 3 5 A B C 9 11 14 
Structure 753: 11 C 9 1 2 5 A B 3 20
	-> 1 2 3 5 A B C 9 11 
Structure 754: C 9 1 2 5 A 26 B 3
	-> 1 2 3 5 A B C 9 
Structure 755: 12 C 9 1 2 5 16 A B 3
	-> 1 2 3 5 A B C 9 12 16 
Structure 756: 11 C 9 1 2 5 A B 3
	-> 1 2 3 5 A B C 9 11 
Structure 757: 12 C 9 1 2 5 A B 3
	-> 1 2 3 5 A B C 9 12 
Structure 758: 11 C 9 1 2 5 A B 3
	-> 1 2 3 5 A B C 9 11 
Structure 759: 12 C 9 1 2 5 16 A 6 69 3
	-> 1 2 3 5 A C 9 12 16 
Structure 760: 11 C 9 1 2 5 A B 3
	-> 1 2 3 5 A B C 9 11 
Structure 761: 11 C 9 1 2 5 16 A B 3
	-> 1 2 3 5 A B C 9 11 16 
Structure 762: 11 C 9 1 25 2 5 A B 3
	-> 1 2 3 5 A B C 9 11 
Structure 763: 11 C E 1 2 5 A B 3
	-> 1 2 3 5 A B C 11 E 
Structure 764: 11 C 9 1 2 5 A B 3
	-> 1 2 3 5 A B C 9 11 
Structure 765: 11 C 9 1 2 5 A 70 4 3
	-> 1 2 3 5 A C 9 11 
Structure 766: 11 C 9 1 2 5 A B 3
	-> 1 2 3 5 A B C 9 11 
Structure 767: 12 D C 9 1 2 5 A B 3
	-> 1 2 3 5 A B C 9 12 D 
Structure 768: 11 C 9 1 2 5 15 B 3 20
	-> 1 2 3 5 B C 9 11 15 
Structure 769: 11 C 9 1 14 2 5 A B 3
	-> 1 2 3 5 A B C 9 11 14 
Structure 770: 12 C 9 E 1 2 5 15 A B 3
	-> 1 2 3 5 A B C 9 12 E 15 
Structure 771: C 9 1 2 5 16 A B 3
	-> 1 2 3 5 A B C 9 16 
Structure 772: 12 C 9 1 2 5 15 A B 3
	-> 1 2 3 5 A B C 9 12 15 
Structure 773: 11 C 1 2 5 A B 3
	-> 1 2 3 5 A B C 11 
Structure 774: 11 C 9 1 2 5 A B 3
	-> 1 2 3 5 A B C 9 11 
Structure 775: 11 C 29 9 1 2 5 A 26 B 3
	-> 1 2 3 5 A B C 9 11 
Structure 776: 12 C 9 1 2 5 A B 3
	-> 1 2 3 5 A B C 9 12 
Structure 777: 11 C 9 1 2 5 A B 3
	-> 1 2 3 5 A B C 9 11 
Structure 778: 11 C 9 1 27 2 5 A B 3
	-> 1 2 3 5 A B C 9 11 
Structure 779: 11 C 9 1 2 5 16 A B 3 20
	-> 1 2 3 5 A B C 9 11 16 
Structure 780: 11 C 9 1 25 2 5 A B 3
	-> 1 2 3 5 A B C 9 11 
Structure 781: 11 C 9 1 2 5 A B 3
	-> 1 2 3 5 A B C 9 11 
Structure 782: 11 24 C 9 1 14 2 5 A B 3
	-> 1 2 3 5 A B C 9 11 14 
Structure 783: 11 C 9 1 27 2 5 A B 3
	-> 1 2 3 5 A B C 9 11 
Structure 784: 12 C 9 1 14 2 5 A B 3
	-> 1 2 3 5 A B C 9 12 14 
Structure 785: 11 24 C 1 2 5 A B 43 3
	-> 1 2 3 5 A B C 11 
Structure 786: 11 C 9 1 2 5 A B 3
	-> 1 2 3 5 A B C 9 11 
Structure 787: 12 C 28 9 1 2 5 A B 3
	-> 1 2 3 5 A B C 9 12 
Structure 788: 12 D 31 C 9 1 2 5 A B 3
	-> 1 2 3 5 A B C 9 12 D 
Structure 789: 12 D C 9 1 2 5 16 A B 3
	-> 1 2 3 5 A B C 9 12 D 16 
Structure 790: 11 C 9 1 2 5 A B 3
	-> 1 2 3 5 A B C 9 11 
Structure 791: 12 D C 9 1 2 5 A B 3
	-> 1 2 3 5 A B C 9 12 D 
Structure 792: 11 C 9 1 2 5 A B 3
	-> 1 2 3 5 A B C 9 11 
Structure 793: 12 C 9 1 2 5 A B 3
	-> 1 2 3 5 A B C 9 12 
Structure 794: 11 C 9 1 2 5 A B 3
	-> 1 2 3 5 A B C 9 11 
Structure 795: 11 C 9 1 2 5 A B 3
	-> 1 2 3 5 A B C 9 11 
Structure 796: C 9 1 2 5 A B 3
	-> 1 2 3 5 A B C 9 
Structure 797: 12 48 D C 9 1 2 5 A B 3
	-> 1 2 3 5 A B C 9 12 D 
Structure 798: 12 C 9 1 2 5 A B 3
	-> 1 2 3 5 A B C 9 12 
Structure 799: 11 C E 1 2 5 A B 3
	-> 1 2 3 5 A B C 11 E 
Structure 800: 42 48 C 1 2 5 A B 3
	-> 1 2 3 5 A B C 
Structure 801: 12 C 9 1 2 5 A 26 B 3
	-> 1 2 3 5 A B C 9 12 
Structure 802: 11 C 9 1 2 5 A B 3
	-> 1 2 3 5 A B C 9 11 
Structure 803: 11 C 9 1 2 5 A B 3 20
	-> 1 2 3 5 A B C 9 11 
Structure 804: 41 D 23 10 E 1 2 5 A 26 4 3
	-> 1 2 3 5 A D E 
Structure 805: 11 C 9 1 2 5 A B 3
	-> 1 2 3 5 A B C 9 11 
Structure 806: 11 C 9 1 2 5 A B 3
	-> 1 2 3 5 A B C 9 11 
Structure 807: C 9 1 2 5 16 A B 3
	-> 1 2 3 5 A B C 9 16 
Structure 808: 11 C 9 1 2 5 A B 3 20
	-> 1 2 3 5 A B C 9 11 
Structure 809: 11 C 9 1 2 5 A B 3
	-> 1 2 3 5 A B C 9 11 
Structure 810: 12 C 9 1 2 5 15 B 3
	-> 1 2 3 5 B C 9 12 15 
Structure 811: 71 11 C 9 1 2 5 A B 3
	-> 1 2 3 5 A B C 9 11 
Structure 812: 12 C 9 1 2 5 A B 3
	-> 1 2 3 5 A B C 9 12 
Structure 813: 11 C 9 1 2 5 A 26 B 3
	-> 1 2 3 5 A B C 9 11 
Structure 814: 11 C 9 1 2 5 A B 3
	-> 1 2 3 5 A B C 9 11 
Structure 815: 11 C 9 1 14 2 5 A B 3
	-> 1 2 3 5 A B C 9 11 14 
Structure 816: 11 C 9 1 2 5 A B 3
	-> 1 2 3 5 A B C 9 11 
Structure 817: 11 C 9 1 2 5 A B 3
	-> 1 2 3 5 A B C 9 11 
Structure 818: 11 C 9 1 2 5 A B 3
	-> 1 2 3 5 A B C 9 11 
Structure 819: 11 C 9 1 2 5 A B 3
	-> 1 2 3 5 A B C 9 11 
Structure 820: 11 C 9 1 2 5 A B 3
	-> 1 2 3 5 A B C 9 11 
Structure 821: 11 24 C 29 E 1 2 5 A B 3
	-> 1 2 3 5 A B C 11 E 
Structure 822: 11 C 9 1 2 5 A B 3
	-> 1 2 3 5 A B C 9 11 
Structure 823: 11 C E 1 2 5 16 A B 3
	-> 1 2 3 5 A B C 11 E 16 
Structure 824: 12 D C 9 1 2 5 A B 3
	-> 1 2 3 5 A B C 9 12 D 
Structure 825: 11 C 9 1 2 5 A B 3
	-> 1 2 3 5 A B C 9 11 
Structure 826: 11 C 9 1 2 5 A B 3
	-> 1 2 3 5 A B C 9 11 
Structure 827: 11 C 9 1 2 5 A B 3
	-> 1 2 3 5 A B C 9 11 
Structure 828: D C 9 E 1 14 2 5 A B 3
	-> 1 2 3 5 A B C 9 D E 14 
Structure 829: 12 D C 9 1 2 5 A B 3
	-> 1 2 3 5 A B C 9 12 D 
Structure 830: 12 C 9 1 2 5 A B 3
	-> 1 2 3 5 A B C 9 12 
Structure 831: C 9 1 2 5 A B 3
	-> 1 2 3 5 A B C 9 
Structure 832: 11 C 9 1 2 5 A B 3
	-> 1 2 3 5 A B C 9 11 
Structure 833: 11 C 9 1 2 5 A B 3
	-> 1 2 3 5 A B C 9 11 
Structure 834: 11 C 28 9 1 25 2 5 16 A B 3
	-> 1 2 3 5 A B C 9 11 16 
Structure 835: 12 D C 9 1 2 5 A B 3
	-> 1 2 3 5 A B C 9 12 D 
Structure 836: 12 C 9 1 2 5 A B 3
	-> 1 2 3 5 A B C 9 12 
Structure 837: 11 C 9 1 2 5 A B 3
	-> 1 2 3 5 A B C 9 11 
Structure 838: 11 C 9 1 2 5 A B 3
	-> 1 2 3 5 A B C 9 11 
Structure 839: 11 C 9 E 1 2 5 A B 3
	-> 1 2 3 5 A B C 9 11 E 
Structure 840: 12 D C 9 1 2 5 A B 3
	-> 1 2 3 5 A B C 9 12 D 
Structure 841: 12 C 9 1 2 5 16 A B 3 20
	-> 1 2 3 5 A B C 9 12 16 
Structure 842: 11 C 9 1 2 5 A B 3
	-> 1 2 3 5 A B C 9 11 
Structure 843: 41 C 1 27 2 5 A B 3 72
	-> 1 2 3 5 A B C 
Structure 844: 11 C 9 1 2 5 A B 3
	-> 1 2 3 5 A B C 9 11 
Structure 845: 11 C 9 1 2 5 A B 3
	-> 1 2 3 5 A B C 9 11 
Structure 846: 11 C 1 2 5 15 A B 3
	-> 1 2 3 5 A B C 11 15 
Structure 847: 12 D 23 10 E 1 2 5 A B 3
	-> 1 2 3 5 A B 12 D E 
Structure 848: 11 C 29 E 1 2 5 A B 3
	-> 1 2 3 5 A B C 11 E 
Structure 849: 12 C 9 1 2 5 A B 3
	-> 1 2 3 5 A B C 9 12 
Structure 850: C 9 1 2 5 A B 3
	-> 1 2 3 5 A B C 9 
Structure 851: 12 C E 1 2 5 A B 3
	-> 1 2 3 5 A B C 12 E 
Structure 852: 11 C 9 1 2 5 A B 3
	-> 1 2 3 5 A B C 9 11 
Structure 853: 11 C 9 1 2 5 A B 3
	-> 1 2 3 5 A B C 9 11 
Structure 854: 11 C 9 1 2 5 A B 3
	-> 1 2 3 5 A B C 9 11 
Structure 855: 12 23 73 10 9 1 2 5 A B 3
	-> 1 2 3 5 A B 9 12 
Structure 856: 12 C 9 1 25 2 5 A B 3
	-> 1 2 3 5 A B C 9 12 
Structure 857: 11 24 C 9 1 2 5 A B 3
	-> 1 2 3 5 A B C 9 11 
Structure 858: 12 D C 9 1 2 5 A B 3
	-> 1 2 3 5 A B C 9 12 D 
Structure 859: 11 C E 1 2 5 A B 3
	-> 1 2 3 5 A B C 11 E 
Structure 860: 11 C 1 2 5 A B 3
	-> 1 2 3 5 A B C 11 
Structure 861: 12 D C 9 1 2 5 A B 3
	-> 1 2 3 5 A B C 9 12 D 
Structure 862: 12 D C 1 2 5 A B 3
	-> 1 2 3 5 A B C 12 D 
Structure 863: 11 C 28 9 1 2 5 A B 3
	-> 1 2 3 5 A B C 9 11 
Structure 864: 11 C 9 1 2 5 A B 3
	-> 1 2 3 5 A B C 9 11 
Structure 865: 11 C 9 1 2 5 15 A B 3
	-> 1 2 3 5 A B C 9 11 15 
Structure 866: 12 D C 9 1 2 5 16 A B 3
	-> 1 2 3 5 A B C 9 12 D 16 
Structure 867: 11 C 9 1 2 5 A B 3
	-> 1 2 3 5 A B C 9 11 
Structure 868: 12 24 C 9 1 2 5 A B 3
	-> 1 2 3 5 A B C 9 12 
Structure 869: 12 D C 9 1 2 5 A B 3
	-> 1 2 3 5 A B C 9 12 D 
Structure 870: 11 C 9 1 2 5 15 A B 3
	-> 1 2 3 5 A B C 9 11 15 
Structure 871: 11 C 9 1 14 2 5 A B 3
	-> 1 2 3 5 A B C 9 11 14 
Structure 872: 11 C 9 1 2 5 A B 3
	-> 1 2 3 5 A B C 9 11 
Structure 873: 12 D C 9 1 2 5 A B 3
	-> 1 2 3 5 A B C 9 12 D 
Structure 874: 11 C 9 1 14 2 5 A B 3
	-> 1 2 3 5 A B C 9 11 14 
Structure 875: 12 D C 9 1 2 5 A B 3
	-> 1 2 3 5 A B C 9 12 D 
Structure 876: 11 C 9 1 2 5 15 A B 3
	-> 1 2 3 5 A B C 9 11 15 
Structure 877: 11 C 9 1 2 5 15 A B 3
	-> 1 2 3 5 A B C 9 11 15 
Structure 878: 11 C 9 1 2 5 A B 3
	-> 1 2 3 5 A B C 9 11 
Structure 879: 11 C 9 1 2 5 15 A B 3
	-> 1 2 3 5 A B C 9 11 15 
Structure 880: 11 C 9 1 2 5 A B 3
	-> 1 2 3 5 A B C 9 11 
Structure 881: 12 C 9 1 25 2 5 A B 3
	-> 1 2 3 5 A B C 9 12 
Structure 882: 12 C 9 1 2 5 A B 3
	-> 1 2 3 5 A B C 9 12 
Structure 883: 11 C E 1 2 5 A B 3
	-> 1 2 3 5 A B C 11 E 
Structure 884: 12 C 9 1 2 5 A B 3
	-> 1 2 3 5 A B C 9 12 
Structure 885: 11 C 9 1 2 5 A B 3
	-> 1 2 3 5 A B C 9 11 
Structure 886: 11 C 9 1 2 5 A B 3
	-> 1 2 3 5 A B C 9 11 
Structure 887: 12 D C 9 1 2 5 A B 3 20
	-> 1 2 3 5 A B C 9 12 D 
Structure 888: 11 C 9 1 2 5 A B 3
	-> 1 2 3 5 A B C 9 11 
Structure 889: 11 C 9 1 2 5 15 A B 3
	-> 1 2 3 5 A B C 9 11 15 
Structure 890: 12 D C E 1 2 5 A B 3 20
	-> 1 2 3 5 A B C 12 D E 
Structure 891: 11 C 9 1 2 5 16 A B 37 3
	-> 1 2 3 5 A B C 9 11 16 
Structure 892: 12 D C 9 1 2 5 A B 3
	-> 1 2 3 5 A B C 9 12 D 
Structure 893: 12 C 9 1 30 2 5 A B 3
	-> 1 2 3 5 A B C 9 12 
Structure 894: 11 C 9 1 2 5 A B 3
	-> 1 2 3 5 A B C 9 11 
Structure 895: 11 C 9 1 2 5 A B 3
	-> 1 2 3 5 A B C 9 11 
Structure 896: 11 C 9 1 2 5 A 26 4 3
	-> 1 2 3 5 A C 9 11 
Structure 897: 11 C E 1 25 2 5 A B 3
	-> 1 2 3 5 A B C 11 E 
Structure 898: 12 24 C 9 1 2 5 A B 3
	-> 1 2 3 5 A B C 9 12 
Structure 899: 12 D C E 1 2 5 A B 3
	-> 1 2 3 5 A B C 12 D E 
Structure 900: C 9 1 14 2 5 A B 3
	-> 1 2 3 5 A B C 9 14 
Structure 901: 11 C 9 1 14 2 5 A B 3
	-> 1 2 3 5 A B C 9 11 14 
Structure 902: 11 C 9 1 2 5 A B 3 20
	-> 1 2 3 5 A B C 9 11 
Structure 903: 11 C 9 1 2 5 A B 3
	-> 1 2 3 5 A B C 9 11 
Structure 904: 11 C E 1 2 5 A B 3
	-> 1 2 3 5 A B C 11 E 
Structure 905: 11 C 9 1 2 5 16 A B 3
	-> 1 2 3 5 A B C 9 11 16 
Structure 906: 11 C 9 1 2 5 A B 3
	-> 1 2 3 5 A B C 9 11 
Structure 907: 11 C 9 E 1 2 5 A B 3
	-> 1 2 3 5 A B C 9 11 E 
Structure 908: 11 C 9 1 2 5 A B 3
	-> 1 2 3 5 A B C 9 11 
Structure 909: 12 D C 9 1 2 5 A B 3
	-> 1 2 3 5 A B C 9 12 D 
Structure 910: 11 C 9 1 2 5 A B 3
	-> 1 2 3 5 A B C 9 11 
Structure 911: 11 C 9 1 2 5 A B 3
	-> 1 2 3 5 A B C 9 11 
Structure 912: 11 C E 1 14 2 5 A B 3
	-> 1 2 3 5 A B C 11 E 14 
Structure 913: 11 C 9 E 1 2 5 A B 3
	-> 1 2 3 5 A B C 9 11 E 
Structure 914: 11 C 9 1 2 39 A B 3
	-> 1 2 3 A B C 9 11 
Structure 915: 11 C 9 1 2 5 A B 3
	-> 1 2 3 5 A B C 9 11 
Structure 916: 11 C 9 1 2 5 A B 3
	-> 1 2 3 5 A B C 9 11 
Structure 917: 12 D 23 10 9 E 1 2 5 A B 3
	-> 1 2 3 5 A B 9 12 D E 
Structure 918: 11 C 9 1 2 5 A B 3
	-> 1 2 3 5 A B C 9 11 
Structure 919: 11 C 9 1 2 5 16 A B 3
	-> 1 2 3 5 A B C 9 11 16 
Structure 920: 11 C 9 1 25 2 5 A 26 B 3
	-> 1 2 3 5 A B C 9 11 
Structure 921: 11 C 9 1 2 5 A B 3
	-> 1 2 3 5 A B C 9 11 
Structure 922: 12 C E 1 2 5 A B 3
	-> 1 2 3 5 A B C 12 E 
Structure 923: 11 C 9 1 2 5 A B 3
	-> 1 2 3 5 A B C 9 11 
Structure 924: 12 D C 9 1 2 5 A B 3
	-> 1 2 3 5 A B C 9 12 D 
Structure 925: 11 C 9 1 2 5 A B 3
	-> 1 2 3 5 A B C 9 11 
Structure 926: 12 C 9 1 2 5 A B 3
	-> 1 2 3 5 A B C 9 12 
Structure 927: 12 D C 9 1 2 5 35 A B 3
	-> 1 2 3 5 A B C 9 12 D 
Structure 928: C 9 1 2 5 16 A B 3 20
	-> 1 2 3 5 A B C 9 16 
Structure 929: 11 C 29 33 1 2 5 A 74 B 3
	-> 1 2 3 5 A B C 11 
Structure 930: 42 C 9 1 2 5 A B 3
	-> 1 2 3 5 A B C 9 
Structure 931: 11 C 9 1 2 5 A B 3
	-> 1 2 3 5 A B C 9 11 
Structure 932: 11 C E 1 2 5 A B 3
	-> 1 2 3 5 A B C 11 E 
Structure 933: 11 C 9 1 2 5 A B 3
	-> 1 2 3 5 A B C 9 11 
Structure 934: 11 C 9 1 14 2 5 16 A B 3
	-> 1 2 3 5 A B C 9 11 14 16 
Structure 935: 12 C 9 1 2 5 35 A B 3
	-> 1 2 3 5 A B C 9 12 
Structure 936: 12 C 9 1 2 5 A B 3
	-> 1 2 3 5 A B C 9 12 
Structure 937: 12 C 9 1 2 5 A B 3
	-> 1 2 3 5 A B C 9 12 
Structure 938: 12 D C 9 1 2 5 A B 3
	-> 1 2 3 5 A B C 9 12 D 
Structure 939: 11 C 9 1 2 5 15 A B 3
	-> 1 2 3 5 A B C 9 11 15 
Structure 940: 12 24 C 9 1 2 5 16 A B 3
	-> 1 2 3 5 A B C 9 12 16 
Structure 941: C 9 1 2 5 A B 3
	-> 1 2 3 5 A B C 9 
Structure 942: 11 C 9 1 2 5 A B 3 20
	-> 1 2 3 5 A B C 9 11 
Structure 943: 11 C 9 E 1 2 5 A B 3
	-> 1 2 3 5 A B C 9 11 E 
Structure 944: 11 C 9 1 2 5 A B 3
	-> 1 2 3 5 A B C 9 11 
Structure 945: 11 C 1 25 2 5 A B 3
	-> 1 2 3 5 A B C 11 
Structure 946: 11 C 9 1 2 5 A B 3
	-> 1 2 3 5 A B C 9 11 
Structure 947: C 9 1 2 5 A B 3
	-> 1 2 3 5 A B C 9 
Structure 948: 12 D C 9 1 2 5 A B 3
	-> 1 2 3 5 A B C 9 12 D 
Structure 949: 11 C 9 E 1 2 5 A B 3
	-> 1 2 3 5 A B C 9 11 E 
Structure 950: 12 D 23 10 9 1 2 5 A B 43 3 20
	-> 1 2 3 5 A B 9 12 D 
Structure 951: 11 C 29 1 14 2 5 A B 3
	-> 1 2 3 5 A B C 11 14 
Structure 952: 11 C 9 1 2 5 15 A B 3
	-> 1 2 3 5 A B C 9 11 15 
Structure 953: 12 23 10 9 1 14 2 5 A B 3
	-> 1 2 3 5 A B 9 12 14 
Structure 954: 12 C 1 2 5 A B 3
	-> 1 2 3 5 A B C 12 
Structure 955: 11 C 9 1 2 5 A B 3
	-> 1 2 3 5 A B C 9 11 
Structure 956: 11 C 9 1 2 5 A B 3
	-> 1 2 3 5 A B C 9 11 
Structure 957: 12 C 9 1 2 5 A B 3
	-> 1 2 3 5 A B C 9 12 
Structure 958: 12 D C 9 1 2 5 A B 3
	-> 1 2 3 5 A B C 9 12 D 
Structure 959: C 1 2 5 A B 3 20
	-> 1 2 3 5 A B C 
Structure 960: 12 D C 9 1 2 5 A B 3
	-> 1 2 3 5 A B C 9 12 D 
Structure 961: 11 C 9 1 2 5 A B 3
	-> 1 2 3 5 A B C 9 11 
Structure 962: 11 C 9 1 25 2 5 A B 3
	-> 1 2 3 5 A B C 9 11 
Structure 963: 11 C 9 E 1 2 5 A B 3
	-> 1 2 3 5 A B C 9 11 E 
Structure 964: 11 C 9 1 2 5 A B 3
	-> 1 2 3 5 A B C 9 11 
Structure 965: 11 24 C 29 E 1 2 5 A B 3
	-> 1 2 3 5 A B C 11 E 
Structure 966: 11 C 9 1 2 5 A B 3
	-> 1 2 3 5 A B C 9 11 
Structure 967: 12 C 9 1 2 5 15 B 3
	-> 1 2 3 5 B C 9 12 15 
Structure 968: 12 D 23 10 9 1 2 32 5 A B 3
	-> 1 2 3 5 A B 9 12 D 
Structure 969: 11 C 9 1 14 2 5 A B 3
	-> 1 2 3 5 A B C 9 11 14 
Structure 970: 11 24 C 29 E 1 14 2 5 A B 3
	-> 1 2 3 5 A B C 11 E 14 
Structure 971: 11 C 9 1 2 5 A B 3
	-> 1 2 3 5 A B C 9 11 
Structure 972: 11 C 9 E 1 2 5 A B 3
	-> 1 2 3 5 A B C 9 11 E 
Structure 973: 11 C 9 1 2 5 A B 3
	-> 1 2 3 5 A B C 9 11 
Structure 974: 12 C 9 1 2 5 A B 3
	-> 1 2 3 5 A B C 9 12 
Structure 975: 11 C 9 1 2 5 A B 3
	-> 1 2 3 5 A B C 9 11 
Structure 976: 12 C 9 1 2 5 A B 3
	-> 1 2 3 5 A B C 9 12 
Structure 977: 11 C 9 1 2 5 A B 3
	-> 1 2 3 5 A B C 9 11 
Structure 978: 11 C E 1 2 5 15 A B 3
	-> 1 2 3 5 A B C 11 E 15 
Structure 979: 11 C 9 1 2 5 A B 3
	-> 1 2 3 5 A B C 9 11 
Structure 980: 11 C 9 1 2 5 15 B 3
	-> 1 2 3 5 B C 9 11 15 
Structure 981: C 9 1 14 2 5 A B 3
	-> 1 2 3 5 A B C 9 14 
Structure 982: D 23 C 9 1 2 5 A B 3
	-> 1 2 3 5 A B C 9 D 
Structure 983: 11 C 9 1 2 5 A B 3
	-> 1 2 3 5 A B C 9 11 
Structure 984: 12 D 23 10 9 1 2 5 A B 3
	-> 1 2 3 5 A B 9 12 D 
Structure 985: C 9 1 2 5 A B 37 3
	-> 1 2 3 5 A B C 9 
Structure 986: 11 C 9 1 2 5 A B 3
	-> 1 2 3 5 A B C 9 11 
Structure 987: 11 C 9 1 2 5 16 A B 3
	-> 1 2 3 5 A B C 9 11 16 
Structure 988: 11 C 9 1 14 2 5 A B 3
	-> 1 2 3 5 A B C 9 11 14 
Structure 989: 11 C 9 1 2 5 A B 3
	-> 1 2 3 5 A B C 9 11 
Structure 990: 11 C 9 1 2 5 A B 3
	-> 1 2 3 5 A B C 9 11 
Structure 991: 11 C 9 E 1 2 5 A B 3
	-> 1 2 3 5 A B C 9 11 E 
Structure 992: 11 C 9 1 2 5 A B 3
	-> 1 2 3 5 A B C 9 11 
Structure 993: 40 D C 9 1 2 5 A B 3
	-> 1 2 3 5 A B C 9 D 
Structure 994: 11 C 9 1 2 32 5 A B 3
	-> 1 2 3 5 A B C 9 11 
Structure 995: C 9 1 2 5 A B 3
	-> 1 2 3 5 A B C 9 
Structure 996: 11 C 9 E 1 2 5 A B 3
	-> 1 2 3 5 A B C 9 11 E 
Structure 997: 11 C 9 1 14 2 5 A B 3
	-> 1 2 3 5 A B C 9 11 14 
Structure 998: 11 C 9 1 2 5 A B 3
	-> 1 2 3 5 A B C 9 11 
Structure 999: 12 D C 9 1 30 2 5 A B 3
	-> 1 2 3 5 A B C 9 12 D 
Structure 1000: 12 23 10 1 2 5 A B 3
	-> 1 2 3 5 A B 12 
