Processing: /home/hwilco/Documents/RNA Research/RNAStructProfiling-master/output/training/U1/H.sapiens.7_sfold/input/H.sapiens.7_sfold.out
Structure 1: 12 128 8 3 13 4 9 A 81 10 6 5
	-> A 3 4 5 6 8 9 10 12 13 
Structure 2: 7 129 8 3 13 4 9 A 10 26 6 5
	-> A 3 4 5 6 7 8 9 10 13 
Structure 3: 7 17 8 3 13 4 9 A 107 10 6 5
	-> A 3 4 5 6 7 8 9 10 13 17 
Structure 4: 12 7 8 33 39 3 4 9 A 10 6 5
	-> A 3 4 5 6 7 8 9 10 12 
Structure 5: 16 59 29 21 22 4 A 18 11 15 14
	-> A 4 11 14 15 16 18 
Structure 6: 7 8 3 4 9 A 23 25 14 6 5
	-> A 3 4 5 6 7 8 9 14 
Structure 7: 12 7 20 30 3 4 9 A 11 15 6 5
	-> A 3 4 5 6 7 9 11 12 15 
Structure 8: 16 3 32 28 35 31 27 18 11 15 14
	-> 3 11 14 15 16 18 
Structure 9: 16 21 22 49 19 A 18 68 38 14
	-> A 14 16 18 
Structure 10: 12 7 8 3 13 4 A 53 56 6 5
	-> A 3 4 5 6 7 8 12 13 
Structure 11: 16 3 32 28 A 27 18 11 15 14
	-> A 3 11 14 15 16 18 
Structure 12: 130 7 8 39 3 4 9 A 10 6 5
	-> A 3 4 5 6 7 8 9 10 
Structure 13: 7 20 34 50 86 19 A 18 11 15 6 5
	-> A 5 6 7 11 15 18 
Structure 14: 16 3 13 4 A 75 64 26 14 5
	-> A 3 4 5 13 14 16 
Structure 15: 12 7 17 8 3 4 A 10 6 5
	-> A 3 4 5 6 7 8 10 12 17 
Structure 16: 16 51 29 21 22 19 A 18 11 14
	-> A 11 14 16 18 
Structure 17: 7 131 8 87 3 24 4 9 A 23 25 6 5
	-> A 3 4 5 6 7 8 9 
Structure 18: 7 17 8 3 24 4 9 A 10 6 5
	-> A 3 4 5 6 7 8 9 10 17 
Structure 19: 16 39 3 32 28 35 31 42 27 11 15 14
	-> 3 11 14 15 16 
Structure 20: 16 3 32 28 76 35 31 27 11 14
	-> 3 11 14 16 
Structure 21: 12 7 17 8 3 4 19 A 10 6 5
	-> A 3 4 5 6 7 8 10 12 17 
Structure 22: 16 29 21 22 4 9 A 18 11 14
	-> A 4 9 11 14 16 18 
Structure 23: 7 17 8 3 24 4 9 A 10 6 5
	-> A 3 4 5 6 7 8 9 10 17 
Structure 24: 7 36 48 43 3 41 45 40 37 11 15 6 5
	-> 3 5 6 7 11 15 
Structure 25: 7 17 8 3 13 4 9 A 10 6 5
	-> A 3 4 5 6 7 8 9 10 13 17 
Structure 26: 12 36 48 43 3 41 45 40 37 11 14 6 5
	-> 3 5 6 11 12 14 
Structure 27: 101 36 34 3 19 A 11 15 14 6 5
	-> A 3 5 6 11 14 15 
Structure 28: 7 20 8 3 4 A 23 25 6 5
	-> A 3 4 5 6 7 8 
Structure 29: 12 7 17 8 33 3 4 19 A 10 6 5
	-> A 3 4 5 6 7 8 10 12 17 
Structure 30: 16 3 32 28 A 27 11 15 14
	-> A 3 11 14 15 16 
Structure 31: 12 7 17 8 3 13 4 9 A 10 6 5
	-> A 3 4 5 6 7 8 9 10 12 13 17 
Structure 32: 7 17 8 3 24 4 9 A 10 6 5
	-> A 3 4 5 6 7 8 9 10 17 
Structure 33: 16 88 54 4 9 A 11 15 108 109
	-> A 4 9 11 15 16 
Structure 34: 71 74 8 3 13 4 9 A 10 6 5
	-> A 3 4 5 6 8 9 10 13 
Structure 35: 12 7 8 3 13 4 9 A 10 26 6 5
	-> A 3 4 5 6 7 8 9 10 12 13 
Structure 36: 12 7 20 8 69 3 4 A 23 25 6 5
	-> A 3 4 5 6 7 8 12 
Structure 37: 7 20 8 3 13 4 9 A 23 25 6 5
	-> A 3 4 5 6 7 8 9 13 
Structure 38: 12 7 17 8 33 87 3 4 9 A 89 90 53 110 6 5
	-> A 3 4 5 6 7 8 9 12 17 
Structure 39: 16 3 32 28 35 31 42 27 18 11 15 14
	-> 3 11 14 15 16 18 
Structure 40: 12 7 20 34 50 3 19 A 18 11 15 6 5
	-> A 3 5 6 7 11 12 15 18 
Structure 41: 7 17 8 3 4 19 A 10 26 6 5
	-> A 3 4 5 6 7 8 10 17 
Structure 42: 7 20 111 3 4 9 A 18 11 15 6 5
	-> A 3 4 5 6 7 9 11 15 18 
Structure 43: 16 29 21 22 4 A 18 11 15 14
	-> A 4 11 14 15 16 18 
Structure 44: 7 17 8 3 24 4 A 10 6 5
	-> A 3 4 5 6 7 8 10 17 
Structure 45: 7 20 34 50 19 A 18 11 15 6 5
	-> A 5 6 7 11 15 18 
Structure 46: 7 17 8 3 13 4 9 A 10 26 6 5
	-> A 3 4 5 6 7 8 9 10 13 17 
Structure 47: 16 44 21 22 4 19 37 31 18 11 15 14
	-> 4 11 14 15 16 18 
Structure 48: 7 17 8 33 3 4 A 89 10 72 6 5
	-> A 3 4 5 6 7 8 10 17 
Structure 49: 7 20 30 3 13 4 9 A 38 6 5
	-> A 3 4 5 6 7 9 13 
Structure 50: 12 7 20 30 87 3 13 4 9 A 11 15 6 5
	-> A 3 4 5 6 7 9 11 12 13 15 
Structure 51: 7 8 3 13 4 A 10 26 6 5
	-> A 3 4 5 6 7 8 10 13 
Structure 52: 16 46 47 54 13 4 9 A 11 38 5
	-> A 4 5 9 11 13 16 
Structure 53: 12 7 20 8 3 13 4 A 23 25 6 5
	-> A 3 4 5 6 7 8 12 13 
Structure 54: 12 7 17 8 3 13 4 9 A 10 6 5
	-> A 3 4 5 6 7 8 9 10 12 13 17 
Structure 55: 12 7 17 8 33 3 4 9 A 132 23 25 6 5
	-> A 3 4 5 6 7 8 9 12 17 
Structure 56: 12 7 17 8 3 13 4 9 A 10 6 5
	-> A 3 4 5 6 7 8 9 10 12 13 17 
Structure 57: 16 3 32 28 35 31 42 27 18 11 15 14
	-> 3 11 14 15 16 18 
Structure 58: 7 17 8 3 13 4 9 A 53 56 6 5
	-> A 3 4 5 6 7 8 9 13 17 
Structure 59: 12 7 20 34 3 4 9 A 18 11 15 6 5
	-> A 3 4 5 6 7 9 11 12 15 18 
Structure 60: 16 29 21 22 49 19 A 18 11 14
	-> A 11 14 16 18 
Structure 61: 12 7 8 3 4 9 A 10 26 6 5
	-> A 3 4 5 6 7 8 9 10 12 
Structure 62: 16 29 21 22 4 19 A 18 11 14
	-> A 4 11 14 16 18 
Structure 63: 7 17 8 3 4 9 A 23 25 6 5
	-> A 3 4 5 6 7 8 9 17 
Structure 64: 16 87 3 32 28 35 31 42 27 11 38 14
	-> 3 11 14 16 
Structure 65: 12 7 17 8 3 24 4 9 A 10 6 5
	-> A 3 4 5 6 7 8 9 10 12 17 
Structure 66: 133 60 52 8 3 4 9 A 61 14 6 5
	-> A 3 4 5 6 8 9 14 
Structure 67: 7 8 3 13 4 A 10 72 6 5
	-> A 3 4 5 6 7 8 10 13 
Structure 68: 12 36 48 43 3 41 45 40 37 18 11 14 6 5
	-> 3 5 6 11 12 14 18 
Structure 69: 12 7 8 3 13 4 9 A 10 6 5
	-> A 3 4 5 6 7 8 9 10 12 13 
Structure 70: 12 7 17 8 33 3 4 9 A 10 6 5
	-> A 3 4 5 6 7 8 9 10 12 17 
Structure 71: 16 44 21 22 4 9 A 11 95 14
	-> A 4 9 11 14 16 
Structure 72: 16 44 21 22 4 9 A 11 15 14
	-> A 4 9 11 14 15 16 
Structure 73: 16 44 21 22 49 19 65 A 18 68 38 14
	-> A 14 16 18 
Structure 74: 16 134 3 32 28 A 42 27 11 15 14
	-> A 3 11 14 15 16 
Structure 75: 16 44 21 22 4 A 18 11 15 14
	-> A 4 11 14 15 16 18 
Structure 76: 7 17 8 3 4 A 10 6 5
	-> A 3 4 5 6 7 8 10 17 
Structure 77: 12 7 17 8 3 13 4 9 A 10 6 5
	-> A 3 4 5 6 7 8 9 10 12 13 17 
Structure 78: 16 29 21 22 4 9 A 18 11 15 14
	-> A 4 9 11 14 15 16 18 
Structure 79: 7 8 3 4 19 A 10 6 5
	-> A 3 4 5 6 7 8 10 
Structure 80: 7 20 8 3 13 4 9 A 26 6 5
	-> A 3 4 5 6 7 8 9 13 
Structure 81: 7 8 33 3 4 9 A 26 6 5
	-> A 3 4 5 6 7 8 9 
Structure 82: 16 46 47 54 24 4 9 A 11 38 91 5
	-> A 4 5 9 11 16 
Structure 83: 12 7 20 30 3 13 4 9 A 11 15 6 5
	-> A 3 4 5 6 7 9 11 12 13 15 
Structure 84: 7 8 3 24 4 9 A 23 25 6 5
	-> A 3 4 5 6 7 8 9 
Structure 85: 12 7 8 3 13 4 9 A 10 26 6 5
	-> A 3 4 5 6 7 8 9 10 12 13 
Structure 86: 16 82 29 21 22 4 A 18 11 14
	-> A 4 11 14 16 18 
Structure 87: 16 51 21 22 4 9 A 18 38 14
	-> A 4 9 14 16 18 
Structure 88: 12 7 17 8 3 24 4 A 64 26 6 5
	-> A 3 4 5 6 7 8 12 17 
Structure 89: 12 7 8 3 13 4 A 10 6 5
	-> A 3 4 5 6 7 8 10 12 13 
Structure 90: 7 20 30 102 3 13 4 9 A 6 5
	-> A 3 4 5 6 7 9 13 
Structure 91: 7 17 8 39 3 4 A 10 6 5
	-> A 3 4 5 6 7 8 10 17 
Structure 92: 7 17 8 3 13 4 19 A 10 6 5
	-> A 3 4 5 6 7 8 10 13 17 
Structure 93: 7 20 30 3 13 4 19 A 11 38 6 5
	-> A 3 4 5 6 7 11 13 
Structure 94: 16 3 32 28 35 31 42 27 11 14
	-> 3 11 14 16 
Structure 95: 12 7 36 43 3 41 45 40 37 11 6 5
	-> 3 5 6 7 11 12 
Structure 96: 12 7 8 3 4 9 A 10 6 5
	-> A 3 4 5 6 7 8 9 10 12 
Structure 97: 16 88 3 135 19 A 136 137 91
	-> A 3 16 
Structure 98: 7 17 138 8 33 3 4 9 A 10 6 5
	-> A 3 4 5 6 7 8 9 10 17 
Structure 99: 12 7 8 3 4 9 A 10 6 5
	-> A 3 4 5 6 7 8 9 10 12 
Structure 100: 12 7 20 8 3 13 4 9 A 23 25 6 5
	-> A 3 4 5 6 7 8 9 12 13 
Structure 101: 66 77 36 48 43 3 41 45 40 37 18 11 15 6 5
	-> 3 5 6 11 15 18 
Structure 102: 7 8 3 24 4 9 A 10 72 6 5
	-> A 3 4 5 6 7 8 9 10 
Structure 103: 12 7 8 3 13 4 19 A 10 6 5
	-> A 3 4 5 6 7 8 10 12 13 
Structure 104: 12 7 8 3 4 19 A 10 6 5
	-> A 3 4 5 6 7 8 10 12 
Structure 105: 12 7 8 3 4 A 10 6 5
	-> A 3 4 5 6 7 8 10 12 
Structure 106: 16 139 21 22 4 9 2 92 18 11 15 14
	-> 4 9 11 14 15 16 18 
Structure 107: 12 7 8 3 4 A 10 6 5
	-> A 3 4 5 6 7 8 10 12 
Structure 108: 12 7 8 3 4 9 A 53 56 6 5
	-> A 3 4 5 6 7 8 9 12 
Structure 109: 16 44 21 22 4 9 A 18 11 15 14
	-> A 4 9 11 14 15 16 18 
Structure 110: 16 3 28 A 27 11 15 14
	-> A 3 11 14 15 16 
Structure 111: 7 17 8 3 4 9 A 10 6 5
	-> A 3 4 5 6 7 8 9 10 17 
Structure 112: 12 7 17 8 3 13 4 9 2 140 10 6 5
	-> 3 4 5 6 7 8 9 10 12 13 17 
Structure 113: 7 17 8 3 13 4 A 10 6 5
	-> A 3 4 5 6 7 8 10 13 17 
Structure 114: 7 20 30 102 3 13 4 19 A 6 5
	-> A 3 4 5 6 7 13 
Structure 115: 12 7 17 8 39 3 13 4 A 23 26 6 5
	-> A 3 4 5 6 7 8 12 13 17 
Structure 116: 7 17 8 3 4 9 A 10 6 5
	-> A 3 4 5 6 7 8 9 10 17 
Structure 117: 7 36 43 3 41 45 40 37 11 15 6 5
	-> 3 5 6 7 11 15 
Structure 118: 16 21 22 4 A 18 11 15 14
	-> A 4 11 14 15 16 18 
Structure 119: 16 51 29 21 22 4 9 A 11 14
	-> A 4 9 11 14 16 
Structure 120: 112 60 52 8 3 13 4 9 A 89 14 6 5
	-> A 3 4 5 6 8 9 13 14 
Structure 121: 7 17 8 3 4 9 A 10 6 5
	-> A 3 4 5 6 7 8 9 10 17 
Structure 122: 7 17 8 3 13 4 9 A 10 26 6 5
	-> A 3 4 5 6 7 8 9 10 13 17 
Structure 123: 52 8 3 13 4 9 A 26 14 6 5
	-> A 3 4 5 6 8 9 13 14 
Structure 124: 12 7 36 48 43 3 41 93 40 37 11 15 6 5
	-> 3 5 6 7 11 12 15 
Structure 125: 12 36 43 3 41 93 40 37 11 15 14 6 5
	-> 3 5 6 11 12 14 15 
Structure 126: 7 8 3 13 4 19 A 10 6 5
	-> A 3 4 5 6 7 8 10 13 
Structure 127: 16 51 29 21 22 57 19 A 18 11 15 14
	-> A 11 14 15 16 18 
Structure 128: 16 3 32 28 A 27 18 11 15 14
	-> A 3 11 14 15 16 18 
Structure 129: 16 59 29 21 22 4 9 A 18 11 15 14
	-> A 4 9 11 14 15 16 18 
Structure 130: 7 17 8 3 4 9 A 10 6 5
	-> A 3 4 5 6 7 8 9 10 17 
Structure 131: 12 7 8 3 13 4 A 23 25 6 5
	-> A 3 4 5 6 7 8 12 13 
Structure 132: 12 83 52 8 3 13 4 9 A 14 6 5
	-> A 3 4 5 6 8 9 12 13 14 
Structure 133: 12 7 8 33 3 4 9 A 10 26 6 5
	-> A 3 4 5 6 7 8 9 10 12 
Structure 134: 12 7 8 33 141 3 4 A 10 6 5
	-> A 3 4 5 6 7 8 10 12 
Structure 135: 7 17 8 33 3 4 A 10 6 5
	-> A 3 4 5 6 7 8 10 17 
Structure 136: 7 17 8 33 3 4 A 10 6 5
	-> A 3 4 5 6 7 8 10 17 
Structure 137: 12 7 20 30 3 13 4 9 A 11 15 6 5
	-> A 3 4 5 6 7 9 11 12 13 15 
Structure 138: 7 17 8 3 13 4 9 A 10 6 5
	-> A 3 4 5 6 7 8 9 10 13 17 
Structure 139: 7 20 34 50 4 9 A 18 11 6 5
	-> A 4 5 6 7 9 11 18 
Structure 140: 12 7 17 8 39 3 4 A 10 6 5
	-> A 3 4 5 6 7 8 10 12 17 
Structure 141: 12 7 8 3 4 19 37 31 53 56 6 5
	-> 3 4 5 6 7 8 12 
Structure 142: 7 58 142 8 33 3 4 19 A 10 6 5
	-> A 3 4 5 6 7 8 10 
Structure 143: 16 29 21 22 4 9 A 18 11 15 14
	-> A 4 9 11 14 15 16 18 
Structure 144: 7 20 34 50 19 A 18 11 6 5
	-> A 5 6 7 11 18 
Structure 145: 7 17 8 3 13 4 9 A 10 6 5
	-> A 3 4 5 6 7 8 9 10 13 17 
Structure 146: 12 7 70 20 34 3 19 A 18 11 6 5
	-> A 3 5 6 7 11 12 18 
Structure 147: 12 7 8 3 4 A 23 25 6 5
	-> A 3 4 5 6 7 8 12 
Structure 148: 7 17 8 143 3 19 A 10 6 5
	-> A 3 5 6 7 8 10 17 
Structure 149: 12 7 17 8 33 3 4 9 A 10 26 6 5
	-> A 3 4 5 6 7 8 9 10 12 17 
Structure 150: 66 77 8 39 3 4 9 A 10 6 5
	-> A 3 4 5 6 8 9 10 
Structure 151: 7 17 8 3 4 A 10 6 5
	-> A 3 4 5 6 7 8 10 17 
Structure 152: 7 17 8 3 13 4 9 A 10 6 5
	-> A 3 4 5 6 7 8 9 10 13 17 
Structure 153: 12 7 8 3 13 4 9 A 10 25 6 5
	-> A 3 4 5 6 7 8 9 10 12 13 
Structure 154: 12 7 17 8 3 4 9 A 10 6 5
	-> A 3 4 5 6 7 8 9 10 12 17 
Structure 155: 7 17 8 3 13 4 A 10 6 5
	-> A 3 4 5 6 7 8 10 13 17 
Structure 156: 7 8 3 4 A 10 6 5
	-> A 3 4 5 6 7 8 10 
Structure 157: 12 7 17 34 144 50 113 19 A 18 11 6 5
	-> A 5 6 7 11 12 17 18 
Structure 158: 16 3 32 28 35 31 27 11 15 14
	-> 3 11 14 15 16 
Structure 159: 94 8 3 4 A 61 14 6 5
	-> A 3 4 5 6 8 14 
Structure 160: 12 7 36 145 3 A 11 15 6 5
	-> A 3 5 6 7 11 12 15 
Structure 161: 12 7 8 3 13 24 4 9 A 10 6 5
	-> A 3 4 5 6 7 8 9 10 12 13 
Structure 162: 16 46 47 54 4 A 18 11 15 5
	-> A 4 5 11 15 16 18 
Structure 163: 7 20 8 3 4 19 A 55 26 6 5
	-> A 3 4 5 6 7 8 
Structure 164: 12 7 17 8 3 13 4 9 A 10 6 5
	-> A 3 4 5 6 7 8 9 10 12 13 17 
Structure 165: 7 20 30 3 13 4 A 11 6 5
	-> A 3 4 5 6 7 11 13 
Structure 166: 7 8 62 3 19 A 53 56 6 5
	-> A 3 5 6 7 8 
Structure 167: 7 20 30 39 3 13 4 A 11 15 6 5
	-> A 3 4 5 6 7 11 13 15 
Structure 168: 12 7 8 3 13 4 9 A 10 6 5
	-> A 3 4 5 6 7 8 9 10 12 13 
Structure 169: 12 7 20 8 3 4 19 A 26 6 5
	-> A 3 4 5 6 7 8 12 
Structure 170: 12 7 20 30 3 13 4 19 A 11 15 6 5
	-> A 3 4 5 6 7 11 12 13 15 
Structure 171: 16 29 21 22 19 A 18 11 15 14
	-> A 11 14 15 16 18 
Structure 172: 7 8 33 3 4 A 10 6 5
	-> A 3 4 5 6 7 8 10 
Structure 173: 146 16 82 29 21 22 4 19 A 18 11 15 14
	-> A 4 11 14 15 16 18 
Structure 174: 12 7 17 8 3 4 A 10 6 5
	-> A 3 4 5 6 7 8 10 12 17 
Structure 175: 16 84 3 28 35 31 27 18 11 15 14
	-> 3 11 14 15 16 18 
Structure 176: 16 39 3 32 28 35 31 27 11 15 14
	-> 3 11 14 15 16 
Structure 177: 7 17 34 3 19 A 114 18 11 6 5
	-> A 3 5 6 7 11 17 18 
Structure 178: 7 17 8 3 13 4 9 A 10 6 5
	-> A 3 4 5 6 7 8 9 10 13 17 
Structure 179: 7 17 8 39 3 4 9 A 10 6 5
	-> A 3 4 5 6 7 8 9 10 17 
Structure 180: 16 46 47 96 97 13 4 9 A 10 5
	-> A 4 5 9 10 13 16 
Structure 181: 16 3 32 28 76 35 31 42 27 11 15 14
	-> 3 11 14 15 16 
Structure 182: 12 7 17 8 3 13 4 9 A 26 6 5
	-> A 3 4 5 6 7 8 9 12 13 17 
Structure 183: 94 8 3 13 4 A 61 14 6 5
	-> A 3 4 5 6 8 13 14 
Structure 184: 7 20 34 3 19 A 18 11 6 5
	-> A 3 5 6 7 11 18 
Structure 185: 12 7 17 8 3 13 4 9 A 10 26 6 5
	-> A 3 4 5 6 7 8 9 10 12 13 17 
Structure 186: 7 17 8 3 4 9 A 10 6 5
	-> A 3 4 5 6 7 8 9 10 17 
Structure 187: 12 8 39 3 4 A 64 26 14 6 5
	-> A 3 4 5 6 8 12 14 
Structure 188: 12 7 20 30 3 13 4 9 A 11 15 6 5
	-> A 3 4 5 6 7 9 11 12 13 15 
Structure 189: 7 20 34 3 19 A 18 11 15 6 5
	-> A 3 5 6 7 11 15 18 
Structure 190: 16 88 3 4 9 A 18 11 15 108 109
	-> A 3 4 9 11 15 16 18 
Structure 191: 16 44 21 22 49 19 A 18 11 14
	-> A 11 14 16 18 
Structure 192: 12 83 52 8 69 3 4 9 A 14 6 5
	-> A 3 4 5 6 8 9 12 14 
Structure 193: 7 58 8 3 13 4 9 A 23 25 6 5
	-> A 3 4 5 6 7 8 9 13 
Structure 194: 71 74 8 3 13 4 9 A 10 26 6 5
	-> A 3 4 5 6 8 9 10 13 
Structure 195: 16 51 21 22 4 9 A 18 11 15 14
	-> A 4 9 11 14 15 16 18 
Structure 196: 12 60 52 8 62 3 19 A 14 6 5
	-> A 3 5 6 8 12 14 
Structure 197: 7 17 8 3 13 4 9 A 10 6 5
	-> A 3 4 5 6 7 8 9 10 13 17 
Structure 198: 7 8 3 24 4 A 10 6 5
	-> A 3 4 5 6 7 8 10 
Structure 199: 8 3 13 4 9 A 26 95 14 6 5
	-> A 3 4 5 6 8 9 13 14 
Structure 200: 12 7 17 8 3 13 4 9 A 10 6 5
	-> A 3 4 5 6 7 8 9 10 12 13 17 
Structure 201: 16 147 46 47 96 97 13 4 9 A 10 5
	-> A 4 5 9 10 13 16 
Structure 202: 7 17 8 3 24 4 A 10 26 6 5
	-> A 3 4 5 6 7 8 10 17 
Structure 203: 12 7 20 30 3 13 4 A 11 15 6 5
	-> A 3 4 5 6 7 11 12 13 15 
Structure 204: 7 8 3 13 4 9 A 10 6 5
	-> A 3 4 5 6 7 8 9 10 13 
Structure 205: 12 7 36 34 148 149 19 A 11 15 6 5
	-> A 5 6 7 11 12 15 
Structure 206: 12 7 8 3 4 9 A 10 6 5
	-> A 3 4 5 6 7 8 9 10 12 
Structure 207: 7 8 3 13 4 9 A 23 25 6 5
	-> A 3 4 5 6 7 8 9 13 
Structure 208: 16 51 21 22 4 9 A 18 11 14
	-> A 4 9 11 14 16 18 
Structure 209: 12 7 20 34 50 19 37 31 18 11 15 6 5
	-> 5 6 7 11 12 15 18 
Structure 210: 7 17 8 69 3 4 A 10 6 5
	-> A 3 4 5 6 7 8 10 17 
Structure 211: 16 78 21 22 49 19 A 18 11 15 14
	-> A 11 14 15 16 18 
Structure 212: 12 7 17 8 3 4 9 A 10 6 5
	-> A 3 4 5 6 7 8 9 10 12 17 
Structure 213: 12 7 20 34 50 4 A 18 11 15 6 5
	-> A 4 5 6 7 11 12 15 18 
Structure 214: 16 44 21 22 49 4 9 A 18 11 15 14
	-> A 4 9 11 14 15 16 18 
Structure 215: 7 17 8 3 4 A 10 6 5
	-> A 3 4 5 6 7 8 10 17 
Structure 216: 12 7 8 33 3 4 9 A 53 56 6 5
	-> A 3 4 5 6 7 8 9 12 
Structure 217: 12 7 8 3 13 4 9 A 10 6 5
	-> A 3 4 5 6 7 8 9 10 12 13 
Structure 218: 7 8 3 4 9 A 115 10 6 5
	-> A 3 4 5 6 7 8 9 10 
Structure 219: 16 44 21 22 49 19 37 31 18 11 14
	-> 11 14 16 18 
Structure 220: 12 7 58 8 33 3 4 A 10 26 6 5
	-> A 3 4 5 6 7 8 10 12 
Structure 221: 12 7 20 30 3 13 4 9 A 11 15 79 5
	-> A 3 4 5 7 9 11 12 13 15 
Structure 222: 12 7 20 8 3 4 A 55 26 6 5
	-> A 3 4 5 6 7 8 12 
Structure 223: 7 8 3 24 4 9 A 10 6 5
	-> A 3 4 5 6 7 8 9 10 
Structure 224: 7 20 98 3 4 A 18 11 15 6 5
	-> A 3 4 5 6 7 11 15 18 
Structure 225: 7 8 3 24 4 9 A 10 6 5
	-> A 3 4 5 6 7 8 9 10 
Structure 226: 16 29 21 22 4 9 A 85 11 15 73 67
	-> A 4 9 11 15 16 
Structure 227: 16 29 21 22 4 9 A 18 11 15 14
	-> A 4 9 11 14 15 16 18 
Structure 228: 12 7 103 17 8 3 24 4 9 A 10 6 5
	-> A 3 4 5 6 7 8 9 10 12 17 
Structure 229: 7 17 8 3 13 4 A 10 26 6 5
	-> A 3 4 5 6 7 8 10 13 17 
Structure 230: 16 3 32 28 35 31 27 11 15 14
	-> 3 11 14 15 16 
Structure 231: 12 80 36 43 3 41 45 40 37 11 15 14 6 5
	-> 3 5 6 11 12 14 15 
Structure 232: 12 7 17 8 3 13 4 A 92 10 6 5
	-> A 3 4 5 6 7 8 10 12 13 17 
Structure 233: 7 8 3 13 4 A 10 6 5
	-> A 3 4 5 6 7 8 10 13 
Structure 234: 7 8 3 13 4 9 A 10 6 5
	-> A 3 4 5 6 7 8 9 10 13 
Structure 235: 12 7 20 8 3 13 4 9 A 23 25 6 5
	-> A 3 4 5 6 7 8 9 12 13 
Structure 236: 12 7 17 8 99 3 24 4 9 A 10 6 5
	-> A 3 4 5 6 7 8 9 10 12 17 
Structure 237: 7 17 8 3 19 A 10 26 6 5
	-> A 3 5 6 7 8 10 17 
Structure 238: 16 3 116 150 31 27 18 11 38 14
	-> 3 11 14 16 18 
Structure 239: 12 7 8 3 13 4 A 10 6 5
	-> A 3 4 5 6 7 8 10 12 13 
Structure 240: 7 17 8 33 3 4 9 A 23 25 6 5
	-> A 3 4 5 6 7 8 9 17 
Structure 241: 12 7 8 3 4 9 A 10 6 5
	-> A 3 4 5 6 7 8 9 10 12 
Structure 242: 12 7 8 3 13 4 9 A 10 6 5
	-> A 3 4 5 6 7 8 9 10 12 13 
Structure 243: 16 51 21 22 49 19 65 A 18 11 15 14
	-> A 11 14 15 16 18 
Structure 244: 16 3 32 28 35 31 42 27 11 15 14
	-> 3 11 14 15 16 
Structure 245: 12 7 17 8 3 13 4 9 A 10 6 5
	-> A 3 4 5 6 7 8 9 10 12 13 17 
Structure 246: 7 17 8 3 24 4 9 A 23 25 6 5
	-> A 3 4 5 6 7 8 9 17 
Structure 247: 12 7 17 8 3 13 4 19 A 10 6 5
	-> A 3 4 5 6 7 8 10 12 13 17 
Structure 248: 16 3 32 28 A 27 18 11 15 14
	-> A 3 11 14 15 16 18 
Structure 249: 12 7 17 8 3 13 4 9 A 92 10 6 5
	-> A 3 4 5 6 7 8 9 10 12 13 17 
Structure 250: 12 7 17 34 50 19 A 104 18 11 15 6 5
	-> A 5 6 7 11 12 15 17 18 
Structure 251: 7 17 8 3 4 9 A 10 6 5
	-> A 3 4 5 6 7 8 9 10 17 
Structure 252: 7 20 8 39 3 4 A 23 26 6 5
	-> A 3 4 5 6 7 8 
Structure 253: 7 17 8 3 13 4 A 10 6 5
	-> A 3 4 5 6 7 8 10 13 17 
Structure 254: 7 17 8 3 13 4 A 10 6 5
	-> A 3 4 5 6 7 8 10 13 17 
Structure 255: 12 7 8 3 13 4 A 10 6 5
	-> A 3 4 5 6 7 8 10 12 13 
Structure 256: 66 20 34 3 19 A 18 11 15 6 5
	-> A 3 5 6 11 15 18 
Structure 257: 7 34 3 19 A 114 18 11 15 6 5
	-> A 3 5 6 7 11 15 18 
Structure 258: 7 17 8 3 13 4 9 A 10 6 5
	-> A 3 4 5 6 7 8 9 10 13 17 
Structure 259: 12 7 8 3 24 4 19 A 10 6 5
	-> A 3 4 5 6 7 8 10 12 
Structure 260: 12 7 8 3 4 9 A 10 6 5
	-> A 3 4 5 6 7 8 9 10 12 
Structure 261: 16 29 21 22 4 9 A 18 11 15 14
	-> A 4 9 11 14 15 16 18 
Structure 262: 16 3 32 28 35 31 27 11 14
	-> 3 11 14 16 
Structure 263: 16 44 21 22 19 37 31 18 11 15 14
	-> 11 14 15 16 18 
Structure 264: 16 46 47 54 4 9 A 11 5
	-> A 4 5 9 11 16 
Structure 265: 12 7 8 3 13 4 9 A 10 6 5
	-> A 3 4 5 6 7 8 9 10 12 13 
Structure 266: 16 3 4 9 A 75 64 26 14 5
	-> A 3 4 5 9 14 16 
Structure 267: 7 117 118 8 39 3 13 4 19 A 55 26 14 6 5
	-> A 3 4 5 6 7 8 13 14 
Structure 268: 12 7 8 3 24 4 9 A 10 6 5
	-> A 3 4 5 6 7 8 9 10 12 
Structure 269: 12 7 8 33 3 19 A 119 10 6 5
	-> A 3 5 6 7 8 10 12 
Structure 270: 16 46 47 54 4 19 A 18 11 15 5
	-> A 4 5 11 15 16 18 
Structure 271: 12 7 20 30 3 13 4 19 A 107 11 6 5
	-> A 3 4 5 6 7 11 12 13 
Structure 272: 12 7 8 3 13 4 9 A 10 6 5
	-> A 3 4 5 6 7 8 9 10 12 13 
Structure 273: 12 7 8 3 13 4 9 A 10 6 5
	-> A 3 4 5 6 7 8 9 10 12 13 
Structure 274: 7 20 30 3 24 4 9 A 11 15 6 5
	-> A 3 4 5 6 7 9 11 15 
Structure 275: 12 7 20 8 3 4 9 A 23 25 6 5
	-> A 3 4 5 6 7 8 9 12 
Structure 276: 12 7 8 3 13 4 9 A 90 53 56 6 5
	-> A 3 4 5 6 7 8 9 12 13 
Structure 277: 16 21 22 4 9 A 18 11 15 14
	-> A 4 9 11 14 15 16 18 
Structure 278: 12 7 17 8 3 4 9 A 10 26 6 5
	-> A 3 4 5 6 7 8 9 10 12 17 
Structure 279: 12 7 8 3 13 4 9 A 23 25 6 5
	-> A 3 4 5 6 7 8 9 12 13 
Structure 280: 12 7 8 3 13 4 A 10 6 5
	-> A 3 4 5 6 7 8 10 12 13 
Structure 281: 12 7 20 34 50 19 A 18 11 15 6 5
	-> A 5 6 7 11 12 15 18 
Structure 282: 12 7 8 39 3 24 4 A 10 6 5
	-> A 3 4 5 6 7 8 10 12 
Structure 283: 7 17 8 3 4 9 A 90 10 6 5
	-> A 3 4 5 6 7 8 9 10 17 
Structure 284: 16 3 151 152 105 27 11 15 14
	-> 3 11 14 15 16 
Structure 285: 83 52 8 3 4 19 A 61 14 6 5
	-> A 3 4 5 6 8 14 
Structure 286: 7 8 3 4 9 A 10 6 5
	-> A 3 4 5 6 7 8 9 10 
Structure 287: 7 20 8 3 13 4 9 A 23 26 6 5
	-> A 3 4 5 6 7 8 9 13 
Structure 288: 101 36 48 120 3 41 45 40 37 11 15 14 6 5
	-> 3 5 6 11 14 15 
Structure 289: 16 29 21 22 49 19 A 18 11 15 14
	-> A 11 14 15 16 18 
Structure 290: 16 46 47 153 13 4 9 A 11 38 100
	-> A 4 9 11 13 16 
Structure 291: 12 7 8 3 13 4 19 A 23 25 14 6 5
	-> A 3 4 5 6 7 8 12 13 14 
Structure 292: 7 8 3 4 A 10 26 6 5
	-> A 3 4 5 6 7 8 10 
Structure 293: 16 3 40 37 105 42 27 18 11 15 14
	-> 3 11 14 15 16 18 
Structure 294: 16 29 21 22 4 9 A 18 11 14
	-> A 4 9 11 14 16 18 
Structure 295: 12 7 17 8 3 13 4 9 A 10 6 5
	-> A 3 4 5 6 7 8 9 10 12 13 17 
Structure 296: 16 3 13 4 19 A 154 55 26 14 5
	-> A 3 4 5 13 14 16 
Structure 297: 16 46 47 54 13 4 9 A 11 15 5
	-> A 4 5 9 11 13 15 16 
Structure 298: 12 7 17 8 3 24 4 9 A 10 6 5
	-> A 3 4 5 6 7 8 9 10 12 17 
Structure 299: 16 3 28 35 31 27 18 11 15 14
	-> 3 11 14 15 16 18 
Structure 300: 12 7 8 39 3 4 A 10 6 5
	-> A 3 4 5 6 7 8 10 12 
Structure 301: 12 7 20 34 50 19 A 18 11 38 6 5
	-> A 5 6 7 11 12 18 
Structure 302: 16 3 32 28 1 63 27 11 15 14
	-> 3 11 14 15 16 
Structure 303: 12 7 8 3 4 A 10 6 5
	-> A 3 4 5 6 7 8 10 12 
Structure 304: 12 7 17 8 3 4 9 A 23 25 6 5
	-> A 3 4 5 6 7 8 9 12 17 
Structure 305: 12 7 17 8 3 13 4 9 A 23 25 6 5
	-> A 3 4 5 6 7 8 9 12 13 17 
Structure 306: 12 7 8 3 4 19 A 10 6 5
	-> A 3 4 5 6 7 8 10 12 
Structure 307: 7 17 8 3 13 4 9 A 10 6 5
	-> A 3 4 5 6 7 8 9 10 13 17 
Structure 308: 16 3 19 A 121 11 15 14 91
	-> A 3 11 14 15 16 
Structure 309: 16 29 21 22 4 9 A 11 14
	-> A 4 9 11 14 16 
Structure 310: 7 8 3 24 4 9 A 10 26 6 5
	-> A 3 4 5 6 7 8 9 10 
Structure 311: 16 29 21 22 4 A 18 11 14
	-> A 4 11 14 16 18 
Structure 312: 7 8 3 4 19 A 10 6 5
	-> A 3 4 5 6 7 8 10 
Structure 313: 7 8 33 3 4 A 64 26 6 5
	-> A 3 4 5 6 7 8 
Structure 314: 7 8 3 13 4 19 A 10 6 5
	-> A 3 4 5 6 7 8 10 13 
Structure 315: 12 7 17 8 3 13 4 A 10 6 5
	-> A 3 4 5 6 7 8 10 12 13 17 
Structure 316: 7 17 8 3 13 4 9 A 23 25 6 5
	-> A 3 4 5 6 7 8 9 13 17 
Structure 317: 36 43 3 41 45 40 37 18 11 15 14 6 5
	-> 3 5 6 11 14 15 18 
Structure 318: 12 7 17 8 3 4 9 A 10 6 5
	-> A 3 4 5 6 7 8 9 10 12 17 
Structure 319: 12 7 17 8 39 3 24 4 9 A 10 6 5
	-> A 3 4 5 6 7 8 9 10 12 17 
Structure 320: 12 7 8 3 4 9 A 10 6 5
	-> A 3 4 5 6 7 8 9 10 12 
Structure 321: 16 46 47 54 4 A 18 11 15 5
	-> A 4 5 11 15 16 18 
Structure 322: 16 21 22 4 9 A 18 11 38 14
	-> A 4 9 11 14 16 18 
Structure 323: 7 8 3 4 A 10 25 6 5
	-> A 3 4 5 6 7 8 10 
Structure 324: 7 17 8 3 4 9 A 10 6 5
	-> A 3 4 5 6 7 8 9 10 17 
Structure 325: 12 7 20 34 50 19 A 18 11 15 6 5
	-> A 5 6 7 11 12 15 18 
Structure 326: 7 17 8 3 4 19 A 10 6 5
	-> A 3 4 5 6 7 8 10 17 
Structure 327: 12 7 8 3 13 4 9 A 10 6 5
	-> A 3 4 5 6 7 8 9 10 12 13 
Structure 328: 16 29 21 22 4 9 A 18 11 15 14
	-> A 4 9 11 14 15 16 18 
Structure 329: 7 8 3 24 4 A 10 6 5
	-> A 3 4 5 6 7 8 10 
Structure 330: 12 60 52 8 3 24 4 9 A 14 6 5
	-> A 3 4 5 6 8 9 12 14 
Structure 331: 12 7 17 8 3 13 4 9 A 10 6 5
	-> A 3 4 5 6 7 8 9 10 12 13 17 
Structure 332: 16 59 29 21 22 57 19 A 18 11 38 14
	-> A 11 14 16 18 
Structure 333: 12 7 17 8 3 4 9 A 23 26 6 5
	-> A 3 4 5 6 7 8 9 12 17 
Structure 334: 12 7 17 8 3 4 9 A 55 26 6 5
	-> A 3 4 5 6 7 8 9 12 17 
Structure 335: 7 17 8 3 4 9 A 10 6 5
	-> A 3 4 5 6 7 8 9 10 17 
Structure 336: 16 29 21 22 4 9 A 18 11 15 14
	-> A 4 9 11 14 15 16 18 
Structure 337: 7 8 3 13 4 19 A 23 25 6 5
	-> A 3 4 5 6 7 8 13 
Structure 338: 16 51 21 22 19 65 A 27 38 14
	-> A 14 16 
Structure 339: 7 20 8 3 13 4 A 26 6 5
	-> A 3 4 5 6 7 8 13 
Structure 340: 12 7 17 8 33 39 3 4 9 A 10 6 5
	-> A 3 4 5 6 7 8 9 10 12 17 
Structure 341: 7 17 8 3 4 9 65 A 10 6 5
	-> A 3 4 5 6 7 8 9 10 17 
Structure 342: 16 29 21 22 4 A 85 11 14
	-> A 4 11 14 16 
Structure 343: 12 7 8 3 13 4 9 A 23 25 6 5
	-> A 3 4 5 6 7 8 9 12 13 
Structure 344: 7 17 8 3 13 4 9 A 10 6 5
	-> A 3 4 5 6 7 8 9 10 13 17 
Structure 345: 12 7 8 3 24 4 9 A 10 6 5
	-> A 3 4 5 6 7 8 9 10 12 
Structure 346: 106 20 8 33 3 4 9 A 23 25 6 5
	-> A 3 4 5 6 8 9 
Structure 347: 7 8 3 4 9 A 10 6 5
	-> A 3 4 5 6 7 8 9 10 
Structure 348: 12 7 8 3 13 4 19 A 23 25 6 5
	-> A 3 4 5 6 7 8 12 13 
Structure 349: 7 17 8 3 4 9 A 10 6 5
	-> A 3 4 5 6 7 8 9 10 17 
Structure 350: 16 29 21 22 4 A 18 11 15 14
	-> A 4 11 14 15 16 18 
Structure 351: 7 17 8 39 3 4 9 A 10 6 5
	-> A 3 4 5 6 7 8 9 10 17 
Structure 352: 12 7 8 3 24 4 19 A 10 6 5
	-> A 3 4 5 6 7 8 10 12 
Structure 353: 7 8 3 13 4 9 A 10 6 5
	-> A 3 4 5 6 7 8 9 10 13 
Structure 354: 12 7 8 3 13 4 19 A 10 6 5
	-> A 3 4 5 6 7 8 10 12 13 
Structure 355: 106 20 30 39 3 24 4 9 A 11 15 6 5
	-> A 3 4 5 6 9 11 15 
Structure 356: 12 7 58 8 3 4 9 A 10 26 6 5
	-> A 3 4 5 6 7 8 9 10 12 
Structure 357: 7 8 3 13 4 9 A 23 25 6 5
	-> A 3 4 5 6 7 8 9 13 
Structure 358: 7 17 8 3 4 9 A 10 6 5
	-> A 3 4 5 6 7 8 9 10 17 
Structure 359: 16 29 21 22 4 19 A 18 11 15 14
	-> A 4 11 14 15 16 18 
Structure 360: 12 7 17 8 3 4 9 A 10 26 6 5
	-> A 3 4 5 6 7 8 9 10 12 17 
Structure 361: 7 20 30 3 13 4 A 11 15 6 5
	-> A 3 4 5 6 7 11 13 15 
Structure 362: 7 17 8 39 3 4 9 A 10 6 5
	-> A 3 4 5 6 7 8 9 10 17 
Structure 363: 66 77 36 48 120 155 3 93 40 37 11 6 5
	-> 3 5 6 11 
Structure 364: 7 36 48 43 3 41 45 40 37 11 15 6 5
	-> 3 5 6 7 11 15 
Structure 365: 16 39 3 122 28 1 63 27 11 14
	-> 3 11 14 16 
Structure 366: 12 7 17 8 3 24 4 9 A 10 6 5
	-> A 3 4 5 6 7 8 9 10 12 17 
Structure 367: 12 7 20 8 3 24 4 9 A 23 26 6 5
	-> A 3 4 5 6 7 8 9 12 
Structure 368: 12 7 20 30 3 13 4 9 A 11 15 67 6 5
	-> A 3 4 5 6 7 9 11 12 13 15 
Structure 369: 7 8 3 4 9 A 10 6 5
	-> A 3 4 5 6 7 8 9 10 
Structure 370: 12 7 17 8 3 4 9 A 10 6 5
	-> A 3 4 5 6 7 8 9 10 12 17 
Structure 371: 16 29 21 22 4 9 A 11 15 14
	-> A 4 9 11 14 15 16 
Structure 372: 12 7 17 8 3 24 4 9 A 10 6 5
	-> A 3 4 5 6 7 8 9 10 12 17 
Structure 373: 16 29 21 22 4 9 A 11 38 73 67
	-> A 4 9 11 16 
Structure 374: 12 7 36 34 3 19 A 11 15 6 5
	-> A 3 5 6 7 11 12 15 
Structure 375: 12 7 36 48 43 3 41 45 40 37 11 15 6 5
	-> 3 5 6 7 11 12 15 
Structure 376: 16 21 22 4 9 A 18 11 14
	-> A 4 9 11 14 16 18 
Structure 377: 12 7 17 8 3 4 A 10 26 6 5
	-> A 3 4 5 6 7 8 10 12 17 
Structure 378: 16 44 82 21 22 49 4 9 A 18 11 15 14
	-> A 4 9 11 14 15 16 18 
Structure 379: 7 8 3 13 4 A 10 6 5
	-> A 3 4 5 6 7 8 10 13 
Structure 380: 12 7 17 8 3 4 19 A 53 56 6 5
	-> A 3 4 5 6 7 8 12 17 
Structure 381: 80 36 123 3 41 45 40 37 11 15 14 6 5
	-> 3 5 6 11 14 15 
Structure 382: 12 7 17 8 3 4 9 A 10 6 5
	-> A 3 4 5 6 7 8 9 10 12 17 
Structure 383: 16 21 22 4 19 A 18 11 15 14
	-> A 4 11 14 15 16 18 
Structure 384: 7 8 3 4 9 A 10 6 5
	-> A 3 4 5 6 7 8 9 10 
Structure 385: 12 7 17 8 3 13 4 9 A 10 6 5
	-> A 3 4 5 6 7 8 9 10 12 13 17 
Structure 386: 16 3 13 4 A 75 64 26 14 5
	-> A 3 4 5 13 14 16 
Structure 387: 7 20 8 3 4 9 A 23 25 6 5
	-> A 3 4 5 6 7 8 9 
Structure 388: 16 44 21 22 4 A 18 11 15 14
	-> A 4 11 14 15 16 18 
Structure 389: 7 8 3 13 4 A 23 25 6 5
	-> A 3 4 5 6 7 8 13 
Structure 390: 7 8 3 13 4 A 10 6 5
	-> A 3 4 5 6 7 8 10 13 
Structure 391: 12 7 17 8 3 4 9 A 10 6 5
	-> A 3 4 5 6 7 8 9 10 12 17 
Structure 392: 16 29 21 22 4 9 A 18 11 14
	-> A 4 9 11 14 16 18 
Structure 393: 12 7 17 8 99 3 13 4 9 A 10 6 5
	-> A 3 4 5 6 7 8 9 10 12 13 17 
Structure 394: 16 78 21 22 4 A 27 11 15 14
	-> A 4 11 14 15 16 
Structure 395: 7 17 8 3 13 4 9 A 10 6 5
	-> A 3 4 5 6 7 8 9 10 13 17 
Structure 396: 12 7 17 8 33 3 4 9 A 10 6 5
	-> A 3 4 5 6 7 8 9 10 12 17 
Structure 397: 16 44 21 22 4 9 A 18 11 15 14
	-> A 4 9 11 14 15 16 18 
Structure 398: 16 3 32 28 1 63 42 27 18 11 15 14
	-> 3 11 14 15 16 18 
Structure 399: 80 36 48 43 3 41 45 40 37 11 15 14 6 5
	-> 3 5 6 11 14 15 
Structure 400: 12 7 17 8 3 13 4 A 10 6 5
	-> A 3 4 5 6 7 8 10 12 13 17 
Structure 401: 7 8 3 13 4 9 A 23 25 6 5
	-> A 3 4 5 6 7 8 9 13 
Structure 402: 7 20 34 3 19 A 18 11 6 5
	-> A 3 5 6 7 11 18 
Structure 403: 12 7 8 3 13 4 9 A 10 6 5
	-> A 3 4 5 6 7 8 9 10 12 13 
Structure 404: 16 21 22 4 19 A 18 11 15 73 67
	-> A 4 11 15 16 18 
Structure 405: 12 7 17 8 3 13 4 A 10 6 5
	-> A 3 4 5 6 7 8 10 12 13 17 
Structure 406: 7 8 33 3 4 A 10 6 5
	-> A 3 4 5 6 7 8 10 
Structure 407: 16 3 32 28 35 31 27 18 11 15 14
	-> 3 11 14 15 16 18 
Structure 408: 12 7 20 34 3 19 A 18 11 6 5
	-> A 3 5 6 7 11 12 18 
Structure 409: 52 8 3 4 19 65 A 26 14 6 5
	-> A 3 4 5 6 8 14 
Structure 410: 7 20 30 3 13 4 9 A 11 15 6 5
	-> A 3 4 5 6 7 9 11 13 15 
Structure 411: 16 3 13 4 9 A 75 26 95 14 5
	-> A 3 4 5 9 13 14 16 
Structure 412: 156 8 3 24 4 9 A 26 14 6 5
	-> A 3 4 5 6 8 9 14 
Structure 413: 12 7 17 8 3 13 4 19 A 10 6 5
	-> A 3 4 5 6 7 8 10 12 13 17 
Structure 414: 12 7 17 8 33 3 4 9 A 10 6 5
	-> A 3 4 5 6 7 8 9 10 12 17 
Structure 415: 16 51 21 22 57 19 A 18 11 15 14
	-> A 11 14 15 16 18 
Structure 416: 12 7 17 8 3 13 4 9 A 10 6 5
	-> A 3 4 5 6 7 8 9 10 12 13 17 
Structure 417: 12 7 17 8 3 13 4 A 10 6 5
	-> A 3 4 5 6 7 8 10 12 13 17 
Structure 418: 7 8 3 13 4 9 A 10 6 5
	-> A 3 4 5 6 7 8 9 10 13 
Structure 419: 12 7 17 8 3 24 4 A 10 6 5
	-> A 3 4 5 6 7 8 10 12 17 
Structure 420: 16 46 47 54 13 4 9 A 11 15 5
	-> A 4 5 9 11 13 15 16 
Structure 421: 7 8 33 3 4 A 10 6 5
	-> A 3 4 5 6 7 8 10 
Structure 422: 7 36 48 43 3 41 45 40 37 11 15 6 5
	-> 3 5 6 7 11 15 
Structure 423: 12 7 8 3 4 9 A 10 6 5
	-> A 3 4 5 6 7 8 9 10 12 
Structure 424: 7 8 3 4 9 A 23 25 6 5
	-> A 3 4 5 6 7 8 9 
Structure 425: 16 21 22 4 9 A 18 11 14
	-> A 4 9 11 14 16 18 
Structure 426: 7 20 30 3 13 4 9 A 11 6 5
	-> A 3 4 5 6 7 9 11 13 
Structure 427: 66 77 20 30 3 13 4 9 A 11 38 6 5
	-> A 3 4 5 6 9 11 13 
Structure 428: 16 44 21 22 4 A 18 11 15 14
	-> A 4 11 14 15 16 18 
Structure 429: 12 7 17 8 3 13 4 19 A 10 6 5
	-> A 3 4 5 6 7 8 10 12 13 17 
Structure 430: 12 7 17 8 3 24 4 9 A 10 6 5
	-> A 3 4 5 6 7 8 9 10 12 17 
Structure 431: 16 46 47 124 4 9 A 18 11 5
	-> A 4 5 9 11 16 18 
Structure 432: 16 44 21 22 49 19 A 18 11 15 14
	-> A 11 14 15 16 18 
Structure 433: 12 7 17 8 3 13 4 19 A 10 6 5
	-> A 3 4 5 6 7 8 10 12 13 17 
Structure 434: 7 20 30 3 24 4 9 A 11 38 6 5
	-> A 3 4 5 6 7 9 11 
Structure 435: 16 3 32 28 76 35 31 27 18 11 14
	-> 3 11 14 16 18 
Structure 436: 16 46 47 157 54 24 4 9 A 11 15 5
	-> A 4 5 9 11 15 16 
Structure 437: 16 29 21 22 4 9 A 18 11 15 14
	-> A 4 9 11 14 15 16 18 
Structure 438: 7 17 8 3 4 9 A 10 6 5
	-> A 3 4 5 6 7 8 9 10 17 
Structure 439: 16 46 47 54 13 4 A 11 15 5
	-> A 4 5 11 13 15 16 
Structure 440: 16 44 21 22 4 9 A 18 11 15 14
	-> A 4 9 11 14 15 16 18 
Structure 441: 7 8 3 24 4 A 10 6 5
	-> A 3 4 5 6 7 8 10 
Structure 442: 16 3 32 28 35 31 42 27 11 14
	-> 3 11 14 16 
Structure 443: 16 29 21 22 49 19 A 18 11 15 14
	-> A 11 14 15 16 18 
Structure 444: 16 3 158 19 A 18 11 15 73 67 5
	-> A 3 5 11 15 16 18 
Structure 445: 16 44 82 21 22 4 9 A 18 11 14
	-> A 4 9 11 14 16 18 
Structure 446: 71 74 8 3 13 4 9 A 10 6 5
	-> A 3 4 5 6 8 9 10 13 
Structure 447: 16 82 29 21 22 4 9 A 18 11 15 14
	-> A 4 9 11 14 15 16 18 
Structure 448: 12 7 70 20 34 50 86 19 A 18 11 15 6 5
	-> A 5 6 7 11 12 15 18 
Structure 449: 7 58 8 3 13 4 9 A 10 26 6 5
	-> A 3 4 5 6 7 8 9 10 13 
Structure 450: 7 8 3 13 4 9 A 10 6 5
	-> A 3 4 5 6 7 8 9 10 13 
Structure 451: 7 17 8 3 4 9 A 10 6 5
	-> A 3 4 5 6 7 8 9 10 17 
Structure 452: 12 7 20 30 3 13 4 A 11 15 6 5
	-> A 3 4 5 6 7 11 12 13 15 
Structure 453: 16 21 22 4 9 A 18 11 38 14
	-> A 4 9 11 14 16 18 
Structure 454: 12 7 17 8 39 3 24 4 A 10 6 5
	-> A 3 4 5 6 7 8 10 12 17 
Structure 455: 12 7 8 39 3 24 4 9 A 10 6 5
	-> A 3 4 5 6 7 8 9 10 12 
Structure 456: 12 7 17 8 3 24 4 9 A 23 25 6 5
	-> A 3 4 5 6 7 8 9 12 17 
Structure 457: 16 3 32 28 35 31 27 18 11 15 14
	-> 3 11 14 15 16 18 
Structure 458: 66 70 20 34 3 19 A 18 11 6 5
	-> A 3 5 6 11 18 
Structure 459: 16 3 32 28 35 31 42 27 11 15 14
	-> 3 11 14 15 16 
Structure 460: 16 29 21 22 57 19 A 18 11 14
	-> A 11 14 16 18 
Structure 461: 12 7 17 8 3 4 A 23 25 6 5
	-> A 3 4 5 6 7 8 12 17 
Structure 462: 12 60 52 8 3 4 9 A 14 6 5
	-> A 3 4 5 6 8 9 12 14 
Structure 463: 12 7 17 8 3 4 9 A 23 25 6 5
	-> A 3 4 5 6 7 8 9 12 17 
Structure 464: 16 29 21 22 19 A 18 11 15 14
	-> A 11 14 15 16 18 
Structure 465: 16 3 32 28 35 31 42 27 11 15 14
	-> 3 11 14 15 16 
Structure 466: 12 7 20 30 3 13 4 19 65 A 11 15 6 5
	-> A 3 4 5 6 7 11 12 13 15 
Structure 467: 7 17 34 3 19 A 104 18 11 15 6 5
	-> A 3 5 6 7 11 15 17 18 
Structure 468: 12 60 52 8 3 159 4 9 A 14 6 5
	-> A 3 4 5 6 8 9 12 14 
Structure 469: 12 7 17 8 3 24 4 9 A 10 6 5
	-> A 3 4 5 6 7 8 9 10 12 17 
Structure 470: 12 7 58 8 3 4 9 A 10 6 5
	-> A 3 4 5 6 7 8 9 10 12 
Structure 471: 16 84 3 28 35 31 42 27 11 15 14
	-> 3 11 14 15 16 
Structure 472: 12 7 20 30 3 13 4 9 37 31 11 15 6 5
	-> 3 4 5 6 7 9 11 12 13 15 
Structure 473: 71 74 8 99 3 13 4 9 A 10 6 5
	-> A 3 4 5 6 8 9 10 13 
Structure 474: 12 7 8 33 3 4 9 A 53 56 6 5
	-> A 3 4 5 6 7 8 9 12 
Structure 475: 7 8 3 4 9 A 10 6 5
	-> A 3 4 5 6 7 8 9 10 
Structure 476: 16 3 32 28 76 35 31 27 11 15 14
	-> 3 11 14 15 16 
Structure 477: 12 7 20 8 3 13 4 9 A 23 25 6 5
	-> A 3 4 5 6 7 8 9 12 13 
Structure 478: 16 59 29 21 22 4 9 A 18 11 15 14
	-> A 4 9 11 14 15 16 18 
Structure 479: 7 8 3 4 9 A 81 23 25 14 6 5
	-> A 3 4 5 6 7 8 9 14 
Structure 480: 12 7 8 3 13 4 A 10 6 5
	-> A 3 4 5 6 7 8 10 12 13 
Structure 481: 12 7 8 3 24 4 A 10 6 5
	-> A 3 4 5 6 7 8 10 12 
Structure 482: 7 20 34 3 19 A 18 11 15 6 5
	-> A 3 5 6 7 11 15 18 
Structure 483: 7 17 8 3 4 19 A 23 25 6 5
	-> A 3 4 5 6 7 8 17 
Structure 484: 16 44 21 22 57 19 A 18 11 15 14
	-> A 11 14 15 16 18 
Structure 485: 12 7 17 8 3 13 4 A 119 10 26 6 5
	-> A 3 4 5 6 7 8 10 12 13 17 
Structure 486: 16 59 29 21 22 4 9 A 18 11 15 14
	-> A 4 9 11 14 15 16 18 
Structure 487: 12 7 8 3 13 4 9 A 10 6 5
	-> A 3 4 5 6 7 8 9 10 12 13 
Structure 488: 7 8 33 3 4 A 10 6 5
	-> A 3 4 5 6 7 8 10 
Structure 489: 7 17 8 3 4 A 10 6 5
	-> A 3 4 5 6 7 8 10 17 
Structure 490: 12 7 8 3 24 4 9 A 10 6 5
	-> A 3 4 5 6 7 8 9 10 12 
Structure 491: 16 39 3 28 35 31 27 11 15 14
	-> 3 11 14 15 16 
Structure 492: 12 7 103 8 3 4 9 A 10 6 5
	-> A 3 4 5 6 7 8 9 10 12 
Structure 493: 160 80 36 43 3 41 45 40 37 11 14 6 5
	-> 3 5 6 11 14 
Structure 494: 16 3 32 28 35 31 27 18 11 38 14
	-> 3 11 14 16 18 
Structure 495: 16 21 22 4 A 18 11 15 161 14
	-> A 4 11 14 15 16 18 
Structure 496: 16 46 47 162 41 45 40 37 125 11 5
	-> 5 11 16 
Structure 497: 7 20 30 3 24 4 19 A 11 15 6 5
	-> A 3 4 5 6 7 11 15 
Structure 498: 7 58 8 3 13 4 A 10 25 6 5
	-> A 3 4 5 6 7 8 10 13 
Structure 499: 16 3 32 28 1 63 42 27 18 68 38 14
	-> 3 14 16 18 
Structure 500: 16 3 32 28 35 31 42 27 11 14
	-> 3 11 14 16 
Structure 501: 16 29 21 22 49 19 A 18 11 14
	-> A 11 14 16 18 
Structure 502: 12 7 17 8 3 13 4 A 10 6 5
	-> A 3 4 5 6 7 8 10 12 13 17 
Structure 503: 7 20 30 69 3 4 9 A 68 38 6 5
	-> A 3 4 5 6 7 9 
Structure 504: 16 3 28 1 63 27 11 15 14
	-> 3 11 14 15 16 
Structure 505: 7 8 3 24 4 9 A 23 25 6 5
	-> A 3 4 5 6 7 8 9 
Structure 506: 7 8 3 24 4 9 A 10 6 5
	-> A 3 4 5 6 7 8 9 10 
Structure 507: 16 44 21 22 4 19 A 18 11 14
	-> A 4 11 14 16 18 
Structure 508: 16 51 21 22 4 9 A 18 11 14
	-> A 4 9 11 14 16 18 
Structure 509: 16 3 32 28 1 63 27 11 15 14
	-> 3 11 14 15 16 
Structure 510: 12 7 8 3 13 4 A 10 6 5
	-> A 3 4 5 6 7 8 10 12 13 
Structure 511: 16 3 122 28 A 42 27 11 15 14
	-> A 3 11 14 15 16 
Structure 512: 12 36 34 3 19 A 11 15 14 6 5
	-> A 3 5 6 11 12 14 15 
Structure 513: 7 17 8 3 13 4 9 A 10 6 5
	-> A 3 4 5 6 7 8 9 10 13 17 
Structure 514: 12 7 8 3 13 4 A 10 6 5
	-> A 3 4 5 6 7 8 10 12 13 
Structure 515: 7 17 8 3 13 4 9 A 10 6 5
	-> A 3 4 5 6 7 8 9 10 13 17 
Structure 516: 163 7 8 3 13 4 9 A 23 25 6 5
	-> A 3 4 5 6 7 8 9 13 
Structure 517: 7 8 39 3 24 4 A 10 6 5
	-> A 3 4 5 6 7 8 10 
Structure 518: 7 17 8 3 4 9 A 10 6 5
	-> A 3 4 5 6 7 8 9 10 17 
Structure 519: 16 29 21 22 57 19 A 85 11 15 14
	-> A 11 14 15 16 
Structure 520: 16 46 47 96 97 13 4 9 A 10 5
	-> A 4 5 9 10 13 16 
Structure 521: 12 7 17 8 3 13 4 A 10 6 5
	-> A 3 4 5 6 7 8 10 12 13 17 
Structure 522: 7 8 69 3 4 A 10 6 5
	-> A 3 4 5 6 7 8 10 
Structure 523: 7 8 39 3 4 9 A 10 6 5
	-> A 3 4 5 6 7 8 9 10 
Structure 524: 7 20 30 3 13 4 9 A 11 15 6 5
	-> A 3 4 5 6 7 9 11 13 15 
Structure 525: 16 21 22 57 19 A 164 165 23 25
	-> A 16 
Structure 526: 7 20 8 3 13 4 9 A 23 25 6 5
	-> A 3 4 5 6 7 8 9 13 
Structure 527: 7 20 30 3 13 4 9 A 11 15 6 5
	-> A 3 4 5 6 7 9 11 13 15 
Structure 528: 7 8 33 3 19 A 10 6 5
	-> A 3 5 6 7 8 10 
Structure 529: 16 3 32 28 35 31 42 27 11 15 14
	-> 3 11 14 15 16 
Structure 530: 12 7 58 8 3 24 4 9 A 10 6 5
	-> A 3 4 5 6 7 8 9 10 12 
Structure 531: 16 3 32 28 35 31 27 18 11 15 14
	-> 3 11 14 15 16 18 
Structure 532: 7 36 48 43 3 41 45 40 37 11 6 5
	-> 3 5 6 7 11 
Structure 533: 16 3 32 28 35 31 42 27 18 11 14
	-> 3 11 14 16 18 
Structure 534: 16 3 32 28 35 31 27 18 11 38 14
	-> 3 11 14 16 18 
Structure 535: 16 46 47 124 19 37 31 18 11 15 5
	-> 5 11 15 16 18 
Structure 536: 7 17 8 3 4 A 10 6 5
	-> A 3 4 5 6 7 8 10 17 
Structure 537: 16 3 32 28 35 31 42 27 11 14
	-> 3 11 14 16 
Structure 538: 7 8 3 4 9 A 23 25 14 6 5
	-> A 3 4 5 6 7 8 9 14 
Structure 539: 16 46 47 54 166 4 A 18 11 15 100
	-> A 4 11 15 16 18 
Structure 540: 60 52 8 33 3 4 19 A 14 6 5
	-> A 3 4 5 6 8 14 
Structure 541: 7 8 3 13 4 9 A 10 6 5
	-> A 3 4 5 6 7 8 9 10 13 
Structure 542: 7 20 34 50 19 A 18 11 15 6 5
	-> A 5 6 7 11 15 18 
Structure 543: 16 59 29 21 22 49 19 65 A 18 11 15 14
	-> A 11 14 15 16 18 
Structure 544: 7 20 30 167 102 3 13 4 9 A 6 5
	-> A 3 4 5 6 7 9 13 
Structure 545: 12 7 20 8 3 13 4 9 A 26 6 5
	-> A 3 4 5 6 7 8 9 12 13 
Structure 546: 101 36 34 3 19 A 11 15 14 6 5
	-> A 3 5 6 11 14 15 
Structure 547: 7 17 8 3 13 4 9 A 10 6 5
	-> A 3 4 5 6 7 8 9 10 13 17 
Structure 548: 12 7 17 8 3 13 4 9 A 10 6 5
	-> A 3 4 5 6 7 8 9 10 12 13 17 
Structure 549: 12 7 20 8 3 13 4 9 A 23 25 6 5
	-> A 3 4 5 6 7 8 9 12 13 
Structure 550: 12 7 8 33 3 4 9 A 10 6 5
	-> A 3 4 5 6 7 8 9 10 12 
Structure 551: 7 20 34 50 4 A 18 11 15 6 5
	-> A 4 5 6 7 11 15 18 
Structure 552: 7 17 8 3 13 4 9 A 10 6 5
	-> A 3 4 5 6 7 8 9 10 13 17 
Structure 553: 7 8 3 4 9 A 10 6 5
	-> A 3 4 5 6 7 8 9 10 
Structure 554: 7 8 3 4 9 A 55 26 6 5
	-> A 3 4 5 6 7 8 9 
Structure 555: 7 20 30 3 13 4 19 65 A 11 15 6 5
	-> A 3 4 5 6 7 11 13 15 
Structure 556: 12 7 17 8 3 4 9 A 10 6 5
	-> A 3 4 5 6 7 8 9 10 12 17 
Structure 557: 16 78 21 22 19 A 18 11 15 14
	-> A 11 14 15 16 18 
Structure 558: 16 84 3 28 76 35 31 42 27 11 15 14
	-> 3 11 14 15 16 
Structure 559: 7 20 8 3 13 4 9 A 23 25 6 5
	-> A 3 4 5 6 7 8 9 13 
Structure 560: 12 7 8 3 4 9 A 10 6 5
	-> A 3 4 5 6 7 8 9 10 12 
Structure 561: 16 3 32 28 76 35 31 27 11 15 14
	-> 3 11 14 15 16 
Structure 562: 16 84 3 28 1 63 27 11 14
	-> 3 11 14 16 
Structure 563: 12 7 117 118 8 3 13 4 A 26 14 6 5
	-> A 3 4 5 6 7 8 12 13 14 
Structure 564: 16 21 22 4 9 A 18 11 15 73 67
	-> A 4 9 11 15 16 18 
Structure 565: 7 70 20 8 33 3 4 9 A 23 25 79 5
	-> A 3 4 5 7 8 9 
Structure 566: 12 7 8 3 4 9 A 10 6 5
	-> A 3 4 5 6 7 8 9 10 12 
Structure 567: 12 7 20 8 3 4 9 A 23 26 6 5
	-> A 3 4 5 6 7 8 9 12 
Structure 568: 7 8 3 24 4 9 A 10 6 5
	-> A 3 4 5 6 7 8 9 10 
Structure 569: 16 29 21 22 57 4 19 A 18 11 14
	-> A 4 11 14 16 18 
Structure 570: 7 17 8 3 13 4 A 23 25 6 5
	-> A 3 4 5 6 7 8 13 17 
Structure 571: 7 80 36 34 3 19 A 11 15 14 6 5
	-> A 3 5 6 7 11 14 15 
Structure 572: 7 20 30 3 13 4 A 11 15 6 5
	-> A 3 4 5 6 7 11 13 15 
Structure 573: 7 20 8 3 4 9 A 55 26 6 5
	-> A 3 4 5 6 7 8 9 
Structure 574: 12 7 20 34 3 19 A 18 11 6 5
	-> A 3 5 6 7 11 12 18 
Structure 575: 16 99 3 32 28 A 27 18 11 15 14
	-> A 3 11 14 15 16 18 
Structure 576: 94 8 3 13 4 9 A 61 14 6 5
	-> A 3 4 5 6 8 9 13 14 
Structure 577: 7 17 8 3 4 A 55 26 6 5
	-> A 3 4 5 6 7 8 17 
Structure 578: 66 77 20 34 50 19 37 31 18 11 38 6 5
	-> 5 6 11 18 
Structure 579: 12 7 8 3 13 4 A 10 6 5
	-> A 3 4 5 6 7 8 10 12 13 
Structure 580: 7 20 98 168 169 4 19 A 18 11 15 6 5
	-> A 4 5 6 7 11 15 18 
Structure 581: 12 7 20 30 3 13 4 19 A 11 15 6 5
	-> A 3 4 5 6 7 11 12 13 15 
Structure 582: 16 44 21 22 57 19 A 18 11 14
	-> A 11 14 16 18 
Structure 583: 16 3 57 4 A 18 11 15 14 5
	-> A 3 4 5 11 14 15 16 18 
Structure 584: 12 7 36 48 43 3 126 93 40 37 11 38 6 5
	-> 3 5 6 7 11 12 
Structure 585: 12 7 36 43 3 126 170 45 40 37 11 6 5
	-> 3 5 6 7 11 12 
Structure 586: 7 8 3 4 9 A 10 6 5
	-> A 3 4 5 6 7 8 9 10 
Structure 587: 12 7 17 8 3 13 4 A 23 25 6 5
	-> A 3 4 5 6 7 8 12 13 17 
Structure 588: 66 20 34 50 19 A 18 11 15 6 5
	-> A 5 6 11 15 18 
Structure 589: 12 7 17 8 3 4 9 A 10 6 5
	-> A 3 4 5 6 7 8 9 10 12 17 
Structure 590: 12 7 8 3 24 4 9 A 23 25 6 5
	-> A 3 4 5 6 7 8 9 12 
Structure 591: 7 58 8 3 24 4 9 A 10 6 5
	-> A 3 4 5 6 7 8 9 10 
Structure 592: 7 8 3 13 4 A 10 6 5
	-> A 3 4 5 6 7 8 10 13 
Structure 593: 12 7 17 8 3 4 9 A 10 72 6 5
	-> A 3 4 5 6 7 8 9 10 12 17 
Structure 594: 7 20 30 3 13 4 9 A 11 15 6 5
	-> A 3 4 5 6 7 9 11 13 15 
Structure 595: 12 83 52 8 171 3 4 9 A 14 6 5
	-> A 3 4 5 6 8 9 12 14 
Structure 596: 7 8 3 13 4 9 A 10 6 5
	-> A 3 4 5 6 7 8 9 10 13 
Structure 597: 12 7 8 3 13 4 9 A 10 6 5
	-> A 3 4 5 6 7 8 9 10 12 13 
Structure 598: 7 8 3 4 19 A 10 6 5
	-> A 3 4 5 6 7 8 10 
Structure 599: 12 7 20 30 3 13 4 9 A 11 15 6 5
	-> A 3 4 5 6 7 9 11 12 13 15 
Structure 600: 7 8 69 3 4 9 A 55 26 6 5
	-> A 3 4 5 6 7 8 9 
Structure 601: 7 20 34 3 19 A 81 18 11 15 6 5
	-> A 3 5 6 7 11 15 18 
Structure 602: 7 20 30 3 13 4 A 11 15 6 5
	-> A 3 4 5 6 7 11 13 15 
Structure 603: 12 7 8 3 4 9 A 10 6 5
	-> A 3 4 5 6 7 8 9 10 12 
Structure 604: 16 3 13 4 9 A 75 55 26 14 100
	-> A 3 4 9 13 14 16 
Structure 605: 7 17 8 3 13 4 9 A 10 6 5
	-> A 3 4 5 6 7 8 9 10 13 17 
Structure 606: 7 36 98 3 19 A 18 11 15 6 5
	-> A 3 5 6 7 11 15 18 
Structure 607: 71 36 48 43 3 41 45 40 37 68 38 14 6 5
	-> 3 5 6 14 
Structure 608: 80 36 34 3 19 A 11 14 6 5
	-> A 3 5 6 11 14 
Structure 609: 16 3 32 28 35 31 27 11 38 14
	-> 3 11 14 16 
Structure 610: 12 7 70 20 8 3 13 4 9 A 26 79 5
	-> A 3 4 5 7 8 9 12 13 
Structure 611: 7 17 8 3 24 4 9 A 10 6 5
	-> A 3 4 5 6 7 8 9 10 17 
Structure 612: 16 84 39 3 28 35 31 42 27 18 11 15 14
	-> 3 11 14 15 16 18 
Structure 613: 12 7 20 30 3 13 4 A 11 15 6 5
	-> A 3 4 5 6 7 11 12 13 15 
Structure 614: 7 20 30 3 4 9 A 11 6 5
	-> A 3 4 5 6 7 9 11 
Structure 615: 16 46 47 54 13 4 9 A 11 15 5
	-> A 4 5 9 11 13 15 16 
Structure 616: 7 8 33 62 3 19 A 10 6 5
	-> A 3 5 6 7 8 10 
Structure 617: 12 7 8 3 4 9 A 53 56 6 5
	-> A 3 4 5 6 7 8 9 12 
Structure 618: 7 8 39 3 13 4 A 10 6 5
	-> A 3 4 5 6 7 8 10 13 
Structure 619: 12 7 20 30 3 13 4 9 A 11 15 6 5
	-> A 3 4 5 6 7 9 11 12 13 15 
Structure 620: 16 3 32 28 35 31 27 11 15 14
	-> 3 11 14 15 16 
Structure 621: 12 7 20 30 3 13 4 9 A 11 15 6 5
	-> A 3 4 5 6 7 9 11 12 13 15 
Structure 622: 7 17 8 39 3 4 9 A 10 6 5
	-> A 3 4 5 6 7 8 9 10 17 
Structure 623: 7 17 8 3 4 9 A 10 6 5
	-> A 3 4 5 6 7 8 9 10 17 
Structure 624: 12 7 20 8 3 4 9 A 64 26 6 5
	-> A 3 4 5 6 7 8 9 12 
Structure 625: 16 127 21 22 4 A 18 11 15 14
	-> A 4 11 14 15 16 18 
Structure 626: 12 7 17 8 3 24 4 9 A 10 6 5
	-> A 3 4 5 6 7 8 9 10 12 17 
Structure 627: 16 29 21 22 4 A 18 11 14
	-> A 4 11 14 16 18 
Structure 628: 7 8 3 24 4 A 23 25 6 5
	-> A 3 4 5 6 7 8 
Structure 629: 12 7 20 8 3 4 A 23 25 6 5
	-> A 3 4 5 6 7 8 12 
Structure 630: 16 3 28 1 63 42 27 11 15 14
	-> 3 11 14 15 16 
Structure 631: 16 78 21 22 4 9 A 18 11 15 14
	-> A 4 9 11 14 15 16 18 
Structure 632: 12 7 8 3 13 4 9 A 10 6 5
	-> A 3 4 5 6 7 8 9 10 12 13 
Structure 633: 12 7 8 3 4 19 A 55 26 6 5
	-> A 3 4 5 6 7 8 12 
Structure 634: 12 7 20 34 3 19 A 18 11 6 5
	-> A 3 5 6 7 11 12 18 
Structure 635: 16 29 21 22 4 A 18 11 15 14
	-> A 4 11 14 15 16 18 
Structure 636: 16 3 32 28 A 27 18 38 14
	-> A 3 14 16 18 
Structure 637: 16 46 47 54 4 9 A 18 11 15 5
	-> A 4 5 9 11 15 16 18 
Structure 638: 16 3 32 28 A 27 11 15 14
	-> A 3 11 14 15 16 
Structure 639: 12 7 8 33 3 4 9 A 23 55 6 5
	-> A 3 4 5 6 7 8 9 12 
Structure 640: 16 3 32 28 35 31 27 18 11 15 14
	-> 3 11 14 15 16 18 
Structure 641: 12 7 17 8 3 13 4 9 A 10 6 5
	-> A 3 4 5 6 7 8 9 10 12 13 17 
Structure 642: 7 17 8 3 24 4 9 A 23 25 6 5
	-> A 3 4 5 6 7 8 9 17 
Structure 643: 7 17 8 3 24 4 A 10 6 5
	-> A 3 4 5 6 7 8 10 17 
Structure 644: 12 7 8 3 13 4 9 A 23 25 6 5
	-> A 3 4 5 6 7 8 9 12 13 
Structure 645: 12 7 17 8 3 24 4 A 10 6 5
	-> A 3 4 5 6 7 8 10 12 17 
Structure 646: 16 3 57 19 A 18 11 14 5
	-> A 3 5 11 14 16 18 
Structure 647: 12 7 8 39 3 4 9 A 10 6 5
	-> A 3 4 5 6 7 8 9 10 12 
Structure 648: 7 58 8 33 3 4 A 10 6 5
	-> A 3 4 5 6 7 8 10 
Structure 649: 7 17 8 3 13 4 9 A 10 6 5
	-> A 3 4 5 6 7 8 9 10 13 17 
Structure 650: 12 7 8 3 4 19 A 23 25 6 5
	-> A 3 4 5 6 7 8 12 
Structure 651: 16 3 32 28 A 42 27 18 11 38 14
	-> A 3 11 14 16 18 
Structure 652: 12 7 70 20 8 62 3 19 A 23 55 26 6 5
	-> A 3 5 6 7 8 12 
Structure 653: 16 3 32 28 35 31 42 27 18 11 15 14
	-> 3 11 14 15 16 18 
Structure 654: 7 17 34 50 19 A 125 18 11 15 6 5
	-> A 5 6 7 11 15 17 18 
Structure 655: 12 7 8 3 24 4 19 A 10 6 5
	-> A 3 4 5 6 7 8 10 12 
Structure 656: 12 7 8 62 3 19 A 10 6 5
	-> A 3 5 6 7 8 10 12 
Structure 657: 12 7 17 8 3 13 4 9 A 89 10 6 5
	-> A 3 4 5 6 7 8 9 10 12 13 17 
Structure 658: 16 29 21 22 4 9 A 18 11 15 14
	-> A 4 9 11 14 15 16 18 
Structure 659: 7 20 34 3 4 9 A 18 11 6 5
	-> A 3 4 5 6 7 9 11 18 
Structure 660: 7 20 34 50 19 A 18 11 15 6 5
	-> A 5 6 7 11 15 18 
Structure 661: 12 7 8 3 4 9 A 10 26 6 5
	-> A 3 4 5 6 7 8 9 10 12 
Structure 662: 7 8 3 13 4 A 23 25 6 5
	-> A 3 4 5 6 7 8 13 
Structure 663: 12 7 8 39 3 24 4 19 A 10 6 5
	-> A 3 4 5 6 7 8 10 12 
Structure 664: 7 8 3 4 A 10 6 5
	-> A 3 4 5 6 7 8 10 
Structure 665: 7 8 3 13 4 9 A 10 6 5
	-> A 3 4 5 6 7 8 9 10 13 
Structure 666: 12 7 17 8 62 3 19 A 10 6 5
	-> A 3 5 6 7 8 10 12 17 
Structure 667: 12 7 8 3 13 4 19 A 10 6 5
	-> A 3 4 5 6 7 8 10 12 13 
Structure 668: 7 17 8 3 4 A 10 6 5
	-> A 3 4 5 6 7 8 10 17 
Structure 669: 12 7 8 3 13 4 A 10 79 5
	-> A 3 4 5 7 8 10 12 13 
Structure 670: 12 7 20 8 3 4 9 A 23 25 67 6 5
	-> A 3 4 5 6 7 8 9 12 
Structure 671: 71 74 8 3 4 9 A 10 6 5
	-> A 3 4 5 6 8 9 10 
Structure 672: 36 34 50 19 A 11 38 61 14 6 5
	-> A 5 6 11 14 
Structure 673: 7 8 3 13 4 A 10 6 5
	-> A 3 4 5 6 7 8 10 13 
Structure 674: 12 7 17 8 3 13 4 9 A 10 6 5
	-> A 3 4 5 6 7 8 9 10 12 13 17 
Structure 675: 16 44 21 22 49 19 A 81 18 11 15 14
	-> A 11 14 15 16 18 
Structure 676: 7 8 3 4 9 A 10 6 5
	-> A 3 4 5 6 7 8 9 10 
Structure 677: 12 7 8 33 3 4 19 A 81 53 56 6 5
	-> A 3 4 5 6 7 8 12 
Structure 678: 12 7 8 33 3 4 9 A 10 25 6 5
	-> A 3 4 5 6 7 8 9 10 12 
Structure 679: 12 7 8 3 13 4 9 A 10 6 5
	-> A 3 4 5 6 7 8 9 10 12 13 
Structure 680: 12 7 17 8 3 24 4 19 A 10 6 5
	-> A 3 4 5 6 7 8 10 12 17 
Structure 681: 12 7 8 3 13 4 9 A 10 6 5
	-> A 3 4 5 6 7 8 9 10 12 13 
Structure 682: 7 17 8 3 13 4 A 10 6 5
	-> A 3 4 5 6 7 8 10 13 17 
Structure 683: 16 51 21 22 4 19 A 18 11 15 14
	-> A 4 11 14 15 16 18 
Structure 684: 12 7 8 3 13 4 A 10 6 5
	-> A 3 4 5 6 7 8 10 12 13 
Structure 685: 16 44 21 22 4 9 A 18 11 14
	-> A 4 9 11 14 16 18 
Structure 686: 16 59 29 21 22 4 9 A 18 11 15 14
	-> A 4 9 11 14 15 16 18 
Structure 687: 7 17 8 3 13 4 9 A 10 26 6 5
	-> A 3 4 5 6 7 8 9 10 13 17 
Structure 688: 16 82 29 21 22 4 A 18 68 38 14
	-> A 4 14 16 18 
Structure 689: 12 7 17 8 3 4 A 10 6 5
	-> A 3 4 5 6 7 8 10 12 17 
Structure 690: 16 78 21 22 4 9 A 18 11 15 14
	-> A 4 9 11 14 15 16 18 
Structure 691: 12 7 17 8 3 13 4 9 A 23 25 6 5
	-> A 3 4 5 6 7 8 9 12 13 17 
Structure 692: 12 7 70 8 3 13 4 9 A 10 6 5
	-> A 3 4 5 6 7 8 9 10 12 13 
Structure 693: 12 7 20 30 3 13 4 9 A 11 15 6 5
	-> A 3 4 5 6 7 9 11 12 13 15 
Structure 694: 16 78 21 22 4 19 A 18 11 15 14
	-> A 4 11 14 15 16 18 
Structure 695: 16 3 40 37 105 27 11 14
	-> 3 11 14 16 
Structure 696: 7 17 8 3 13 4 A 10 6 5
	-> A 3 4 5 6 7 8 10 13 17 
Structure 697: 112 7 20 30 3 13 4 A 11 79 5
	-> A 3 4 5 7 11 13 
Structure 698: 12 7 17 8 3 13 4 9 A 23 25 6 5
	-> A 3 4 5 6 7 8 9 12 13 17 
Structure 699: 7 8 3 24 4 9 A 23 55 6 5
	-> A 3 4 5 6 7 8 9 
Structure 700: 16 46 47 96 97 13 4 9 A 23 25 5
	-> A 4 5 9 13 16 
Structure 701: 7 58 8 33 62 3 19 A 10 6 5
	-> A 3 5 6 7 8 10 
Structure 702: 16 51 29 21 22 4 A 18 11 73 67
	-> A 4 11 16 18 
Structure 703: 16 29 21 22 4 A 18 11 38 14
	-> A 4 11 14 16 18 
Structure 704: 66 77 20 30 3 13 4 19 A 11 15 6 5
	-> A 3 4 5 6 11 13 15 
Structure 705: 7 8 3 13 4 9 A 23 25 6 5
	-> A 3 4 5 6 7 8 9 13 
Structure 706: 7 20 30 3 13 4 19 A 11 15 6 5
	-> A 3 4 5 6 7 11 13 15 
Structure 707: 7 17 98 3 19 A 18 11 6 5
	-> A 3 5 6 7 11 17 18 
Structure 708: 7 17 8 3 13 4 9 A 10 26 6 5
	-> A 3 4 5 6 7 8 9 10 13 17 
Structure 709: 12 7 17 8 3 24 4 9 A 10 6 5
	-> A 3 4 5 6 7 8 9 10 12 17 
Structure 710: 16 3 4 A 75 26 14 5
	-> A 3 4 5 14 16 
Structure 711: 16 44 21 22 49 19 A 18 11 14
	-> A 11 14 16 18 
Structure 712: 7 17 8 39 3 4 A 10 6 5
	-> A 3 4 5 6 7 8 10 17 
Structure 713: 16 84 3 28 35 31 27 11 38 14
	-> 3 11 14 16 
Structure 714: 16 59 29 21 22 57 19 65 A 18 11 15 14
	-> A 11 14 15 16 18 
Structure 715: 16 44 21 22 4 9 A 18 11 14
	-> A 4 9 11 14 16 18 
Structure 716: 80 36 34 3 19 A 11 15 95 14 6 5
	-> A 3 5 6 11 14 15 
Structure 717: 16 51 21 22 4 A 18 11 14
	-> A 4 11 14 16 18 
Structure 718: 7 8 3 4 9 A 10 6 5
	-> A 3 4 5 6 7 8 9 10 
Structure 719: 7 8 3 24 4 9 A 10 6 5
	-> A 3 4 5 6 7 8 9 10 
Structure 720: 16 51 21 22 4 9 A 18 11 15 14
	-> A 4 9 11 14 15 16 18 
Structure 721: 12 7 8 3 13 4 A 10 6 5
	-> A 3 4 5 6 7 8 10 12 13 
Structure 722: 16 3 28 1 63 42 27 18 11 15 14
	-> 3 11 14 15 16 18 
Structure 723: 7 17 8 3 13 4 9 A 10 6 5
	-> A 3 4 5 6 7 8 9 10 13 17 
Structure 724: 7 20 34 3 4 9 A 18 11 15 67 6 5
	-> A 3 4 5 6 7 9 11 15 18 
Structure 725: 16 51 21 22 4 9 A 18 11 14
	-> A 4 9 11 14 16 18 
Structure 726: 7 20 34 3 4 9 A 18 11 15 6 5
	-> A 3 4 5 6 7 9 11 15 18 
Structure 727: 12 7 17 8 3 24 4 9 A 10 6 5
	-> A 3 4 5 6 7 8 9 10 12 17 
Structure 728: 7 17 8 3 4 9 A 10 6 5
	-> A 3 4 5 6 7 8 9 10 17 
Structure 729: 12 7 17 8 3 4 9 A 10 6 5
	-> A 3 4 5 6 7 8 9 10 12 17 
Structure 730: 12 7 58 8 3 4 9 A 23 25 6 5
	-> A 3 4 5 6 7 8 9 12 
Structure 731: 7 8 62 172 3 19 A 64 26 14 6 5
	-> A 3 5 6 7 8 14 
Structure 732: 7 8 3 24 4 9 A 23 25 6 5
	-> A 3 4 5 6 7 8 9 
Structure 733: 7 8 3 4 9 A 10 6 5
	-> A 3 4 5 6 7 8 9 10 
Structure 734: 7 8 3 13 4 19 A 10 6 5
	-> A 3 4 5 6 7 8 10 13 
Structure 735: 12 7 20 30 3 13 4 A 11 15 6 5
	-> A 3 4 5 6 7 11 12 13 15 
Structure 736: 7 8 3 13 4 9 A 10 6 5
	-> A 3 4 5 6 7 8 9 10 13 
Structure 737: 12 7 17 8 3 4 A 23 25 6 5
	-> A 3 4 5 6 7 8 12 17 
Structure 738: 12 7 8 3 4 A 10 72 6 5
	-> A 3 4 5 6 7 8 10 12 
Structure 739: 12 7 20 30 3 13 4 9 A 11 15 6 5
	-> A 3 4 5 6 7 9 11 12 13 15 
Structure 740: 12 7 20 30 3 13 4 9 A 11 15 6 5
	-> A 3 4 5 6 7 9 11 12 13 15 
Structure 741: 7 17 8 39 3 24 4 A 10 6 5
	-> A 3 4 5 6 7 8 10 17 
Structure 742: 12 7 17 8 62 3 4 9 A 10 6 5
	-> A 3 4 5 6 7 8 9 10 12 17 
Structure 743: 16 51 29 21 22 57 19 A 18 11 15 73 67
	-> A 11 15 16 18 
Structure 744: 60 52 8 3 13 4 A 61 14 6 5
	-> A 3 4 5 6 8 13 14 
Structure 745: 7 20 34 3 19 A 18 11 15 6 5
	-> A 3 5 6 7 11 15 18 
Structure 746: 12 7 8 3 13 4 9 A 10 6 5
	-> A 3 4 5 6 7 8 9 10 12 13 
Structure 747: 12 7 17 8 33 3 4 19 A 10 6 5
	-> A 3 4 5 6 7 8 10 12 17 
Structure 748: 16 3 32 28 35 31 27 18 11 15 14
	-> 3 11 14 15 16 18 
Structure 749: 7 8 33 3 4 9 A 23 25 14 6 5
	-> A 3 4 5 6 7 8 9 14 
Structure 750: 12 7 20 8 3 13 4 9 A 26 6 5
	-> A 3 4 5 6 7 8 9 12 13 
Structure 751: 7 8 3 13 4 19 A 53 56 6 5
	-> A 3 4 5 6 7 8 13 
Structure 752: 16 44 21 22 4 19 A 18 11 15 14
	-> A 4 11 14 15 16 18 
Structure 753: 7 36 48 43 3 41 40 37 11 6 5
	-> 3 5 6 7 11 
Structure 754: 12 7 8 3 4 9 A 10 6 5
	-> A 3 4 5 6 7 8 9 10 12 
Structure 755: 16 29 21 22 4 9 A 18 11 14
	-> A 4 9 11 14 16 18 
Structure 756: 7 8 3 13 4 A 10 6 5
	-> A 3 4 5 6 7 8 10 13 
Structure 757: 12 7 36 48 43 87 3 41 45 40 37 11 15 6 5
	-> 3 5 6 7 11 12 15 
Structure 758: 16 29 21 22 4 A 18 11 15 14
	-> A 4 11 14 15 16 18 
Structure 759: 7 8 3 4 A 23 25 6 5
	-> A 3 4 5 6 7 8 
Structure 760: 7 17 8 3 13 4 A 10 6 5
	-> A 3 4 5 6 7 8 10 13 17 
Structure 761: 7 17 8 3 4 A 10 6 5
	-> A 3 4 5 6 7 8 10 17 
Structure 762: 12 7 20 34 3 19 A 18 11 6 5
	-> A 3 5 6 7 11 12 18 
Structure 763: 7 8 3 24 4 9 A 10 6 5
	-> A 3 4 5 6 7 8 9 10 
Structure 764: 12 7 20 34 50 86 4 A 11 15 6 5
	-> A 4 5 6 7 11 12 15 
Structure 765: 16 3 13 4 9 A 11 38 173 73 67 5
	-> A 3 4 5 9 11 13 16 
Structure 766: 7 8 3 24 4 9 A 90 53 110 6 5
	-> A 3 4 5 6 7 8 9 
Structure 767: 12 7 8 3 4 A 23 25 14 6 5
	-> A 3 4 5 6 7 8 12 14 
Structure 768: 16 3 32 28 76 35 31 27 11 15 14
	-> 3 11 14 15 16 
Structure 769: 12 7 8 3 13 4 A 23 25 6 5
	-> A 3 4 5 6 7 8 12 13 
Structure 770: 12 7 8 3 24 4 A 10 6 5
	-> A 3 4 5 6 7 8 10 12 
Structure 771: 16 59 29 21 22 49 19 A 18 11 15 14
	-> A 11 14 15 16 18 
Structure 772: 16 29 21 22 49 4 9 A 18 11 15 14
	-> A 4 9 11 14 15 16 18 
Structure 773: 7 8 62 3 19 65 A 23 25 6 5
	-> A 3 5 6 7 8 
Structure 774: 12 7 8 3 4 9 A 10 6 5
	-> A 3 4 5 6 7 8 9 10 12 
Structure 775: 16 29 21 22 19 A 18 11 15 14
	-> A 11 14 15 16 18 
Structure 776: 16 59 29 21 22 4 19 A 18 11 14
	-> A 4 11 14 16 18 
Structure 777: 7 8 69 3 4 A 10 6 5
	-> A 3 4 5 6 7 8 10 
Structure 778: 7 17 8 3 24 4 9 A 10 79 5
	-> A 3 4 5 7 8 9 10 17 
Structure 779: 16 39 3 32 28 1 63 42 27 11 15 14
	-> 3 11 14 15 16 
Structure 780: 7 36 48 43 3 41 45 40 37 18 11 15 6 5
	-> 3 5 6 7 11 15 18 
Structure 781: 7 8 3 13 4 19 A 10 26 6 5
	-> A 3 4 5 6 7 8 10 13 
Structure 782: 12 7 17 8 3 13 4 A 10 6 5
	-> A 3 4 5 6 7 8 10 12 13 17 
Structure 783: 83 8 3 4 A 61 14 6 5
	-> A 3 4 5 6 8 14 
Structure 784: 12 7 8 3 13 4 9 A 10 6 5
	-> A 3 4 5 6 7 8 9 10 12 13 
Structure 785: 16 29 21 22 4 19 A 18 11 15 14
	-> A 4 11 14 15 16 18 
Structure 786: 7 17 8 3 24 4 9 A 53 56 6 5
	-> A 3 4 5 6 7 8 9 17 
Structure 787: 16 3 32 28 1 63 27 11 15 14
	-> 3 11 14 15 16 
Structure 788: 12 7 8 33 62 3 19 A 23 25 6 5
	-> A 3 5 6 7 8 12 
Structure 789: 16 3 32 28 35 31 42 27 11 38 14
	-> 3 11 14 16 
Structure 790: 12 7 17 8 3 4 9 A 10 6 5
	-> A 3 4 5 6 7 8 9 10 12 17 
Structure 791: 16 44 21 22 4 9 A 18 11 15 14
	-> A 4 9 11 14 15 16 18 
Structure 792: 12 7 8 33 3 4 9 A 10 6 5
	-> A 3 4 5 6 7 8 9 10 12 
Structure 793: 16 29 21 22 4 9 A 18 68 11 14
	-> A 4 9 11 14 16 18 
Structure 794: 7 17 8 3 13 4 A 10 55 26 6 5
	-> A 3 4 5 6 7 8 10 13 17 
Structure 795: 16 46 47 54 13 4 9 A 11 15 5
	-> A 4 5 9 11 13 15 16 
Structure 796: 12 7 8 3 4 9 A 10 6 5
	-> A 3 4 5 6 7 8 9 10 12 
Structure 797: 12 7 8 3 13 4 A 10 6 5
	-> A 3 4 5 6 7 8 10 12 13 
Structure 798: 16 51 29 21 22 4 9 A 18 11 15 14
	-> A 4 9 11 14 15 16 18 
Structure 799: 16 88 3 174 4 A 18 11 15 91
	-> A 3 4 11 15 16 18 
Structure 800: 12 7 8 33 3 4 9 A 23 25 6 5
	-> A 3 4 5 6 7 8 9 12 
Structure 801: 7 17 8 3 4 9 A 10 6 5
	-> A 3 4 5 6 7 8 9 10 17 
Structure 802: 16 3 28 35 175 31 27 11 15 14
	-> 3 11 14 15 16 
Structure 803: 7 34 50 86 19 A 104 18 38 14 6 5
	-> A 5 6 7 14 18 
Structure 804: 12 7 8 33 3 4 9 A 23 25 14 6 5
	-> A 3 4 5 6 7 8 9 12 14 
Structure 805: 16 51 21 22 4 9 A 18 11 14
	-> A 4 9 11 14 16 18 
Structure 806: 7 58 8 3 24 4 9 A 10 6 5
	-> A 3 4 5 6 7 8 9 10 
Structure 807: 12 7 17 8 3 13 4 A 10 6 5
	-> A 3 4 5 6 7 8 10 12 13 17 
Structure 808: 71 74 8 3 13 4 19 A 10 6 5
	-> A 3 4 5 6 8 10 13 
Structure 809: 7 17 8 3 13 4 9 A 23 25 6 5
	-> A 3 4 5 6 7 8 9 13 17 
Structure 810: 16 29 21 22 4 9 A 18 11 15 14
	-> A 4 9 11 14 15 16 18 
Structure 811: 7 8 176 3 24 4 9 A 55 26 14 6 5
	-> A 3 4 5 6 7 8 9 14 
Structure 812: 7 17 8 3 24 4 9 A 10 6 5
	-> A 3 4 5 6 7 8 9 10 17 
Structure 813: 7 8 3 4 19 A 10 6 5
	-> A 3 4 5 6 7 8 10 
Structure 814: 7 8 3 13 4 9 A 10 26 6 5
	-> A 3 4 5 6 7 8 9 10 13 
Structure 815: 12 7 17 8 33 3 4 9 A 10 26 79 5
	-> A 3 4 5 7 8 9 10 12 17 
Structure 816: 7 8 3 19 A 10 26 6 5
	-> A 3 5 6 7 8 10 
Structure 817: 16 3 28 A 42 27 38 14
	-> A 3 14 16 
Structure 818: 7 20 30 3 13 4 9 A 11 38 6 5
	-> A 3 4 5 6 7 9 11 13 
Structure 819: 16 3 28 A 27 18 11 15 14
	-> A 3 11 14 15 16 18 
Structure 820: 7 8 3 4 9 A 10 6 5
	-> A 3 4 5 6 7 8 9 10 
Structure 821: 12 7 20 34 3 4 A 18 11 15 6 5
	-> A 3 4 5 6 7 11 12 15 18 
Structure 822: 7 8 3 24 4 9 A 92 10 6 5
	-> A 3 4 5 6 7 8 9 10 
Structure 823: 7 17 8 3 4 9 A 10 6 5
	-> A 3 4 5 6 7 8 9 10 17 
Structure 824: 16 29 21 22 4 A 18 11 15 14
	-> A 4 11 14 15 16 18 
Structure 825: 12 7 17 8 3 4 9 A 10 6 5
	-> A 3 4 5 6 7 8 9 10 12 17 
Structure 826: 16 127 21 22 4 9 A 11 15 14
	-> A 4 9 11 14 15 16 
Structure 827: 12 7 8 3 4 9 A 10 26 6 5
	-> A 3 4 5 6 7 8 9 10 12 
Structure 828: 12 7 8 3 24 4 19 A 10 6 5
	-> A 3 4 5 6 7 8 10 12 
Structure 829: 12 7 8 3 13 4 9 A 10 6 5
	-> A 3 4 5 6 7 8 9 10 12 13 
Structure 830: 16 21 22 49 4 19 A 18 68 38 14
	-> A 4 14 16 18 
Structure 831: 12 7 20 30 3 13 4 9 A 11 15 6 5
	-> A 3 4 5 6 7 9 11 12 13 15 
Structure 832: 7 20 8 3 13 4 9 A 23 25 6 5
	-> A 3 4 5 6 7 8 9 13 
Structure 833: 16 3 28 35 31 42 27 11 15 14
	-> 3 11 14 15 16 
Structure 834: 16 44 21 22 4 9 A 18 68 38 14
	-> A 4 9 14 16 18 
Structure 835: 16 59 29 21 22 4 19 65 A 18 11 15 14
	-> A 4 11 14 15 16 18 
Structure 836: 7 8 3 4 9 A 10 6 5
	-> A 3 4 5 6 7 8 9 10 
Structure 837: 12 7 17 8 33 3 4 9 A 10 6 5
	-> A 3 4 5 6 7 8 9 10 12 17 
Structure 838: 12 7 8 39 3 4 9 A 10 6 5
	-> A 3 4 5 6 7 8 9 10 12 
Structure 839: 60 52 8 3 13 4 19 A 177 73 6 5
	-> A 3 4 5 6 8 13 
Structure 840: 7 20 34 50 113 86 19 A 18 11 6 5
	-> A 5 6 7 11 18 
Structure 841: 7 8 3 4 9 A 10 6 5
	-> A 3 4 5 6 7 8 9 10 
Structure 842: 7 17 8 3 4 9 A 10 72 6 5
	-> A 3 4 5 6 7 8 9 10 17 
Structure 843: 16 29 21 22 4 19 A 18 11 14
	-> A 4 11 14 16 18 
Structure 844: 12 7 8 3 13 4 9 A 10 6 5
	-> A 3 4 5 6 7 8 9 10 12 13 
Structure 845: 16 29 21 22 49 4 9 A 18 11 15 14
	-> A 4 9 11 14 15 16 18 
Structure 846: 12 36 48 43 123 3 41 45 40 37 11 14 6 5
	-> 3 5 6 11 12 14 
Structure 847: 16 3 32 28 1 63 27 11 15 14
	-> 3 11 14 15 16 
Structure 848: 16 29 21 22 49 19 A 11 15 14
	-> A 11 14 15 16 
Structure 849: 16 46 47 54 4 9 A 18 11 15 5
	-> A 4 5 9 11 15 16 18 
Structure 850: 7 20 30 3 24 4 A 11 15 6 5
	-> A 3 4 5 6 7 11 15 
Structure 851: 12 7 20 8 3 4 A 64 26 6 5
	-> A 3 4 5 6 7 8 12 
Structure 852: 12 7 103 8 3 13 4 19 A 10 6 5
	-> A 3 4 5 6 7 8 10 12 13 
Structure 853: 12 7 8 3 24 4 9 A 23 25 6 5
	-> A 3 4 5 6 7 8 9 12 
Structure 854: 12 7 8 3 13 4 9 A 10 6 5
	-> A 3 4 5 6 7 8 9 10 12 13 
Structure 855: 16 29 21 22 4 9 A 18 11 14
	-> A 4 9 11 14 16 18 
Structure 856: 12 7 20 8 39 3 13 4 9 A 25 6 5
	-> A 3 4 5 6 7 8 9 12 13 
Structure 857: 7 17 8 3 4 A 10 6 5
	-> A 3 4 5 6 7 8 10 17 
Structure 858: 60 52 8 3 13 4 9 A 61 14 6 5
	-> A 3 4 5 6 8 9 13 14 
Structure 859: 7 17 8 69 3 4 9 A 10 6 5
	-> A 3 4 5 6 7 8 9 10 17 
Structure 860: 12 7 36 48 43 3 41 45 40 37 11 15 14 6 5
	-> 3 5 6 7 11 12 14 15 
Structure 861: 16 3 19 A 121 11 15 14 91
	-> A 3 11 14 15 16 
Structure 862: 7 8 33 39 3 4 A 92 10 6 5
	-> A 3 4 5 6 7 8 10 
Structure 863: 12 7 17 8 3 4 9 A 10 6 5
	-> A 3 4 5 6 7 8 9 10 12 17 
Structure 864: 7 17 8 33 3 4 9 A 64 26 6 5
	-> A 3 4 5 6 7 8 9 17 
Structure 865: 94 178 8 3 13 4 A 61 14 6 5
	-> A 3 4 5 6 8 13 14 
Structure 866: 12 7 36 48 43 3 41 45 40 37 18 68 38 14 6 5
	-> 3 5 6 7 12 14 18 
Structure 867: 7 8 3 13 4 9 A 10 6 5
	-> A 3 4 5 6 7 8 9 10 13 
Structure 868: 12 7 17 8 3 13 4 9 A 10 6 5
	-> A 3 4 5 6 7 8 9 10 12 13 17 
Structure 869: 7 8 3 13 4 A 23 25 6 5
	-> A 3 4 5 6 7 8 13 
Structure 870: 12 7 8 3 24 4 9 A 10 6 5
	-> A 3 4 5 6 7 8 9 10 12 
Structure 871: 12 7 8 3 13 4 9 A 10 72 6 5
	-> A 3 4 5 6 7 8 9 10 12 13 
Structure 872: 12 7 20 8 3 24 4 19 A 23 25 6 5
	-> A 3 4 5 6 7 8 12 
Structure 873: 12 7 17 8 39 3 4 9 A 10 6 5
	-> A 3 4 5 6 7 8 9 10 12 17 
Structure 874: 7 8 3 13 4 9 A 10 6 5
	-> A 3 4 5 6 7 8 9 10 13 
Structure 875: 16 46 47 54 13 4 9 A 11 5
	-> A 4 5 9 11 13 16 
Structure 876: 179 7 20 8 3 24 4 A 64 26 6 5
	-> A 3 4 5 6 7 8 
Structure 877: 7 8 3 24 4 9 A 10 6 5
	-> A 3 4 5 6 7 8 9 10 
Structure 878: 7 17 8 3 13 4 A 10 6 5
	-> A 3 4 5 6 7 8 10 13 17 
Structure 879: 16 44 21 22 19 A 180 85 11 15 14
	-> A 11 14 15 16 
Structure 880: 12 7 8 3 4 A 10 6 5
	-> A 3 4 5 6 7 8 10 12 
Structure 881: 7 17 8 3 4 A 10 6 5
	-> A 3 4 5 6 7 8 10 17 
Structure 882: 7 17 8 3 13 4 19 A 10 6 5
	-> A 3 4 5 6 7 8 10 13 17 
Structure 883: 16 29 21 22 4 9 A 18 11 15 14
	-> A 4 9 11 14 15 16 18 
Structure 884: 7 8 3 4 9 A 10 26 6 5
	-> A 3 4 5 6 7 8 9 10 
Structure 885: 12 7 17 8 33 3 4 A 10 6 5
	-> A 3 4 5 6 7 8 10 12 17 
Structure 886: 16 44 21 22 49 19 A 18 11 15 14
	-> A 11 14 15 16 18 
Structure 887: 12 36 48 43 3 41 45 40 37 18 11 15 14 6 5
	-> 3 5 6 11 12 14 15 18 
Structure 888: 12 7 8 3 13 4 9 A 10 6 5
	-> A 3 4 5 6 7 8 9 10 12 13 
Structure 889: 12 7 36 48 43 3 41 45 40 37 11 181 6 5
	-> 3 5 6 7 11 12 
Structure 890: 12 7 8 3 4 A 10 6 5
	-> A 3 4 5 6 7 8 10 12 
Structure 891: 7 17 8 3 4 9 A 10 26 6 5
	-> A 3 4 5 6 7 8 9 10 17 
Structure 892: 12 7 8 3 24 4 9 A 23 25 6 5
	-> A 3 4 5 6 7 8 9 12 
Structure 893: 16 44 21 22 49 4 A 18 11 15 14
	-> A 4 11 14 15 16 18 
Structure 894: 12 7 58 8 3 13 4 19 A 23 25 6 5
	-> A 3 4 5 6 7 8 12 13 
Structure 895: 7 36 34 3 19 A 18 11 15 6 5
	-> A 3 5 6 7 11 15 18 
Structure 896: 60 52 8 62 3 19 A 61 14 6 5
	-> A 3 5 6 8 14 
Structure 897: 12 7 20 30 3 13 4 9 A 11 15 6 5
	-> A 3 4 5 6 7 9 11 12 13 15 
Structure 898: 71 74 8 3 4 9 A 90 10 25 6 5
	-> A 3 4 5 6 8 9 10 
Structure 899: 16 3 32 28 35 182 31 183 18 11 15 14
	-> 3 11 14 15 16 18 
Structure 900: 12 7 8 3 13 4 9 A 10 6 5
	-> A 3 4 5 6 7 8 9 10 12 13 
Structure 901: 12 7 20 30 3 13 4 A 11 15 6 5
	-> A 3 4 5 6 7 11 12 13 15 
Structure 902: 12 7 8 33 3 4 9 A 23 25 6 5
	-> A 3 4 5 6 7 8 9 12 
Structure 903: 16 3 116 A 42 27 11 15 14
	-> A 3 11 14 15 16 
Structure 904: 16 3 32 28 35 31 27 11 15 14
	-> 3 11 14 15 16 
Structure 905: 12 36 48 43 3 41 45 40 37 11 15 14 6 5
	-> 3 5 6 11 12 14 15 
Structure 906: 12 7 20 30 3 13 4 9 A 11 15 6 5
	-> A 3 4 5 6 7 9 11 12 13 15 
Structure 907: 184 83 52 8 3 4 A 89 61 14 6 5
	-> A 3 4 5 6 8 14 
Structure 908: 7 17 8 3 13 4 9 A 10 6 5
	-> A 3 4 5 6 7 8 9 10 13 17 
Structure 909: 16 46 47 54 4 A 18 11 15 5
	-> A 4 5 11 15 16 18 
Structure 910: 12 7 8 3 4 9 A 185 10 6 5
	-> A 3 4 5 6 7 8 9 10 12 
Structure 911: 7 17 8 3 4 9 A 53 56 6 5
	-> A 3 4 5 6 7 8 9 17 
Structure 912: 12 60 52 8 3 4 9 A 14 6 5
	-> A 3 4 5 6 8 9 12 14 
Structure 913: 12 7 8 3 4 A 23 25 14 6 5
	-> A 3 4 5 6 7 8 12 14 
Structure 914: 7 8 33 3 4 19 A 10 6 5
	-> A 3 4 5 6 7 8 10 
Structure 915: 12 7 8 3 24 4 A 10 6 5
	-> A 3 4 5 6 7 8 10 12 
Structure 916: 7 17 8 3 13 4 9 A 10 6 5
	-> A 3 4 5 6 7 8 9 10 13 17 
Structure 917: 7 8 3 13 4 A 10 6 5
	-> A 3 4 5 6 7 8 10 13 
Structure 918: 12 7 70 20 30 3 24 4 9 A 11 15 6 5
	-> A 3 4 5 6 7 9 11 12 15 
Structure 919: 12 7 20 8 3 4 9 A 23 25 6 5
	-> A 3 4 5 6 7 8 9 12 
Structure 920: 12 7 17 8 3 13 4 A 10 55 6 5
	-> A 3 4 5 6 7 8 10 12 13 17 
Structure 921: 12 7 17 8 69 3 4 9 A 23 25 6 5
	-> A 3 4 5 6 7 8 9 12 17 
Structure 922: 7 70 20 8 3 13 4 A 26 6 5
	-> A 3 4 5 6 7 8 13 
Structure 923: 12 7 8 3 13 4 A 10 6 5
	-> A 3 4 5 6 7 8 10 12 13 
Structure 924: 71 74 8 3 13 4 A 10 6 5
	-> A 3 4 5 6 8 10 13 
Structure 925: 16 3 32 28 1 63 27 11 15 14
	-> 3 11 14 15 16 
Structure 926: 7 8 3 13 4 9 A 10 6 5
	-> A 3 4 5 6 7 8 9 10 13 
Structure 927: 12 7 8 3 13 4 9 A 10 6 5
	-> A 3 4 5 6 7 8 9 10 12 13 
Structure 928: 12 7 17 8 3 13 4 A 10 6 5
	-> A 3 4 5 6 7 8 10 12 13 17 
Structure 929: 7 17 8 3 4 9 A 115 53 6 5
	-> A 3 4 5 6 7 8 9 17 
Structure 930: 7 8 3 4 9 A 10 6 5
	-> A 3 4 5 6 7 8 9 10 
Structure 931: 7 8 3 13 4 9 A 10 6 5
	-> A 3 4 5 6 7 8 9 10 13 
Structure 932: 12 7 36 48 43 3 41 93 40 37 11 6 5
	-> 3 5 6 7 11 12 
Structure 933: 12 7 20 30 3 13 4 9 A 11 15 6 5
	-> A 3 4 5 6 7 9 11 12 13 15 
Structure 934: 7 186 20 187 3 4 9 A 11 6 5
	-> A 3 4 5 6 7 9 11 
Structure 935: 16 3 32 28 35 31 27 11 15 14
	-> 3 11 14 15 16 
Structure 936: 16 29 21 22 49 4 A 18 11 15 14
	-> A 4 11 14 15 16 18 
Structure 937: 94 8 3 13 4 9 A 14 6 5
	-> A 3 4 5 6 8 9 13 14 
Structure 938: 16 51 29 21 22 4 19 A 85 11 15 14
	-> A 4 11 14 15 16 
Structure 939: 66 77 8 3 13 4 A 10 6 5
	-> A 3 4 5 6 8 10 13 
Structure 940: 12 7 17 8 3 24 4 9 A 10 6 5
	-> A 3 4 5 6 7 8 9 10 12 17 
Structure 941: 12 7 8 3 13 4 19 A 26 6 5
	-> A 3 4 5 6 7 8 12 13 
Structure 942: 7 17 8 3 13 4 9 A 10 6 5
	-> A 3 4 5 6 7 8 9 10 13 17 
Structure 943: 12 7 17 8 3 13 4 19 A 10 6 5
	-> A 3 4 5 6 7 8 10 12 13 17 
Structure 944: 12 7 36 43 3 41 45 40 37 11 15 6 5
	-> 3 5 6 7 11 12 15 
Structure 945: 7 17 8 3 13 4 9 A 23 25 6 5
	-> A 3 4 5 6 7 8 9 13 17 
Structure 946: 12 7 17 8 3 13 4 9 A 10 6 5
	-> A 3 4 5 6 7 8 9 10 12 13 17 
Structure 947: 16 3 32 28 35 31 27 11 15 14
	-> 3 11 14 15 16 
Structure 948: 12 7 17 8 3 13 4 9 A 10 6 5
	-> A 3 4 5 6 7 8 9 10 12 13 17 
Structure 949: 188 189 88 3 4 9 A 18 11 15 6 5
	-> A 3 4 5 6 9 11 15 18 
Structure 950: 16 3 57 19 A 18 11 15 14 5
	-> A 3 5 11 14 15 16 18 
Structure 951: 12 7 8 39 3 24 4 9 A 10 6 5
	-> A 3 4 5 6 7 8 9 10 12 
Structure 952: 16 3 32 28 35 31 27 11 15 14
	-> 3 11 14 15 16 
Structure 953: 12 7 17 8 33 3 4 9 A 10 6 5
	-> A 3 4 5 6 7 8 9 10 12 17 
Structure 954: 12 7 8 3 13 4 9 A 10 6 5
	-> A 3 4 5 6 7 8 9 10 12 13 
Structure 955: 12 7 20 34 3 4 A 18 11 15 6 5
	-> A 3 4 5 6 7 11 12 15 18 
Structure 956: 7 8 3 4 9 A 10 6 5
	-> A 3 4 5 6 7 8 9 10 
Structure 957: 12 7 17 8 3 24 4 9 A 53 56 6 5
	-> A 3 4 5 6 7 8 9 12 17 
Structure 958: 12 7 8 3 4 9 A 10 6 5
	-> A 3 4 5 6 7 8 9 10 12 
Structure 959: 16 46 47 54 4 9 A 11 5
	-> A 4 5 9 11 16 
Structure 960: 16 3 57 4 A 18 11 15 14 100
	-> A 3 4 11 14 15 16 18 
Structure 961: 16 3 13 4 A 75 64 26 14 5
	-> A 3 4 5 13 14 16 
Structure 962: 60 52 8 3 4 9 A 61 14 6 5
	-> A 3 4 5 6 8 9 14 
Structure 963: 16 39 3 32 28 35 190 31 27 11 15 14
	-> 3 11 14 15 16 
Structure 964: 16 29 21 22 4 9 A 18 11 15 14
	-> A 4 9 11 14 15 16 18 
Structure 965: 7 17 8 3 13 4 A 10 6 5
	-> A 3 4 5 6 7 8 10 13 17 
Structure 966: 66 8 33 3 4 9 A 10 6 5
	-> A 3 4 5 6 8 9 10 
Structure 967: 12 7 8 3 13 4 A 10 72 6 5
	-> A 3 4 5 6 7 8 10 12 13 
Structure 968: 12 7 52 8 33 3 4 19 A 26 6 5
	-> A 3 4 5 6 7 8 12 
Structure 969: 12 7 17 8 3 13 4 9 A 10 6 5
	-> A 3 4 5 6 7 8 9 10 12 13 17 
Structure 970: 7 8 3 24 4 9 A 55 6 5
	-> A 3 4 5 6 7 8 9 
Structure 971: 7 36 48 43 3 41 45 40 37 11 15 6 5
	-> 3 5 6 7 11 15 
Structure 972: 12 7 20 191 69 3 4 9 A 11 38 6 5
	-> A 3 4 5 6 7 9 11 12 
Structure 973: 12 7 8 3 13 4 9 A 10 6 5
	-> A 3 4 5 6 7 8 9 10 12 13 
Structure 974: 12 7 8 3 13 4 9 A 10 6 5
	-> A 3 4 5 6 7 8 9 10 12 13 
Structure 975: 12 7 17 8 3 4 9 A 10 6 5
	-> A 3 4 5 6 7 8 9 10 12 17 
Structure 976: 12 7 17 8 3 4 9 A 10 6 5
	-> A 3 4 5 6 7 8 9 10 12 17 
Structure 977: 12 7 8 3 13 4 9 A 10 6 5
	-> A 3 4 5 6 7 8 9 10 12 13 
Structure 978: 16 59 29 21 22 4 A 85 11 15 14
	-> A 4 11 14 15 16 
Structure 979: 7 20 30 3 24 4 9 A 11 15 6 5
	-> A 3 4 5 6 7 9 11 15 
Structure 980: 12 7 8 3 4 9 A 10 192 72 6 5
	-> A 3 4 5 6 7 8 9 10 12 
Structure 981: 12 7 20 34 3 19 A 18 11 15 6 5
	-> A 3 5 6 7 11 12 15 18 
Structure 982: 7 8 33 62 3 19 A 23 25 6 5
	-> A 3 5 6 7 8 
Structure 983: 7 17 8 3 4 9 A 10 6 5
	-> A 3 4 5 6 7 8 9 10 17 
Structure 984: 12 7 17 8 39 3 13 4 9 A 10 6 5
	-> A 3 4 5 6 7 8 9 10 12 13 17 
Structure 985: 7 70 20 111 3 4 A 18 11 38 6 5
	-> A 3 4 5 6 7 11 18 
Structure 986: 16 78 21 22 4 9 A 18 11 15 14
	-> A 4 9 11 14 15 16 18 
Structure 987: 16 51 21 22 4 A 18 11 15 14
	-> A 4 11 14 15 16 18 
Structure 988: 7 8 3 13 4 9 A 23 25 6 5
	-> A 3 4 5 6 7 8 9 13 
Structure 989: 12 7 8 3 4 9 A 10 6 5
	-> A 3 4 5 6 7 8 9 10 12 
Structure 990: 12 7 8 3 13 4 A 23 25 14 6 5
	-> A 3 4 5 6 7 8 12 13 14 
Structure 991: 7 8 3 13 4 9 A 10 6 5
	-> A 3 4 5 6 7 8 9 10 13 
Structure 992: 7 20 30 3 13 4 A 11 38 6 5
	-> A 3 4 5 6 7 11 13 
Structure 993: 7 20 30 3 13 4 A 11 15 6 5
	-> A 3 4 5 6 7 11 13 15 
Structure 994: 12 7 8 3 24 4 9 A 10 6 5
	-> A 3 4 5 6 7 8 9 10 12 
Structure 995: 16 59 29 21 22 4 9 A 18 11 15 14
	-> A 4 9 11 14 15 16 18 
Structure 996: 7 17 8 3 13 4 A 53 56 6 5
	-> A 3 4 5 6 7 8 13 17 
Structure 997: 16 44 21 22 4 9 A 18 11 38 14 193
	-> A 4 9 11 14 16 18 
Structure 998: 194 106 20 8 3 24 4 9 A 81 23 25 6 5
	-> A 3 4 5 6 8 9 
Structure 999: 12 7 17 8 3 24 4 9 A 10 6 5
	-> A 3 4 5 6 7 8 9 10 12 17 
Structure 1000: 16 195 51 21 22 4 9 A 18 11 15 14
	-> A 4 9 11 14 15 16 18 
