Processing: /nethome/akirkpatrick3/Research/RNA/profiling/RNAStructProfilingConsolidation/output/training/IRES_HCV/Hepatitis_C_virus.50_sfold/input/Hepatitis_C_virus.50_sfold.out
Structure 1: 3 1 25 D 10 C 96 4 2 32 54 21 15
	-> 1 2 3 4 10 15 C D 21 
Structure 2: 3 1 29 45 33 25 D 10 C 11 4 2 79 21 15
	-> 1 2 3 4 10 11 15 C D 21 
Structure 3: 3 1 29 5 20 23 30 22 53 B 83 26 27 A 50 12 6 2
	-> 1 2 3 5 6 A 12 B 20 22 23 
Structure 4: 3 1 29 5 100 128 113 89 60 63 26 27 A 12 6 2 21 15
	-> 1 2 3 5 6 A 12 15 21 
Structure 5: 3 1 29 17 5 20 23 35 22 43 B 4 A 12 6 2 24
	-> 1 2 3 4 5 6 A 12 B 17 20 22 23 24 
Structure 6: 3 1 17 5 20 23 30 22 75 B 63 26 27 A 80 12 6 2
	-> 1 2 3 5 6 A 12 B 17 20 22 23 
Structure 7: 3 1 55 5 20 23 30 22 39 B 36 26 27 A 12 6 2
	-> 1 2 3 5 6 A 12 B 20 22 23 
Structure 8: 1 5 61 B 4 A 12 6 2 24 90
	-> 1 2 4 5 6 A 12 B 24 
Structure 9: 3 1 17 5 20 23 35 22 39 B 4 A 12 6 2 24
	-> 1 2 3 4 5 6 A 12 B 17 20 22 23 24 
Structure 10: 3 1 17 5 20 23 30 22 53 B 4 A 12 6 2 24
	-> 1 2 3 4 5 6 A 12 B 17 20 22 23 24 
Structure 11: 1 29 5 20 23 35 22 B 36 26 27 A 12 6 2
	-> 1 2 5 6 A 12 B 20 22 23 
Structure 12: 3 1 25 D 52 10 C 11 4 2 32 37 44 15
	-> 1 2 3 4 10 11 15 C D 
Structure 13: 3 1 29 5 20 43 B 36 26 27 A 12 6 2
	-> 1 2 3 5 6 A 12 B 20 
Structure 14: 3 1 17 5 20 35 22 38 B 4 A 12 6 2 24
	-> 1 2 3 4 5 6 A 12 B 17 20 22 24 
Structure 15: 3 1 17 5 59 B 4 A 12 6 2 24
	-> 1 2 3 4 5 6 A 12 B 17 24 
Structure 16: 3 1 17 5 69 40 10 C 11 4 106 2 41 15
	-> 1 2 3 4 5 10 11 15 C 17 
Structure 17: 3 1 25 D 10 C 11 4 2 32 56 21 15
	-> 1 2 3 4 10 11 15 C D 21 
Structure 18: 3 1 17 5 46 47 40 10 C 11 4 2 41 68
	-> 1 2 3 4 5 10 11 C 17 
Structure 19: 3 1 70 25 D 10 C 11 4 6 62 34 28 21 15
	-> 1 3 4 6 10 11 15 C D 21 
Structure 20: 3 1 17 5 46 47 40 10 C 11 4 2 41 66
	-> 1 2 3 4 5 10 11 C 17 
Structure 21: 3 1 31 D 10 C 11 4 2 32 37 21 15
	-> 1 2 3 4 10 11 15 C D 21 
Structure 22: 3 1 17 5 20 23 30 22 39 B 4 A 12 6 2 24
	-> 1 2 3 4 5 6 A 12 B 17 20 22 23 24 
Structure 23: 3 1 129 5 20 23 35 22 57 B 4 A 12 6 2 24
	-> 1 2 3 4 5 6 A 12 B 20 22 23 24 
Structure 24: 3 1 55 17 5 46 47 40 10 C 11 4 2 41 68
	-> 1 2 3 4 5 10 11 C 17 
Structure 25: 3 1 31 D 10 C 11 4 6 2 32 37 44 15
	-> 1 2 3 4 6 10 11 15 C D 
Structure 26: 3 1 17 5 20 23 30 22 B 36 26 27 A 12 6 2
	-> 1 2 3 5 6 A 12 B 17 20 22 23 
Structure 27: 3 1 45 33 25 D 10 C 11 4 6 2 76 21 15
	-> 1 2 3 4 6 10 11 15 C D 21 
Structure 28: 3 1 17 5 20 35 22 53 B 4 A 12 6 2 24
	-> 1 2 3 4 5 6 A 12 B 17 20 22 24 
Structure 29: 3 1 33 31 D 52 10 C 42 11 4 2 34 28 21 15
	-> 1 2 3 4 10 11 15 C D 21 
Structure 30: 3 1 29 45 33 25 D 52 10 C 11 4 2 56 21 15
	-> 1 2 3 4 10 11 15 C D 21 
Structure 31: 91 97 130 81 B 58 49 26 27 A 50 12 6 2 82
	-> 2 6 A 12 B 
Structure 32: 91 97 114 81 B 4 A 12 6 2 24 115 82
	-> 2 4 6 A 12 B 24 
Structure 33: 3 1 17 5 20 23 35 131 61 B 58 49 26 27 A 6 2
	-> 1 2 3 5 6 A B 17 20 23 
Structure 34: 3 1 17 5 20 23 30 22 B 4 A 12 6 2 24
	-> 1 2 3 4 5 6 A 12 B 17 20 22 23 24 
Structure 35: 3 1 17 5 59 48 38 B 36 26 27 A 12 6 2
	-> 1 2 3 5 6 A 12 B 17 
Structure 36: 3 1 25 D 10 C 11 4 2 34 28 21 15
	-> 1 2 3 4 10 11 15 C D 21 
Structure 37: 3 1 55 17 5 46 47 40 10 C 11 4 2 41
	-> 1 2 3 4 5 10 11 C 17 
Structure 38: 3 1 17 5 20 23 35 22 B 4 A 12 6 2 24
	-> 1 2 3 4 5 6 A 12 B 17 20 22 23 24 
Structure 39: 3 1 29 25 D 10 C 11 4 2 32 54 21 15
	-> 1 2 3 4 10 11 15 C D 21 
Structure 40: 91 97 154 81 B 4 A 6 2 24 115 82 155 90
	-> 2 4 6 A B 24 
Structure 41: 3 1 45 70 25 D 10 C 11 4 2 28 21 15
	-> 1 2 3 4 10 11 15 C D 21 
Structure 42: 3 1 31 D 10 14 11 4 2 34 28 21 15
	-> 1 2 3 4 10 11 15 D 21 
Structure 43: 3 1 17 5 20 23 30 22 39 B 4 A 12 6 2 24
	-> 1 2 3 4 5 6 A 12 B 17 20 22 23 24 
Structure 44: 3 1 17 5 85 86 48 38 B 36 26 27 A 12 6 2
	-> 1 2 3 5 6 A 12 B 17 
Structure 45: 3 1 55 17 5 20 23 35 22 B 36 26 27 A 6 2
	-> 1 2 3 5 6 A B 17 20 22 23 
Structure 46: 3 1 17 5 69 40 10 C 11 4 2 41 15
	-> 1 2 3 4 5 10 11 15 C 17 
Structure 47: 3 1 29 17 5 43 B 36 26 27 A 12 6 2
	-> 1 2 3 5 6 A 12 B 17 
Structure 48: 3 1 17 5 20 23 30 92 75 B 4 A 12 6 2 24
	-> 1 2 3 4 5 6 A 12 B 17 20 23 24 
Structure 49: 3 1 17 5 47 40 10 C 11 4 2 41 15
	-> 1 2 3 4 5 10 11 15 C 17 
Structure 50: 1 17 5 74 38 B 36 26 27 A 12 6 2
	-> 1 2 5 6 A 12 B 17 
Structure 51: 3 1 17 5 20 23 22 53 B 4 A 12 6 2 24
	-> 1 2 3 4 5 6 A 12 B 17 20 22 23 24 
Structure 52: 3 1 33 31 D 52 10 C 11 4 2 34 28 21 15
	-> 1 2 3 4 10 11 15 C D 21 
Structure 53: 3 1 17 5 85 61 B 4 A 12 6 2 24
	-> 1 2 3 4 5 6 A 12 B 17 24 
Structure 54: 3 1 31 D 10 C 96 4 2 32 37 21 15
	-> 1 2 3 4 10 15 C D 21 
Structure 55: 3 1 29 5 40 10 71 11 4 2 41 21 15
	-> 1 2 3 4 5 10 11 15 21 
Structure 56: 3 1 78 72 D 10 C 11 4 2 34 28 21 15
	-> 1 2 3 4 10 11 15 C D 21 
Structure 57: 3 1 17 5 20 23 35 22 75 B 4 A 50 12 6 2 24
	-> 1 2 3 4 5 6 A 12 B 17 20 22 23 24 
Structure 58: 3 1 29 5 132 128 113 89 60 63 26 27 A 12 6 2 21 15
	-> 1 2 3 5 6 A 12 15 21 
Structure 59: 156 97 114 81 B 4 A 12 6 2 24 82
	-> 2 4 6 A 12 B 24 
Structure 60: 3 1 17 5 20 23 30 22 57 B 4 A 12 6 2 24
	-> 1 2 3 4 5 6 A 12 B 17 20 22 23 24 
Structure 61: 3 1 55 17 5 51 48 38 B 4 A 12 6 2 24
	-> 1 2 3 4 5 6 A 12 B 17 24 
Structure 62: 3 1 17 5 20 23 30 22 57 B 4 A 12 6 2 24
	-> 1 2 3 4 5 6 A 12 B 17 20 22 23 24 
Structure 63: 3 1 17 5 20 23 30 22 38 B 4 A 12 6
	-> 1 3 4 5 6 A 12 B 17 20 22 23 
Structure 64: 3 1 45 33 25 D 10 C 11 4 2 28 21 15
	-> 1 2 3 4 10 11 15 C D 21 
Structure 65: 3 1 29 5 61 B 4 A 12 6 2 24
	-> 1 2 3 4 5 6 A 12 B 24 
Structure 66: 3 1 25 D 10 C 11 4 6 2 32 54 21 15
	-> 1 2 3 4 6 10 11 15 C D 21 
Structure 67: 1 17 5 20 23 35 22 75 157 B 4 A 6 62 24
	-> 1 4 5 6 A B 17 20 22 23 24 
Structure 68: 3 1 17 5 46 47 40 10 C 11 4 2 41 67
	-> 1 2 3 4 5 10 11 C 17 
Structure 69: 3 1 55 17 5 40 10 C 133 101 4 2 41 21 15
	-> 1 2 3 4 5 10 15 C 17 21 
Structure 70: 3 1 29 77 33 25 D 10 C 42 11 4 2 28 21 15
	-> 1 2 3 4 10 11 15 C D 21 
Structure 71: 3 1 25 D 10 64 11 4 65 32 54 21 15
	-> 1 3 4 10 11 15 D 21 
Structure 72: 3 1 17 5 20 23 35 22 B 36 26 27 A 12 6 2
	-> 1 2 3 5 6 A 12 B 17 20 22 23 
Structure 73: 3 1 33 31 D 10 C 11 4 6 2 34 28 21 15
	-> 1 2 3 4 6 10 11 15 C D 21 
Structure 74: 3 1 17 5 20 23 30 22 43 B 4 A 12 6 2 24
	-> 1 2 3 4 5 6 A 12 B 17 20 22 23 24 
Structure 75: 3 1 25 D 10 C 11 4 2 32 37 21 15
	-> 1 2 3 4 10 11 15 C D 21 
Structure 76: 3 1 17 5 20 23 30 22 39 B 36 26 27 A 12 6 2
	-> 1 2 3 5 6 A 12 B 17 20 22 23 
Structure 77: 3 1 17 5 20 23 30 22 43 B 4 A 12 6 2 24
	-> 1 2 3 4 5 6 A 12 B 17 20 22 23 24 
Structure 78: 3 1 29 5 20 23 30 22 39 B 4 A 50 12 6 2 24
	-> 1 2 3 4 5 6 A 12 B 20 22 23 24 
Structure 79: 3 1 33 25 D 10 C 11 101 4 2 34 28 21 15
	-> 1 2 3 4 10 11 15 C D 21 
Structure 80: 3 1 5 46 47 40 10 C 11 4 2 41 66 67 90
	-> 1 2 3 4 5 10 11 C 
Structure 81: 1 33 31 D 10 C 11 4 2 34 28 21 15
	-> 1 2 4 10 11 15 C D 21 
Structure 82: 3 1 33 31 D 10 C 11 4 2 34 28 21 15
	-> 1 2 3 4 10 11 15 C D 21 
Structure 83: 3 1 17 5 20 23 30 22 75 B 4 A 50 12 6 2 24
	-> 1 2 3 4 5 6 A 12 B 17 20 22 23 24 
Structure 84: 3 1 25 D 10 71 11 4 2 32 54 21 15
	-> 1 2 3 4 10 11 15 D 21 
Structure 85: 3 1 17 5 20 23 30 22 39 B 4 A 12 6 2 24
	-> 1 2 3 4 5 6 A 12 B 17 20 22 23 24 
Structure 86: 3 1 29 5 20 134 38 9 73 60 26 27 A 12 6 2
	-> 1 2 3 5 6 A 12 20 
Structure 87: 3 1 17 5 100 107 158 60 63 26 27 A 12 6 2 21 15
	-> 1 2 3 5 6 A 12 15 17 21 
Structure 88: 3 1 31 D 52 10 71 11 4 2 32 56 21 15
	-> 1 2 3 4 10 11 15 D 21 
Structure 89: 3 1 31 D 10 C 11 4 2 32 37 21 15
	-> 1 2 3 4 10 11 15 C D 21 
Structure 90: 3 1 29 5 20 23 30 22 39 B 58 49 26 27 A 12 6 2
	-> 1 2 3 5 6 A 12 B 20 22 23 
Structure 91: 3 1 17 5 46 47 40 159 160 161 162 26 27 A 12 6 2 68
	-> 1 2 3 5 6 A 12 17 
Structure 92: 3 1 31 D 10 C 11 4 2 32 37 44 15
	-> 1 2 3 4 10 11 15 C D 
Structure 93: 3 1 17 5 20 23 30 22 9 73 60 49 26 27 A 50 12 6 2
	-> 1 2 3 5 6 A 12 17 20 22 23 
Structure 94: 3 1 31 D 10 C 11 4 2 32 37 21 15
	-> 1 2 3 4 10 11 15 C D 21 
Structure 95: 3 1 17 5 20 23 30 22 B 36 26 27 A 12 6 2
	-> 1 2 3 5 6 A 12 B 17 20 22 23 
Structure 96: 3 1 17 5 74 108 B 4 A 12 6 2 24
	-> 1 2 3 4 5 6 A 12 B 17 24 
Structure 97: 3 1 17 5 20 23 22 B 58 49 26 27 A 12 6 2
	-> 1 2 3 5 6 A 12 B 17 20 22 23 
Structure 98: 3 1 17 5 163 74 38 B 36 26 27 A 12 6 2
	-> 1 2 3 5 6 A 12 B 17 
Structure 99: 3 1 29 17 5 20 43 B 4 A 12 6 2 24
	-> 1 2 3 4 5 6 A 12 B 17 20 24 
Structure 100: 3 1 31 D 10 164 165 42 11 4 2 32 37 44 93 135
	-> 1 2 3 4 10 11 D 
Structure 101: 3 1 25 D 10 C 11 4 2 32 37 21 15
	-> 1 2 3 4 10 11 15 C D 21 
Structure 102: 3 1 33 25 D 10 C 42 11 4 2 34 28 21 15
	-> 1 2 3 4 10 11 15 C D 21 
Structure 103: 3 1 17 5 61 B 4 A 50 12 6 2 24
	-> 1 2 3 4 5 6 A 12 B 17 24 
Structure 104: 3 1 29 17 5 20 23 30 22 B 4 A 50 12 6 2 24
	-> 1 2 3 4 5 6 A 12 B 17 20 22 23 24 
Structure 105: 3 1 29 5 20 23 30 22 39 B 4 A 12 6 2 24
	-> 1 2 3 4 5 6 A 12 B 20 22 23 24 
Structure 106: 1 29 5 20 74 38 B 36 26 27 A 12 6 2
	-> 1 2 5 6 A 12 B 20 
Structure 107: 3 1 29 5 61 B 4 A 12 6 2 24
	-> 1 2 3 4 5 6 A 12 B 24 
Structure 108: 3 1 29 5 59 38 B 36 26 27 A 12 6 2
	-> 1 2 3 5 6 A 12 B 
Structure 109: 3 1 17 5 46 47 40 10 71 11 4 2 41 68
	-> 1 2 3 4 5 10 11 17 
Structure 110: 3 1 17 5 46 47 40 10 C 11 4 2 41 68
	-> 1 2 3 4 5 10 11 C 17 
Structure 111: 3 1 17 5 20 23 30 22 39 B 4 A 12 6 2 24
	-> 1 2 3 4 5 6 A 12 B 17 20 22 23 24 
Structure 112: 3 1 17 5 20 23 30 22 53 B 4 A 12 6 2 24
	-> 1 2 3 4 5 6 A 12 B 17 20 22 23 24 
Structure 113: 3 1 45 33 25 D 10 C 11 4 2 28 21 15
	-> 1 2 3 4 10 11 15 C D 21 
Structure 114: 3 1 17 5 20 23 30 22 B 36 26 27 A 12 6 2
	-> 1 2 3 5 6 A 12 B 17 20 22 23 
Structure 115: 3 1 25 D 10 C 42 11 4 2 32 37 21 15
	-> 1 2 3 4 10 11 15 C D 21 
Structure 116: 3 1 17 5 20 23 35 22 43 B 4 A 12 6 2 24
	-> 1 2 3 4 5 6 A 12 B 17 20 22 23 24 
Structure 117: 3 1 17 5 20 23 30 22 57 B 4 A 12 6 2 24
	-> 1 2 3 4 5 6 A 12 B 17 20 22 23 24 
Structure 118: 3 1 17 5 25 D 10 14 11 4 2 21 15
	-> 1 2 3 4 5 10 11 15 17 D 21 
Structure 119: 166 167 87 94 51 B 4 A 50 12 6 2 24 82
	-> 2 4 6 A 12 B 24 
Structure 120: 3 1 29 5 98 88 B 4 A 12 6 2 24
	-> 1 2 3 4 5 6 A 12 B 24 
Structure 121: 3 1 29 45 33 31 D 10 C 11 4 2 28 21 15
	-> 1 2 3 4 10 11 15 C D 21 
Structure 122: 3 1 17 5 20 23 35 22 39 B 63 26 27 A 12 6 2
	-> 1 2 3 5 6 A 12 B 17 20 22 23 
Structure 123: 1 29 17 5 69 40 10 C 11 4 2 41 15
	-> 1 2 4 5 10 11 15 C 17 
Structure 124: 3 1 17 5 20 23 35 22 B 4 A 12 6 2 24
	-> 1 2 3 4 5 6 A 12 B 17 20 22 23 24 
Structure 125: 3 1 29 17 5 59 B 36 26 27 A 12 6 2
	-> 1 2 3 5 6 A 12 B 17 
Structure 126: 3 1 25 D 10 C 11 4 2 32 54 21 15 168
	-> 1 2 3 4 10 11 15 C D 21 
Structure 127: 3 1 31 D 52 10 C 11 4 2 32 28 21 15
	-> 1 2 3 4 10 11 15 C D 21 
Structure 128: 3 1 31 D 10 C 11 4 6 2 32 54 21 15
	-> 1 2 3 4 6 10 11 15 C D 21 
Structure 129: 3 1 17 5 46 47 40 10 C 42 11 4 2 41 95
	-> 1 2 3 4 5 10 11 C 17 
Structure 130: 3 1 25 D 10 C 11 4 2 32 37 44 93
	-> 1 2 3 4 10 11 C D 
Structure 131: 3 1 45 33 25 D 10 C 11 4 2 21 15
	-> 1 2 3 4 10 11 15 C D 21 
Structure 132: 3 1 17 5 20 23 30 22 38 39 B 4 A 12 6 2 24
	-> 1 2 3 4 5 6 A 12 B 17 20 22 23 24 
Structure 133: 3 1 29 5 59 88 B 58 49 26 27 A 12 6 2
	-> 1 2 3 5 6 A 12 B 
Structure 134: 3 1 17 5 20 23 35 22 43 B 4 A 12 6 2 24
	-> 1 2 3 4 5 6 A 12 B 17 20 22 23 24 
Structure 135: 3 1 17 5 85 86 48 38 B 58 49 26 27 A 12 6 2
	-> 1 2 3 5 6 A 12 B 17 
Structure 136: 3 1 31 D 10 C 11 4 2 34 28 21 15
	-> 1 2 3 4 10 11 15 C D 21 
Structure 137: 3 1 25 D 10 C 11 4 2 32 37 21 15
	-> 1 2 3 4 10 11 15 C D 21 
Structure 138: 3 1 17 5 20 43 B 36 26 27 A 12 6 2
	-> 1 2 3 5 6 A 12 B 17 20 
Structure 139: 3 1 17 5 46 40 10 C 11 4 6 2 41 66 67
	-> 1 2 3 4 5 6 10 11 C 17 
Structure 140: 3 1 17 5 51 48 38 B 4 A 6 2 136 24
	-> 1 2 3 4 5 6 A B 17 24 
Structure 141: 1 17 5 20 23 35 22 43 B 58 49 26 27 A 12 6 2
	-> 1 2 5 6 A 12 B 17 20 22 23 
Structure 142: 3 1 25 D 10 C 11 4 2 32 37 21 15
	-> 1 2 3 4 10 11 15 C D 21 
Structure 143: 3 1 55 17 5 20 23 35 22 53 B 58 49 26 27 A 12 6 2
	-> 1 2 3 5 6 A 12 B 17 20 22 23 
Structure 144: 3 1 17 5 20 116 117 43 B 4 A 12 6 2 24
	-> 1 2 3 4 5 6 A 12 B 17 20 24 
Structure 145: 3 1 33 25 D 52 10 C 96 4 2 34 28 21 15
	-> 1 2 3 4 10 15 C D 21 
Structure 146: 3 1 17 5 20 23 35 22 43 B 4 A 12 6 2 24
	-> 1 2 3 4 5 6 A 12 B 17 20 22 23 24 
Structure 147: 3 1 5 20 23 30 22 B 36 26 27 A 12 6 2
	-> 1 2 3 5 6 A 12 B 20 22 23 
Structure 148: 3 1 45 33 25 D 10 71 42 11 4 2 28 21 15
	-> 1 2 3 4 10 11 15 D 21 
Structure 149: 3 1 33 31 D 10 C 11 4 2 34 28 21 15
	-> 1 2 3 4 10 11 15 C D 21 
Structure 150: 3 1 33 25 D 10 C 11 4 2 34 28 21 15
	-> 1 2 3 4 10 11 15 C D 21 
Structure 151: 3 1 17 5 20 23 30 22 B 60 49 26 27 A 12 6 2
	-> 1 2 3 5 6 A 12 B 17 20 22 23 
Structure 152: 3 1 31 D 10 C 11 4 2 32 37 21 15
	-> 1 2 3 4 10 11 15 C D 21 
Structure 153: 3 1 29 17 5 20 23 30 22 38 B 4 A 12 6 2 24
	-> 1 2 3 4 5 6 A 12 B 17 20 22 23 24 
Structure 154: 3 1 17 5 46 47 40 10 C 11 4 2 41 66 67
	-> 1 2 3 4 5 10 11 C 17 
Structure 155: 3 1 33 25 D 10 C 42 11 4 2 34 56 15
	-> 1 2 3 4 10 11 15 C D 
Structure 156: 3 1 17 5 46 47 40 10 C 11 4 2 41 66 67
	-> 1 2 3 4 5 10 11 C 17 
Structure 157: 3 1 29 5 20 23 30 22 57 B 4 A 12 6 2 24
	-> 1 2 3 4 5 6 A 12 B 20 22 23 24 
Structure 158: 3 97 81 137 138 60 49 26 27 A 50 12 6 2 21 15
	-> 2 3 6 A 12 15 21 
Structure 159: 3 1 17 5 20 23 30 22 39 B 4 A 12 6 2 24
	-> 1 2 3 4 5 6 A 12 B 17 20 22 23 24 
Structure 160: 3 1 31 D 10 C 11 4 2 32 28 21 15
	-> 1 2 3 4 10 11 15 C D 21 
Structure 161: 3 1 29 45 33 31 D 10 C 11 4 2 28 21 15
	-> 1 2 3 4 10 11 15 C D 21 
Structure 162: 3 1 17 5 20 23 35 22 57 B 4 A 12 6 2 24
	-> 1 2 3 4 5 6 A 12 B 17 20 22 23 24 
Structure 163: 1 17 5 61 B 36 26 27 A 12 6 2
	-> 1 2 5 6 A 12 B 17 
Structure 164: 3 1 25 D 10 99 C 11 4 2 32 56 21 15
	-> 1 2 3 4 10 11 15 C D 21 
Structure 165: 3 1 17 5 20 23 22 39 B 63 26 27 A 12 6 2
	-> 1 2 3 5 6 A 12 B 17 20 22 23 
Structure 166: 3 1 29 45 33 25 D 10 71 42 11 4 2 28 21 15
	-> 1 2 3 4 10 11 15 D 21 
Structure 167: 3 1 29 17 5 169 85 86 48 38 B 4 A 12 6 2 24
	-> 1 2 3 4 5 6 A 12 B 17 24 
Structure 168: 3 1 25 D 10 C 11 4 6 2 32 37 21 15
	-> 1 2 3 4 6 10 11 15 C D 21 
Structure 169: 3 1 33 31 D 10 C 42 11 4 2 34 28 21 15
	-> 1 2 3 4 10 11 15 C D 21 
Structure 170: 3 1 78 72 D 10 C 11 4 2 34 28 21 15
	-> 1 2 3 4 10 11 15 C D 21 
Structure 171: 3 1 17 5 20 23 30 22 53 B 36 26 27 A 12 6 2
	-> 1 2 3 5 6 A 12 B 17 20 22 23 
Structure 172: 3 1 17 5 20 23 35 22 39 B 4 A 12 6 2 24
	-> 1 2 3 4 5 6 A 12 B 17 20 22 23 24 
Structure 173: 3 1 33 31 D 52 10 C 11 4 2 34 28 21 15
	-> 1 2 3 4 10 11 15 C D 21 
Structure 174: 3 1 25 D 10 C 11 4 2 32 37 21 15
	-> 1 2 3 4 10 11 15 C D 21 
Structure 175: 3 1 25 D 10 C 11 4 2 32 37 15
	-> 1 2 3 4 10 11 15 C D 
Structure 176: 3 1 17 5 46 47 40 10 C 11 4 2 41 68
	-> 1 2 3 4 5 10 11 C 17 
Structure 177: 3 1 29 5 20 23 35 22 B 4 A 12 6 2 24
	-> 1 2 3 4 5 6 A 12 B 20 22 23 24 
Structure 178: 3 1 29 45 33 25 D 10 C 11 4 2 28 21 15
	-> 1 2 3 4 10 11 15 C D 21 
Structure 179: 1 25 D 10 C 11 4 2 34 28 21 15
	-> 1 2 4 10 11 15 C D 21 
Structure 180: 3 1 29 5 20 23 35 22 43 B 63 26 27 A 12 6 2
	-> 1 2 3 5 6 A 12 B 20 22 23 
Structure 181: 3 1 17 5 40 10 C 11 4 2 41 15
	-> 1 2 3 4 5 10 11 15 C 17 
Structure 182: 1 17 5 20 23 30 22 57 B 36 26 27 A 12 6 2
	-> 1 2 5 6 A 12 B 17 20 22 23 
Structure 183: 3 1 29 5 61 B 4 A 12 6 2 24
	-> 1 2 3 4 5 6 A 12 B 24 
Structure 184: 3 1 25 D 52 10 C 11 4 2 32 56 170 15
	-> 1 2 3 4 10 11 15 C D 
Structure 185: 1 17 5 20 23 61 B 4 A 12 6 2 24
	-> 1 2 4 5 6 A 12 B 17 20 23 24 
Structure 186: 3 1 33 25 D 52 10 C 42 11 4 2 34 28 21 15
	-> 1 2 3 4 10 11 15 C D 21 
Structure 187: 1 31 D 10 C 11 4 2 32 37 21 15
	-> 1 2 4 10 11 15 C D 21 
Structure 188: 3 1 17 5 20 23 35 22 75 B 36 26 27 A 12 6 2
	-> 1 2 3 5 6 A 12 B 17 20 22 23 
Structure 189: 1 29 17 5 20 23 30 22 39 B 36 26 27 A 12 6 2
	-> 1 2 5 6 A 12 B 17 20 22 23 
Structure 190: 3 1 45 33 25 D 10 C 11 4 2 79 21 15
	-> 1 2 3 4 10 11 15 C D 21 
Structure 191: 3 1 17 5 20 23 30 22 B 4 A 12 6 2 24
	-> 1 2 3 4 5 6 A 12 B 17 20 22 23 24 
Structure 192: 3 1 33 25 D 52 10 C 11 4 2 34 28 21 15
	-> 1 2 3 4 10 11 15 C D 21 
Structure 193: 3 1 25 D 10 C 11 4 2 32 37 44 15
	-> 1 2 3 4 10 11 15 C D 
Structure 194: 3 1 25 D 10 C 11 4 2 32 37 21 15
	-> 1 2 3 4 10 11 15 C D 21 
Structure 195: 3 1 25 D 10 C 11 4 6 62 32 54 21 15
	-> 1 3 4 6 10 11 15 C D 21 
Structure 196: 3 1 17 5 20 23 35 22 43 B 4 A 12 6 2 24
	-> 1 2 3 4 5 6 A 12 B 17 20 22 23 24 
Structure 197: 3 1 17 5 20 23 30 22 39 B 36 26 27 A 12 6 2
	-> 1 2 3 5 6 A 12 B 17 20 22 23 
Structure 198: 3 1 29 17 5 20 23 35 22 57 B 4 A 12 6 2 24
	-> 1 2 3 4 5 6 A 12 B 17 20 22 23 24 
Structure 199: 3 1 55 17 5 20 74 B 36 26 27 A 12 6 2
	-> 1 2 3 5 6 A 12 B 17 20 
Structure 200: 3 1 33 31 D 10 C 42 11 4 84 2 34 28 21 15
	-> 1 2 3 4 10 11 15 C D 21 
Structure 201: 3 1 17 5 20 35 22 39 B 36 26 27 A 12 6 62
	-> 1 3 5 6 A 12 B 17 20 22 
Structure 202: 3 1 17 5 61 B 83 26 27 A 50 12 6 2
	-> 1 2 3 5 6 A 12 B 17 
Structure 203: 3 1 139 45 33 31 D 10 109 42 11 4 2 28 21 15
	-> 1 2 3 4 10 11 15 D 21 
Structure 204: 3 1 29 17 5 20 23 35 22 B 36 26 27 A 12 6 2
	-> 1 2 3 5 6 A 12 B 17 20 22 23 
Structure 205: 3 1 17 5 20 23 35 22 39 B 36 26 27 A 12 6 62
	-> 1 3 5 6 A 12 B 17 20 22 23 
Structure 206: 3 1 31 D 10 C 11 4 2 32 37 44 15
	-> 1 2 3 4 10 11 15 C D 
Structure 207: 3 1 17 5 46 47 40 10 C 11 4 2 41 66 67
	-> 1 2 3 4 5 10 11 C 17 
Structure 208: 1 29 5 59 B 4 A 50 12 6 2 24
	-> 1 2 4 5 6 A 12 B 24 
Structure 209: 3 1 17 5 20 140 141 74 B 4 A 12 6 2 24
	-> 1 2 3 4 5 6 A 12 B 17 20 24 
Structure 210: 3 1 17 5 20 61 B 4 A 12 6 2 24
	-> 1 2 3 4 5 6 A 12 B 17 20 24 
Structure 211: 3 1 17 5 46 47 40 10 C 11 4 2 41 66 67
	-> 1 2 3 4 5 10 11 C 17 
Structure 212: 3 1 72 D 10 C 11 4 106 2 32 37 44 15
	-> 1 2 3 4 10 11 15 C D 
Structure 213: 3 1 17 5 20 23 30 22 38 B 36 26 27 A 12 6 171 2
	-> 1 2 3 5 6 A 12 B 17 20 22 23 
Structure 214: 3 1 31 D 10 109 42 11 4 2 32 54 21 15
	-> 1 2 3 4 10 11 15 D 21 
Structure 215: 3 1 25 D 10 C 11 4 2 34 28 21 15
	-> 1 2 3 4 10 11 15 C D 21 
Structure 216: 3 1 29 17 5 20 23 30 22 39 B 4 A 12 6 2 24
	-> 1 2 3 4 5 6 A 12 B 17 20 22 23 24 
Structure 217: 3 1 5 20 23 30 22 39 B 4 A 80 12 6 62 24
	-> 1 3 4 5 6 A 12 B 20 22 23 24 
Structure 218: 3 1 25 D 10 C 11 4 2 34 28 21 15
	-> 1 2 3 4 10 11 15 C D 21 
Structure 219: 3 1 33 25 D 10 99 C 11 4 2 34 28 21 15
	-> 1 2 3 4 10 11 15 C D 21 
Structure 220: 3 1 17 5 20 23 35 22 57 B 36 26 27 A 12 6 2
	-> 1 2 3 5 6 A 12 B 17 20 22 23 
Structure 221: 3 1 29 17 5 20 23 30 22 57 B 4 A 12 6 2 24
	-> 1 2 3 4 5 6 A 12 B 17 20 22 23 24 
Structure 222: 3 1 17 5 40 10 C 11 4 2 41 21 15
	-> 1 2 3 4 5 10 11 15 C 17 21 
Structure 223: 3 1 29 5 20 23 30 22 B 4 A 12 6 2 24
	-> 1 2 3 4 5 6 A 12 B 20 22 23 24 
Structure 224: 3 1 78 25 D 10 C 11 4 2 34 28 21 15
	-> 1 2 3 4 10 11 15 C D 21 
Structure 225: 3 1 29 5 20 23 35 22 39 B 4 A 12 6 2 24
	-> 1 2 3 4 5 6 A 12 B 20 22 23 24 
Structure 226: 3 1 29 45 33 31 D 10 C 11 4 2 28 21 15
	-> 1 2 3 4 10 11 15 C D 21 
Structure 227: 3 1 29 5 102 74 B 36 26 27 A 12 6 2
	-> 1 2 3 5 6 A 12 B 
Structure 228: 3 1 17 5 20 23 30 22 39 B 4 A 12 6 2 24
	-> 1 2 3 4 5 6 A 12 B 17 20 22 23 24 
Structure 229: 3 1 33 31 D 52 10 14 11 4 2 34 28 21 15
	-> 1 2 3 4 10 11 15 D 21 
Structure 230: 3 1 17 5 20 23 30 22 53 B 4 A 12 6 2 24
	-> 1 2 3 4 5 6 A 12 B 17 20 22 23 24 
Structure 231: 3 1 45 33 25 D 10 99 C 11 4 2 56 21 15
	-> 1 2 3 4 10 11 15 C D 21 
Structure 232: 3 1 17 5 20 23 30 22 B 4 A 12 6 2 24
	-> 1 2 3 4 5 6 A 12 B 17 20 22 23 24 
Structure 233: 3 1 33 31 D 52 10 C 11 4 2 34 28 21 15
	-> 1 2 3 4 10 11 15 C D 21 
Structure 234: 3 1 17 5 20 23 30 22 B 4 A 12 6 2 24
	-> 1 2 3 4 5 6 A 12 B 17 20 22 23 24 
Structure 235: 3 1 31 D 10 C 11 4 2 32 37 21 15
	-> 1 2 3 4 10 11 15 C D 21 
Structure 236: 3 1 78 72 D 10 C 11 4 106 2 34 28 21 15
	-> 1 2 3 4 10 11 15 C D 21 
Structure 237: 3 1 29 33 31 D 10 C 11 4 2 28 21 15
	-> 1 2 3 4 10 11 15 C D 21 
Structure 238: 3 1 17 5 20 23 30 92 39 B 36 26 27 A 50 12 6 2
	-> 1 2 3 5 6 A 12 B 17 20 23 
Structure 239: 3 1 25 D 10 C 11 4 2 32 37 21 15
	-> 1 2 3 4 10 11 15 C D 21 
Structure 240: 3 1 25 D 10 103 14 11 4 2 32 37 44 15
	-> 1 2 3 4 10 11 15 D 
Structure 241: 3 1 17 5 20 23 48 38 B 36 26 27 A 12 6 2
	-> 1 2 3 5 6 A 12 B 17 20 23 
Structure 242: 3 1 33 31 D 10 C 11 4 2 34 28 21 15
	-> 1 2 3 4 10 11 15 C D 21 
Structure 243: 3 1 33 31 D 10 109 42 11 4 2 34 28 21 15
	-> 1 2 3 4 10 11 15 D 21 
Structure 244: 3 1 17 5 20 23 30 22 53 9 73 60 63 26 27 A 12 6 62
	-> 1 3 5 6 A 12 17 20 22 23 
Structure 245: 3 1 31 D 10 C 11 4 2 32 37 44 15
	-> 1 2 3 4 10 11 15 C D 
Structure 246: 3 1 17 5 46 47 40 10 C 11 4 2 41 68
	-> 1 2 3 4 5 10 11 C 17 
Structure 247: 3 1 78 31 D 10 C 11 4 6 2 34 28 21 15
	-> 1 2 3 4 6 10 11 15 C D 21 
Structure 248: 3 1 33 31 D 10 C 11 4 2 34 28 21 15
	-> 1 2 3 4 10 11 15 C D 21 
Structure 249: 1 17 5 20 23 22 B 4 A 12 6 2 24
	-> 1 2 4 5 6 A 12 B 17 20 22 23 24 
Structure 250: 3 1 17 5 51 48 38 B 83 26 27 A 12 6 2
	-> 1 2 3 5 6 A 12 B 17 
Structure 251: 1 25 D 10 C 11 4 2 32 37 21 15
	-> 1 2 4 10 11 15 C D 21 
Structure 252: 3 1 17 5 20 59 38 B 4 A 12 6 2 24
	-> 1 2 3 4 5 6 A 12 B 17 20 24 
Structure 253: 3 1 25 D 10 C 11 4 2 32 56 21 15
	-> 1 2 3 4 10 11 15 C D 21 
Structure 254: 3 1 25 D 10 C 11 4 2 32 28 21 15
	-> 1 2 3 4 10 11 15 C D 21 
Structure 255: 3 1 110 33 25 D 10 C 11 4 2 76 21 15
	-> 1 2 3 4 10 11 15 C D 21 
Structure 256: 3 1 33 31 D 10 C 11 4 2 34 28 21 15
	-> 1 2 3 4 10 11 15 C D 21 
Structure 257: 3 1 31 D 10 C 42 11 4 2 32 54 21 15
	-> 1 2 3 4 10 11 15 C D 21 
Structure 258: 3 1 55 29 5 20 23 35 22 B 63 26 27 A 6 2
	-> 1 2 3 5 6 A B 20 22 23 
Structure 259: 3 1 29 5 142 35 22 39 B 4 A 50 12 6 2 24
	-> 1 2 3 4 5 6 A 12 B 22 24 
Structure 260: 3 1 17 5 20 23 30 22 57 B 4 A 12 6 2 24
	-> 1 2 3 4 5 6 A 12 B 17 20 22 23 24 
Structure 261: 3 1 17 5 172 173 9 73 60 49 26 27 A 12 6 62 95
	-> 1 3 5 6 A 12 17 
Structure 262: 3 1 25 D 10 C 11 4 2 32 37 44 15
	-> 1 2 3 4 10 11 15 C D 
Structure 263: 3 1 31 D 10 C 11 4 2 32 37 21 15
	-> 1 2 3 4 10 11 15 C D 21 
Structure 264: 3 1 45 33 25 D 10 C 11 4 2 76 143 68
	-> 1 2 3 4 10 11 C D 
Structure 265: 3 1 29 5 20 23 35 22 B 4 A 50 12 6 2 24
	-> 1 2 3 4 5 6 A 12 B 20 22 23 24 
Structure 266: 3 1 31 25 D 10 C 11 4 2 32 37 44 15
	-> 1 2 3 4 10 11 15 C D 
Structure 267: 3 1 17 5 46 47 40 10 C 11 4 2 41 15
	-> 1 2 3 4 5 10 11 15 C 17 
Structure 268: 3 1 17 5 20 23 35 22 B 4 A 12 6 2 24
	-> 1 2 3 4 5 6 A 12 B 17 20 22 23 24 
Structure 269: 3 1 17 5 20 23 30 22 43 B 4 A 12 6 2 24
	-> 1 2 3 4 5 6 A 12 B 17 20 22 23 24 
Structure 270: 3 1 45 33 31 D 10 C 11 4 2 28 21 15
	-> 1 2 3 4 10 11 15 C D 21 
Structure 271: 3 1 5 35 22 B 4 A 12 6 2 24
	-> 1 2 3 4 5 6 A 12 B 22 24 
Structure 272: 3 1 29 5 20 23 30 22 B 4 A 50 12 6 2 24
	-> 1 2 3 4 5 6 A 12 B 20 22 23 24 
Structure 273: 3 1 5 20 43 B 4 A 12 6 2 24
	-> 1 2 3 4 5 6 A 12 B 20 24 
Structure 274: 3 1 17 5 20 23 35 61 B 4 A 50 12 6 2 24
	-> 1 2 3 4 5 6 A 12 B 17 20 23 24 
Structure 275: 3 1 29 45 33 25 D 10 C 11 4 2 28 21 15
	-> 1 2 3 4 10 11 15 C D 21 
Structure 276: 3 1 33 31 D 10 64 11 4 65 34 28 21 15
	-> 1 3 4 10 11 15 D 21 
Structure 277: 3 1 17 5 20 23 35 22 43 B 4 A 12 6 2 24
	-> 1 2 3 4 5 6 A 12 B 17 20 22 23 24 
Structure 278: 3 1 144 145 146 147 108 B 4 A 12 6 2 24
	-> 1 2 3 4 6 A 12 B 24 
Structure 279: 3 1 17 5 46 47 40 10 C 11 4 2 41 66 67
	-> 1 2 3 4 5 10 11 C 17 
Structure 280: 3 1 33 31 D 10 C 11 4 2 34 28 21 15
	-> 1 2 3 4 10 11 15 C D 21 
Structure 281: 1 29 17 5 20 23 30 22 43 B 4 A 12 6 2 24
	-> 1 2 4 5 6 A 12 B 17 20 22 23 24 
Structure 282: 3 1 33 31 D C 11 4 2 34 28 21 15
	-> 1 2 3 4 11 15 C D 21 
Structure 283: 1 17 5 20 23 35 22 38 B 58 49 26 27 A 12 6 2
	-> 1 2 5 6 A 12 B 17 20 22 23 
Structure 284: 3 1 17 5 20 23 30 22 B 36 26 27 A 12 6 2
	-> 1 2 3 5 6 A 12 B 17 20 22 23 
Structure 285: 3 1 25 D C 11 4 6 2 32 37 21 15
	-> 1 2 3 4 6 11 15 C D 21 
Structure 286: 3 1 31 D 10 C 11 4 2 32 37 44 15
	-> 1 2 3 4 10 11 15 C D 
Structure 287: 1 25 D 10 C 11 4 6 2 32 56 21 15
	-> 1 2 4 6 10 11 15 C D 21 
Structure 288: 3 1 17 5 48 38 B 58 49 26 27 A 12 6 2
	-> 1 2 3 5 6 A 12 B 17 
Structure 289: 3 1 31 D 10 C 11 4 2 32 37 21 15
	-> 1 2 3 4 10 11 15 C D 21 
Structure 290: 3 1 17 5 20 23 35 22 B 4 A 12 6 2 24
	-> 1 2 3 4 5 6 A 12 B 17 20 22 23 24 
Structure 291: 3 1 17 5 20 23 30 43 B 4 A 12 6 2 24
	-> 1 2 3 4 5 6 A 12 B 17 20 23 24 
Structure 292: 3 1 29 5 20 23 30 22 B 4 A 12 6 2 24
	-> 1 2 3 4 5 6 A 12 B 20 22 23 24 
Structure 293: 3 1 70 25 D 10 C 11 4 2 34 28 21 15
	-> 1 2 3 4 10 11 15 C D 21 
Structure 294: 3 1 17 5 20 23 22 38 B 58 49 26 27 A 12 6 2
	-> 1 2 3 5 6 A 12 B 17 20 22 23 
Structure 295: 3 1 17 5 20 23 30 38 B 36 26 27 A 50 12 6 2
	-> 1 2 3 5 6 A 12 B 17 20 23 
Structure 296: 3 1 31 D 10 C 11 4 2 32 54 21 15
	-> 1 2 3 4 10 11 15 C D 21 
Structure 297: 3 1 29 5 20 61 B 4 A 12 6 2 24
	-> 1 2 3 4 5 6 A 12 B 20 24 
Structure 298: 3 1 31 D 10 C 11 4 2 32 37 44 15
	-> 1 2 3 4 10 11 15 C D 
Structure 299: 3 1 17 5 20 23 35 22 53 B 4 A 12 6 2 24
	-> 1 2 3 4 5 6 A 12 B 17 20 22 23 24 
Structure 300: 3 1 29 45 33 25 D 10 64 11 4 65 28 21 15
	-> 1 3 4 10 11 15 D 21 
Structure 301: 3 1 17 5 20 23 35 22 39 B 4 A 12 6 2 24
	-> 1 2 3 4 5 6 A 12 B 17 20 22 23 24 
Structure 302: 3 1 17 5 20 23 35 22 39 9 73 60 49 26 174 A 12 6 2
	-> 1 2 3 5 6 A 12 17 20 22 23 
Structure 303: 3 1 29 77 33 25 D 10 C 11 4 2 56 21 15
	-> 1 2 3 4 10 11 15 C D 21 
Structure 304: 3 1 17 5 40 10 C 11 4 2 41 15
	-> 1 2 3 4 5 10 11 15 C 17 
Structure 305: 3 1 33 31 D C 11 4 2 34 28 21 15
	-> 1 2 3 4 11 15 C D 21 
Structure 306: 1 17 5 20 23 30 22 B 4 A 50 12 6 2 24
	-> 1 2 4 5 6 A 12 B 17 20 22 23 24 
Structure 307: 3 1 33 31 D 10 C 11 4 2 34 28 21 15
	-> 1 2 3 4 10 11 15 C D 21 
Structure 308: 3 1 17 5 20 23 35 22 B 36 26 27 A 6 2
	-> 1 2 3 5 6 A B 17 20 22 23 
Structure 309: 3 1 29 17 5 20 23 30 22 38 B 83 26 27 A 12 6 62
	-> 1 3 5 6 A 12 B 17 20 22 23 
Structure 310: 3 1 29 5 51 48 38 B 36 26 27 A 12 6 2
	-> 1 2 3 5 6 A 12 B 
Structure 311: 3 1 33 31 D 10 C 42 11 4 2 34 28 21 15
	-> 1 2 3 4 10 11 15 C D 21 
Structure 312: 3 1 33 25 D 10 C 11 4 2 34 28 21 15
	-> 1 2 3 4 10 11 15 C D 21 
Structure 313: 3 1 29 5 20 23 30 61 B 4 A 12 6 2 24
	-> 1 2 3 4 5 6 A 12 B 20 23 24 
Structure 314: 1 17 5 20 23 35 22 53 B 36 26 27 A 12 6 2
	-> 1 2 5 6 A 12 B 17 20 22 23 
Structure 315: 3 1 25 D 10 C 96 4 2 32 37 44 15
	-> 1 2 3 4 10 15 C D 
Structure 316: 3 1 31 D 10 C 11 4 2 34 28 21 15
	-> 1 2 3 4 10 11 15 C D 21 
Structure 317: 3 1 29 5 35 22 38 B 36 26 27 A 12 6 2
	-> 1 2 3 5 6 A 12 B 22 
Structure 318: 3 1 17 5 20 23 30 22 B 4 A 12 6 2 24
	-> 1 2 3 4 5 6 A 12 B 17 20 22 23 24 
Structure 319: 3 1 29 5 20 23 30 22 43 B 4 A 12 6 2 24
	-> 1 2 3 4 5 6 A 12 B 20 22 23 24 
Structure 320: 3 1 29 5 20 23 35 22 38 39 B 83 26 27 A 12 6 2
	-> 1 2 3 5 6 A 12 B 20 22 23 
Structure 321: 3 1 25 D 52 10 C 11 4 2 34 28 21 15
	-> 1 2 3 4 10 11 15 C D 21 
Structure 322: 3 1 33 25 D 10 C 11 4 6 2 34 56 21 15
	-> 1 2 3 4 6 10 11 15 C D 21 
Structure 323: 3 1 17 5 85 86 48 38 B 4 A 12 6 2 24
	-> 1 2 3 4 5 6 A 12 B 17 24 
Structure 324: 3 1 17 5 20 23 61 B 83 26 27 A 12 6 2
	-> 1 2 3 5 6 A 12 B 17 20 23 
Structure 325: 3 1 17 5 59 B 4 A 12 6 2 24
	-> 1 2 3 4 5 6 A 12 B 17 24 
Structure 326: 3 1 29 17 5 20 23 35 22 39 9 73 60 63 26 27 A 12 6 2
	-> 1 2 3 5 6 A 12 17 20 22 23 
Structure 327: 1 17 5 20 23 35 22 38 B 4 A 12 6 2 24
	-> 1 2 4 5 6 A 12 B 17 20 22 23 24 
Structure 328: 3 1 17 5 20 23 30 22 39 B 4 A 12 6 2 24
	-> 1 2 3 4 5 6 A 12 B 17 20 22 23 24 
Structure 329: 3 1 31 D 10 C 11 4 6 2 32 54 44 15
	-> 1 2 3 4 6 10 11 15 C D 
Structure 330: 3 1 31 D 10 C 11 4 2 34 28 21 15
	-> 1 2 3 4 10 11 15 C D 21 
Structure 331: 1 55 29 5 20 23 30 43 B 4 A 12 6 2 24
	-> 1 2 4 5 6 A 12 B 20 23 24 
Structure 332: 3 1 25 D 10 C 11 4 2 32 54 21 15
	-> 1 2 3 4 10 11 15 C D 21 
Structure 333: 3 1 33 31 D 10 C 11 4 2 34 28 21 15
	-> 1 2 3 4 10 11 15 C D 21 
Structure 334: 3 1 33 31 D 10 C 11 4 2 34 28 21 15
	-> 1 2 3 4 10 11 15 C D 21 
Structure 335: 3 1 17 5 46 47 40 10 C 11 4 2 41 66 67
	-> 1 2 3 4 5 10 11 C 17 
Structure 336: 3 1 31 D 10 14 42 11 4 2 34 28 21 15
	-> 1 2 3 4 10 11 15 D 21 
Structure 337: 3 1 31 D 10 C 11 4 2 34 28 21 15
	-> 1 2 3 4 10 11 15 C D 21 
Structure 338: 3 1 17 5 46 40 10 C 11 4 2 41 68
	-> 1 2 3 4 5 10 11 C 17 
Structure 339: 3 1 70 25 D 10 71 11 4 2 34 28 21 15
	-> 1 2 3 4 10 11 15 D 21 
Structure 340: 3 1 55 29 5 46 47 40 10 C 11 4 2 41 66 67
	-> 1 2 3 4 5 10 11 C 
Structure 341: 3 1 29 45 33 31 D 10 C 11 4 2 56 21 15
	-> 1 2 3 4 10 11 15 C D 21 
Structure 342: 3 1 17 5 102 48 38 B 36 26 27 A 12 6 2
	-> 1 2 3 5 6 A 12 B 17 
Structure 343: 3 1 5 20 23 35 22 B 4 A 12 6 2 24
	-> 1 2 3 4 5 6 A 12 B 20 22 23 24 
Structure 344: 1 25 D 10 C 11 4 6 2 32 54 21 15
	-> 1 2 4 6 10 11 15 C D 21 
Structure 345: 3 1 17 5 20 23 30 22 148 B 36 26 27 A 12 6 2
	-> 1 2 3 5 6 A 12 B 17 20 22 23 
Structure 346: 3 1 81 175 176 177 B 36 26 27 A 6 2 149
	-> 1 2 3 6 A B 
Structure 347: 3 1 17 5 46 47 40 10 C 42 11 4 2 41 68
	-> 1 2 3 4 5 10 11 C 17 
Structure 348: 3 1 25 D 10 C 11 4 2 32 37 44 15
	-> 1 2 3 4 10 11 15 C D 
Structure 349: 3 1 31 D 10 64 11 4 65 32 37 21 15
	-> 1 3 4 10 11 15 D 21 
Structure 350: 3 1 17 5 47 40 10 C 11 4 2 41 15
	-> 1 2 3 4 5 10 11 15 C 17 
Structure 351: 3 1 33 25 D 10 C 11 4 2 34 28 21 15
	-> 1 2 3 4 10 11 15 C D 21 
Structure 352: 3 1 17 5 51 38 B 4 A 12 6 2 24
	-> 1 2 3 4 5 6 A 12 B 17 24 
Structure 353: 1 31 D 10 C 42 11 4 2 32 37 44 15
	-> 1 2 4 10 11 15 C D 
Structure 354: 3 1 25 D 10 C 11 4 6 2 32 54 21 15
	-> 1 2 3 4 6 10 11 15 C D 21 
Structure 355: 3 1 29 17 5 98 48 38 39 B 4 A 12 6 2 24
	-> 1 2 3 4 5 6 A 12 B 17 24 
Structure 356: 3 1 33 31 D 52 10 C 11 4 2 34 28 21 15
	-> 1 2 3 4 10 11 15 C D 21 
Structure 357: 3 1 29 5 20 23 35 22 39 B 36 26 27 A 80 12 6 2
	-> 1 2 3 5 6 A 12 B 20 22 23 
Structure 358: 3 1 29 5 46 47 40 10 71 178 11 4 2 41 66 67
	-> 1 2 3 4 5 10 11 
Structure 359: 3 1 29 45 33 25 D 10 C 11 4 2 79 21 15
	-> 1 2 3 4 10 11 15 C D 21 
Structure 360: 3 1 29 5 40 10 C 11 4 2 41 21 15
	-> 1 2 3 4 5 10 11 15 C 21 
Structure 361: 3 1 29 17 5 20 23 35 22 57 B 4 A 12 6 2 24
	-> 1 2 3 4 5 6 A 12 B 17 20 22 23 24 
Structure 362: 1 17 5 20 23 35 22 9 73 60 49 26 27 A 12 6 2
	-> 1 2 5 6 A 12 17 20 22 23 
Structure 363: 3 1 25 D 10 C 11 4 2 34 28 21 15
	-> 1 2 3 4 10 11 15 C D 21 
Structure 364: 3 1 17 5 59 48 38 B 36 26 27 A 50 6 62
	-> 1 3 5 6 A B 17 
Structure 365: 3 1 25 D 10 C 11 4 2 32 37 44 15
	-> 1 2 3 4 10 11 15 C D 
Structure 366: 3 1 17 5 51 48 38 B 58 49 26 27 A 12 6 2
	-> 1 2 3 5 6 A 12 B 17 
Structure 367: 3 1 17 5 69 40 10 C 11 4 2 41 15
	-> 1 2 3 4 5 10 11 15 C 17 
Structure 368: 3 1 33 25 D 10 C 11 4 2 34 28 21 15
	-> 1 2 3 4 10 11 15 C D 21 
Structure 369: 3 1 45 70 25 D 10 C 11 4 2 76 118 15
	-> 1 2 3 4 10 11 15 C D 
Structure 370: 3 1 17 5 20 23 30 22 38 B 4 A 12 6 2 24
	-> 1 2 3 4 5 6 A 12 B 17 20 22 23 24 
Structure 371: 1 5 119 48 38 B 4 A 12 6 2 24
	-> 1 2 4 5 6 A 12 B 24 
Structure 372: 1 5 59 48 38 B 36 26 27 A 12 6 2
	-> 1 2 5 6 A 12 B 
Structure 373: 3 1 17 5 20 23 35 22 43 B 26 27 A 12 6 2
	-> 1 2 3 5 6 A 12 B 17 20 22 23 
Structure 374: 3 1 17 5 20 35 22 B 4 A 12 6 2 24
	-> 1 2 3 4 5 6 A 12 B 17 20 22 24 
Structure 375: 3 1 29 5 20 23 30 22 43 B 4 A 12 6 2 24
	-> 1 2 3 4 5 6 A 12 B 20 22 23 24 
Structure 376: 3 1 17 5 51 39 B 4 A 12 6 2 24
	-> 1 2 3 4 5 6 A 12 B 17 24 
Structure 377: 3 1 29 45 33 31 D 10 C 11 4 2 28 21 15
	-> 1 2 3 4 10 11 15 C D 21 
Structure 378: 1 17 5 20 104 48 38 B 4 A 12 6 2 24
	-> 1 2 4 5 6 A 12 B 17 20 24 
Structure 379: 3 1 29 17 5 20 23 30 22 43 B 36 26 27 A 12 6 150
	-> 1 3 5 6 A 12 B 17 20 22 23 
Structure 380: 3 1 17 5 74 38 B 4 A 12 6 2 24
	-> 1 2 3 4 5 6 A 12 B 17 24 
Structure 381: 3 1 25 D 52 10 C 42 11 4 2 32 54 21 15
	-> 1 2 3 4 10 11 15 C D 21 
Structure 382: 1 17 5 46 47 40 10 C 11 4 2 41 15
	-> 1 2 4 5 10 11 15 C 17 
Structure 383: 3 1 29 17 5 20 23 35 22 75 B 4 7 12 6 2 24
	-> 1 2 3 4 5 6 12 B 17 20 22 23 24 
Structure 384: 3 1 17 5 20 35 22 B 4 A 6 2 24
	-> 1 2 3 4 5 6 A B 17 20 22 24 
Structure 385: 3 1 45 25 D 10 64 11 4 65 76 179 15
	-> 1 3 4 10 11 15 D 
Structure 386: 3 180 D 10 C 11 4 2 32 79 21 15
	-> 2 3 4 10 11 15 C D 21 
Structure 387: 3 1 17 5 20 23 30 22 181 B 4 A 12 6 2 24
	-> 1 2 3 4 5 6 A 12 B 17 20 22 23 24 
Structure 388: 3 1 31 D 10 C 11 4 2 32 56 44 15
	-> 1 2 3 4 10 11 15 C D 
Structure 389: 3 1 25 D 52 10 C 96 4 2 32 54 21 15
	-> 1 2 3 4 10 15 C D 21 
Structure 390: 1 78 72 D 10 C 96 4 2 34 28 21 15
	-> 1 2 4 10 15 C D 21 
Structure 391: 3 1 33 25 D 10 C 11 4 2 34 28 21 15
	-> 1 2 3 4 10 11 15 C D 21 
Structure 392: 3 1 17 5 20 23 30 22 B 36 26 27 A 12 6 2
	-> 1 2 3 5 6 A 12 B 17 20 22 23 
Structure 393: 3 1 17 5 51 B 4 A 50 12 6 2 24
	-> 1 2 3 4 5 6 A 12 B 17 24 
Structure 394: 1 17 5 20 23 30 22 53 B 36 26 27 A 12 6 2
	-> 1 2 5 6 A 12 B 17 20 22 23 
Structure 395: 3 1 17 5 51 38 B 4 A 12 6 2 24
	-> 1 2 3 4 5 6 A 12 B 17 24 
Structure 396: 3 105 87 94 51 B 36 26 27 A 12 6 2 82
	-> 2 3 6 A 12 B 
Structure 397: 3 1 29 5 69 40 10 C 11 4 6 62 41 118 15
	-> 1 3 4 5 6 10 11 15 C 
Structure 398: 3 1 17 5 20 23 30 22 B 36 26 27 A 12 6 2
	-> 1 2 3 5 6 A 12 B 17 20 22 23 
Structure 399: 3 1 17 5 20 23 22 43 B 63 26 27 A 6 2
	-> 1 2 3 5 6 A B 17 20 22 23 
Structure 400: 3 1 33 31 D 182 52 10 C 42 11 4 2 34 28 21 15
	-> 1 2 3 4 10 11 15 C D 21 
Structure 401: 3 1 31 D 10 64 11 4 65 34 28 21 15
	-> 1 3 4 10 11 15 D 21 
Structure 402: 3 1 17 5 20 23 30 22 57 B 36 26 27 A 50 12 6 2
	-> 1 2 3 5 6 A 12 B 17 20 22 23 
Structure 403: 3 1 17 5 20 23 35 22 39 B 4 A 50 12 6 2 24
	-> 1 2 3 4 5 6 A 12 B 17 20 22 23 24 
Structure 404: 3 1 17 5 20 23 35 22 B 4 A 12 6 2 24
	-> 1 2 3 4 5 6 A 12 B 17 20 22 23 24 
Structure 405: 3 1 77 33 31 D 10 C 11 4 2 56 21 15
	-> 1 2 3 4 10 11 15 C D 21 
Structure 406: 3 1 25 D 10 C 11 4 2 32 28 21 15
	-> 1 2 3 4 10 11 15 C D 21 
Structure 407: 3 1 17 5 51 38 B 4 A 12 6 2 24
	-> 1 2 3 4 5 6 A 12 B 17 24 
Structure 408: 1 72 D 10 C 11 4 2 32 37 44 15
	-> 1 2 4 10 11 15 C D 
Structure 409: 3 1 29 5 20 23 35 22 B 4 A 12 6 2 24
	-> 1 2 3 4 5 6 A 12 B 20 22 23 24 
Structure 410: 3 1 55 17 5 20 23 35 22 39 B 4 A 12 6 2 24
	-> 1 2 3 4 5 6 A 12 B 17 20 22 23 24 
Structure 411: 1 29 5 20 23 35 22 183 43 B 58 49 26 27 A 80 12 6 2
	-> 1 2 5 6 A 12 B 20 22 23 
Structure 412: 1 77 33 25 D 52 10 C 133 101 4 2 56 21 15
	-> 1 2 4 10 15 C D 21 
Structure 413: 1 17 5 20 23 30 22 43 B 4 A 12 6 111 24
	-> 1 4 5 6 A 12 B 17 20 22 23 24 
Structure 414: 1 29 5 20 23 35 22 39 B 4 A 12 6 2 24
	-> 1 2 4 5 6 A 12 B 20 22 23 24 
Structure 415: 3 1 5 20 134 184 38 B 36 26 27 A 12 6 2 90
	-> 1 2 3 5 6 A 12 B 20 
Structure 416: 1 5 20 59 48 38 B 36 26 27 A 12 6 2
	-> 1 2 5 6 A 12 B 20 
Structure 417: 3 1 72 D 10 C 42 11 4 2 32 37 21 15
	-> 1 2 3 4 10 11 15 C D 21 
Structure 418: 3 1 29 5 20 23 30 92 75 B 49 26 27 A 12 6 2
	-> 1 2 3 5 6 A 12 B 20 23 
Structure 419: 3 1 17 5 59 38 B 4 A 12 6 2 24
	-> 1 2 3 4 5 6 A 12 B 17 24 
Structure 420: 3 1 17 5 51 48 38 B 4 A 12 6 2 24
	-> 1 2 3 4 5 6 A 12 B 17 24 
Structure 421: 3 1 33 31 D 10 C 42 11 4 2 34 28 21 15
	-> 1 2 3 4 10 11 15 C D 21 
Structure 422: 3 1 31 D 10 C 11 4 2 32 37 44 15
	-> 1 2 3 4 10 11 15 C D 
Structure 423: 3 1 31 D 10 C 11 4 2 32 37 44 15
	-> 1 2 3 4 10 11 15 C D 
Structure 424: 3 1 17 5 20 23 30 22 43 B 83 26 27 A 12 6 2
	-> 1 2 3 5 6 A 12 B 17 20 22 23 
Structure 425: 3 1 17 5 51 48 38 B 36 26 27 A 12 6 2
	-> 1 2 3 5 6 A 12 B 17 
Structure 426: 3 1 31 D 10 64 11 4 65 32 37 44 15
	-> 1 3 4 10 11 15 D 
Structure 427: 3 1 33 31 D 10 C 11 4 2 34 28 21 15
	-> 1 2 3 4 10 11 15 C D 21 
Structure 428: 1 25 18 10 C 11 4 2 34 28 21 15
	-> 1 2 4 10 11 15 C 21 
Structure 429: 3 1 33 25 D 10 C 11 4 6 2 34 28 21 15
	-> 1 2 3 4 6 10 11 15 C D 21 
Structure 430: 3 1 55 17 5 59 B 4 A 12 6 2 24
	-> 1 2 3 4 5 6 A 12 B 17 24 
Structure 431: 3 1 25 D 10 C 42 11 4 2 32 37 21 15
	-> 1 2 3 4 10 11 15 C D 21 
Structure 432: 3 1 17 5 51 88 39 B 4 A 12 6 2 24
	-> 1 2 3 4 5 6 A 12 B 17 24 
Structure 433: 3 1 25 D 10 C 11 4 2 34 28 21 15
	-> 1 2 3 4 10 11 15 C D 21 
Structure 434: 3 1 25 D 10 C 11 4 2 32 37 44 15
	-> 1 2 3 4 10 11 15 C D 
Structure 435: 3 1 78 72 D 10 C 11 4 2 34 28 21 15
	-> 1 2 3 4 10 11 15 C D 21 
Structure 436: 3 1 17 5 116 117 61 B 4 A 12 6 2 24
	-> 1 2 3 4 5 6 A 12 B 17 24 
Structure 437: 3 1 33 31 D 10 71 11 4 2 34 56 21 15
	-> 1 2 3 4 10 11 15 D 21 
Structure 438: 3 1 29 5 20 23 30 22 53 B 4 A 12 6 2 24
	-> 1 2 3 4 5 6 A 12 B 20 22 23 24 
Structure 439: 3 1 33 25 D 10 C 42 11 4 2 34 28 21 15
	-> 1 2 3 4 10 11 15 C D 21 
Structure 440: 3 1 25 D 10 C 11 4 2 32 37 44 93 185
	-> 1 2 3 4 10 11 C D 
Structure 441: 3 1 5 20 23 30 22 57 B 36 26 27 A 12 6 2 90
	-> 1 2 3 5 6 A 12 B 20 22 23 
Structure 442: 3 1 17 5 20 23 30 22 39 B 4 A 12 6 2 24
	-> 1 2 3 4 5 6 A 12 B 17 20 22 23 24 
Structure 443: 3 1 29 110 33 31 D C 11 4 2 79 21 15
	-> 1 2 3 4 11 15 C D 21 
Structure 444: 3 1 17 5 85 119 120 48 38 9 73 60 63 26 27 A 12 6 2
	-> 1 2 3 5 6 A 12 17 
Structure 445: 3 1 31 D 10 C 11 4 2 32 37 186 15
	-> 1 2 3 4 10 11 15 C D 
Structure 446: 3 1 29 5 20 23 30 22 39 B 4 A 6 2 24
	-> 1 2 3 4 5 6 A B 20 22 23 24 
Structure 447: 3 1 17 5 51 B 4 A 50 12 6 2 24
	-> 1 2 3 4 5 6 A 12 B 17 24 
Structure 448: 3 1 5 20 23 35 22 B 4 A 12 6 187 2 24
	-> 1 2 3 4 5 6 A 12 B 20 22 23 24 
Structure 449: 114 81 188 137 138 60 49 26 27 A 12 6 2 21 15
	-> 2 6 A 12 15 21 
Structure 450: 3 1 25 D 10 C 11 4 2 34 28 21 15
	-> 1 2 3 4 10 11 15 C D 21 
Structure 451: 3 1 31 D 10 C 11 4 2 34 56 21 15
	-> 1 2 3 4 10 11 15 C D 21 
Structure 452: 3 1 31 D 10 99 C 11 4 2 32 37 21 15
	-> 1 2 3 4 10 11 15 C D 21 
Structure 453: 3 1 17 5 20 23 22 39 B 36 26 27 A 12 6 2
	-> 1 2 3 5 6 A 12 B 17 20 22 23 
Structure 454: 3 1 17 5 51 48 38 B 4 A 12 6 2 24
	-> 1 2 3 4 5 6 A 12 B 17 24 
Structure 455: 3 1 29 45 33 25 D 52 10 C 11 4 2 28 21 15
	-> 1 2 3 4 10 11 15 C D 21 
Structure 456: 3 1 29 5 20 23 30 22 39 B 36 26 27 A 12 6 62
	-> 1 3 5 6 A 12 B 20 22 23 
Structure 457: 3 1 17 5 20 30 22 39 B 4 A 12 6 2 24
	-> 1 2 3 4 5 6 A 12 B 17 20 22 24 
Structure 458: 3 1 31 D 10 C 11 4 2 34 28 21 15
	-> 1 2 3 4 10 11 15 C D 21 
Structure 459: 3 1 17 5 20 23 30 22 B 36 26 27 A 50 12 6 2
	-> 1 2 3 5 6 A 12 B 17 20 22 23 
Structure 460: 3 1 31 D 10 C 11 4 2 32 37 21 15
	-> 1 2 3 4 10 11 15 C D 21 
Structure 461: 3 1 25 D 52 10 C 11 4 2 32 28 21 15
	-> 1 2 3 4 10 11 15 C D 21 
Structure 462: 3 1 17 5 20 23 30 22 B 36 26 27 A 12 6 2
	-> 1 2 3 5 6 A 12 B 17 20 22 23 
Structure 463: 3 1 17 5 20 35 22 53 B 36 26 27 A 12 6 2
	-> 1 2 3 5 6 A 12 B 17 20 22 
Structure 464: 3 1 33 31 D 10 C 11 4 6 2 34 28 21 15
	-> 1 2 3 4 6 10 11 15 C D 21 
Structure 465: 3 1 17 5 69 40 10 14 42 11 4 2 41 15
	-> 1 2 3 4 5 10 11 15 17 
Structure 466: 3 1 33 31 D 52 10 121 C 42 11 4 2 34 28 21 15
	-> 1 2 3 4 10 11 15 C D 21 
Structure 467: 3 1 17 5 20 23 30 22 B 36 26 27 A 12 6 2
	-> 1 2 3 5 6 A 12 B 17 20 22 23 
Structure 468: 3 1 17 5 43 B 4 A 12 6 2 24
	-> 1 2 3 4 5 6 A 12 B 17 24 
Structure 469: 3 1 189 31 D 10 C 11 4 2 34 28 21 15
	-> 1 2 3 4 10 11 15 C D 21 
Structure 470: 3 1 33 31 D 10 C 11 4 2 34 28 21 15
	-> 1 2 3 4 10 11 15 C D 21 
Structure 471: 3 1 25 D 10 C 11 4 2 32 54 21 15
	-> 1 2 3 4 10 11 15 C D 21 
Structure 472: 3 1 29 33 25 D 10 103 64 11 4 65 34 28 21 15
	-> 1 3 4 10 11 15 D 21 
Structure 473: 3 1 29 5 51 48 38 B 4 A 6 2 24
	-> 1 2 3 4 5 6 A B 24 
Structure 474: 3 1 17 5 20 23 30 22 39 B 4 A 12 6 2 24
	-> 1 2 3 4 5 6 A 12 B 17 20 22 23 24 
Structure 475: 1 29 77 33 31 D 10 C 11 4 2 28 21 15
	-> 1 2 4 10 11 15 C D 21 
Structure 476: 3 1 17 5 20 35 22 B 4 A 12 6 2 24
	-> 1 2 3 4 5 6 A 12 B 17 20 22 24 
Structure 477: 3 1 29 17 5 20 23 30 22 39 B 36 26 27 A 12 6
	-> 1 3 5 6 A 12 B 17 20 22 23 
Structure 478: 1 33 31 D 10 C 11 4 2 34 28 21 15
	-> 1 2 4 10 11 15 C D 21 
Structure 479: 3 1 31 D 10 C 11 4 2 32 54 21 15
	-> 1 2 3 4 10 11 15 C D 21 
Structure 480: 3 1 45 25 D 52 10 C 42 11 4 2 28 21 15
	-> 1 2 3 4 10 11 15 C D 21 
Structure 481: 3 1 29 5 20 74 38 B 4 A 12 6 2 24
	-> 1 2 3 4 5 6 A 12 B 20 24 
Structure 482: 3 1 29 5 51 48 38 B 4 A 12 6 2 24
	-> 1 2 3 4 5 6 A 12 B 24 
Structure 483: 3 1 17 5 69 40 10 64 11 4 65 41 15
	-> 1 3 4 5 10 11 15 17 
Structure 484: 3 1 17 5 20 23 35 22 39 B 36 26 27 A 50 12 6 2
	-> 1 2 3 5 6 A 12 B 17 20 22 23 
Structure 485: 3 1 17 5 102 61 B 58 49 26 27 A 6 2
	-> 1 2 3 5 6 A B 17 
Structure 486: 3 1 77 33 25 D 10 C 11 4 2 76 21 15
	-> 1 2 3 4 10 11 15 C D 21 
Structure 487: 3 1 17 5 20 23 35 22 39 B 36 26 27 A 12 6 62
	-> 1 3 5 6 A 12 B 17 20 22 23 
Structure 488: 3 1 72 D 10 C 42 11 4 2 32 54 21 15
	-> 1 2 3 4 10 11 15 C D 21 
Structure 489: 1 29 5 69 40 10 C 11 4 2 41 15
	-> 1 2 4 5 10 11 15 C 
Structure 490: 3 1 33 25 D 10 71 11 4 2 34 28 21 15
	-> 1 2 3 4 10 11 15 D 21 
Structure 491: 3 1 31 D 10 C 11 4 2 32 37 21 15
	-> 1 2 3 4 10 11 15 C D 21 
Structure 492: 3 1 29 5 48 38 B 4 A 12 6 2 24
	-> 1 2 3 4 5 6 A 12 B 24 
Structure 493: 1 29 17 5 85 86 43 B 4 A 12 6 2 24
	-> 1 2 4 5 6 A 12 B 17 24 
Structure 494: 3 1 25 D 10 99 C 11 4 2 32 37 21 15
	-> 1 2 3 4 10 11 15 C D 21 
Structure 495: 3 1 17 5 69 40 10 C 11 4 2 41 15
	-> 1 2 3 4 5 10 11 15 C 17 
Structure 496: 3 1 17 5 20 59 38 B 36 26 27 A 12 6 2
	-> 1 2 3 5 6 A 12 B 17 20 
Structure 497: 3 1 55 17 5 61 B 36 26 27 A 50 12 6 2
	-> 1 2 3 5 6 A 12 B 17 
Structure 498: 3 1 25 D 10 C 11 4 2 32 54 21 15
	-> 1 2 3 4 10 11 15 C D 21 
Structure 499: 3 1 25 D 10 71 42 11 4 2 32 37 44 15
	-> 1 2 3 4 10 11 15 D 
Structure 500: 91 105 87 122 94 51 B 4 A 12 6 2 24 82
	-> 2 4 6 A 12 B 24 
Structure 501: 1 77 33 31 D 10 C 11 4 2 28 21 15
	-> 1 2 4 10 11 15 C D 21 
Structure 502: 3 1 33 25 D 10 C 11 4 2 34 28 21 15
	-> 1 2 3 4 10 11 15 C D 21 
Structure 503: 3 1 55 17 5 20 23 35 61 B 36 26 27 A 50 12 190 6 2
	-> 1 2 3 5 6 A 12 B 17 20 23 
Structure 504: 3 1 17 5 20 23 30 22 53 B 36 26 27 A 12 6 2
	-> 1 2 3 5 6 A 12 B 17 20 22 23 
Structure 505: 3 1 25 D 10 191 42 11 4 2 32 37 44 15
	-> 1 2 3 4 10 11 15 D 
Structure 506: 3 1 17 5 20 23 30 48 38 B 4 A 12 6 2 24
	-> 1 2 3 4 5 6 A 12 B 17 20 23 24 
Structure 507: 3 1 5 20 23 30 22 43 B 36 26 27 A 12 6 2
	-> 1 2 3 5 6 A 12 B 20 22 23 
Structure 508: 3 1 70 25 D 10 C 11 4 6 2 34 28 21 15
	-> 1 2 3 4 6 10 11 15 C D 21 
Structure 509: 3 1 17 5 20 23 35 22 43 B 36 26 27 A 12 6 2
	-> 1 2 3 5 6 A 12 B 17 20 22 23 
Structure 510: 3 1 29 5 69 40 10 14 11 4 2 41 15
	-> 1 2 3 4 5 10 11 15 
Structure 511: 3 1 55 29 45 33 31 D 10 71 11 4 2 28 21 15
	-> 1 2 3 4 10 11 15 D 21 
Structure 512: 3 1 55 17 5 59 B 36 26 27 A 12 6 2
	-> 1 2 3 5 6 A 12 B 17 
Structure 513: 3 1 33 25 D 10 C 11 4 2 34 28 21 15
	-> 1 2 3 4 10 11 15 C D 21 
Structure 514: 3 1 17 5 46 47 40 10 C 11 101 4 2 41 67
	-> 1 2 3 4 5 10 11 C 17 
Structure 515: 1 192 78 72 D 10 C 11 4 2 34 28 21 15
	-> 1 2 4 10 11 15 C D 21 
Structure 516: 3 1 17 5 20 43 B 4 A 12 6 2 24
	-> 1 2 3 4 5 6 A 12 B 17 20 24 
Structure 517: 3 1 5 20 23 35 22 43 B 4 A 12 6 2 24
	-> 1 2 3 4 5 6 A 12 B 20 22 23 24 
Structure 518: 3 1 17 5 20 23 35 22 39 B 4 A 50 12 6 2 24
	-> 1 2 3 4 5 6 A 12 B 17 20 22 23 24 
Structure 519: 3 1 193 31 D 10 C 11 4 2 34 28 21 15
	-> 1 2 3 4 10 11 15 C D 21 
Structure 520: 3 1 17 5 46 40 10 C 11 4 2 41 68
	-> 1 2 3 4 5 10 11 C 17 
Structure 521: 3 1 45 33 31 D 10 C 11 4 2 28 21 15
	-> 1 2 3 4 10 11 15 C D 21 
Structure 522: 3 1 17 5 20 23 35 22 39 B 4 A 12 6 2 24
	-> 1 2 3 4 5 6 A 12 B 17 20 22 23 24 
Structure 523: 3 1 17 5 20 23 30 22 39 B 4 A 12 6 2 24
	-> 1 2 3 4 5 6 A 12 B 17 20 22 23 24 
Structure 524: 3 1 17 5 43 B 36 26 27 A 12 6 2
	-> 1 2 3 5 6 A 12 B 17 
Structure 525: 3 1 25 18 10 C 42 11 4 2 32 37 44 15
	-> 1 2 3 4 10 11 15 C 
Structure 526: 3 1 55 29 17 5 20 23 35 22 43 B 4 A 12 6 2 24
	-> 1 2 3 4 5 6 A 12 B 17 20 22 23 24 
Structure 527: 3 1 17 5 20 23 30 22 B 36 26 27 A 12 6 62
	-> 1 3 5 6 A 12 B 17 20 22 23 
Structure 528: 3 1 17 5 20 23 30 22 B 194 26 27 A 12 6 2
	-> 1 2 3 5 6 A 12 B 17 20 22 23 
Structure 529: 3 1 31 D 10 C 11 4 2 32 37 44 15
	-> 1 2 3 4 10 11 15 C D 
Structure 530: 3 1 29 5 59 48 38 B 4 A 12 6 2 24
	-> 1 2 3 4 5 6 A 12 B 24 
Structure 531: 3 1 31 D 10 C 42 11 4 2 32 37 21 15
	-> 1 2 3 4 10 11 15 C D 21 
Structure 532: 3 1 25 D 10 C 11 4 84 2 32 37 21 15
	-> 1 2 3 4 10 11 15 C D 21 
Structure 533: 1 33 25 D 10 C 11 4 2 34 28 21 15
	-> 1 2 4 10 11 15 C D 21 
Structure 534: 3 1 17 5 59 38 B 36 26 27 A 12 6 2
	-> 1 2 3 5 6 A 12 B 17 
Structure 535: 3 1 29 5 20 23 35 22 53 B 4 A 12 6 2 24
	-> 1 2 3 4 5 6 A 12 B 20 22 23 24 
Structure 536: 3 1 45 33 31 D 10 C 11 4 2 79 21 15
	-> 1 2 3 4 10 11 15 C D 21 
Structure 537: 3 1 29 5 20 23 30 22 38 B 36 26 27 A 12 6 2
	-> 1 2 3 5 6 A 12 B 20 22 23 
Structure 538: 3 1 31 D 10 C 11 4 2 32 37 21 15
	-> 1 2 3 4 10 11 15 C D 21 
Structure 539: 3 1 17 5 20 23 30 22 38 B 4 A 12 6 62 24
	-> 1 3 4 5 6 A 12 B 17 20 22 23 24 
Structure 540: 3 1 33 25 D 10 C 42 11 4 2 34 28 21 15
	-> 1 2 3 4 10 11 15 C D 21 
Structure 541: 3 1 25 D 10 C 42 11 4 2 32 37 21 15
	-> 1 2 3 4 10 11 15 C D 21 
Structure 542: 3 1 29 5 59 38 B 4 A 12 6 2 24
	-> 1 2 3 4 5 6 A 12 B 24 
Structure 543: 3 1 110 33 31 D 10 C 11 4 2 79 21 15
	-> 1 2 3 4 10 11 15 C D 21 
Structure 544: 3 1 29 5 46 47 40 10 C 11 4 2 41 66 67
	-> 1 2 3 4 5 10 11 C 
Structure 545: 1 17 5 98 B 4 A 12 6 2 24
	-> 1 2 4 5 6 A 12 B 17 24 
Structure 546: 3 1 17 5 20 23 30 22 38 B 4 A 12 6 2 24
	-> 1 2 3 4 5 6 A 12 B 17 20 22 23 24 
Structure 547: 3 1 17 5 61 B 4 A 12 6 2 24
	-> 1 2 3 4 5 6 A 12 B 17 24 
Structure 548: 3 1 25 D 10 195 C 11 4 2 34 28 21 15
	-> 1 2 3 4 10 11 15 C D 21 
Structure 549: 91 97 130 81 B 4 A 12 6 2 24 82 90
	-> 2 4 6 A 12 B 24 
Structure 550: 3 1 5 20 23 30 22 53 B 4 A 12 6 2 24
	-> 1 2 3 4 5 6 A 12 B 20 22 23 24 
Structure 551: 3 1 45 33 31 D 10 121 C 42 11 4 2 76 15
	-> 1 2 3 4 10 11 15 C D 
Structure 552: 3 1 33 31 D 10 14 11 4 2 34 28 21 15
	-> 1 2 3 4 10 11 15 D 21 
Structure 553: 3 1 25 D 10 C 11 4 2 34 28 21 15
	-> 1 2 3 4 10 11 15 C D 21 
Structure 554: 3 1 85 86 48 38 B 36 26 27 A 12 6 2
	-> 1 2 3 6 A 12 B 
Structure 555: 3 1 17 33 25 D 10 C 11 4 2 32 37 21 15
	-> 1 2 3 4 10 11 15 C 17 D 21 
Structure 556: 3 1 25 D 10 C 11 4 2 32 54 21 15
	-> 1 2 3 4 10 11 15 C D 21 
Structure 557: 3 1 25 D 10 99 C 11 4 2 32 54 21 15
	-> 1 2 3 4 10 11 15 C D 21 
Structure 558: 3 1 17 5 43 B 36 26 27 A 12 6 2
	-> 1 2 3 5 6 A 12 B 17 
Structure 559: 3 1 25 D 10 C 11 4 2 32 37 21 15
	-> 1 2 3 4 10 11 15 C D 21 
Structure 560: 3 1 17 5 40 10 C 11 4 2 41 21 15
	-> 1 2 3 4 5 10 11 15 C 17 21 
Structure 561: 3 1 33 31 D 10 C 11 4 2 34 28 21 15
	-> 1 2 3 4 10 11 15 C D 21 
Structure 562: 3 1 70 25 D 10 C 11 4 2 34 28 21 15
	-> 1 2 3 4 10 11 15 C D 21 
Structure 563: 3 1 33 25 D 10 C 11 4 2 34 28 21 15
	-> 1 2 3 4 10 11 15 C D 21 
Structure 564: 3 1 45 70 25 D 10 C 11 4 2 28 21 15
	-> 1 2 3 4 10 11 15 C D 21 
Structure 565: 3 1 29 5 40 10 C 42 11 4 2 41 21 15
	-> 1 2 3 4 5 10 11 15 C 21 
Structure 566: 3 1 33 31 D 10 C 11 4 2 34 28 21 15
	-> 1 2 3 4 10 11 15 C D 21 
Structure 567: 3 1 29 5 20 23 35 22 38 B 4 A 12 6 2 24
	-> 1 2 3 4 5 6 A 12 B 20 22 23 24 
Structure 568: 3 1 31 D 10 C 11 4 2 34 28 21 15
	-> 1 2 3 4 10 11 15 C D 21 
Structure 569: 3 1 31 D 10 C 42 11 4 2 32 37 44 15
	-> 1 2 3 4 10 11 15 C D 
Structure 570: 3 1 17 5 85 86 48 38 B 4 A 80 12 6 2 24
	-> 1 2 3 4 5 6 A 12 B 17 24 
Structure 571: 3 1 17 5 20 35 22 B 4 A 50 12 6 2 24
	-> 1 2 3 4 5 6 A 12 B 17 20 22 24 
Structure 572: 3 1 70 25 D 10 C 11 4 2 34 28 21 15
	-> 1 2 3 4 10 11 15 C D 21 
Structure 573: 3 1 70 25 D 10 C 11 4 2 34 28 21 15
	-> 1 2 3 4 10 11 15 C D 21 
Structure 574: 3 1 25 D 10 C 42 11 4 2 32 28 21 15
	-> 1 2 3 4 10 11 15 C D 21 
Structure 575: 3 1 17 5 35 22 38 B 4 A 12 6 2 24
	-> 1 2 3 4 5 6 A 12 B 17 22 24 
Structure 576: 3 1 81 151 123 124 B 36 26 27 A 12 6 2 95
	-> 1 2 3 6 A 12 B 
Structure 577: 3 1 33 31 D 10 C 11 4 84 2 34 28 21 15
	-> 1 2 3 4 10 11 15 C D 21 
Structure 578: 3 1 29 5 20 23 30 22 B 4 A 12 6 2 24
	-> 1 2 3 4 5 6 A 12 B 20 22 23 24 
Structure 579: 3 1 17 5 104 23 30 22 38 39 B 4 A 12 6 2 24
	-> 1 2 3 4 5 6 A 12 B 17 22 23 24 
Structure 580: 3 1 45 33 25 D 10 14 11 4 2 28 21 15
	-> 1 2 3 4 10 11 15 D 21 
Structure 581: 3 1 29 5 46 47 40 10 C 11 4 2 41 68
	-> 1 2 3 4 5 10 11 C 
Structure 582: 3 1 45 33 31 D 10 C 11 4 2 76 15
	-> 1 2 3 4 10 11 15 C D 
Structure 583: 3 1 17 5 119 120 48 38 B 26 27 A 12 6 2
	-> 1 2 3 5 6 A 12 B 17 
Structure 584: 3 1 17 5 20 74 38 39 B 36 26 27 A 12 6 2
	-> 1 2 3 5 6 A 12 B 17 20 
Structure 585: 3 1 17 5 20 23 30 22 39 B 58 49 26 27 A 12 6 2
	-> 1 2 3 5 6 A 12 B 17 20 22 23 
Structure 586: 3 1 17 5 20 23 35 22 53 B 58 26 27 A 12 6 2
	-> 1 2 3 5 6 A 12 B 17 20 22 23 
Structure 587: 3 1 5 43 B 36 26 27 A 12 6 2 90
	-> 1 2 3 5 6 A 12 B 
Structure 588: 3 1 29 5 20 23 35 22 53 B 4 A 12 6 2 24
	-> 1 2 3 4 5 6 A 12 B 20 22 23 24 
Structure 589: 3 1 33 25 D 10 C 11 4 2 34 28 21 15
	-> 1 2 3 4 10 11 15 C D 21 
Structure 590: 3 1 29 45 33 25 D 52 10 C 11 4 2 28 21 15
	-> 1 2 3 4 10 11 15 C D 21 
Structure 591: 3 1 25 D 10 14 11 4 2 32 37 21 15
	-> 1 2 3 4 10 11 15 D 21 
Structure 592: 3 1 17 5 20 23 30 22 57 B 4 A 12 6 2 24
	-> 1 2 3 4 5 6 A 12 B 17 20 22 23 24 
Structure 593: 3 1 5 20 23 35 22 B 4 A 12 6 2 24
	-> 1 2 3 4 5 6 A 12 B 20 22 23 24 
Structure 594: 3 1 17 5 20 23 22 43 B 4 A 12 6 2 24
	-> 1 2 3 4 5 6 A 12 B 17 20 22 23 24 
Structure 595: 3 1 17 5 20 23 35 22 43 B 4 A 12 6 2 24
	-> 1 2 3 4 5 6 A 12 B 17 20 22 23 24 
Structure 596: 3 1 17 5 20 23 35 22 39 B 4 A 12 6 2 24
	-> 1 2 3 4 5 6 A 12 B 17 20 22 23 24 
Structure 597: 3 1 29 17 5 20 23 30 22 39 B 4 196 A 12 6 2 24
	-> 1 2 3 4 5 6 A 12 B 17 20 22 23 24 
Structure 598: 3 1 17 5 20 23 30 22 39 B 4 A 12 6 2 24
	-> 1 2 3 4 5 6 A 12 B 17 20 22 23 24 
Structure 599: 3 1 17 5 197 132 113 89 60 63 26 27 A 12 6 2 21 15
	-> 1 2 3 5 6 A 12 15 17 21 
Structure 600: 3 1 81 151 123 124 B 4 A 12 6 2 24 95
	-> 1 2 3 4 6 A 12 B 24 
Structure 601: 3 1 31 D 10 C 42 11 4 2 32 56 21 15
	-> 1 2 3 4 10 11 15 C D 21 
Structure 602: 3 1 31 D 10 C 11 4 84 2 32 37 21 15
	-> 1 2 3 4 10 11 15 C D 21 
Structure 603: 3 1 25 D 10 C 11 4 2 32 37 44 15
	-> 1 2 3 4 10 11 15 C D 
Structure 604: 3 1 17 5 51 48 38 B 4 A 12 6 2 24
	-> 1 2 3 4 5 6 A 12 B 17 24 
Structure 605: 3 1 25 D 10 C 11 4 2 34 28 21 15
	-> 1 2 3 4 10 11 15 C D 21 
Structure 606: 3 1 17 5 98 38 B 36 26 27 A 12 6 2
	-> 1 2 3 5 6 A 12 B 17 
Structure 607: 3 1 25 D 10 C 11 4 2 32 37 44 15
	-> 1 2 3 4 10 11 15 C D 
Structure 608: 3 1 55 17 5 20 23 30 22 38 B 36 198 26 27 A 12 6 2
	-> 1 2 3 5 6 A 12 B 17 20 22 23 
Structure 609: 3 1 31 D 10 C 42 11 4 2 32 37 44 15
	-> 1 2 3 4 10 11 15 C D 
Structure 610: 3 1 25 D 10 C 11 4 2 34 28 21 15
	-> 1 2 3 4 10 11 15 C D 21 
Structure 611: 3 1 29 5 25 D 10 14 11 4 2 21 15
	-> 1 2 3 4 5 10 11 15 D 21 
Structure 612: 3 1 29 17 5 20 23 30 22 38 B 4 A 12 6 2 24
	-> 1 2 3 4 5 6 A 12 B 17 20 22 23 24 
Structure 613: 3 1 45 33 25 D 10 C 11 4 84 2 76 143 68
	-> 1 2 3 4 10 11 C D 
Structure 614: 3 1 55 17 5 20 23 35 131 43 B 36 26 27 A 12 6 2
	-> 1 2 3 5 6 A 12 B 17 20 23 
Structure 615: 3 1 29 17 5 20 23 30 22 B 4 A 12 6 2 24
	-> 1 2 3 4 5 6 A 12 B 17 20 22 23 24 
Structure 616: 3 1 29 5 69 40 10 C 11 4 2 41 15
	-> 1 2 3 4 5 10 11 15 C 
Structure 617: 3 1 29 45 33 31 D 10 C 11 4 6 2 28 21 15
	-> 1 2 3 4 6 10 11 15 C D 21 
Structure 618: 3 1 5 20 23 22 B 58 49 26 27 A 12 6 2
	-> 1 2 3 5 6 A 12 B 20 22 23 
Structure 619: 3 1 199 25 D 10 C 42 11 4 2 32 37 21 15
	-> 1 2 3 4 10 11 15 C D 21 
Structure 620: 3 1 29 5 20 23 35 22 39 B 36 26 27 A 12 6 2
	-> 1 2 3 5 6 A 12 B 20 22 23 
Structure 621: 3 1 17 5 20 23 35 22 B 58 49 26 27 A 12 6 62
	-> 1 3 5 6 A 12 B 17 20 22 23 
Structure 622: 3 1 29 5 20 23 30 22 53 B 4 7 12 6 2 24
	-> 1 2 3 4 5 6 12 B 20 22 23 24 
Structure 623: 3 1 29 5 20 23 35 22 53 B 4 A 12 6 2 24
	-> 1 2 3 4 5 6 A 12 B 20 22 23 24 
Structure 624: 3 1 31 D 10 14 11 4 2 32 37 44 15
	-> 1 2 3 4 10 11 15 D 
Structure 625: 3 1 29 5 20 23 35 22 39 B 4 A 12 6 2
	-> 1 2 3 4 5 6 A 12 B 20 22 23 
Structure 626: 3 1 31 D 10 C 11 4 2 32 37 44 93 135
	-> 1 2 3 4 10 11 C D 
Structure 627: 3 1 17 5 20 23 35 22 53 B 4 A 12 6 2 24
	-> 1 2 3 4 5 6 A 12 B 17 20 22 23 24 
Structure 628: 3 1 55 17 5 20 23 35 22 39 B 58 49 26 27 A 12 6 2
	-> 1 2 3 5 6 A 12 B 17 20 22 23 
Structure 629: 3 1 29 17 5 20 23 22 57 B 36 26 27 A 12 6 2
	-> 1 2 3 5 6 A 12 B 17 20 22 23 
Structure 630: 3 1 33 25 D 10 C 11 4 6 2 34 56 15
	-> 1 2 3 4 6 10 11 15 C D 
Structure 631: 1 129 5 20 23 30 22 53 B 36 26 27 A 12 6 2
	-> 1 2 5 6 A 12 B 20 22 23 
Structure 632: 3 1 17 5 46 47 40 10 152 C 11 4 2 41 66 67
	-> 1 2 3 4 5 10 11 C 17 
Structure 633: 3 55 29 17 5 104 30 22 43 B 36 26 27 A 12 6 2
	-> 2 3 5 6 A 12 B 17 22 
Structure 634: 3 1 25 D 10 64 11 4 65 32 56 21 15
	-> 1 3 4 10 11 15 D 21 
Structure 635: 200 201 202 25 D 10 152 125 C 11 4 2 34 28 21 15
	-> 2 4 10 11 15 C D 21 
Structure 636: 3 1 5 98 88 39 B 63 26 27 A 12 6 2
	-> 1 2 3 5 6 A 12 B 
Structure 637: 1 17 5 20 23 35 22 B 4 A 12 6 2 24
	-> 1 2 4 5 6 A 12 B 17 20 22 23 24 
Structure 638: 91 105 87 203 51 B 36 26 27 A 12 6 2 82
	-> 2 6 A 12 B 
Structure 639: 3 1 17 5 69 40 10 C 11 4 2 41 15
	-> 1 2 3 4 5 10 11 15 C 17 
Structure 640: 3 1 33 25 D 10 C 11 4 2 34 28 21 15
	-> 1 2 3 4 10 11 15 C D 21 
Structure 641: 3 1 17 5 120 204 B 4 A 12 6 2 24
	-> 1 2 3 4 5 6 A 12 B 17 24 
Structure 642: 3 1 33 25 D 10 C 42 11 4 2 34 28 21 15
	-> 1 2 3 4 10 11 15 C D 21 
Structure 643: 3 1 25 D 10 C 11 4 2 32 54 21 15
	-> 1 2 3 4 10 11 15 C D 21 
Structure 644: 3 1 5 20 23 35 22 B 4 A 12 6 2 24
	-> 1 2 3 4 5 6 A 12 B 20 22 23 24 
Structure 645: 3 1 17 5 20 102 48 38 B 83 27 A 12 6 2
	-> 1 2 3 5 6 A 12 B 17 20 
Structure 646: 3 1 5 20 23 30 22 57 B 4 A 50 6 2 24
	-> 1 2 3 4 5 6 A B 20 22 23 24 
Structure 647: 3 1 17 5 20 23 30 22 38 B 4 A 6 2 24
	-> 1 2 3 4 5 6 A B 17 20 22 23 24 
Structure 648: 3 1 25 D 10 C 11 4 6 2 34 28 21 15
	-> 1 2 3 4 6 10 11 15 C D 21 
Structure 649: 3 1 33 31 D 10 C 11 4 2 34 28 21 15
	-> 1 2 3 4 10 11 15 C D 21 
Structure 650: 1 55 45 33 31 D 10 C 42 11 4 2 28 21 15
	-> 1 2 4 10 11 15 C D 21 
Structure 651: 3 1 29 81 123 124 B 4 A 12 6 2 24
	-> 1 2 3 4 6 A 12 B 24 
Structure 652: 3 1 29 144 145 146 147 108 B 4 A 12 6 24
	-> 1 3 4 6 A 12 B 24 
Structure 653: 3 1 31 D 10 C 42 11 4 6 2 32 56 21 15
	-> 1 2 3 4 6 10 11 15 C D 21 
Structure 654: 3 1 17 5 46 47 40 10 C 11 4 6 2 41 68 126
	-> 1 2 3 4 5 6 10 11 C 17 
Structure 655: 3 1 17 5 20 23 30 22 43 B 4 A 12 6 2 24
	-> 1 2 3 4 5 6 A 12 B 17 20 22 23 24 
Structure 656: 3 1 205 206 207 208 209 89 4 210 211 136 34 28 21 15
	-> 1 3 4 15 21 
Structure 657: 3 1 17 5 20 22 53 B 63 26 27 A 12 6 2 111
	-> 1 2 3 5 6 A 12 B 17 20 22 
Structure 658: 3 1 25 D 10 C 11 4 2 34 28 21 15
	-> 1 2 3 4 10 11 15 C D 21 
Structure 659: 3 1 31 D 10 C 11 4 2 32 37 21 15
	-> 1 2 3 4 10 11 15 C D 21 
Structure 660: 3 1 87 94 51 212 60 63 26 27 A 12 6 2 21 15
	-> 1 2 3 6 A 12 15 21 
Structure 661: 3 1 17 5 20 23 30 22 43 B 36 26 27 A 12 6 2
	-> 1 2 3 5 6 A 12 B 17 20 22 23 
Structure 662: 3 1 25 D 10 C 11 4 2 32 37 44 15
	-> 1 2 3 4 10 11 15 C D 
Structure 663: 3 1 33 25 D 10 14 11 4 2 34 28 21 15
	-> 1 2 3 4 10 11 15 D 21 
Structure 664: 3 1 55 31 D 10 C 11 4 2 32 37 44 15
	-> 1 2 3 4 10 11 15 C D 
Structure 665: 3 1 17 5 20 30 22 38 B 36 26 27 A 12 6 2
	-> 1 2 3 5 6 A 12 B 17 20 22 
Structure 666: 3 1 17 5 20 23 35 22 B 4 A 12 6 2 213
	-> 1 2 3 4 5 6 A 12 B 17 20 22 23 
Structure 667: 3 1 31 D 10 14 11 4 2 34 28 21 15
	-> 1 2 3 4 10 11 15 D 21 
Structure 668: 3 1 31 D 10 C 11 4 2 32 37 21 15
	-> 1 2 3 4 10 11 15 C D 21 
Structure 669: 3 1 17 5 20 23 30 22 57 B 4 A 12 6 2 24
	-> 1 2 3 4 5 6 A 12 B 17 20 22 23 24 
Structure 670: 3 1 17 5 20 23 35 22 B 4 A 12 6 2 24
	-> 1 2 3 4 5 6 A 12 B 17 20 22 23 24 
Structure 671: 3 1 55 17 5 20 23 30 22 53 B 4 A 12 6 2 24
	-> 1 2 3 4 5 6 A 12 B 17 20 22 23 24 
Structure 672: 3 1 29 5 51 108 214 B 36 26 27 A 12 6 62
	-> 1 3 5 6 A 12 B 
Structure 673: 3 1 29 5 20 23 22 39 B 36 26 27 A 12 6 2
	-> 1 2 3 5 6 A 12 B 20 22 23 
Structure 674: 3 1 31 D 10 C 11 4 2 32 54 21 15
	-> 1 2 3 4 10 11 15 C D 21 
Structure 675: 3 1 45 70 25 D 10 C 11 4 2 28 21 15
	-> 1 2 3 4 10 11 15 C D 21 
Structure 676: 3 1 29 5 20 23 30 22 43 B 4 A 12 6 2 24
	-> 1 2 3 4 5 6 A 12 B 20 22 23 24 
Structure 677: 3 1 17 5 20 23 30 22 39 B 4 A 12 6 2 24
	-> 1 2 3 4 5 6 A 12 B 17 20 22 23 24 
Structure 678: 1 29 77 33 25 D 10 C 11 4 2 28 21 15
	-> 1 2 4 10 11 15 C D 21 
Structure 679: 3 1 33 25 D 10 64 11 4 65 34 28 21 15
	-> 1 3 4 10 11 15 D 21 
Structure 680: 3 1 25 D 10 C 42 11 4 6 2 32 37 21 15
	-> 1 2 3 4 6 10 11 15 C D 21 
Structure 681: 3 1 17 5 20 61 B 4 A 12 6 150 24
	-> 1 3 4 5 6 A 12 B 17 20 24 
Structure 682: 3 1 25 D 10 C 11 4 6 2 32 37 44 15
	-> 1 2 3 4 6 10 11 15 C D 
Structure 683: 3 1 29 5 20 23 35 22 57 B 4 A 12 6 2 24
	-> 1 2 3 4 5 6 A 12 B 20 22 23 24 
Structure 684: 3 1 70 25 D 10 71 11 4 2 34 28 21 15
	-> 1 2 3 4 10 11 15 D 21 
Structure 685: 3 1 45 33 31 D 10 C 11 4 2 79 21 15
	-> 1 2 3 4 10 11 15 C D 21 
Structure 686: 3 1 31 D 10 C 11 4 106 2 32 37 44 93
	-> 1 2 3 4 10 11 C D 
Structure 687: 3 1 17 5 20 23 30 22 39 B 4 A 12 6 62 24
	-> 1 3 4 5 6 A 12 B 17 20 22 23 24 
Structure 688: 3 1 17 5 20 69 40 10 C 11 4 2 41 15
	-> 1 2 3 4 5 10 11 15 C 17 20 
Structure 689: 1 29 17 5 20 35 22 39 B 4 A 12 6 2 24
	-> 1 2 4 5 6 A 12 B 17 20 22 24 
Structure 690: 3 1 25 D 10 C 11 4 2 32 54 21 15
	-> 1 2 3 4 10 11 15 C D 21 
Structure 691: 3 1 45 33 25 D 52 10 C 11 4 2 28 21 15
	-> 1 2 3 4 10 11 15 C D 21 
Structure 692: 3 1 25 D 10 C 11 4 2 32 54 21 15
	-> 1 2 3 4 10 11 15 C D 21 
Structure 693: 3 1 17 5 20 61 B 4 A 12 6 2 24
	-> 1 2 3 4 5 6 A 12 B 17 20 24 
Structure 694: 3 1 17 5 20 23 30 22 75 B 4 A 12 6 2 24
	-> 1 2 3 4 5 6 A 12 B 17 20 22 23 24 
Structure 695: 3 1 17 5 59 38 B 4 A 6 2 24
	-> 1 2 3 4 5 6 A B 17 24 
Structure 696: 3 1 17 5 20 23 30 22 B 4 A 50 12 6 2 24
	-> 1 2 3 4 5 6 A 12 B 17 20 22 23 24 
Structure 697: 3 1 25 D 52 10 C 11 4 2 32 54 21 15
	-> 1 2 3 4 10 11 15 C D 21 
Structure 698: 3 1 5 20 23 22 B 4 A 12 6 2 24
	-> 1 2 3 4 5 6 A 12 B 20 22 23 24 
Structure 699: 3 1 29 17 5 46 40 10 C 42 11 4 2 41 68
	-> 1 2 3 4 5 10 11 C 17 
Structure 700: 3 1 17 5 20 23 30 22 B 36 26 27 A 12 6 2
	-> 1 2 3 5 6 A 12 B 17 20 22 23 
Structure 701: 3 1 33 25 D 10 14 11 4 2 34 28 21 15
	-> 1 2 3 4 10 11 15 D 21 
Structure 702: 3 1 31 D 10 C 42 11 101 4 2 32 37 44 118 15
	-> 1 2 3 4 10 11 15 C D 
Structure 703: 3 1 33 31 D 10 C 42 11 4 2 34 28 21 15
	-> 1 2 3 4 10 11 15 C D 21 
Structure 704: 3 1 33 31 D 10 C 42 11 4 2 34 28 21 15
	-> 1 2 3 4 10 11 15 C D 21 
Structure 705: 1 29 5 40 10 C 11 4 2 41 15
	-> 1 2 4 5 10 11 15 C 
Structure 706: 3 1 25 D 10 C 11 4 2 32 37 21 15
	-> 1 2 3 4 10 11 15 C D 21 
Structure 707: 3 1 17 5 46 47 40 10 C 11 4 2 41 66 67
	-> 1 2 3 4 5 10 11 C 17 
Structure 708: 3 1 33 31 D 52 10 C 11 4 2 34 28 21 15
	-> 1 2 3 4 10 11 15 C D 21 
Structure 709: 3 1 17 5 20 23 30 61 B 49 26 27 A 12 6 2
	-> 1 2 3 5 6 A 12 B 17 20 23 
Structure 710: 3 1 45 33 25 D 10 C 42 11 4 2 76 215 95
	-> 1 2 3 4 10 11 C D 
Structure 711: 3 1 29 17 5 20 23 30 22 57 B 4 A 12 6 2 24
	-> 1 2 3 4 5 6 A 12 B 17 20 22 23 24 
Structure 712: 3 1 55 17 5 20 23 35 22 B 4 A 12 6 2 24
	-> 1 2 3 4 5 6 A 12 B 17 20 22 23 24 
Structure 713: 3 1 17 5 20 23 30 22 57 B 4 7 12 6 2 24
	-> 1 2 3 4 5 6 12 B 17 20 22 23 24 
Structure 714: 1 17 5 59 38 B 4 A 12 6 2 24
	-> 1 2 4 5 6 A 12 B 17 24 
Structure 715: 3 1 17 5 20 23 30 22 B 36 26 27 A 12 6 2
	-> 1 2 3 5 6 A 12 B 17 20 22 23 
Structure 716: 3 105 87 122 94 51 B 58 49 26 27 A 12 6 2 82
	-> 2 3 6 A 12 B 
Structure 717: 3 1 17 5 20 23 30 22 39 B 4 A 12 6 2 24
	-> 1 2 3 4 5 6 A 12 B 17 20 22 23 24 
Structure 718: 3 1 33 31 D 10 C 11 4 84 2 34 28 21 15
	-> 1 2 3 4 10 11 15 C D 21 
Structure 719: 3 1 33 31 D 10 16 109 42 11 4 2 34 28 21 15
	-> 1 2 3 4 10 11 15 D 21 
Structure 720: 3 1 5 20 23 30 74 B 4 A 12 6 2 24
	-> 1 2 3 4 5 6 A 12 B 20 23 24 
Structure 721: 3 1 29 5 20 23 35 22 53 9 73 60 49 26 27 A 6
	-> 1 3 5 6 A 20 22 23 
Structure 722: 3 1 110 33 31 D 10 C 11 4 2 21 15
	-> 1 2 3 4 10 11 15 C D 21 
Structure 723: 3 1 45 33 25 D 10 C 11 4 2 76 21 15
	-> 1 2 3 4 10 11 15 C D 21 
Structure 724: 3 1 17 5 20 23 35 22 53 B 63 26 27 A 80 6 2
	-> 1 2 3 5 6 A B 17 20 22 23 
Structure 725: 3 1 29 5 20 23 30 22 43 B 36 26 27 A 50 12 6 62
	-> 1 3 5 6 A 12 B 20 22 23 
Structure 726: 3 216 51 10 C 11 4 2 217 218 34 28 21 15
	-> 2 3 4 10 11 15 C 21 
Structure 727: 3 1 31 D 10 C 11 4 2 32 37 44 15
	-> 1 2 3 4 10 11 15 C D 
Structure 728: 3 1 17 5 20 23 30 22 39 B 4 A 12 6 2 24
	-> 1 2 3 4 5 6 A 12 B 17 20 22 23 24 
Structure 729: 3 1 17 5 20 23 30 22 B 63 26 27 A 12 6 2
	-> 1 2 3 5 6 A 12 B 17 20 22 23 
Structure 730: 3 1 31 D 52 10 C 11 4 2 32 54 44 15
	-> 1 2 3 4 10 11 15 C D 
Structure 731: 3 1 25 D 10 C 11 4 2 34 28 21 15
	-> 1 2 3 4 10 11 15 C D 21 
Structure 732: 3 1 29 5 20 23 30 22 39 B 4 A 12 6 2 24
	-> 1 2 3 4 5 6 A 12 B 20 22 23 24 
Structure 733: 3 1 17 5 20 23 35 22 39 B 36 26 27 A 12 6 2
	-> 1 2 3 5 6 A 12 B 17 20 22 23 
Structure 734: 3 1 17 5 20 35 22 B 4 A 12 6 2 24
	-> 1 2 3 4 5 6 A 12 B 17 20 22 24 
Structure 735: 3 1 17 5 20 23 35 22 B 58 49 26 27 A 6 2
	-> 1 2 3 5 6 A B 17 20 22 23 
Structure 736: 3 1 17 5 20 22 57 B 4 A 12 6 2 24
	-> 1 2 3 4 5 6 A 12 B 17 20 22 24 
Structure 737: 3 1 29 5 20 23 30 22 57 B 4 A 12 6 2 24
	-> 1 2 3 4 5 6 A 12 B 20 22 23 24 
Structure 738: 3 1 31 D 10 C 11 4 6 2 32 37 21 15
	-> 1 2 3 4 6 10 11 15 C D 21 
Structure 739: 3 1 17 5 38 B 4 A 12 6 2 24
	-> 1 2 3 4 5 6 A 12 B 17 24 
Structure 740: 3 1 17 5 20 23 30 22 B 4 A 12 6 2 24
	-> 1 2 3 4 5 6 A 12 B 17 20 22 23 24 
Structure 741: 3 1 25 D 10 64 11 4 65 34 28 21 15
	-> 1 3 4 10 11 15 D 21 
Structure 742: 112 1 17 5 20 23 30 22 43 B 4 A 12 6 2 24
	-> 1 2 4 5 6 A 12 B 17 20 22 23 24 
Structure 743: 3 1 33 25 D 10 C 11 4 2 34 28 21 15
	-> 1 2 3 4 10 11 15 C D 21 
Structure 744: 3 1 25 D 10 C 11 4 2 32 37 44 15
	-> 1 2 3 4 10 11 15 C D 
Structure 745: 3 1 17 5 59 38 B 4 A 12 6 2 24
	-> 1 2 3 4 5 6 A 12 B 17 24 
Structure 746: 3 1 72 D 10 C 42 11 4 2 34 28 21 15
	-> 1 2 3 4 10 11 15 C D 21 
Structure 747: 3 1 17 5 46 47 40 10 C 11 4 2 41 126
	-> 1 2 3 4 5 10 11 C 17 
Structure 748: 3 1 17 5 69 40 10 C 11 4 2 41 15
	-> 1 2 3 4 5 10 11 15 C 17 
Structure 749: 3 1 29 5 20 23 30 22 39 B 4 A 50 6 2 24
	-> 1 2 3 4 5 6 A B 20 22 23 24 
Structure 750: 3 1 17 5 20 46 47 40 10 C 42 11 4 2 41 15
	-> 1 2 3 4 5 10 11 15 C 17 20 
Structure 751: 3 1 31 D 10 C 11 4 2 32 37 44 15
	-> 1 2 3 4 10 11 15 C D 
Structure 752: 3 1 17 5 20 23 35 22 B 4 7 12 6 2 24
	-> 1 2 3 4 5 6 12 B 17 20 22 23 24 
Structure 753: 3 1 17 5 20 23 35 22 B 36 26 27 A 12 6 2
	-> 1 2 3 5 6 A 12 B 17 20 22 23 
Structure 754: 3 1 25 D 10 C 11 4 2 32 28 21 15
	-> 1 2 3 4 10 11 15 C D 21 
Structure 755: 3 1 5 20 23 30 22 39 B 58 49 26 27 A 12 6 2
	-> 1 2 3 5 6 A 12 B 20 22 23 
Structure 756: 3 1 31 D 10 C 11 4 2 32 37 44 15
	-> 1 2 3 4 10 11 15 C D 
Structure 757: 3 1 25 D 10 C 11 4 2 32 37 21 15
	-> 1 2 3 4 10 11 15 C D 21 
Structure 758: 3 1 29 5 69 40 10 C 11 4 2 41 15
	-> 1 2 3 4 5 10 11 15 C 
Structure 759: 3 1 31 D 10 C 11 4 2 32 37 21 15
	-> 1 2 3 4 10 11 15 C D 21 
Structure 760: 3 1 139 77 33 25 D 10 C 11 4 2 56 21 15
	-> 1 2 3 4 10 11 15 C D 21 
Structure 761: 3 1 55 17 5 D 10 C 11 4 2 24 21 15
	-> 1 2 3 4 5 10 11 15 C 17 D 21 24 
Structure 762: 3 1 29 5 61 B 4 A 12 6 2 24
	-> 1 2 3 4 5 6 A 12 B 24 
Structure 763: 3 1 25 D 10 C 42 11 4 2 32 54 44 15
	-> 1 2 3 4 10 11 15 C D 
Structure 764: 3 1 29 5 100 107 89 60 49 26 27 A 12 6 2 21 15
	-> 1 2 3 5 6 A 12 15 21 
Structure 765: 1 29 5 20 23 35 22 B 4 A 50 12 6 111 24
	-> 1 4 5 6 A 12 B 20 22 23 24 
Structure 766: 1 29 5 20 23 30 22 43 B 36 26 27 A 12 6 2
	-> 1 2 5 6 A 12 B 20 22 23 
Structure 767: 3 1 29 17 5 20 23 30 22 B 4 A 12 6 2 24
	-> 1 2 3 4 5 6 A 12 B 17 20 22 23 24 
Structure 768: 3 1 17 5 20 23 30 92 75 B 36 26 27 A 12 6 2
	-> 1 2 3 5 6 A 12 B 17 20 23 
Structure 769: 3 1 25 D 10 C 11 4 2 32 54 21 15
	-> 1 2 3 4 10 11 15 C D 21 
Structure 770: 3 1 17 5 46 47 40 10 C 11 4 84 2 41 66 67
	-> 1 2 3 4 5 10 11 C 17 
Structure 771: 3 1 25 D 10 C 11 4 2 34 28 21 15
	-> 1 2 3 4 10 11 15 C D 21 
Structure 772: 3 1 17 5 20 23 30 22 B 4 A 12 6 2 24
	-> 1 2 3 4 5 6 A 12 B 17 20 22 23 24 
Structure 773: 3 1 45 33 31 D 10 C 11 4 2 56 21 15
	-> 1 2 3 4 10 11 15 C D 21 
Structure 774: 3 1 17 5 20 23 127 48 38 B 36 26 27 A 12 6 2
	-> 1 2 3 5 6 A 12 B 17 20 23 
Structure 775: 3 1 25 D 10 C 11 4 2 32 37 21 15
	-> 1 2 3 4 10 11 15 C D 21 
Structure 776: 3 1 17 5 20 23 35 22 53 B 4 A 12 6 2 24
	-> 1 2 3 4 5 6 A 12 B 17 20 22 23 24 
Structure 777: 3 1 17 5 20 23 35 22 57 B 4 A 12 6 2 24
	-> 1 2 3 4 5 6 A 12 B 17 20 22 23 24 
Structure 778: 3 1 45 33 25 D 52 10 C 11 4 2 76 15
	-> 1 2 3 4 10 11 15 C D 
Structure 779: 3 1 31 D 10 C 11 4 2 32 54 21 15
	-> 1 2 3 4 10 11 15 C D 21 
Structure 780: 3 1 45 33 25 D 10 64 11 4 65 28 21 15
	-> 1 3 4 10 11 15 D 21 
Structure 781: 1 17 5 20 23 35 22 39 B 36 26 27 A 12 6 2
	-> 1 2 5 6 A 12 B 17 20 22 23 
Structure 782: 3 1 33 31 D 10 C 42 11 4 2 34 28 21 15
	-> 1 2 3 4 10 11 15 C D 21 
Structure 783: 3 1 17 5 20 23 30 22 39 B 4 A 12 6 2 24
	-> 1 2 3 4 5 6 A 12 B 17 20 22 23 24 
Structure 784: 3 1 31 D 10 C 11 4 2 32 37 44 15
	-> 1 2 3 4 10 11 15 C D 
Structure 785: 3 1 29 5 20 23 30 22 38 B 4 A 12 6 2 24
	-> 1 2 3 4 5 6 A 12 B 20 22 23 24 
Structure 786: 3 1 33 31 D 10 C 11 4 2 34 28 21 15
	-> 1 2 3 4 10 11 15 C D 21 
Structure 787: 3 1 17 5 51 38 B 4 A 12 6 2 24
	-> 1 2 3 4 5 6 A 12 B 17 24 
Structure 788: 3 1 33 25 D 10 C 11 4 2 34 28 21 15
	-> 1 2 3 4 10 11 15 C D 21 
Structure 789: 1 29 17 5 20 23 92 57 B 4 A 12 6 2 24
	-> 1 2 4 5 6 A 12 B 17 20 23 24 
Structure 790: 3 1 5 51 38 B 36 26 27 A 12 6 2
	-> 1 2 3 5 6 A 12 B 
Structure 791: 3 1 45 33 31 D 52 10 103 14 11 4 2 28 21 15
	-> 1 2 3 4 10 11 15 D 21 
Structure 792: 3 1 29 17 5 20 23 30 22 B 4 A 12 6 2 219
	-> 1 2 3 4 5 6 A 12 B 17 20 22 23 
Structure 793: 3 1 33 31 D 10 C 11 4 2 34 56 21 15
	-> 1 2 3 4 10 11 15 C D 21 
Structure 794: 3 1 29 77 33 31 D 10 C 11 4 2 28 21 15
	-> 1 2 3 4 10 11 15 C D 21 
Structure 795: 3 1 17 5 20 23 35 22 53 B 36 26 27 A 80 12 6 2
	-> 1 2 3 5 6 A 12 B 17 20 22 23 
Structure 796: 3 1 17 5 104 127 48 38 B 36 26 27 A 12 6 2
	-> 1 2 3 5 6 A 12 B 17 
Structure 797: 3 1 17 5 46 47 40 10 C 11 4 2 41 68
	-> 1 2 3 4 5 10 11 C 17 
Structure 798: 1 78 72 D 10 C 42 11 4 2 34 28 21 15
	-> 1 2 4 10 11 15 C D 21 
Structure 799: 3 1 29 77 33 31 D 52 10 C 11 4 2 79 21 15
	-> 1 2 3 4 10 11 15 C D 21 
Structure 800: 3 1 17 5 46 47 40 10 C 11 4 2 41 95
	-> 1 2 3 4 5 10 11 C 17 
Structure 801: 3 1 17 5 20 23 30 22 43 B 4 A 12 6 2 24
	-> 1 2 3 4 5 6 A 12 B 17 20 22 23 24 
Structure 802: 3 1 17 5 20 23 30 22 B 63 26 27 A 12 6 2
	-> 1 2 3 5 6 A 12 B 17 20 22 23 
Structure 803: 3 1 29 5 43 B 4 A 12 6 2 24
	-> 1 2 3 4 5 6 A 12 B 24 
Structure 804: 3 1 29 5 51 88 B 4 A 12 6 2 24
	-> 1 2 3 4 5 6 A 12 B 24 
Structure 805: 3 1 29 45 33 25 D 10 C 11 4 2 28 21 15
	-> 1 2 3 4 10 11 15 C D 21 
Structure 806: 3 1 29 5 46 47 40 10 C 11 4 2 41 95
	-> 1 2 3 4 5 10 11 C 
Structure 807: 3 1 17 5 20 23 30 22 53 B 36 26 27 A 12 6 2
	-> 1 2 3 5 6 A 12 B 17 20 22 23 
Structure 808: 3 1 29 5 20 23 30 22 39 B 36 26 27 A 12 6 2
	-> 1 2 3 5 6 A 12 B 20 22 23 
Structure 809: 3 1 29 45 70 25 D 10 C 11 4 2 79 21 15
	-> 1 2 3 4 10 11 15 C D 21 
Structure 810: 3 1 29 45 33 25 D 10 C 11 4 6 2 28 21 15
	-> 1 2 3 4 6 10 11 15 C D 21 
Structure 811: 3 1 17 5 20 23 30 22 39 B 4 A 12 6 2 24
	-> 1 2 3 4 5 6 A 12 B 17 20 22 23 24 
Structure 812: 3 1 29 5 20 23 22 B 4 A 12 6 2 24
	-> 1 2 3 4 5 6 A 12 B 20 22 23 24 
Structure 813: 3 1 17 5 20 23 30 22 148 B 4 A 12 6 2 24
	-> 1 2 3 4 5 6 A 12 B 17 20 22 23 24 
Structure 814: 3 1 31 D 10 C 11 4 2 32 54 21 15
	-> 1 2 3 4 10 11 15 C D 21 
Structure 815: 3 1 78 72 D 10 C 11 4 2 34 28 21 15
	-> 1 2 3 4 10 11 15 C D 21 
Structure 816: 3 1 31 D 10 C 42 11 4 2 32 37 44 15
	-> 1 2 3 4 10 11 15 C D 
Structure 817: 1 29 5 20 23 30 22 39 B 4 A 12 6 2 24
	-> 1 2 4 5 6 A 12 B 20 22 23 24 
Structure 818: 3 1 25 D 10 C 42 11 4 2 32 54 21 15
	-> 1 2 3 4 10 11 15 C D 21 
Structure 819: 3 1 33 31 D 52 10 C 11 4 6 2 34 28 21 15
	-> 1 2 3 4 6 10 11 15 C D 21 
Structure 820: 3 1 33 25 D 10 C 11 4 2 34 28 21 15
	-> 1 2 3 4 10 11 15 C D 21 
Structure 821: 3 1 33 31 D 10 C 42 11 4 2 34 28 21 15
	-> 1 2 3 4 10 11 15 C D 21 
Structure 822: 3 1 17 5 20 23 30 22 B 4 A 12 6 2 24
	-> 1 2 3 4 5 6 A 12 B 17 20 22 23 24 
Structure 823: 112 1 33 25 18 10 C 11 4 2 34 28 21 15
	-> 1 2 4 10 11 15 C 21 
Structure 824: 3 1 17 5 40 10 C 11 4 2 41 21 15
	-> 1 2 3 4 5 10 11 15 C 17 21 
Structure 825: 3 1 25 D 10 71 11 4 2 32 37 44 15
	-> 1 2 3 4 10 11 15 D 
Structure 826: 3 1 31 D 10 C 11 4 2 32 56 21 15
	-> 1 2 3 4 10 11 15 C D 21 
Structure 827: 3 1 5 51 38 B 4 A 12 6 2 24
	-> 1 2 3 4 5 6 A 12 B 24 
Structure 828: 3 1 70 25 D 10 C 11 4 2 34 28 21 15
	-> 1 2 3 4 10 11 15 C D 21 
Structure 829: 3 1 17 5 20 23 35 22 43 B 36 26 27 A 12 6 2
	-> 1 2 3 5 6 A 12 B 17 20 22 23 
Structure 830: 3 1 33 25 D 10 C 11 4 2 34 28 21 15
	-> 1 2 3 4 10 11 15 C D 21 
Structure 831: 3 1 33 31 D 10 C 11 4 2 34 28 21 15
	-> 1 2 3 4 10 11 15 C D 21 
Structure 832: 3 1 29 45 33 31 D 10 C 11 4 2 56 21 15
	-> 1 2 3 4 10 11 15 C D 21 
Structure 833: 112 1 29 5 51 48 38 B 4 A 12 6 2 24
	-> 1 2 4 5 6 A 12 B 24 
Structure 834: 3 1 33 31 D 52 10 14 11 4 2 34 28 21 15
	-> 1 2 3 4 10 11 15 D 21 
Structure 835: 3 1 220 31 D 10 C 11 4 2 34 28 21 15
	-> 1 2 3 4 10 11 15 C D 21 
Structure 836: 3 1 17 5 142 221 116 117 222 74 B 36 26 27 A 12 6 2
	-> 1 2 3 5 6 A 12 B 17 
Structure 837: 3 1 25 D 10 C 11 4 84 2 32 37 44 15
	-> 1 2 3 4 10 11 15 C D 
Structure 838: 3 1 17 5 40 10 71 42 11 4 2 41 21 15
	-> 1 2 3 4 5 10 11 15 17 21 
Structure 839: 3 1 5 35 22 57 B 58 49 26 27 A 12 6 2
	-> 1 2 3 5 6 A 12 B 22 
Structure 840: 1 17 5 51 48 38 B 36 26 27 A 12 6 2
	-> 1 2 5 6 A 12 B 17 
Structure 841: 3 1 17 5 20 23 35 22 39 B 36 26 27 A 80 12 6 2
	-> 1 2 3 5 6 A 12 B 17 20 22 23 
Structure 842: 1 25 100 107 89 4 A 12 6 2 32 37 44 93
	-> 1 2 4 6 A 12 
Structure 843: 3 1 31 D 10 C 11 4 6 2 34 28 21 15
	-> 1 2 3 4 6 10 11 15 C D 21 
Structure 844: 1 17 5 46 47 40 10 C 42 11 4 2 41 66 67
	-> 1 2 4 5 10 11 C 17 
Structure 845: 3 1 33 25 D 10 C 11 4 2 34 28 21 15
	-> 1 2 3 4 10 11 15 C D 21 
Structure 846: 3 1 17 5 20 23 30 22 43 B 4 A 12 6 2 24
	-> 1 2 3 4 5 6 A 12 B 17 20 22 23 24 
Structure 847: 1 33 25 D 10 C 11 4 2 34 28 21 15
	-> 1 2 4 10 11 15 C D 21 
Structure 848: 3 1 17 5 20 23 30 22 B 83 26 27 A 12 6 2
	-> 1 2 3 5 6 A 12 B 17 20 22 23 
Structure 849: 3 1 33 25 D 10 C 42 11 4 2 34 28 21 15
	-> 1 2 3 4 10 11 15 C D 21 
Structure 850: 3 1 5 46 47 40 10 64 11 4 65 41 66
	-> 1 3 4 5 10 11 
Structure 851: 3 1 33 31 D 10 C 11 4 6 2 34 28 21 15
	-> 1 2 3 4 6 10 11 15 C D 21 
Structure 852: 3 1 17 5 20 23 35 22 B 4 A 12 6 2 24
	-> 1 2 3 4 5 6 A 12 B 17 20 22 23 24 
Structure 853: 3 1 29 5 20 23 35 22 39 B 4 A 12 6 2 24
	-> 1 2 3 4 5 6 A 12 B 20 22 23 24 
Structure 854: 3 1 55 17 5 20 59 48 38 B 36 26 27 A 12 6 2
	-> 1 2 3 5 6 A 12 B 17 20 
Structure 855: 3 1 70 25 D 10 103 64 11 4 65 34 28 21 15
	-> 1 3 4 10 11 15 D 21 
Structure 856: 3 1 29 17 5 20 23 30 22 53 B 58 49 26 27 A 12 6 62
	-> 1 3 5 6 A 12 B 17 20 22 23 
Structure 857: 3 1 29 17 5 20 23 30 22 38 B 36 26 27 A 12 6 2
	-> 1 2 3 5 6 A 12 B 17 20 22 23 
Structure 858: 3 1 25 D 10 C 11 4 6 2 32 56 21 15
	-> 1 2 3 4 6 10 11 15 C D 21 
Structure 859: 3 1 70 25 D 10 C 11 4 2 34 28 21 15
	-> 1 2 3 4 10 11 15 C D 21 
Structure 860: 3 1 25 D 10 C 11 4 2 32 37 21 15
	-> 1 2 3 4 10 11 15 C D 21 
Structure 861: 3 1 33 31 D 10 121 71 42 11 4 2 34 28 21 15
	-> 1 2 3 4 10 11 15 D 21 
Structure 862: 3 1 29 5 20 23 30 22 53 B 4 A 50 12 6 2 24
	-> 1 2 3 4 5 6 A 12 B 20 22 23 24 
Structure 863: 3 1 45 33 25 D 10 C 11 4 2 28 21 15
	-> 1 2 3 4 10 11 15 C D 21 
Structure 864: 3 1 25 D 10 C 11 4 2 32 37 21 15
	-> 1 2 3 4 10 11 15 C D 21 
Structure 865: 3 1 17 5 20 23 22 53 B 4 A 12 6 2 24
	-> 1 2 3 4 5 6 A 12 B 17 20 22 23 24 
Structure 866: 1 33 25 D 10 C 42 11 4 2 34 28 21 15
	-> 1 2 4 10 11 15 C D 21 
Structure 867: 3 1 72 D 52 10 C 11 4 2 32 37 44 15
	-> 1 2 3 4 10 11 15 C D 
Structure 868: 3 1 25 D 10 C 11 4 2 32 37 44 15
	-> 1 2 3 4 10 11 15 C D 
Structure 869: 3 1 29 77 33 25 D 10 C 11 4 6 2 28 21 15
	-> 1 2 3 4 6 10 11 15 C D 21 
Structure 870: 3 1 17 5 51 88 39 B 36 26 27 A 12 6 2
	-> 1 2 3 5 6 A 12 B 17 
Structure 871: 3 1 17 5 20 23 30 22 39 B 4 A 12 6 2 24
	-> 1 2 3 4 5 6 A 12 B 17 20 22 23 24 
Structure 872: 223 1 17 5 20 23 30 92 39 B 4 A 12 6 2 24
	-> 1 2 4 5 6 A 12 B 17 20 23 24 
Structure 873: 3 1 17 5 46 40 10 C 11 4 2 41 68
	-> 1 2 3 4 5 10 11 C 17 
Structure 874: 3 1 5 20 23 30 22 B 36 26 27 A 12 6 2
	-> 1 2 3 5 6 A 12 B 20 22 23 
Structure 875: 3 1 17 5 20 23 30 22 38 9 73 60 49 26 27 A 12 6 2
	-> 1 2 3 5 6 A 12 17 20 22 23 
Structure 876: 3 1 17 5 20 23 35 22 39 B 4 A 12 6 2 24
	-> 1 2 3 4 5 6 A 12 B 17 20 22 23 24 
Structure 877: 3 1 31 D 10 64 11 4 65 32 37 44 15
	-> 1 3 4 10 11 15 D 
Structure 878: 3 1 17 5 20 23 30 22 B 4 A 12 6 62 24
	-> 1 3 4 5 6 A 12 B 17 20 22 23 24 
Structure 879: 3 1 5 51 48 38 B 4 A 12 6 2 24
	-> 1 2 3 4 5 6 A 12 B 24 
Structure 880: 3 1 17 5 20 23 30 22 92 75 B 4 A 6 2 24
	-> 1 2 3 4 5 6 A B 17 20 22 23 24 
Structure 881: 3 1 17 5 46 47 40 10 71 11 4 2 41 68
	-> 1 2 3 4 5 10 11 17 
Structure 882: 3 1 45 33 25 D 10 C 11 4 2 28 21 15
	-> 1 2 3 4 10 11 15 C D 21 
Structure 883: 112 1 29 5 69 40 10 C 11 4 2 41 15
	-> 1 2 4 5 10 11 15 C 
Structure 884: 3 1 17 5 20 23 30 22 39 B 4 A 12 6 2 24
	-> 1 2 3 4 5 6 A 12 B 17 20 22 23 24 
Structure 885: 3 1 31 D 10 C 11 4 2 32 37 44 15
	-> 1 2 3 4 10 11 15 C D 
Structure 886: 3 1 33 31 D 52 10 C 11 4 2 34 28 21 15
	-> 1 2 3 4 10 11 15 C D 21 
Structure 887: 3 1 17 5 51 B 4 A 12 6 2 24
	-> 1 2 3 4 5 6 A 12 B 17 24 
Structure 888: 3 1 33 31 D 52 10 C 11 4 2 34 37 44 93
	-> 1 2 3 4 10 11 C D 
Structure 889: 3 1 17 5 35 22 38 B 36 26 27 A 12 6 2
	-> 1 2 3 5 6 A 12 B 17 22 
Structure 890: 3 1 17 5 20 23 35 22 39 B 4 A 12 6 2 24
	-> 1 2 3 4 5 6 A 12 B 17 20 22 23 24 
Structure 891: 3 1 17 5 20 23 30 22 B 36 26 27 A 12 6 2
	-> 1 2 3 5 6 A 12 B 17 20 22 23 
Structure 892: 3 1 25 D 10 125 C 11 4 2 32 37 44 15
	-> 1 2 3 4 10 11 15 C D 
Structure 893: 3 1 33 31 D 10 C 11 4 2 34 28 21 15
	-> 1 2 3 4 10 11 15 C D 21 
Structure 894: 3 1 17 5 20 23 22 B 36 26 27 A 12 6 2
	-> 1 2 3 5 6 A 12 B 17 20 22 23 
Structure 895: 3 1 17 5 43 B 4 A 12 6 2 24
	-> 1 2 3 4 5 6 A 12 B 17 24 
Structure 896: 3 1 31 D 52 10 C 11 4 2 32 37 21 15
	-> 1 2 3 4 10 11 15 C D 21 
Structure 897: 3 1 33 25 D 10 C 11 4 2 34 28 21 15
	-> 1 2 3 4 10 11 15 C D 21 
Structure 898: 3 1 17 5 46 47 40 10 C 11 4 2 41 68
	-> 1 2 3 4 5 10 11 C 17 
Structure 899: 1 17 5 20 23 35 22 9 73 60 63 26 27 A 6 2
	-> 1 2 5 6 A 17 20 22 23 
Structure 900: 3 1 29 87 94 51 B 4 A 12 6 2 24 149
	-> 1 2 3 4 6 A 12 B 24 
Structure 901: 3 1 29 5 20 23 30 22 39 B 4 A 12 6 2 24
	-> 1 2 3 4 5 6 A 12 B 20 22 23 24 
Structure 902: 3 1 17 5 51 48 38 B 26 27 A 12 6 2
	-> 1 2 3 5 6 A 12 B 17 
Structure 903: 3 1 17 5 20 23 30 22 B 58 49 26 27 A 12 6 2
	-> 1 2 3 5 6 A 12 B 17 20 22 23 
Structure 904: 3 1 29 5 20 23 30 22 39 B 4 A 12 6 62 24
	-> 1 3 4 5 6 A 12 B 20 22 23 24 
Structure 905: 3 1 17 5 20 23 35 22 53 9 73 60 49 26 27 A 12 6 2
	-> 1 2 3 5 6 A 12 17 20 22 23 
Structure 906: 3 1 17 5 46 47 40 10 C 11 4 2 41 224
	-> 1 2 3 4 5 10 11 C 17 
Structure 907: 3 1 17 5 20 23 30 22 39 B 4 7 50 12 6 2 24
	-> 1 2 3 4 5 6 12 B 17 20 22 23 24 
Structure 908: 3 1 70 25 D 10 C 11 4 2 34 28 21 15
	-> 1 2 3 4 10 11 15 C D 21 
Structure 909: 3 1 31 D 10 C 42 11 4 2 32 37 44 15
	-> 1 2 3 4 10 11 15 C D 
Structure 910: 3 1 31 D 10 C 11 4 2 32 28 21 15
	-> 1 2 3 4 10 11 15 C D 21 
Structure 911: 1 17 5 20 23 35 22 75 B 4 A 12 6 2 24
	-> 1 2 4 5 6 A 12 B 17 20 22 23 24 
Structure 912: 3 1 25 D 10 C 11 4 2 32 54 21 15
	-> 1 2 3 4 10 11 15 C D 21 
Structure 913: 3 1 25 D 52 10 C 11 4 2 32 37 21 15
	-> 1 2 3 4 10 11 15 C D 21 
Structure 914: 3 1 17 5 20 23 35 22 39 B 4 A 12 6 2 24
	-> 1 2 3 4 5 6 A 12 B 17 20 22 23 24 
Structure 915: 3 1 33 31 D 10 C 11 4 6 2 34 28 21 15
	-> 1 2 3 4 6 10 11 15 C D 21 
Structure 916: 91 105 87 122 94 51 B 4 A 50 12 6 2 24 115 82
	-> 2 4 6 A 12 B 24 
Structure 917: 3 1 25 D 10 C 11 4 2 32 37 21 15
	-> 1 2 3 4 10 11 15 C D 21 
Structure 918: 1 17 5 59 48 38 B 4 A 12 6 2 24
	-> 1 2 4 5 6 A 12 B 17 24 
Structure 919: 3 1 29 17 5 43 9 73 225 58 49 26 27 A 12 6 2
	-> 1 2 3 5 6 A 12 17 
Structure 920: 3 1 55 17 5 20 23 35 22 43 B 4 A 12 6 2 24
	-> 1 2 3 4 5 6 A 12 B 17 20 22 23 24 
Structure 921: 3 1 17 5 20 23 35 22 B 4 A 80 12 6 2 24
	-> 1 2 3 4 5 6 A 12 B 17 20 22 23 24 
Structure 922: 3 1 31 D 10 C 11 4 2 32 37 21 15
	-> 1 2 3 4 10 11 15 C D 21 
Structure 923: 3 1 25 D 10 64 11 4 65 32 37 44 15
	-> 1 3 4 10 11 15 D 
Structure 924: 3 1 29 5 46 47 40 10 64 11 4 65 41 66 67
	-> 1 3 4 5 10 11 
Structure 925: 3 1 29 17 5 98 48 38 B 4 A 12 6 2 24
	-> 1 2 3 4 5 6 A 12 B 17 24 
Structure 926: 3 1 17 5 43 B 4 A 12 6 2 24
	-> 1 2 3 4 5 6 A 12 B 17 24 
Structure 927: 1 31 D 10 C 11 4 2 34 28 21 15
	-> 1 2 4 10 11 15 C D 21 
Structure 928: 3 1 45 33 25 D 10 C 11 4 2 76 66 67
	-> 1 2 3 4 10 11 C D 
Structure 929: 3 1 17 5 20 23 30 22 39 B 58 49 26 27 A 50 12 6 62
	-> 1 3 5 6 A 12 B 17 20 22 23 
Structure 930: 3 1 17 5 20 23 30 22 57 B 4 A 12 6 2 24
	-> 1 2 3 4 5 6 A 12 B 17 20 22 23 24 
Structure 931: 3 1 29 5 20 23 35 22 53 B 36 26 27 A 6 2
	-> 1 2 3 5 6 A B 20 22 23 
Structure 932: 3 1 29 45 33 31 D 10 C 11 4 2 28 21 15
	-> 1 2 3 4 10 11 15 C D 21 
Structure 933: 3 1 17 5 69 40 10 C 11 4 2 41 15
	-> 1 2 3 4 5 10 11 15 C 17 
Structure 934: 3 1 17 5 86 48 38 B 4 A 12 6 2 24
	-> 1 2 3 4 5 6 A 12 B 17 24 
Structure 935: 3 1 29 17 5 20 23 35 22 B 4 A 12 6 2 24
	-> 1 2 3 4 5 6 A 12 B 17 20 22 23 24 
Structure 936: 226 3 1 33 31 D 10 C 42 11 4 84 2 34 28 21 15
	-> 1 2 3 4 10 11 15 C D 21 
Structure 937: 3 1 17 5 46 47 40 10 C 11 4 2 41 126
	-> 1 2 3 4 5 10 11 C 17 
Structure 938: 3 1 25 D 10 C 42 11 4 2 32 37 21 15
	-> 1 2 3 4 10 11 15 C D 21 
Structure 939: 3 1 17 5 20 59 88 B 36 26 27 A 12 6 2
	-> 1 2 3 5 6 A 12 B 17 20 
Structure 940: 1 17 5 102 38 B 4 A 12 6 2 24
	-> 1 2 4 5 6 A 12 B 17 24 
Structure 941: 1 29 45 33 25 D 10 64 11 4 65 56 15
	-> 1 4 10 11 15 D 
Structure 942: 3 1 29 5 20 23 35 22 75 B 4 A 12 6 2 24
	-> 1 2 3 4 5 6 A 12 B 20 22 23 24 
Structure 943: 3 1 17 5 46 47 40 10 103 64 11 4 65 41 68
	-> 1 3 4 5 10 11 17 
Structure 944: 3 1 29 5 40 10 64 11 4 65 41 21 15
	-> 1 3 4 5 10 11 15 21 
Structure 945: 3 1 17 5 20 23 30 22 B 4 A 12 6 2 24
	-> 1 2 3 4 5 6 A 12 B 17 20 22 23 24 
Structure 946: 3 1 17 5 46 47 40 10 C 11 4 153 2 41 66
	-> 1 2 3 4 5 10 11 C 17 
Structure 947: 3 1 17 5 20 35 22 43 B 63 26 27 A 12 6 2
	-> 1 2 3 5 6 A 12 B 17 20 22 
Structure 948: 3 1 17 5 20 23 30 22 39 B 36 26 27 A 12 6 2
	-> 1 2 3 5 6 A 12 B 17 20 22 23 
Structure 949: 3 1 17 5 46 47 40 10 C 11 4 2 41 66 67
	-> 1 2 3 4 5 10 11 C 17 
Structure 950: 3 1 17 5 20 48 38 B 49 26 27 A 12 6 2
	-> 1 2 3 5 6 A 12 B 17 20 
Structure 951: 3 1 29 17 5 20 23 48 38 B 4 A 12 6 2 24
	-> 1 2 3 4 5 6 A 12 B 17 20 23 24 
Structure 952: 3 1 17 5 20 23 35 22 39 B 83 26 27 A 50 12 6 2
	-> 1 2 3 5 6 A 12 B 17 20 22 23 
Structure 953: 3 1 17 5 20 23 35 22 39 B 36 26 27 A 12 6 2
	-> 1 2 3 5 6 A 12 B 17 20 22 23 
Structure 954: 3 1 25 D 10 64 11 4 65 32 37 21 15
	-> 1 3 4 10 11 15 D 21 
Structure 955: 3 1 17 5 35 22 53 B 36 26 27 A 12 6 62
	-> 1 3 5 6 A 12 B 17 22 
Structure 956: 3 1 17 5 104 127 48 38 B 36 26 27 A 12 6 2
	-> 1 2 3 5 6 A 12 B 17 
Structure 957: 3 1 77 33 31 D 10 C 11 4 2 56 21 15
	-> 1 2 3 4 10 11 15 C D 21 
Structure 958: 3 1 78 31 D 10 C 11 4 2 34 28 21 15
	-> 1 2 3 4 10 11 15 C D 21 
Structure 959: 3 1 17 5 20 23 35 22 43 B 4 A 12 6 2 24
	-> 1 2 3 4 5 6 A 12 B 17 20 22 23 24 
Structure 960: 3 1 31 D 10 C 11 4 2 32 37 44 15
	-> 1 2 3 4 10 11 15 C D 
Structure 961: 3 1 29 5 35 22 39 B 4 A 12 6 2 24
	-> 1 2 3 4 5 6 A 12 B 22 24 
Structure 962: 3 1 17 5 20 23 35 22 39 B 36 26 27 A 12 6 2
	-> 1 2 3 5 6 A 12 B 17 20 22 23 
Structure 963: 3 1 5 20 23 35 74 88 39 B 4 A 12 6 2 24
	-> 1 2 3 4 5 6 A 12 B 20 23 24 
Structure 964: 3 1 29 5 51 48 38 B 36 26 27 A 12 6 2
	-> 1 2 3 5 6 A 12 B 
Structure 965: 3 1 5 20 23 30 22 43 B 4 A 12 6 2 24
	-> 1 2 3 4 5 6 A 12 B 20 22 23 24 
Structure 966: 3 1 25 D 10 C 11 4 2 32 28 21 15
	-> 1 2 3 4 10 11 15 C D 21 
Structure 967: 3 1 17 5 20 23 22 39 B 4 A 12 6 2 24
	-> 1 2 3 4 5 6 A 12 B 17 20 22 23 24 
Structure 968: 3 1 17 5 20 23 35 22 39 B 4 A 12 6 2 24
	-> 1 2 3 4 5 6 A 12 B 17 20 22 23 24 
Structure 969: 3 1 17 5 59 48 38 B 36 26 27 A 12 6 2
	-> 1 2 3 5 6 A 12 B 17 
Structure 970: 3 1 29 5 46 47 40 10 C 11 4 2 41 67
	-> 1 2 3 4 5 10 11 C 
Structure 971: 3 1 29 17 5 20 23 35 22 57 B 4 A 80 12 6 2 24
	-> 1 2 3 4 5 6 A 12 B 17 20 22 23 24 
Structure 972: 3 1 33 31 D 10 C 42 11 4 2 34 79 21 15
	-> 1 2 3 4 10 11 15 C D 21 
Structure 973: 3 1 33 25 D 10 C 11 4 2 34 28 21 15
	-> 1 2 3 4 10 11 15 C D 21 
Structure 974: 3 1 31 D 10 C 11 4 2 32 37 44 15
	-> 1 2 3 4 10 11 15 C D 
Structure 975: 3 1 29 78 72 D 10 C 11 4 2 34 28 21 15
	-> 1 2 3 4 10 11 15 C D 21 
Structure 976: 3 1 25 D 52 10 C 11 4 2 32 37 21 15
	-> 1 2 3 4 10 11 15 C D 21 
Structure 977: 1 31 D 10 C 42 11 4 2 34 28 21 15
	-> 1 2 4 10 11 15 C D 21 
Structure 978: 3 1 25 D 10 C 11 4 153 2 34 28 21 15
	-> 1 2 3 4 10 11 15 C D 21 
Structure 979: 1 55 17 5 20 23 35 22 B 49 26 27 A 12 6 2
	-> 1 2 5 6 A 12 B 17 20 22 23 
Structure 980: 3 1 55 29 5 51 9 73 60 49 26 27 A 12 6 2
	-> 1 2 3 5 6 A 12 
Structure 981: 1 55 29 5 40 10 C 11 4 6 2 41 15
	-> 1 2 4 5 6 10 11 15 C 
Structure 982: 3 1 17 5 20 23 30 22 B 4 A 12 6 2 24
	-> 1 2 3 4 5 6 A 12 B 17 20 22 23 24 
Structure 983: 3 1 17 5 20 23 35 22 43 B 4 A 12 6 2 24
	-> 1 2 3 4 5 6 A 12 B 17 20 22 23 24 
Structure 984: 3 1 33 31 D 10 C 42 11 4 84 2 34 28 21 15
	-> 1 2 3 4 10 11 15 C D 21 
Structure 985: 3 1 31 D 10 125 C 11 4 2 32 54 21 15
	-> 1 2 3 4 10 11 15 C D 21 
Structure 986: 3 1 33 31 D 10 C 11 4 2 34 28 21 15
	-> 1 2 3 4 10 11 15 C D 21 
Structure 987: 3 1 17 5 20 23 35 22 53 B 4 A 12 6 2 24
	-> 1 2 3 4 5 6 A 12 B 17 20 22 23 24 
Structure 988: 3 1 33 25 18 10 C 42 11 4 2 34 28 21 15
	-> 1 2 3 4 10 11 15 C 21 
Structure 989: 3 1 17 5 20 23 35 22 9 73 60 63 26 27 A 12 6 111
	-> 1 3 5 6 A 12 17 20 22 23 
Structure 990: 3 1 17 5 20 23 22 39 B 49 26 27 A 50 12 6 2
	-> 1 2 3 5 6 A 12 B 17 20 22 23 
Structure 991: 3 1 17 5 43 B 4 A 12 6 2 24
	-> 1 2 3 4 5 6 A 12 B 17 24 
Structure 992: 3 1 29 17 5 51 38 B 36 26 27 A 80 12 6 2
	-> 1 2 3 5 6 A 12 B 17 
Structure 993: 3 1 29 5 140 141 74 B 63 26 27 A 12 6 2
	-> 1 2 3 5 6 A 12 B 
Structure 994: 3 1 55 17 5 20 23 30 22 B 4 A 12 6 2 24
	-> 1 2 3 4 5 6 A 12 B 17 20 22 23 24 
Structure 995: 3 1 17 5 20 23 30 22 39 B 4 A 12 6 2 24
	-> 1 2 3 4 5 6 A 12 B 17 20 22 23 24 
Structure 996: 3 1 25 D 10 C 11 4 2 34 28 21 15
	-> 1 2 3 4 10 11 15 C D 21 
Structure 997: 3 1 29 5 20 23 30 22 43 B 4 A 12 6 2 24
	-> 1 2 3 4 5 6 A 12 B 20 22 23 24 
Structure 998: 3 1 29 17 5 100 107 89 60 49 26 27 A 12 6 2 21 15
	-> 1 2 3 5 6 A 12 15 17 21 
Structure 999: 3 1 17 5 20 23 30 22 57 B 4 A 50 6 2 24
	-> 1 2 3 4 5 6 A B 17 20 22 23 24 
Structure 1000: 3 1 17 5 20 23 30 22 B 4 A 12 6 2 24
	-> 1 2 3 4 5 6 A 12 B 17 20 22 23 24 
