Processing /home/hwilco/Documents/RNA Research/RNAStructProfiling-master/output/training/ykoK/Lactobacillus_gasser.2_sfold/input/Lactobacillus_gasser.2_sfold.out
Structure 1: 12 16 7 8 1 9 14 4 6 3 2 5 
	-> 1 2 3 4 5 6 7 8 9 12 14 16 
Structure 2: 10 7 8 1 11 9 4 22 6 3 2 5 
	-> 1 2 3 4 5 6 7 8 9 10 11 
Structure 3: 12 16 7 8 1 11 18 14 4 6 3 2 5 
	-> 1 2 3 4 5 6 7 8 11 12 14 16 18 
Structure 4: 15 10 7 8 1 11 18 4 6 3 2 5 
	-> 1 2 3 4 5 6 7 8 10 11 15 18 
Structure 5: 10 7 8 1 11 19 9 4 6 3 2 5 
	-> 1 2 3 4 5 6 7 8 9 10 11 
Structure 6: 10 7 8 1 9 14 4 6 3 2 5 
	-> 1 2 3 4 5 6 7 8 9 10 14 
Structure 7: 15 24 10 7 8 1 9 4 6 3 2 5 
	-> 1 2 3 4 5 6 7 8 9 10 15 
Structure 8: 10 7 8 1 9 14 4 6 3 2 5 
	-> 1 2 3 4 5 6 7 8 9 10 14 
Structure 9: 84 51 52 53 85 37 6 3 2 54 55 
	-> 2 3 6 
Structure 10: 10 7 8 1 11 29 9 61 4 6 3 2 5 
	-> 1 2 3 4 5 6 7 8 9 10 11 
Structure 11: 10 7 8 1 11 18 4 6 3 2 5 
	-> 1 2 3 4 5 6 7 8 10 11 18 
Structure 12: 86 20 8 1 11 9 4 6 3 2 5 
	-> 1 2 3 4 5 6 8 9 11 
Structure 13: 15 24 10 7 1 18 14 4 6 3 2 5 
	-> 1 2 3 4 5 6 7 10 14 15 18 
Structure 14: 10 7 8 1 19 18 4 6 3 2 5 
	-> 1 2 3 4 5 6 7 8 10 18 
Structure 15: 17 12 10 7 8 1 11 9 25 4 6 3 2 5 
	-> 1 2 3 4 5 6 7 8 9 10 11 12 17 
Structure 16: 10 7 8 1 9 14 4 22 6 3 2 5 
	-> 1 2 3 4 5 6 7 8 9 10 14 
Structure 17: 10 7 8 1 9 13 4 21 28 3 2 5 
	-> 1 2 3 4 5 7 8 9 10 13 
Structure 18: 10 7 39 1 11 9 13 4 6 3 2 5 
	-> 1 2 3 4 5 6 7 9 10 11 13 
Structure 19: 7 39 1 11 9 13 4 6 3 2 5 87 
	-> 1 2 3 4 5 6 7 9 11 13 
Structure 20: 88 89 90 91 92 47 62 48 3 2 93 94 95 
	-> 2 3 
Structure 21: 17 12 16 20 32 8 1 9 4 6 3 2 5 
	-> 1 2 3 4 5 6 8 9 12 16 17 
Structure 22: 15 10 7 8 1 40 9 4 6 3 2 5 
	-> 1 2 3 4 5 6 7 8 9 10 15 
Structure 23: 12 10 7 8 1 11 9 14 4 22 6 3 2 5 
	-> 1 2 3 4 5 6 7 8 9 10 11 12 14 
Structure 24: 17 12 10 20 8 1 11 9 4 6 3 2 5 70 
	-> 1 2 3 4 5 6 8 9 10 11 12 17 
Structure 25: 10 20 8 23 1 11 9 4 22 6 3 2 5 
	-> 1 2 3 4 5 6 8 9 10 11 
Structure 26: 10 7 8 1 9 13 4 6 3 2 5 
	-> 1 2 3 4 5 6 7 8 9 10 13 
Structure 27: 10 7 8 1 11 9 4 6 3 2 5 
	-> 1 2 3 4 5 6 7 8 9 10 11 
Structure 28: 10 7 8 1 9 4 22 6 3 2 5 
	-> 1 2 3 4 5 6 7 8 9 10 
Structure 29: 15 24 10 7 8 1 9 4 22 6 3 2 5 63 
	-> 1 2 3 4 5 6 7 8 9 10 15 
Structure 30: 10 7 8 27 1 11 9 4 6 3 2 5 
	-> 1 2 3 4 5 6 7 8 9 10 11 
Structure 31: 15 24 10 7 8 1 18 4 6 3 2 45 5 
	-> 1 2 3 4 5 6 7 8 10 15 18 
Structure 32: 10 7 8 1 9 13 4 6 3 2 5 
	-> 1 2 3 4 5 6 7 8 9 10 13 
Structure 33: 56 10 7 8 1 18 4 6 3 2 5 
	-> 1 2 3 4 5 6 7 8 10 18 
Structure 34: 10 7 8 1 11 18 4 6 3 2 5 
	-> 1 2 3 4 5 6 7 8 10 11 18 
Structure 35: 15 10 7 8 1 11 9 13 4 6 3 2 5 
	-> 1 2 3 4 5 6 7 8 9 10 11 13 15 
Structure 36: 15 10 7 8 1 18 4 6 3 2 5 
	-> 1 2 3 4 5 6 7 8 10 15 18 
Structure 37: 10 7 8 1 11 29 9 13 4 21 28 3 2 5 
	-> 1 2 3 4 5 7 8 9 10 11 13 
Structure 38: 10 7 8 1 9 13 4 6 3 2 5 
	-> 1 2 3 4 5 6 7 8 9 10 13 
Structure 39: 10 20 8 1 9 30 14 4 6 3 2 5 
	-> 1 2 3 4 5 6 8 9 10 14 
Structure 40: 12 16 7 36 23 1 29 9 4 6 3 2 5 
	-> 1 2 3 4 5 6 7 9 12 16 
Structure 41: 16 7 8 1 11 9 25 4 6 3 2 5 
	-> 1 2 3 4 5 6 7 8 9 11 16 
Structure 42: 15 24 42 10 7 8 1 11 9 13 4 6 3 2 5 
	-> 1 2 3 4 5 6 7 8 9 10 11 13 15 
Structure 43: 71 12 10 7 39 1 40 9 4 6 3 2 5 
	-> 1 2 3 4 5 6 7 9 10 12 
Structure 44: 10 20 8 1 11 19 9 13 4 6 3 2 5 
	-> 1 2 3 4 5 6 8 9 10 11 13 
Structure 45: 12 7 8 1 11 18 14 4 22 6 3 2 5 
	-> 1 2 3 4 5 6 7 8 11 12 14 18 
Structure 46: 72 20 8 27 1 9 14 4 6 3 2 5 
	-> 1 2 3 4 5 6 8 9 14 
Structure 47: 10 7 8 1 11 9 14 4 21 26 3 2 5 
	-> 1 2 3 4 5 7 8 9 10 11 14 
Structure 48: 43 10 7 8 1 11 29 9 4 6 3 2 5 
	-> 1 2 3 4 5 6 7 8 9 10 11 
Structure 49: 10 7 8 1 11 9 4 6 3 2 5 
	-> 1 2 3 4 5 6 7 8 9 10 11 
Structure 50: 10 7 32 8 1 11 9 13 14 4 6 3 2 5 
	-> 1 2 3 4 5 6 7 8 9 10 11 13 14 
Structure 51: 10 7 8 1 11 9 30 4 6 3 2 5 
	-> 1 2 3 4 5 6 7 8 9 10 11 
Structure 52: 15 24 10 7 8 1 9 4 21 3 2 5 
	-> 1 2 3 4 5 7 8 9 10 15 
Structure 53: 15 10 7 8 27 1 9 14 4 6 3 2 5 
	-> 1 2 3 4 5 6 7 8 9 10 14 15 
Structure 54: 12 16 7 8 1 9 4 6 26 3 2 5 
	-> 1 2 3 4 5 6 7 8 9 12 16 
Structure 55: 10 7 8 1 11 18 14 4 6 3 2 5 
	-> 1 2 3 4 5 6 7 8 10 11 14 18 
Structure 56: 10 7 8 1 11 9 35 4 6 3 2 5 
	-> 1 2 3 4 5 6 7 8 9 10 11 
Structure 57: 15 24 10 7 23 1 29 9 13 4 6 26 3 2 5 
	-> 1 2 3 4 5 6 7 9 10 13 15 
Structure 58: 10 7 8 1 11 19 9 4 22 6 3 2 5 
	-> 1 2 3 4 5 6 7 8 9 10 11 
Structure 59: 38 10 7 8 27 1 9 30 13 4 6 3 2 5 
	-> 1 2 3 4 5 6 7 8 9 10 13 
Structure 60: 10 7 8 1 11 18 4 6 49 64 5 
	-> 1 4 5 6 7 8 10 11 18 
Structure 61: 10 20 8 1 11 9 4 6 34 3 2 5 
	-> 1 2 3 4 5 6 8 9 10 11 
Structure 62: 10 7 8 1 9 13 4 21 6 3 2 5 
	-> 1 2 3 4 5 6 7 8 9 10 13 
Structure 63: 10 7 23 1 11 9 4 6 3 2 5 
	-> 1 2 3 4 5 6 7 9 10 11 
Structure 64: 10 7 8 1 9 35 4 41 21 28 3 2 5 
	-> 1 2 3 4 5 7 8 9 10 
Structure 65: 12 10 20 8 1 9 30 14 4 22 6 3 2 5 
	-> 1 2 3 4 5 6 8 9 10 12 14 
Structure 66: 10 20 32 8 1 11 9 4 22 6 3 2 5 
	-> 1 2 3 4 5 6 8 9 10 11 
Structure 67: 10 7 8 1 11 9 4 6 26 3 2 5 
	-> 1 2 3 4 5 6 7 8 9 10 11 
Structure 68: 56 10 7 8 1 9 13 4 6 3 2 5 
	-> 1 2 3 4 5 6 7 8 9 10 13 
Structure 69: 10 7 8 1 11 19 9 4 6 26 2 5 
	-> 1 2 4 5 6 7 8 9 10 11 
Structure 70: 10 7 8 1 9 14 4 6 34 3 2 5 
	-> 1 2 3 4 5 6 7 8 9 10 14 
Structure 71: 10 7 8 1 9 4 6 3 2 5 
	-> 1 2 3 4 5 6 7 8 9 10 
Structure 72: 15 10 7 8 1 11 9 4 6 26 3 2 5 
	-> 1 2 3 4 5 6 7 8 9 10 11 15 
Structure 73: 10 7 8 1 11 9 4 6 3 2 5 
	-> 1 2 3 4 5 6 7 8 9 10 11 
Structure 74: 10 7 8 1 11 9 4 6 3 2 5 
	-> 1 2 3 4 5 6 7 8 9 10 11 
Structure 75: 10 7 8 1 11 9 4 41 6 3 2 5 
	-> 1 2 3 4 5 6 7 8 9 10 11 
Structure 76: 10 7 8 1 11 18 4 21 3 2 5 
	-> 1 2 3 4 5 7 8 10 11 18 
Structure 77: 12 10 7 8 1 11 18 4 6 3 2 5 
	-> 1 2 3 4 5 6 7 8 10 11 12 18 
Structure 78: 38 10 7 8 1 9 14 4 6 3 2 5 
	-> 1 2 3 4 5 6 7 8 9 10 14 
Structure 79: 57 20 32 8 1 11 29 9 4 6 3 2 5 
	-> 1 2 3 4 5 6 8 9 11 
Structure 80: 10 7 8 1 9 4 6 3 2 5 
	-> 1 2 3 4 5 6 7 8 9 10 
Structure 81: 10 7 8 1 9 25 4 6 3 2 5 
	-> 1 2 3 4 5 6 7 8 9 10 
Structure 82: 15 10 7 8 1 9 13 4 6 3 2 5 
	-> 1 2 3 4 5 6 7 8 9 10 13 15 
Structure 83: 10 7 8 1 9 4 6 3 2 5 
	-> 1 2 3 4 5 6 7 8 9 10 
Structure 84: 17 12 10 7 8 1 11 9 13 4 6 3 2 5 
	-> 1 2 3 4 5 6 7 8 9 10 11 12 13 17 
Structure 85: 10 7 8 1 18 4 6 3 2 5 
	-> 1 2 3 4 5 6 7 8 10 18 
Structure 86: 10 7 23 1 18 14 4 6 3 2 5 
	-> 1 2 3 4 5 6 7 10 14 18 
Structure 87: 65 51 52 53 37 6 3 2 96 97 54 55 
	-> 2 3 6 
Structure 88: 10 7 8 1 11 19 9 4 6 3 2 5 
	-> 1 2 3 4 5 6 7 8 9 10 11 
Structure 89: 12 16 7 8 1 11 18 14 4 6 3 2 5 
	-> 1 2 3 4 5 6 7 8 11 12 14 16 18 
Structure 90: 10 7 8 1 11 9 13 4 6 3 2 5 
	-> 1 2 3 4 5 6 7 8 9 10 11 13 
Structure 91: 10 7 8 1 11 9 13 4 6 26 3 2 5 
	-> 1 2 3 4 5 6 7 8 9 10 11 13 
Structure 92: 10 7 8 1 9 4 6 3 2 5 
	-> 1 2 3 4 5 6 7 8 9 10 
Structure 93: 15 24 10 7 8 1 11 9 14 4 6 3 2 5 
	-> 1 2 3 4 5 6 7 8 9 10 11 14 15 
Structure 94: 10 7 8 1 9 4 6 3 2 5 
	-> 1 2 3 4 5 6 7 8 9 10 
Structure 95: 12 10 7 8 1 11 29 9 13 4 22 6 3 2 5 
	-> 1 2 3 4 5 6 7 8 9 10 11 12 13 
Structure 96: 10 7 8 1 11 9 14 4 6 3 2 5 
	-> 1 2 3 4 5 6 7 8 9 10 11 14 
Structure 97: 10 7 8 1 11 19 9 13 4 6 3 2 5 
	-> 1 2 3 4 5 6 7 8 9 10 11 13 
Structure 98: 17 12 10 8 1 98 9 61 14 4 21 28 3 2 5 
	-> 1 2 3 4 5 8 9 10 12 14 17 
Structure 99: 16 7 8 1 9 13 4 6 3 2 5 
	-> 1 2 3 4 5 6 7 8 9 13 16 
Structure 100: 10 7 8 1 11 18 4 41 6 3 2 5 
	-> 1 2 3 4 5 6 7 8 10 11 18 
Structure 101: 99 65 51 52 53 37 6 3 2 100 101 54 55 
	-> 2 3 6 
Structure 102: 10 7 8 1 11 9 30 4 6 3 2 5 
	-> 1 2 3 4 5 6 7 8 9 10 11 
Structure 103: 20 8 1 9 4 6 3 2 5 
	-> 1 2 3 4 5 6 8 9 
Structure 104: 10 7 8 1 11 9 4 6 3 2 5 
	-> 1 2 3 4 5 6 7 8 9 10 11 
Structure 105: 10 7 8 1 19 9 4 6 34 3 2 5 
	-> 1 2 3 4 5 6 7 8 9 10 
Structure 106: 10 7 8 1 9 4 6 3 2 5 
	-> 1 2 3 4 5 6 7 8 9 10 
Structure 107: 10 7 8 1 11 9 4 6 3 2 5 
	-> 1 2 3 4 5 6 7 8 9 10 11 
Structure 108: 10 7 8 1 11 18 4 6 3 2 5 
	-> 1 2 3 4 5 6 7 8 10 11 18 
Structure 109: 10 7 8 1 9 4 6 3 2 5 
	-> 1 2 3 4 5 6 7 8 9 10 
Structure 110: 10 7 8 1 9 4 6 3 2 5 
	-> 1 2 3 4 5 6 7 8 9 10 
Structure 111: 10 7 8 1 9 14 4 6 3 2 5 
	-> 1 2 3 4 5 6 7 8 9 10 14 
Structure 112: 15 10 7 8 1 11 18 4 6 3 2 5 
	-> 1 2 3 4 5 6 7 8 10 11 15 18 
Structure 113: 12 16 7 8 1 9 4 22 6 3 2 5 
	-> 1 2 3 4 5 6 7 8 9 12 16 
Structure 114: 10 7 8 1 11 9 4 6 3 2 5 
	-> 1 2 3 4 5 6 7 8 9 10 11 
Structure 115: 10 7 23 1 11 18 4 6 3 2 5 
	-> 1 2 3 4 5 6 7 10 11 18 
Structure 116: 10 7 8 1 11 37 47 62 48 3 2 
	-> 1 2 3 7 8 10 11 
Structure 117: 10 20 8 1 19 9 14 4 6 3 2 31 
	-> 1 2 3 4 6 8 9 10 14 
Structure 118: 10 7 32 8 1 19 9 4 6 26 3 2 5 
	-> 1 2 3 4 5 6 7 8 9 10 
Structure 119: 10 7 8 1 11 9 13 4 6 3 2 5 
	-> 1 2 3 4 5 6 7 8 9 10 11 13 
Structure 120: 17 12 16 7 8 1 9 14 4 22 6 3 2 5 
	-> 1 2 3 4 5 6 7 8 9 12 14 16 17 
Structure 121: 10 7 8 1 11 19 9 4 6 3 2 5 
	-> 1 2 3 4 5 6 7 8 9 10 11 
Structure 122: 17 12 10 7 8 1 11 9 4 6 3 2 5 
	-> 1 2 3 4 5 6 7 8 9 10 11 12 17 
Structure 123: 10 7 8 27 1 11 9 4 6 3 2 5 
	-> 1 2 3 4 5 6 7 8 9 10 11 
Structure 124: 10 7 8 1 11 29 9 4 21 28 3 2 5 
	-> 1 2 3 4 5 7 8 9 10 11 
Structure 125: 57 43 10 7 8 1 11 19 9 14 4 6 3 2 5 
	-> 1 2 3 4 5 6 7 8 9 10 11 14 
Structure 126: 17 12 16 20 8 1 9 13 4 6 3 2 5 
	-> 1 2 3 4 5 6 8 9 12 13 16 17 
Structure 127: 10 20 8 1 9 4 6 3 2 5 
	-> 1 2 3 4 5 6 8 9 10 
Structure 128: 10 7 8 1 9 30 4 6 3 2 5 
	-> 1 2 3 4 5 6 7 8 9 10 
Structure 129: 10 7 8 1 11 9 4 6 3 2 5 
	-> 1 2 3 4 5 6 7 8 9 10 11 
Structure 130: 10 7 8 1 11 18 14 4 6 3 2 5 
	-> 1 2 3 4 5 6 7 8 10 11 14 18 
Structure 131: 38 10 7 8 1 19 9 4 6 26 3 2 5 
	-> 1 2 3 4 5 6 7 8 9 10 
Structure 132: 10 7 8 1 11 9 14 4 6 3 2 5 
	-> 1 2 3 4 5 6 7 8 9 10 11 14 
Structure 133: 12 10 7 1 9 4 6 3 2 5 
	-> 1 2 3 4 5 6 7 9 10 12 
Structure 134: 20 8 1 9 4 6 3 2 5 
	-> 1 2 3 4 5 6 8 9 
Structure 135: 10 7 1 9 4 21 6 3 2 5 
	-> 1 2 3 4 5 6 7 9 10 
Structure 136: 12 10 7 8 1 11 9 4 6 26 2 5 
	-> 1 2 4 5 6 7 8 9 10 11 12 
Structure 137: 17 12 16 7 8 1 9 13 4 6 3 2 5 
	-> 1 2 3 4 5 6 7 8 9 12 13 16 17 
Structure 138: 10 7 8 1 9 4 6 34 3 2 5 
	-> 1 2 3 4 5 6 7 8 9 10 
Structure 139: 12 10 7 8 1 9 13 4 6 3 2 5 
	-> 1 2 3 4 5 6 7 8 9 10 12 13 
Structure 140: 12 10 7 8 1 9 25 4 21 28 3 2 5 
	-> 1 2 3 4 5 7 8 9 10 12 
Structure 141: 57 10 7 8 1 11 9 13 4 6 3 2 5 
	-> 1 2 3 4 5 6 7 8 9 10 11 13 
Structure 142: 10 7 8 1 11 9 4 21 28 3 2 5 
	-> 1 2 3 4 5 7 8 9 10 11 
Structure 143: 10 7 8 1 9 4 6 3 2 5 
	-> 1 2 3 4 5 6 7 8 9 10 
Structure 144: 10 7 8 1 19 9 25 4 6 3 2 5 
	-> 1 2 3 4 5 6 7 8 9 10 
Structure 145: 10 7 8 1 9 13 4 21 28 3 2 5 
	-> 1 2 3 4 5 7 8 9 10 13 
Structure 146: 10 7 23 1 19 9 4 6 3 2 5 
	-> 1 2 3 4 5 6 7 9 10 
Structure 147: 17 12 16 7 8 1 9 13 14 4 6 3 2 73 
	-> 1 2 3 4 6 7 8 9 12 13 14 16 17 
Structure 148: 7 8 1 11 18 14 4 6 3 2 66 5 
	-> 1 2 3 4 5 6 7 8 11 14 18 
Structure 149: 17 12 16 7 8 27 1 9 4 21 28 3 2 5 
	-> 1 2 3 4 5 7 8 9 12 16 17 
Structure 150: 10 7 8 1 11 9 14 4 6 3 2 5 
	-> 1 2 3 4 5 6 7 8 9 10 11 14 
Structure 151: 15 10 7 8 1 11 9 4 22 6 3 2 5 
	-> 1 2 3 4 5 6 7 8 9 10 11 15 
Structure 152: 12 10 7 8 39 1 9 4 6 3 2 5 
	-> 1 2 3 4 5 6 7 8 9 10 12 
Structure 153: 15 10 7 8 1 11 9 4 6 3 2 5 
	-> 1 2 3 4 5 6 7 8 9 10 11 15 
Structure 154: 10 7 8 27 1 11 9 13 4 6 3 2 5 
	-> 1 2 3 4 5 6 7 8 9 10 11 13 
Structure 155: 38 10 7 8 1 11 9 4 6 3 2 5 
	-> 1 2 3 4 5 6 7 8 9 10 11 
Structure 156: 10 7 23 1 11 18 4 6 3 2 5 
	-> 1 2 3 4 5 6 7 10 11 18 
Structure 157: 15 16 20 8 1 9 4 6 3 2 5 
	-> 1 2 3 4 5 6 8 9 15 16 
Structure 158: 10 7 8 1 18 4 6 3 2 5 
	-> 1 2 3 4 5 6 7 8 10 18 
Structure 159: 10 7 8 1 11 9 13 4 21 28 3 2 5 
	-> 1 2 3 4 5 7 8 9 10 11 13 
Structure 160: 12 16 7 8 1 11 9 30 14 4 21 58 3 2 5 
	-> 1 2 3 4 5 7 8 9 11 12 14 16 
Structure 161: 10 7 36 23 1 11 9 4 6 3 2 5 
	-> 1 2 3 4 5 6 7 9 10 11 
Structure 162: 12 16 7 8 1 18 4 6 3 2 45 33 5 
	-> 1 2 3 4 5 6 7 8 12 16 18 
Structure 163: 10 7 8 1 11 9 4 6 3 2 5 
	-> 1 2 3 4 5 6 7 8 9 10 11 
Structure 164: 10 7 8 1 9 4 6 3 2 5 
	-> 1 2 3 4 5 6 7 8 9 10 
Structure 165: 17 12 10 7 8 27 1 11 9 4 6 3 2 5 
	-> 1 2 3 4 5 6 7 8 9 10 11 12 17 
Structure 166: 10 7 8 27 1 11 19 9 13 4 6 3 2 5 
	-> 1 2 3 4 5 6 7 8 9 10 11 13 
Structure 167: 10 7 8 1 9 13 14 4 6 3 2 5 
	-> 1 2 3 4 5 6 7 8 9 10 13 14 
Structure 168: 15 10 7 8 1 11 35 4 6 3 2 5 
	-> 1 2 3 4 5 6 7 8 10 11 15 
Structure 169: 12 10 7 8 1 9 14 4 6 3 2 5 
	-> 1 2 3 4 5 6 7 8 9 10 12 14 
Structure 170: 17 12 10 20 8 1 9 4 6 3 2 5 
	-> 1 2 3 4 5 6 8 9 10 12 17 
Structure 171: 10 7 8 1 11 9 4 6 3 2 5 
	-> 1 2 3 4 5 6 7 8 9 10 11 
Structure 172: 16 7 8 1 11 9 30 4 6 3 2 33 5 
	-> 1 2 3 4 5 6 7 8 9 11 16 
Structure 173: 12 10 7 1 19 9 4 6 3 2 5 
	-> 1 2 3 4 5 6 7 9 10 12 
Structure 174: 10 7 8 1 9 4 6 3 2 5 
	-> 1 2 3 4 5 6 7 8 9 10 
Structure 175: 10 7 8 1 11 9 4 6 3 2 5 
	-> 1 2 3 4 5 6 7 8 9 10 11 
Structure 176: 17 12 10 7 8 1 9 13 4 6 3 2 5 
	-> 1 2 3 4 5 6 7 8 9 10 12 13 17 
Structure 177: 10 7 8 1 18 4 6 3 2 5 
	-> 1 2 3 4 5 6 7 8 10 18 
Structure 178: 15 10 7 8 1 9 4 6 3 2 5 
	-> 1 2 3 4 5 6 7 8 9 10 15 
Structure 179: 10 7 8 1 9 4 6 3 2 5 
	-> 1 2 3 4 5 6 7 8 9 10 
Structure 180: 10 20 32 8 1 11 9 13 4 6 3 2 5 
	-> 1 2 3 4 5 6 8 9 10 11 13 
Structure 181: 10 7 8 1 9 13 4 6 3 2 5 
	-> 1 2 3 4 5 6 7 8 9 10 13 
Structure 182: 10 7 8 1 11 9 13 4 6 3 2 5 
	-> 1 2 3 4 5 6 7 8 9 10 11 13 
Structure 183: 43 10 7 8 1 11 9 13 4 6 3 2 31 
	-> 1 2 3 4 6 7 8 9 10 11 13 
Structure 184: 15 24 10 7 8 1 11 9 4 6 3 2 5 
	-> 1 2 3 4 5 6 7 8 9 10 11 15 
Structure 185: 12 10 7 8 1 11 9 25 4 21 28 3 2 5 
	-> 1 2 3 4 5 7 8 9 10 11 12 
Structure 186: 7 8 1 9 14 4 6 26 3 2 5 
	-> 1 2 3 4 5 6 7 8 9 14 
Structure 187: 12 10 7 8 1 19 9 4 6 3 2 5 
	-> 1 2 3 4 5 6 7 8 9 10 12 
Structure 188: 10 7 8 1 9 13 4 6 3 2 5 
	-> 1 2 3 4 5 6 7 8 9 10 13 
Structure 189: 10 7 8 1 9 13 4 6 49 31 
	-> 1 4 6 7 8 9 10 13 
Structure 190: 42 10 7 8 1 11 18 61 4 6 3 2 5 
	-> 1 2 3 4 5 6 7 8 10 11 18 
Structure 191: 10 7 8 1 11 9 25 4 6 3 2 5 
	-> 1 2 3 4 5 6 7 8 9 10 11 
Structure 192: 10 7 8 1 11 9 4 22 6 3 2 5 
	-> 1 2 3 4 5 6 7 8 9 10 11 
Structure 193: 10 7 8 1 18 4 22 6 3 2 5 
	-> 1 2 3 4 5 6 7 8 10 18 
Structure 194: 10 7 23 1 9 13 4 21 28 3 2 5 
	-> 1 2 3 4 5 7 9 10 13 
Structure 195: 16 7 8 1 9 4 6 3 2 5 
	-> 1 2 3 4 5 6 7 8 9 16 
Structure 196: 15 42 10 7 8 1 9 30 14 4 6 3 2 5 
	-> 1 2 3 4 5 6 7 8 9 10 14 15 
Structure 197: 10 7 8 1 11 9 4 22 6 26 2 5 
	-> 1 2 4 5 6 7 8 9 10 11 
Structure 198: 10 7 8 1 11 9 4 6 3 2 5 
	-> 1 2 3 4 5 6 7 8 9 10 11 
Structure 199: 12 10 7 8 1 9 14 4 6 3 2 5 
	-> 1 2 3 4 5 6 7 8 9 10 12 14 
Structure 200: 10 7 1 11 9 4 6 3 2 5 
	-> 1 2 3 4 5 6 7 9 10 11 
Structure 201: 10 7 8 1 50 18 4 6 3 2 5 
	-> 1 2 3 4 5 6 7 8 10 18 
Structure 202: 10 7 8 1 9 4 6 26 2 5 
	-> 1 2 4 5 6 7 8 9 10 
Structure 203: 12 10 7 8 1 9 13 4 21 6 3 2 5 
	-> 1 2 3 4 5 6 7 8 9 10 12 13 
Structure 204: 10 7 8 1 18 4 6 3 2 5 
	-> 1 2 3 4 5 6 7 8 10 18 
Structure 205: 15 10 7 8 1 11 9 4 6 3 2 5 
	-> 1 2 3 4 5 6 7 8 9 10 11 15 
Structure 206: 12 16 7 8 1 11 9 13 4 6 3 2 5 
	-> 1 2 3 4 5 6 7 8 9 11 12 13 16 
Structure 207: 12 16 7 8 1 11 18 14 4 6 3 2 5 
	-> 1 2 3 4 5 6 7 8 11 12 14 16 18 
Structure 208: 17 12 16 7 8 1 11 29 9 4 6 3 2 5 
	-> 1 2 3 4 5 6 7 8 9 11 12 16 17 
Structure 209: 10 7 1 11 9 4 21 3 2 5 
	-> 1 2 3 4 5 7 9 10 11 
Structure 210: 10 7 8 1 9 4 6 3 2 5 
	-> 1 2 3 4 5 6 7 8 9 10 
Structure 211: 12 16 20 8 1 102 9 25 4 6 3 2 5 
	-> 1 2 3 4 5 6 8 9 12 16 
Structure 212: 15 24 10 7 8 1 9 4 6 3 2 33 5 
	-> 1 2 3 4 5 6 7 8 9 10 15 
Structure 213: 15 10 7 8 27 1 9 4 6 3 2 5 
	-> 1 2 3 4 5 6 7 8 9 10 15 
Structure 214: 12 10 7 8 1 9 4 6 3 2 31 
	-> 1 2 3 4 6 7 8 9 10 12 
Structure 215: 17 12 16 7 8 1 11 19 9 4 22 6 3 2 5 
	-> 1 2 3 4 5 6 7 8 9 11 12 16 17 
Structure 216: 15 24 10 7 8 1 11 9 4 6 3 2 5 
	-> 1 2 3 4 5 6 7 8 9 10 11 15 
Structure 217: 12 7 8 1 11 9 14 4 21 6 3 2 5 
	-> 1 2 3 4 5 6 7 8 9 11 12 14 
Structure 218: 10 7 8 1 9 13 4 21 3 2 5 
	-> 1 2 3 4 5 7 8 9 10 13 
Structure 219: 17 12 10 7 23 1 29 9 25 4 6 26 3 2 5 
	-> 1 2 3 4 5 6 7 9 10 12 17 
Structure 220: 10 7 8 1 37 47 67 3 2 
	-> 1 2 3 7 8 10 
Structure 221: 10 7 8 27 1 11 9 13 4 6 3 2 103 
	-> 1 2 3 4 6 7 8 9 10 11 13 
Structure 222: 42 10 7 36 1 9 4 21 28 3 2 5 
	-> 1 2 3 4 5 7 9 10 
Structure 223: 12 10 20 8 1 11 9 4 6 3 2 5 
	-> 1 2 3 4 5 6 8 9 10 11 12 
Structure 224: 17 12 10 7 8 1 9 4 6 3 2 5 
	-> 1 2 3 4 5 6 7 8 9 10 12 17 
Structure 225: 10 7 8 1 11 9 35 4 21 6 3 2 5 
	-> 1 2 3 4 5 6 7 8 9 10 11 
Structure 226: 10 7 23 1 11 9 13 4 6 3 2 5 
	-> 1 2 3 4 5 6 7 9 10 11 13 
Structure 227: 68 10 7 8 1 11 9 13 4 6 3 2 5 
	-> 1 2 3 4 5 6 7 8 9 10 11 13 
Structure 228: 20 8 1 11 9 14 4 6 26 2 5 
	-> 1 2 4 5 6 8 9 11 14 
Structure 229: 20 8 1 9 4 21 28 3 2 5 
	-> 1 2 3 4 5 8 9 
Structure 230: 15 10 7 8 27 1 9 14 4 41 6 3 2 5 
	-> 1 2 3 4 5 6 7 8 9 10 14 15 
Structure 231: 10 7 8 1 9 4 6 3 2 5 
	-> 1 2 3 4 5 6 7 8 9 10 
Structure 232: 10 7 23 1 11 9 4 6 3 2 5 
	-> 1 2 3 4 5 6 7 9 10 11 
Structure 233: 17 12 10 7 8 1 9 4 6 3 2 5 
	-> 1 2 3 4 5 6 7 8 9 10 12 17 
Structure 234: 17 12 16 7 8 1 9 14 4 6 3 2 5 
	-> 1 2 3 4 5 6 7 8 9 12 14 16 17 
Structure 235: 20 8 1 9 13 14 4 6 3 2 5 
	-> 1 2 3 4 5 6 8 9 13 14 
Structure 236: 12 10 7 8 1 11 9 4 6 3 2 5 
	-> 1 2 3 4 5 6 7 8 9 10 11 12 
Structure 237: 10 7 8 1 18 14 4 21 3 2 5 
	-> 1 2 3 4 5 7 8 10 14 18 
Structure 238: 17 12 10 7 8 27 1 11 18 4 6 3 2 33 5 
	-> 1 2 3 4 5 6 7 8 10 11 12 17 18 
Structure 239: 10 7 8 1 11 9 4 6 34 26 3 2 5 
	-> 1 2 3 4 5 6 7 8 9 10 11 
Structure 240: 10 7 8 27 1 9 4 6 3 2 5 
	-> 1 2 3 4 5 6 7 8 9 10 
Structure 241: 10 7 8 1 9 4 6 26 3 2 5 
	-> 1 2 3 4 5 6 7 8 9 10 
Structure 242: 15 24 10 7 8 1 11 18 4 6 3 2 5 
	-> 1 2 3 4 5 6 7 8 10 11 15 18 
Structure 243: 10 7 8 1 9 4 6 3 2 5 
	-> 1 2 3 4 5 6 7 8 9 10 
Structure 244: 10 7 8 1 11 9 13 4 6 3 2 5 
	-> 1 2 3 4 5 6 7 8 9 10 11 13 
Structure 245: 10 7 8 1 40 9 13 14 4 6 3 2 5 
	-> 1 2 3 4 5 6 7 8 9 10 13 14 
Structure 246: 15 10 7 8 1 11 9 4 6 3 2 5 
	-> 1 2 3 4 5 6 7 8 9 10 11 15 
Structure 247: 12 10 7 8 1 11 9 35 4 6 3 2 5 63 
	-> 1 2 3 4 5 6 7 8 9 10 11 12 
Structure 248: 15 10 20 8 1 11 18 35 4 6 3 2 5 
	-> 1 2 3 4 5 6 8 10 11 15 18 
Structure 249: 17 12 10 7 8 1 11 9 14 4 6 3 2 5 
	-> 1 2 3 4 5 6 7 8 9 10 11 12 14 17 
Structure 250: 10 7 8 1 19 9 4 22 6 3 2 5 
	-> 1 2 3 4 5 6 7 8 9 10 
Structure 251: 10 7 8 1 11 9 4 6 3 2 5 
	-> 1 2 3 4 5 6 7 8 9 10 11 
Structure 252: 10 20 8 1 11 19 18 4 6 3 2 5 
	-> 1 2 3 4 5 6 8 10 11 18 
Structure 253: 10 7 8 1 11 19 9 13 4 6 3 2 5 
	-> 1 2 3 4 5 6 7 8 9 10 11 13 
Structure 254: 10 7 8 1 11 9 30 4 6 3 2 5 
	-> 1 2 3 4 5 6 7 8 9 10 11 
Structure 255: 17 12 10 7 8 1 11 19 9 14 4 6 3 2 5 
	-> 1 2 3 4 5 6 7 8 9 10 11 12 14 17 
Structure 256: 17 12 10 7 8 1 40 9 14 4 21 28 3 2 5 
	-> 1 2 3 4 5 7 8 9 10 12 14 17 
Structure 257: 10 7 8 1 11 9 4 6 26 2 5 
	-> 1 2 4 5 6 7 8 9 10 11 
Structure 258: 10 7 8 1 11 9 4 6 3 2 31 
	-> 1 2 3 4 6 7 8 9 10 11 
Structure 259: 10 7 8 1 11 9 14 4 6 3 2 5 
	-> 1 2 3 4 5 6 7 8 9 10 11 14 
Structure 260: 10 7 8 1 11 9 30 4 6 3 2 5 
	-> 1 2 3 4 5 6 7 8 9 10 11 
Structure 261: 12 10 7 8 1 9 4 6 3 2 5 
	-> 1 2 3 4 5 6 7 8 9 10 12 
Structure 262: 15 10 7 8 1 11 9 4 6 3 2 5 
	-> 1 2 3 4 5 6 7 8 9 10 11 15 
Structure 263: 10 7 8 1 11 9 13 4 6 3 2 5 
	-> 1 2 3 4 5 6 7 8 9 10 11 13 
Structure 264: 10 7 8 1 11 19 9 30 13 4 22 6 3 2 5 
	-> 1 2 3 4 5 6 7 8 9 10 11 13 
Structure 265: 17 12 16 7 8 1 11 9 4 6 3 2 5 
	-> 1 2 3 4 5 6 7 8 9 11 12 16 17 
Structure 266: 10 7 8 1 11 9 30 14 4 6 3 2 5 
	-> 1 2 3 4 5 6 7 8 9 10 11 14 
Structure 267: 17 12 10 7 8 1 11 9 4 6 3 2 5 
	-> 1 2 3 4 5 6 7 8 9 10 11 12 17 
Structure 268: 10 7 8 1 19 9 14 4 6 3 2 5 
	-> 1 2 3 4 5 6 7 8 9 10 14 
Structure 269: 10 7 36 23 1 11 9 25 4 6 3 2 5 
	-> 1 2 3 4 5 6 7 9 10 11 
Structure 270: 15 24 10 7 8 1 11 9 4 6 3 2 5 
	-> 1 2 3 4 5 6 7 8 9 10 11 15 
Structure 271: 10 7 1 11 9 4 6 3 2 5 
	-> 1 2 3 4 5 6 7 9 10 11 
Structure 272: 15 10 7 8 1 18 4 6 3 2 5 
	-> 1 2 3 4 5 6 7 8 10 15 18 
Structure 273: 12 16 7 8 1 11 9 4 21 28 3 2 31 
	-> 1 2 3 4 7 8 9 11 12 16 
Structure 274: 12 16 7 8 1 11 9 13 4 6 3 2 5 
	-> 1 2 3 4 5 6 7 8 9 11 12 13 16 
Structure 275: 10 7 8 1 11 19 9 4 6 3 2 5 
	-> 1 2 3 4 5 6 7 8 9 10 11 
Structure 276: 12 16 7 8 1 11 18 14 4 6 3 2 5 
	-> 1 2 3 4 5 6 7 8 11 12 14 16 18 
Structure 277: 10 7 8 1 18 4 6 3 2 5 
	-> 1 2 3 4 5 6 7 8 10 18 
Structure 278: 10 7 8 1 11 9 25 4 6 3 2 5 
	-> 1 2 3 4 5 6 7 8 9 10 11 
Structure 279: 24 10 7 8 1 11 9 13 4 6 3 2 5 
	-> 1 2 3 4 5 6 7 8 9 10 11 13 
Structure 280: 10 7 8 1 11 9 30 4 6 3 2 5 
	-> 1 2 3 4 5 6 7 8 9 10 11 
Structure 281: 10 7 8 1 11 9 4 6 3 2 5 
	-> 1 2 3 4 5 6 7 8 9 10 11 
Structure 282: 10 7 8 1 9 4 6 3 2 5 
	-> 1 2 3 4 5 6 7 8 9 10 
Structure 283: 10 7 8 1 29 9 4 6 3 2 5 
	-> 1 2 3 4 5 6 7 8 9 10 
Structure 284: 15 10 104 7 8 1 11 9 13 4 6 3 2 5 
	-> 1 2 3 4 5 6 7 8 9 10 11 13 15 
Structure 285: 10 7 8 1 11 9 13 4 6 3 2 31 
	-> 1 2 3 4 6 7 8 9 10 11 13 
Structure 286: 15 10 7 8 1 9 14 4 6 3 2 5 
	-> 1 2 3 4 5 6 7 8 9 10 14 15 
Structure 287: 15 10 7 8 1 29 9 4 6 3 2 5 
	-> 1 2 3 4 5 6 7 8 9 10 15 
Structure 288: 12 16 7 8 1 11 9 4 21 28 3 2 5 
	-> 1 2 3 4 5 7 8 9 11 12 16 
Structure 289: 10 7 8 1 11 19 9 4 6 26 3 2 5 
	-> 1 2 3 4 5 6 7 8 9 10 11 
Structure 290: 10 7 8 1 11 9 13 4 6 3 2 5 
	-> 1 2 3 4 5 6 7 8 9 10 11 13 
Structure 291: 17 12 16 7 8 1 11 9 14 4 6 3 2 5 
	-> 1 2 3 4 5 6 7 8 9 11 12 14 16 17 
Structure 292: 10 7 8 1 29 9 14 4 6 3 2 5 
	-> 1 2 3 4 5 6 7 8 9 10 14 
Structure 293: 10 7 8 1 29 18 14 4 6 3 2 5 
	-> 1 2 3 4 5 6 7 8 10 14 18 
Structure 294: 15 24 10 7 8 1 9 4 6 3 2 5 
	-> 1 2 3 4 5 6 7 8 9 10 15 
Structure 295: 10 7 8 1 11 9 4 6 3 2 5 
	-> 1 2 3 4 5 6 7 8 9 10 11 
Structure 296: 12 16 7 8 1 11 9 4 21 6 3 2 5 
	-> 1 2 3 4 5 6 7 8 9 11 12 16 
Structure 297: 10 7 8 1 11 19 9 14 46 6 3 2 5 
	-> 1 2 3 5 6 7 8 9 10 11 14 
Structure 298: 12 16 7 8 1 18 4 6 3 2 45 5 
	-> 1 2 3 4 5 6 7 8 12 16 18 
Structure 299: 10 7 8 1 19 9 4 6 3 2 5 
	-> 1 2 3 4 5 6 7 8 9 10 
Structure 300: 68 43 10 7 8 1 11 19 9 4 6 3 2 5 
	-> 1 2 3 4 5 6 7 8 9 10 11 
Structure 301: 17 12 10 7 1 9 4 6 3 2 5 
	-> 1 2 3 4 5 6 7 9 10 12 17 
Structure 302: 15 10 7 8 1 9 4 6 3 2 5 
	-> 1 2 3 4 5 6 7 8 9 10 15 
Structure 303: 10 7 8 27 1 9 13 46 6 3 2 5 
	-> 1 2 3 5 6 7 8 9 10 13 
Structure 304: 12 10 7 8 1 18 25 4 6 3 2 5 
	-> 1 2 3 4 5 6 7 8 10 12 18 
Structure 305: 10 7 8 1 11 9 4 6 3 2 5 
	-> 1 2 3 4 5 6 7 8 9 10 11 
Structure 306: 10 7 8 1 11 9 14 4 6 3 2 5 
	-> 1 2 3 4 5 6 7 8 9 10 11 14 
Structure 307: 17 12 10 7 8 1 9 13 4 6 3 2 5 
	-> 1 2 3 4 5 6 7 8 9 10 12 13 17 
Structure 308: 10 7 8 1 9 4 6 3 2 5 
	-> 1 2 3 4 5 6 7 8 9 10 
Structure 309: 17 12 10 7 8 1 11 9 13 4 6 3 2 5 
	-> 1 2 3 4 5 6 7 8 9 10 11 12 13 17 
Structure 310: 17 12 10 7 8 1 9 13 4 6 3 2 5 
	-> 1 2 3 4 5 6 7 8 9 10 12 13 17 
Structure 311: 10 7 8 27 1 9 4 6 3 2 5 
	-> 1 2 3 4 5 6 7 8 9 10 
Structure 312: 10 7 23 1 9 4 6 3 2 5 
	-> 1 2 3 4 5 6 7 9 10 
Structure 313: 17 12 16 7 32 8 1 11 9 4 6 3 2 31 
	-> 1 2 3 4 6 7 8 9 11 12 16 17 
Structure 314: 10 7 8 1 9 13 4 6 3 2 5 
	-> 1 2 3 4 5 6 7 8 9 10 13 
Structure 315: 12 16 7 8 1 11 9 4 6 3 2 5 
	-> 1 2 3 4 5 6 7 8 9 11 12 16 
Structure 316: 12 10 20 8 1 11 18 25 4 6 3 2 5 
	-> 1 2 3 4 5 6 8 10 11 12 18 
Structure 317: 10 20 8 1 11 9 4 6 3 2 5 
	-> 1 2 3 4 5 6 8 9 10 11 
Structure 318: 10 7 8 1 9 13 4 6 3 2 5 
	-> 1 2 3 4 5 6 7 8 9 10 13 
Structure 319: 15 10 7 8 1 11 19 9 14 4 6 3 2 5 
	-> 1 2 3 4 5 6 7 8 9 10 11 14 15 
Structure 320: 10 7 8 1 9 14 4 6 3 2 5 
	-> 1 2 3 4 5 6 7 8 9 10 14 
Structure 321: 17 12 10 7 8 1 11 9 13 69 6 3 2 5 
	-> 1 2 3 5 6 7 8 9 10 11 12 13 17 
Structure 322: 10 7 8 1 9 25 4 6 26 3 2 5 
	-> 1 2 3 4 5 6 7 8 9 10 
Structure 323: 12 16 10 7 8 1 11 9 4 6 3 2 5 
	-> 1 2 3 4 5 6 7 8 9 10 11 12 16 
Structure 324: 10 7 8 1 11 9 13 4 6 3 2 5 
	-> 1 2 3 4 5 6 7 8 9 10 11 13 
Structure 325: 12 10 7 8 1 11 9 4 6 3 2 5 
	-> 1 2 3 4 5 6 7 8 9 10 11 12 
Structure 326: 10 7 8 1 11 9 13 4 22 6 3 2 5 
	-> 1 2 3 4 5 6 7 8 9 10 11 13 
Structure 327: 10 7 8 1 11 9 4 6 3 2 5 
	-> 1 2 3 4 5 6 7 8 9 10 11 
Structure 328: 10 7 8 1 11 9 13 4 6 3 2 5 
	-> 1 2 3 4 5 6 7 8 9 10 11 13 
Structure 329: 17 12 16 7 8 1 11 9 4 6 3 2 5 
	-> 1 2 3 4 5 6 7 8 9 11 12 16 17 
Structure 330: 10 7 8 1 11 9 4 6 3 2 5 
	-> 1 2 3 4 5 6 7 8 9 10 11 
Structure 331: 15 10 7 8 1 9 4 6 3 2 5 
	-> 1 2 3 4 5 6 7 8 9 10 15 
Structure 332: 12 10 7 1 11 19 9 4 6 3 2 5 
	-> 1 2 3 4 5 6 7 9 10 11 12 
Structure 333: 15 24 10 7 8 1 11 9 30 14 4 6 3 2 5 
	-> 1 2 3 4 5 6 7 8 9 10 11 14 15 
Structure 334: 10 7 39 1 11 9 4 6 3 2 5 
	-> 1 2 3 4 5 6 7 9 10 11 
Structure 335: 20 32 8 1 9 4 6 3 2 5 
	-> 1 2 3 4 5 6 8 9 
Structure 336: 10 7 8 1 11 9 14 4 6 3 2 5 
	-> 1 2 3 4 5 6 7 8 9 10 11 14 
Structure 337: 10 7 8 1 50 18 4 6 3 2 5 
	-> 1 2 3 4 5 6 7 8 10 18 
Structure 338: 12 10 7 8 1 44 9 4 6 3 2 5 
	-> 1 2 3 4 5 6 7 8 9 10 12 
Structure 339: 10 7 8 1 11 9 25 4 6 3 2 5 
	-> 1 2 3 4 5 6 7 8 9 10 11 
Structure 340: 15 10 7 23 1 9 14 4 6 3 2 5 
	-> 1 2 3 4 5 6 7 9 10 14 15 
Structure 341: 10 7 8 1 11 9 13 4 6 3 2 5 
	-> 1 2 3 4 5 6 7 8 9 10 11 13 
Structure 342: 17 12 10 7 8 1 11 9 25 4 6 3 2 5 
	-> 1 2 3 4 5 6 7 8 9 10 11 12 17 
Structure 343: 10 7 8 1 11 18 4 22 6 3 2 5 
	-> 1 2 3 4 5 6 7 8 10 11 18 
Structure 344: 10 7 8 1 9 13 4 6 3 2 5 
	-> 1 2 3 4 5 6 7 8 9 10 13 
Structure 345: 15 10 7 8 1 11 9 4 21 28 3 2 5 
	-> 1 2 3 4 5 7 8 9 10 11 15 
Structure 346: 10 7 8 1 11 9 14 4 6 3 2 5 
	-> 1 2 3 4 5 6 7 8 9 10 11 14 
Structure 347: 12 10 7 8 1 11 9 30 4 6 26 3 2 5 
	-> 1 2 3 4 5 6 7 8 9 10 11 12 
Structure 348: 10 7 8 1 11 9 14 4 6 3 2 5 
	-> 1 2 3 4 5 6 7 8 9 10 11 14 
Structure 349: 16 20 32 8 1 9 4 6 3 2 5 
	-> 1 2 3 4 5 6 8 9 16 
Structure 350: 10 20 7 8 1 9 25 4 6 3 2 5 
	-> 1 2 3 4 5 6 7 8 9 10 
Structure 351: 10 7 8 1 11 18 4 6 3 2 5 
	-> 1 2 3 4 5 6 7 8 10 11 18 
Structure 352: 17 12 10 7 1 9 4 6 34 26 2 5 
	-> 1 2 4 5 6 7 9 10 12 17 
Structure 353: 12 10 20 8 1 11 29 9 13 4 6 3 2 5 
	-> 1 2 3 4 5 6 8 9 10 11 12 13 
Structure 354: 10 7 8 1 11 9 4 6 3 2 5 
	-> 1 2 3 4 5 6 7 8 9 10 11 
Structure 355: 15 10 7 8 1 11 9 14 4 6 3 2 5 
	-> 1 2 3 4 5 6 7 8 9 10 11 14 15 
Structure 356: 10 20 8 1 9 4 21 28 3 2 5 
	-> 1 2 3 4 5 8 9 10 
Structure 357: 12 10 7 8 1 9 13 4 6 3 2 5 
	-> 1 2 3 4 5 6 7 8 9 10 12 13 
Structure 358: 15 10 7 8 1 9 4 6 3 2 59 5 
	-> 1 2 3 4 5 6 7 8 9 10 15 
Structure 359: 20 8 1 9 30 4 6 3 2 5 
	-> 1 2 3 4 5 6 8 9 
Structure 360: 10 7 8 27 1 11 9 4 6 3 2 5 
	-> 1 2 3 4 5 6 7 8 9 10 11 
Structure 361: 10 7 8 1 9 14 4 6 3 2 5 
	-> 1 2 3 4 5 6 7 8 9 10 14 
Structure 362: 10 7 8 1 19 9 4 22 6 3 2 5 
	-> 1 2 3 4 5 6 7 8 9 10 
Structure 363: 10 7 8 1 37 6 48 3 2 
	-> 1 2 3 6 7 8 10 
Structure 364: 10 7 8 1 11 9 4 6 3 2 5 
	-> 1 2 3 4 5 6 7 8 9 10 11 
Structure 365: 10 7 8 1 9 14 4 6 3 2 5 
	-> 1 2 3 4 5 6 7 8 9 10 14 
Structure 366: 10 7 8 1 11 9 25 4 6 3 2 5 
	-> 1 2 3 4 5 6 7 8 9 10 11 
Structure 367: 10 7 1 11 9 4 6 3 2 5 
	-> 1 2 3 4 5 6 7 9 10 11 
Structure 368: 15 24 10 7 8 1 19 9 4 6 3 2 5 
	-> 1 2 3 4 5 6 7 8 9 10 15 
Structure 369: 17 12 10 7 8 1 9 13 4 6 3 2 5 
	-> 1 2 3 4 5 6 7 8 9 10 12 13 17 
Structure 370: 10 7 23 1 11 18 25 4 6 3 2 5 
	-> 1 2 3 4 5 6 7 10 11 18 
Structure 371: 10 7 8 1 9 13 4 22 6 3 2 33 5 
	-> 1 2 3 4 5 6 7 8 9 10 13 
Structure 372: 10 7 8 1 11 18 4 6 3 2 5 
	-> 1 2 3 4 5 6 7 8 10 11 18 
Structure 373: 15 24 10 7 8 1 11 18 4 6 3 2 5 
	-> 1 2 3 4 5 6 7 8 10 11 15 18 
Structure 374: 10 7 8 1 9 14 46 6 3 2 5 
	-> 1 2 3 5 6 7 8 9 10 14 
Structure 375: 10 7 8 1 11 9 4 6 3 2 5 
	-> 1 2 3 4 5 6 7 8 9 10 11 
Structure 376: 20 8 1 11 19 18 14 4 6 3 2 5 
	-> 1 2 3 4 5 6 8 11 14 18 
Structure 377: 12 10 7 8 1 9 4 22 6 3 2 31 
	-> 1 2 3 4 6 7 8 9 10 12 
Structure 378: 105 12 16 20 32 8 1 9 4 6 3 2 5 
	-> 1 2 3 4 5 6 8 9 12 16 
Structure 379: 17 12 10 7 8 1 29 9 4 6 3 2 5 
	-> 1 2 3 4 5 6 7 8 9 10 12 17 
Structure 380: 10 7 8 1 9 13 4 6 3 2 5 
	-> 1 2 3 4 5 6 7 8 9 10 13 
Structure 381: 10 7 8 1 11 9 4 21 6 3 2 5 
	-> 1 2 3 4 5 6 7 8 9 10 11 
Structure 382: 10 7 8 1 19 9 4 6 3 2 5 
	-> 1 2 3 4 5 6 7 8 9 10 
Structure 383: 15 10 7 8 1 11 9 4 6 3 2 5 
	-> 1 2 3 4 5 6 7 8 9 10 11 15 
Structure 384: 17 12 10 7 8 1 9 4 22 6 3 2 5 
	-> 1 2 3 4 5 6 7 8 9 10 12 17 
Structure 385: 12 16 7 8 1 11 9 4 6 26 3 2 5 
	-> 1 2 3 4 5 6 7 8 9 11 12 16 
Structure 386: 10 7 8 1 11 9 13 4 6 3 2 5 
	-> 1 2 3 4 5 6 7 8 9 10 11 13 
Structure 387: 15 24 10 7 8 1 18 4 6 3 2 45 33 5 
	-> 1 2 3 4 5 6 7 8 10 15 18 
Structure 388: 10 7 8 1 9 14 4 6 3 2 5 
	-> 1 2 3 4 5 6 7 8 9 10 14 
Structure 389: 10 7 8 1 9 14 4 6 3 2 5 
	-> 1 2 3 4 5 6 7 8 9 10 14 
Structure 390: 24 10 7 8 1 9 14 4 6 3 2 5 
	-> 1 2 3 4 5 6 7 8 9 10 14 
Structure 391: 12 10 7 1 9 4 6 3 2 5 
	-> 1 2 3 4 5 6 7 9 10 12 
Structure 392: 10 20 8 1 11 9 14 4 6 3 2 5 
	-> 1 2 3 4 5 6 8 9 10 11 14 
Structure 393: 12 16 7 8 1 19 9 4 6 3 2 5 
	-> 1 2 3 4 5 6 7 8 9 12 16 
Structure 394: 10 7 1 44 9 4 6 3 2 5 
	-> 1 2 3 4 5 6 7 9 10 
Structure 395: 15 10 7 8 1 11 9 13 4 6 3 2 5 
	-> 1 2 3 4 5 6 7 8 9 10 11 13 15 
Structure 396: 12 10 7 23 1 11 19 9 4 6 3 2 5 
	-> 1 2 3 4 5 6 7 9 10 11 12 
Structure 397: 17 12 10 7 8 1 11 29 9 4 22 6 3 2 5 
	-> 1 2 3 4 5 6 7 8 9 10 11 12 17 
Structure 398: 10 7 8 1 9 25 4 6 26 3 2 5 
	-> 1 2 3 4 5 6 7 8 9 10 
Structure 399: 12 16 7 8 1 11 9 25 4 6 3 2 5 
	-> 1 2 3 4 5 6 7 8 9 11 12 16 
Structure 400: 10 7 39 1 11 9 30 4 6 3 2 5 
	-> 1 2 3 4 5 6 7 9 10 11 
Structure 401: 10 7 8 1 11 9 4 22 6 3 2 5 
	-> 1 2 3 4 5 6 7 8 9 10 11 
Structure 402: 10 7 8 1 11 9 4 6 3 2 5 
	-> 1 2 3 4 5 6 7 8 9 10 11 
Structure 403: 10 7 8 1 11 9 13 14 4 6 3 2 5 
	-> 1 2 3 4 5 6 7 8 9 10 11 13 14 
Structure 404: 43 10 7 8 1 29 9 4 6 26 3 2 5 
	-> 1 2 3 4 5 6 7 8 9 10 
Structure 405: 15 24 10 7 8 1 11 9 14 4 6 3 2 31 
	-> 1 2 3 4 6 7 8 9 10 11 14 15 
Structure 406: 20 8 1 11 9 13 14 4 6 3 2 5 
	-> 1 2 3 4 5 6 8 9 11 13 14 
Structure 407: 10 7 8 1 11 9 14 4 6 3 2 5 
	-> 1 2 3 4 5 6 7 8 9 10 11 14 
Structure 408: 10 7 8 1 37 47 74 67 3 2 
	-> 1 2 3 7 8 10 
Structure 409: 10 7 8 1 11 9 13 69 6 3 2 5 
	-> 1 2 3 5 6 7 8 9 10 11 13 
Structure 410: 10 7 8 1 9 14 4 6 3 2 5 
	-> 1 2 3 4 5 6 7 8 9 10 14 
Structure 411: 10 7 8 1 11 9 14 4 6 3 2 5 
	-> 1 2 3 4 5 6 7 8 9 10 11 14 
Structure 412: 10 7 8 1 11 9 14 4 6 3 2 5 
	-> 1 2 3 4 5 6 7 8 9 10 11 14 
Structure 413: 10 7 8 1 9 4 6 3 2 5 
	-> 1 2 3 4 5 6 7 8 9 10 
Structure 414: 10 7 1 18 4 6 3 2 5 
	-> 1 2 3 4 5 6 7 10 18 
Structure 415: 12 16 7 8 1 9 4 6 3 2 5 
	-> 1 2 3 4 5 6 7 8 9 12 16 
Structure 416: 42 10 7 8 1 18 14 4 6 3 2 5 
	-> 1 2 3 4 5 6 7 8 10 14 18 
Structure 417: 12 16 7 23 1 11 9 25 4 6 3 2 5 70 
	-> 1 2 3 4 5 6 7 9 11 12 16 
Structure 418: 10 7 8 1 11 9 14 4 6 3 2 5 
	-> 1 2 3 4 5 6 7 8 9 10 11 14 
Structure 419: 10 7 8 1 11 37 47 62 48 3 2 
	-> 1 2 3 7 8 10 11 
Structure 420: 10 7 8 1 9 30 4 6 3 2 5 
	-> 1 2 3 4 5 6 7 8 9 10 
Structure 421: 10 7 8 1 9 25 4 6 3 2 5 
	-> 1 2 3 4 5 6 7 8 9 10 
Structure 422: 12 16 7 8 1 11 9 4 6 3 2 5 
	-> 1 2 3 4 5 6 7 8 9 11 12 16 
Structure 423: 10 7 36 23 1 9 13 4 6 3 2 5 
	-> 1 2 3 4 5 6 7 9 10 13 
Structure 424: 75 76 12 10 7 8 1 11 19 9 4 6 3 2 5 
	-> 1 2 3 4 5 6 7 8 9 10 11 12 
Structure 425: 10 7 8 1 11 19 18 25 4 6 3 2 5 
	-> 1 2 3 4 5 6 7 8 10 11 18 
Structure 426: 10 7 8 1 18 4 21 3 2 5 
	-> 1 2 3 4 5 7 8 10 18 
Structure 427: 76 16 7 8 1 11 9 13 4 22 6 3 2 5 
	-> 1 2 3 4 5 6 7 8 9 11 13 16 
Structure 428: 10 7 36 1 9 14 4 6 3 2 5 
	-> 1 2 3 4 5 6 7 9 10 14 
Structure 429: 10 7 8 1 11 9 41 6 106 3 2 5 
	-> 1 2 3 5 6 7 8 9 10 11 
Structure 430: 10 7 8 1 9 4 6 3 2 5 
	-> 1 2 3 4 5 6 7 8 9 10 
Structure 431: 10 7 8 1 11 9 4 6 26 2 5 
	-> 1 2 4 5 6 7 8 9 10 11 
Structure 432: 17 12 16 20 8 1 11 9 4 6 3 2 5 
	-> 1 2 3 4 5 6 8 9 11 12 16 17 
Structure 433: 42 10 7 8 1 9 4 22 6 3 2 5 
	-> 1 2 3 4 5 6 7 8 9 10 
Structure 434: 12 16 7 8 1 11 9 13 4 6 3 2 5 
	-> 1 2 3 4 5 6 7 8 9 11 12 13 16 
Structure 435: 10 7 8 27 1 9 13 4 6 3 2 31 
	-> 1 2 3 4 6 7 8 9 10 13 
Structure 436: 10 7 8 1 11 9 4 6 3 2 5 
	-> 1 2 3 4 5 6 7 8 9 10 11 
Structure 437: 10 7 8 1 29 9 14 4 6 3 2 5 
	-> 1 2 3 4 5 6 7 8 9 10 14 
Structure 438: 17 12 16 7 8 1 11 9 13 4 6 3 2 5 
	-> 1 2 3 4 5 6 7 8 9 11 12 13 16 17 
Structure 439: 10 7 1 19 9 4 6 3 2 5 
	-> 1 2 3 4 5 6 7 9 10 
Structure 440: 20 8 1 11 9 25 4 6 3 2 5 
	-> 1 2 3 4 5 6 8 9 11 
Structure 441: 10 7 8 1 11 9 13 14 4 6 3 2 5 
	-> 1 2 3 4 5 6 7 8 9 10 11 13 14 
Structure 442: 10 20 8 1 11 9 4 6 3 2 5 
	-> 1 2 3 4 5 6 8 9 10 11 
Structure 443: 10 7 8 1 11 9 4 6 3 2 73 
	-> 1 2 3 4 6 7 8 9 10 11 
Structure 444: 38 24 42 10 7 8 1 11 9 4 21 77 28 3 2 5 
	-> 1 2 3 4 5 7 8 9 10 11 
Structure 445: 10 7 8 1 9 4 6 3 2 5 
	-> 1 2 3 4 5 6 7 8 9 10 
Structure 446: 10 20 8 1 11 18 4 6 3 2 5 
	-> 1 2 3 4 5 6 8 10 11 18 
Structure 447: 12 10 7 8 1 11 9 4 6 3 2 5 
	-> 1 2 3 4 5 6 7 8 9 10 11 12 
Structure 448: 15 10 7 8 1 9 13 14 4 21 3 2 5 
	-> 1 2 3 4 5 7 8 9 10 13 14 15 
Structure 449: 10 7 8 1 11 9 14 4 6 3 2 5 
	-> 1 2 3 4 5 6 7 8 9 10 11 14 
Structure 450: 10 7 8 1 11 9 4 6 3 2 5 
	-> 1 2 3 4 5 6 7 8 9 10 11 
Structure 451: 10 7 8 1 11 9 4 6 3 2 5 
	-> 1 2 3 4 5 6 7 8 9 10 11 
Structure 452: 17 12 10 7 8 1 11 9 4 21 6 3 2 5 
	-> 1 2 3 4 5 6 7 8 9 10 11 12 17 
Structure 453: 10 7 8 1 19 18 4 6 3 2 5 
	-> 1 2 3 4 5 6 7 8 10 18 
Structure 454: 10 7 8 1 11 9 4 6 3 2 31 
	-> 1 2 3 4 6 7 8 9 10 11 
Structure 455: 17 12 10 7 8 1 11 18 4 41 6 3 2 59 5 
	-> 1 2 3 4 5 6 7 8 10 11 12 17 18 
Structure 456: 10 7 8 1 9 14 4 6 3 78 2 5 
	-> 1 2 3 4 5 6 7 8 9 10 14 
Structure 457: 15 24 10 7 8 1 9 13 4 6 3 2 33 5 
	-> 1 2 3 4 5 6 7 8 9 10 13 15 
Structure 458: 10 7 8 1 11 9 4 21 28 3 2 5 
	-> 1 2 3 4 5 7 8 9 10 11 
Structure 459: 16 7 23 1 9 13 4 6 3 2 31 
	-> 1 2 3 4 6 7 9 13 16 
Structure 460: 12 16 7 8 1 11 19 18 14 4 6 3 2 5 
	-> 1 2 3 4 5 6 7 8 11 12 14 16 18 
Structure 461: 10 7 23 1 11 9 4 6 3 2 5 
	-> 1 2 3 4 5 6 7 9 10 11 
Structure 462: 68 10 7 8 1 11 9 13 4 6 3 2 5 
	-> 1 2 3 4 5 6 7 8 9 10 11 13 
Structure 463: 17 12 10 7 8 1 11 9 4 6 3 2 5 
	-> 1 2 3 4 5 6 7 8 9 10 11 12 17 
Structure 464: 10 7 8 1 11 9 4 6 3 2 5 
	-> 1 2 3 4 5 6 7 8 9 10 11 
Structure 465: 15 16 7 8 27 1 11 9 13 4 6 3 2 5 
	-> 1 2 3 4 5 6 7 8 9 11 13 15 16 
Structure 466: 10 7 8 1 9 4 6 3 2 5 
	-> 1 2 3 4 5 6 7 8 9 10 
Structure 467: 10 7 23 1 11 9 4 22 6 3 2 5 
	-> 1 2 3 4 5 6 7 9 10 11 
Structure 468: 10 7 8 1 19 9 4 6 3 2 5 
	-> 1 2 3 4 5 6 7 8 9 10 
Structure 469: 10 7 8 1 18 4 6 3 2 5 
	-> 1 2 3 4 5 6 7 8 10 18 
Structure 470: 10 7 8 1 9 4 6 3 2 5 
	-> 1 2 3 4 5 6 7 8 9 10 
Structure 471: 17 12 10 7 8 1 50 18 4 22 6 3 2 5 
	-> 1 2 3 4 5 6 7 8 10 12 17 18 
Structure 472: 15 10 7 23 1 11 29 9 4 6 3 2 5 
	-> 1 2 3 4 5 6 7 9 10 11 15 
Structure 473: 43 20 8 1 9 4 21 28 3 2 5 
	-> 1 2 3 4 5 8 9 
Structure 474: 15 10 20 8 1 11 9 13 14 4 6 3 2 5 
	-> 1 2 3 4 5 6 8 9 10 11 13 14 15 
Structure 475: 12 10 7 8 1 11 9 14 4 6 3 2 5 
	-> 1 2 3 4 5 6 7 8 9 10 11 12 14 
Structure 476: 10 7 8 1 9 13 4 6 3 2 5 
	-> 1 2 3 4 5 6 7 8 9 10 13 
Structure 477: 12 16 7 8 1 11 9 4 6 3 2 5 
	-> 1 2 3 4 5 6 7 8 9 11 12 16 
Structure 478: 17 12 16 7 8 1 9 14 4 21 28 3 2 5 
	-> 1 2 3 4 5 7 8 9 12 14 16 17 
Structure 479: 10 7 8 1 11 9 4 22 6 3 2 5 
	-> 1 2 3 4 5 6 7 8 9 10 11 
Structure 480: 10 7 8 1 11 9 14 4 6 3 2 5 
	-> 1 2 3 4 5 6 7 8 9 10 11 14 
Structure 481: 10 7 8 1 11 9 4 22 6 3 2 5 
	-> 1 2 3 4 5 6 7 8 9 10 11 
Structure 482: 10 7 8 1 9 13 4 6 3 2 5 
	-> 1 2 3 4 5 6 7 8 9 10 13 
Structure 483: 10 7 1 18 4 6 3 2 5 
	-> 1 2 3 4 5 6 7 10 18 
Structure 484: 15 10 7 8 1 11 9 4 6 26 2 5 
	-> 1 2 4 5 6 7 8 9 10 11 15 
Structure 485: 17 12 16 7 8 1 19 9 14 4 6 3 2 5 
	-> 1 2 3 4 5 6 7 8 9 12 14 16 17 
Structure 486: 10 7 36 23 1 19 9 4 6 26 3 2 5 
	-> 1 2 3 4 5 6 7 9 10 
Structure 487: 10 7 8 1 11 9 13 14 4 22 6 3 2 5 
	-> 1 2 3 4 5 6 7 8 9 10 11 13 14 
Structure 488: 10 7 8 1 11 19 9 13 4 6 3 2 5 
	-> 1 2 3 4 5 6 7 8 9 10 11 13 
Structure 489: 10 7 8 1 9 13 4 6 3 2 5 
	-> 1 2 3 4 5 6 7 8 9 10 13 
Structure 490: 10 7 8 1 19 9 4 6 3 2 5 
	-> 1 2 3 4 5 6 7 8 9 10 
Structure 491: 10 7 8 1 11 9 4 6 3 2 5 
	-> 1 2 3 4 5 6 7 8 9 10 11 
Structure 492: 12 10 7 8 1 11 18 4 6 3 2 5 
	-> 1 2 3 4 5 6 7 8 10 11 12 18 
Structure 493: 15 10 7 8 1 11 9 25 4 6 3 2 5 
	-> 1 2 3 4 5 6 7 8 9 10 11 15 
Structure 494: 10 7 8 1 11 19 9 4 6 3 2 5 
	-> 1 2 3 4 5 6 7 8 9 10 11 
Structure 495: 7 8 1 11 18 4 6 3 2 5 
	-> 1 2 3 4 5 6 7 8 11 18 
Structure 496: 10 7 8 1 11 9 30 4 6 3 2 5 
	-> 1 2 3 4 5 6 7 8 9 10 11 
Structure 497: 38 10 7 8 1 11 9 13 4 21 6 3 2 5 
	-> 1 2 3 4 5 6 7 8 9 10 11 13 
Structure 498: 12 10 7 8 1 11 9 13 4 6 3 2 5 
	-> 1 2 3 4 5 6 7 8 9 10 11 12 13 
Structure 499: 10 7 8 1 9 4 6 26 2 5 
	-> 1 2 4 5 6 7 8 9 10 
Structure 500: 15 24 10 20 8 1 11 9 4 6 3 2 5 
	-> 1 2 3 4 5 6 8 9 10 11 15 
Structure 501: 10 7 8 1 9 14 4 21 28 3 2 5 
	-> 1 2 3 4 5 7 8 9 10 14 
Structure 502: 17 12 10 7 8 1 9 4 6 3 2 5 
	-> 1 2 3 4 5 6 7 8 9 10 12 17 
Structure 503: 17 12 16 7 8 1 9 13 4 6 3 2 31 
	-> 1 2 3 4 6 7 8 9 12 13 16 17 
Structure 504: 38 10 7 8 1 9 4 6 3 2 5 
	-> 1 2 3 4 5 6 7 8 9 10 
Structure 505: 17 12 10 7 8 1 9 4 6 3 2 5 
	-> 1 2 3 4 5 6 7 8 9 10 12 17 
Structure 506: 15 10 7 8 1 11 9 14 4 22 6 3 2 5 
	-> 1 2 3 4 5 6 7 8 9 10 11 14 15 
Structure 507: 12 10 7 8 1 11 9 14 4 6 3 2 5 
	-> 1 2 3 4 5 6 7 8 9 10 11 12 14 
Structure 508: 15 16 7 8 1 11 9 4 6 3 2 5 
	-> 1 2 3 4 5 6 7 8 9 11 15 16 
Structure 509: 10 7 8 1 9 14 4 6 3 2 5 
	-> 1 2 3 4 5 6 7 8 9 10 14 
Structure 510: 12 16 7 8 1 9 13 4 6 3 2 5 
	-> 1 2 3 4 5 6 7 8 9 12 13 16 
Structure 511: 17 12 16 20 32 8 1 29 9 4 6 3 2 5 
	-> 1 2 3 4 5 6 8 9 12 16 17 
Structure 512: 10 7 8 1 9 4 6 3 2 5 79 
	-> 1 2 3 4 5 6 7 8 9 10 
Structure 513: 10 7 8 1 9 4 6 3 2 5 
	-> 1 2 3 4 5 6 7 8 9 10 
Structure 514: 15 16 7 8 1 9 4 6 3 2 5 
	-> 1 2 3 4 5 6 7 8 9 15 16 
Structure 515: 10 7 8 1 11 9 30 14 4 6 3 2 5 
	-> 1 2 3 4 5 6 7 8 9 10 11 14 
Structure 516: 38 10 7 8 1 40 9 4 21 3 2 5 
	-> 1 2 3 4 5 7 8 9 10 
Structure 517: 10 7 8 1 11 9 4 6 3 2 5 
	-> 1 2 3 4 5 6 7 8 9 10 11 
Structure 518: 10 7 8 1 11 9 14 4 6 3 2 5 
	-> 1 2 3 4 5 6 7 8 9 10 11 14 
Structure 519: 10 7 8 1 11 9 13 4 6 3 2 5 
	-> 1 2 3 4 5 6 7 8 9 10 11 13 
Structure 520: 10 7 8 1 9 4 6 3 2 33 5 
	-> 1 2 3 4 5 6 7 8 9 10 
Structure 521: 7 8 1 11 9 35 4 6 3 2 5 
	-> 1 2 3 4 5 6 7 8 9 11 
Structure 522: 12 10 7 8 1 11 9 30 4 6 3 2 5 
	-> 1 2 3 4 5 6 7 8 9 10 11 12 
Structure 523: 17 12 16 7 8 1 9 4 6 3 2 5 
	-> 1 2 3 4 5 6 7 8 9 12 16 17 
Structure 524: 10 7 8 1 9 4 6 3 2 5 
	-> 1 2 3 4 5 6 7 8 9 10 
Structure 525: 10 7 8 1 11 18 4 6 3 2 66 
	-> 1 2 3 4 6 7 8 10 11 18 
Structure 526: 15 24 10 7 8 1 11 9 13 4 6 3 2 5 
	-> 1 2 3 4 5 6 7 8 9 10 11 13 15 
Structure 527: 10 7 1 9 14 4 6 3 2 5 
	-> 1 2 3 4 5 6 7 9 10 14 
Structure 528: 17 12 16 7 8 1 9 4 6 26 3 2 5 
	-> 1 2 3 4 5 6 7 8 9 12 16 17 
Structure 529: 15 24 10 7 8 1 19 9 4 6 3 2 5 
	-> 1 2 3 4 5 6 7 8 9 10 15 
Structure 530: 10 7 8 1 11 19 18 4 6 3 2 5 
	-> 1 2 3 4 5 6 7 8 10 11 18 
Structure 531: 10 7 8 1 11 29 9 4 21 3 2 5 
	-> 1 2 3 4 5 7 8 9 10 11 
Structure 532: 24 10 7 8 1 9 25 4 6 3 2 5 
	-> 1 2 3 4 5 6 7 8 9 10 
Structure 533: 12 10 7 8 1 11 9 4 6 3 2 5 
	-> 1 2 3 4 5 6 7 8 9 10 11 12 
Structure 534: 12 10 7 8 1 18 4 6 3 2 5 
	-> 1 2 3 4 5 6 7 8 10 12 18 
Structure 535: 17 12 10 7 8 1 9 13 4 6 3 2 5 
	-> 1 2 3 4 5 6 7 8 9 10 12 13 17 
Structure 536: 17 12 10 7 8 1 11 9 13 4 6 3 2 5 
	-> 1 2 3 4 5 6 7 8 9 10 11 12 13 17 
Structure 537: 15 10 7 8 1 11 19 9 4 6 3 2 5 
	-> 1 2 3 4 5 6 7 8 9 10 11 15 
Structure 538: 10 7 8 1 11 9 4 6 3 2 5 
	-> 1 2 3 4 5 6 7 8 9 10 11 
Structure 539: 15 10 7 8 1 11 9 4 6 3 2 5 
	-> 1 2 3 4 5 6 7 8 9 10 11 15 
Structure 540: 107 10 7 8 1 11 9 13 4 6 26 3 2 5 
	-> 1 2 3 4 5 6 7 8 9 10 11 13 
Structure 541: 15 24 10 7 8 1 19 9 4 22 6 3 78 2 5 
	-> 1 2 3 4 5 6 7 8 9 10 15 
Structure 542: 15 20 32 8 1 18 4 6 3 2 5 
	-> 1 2 3 4 5 6 8 15 18 
Structure 543: 12 16 7 23 1 11 9 14 4 6 34 3 2 5 
	-> 1 2 3 4 5 6 7 9 11 12 14 16 
Structure 544: 15 24 10 7 8 1 9 14 4 6 34 3 2 5 
	-> 1 2 3 4 5 6 7 8 9 10 14 15 
Structure 545: 10 20 8 1 11 9 4 21 3 2 5 
	-> 1 2 3 4 5 8 9 10 11 
Structure 546: 10 7 8 1 11 9 4 6 3 2 5 
	-> 1 2 3 4 5 6 7 8 9 10 11 
Structure 547: 12 10 7 8 1 29 9 13 4 6 3 2 5 
	-> 1 2 3 4 5 6 7 8 9 10 12 13 
Structure 548: 10 7 8 1 9 4 22 3 2 5 
	-> 1 2 3 4 5 7 8 9 10 
Structure 549: 15 10 7 8 1 11 9 4 6 3 2 5 
	-> 1 2 3 4 5 6 7 8 9 10 11 15 
Structure 550: 15 7 8 1 50 18 4 6 3 2 5 
	-> 1 2 3 4 5 6 7 8 15 18 
Structure 551: 38 10 7 8 1 11 9 4 6 3 2 5 
	-> 1 2 3 4 5 6 7 8 9 10 11 
Structure 552: 10 7 23 1 9 4 6 3 2 5 
	-> 1 2 3 4 5 6 7 9 10 
Structure 553: 17 12 10 7 8 1 9 4 6 3 2 5 
	-> 1 2 3 4 5 6 7 8 9 10 12 17 
Structure 554: 12 16 20 8 1 9 4 6 3 2 5 
	-> 1 2 3 4 5 6 8 9 12 16 
Structure 555: 10 7 8 1 9 4 6 3 2 5 
	-> 1 2 3 4 5 6 7 8 9 10 
Structure 556: 10 20 8 1 19 9 13 4 6 3 2 5 
	-> 1 2 3 4 5 6 8 9 10 13 
Structure 557: 10 7 8 1 9 4 6 3 2 5 
	-> 1 2 3 4 5 6 7 8 9 10 
Structure 558: 43 72 10 7 8 27 1 11 9 13 4 6 3 2 5 
	-> 1 2 3 4 5 6 7 8 9 10 11 13 
Structure 559: 10 7 23 1 40 9 13 4 6 3 2 5 
	-> 1 2 3 4 5 6 7 9 10 13 
Structure 560: 10 20 32 8 1 19 9 14 4 6 3 2 5 
	-> 1 2 3 4 5 6 8 9 10 14 
Structure 561: 10 7 8 1 9 13 4 6 3 2 5 
	-> 1 2 3 4 5 6 7 8 9 10 13 
Structure 562: 17 12 10 7 8 1 11 29 9 14 4 6 3 2 5 
	-> 1 2 3 4 5 6 7 8 9 10 11 12 14 17 
Structure 563: 10 7 8 1 9 4 6 3 2 5 
	-> 1 2 3 4 5 6 7 8 9 10 
Structure 564: 12 10 7 8 1 11 9 4 6 3 2 5 
	-> 1 2 3 4 5 6 7 8 9 10 11 12 
Structure 565: 10 7 8 1 11 9 13 4 6 3 2 5 
	-> 1 2 3 4 5 6 7 8 9 10 11 13 
Structure 566: 15 10 7 8 1 44 9 13 4 21 3 2 5 
	-> 1 2 3 4 5 7 8 9 10 13 15 
Structure 567: 10 7 8 1 11 9 13 4 22 6 3 2 5 
	-> 1 2 3 4 5 6 7 8 9 10 11 13 
Structure 568: 10 7 8 1 11 18 14 4 6 3 2 5 
	-> 1 2 3 4 5 6 7 8 10 11 14 18 
Structure 569: 38 10 7 8 1 9 13 4 6 26 3 2 5 
	-> 1 2 3 4 5 6 7 8 9 10 13 
Structure 570: 10 7 8 1 9 4 6 3 2 5 
	-> 1 2 3 4 5 6 7 8 9 10 
Structure 571: 10 7 8 1 9 13 4 6 3 2 5 
	-> 1 2 3 4 5 6 7 8 9 10 13 
Structure 572: 10 7 8 1 11 9 4 6 49 108 5 
	-> 1 4 5 6 7 8 9 10 11 
Structure 573: 17 12 10 7 8 1 19 9 4 6 3 2 5 
	-> 1 2 3 4 5 6 7 8 9 10 12 17 
Structure 574: 12 16 7 8 1 9 13 4 6 3 2 5 
	-> 1 2 3 4 5 6 7 8 9 12 13 16 
Structure 575: 15 10 7 8 1 9 4 6 3 2 5 
	-> 1 2 3 4 5 6 7 8 9 10 15 
Structure 576: 10 7 8 1 9 4 6 34 3 2 5 
	-> 1 2 3 4 5 6 7 8 9 10 
Structure 577: 10 7 8 1 9 4 6 3 2 5 
	-> 1 2 3 4 5 6 7 8 9 10 
Structure 578: 12 16 7 8 1 11 9 4 6 3 2 5 
	-> 1 2 3 4 5 6 7 8 9 11 12 16 
Structure 579: 10 7 8 27 1 9 13 4 22 6 3 2 5 
	-> 1 2 3 4 5 6 7 8 9 10 13 
Structure 580: 10 7 8 1 9 4 6 3 2 5 
	-> 1 2 3 4 5 6 7 8 9 10 
Structure 581: 10 20 32 8 1 11 9 4 6 3 2 5 
	-> 1 2 3 4 5 6 8 9 10 11 
Structure 582: 10 7 8 1 19 9 4 6 3 2 5 
	-> 1 2 3 4 5 6 7 8 9 10 
Structure 583: 10 7 8 1 19 9 4 6 3 2 5 
	-> 1 2 3 4 5 6 7 8 9 10 
Structure 584: 10 20 8 1 11 9 4 6 3 2 5 
	-> 1 2 3 4 5 6 8 9 10 11 
Structure 585: 12 16 7 8 1 11 9 4 6 3 2 5 
	-> 1 2 3 4 5 6 7 8 9 11 12 16 
Structure 586: 12 10 7 32 8 1 11 9 13 4 6 3 2 33 5 
	-> 1 2 3 4 5 6 7 8 9 10 11 12 13 
Structure 587: 10 7 1 9 14 4 6 3 2 5 
	-> 1 2 3 4 5 6 7 9 10 14 
Structure 588: 10 7 8 1 9 4 22 6 3 2 5 
	-> 1 2 3 4 5 6 7 8 9 10 
Structure 589: 10 7 8 1 9 4 6 3 2 5 
	-> 1 2 3 4 5 6 7 8 9 10 
Structure 590: 15 10 7 8 1 60 9 4 6 3 2 5 
	-> 1 2 3 4 5 6 7 8 9 10 15 
Structure 591: 10 7 8 1 11 9 46 6 3 2 5 
	-> 1 2 3 5 6 7 8 9 10 11 
Structure 592: 10 7 8 1 9 4 6 26 2 33 5 
	-> 1 2 4 5 6 7 8 9 10 
Structure 593: 15 24 10 7 8 1 11 9 4 6 34 26 2 5 
	-> 1 2 4 5 6 7 8 9 10 11 15 
Structure 594: 15 10 7 8 1 11 9 4 6 3 2 5 
	-> 1 2 3 4 5 6 7 8 9 10 11 15 
Structure 595: 10 7 36 1 11 9 4 6 3 2 5 
	-> 1 2 3 4 5 6 7 9 10 11 
Structure 596: 17 12 10 7 8 1 11 18 4 21 3 2 5 
	-> 1 2 3 4 5 7 8 10 11 12 17 18 
Structure 597: 12 16 7 8 27 1 11 9 4 6 3 2 5 
	-> 1 2 3 4 5 6 7 8 9 11 12 16 
Structure 598: 10 7 8 1 11 9 4 41 6 3 2 5 
	-> 1 2 3 4 5 6 7 8 9 10 11 
Structure 599: 15 10 7 8 1 9 13 4 6 3 2 31 
	-> 1 2 3 4 6 7 8 9 10 13 15 
Structure 600: 10 7 8 1 11 9 4 6 3 2 5 
	-> 1 2 3 4 5 6 7 8 9 10 11 
Structure 601: 10 7 8 1 11 9 4 6 3 2 5 
	-> 1 2 3 4 5 6 7 8 9 10 11 
Structure 602: 12 10 7 36 39 1 9 4 6 3 2 5 
	-> 1 2 3 4 5 6 7 9 10 12 
Structure 603: 17 12 16 7 1 11 19 9 4 6 3 2 5 
	-> 1 2 3 4 5 6 7 9 11 12 16 17 
Structure 604: 15 24 10 7 23 1 44 18 4 6 3 2 5 
	-> 1 2 3 4 5 6 7 10 15 18 
Structure 605: 12 16 7 8 1 9 4 6 3 2 31 
	-> 1 2 3 4 6 7 8 9 12 16 
Structure 606: 15 10 7 8 1 11 9 4 22 6 3 2 5 
	-> 1 2 3 4 5 6 7 8 9 10 11 15 
Structure 607: 10 7 8 1 9 4 6 3 2 5 
	-> 1 2 3 4 5 6 7 8 9 10 
Structure 608: 12 16 7 8 1 11 9 13 4 6 3 2 5 
	-> 1 2 3 4 5 6 7 8 9 11 12 13 16 
Structure 609: 12 16 7 8 1 11 9 4 6 26 3 2 5 
	-> 1 2 3 4 5 6 7 8 9 11 12 16 
Structure 610: 10 7 1 11 9 4 6 3 2 5 
	-> 1 2 3 4 5 6 7 9 10 11 
Structure 611: 12 10 7 8 1 11 9 13 4 6 3 2 31 
	-> 1 2 3 4 6 7 8 9 10 11 12 13 
Structure 612: 10 7 8 1 11 9 13 4 6 3 2 5 
	-> 1 2 3 4 5 6 7 8 9 10 11 13 
Structure 613: 12 16 7 8 27 1 11 9 13 4 6 3 2 5 
	-> 1 2 3 4 5 6 7 8 9 11 12 13 16 
Structure 614: 10 7 8 1 9 13 14 4 6 3 2 5 
	-> 1 2 3 4 5 6 7 8 9 10 13 14 
Structure 615: 10 7 8 1 44 9 4 6 3 2 5 
	-> 1 2 3 4 5 6 7 8 9 10 
Structure 616: 10 7 8 1 11 9 4 6 3 2 31 
	-> 1 2 3 4 6 7 8 9 10 11 
Structure 617: 12 10 7 8 1 9 4 6 3 2 5 
	-> 1 2 3 4 5 6 7 8 9 10 12 
Structure 618: 10 7 32 8 1 11 19 9 4 21 28 34 3 2 5 
	-> 1 2 3 4 5 7 8 9 10 11 
Structure 619: 10 7 8 1 18 35 4 6 3 2 5 
	-> 1 2 3 4 5 6 7 8 10 18 
Structure 620: 12 16 7 8 1 11 9 13 4 6 3 2 5 
	-> 1 2 3 4 5 6 7 8 9 11 12 13 16 
Structure 621: 12 16 7 8 1 11 9 13 4 6 3 2 5 
	-> 1 2 3 4 5 6 7 8 9 11 12 13 16 
Structure 622: 12 10 7 8 1 11 9 4 6 3 2 5 
	-> 1 2 3 4 5 6 7 8 9 10 11 12 
Structure 623: 10 7 8 1 11 9 14 4 6 3 2 5 
	-> 1 2 3 4 5 6 7 8 9 10 11 14 
Structure 624: 10 7 8 1 11 9 13 4 6 3 2 5 
	-> 1 2 3 4 5 6 7 8 9 10 11 13 
Structure 625: 10 7 8 1 40 9 4 6 3 2 5 
	-> 1 2 3 4 5 6 7 8 9 10 
Structure 626: 10 7 8 1 11 9 30 4 6 3 2 5 
	-> 1 2 3 4 5 6 7 8 9 10 11 
Structure 627: 12 16 7 8 1 19 9 25 4 6 3 2 5 
	-> 1 2 3 4 5 6 7 8 9 12 16 
Structure 628: 10 7 8 1 18 4 22 6 3 2 31 
	-> 1 2 3 4 6 7 8 10 18 
Structure 629: 10 7 8 1 11 9 4 6 3 2 5 
	-> 1 2 3 4 5 6 7 8 9 10 11 
Structure 630: 10 7 8 1 18 14 4 6 3 2 66 5 
	-> 1 2 3 4 5 6 7 8 10 14 18 
Structure 631: 15 24 10 7 39 1 11 9 4 6 3 2 5 
	-> 1 2 3 4 5 6 7 9 10 11 15 
Structure 632: 15 10 7 1 11 9 13 14 4 6 3 2 5 
	-> 1 2 3 4 5 6 7 9 10 11 13 14 15 
Structure 633: 43 10 7 8 1 11 9 13 4 6 3 2 5 
	-> 1 2 3 4 5 6 7 8 9 10 11 13 
Structure 634: 15 10 7 1 9 13 4 6 3 2 5 
	-> 1 2 3 4 5 6 7 9 10 13 15 
Structure 635: 10 7 8 1 11 9 4 6 3 2 5 
	-> 1 2 3 4 5 6 7 8 9 10 11 
Structure 636: 10 7 23 1 9 4 6 3 2 5 
	-> 1 2 3 4 5 6 7 9 10 
Structure 637: 10 7 1 11 9 4 6 3 2 5 
	-> 1 2 3 4 5 6 7 9 10 11 
Structure 638: 10 7 8 1 9 4 22 6 3 2 5 
	-> 1 2 3 4 5 6 7 8 9 10 
Structure 639: 10 7 32 8 1 11 9 14 4 6 3 2 5 
	-> 1 2 3 4 5 6 7 8 9 10 11 14 
Structure 640: 12 10 7 8 1 11 9 4 21 3 2 5 
	-> 1 2 3 4 5 7 8 9 10 11 12 
Structure 641: 10 7 8 1 11 9 4 21 28 3 2 5 
	-> 1 2 3 4 5 7 8 9 10 11 
Structure 642: 12 16 7 8 1 11 9 4 6 3 2 5 
	-> 1 2 3 4 5 6 7 8 9 11 12 16 
Structure 643: 17 12 16 109 1 11 18 4 6 3 2 5 
	-> 1 2 3 4 5 6 11 12 16 17 18 
Structure 644: 10 7 8 1 9 13 4 6 26 3 2 5 
	-> 1 2 3 4 5 6 7 8 9 10 13 
Structure 645: 10 7 1 11 19 9 30 4 6 3 2 5 
	-> 1 2 3 4 5 6 7 9 10 11 
Structure 646: 12 16 20 8 1 11 19 9 4 6 3 2 5 
	-> 1 2 3 4 5 6 8 9 11 12 16 
Structure 647: 10 7 32 8 1 9 4 6 3 2 5 
	-> 1 2 3 4 5 6 7 8 9 10 
Structure 648: 10 7 8 1 9 4 6 3 2 5 
	-> 1 2 3 4 5 6 7 8 9 10 
Structure 649: 15 20 7 8 1 18 25 4 6 3 2 5 
	-> 1 2 3 4 5 6 7 8 15 18 
Structure 650: 10 7 8 1 11 19 9 4 6 3 2 5 
	-> 1 2 3 4 5 6 7 8 9 10 11 
Structure 651: 17 12 16 7 8 1 19 9 30 4 22 6 3 2 5 
	-> 1 2 3 4 5 6 7 8 9 12 16 17 
Structure 652: 15 10 20 8 1 11 9 4 6 3 2 5 
	-> 1 2 3 4 5 6 8 9 10 11 15 
Structure 653: 12 16 7 8 1 11 9 14 4 6 26 2 5 
	-> 1 2 4 5 6 7 8 9 11 12 14 16 
Structure 654: 12 10 7 8 1 11 9 110 111 80 3 2 5 
	-> 1 2 3 5 7 8 9 10 11 12 
Structure 655: 10 7 8 1 9 25 4 6 3 2 5 
	-> 1 2 3 4 5 6 7 8 9 10 
Structure 656: 10 7 8 1 9 14 4 6 34 3 2 5 
	-> 1 2 3 4 5 6 7 8 9 10 14 
Structure 657: 15 10 7 8 1 9 4 6 3 2 5 
	-> 1 2 3 4 5 6 7 8 9 10 15 
Structure 658: 17 12 16 112 23 1 11 9 4 6 3 2 31 
	-> 1 2 3 4 6 9 11 12 16 17 
Structure 659: 10 7 8 1 11 9 4 77 28 3 2 5 
	-> 1 2 3 4 5 7 8 9 10 11 
Structure 660: 17 12 10 7 8 1 9 4 6 3 2 5 
	-> 1 2 3 4 5 6 7 8 9 10 12 17 
Structure 661: 10 7 8 1 9 13 4 6 3 2 5 
	-> 1 2 3 4 5 6 7 8 9 10 13 
Structure 662: 17 12 10 7 8 1 18 4 6 3 2 5 
	-> 1 2 3 4 5 6 7 8 10 12 17 18 
Structure 663: 17 12 16 7 8 1 11 18 4 41 6 3 2 5 
	-> 1 2 3 4 5 6 7 8 11 12 16 17 18 
Structure 664: 12 16 7 8 1 11 9 4 6 3 2 5 
	-> 1 2 3 4 5 6 7 8 9 11 12 16 
Structure 665: 10 7 8 1 11 9 4 6 3 2 5 
	-> 1 2 3 4 5 6 7 8 9 10 11 
Structure 666: 10 7 8 1 11 9 25 4 6 3 2 5 
	-> 1 2 3 4 5 6 7 8 9 10 11 
Structure 667: 10 7 8 1 18 4 6 3 2 5 
	-> 1 2 3 4 5 6 7 8 10 18 
Structure 668: 17 12 16 7 8 1 11 9 13 4 6 3 2 5 
	-> 1 2 3 4 5 6 7 8 9 11 12 13 16 17 
Structure 669: 10 7 1 11 9 25 4 6 3 2 5 
	-> 1 2 3 4 5 6 7 9 10 11 
Structure 670: 10 7 8 1 11 9 4 6 3 2 5 
	-> 1 2 3 4 5 6 7 8 9 10 11 
Structure 671: 10 7 8 1 11 9 4 6 3 2 5 
	-> 1 2 3 4 5 6 7 8 9 10 11 
Structure 672: 10 7 23 1 11 19 9 4 6 3 2 5 
	-> 1 2 3 4 5 6 7 9 10 11 
Structure 673: 10 7 8 1 11 29 9 4 6 3 2 5 
	-> 1 2 3 4 5 6 7 8 9 10 11 
Structure 674: 17 12 16 20 8 27 1 11 9 14 4 6 3 2 5 
	-> 1 2 3 4 5 6 8 9 11 12 14 16 17 
Structure 675: 10 7 8 1 11 9 35 4 22 6 3 2 33 5 
	-> 1 2 3 4 5 6 7 8 9 10 11 
Structure 676: 10 7 8 1 11 9 14 4 6 3 2 5 
	-> 1 2 3 4 5 6 7 8 9 10 11 14 
Structure 677: 15 24 16 20 1 11 19 9 4 6 26 2 5 
	-> 1 2 4 5 6 9 11 15 16 
Structure 678: 10 7 8 1 11 9 13 46 6 3 2 5 
	-> 1 2 3 5 6 7 8 9 10 11 13 
Structure 679: 15 10 7 1 18 14 4 6 3 2 5 
	-> 1 2 3 4 5 6 7 10 14 15 18 
Structure 680: 15 16 7 8 1 9 4 6 3 2 5 
	-> 1 2 3 4 5 6 7 8 9 15 16 
Structure 681: 10 7 8 1 11 18 4 6 3 2 5 
	-> 1 2 3 4 5 6 7 8 10 11 18 
Structure 682: 15 16 7 1 11 9 14 4 6 3 2 5 
	-> 1 2 3 4 5 6 7 9 11 14 15 16 
Structure 683: 15 10 7 8 1 9 14 4 6 3 2 5 
	-> 1 2 3 4 5 6 7 8 9 10 14 15 
Structure 684: 10 7 8 1 9 4 6 3 2 5 
	-> 1 2 3 4 5 6 7 8 9 10 
Structure 685: 10 7 8 1 9 13 4 6 3 2 5 
	-> 1 2 3 4 5 6 7 8 9 10 13 
Structure 686: 10 7 8 1 11 9 4 6 26 2 5 
	-> 1 2 4 5 6 7 8 9 10 11 
Structure 687: 10 7 8 1 11 18 14 4 6 3 2 5 
	-> 1 2 3 4 5 6 7 8 10 11 14 18 
Structure 688: 15 10 7 8 1 9 4 6 3 2 5 
	-> 1 2 3 4 5 6 7 8 9 10 15 
Structure 689: 10 7 8 1 11 9 14 4 6 3 2 5 
	-> 1 2 3 4 5 6 7 8 9 10 11 14 
Structure 690: 10 7 1 9 4 6 3 2 5 
	-> 1 2 3 4 5 6 7 9 10 
Structure 691: 10 7 8 27 1 11 9 4 6 3 2 5 
	-> 1 2 3 4 5 6 7 8 9 10 11 
Structure 692: 17 12 16 7 8 1 9 4 6 3 2 5 
	-> 1 2 3 4 5 6 7 8 9 12 16 17 
Structure 693: 12 16 7 1 11 9 4 6 3 2 5 
	-> 1 2 3 4 5 6 7 9 11 12 16 
Structure 694: 10 7 8 1 11 9 13 4 6 3 2 5 
	-> 1 2 3 4 5 6 7 8 9 10 11 13 
Structure 695: 10 7 8 1 11 9 4 22 6 3 2 5 
	-> 1 2 3 4 5 6 7 8 9 10 11 
Structure 696: 7 8 1 9 13 4 6 3 2 5 
	-> 1 2 3 4 5 6 7 8 9 13 
Structure 697: 10 7 8 1 11 18 4 6 3 2 31 
	-> 1 2 3 4 6 7 8 10 11 18 
Structure 698: 15 20 32 8 1 11 9 13 4 21 6 3 2 5 
	-> 1 2 3 4 5 6 8 9 11 13 15 
Structure 699: 10 7 8 1 11 9 4 22 6 3 2 5 
	-> 1 2 3 4 5 6 7 8 9 10 11 
Structure 700: 10 7 8 1 9 13 4 6 3 2 5 
	-> 1 2 3 4 5 6 7 8 9 10 13 
Structure 701: 10 7 8 1 11 9 14 4 6 3 2 5 
	-> 1 2 3 4 5 6 7 8 9 10 11 14 
Structure 702: 10 7 8 1 9 13 4 6 3 2 33 5 
	-> 1 2 3 4 5 6 7 8 9 10 13 
Structure 703: 12 10 7 8 1 11 18 35 4 6 3 2 5 
	-> 1 2 3 4 5 6 7 8 10 11 12 18 
Structure 704: 38 10 7 8 27 1 11 9 14 4 6 3 2 5 
	-> 1 2 3 4 5 6 7 8 9 10 11 14 
Structure 705: 17 12 16 1 9 4 6 3 2 5 
	-> 1 2 3 4 5 6 9 12 16 17 
Structure 706: 15 24 10 7 8 1 9 25 4 6 3 2 5 
	-> 1 2 3 4 5 6 7 8 9 10 15 
Structure 707: 12 10 7 8 1 11 9 4 6 3 2 5 
	-> 1 2 3 4 5 6 7 8 9 10 11 12 
Structure 708: 15 10 7 8 27 1 19 18 14 4 6 3 2 5 
	-> 1 2 3 4 5 6 7 8 10 14 15 18 
Structure 709: 10 7 8 1 60 9 4 6 3 2 5 
	-> 1 2 3 4 5 6 7 8 9 10 
Structure 710: 12 10 7 8 1 11 9 13 14 4 6 3 2 5 
	-> 1 2 3 4 5 6 7 8 9 10 11 12 13 14 
Structure 711: 43 10 7 8 1 11 9 14 4 6 3 2 5 
	-> 1 2 3 4 5 6 7 8 9 10 11 14 
Structure 712: 15 10 20 8 1 11 9 4 6 34 3 2 5 
	-> 1 2 3 4 5 6 8 9 10 11 15 
Structure 713: 10 7 8 1 11 44 9 14 4 6 3 2 5 
	-> 1 2 3 4 5 6 7 8 9 10 11 14 
Structure 714: 10 7 8 1 18 4 6 3 2 5 
	-> 1 2 3 4 5 6 7 8 10 18 
Structure 715: 10 7 8 1 11 9 4 6 3 2 5 
	-> 1 2 3 4 5 6 7 8 9 10 11 
Structure 716: 10 7 23 1 9 13 4 6 3 2 5 
	-> 1 2 3 4 5 6 7 9 10 13 
Structure 717: 10 7 8 1 29 9 13 4 6 3 2 5 
	-> 1 2 3 4 5 6 7 8 9 10 13 
Structure 718: 10 7 8 1 19 9 14 4 6 3 2 5 
	-> 1 2 3 4 5 6 7 8 9 10 14 
Structure 719: 10 7 8 1 11 9 4 21 6 3 2 5 
	-> 1 2 3 4 5 6 7 8 9 10 11 
Structure 720: 10 20 8 1 11 9 4 6 3 2 5 
	-> 1 2 3 4 5 6 8 9 10 11 
Structure 721: 10 7 8 1 11 9 13 4 6 3 2 5 
	-> 1 2 3 4 5 6 7 8 9 10 11 13 
Structure 722: 10 7 8 1 9 4 6 3 2 5 
	-> 1 2 3 4 5 6 7 8 9 10 
Structure 723: 15 10 20 8 1 11 9 13 14 4 22 6 3 2 5 
	-> 1 2 3 4 5 6 8 9 10 11 13 14 15 
Structure 724: 12 16 7 8 1 37 47 74 67 3 2 
	-> 1 2 3 7 8 12 16 
Structure 725: 17 12 16 7 8 1 9 25 4 6 3 2 5 
	-> 1 2 3 4 5 6 7 8 9 12 16 17 
Structure 726: 17 12 16 7 8 1 11 9 14 4 6 3 2 5 
	-> 1 2 3 4 5 6 7 8 9 11 12 14 16 17 
Structure 727: 10 7 8 1 9 4 6 3 2 5 
	-> 1 2 3 4 5 6 7 8 9 10 
Structure 728: 12 16 20 8 27 1 19 9 14 4 41 6 3 2 5 
	-> 1 2 3 4 5 6 8 9 12 14 16 
Structure 729: 10 7 8 1 11 9 4 6 3 2 5 
	-> 1 2 3 4 5 6 7 8 9 10 11 
Structure 730: 10 7 8 1 11 9 14 4 6 3 2 5 
	-> 1 2 3 4 5 6 7 8 9 10 11 14 
Structure 731: 10 7 8 27 1 11 9 4 6 3 2 5 
	-> 1 2 3 4 5 6 7 8 9 10 11 
Structure 732: 10 7 8 1 9 4 6 26 2 5 
	-> 1 2 4 5 6 7 8 9 10 
Structure 733: 10 7 36 39 1 44 9 13 4 21 58 3 2 5 
	-> 1 2 3 4 5 7 9 10 13 
Structure 734: 12 10 20 8 1 19 9 14 4 6 3 2 5 
	-> 1 2 3 4 5 6 8 9 10 12 14 
Structure 735: 10 7 23 1 11 9 4 6 3 2 5 
	-> 1 2 3 4 5 6 7 9 10 11 
Structure 736: 10 7 8 1 9 13 4 6 3 2 5 
	-> 1 2 3 4 5 6 7 8 9 10 13 
Structure 737: 17 12 10 7 8 1 9 25 4 6 3 2 113 31 
	-> 1 2 3 4 6 7 8 9 10 12 17 
Structure 738: 7 8 1 9 13 4 6 3 2 5 
	-> 1 2 3 4 5 6 7 8 9 13 
Structure 739: 17 12 16 7 8 1 9 4 6 3 2 5 
	-> 1 2 3 4 5 6 7 8 9 12 16 17 
Structure 740: 15 12 16 7 8 1 9 25 4 6 3 2 5 
	-> 1 2 3 4 5 6 7 8 9 12 15 16 
Structure 741: 20 8 1 11 19 9 4 6 3 2 5 
	-> 1 2 3 4 5 6 8 9 11 
Structure 742: 10 7 8 1 9 4 6 3 2 5 
	-> 1 2 3 4 5 6 7 8 9 10 
Structure 743: 10 7 8 27 1 11 9 114 6 80 3 2 5 
	-> 1 2 3 5 6 7 8 9 10 11 
Structure 744: 56 10 7 8 1 11 19 9 4 6 3 2 5 
	-> 1 2 3 4 5 6 7 8 9 10 11 
Structure 745: 10 20 1 9 13 4 6 3 2 5 
	-> 1 2 3 4 5 6 9 10 13 
Structure 746: 12 10 7 8 1 11 9 4 6 3 2 5 
	-> 1 2 3 4 5 6 7 8 9 10 11 12 
Structure 747: 17 12 16 7 8 1 9 14 4 6 3 2 5 
	-> 1 2 3 4 5 6 7 8 9 12 14 16 17 
Structure 748: 10 7 8 1 9 25 4 6 3 2 5 
	-> 1 2 3 4 5 6 7 8 9 10 
Structure 749: 17 12 10 7 23 1 11 9 4 6 3 2 5 
	-> 1 2 3 4 5 6 7 9 10 11 12 17 
Structure 750: 10 7 8 1 11 9 13 4 6 3 2 5 
	-> 1 2 3 4 5 6 7 8 9 10 11 13 
Structure 751: 12 10 7 23 1 9 4 6 3 2 5 
	-> 1 2 3 4 5 6 7 9 10 12 
Structure 752: 15 10 7 8 1 9 25 4 6 3 2 5 
	-> 1 2 3 4 5 6 7 8 9 10 15 
Structure 753: 10 7 8 27 1 11 19 9 4 6 34 3 2 5 
	-> 1 2 3 4 5 6 7 8 9 10 11 
Structure 754: 10 7 36 8 1 9 4 6 3 2 5 
	-> 1 2 3 4 5 6 7 8 9 10 
Structure 755: 12 10 7 32 8 1 9 4 6 3 2 5 
	-> 1 2 3 4 5 6 7 8 9 10 12 
Structure 756: 10 20 8 1 11 9 4 6 3 2 5 
	-> 1 2 3 4 5 6 8 9 10 11 
Structure 757: 12 16 20 8 27 1 9 4 21 58 3 2 5 
	-> 1 2 3 4 5 8 9 12 16 
Structure 758: 10 7 8 1 19 9 4 6 3 2 5 
	-> 1 2 3 4 5 6 7 8 9 10 
Structure 759: 56 10 7 8 1 11 29 9 25 4 6 3 2 5 
	-> 1 2 3 4 5 6 7 8 9 10 11 
Structure 760: 10 7 8 1 11 18 4 6 3 2 5 
	-> 1 2 3 4 5 6 7 8 10 11 18 
Structure 761: 12 10 7 1 11 18 4 6 3 2 33 31 
	-> 1 2 3 4 6 7 10 11 12 18 
Structure 762: 10 7 8 1 11 9 13 4 6 3 2 33 5 
	-> 1 2 3 4 5 6 7 8 9 10 11 13 
Structure 763: 10 7 8 1 9 4 6 3 2 5 
	-> 1 2 3 4 5 6 7 8 9 10 
Structure 764: 15 24 10 7 1 11 9 4 6 3 2 5 
	-> 1 2 3 4 5 6 7 9 10 11 15 
Structure 765: 10 7 8 1 11 9 25 4 6 3 2 5 
	-> 1 2 3 4 5 6 7 8 9 10 11 
Structure 766: 12 16 7 8 1 9 25 4 6 3 2 33 5 
	-> 1 2 3 4 5 6 7 8 9 12 16 
Structure 767: 17 12 10 7 8 1 11 9 13 4 6 3 2 5 
	-> 1 2 3 4 5 6 7 8 9 10 11 12 13 17 
Structure 768: 12 10 7 8 1 11 44 9 13 4 22 6 3 2 5 
	-> 1 2 3 4 5 6 7 8 9 10 11 12 13 
Structure 769: 17 12 16 7 8 1 11 9 4 6 3 2 5 
	-> 1 2 3 4 5 6 7 8 9 11 12 16 17 
Structure 770: 10 7 8 1 11 9 25 4 6 3 2 5 
	-> 1 2 3 4 5 6 7 8 9 10 11 
Structure 771: 15 10 7 8 1 9 14 4 6 3 2 5 
	-> 1 2 3 4 5 6 7 8 9 10 14 15 
Structure 772: 10 7 8 1 11 9 30 4 6 3 2 5 
	-> 1 2 3 4 5 6 7 8 9 10 11 
Structure 773: 15 10 7 8 1 11 9 4 6 3 2 5 
	-> 1 2 3 4 5 6 7 8 9 10 11 15 
Structure 774: 10 7 8 1 11 18 25 4 6 3 2 31 
	-> 1 2 3 4 6 7 8 10 11 18 
Structure 775: 10 7 8 1 11 9 4 6 3 2 5 
	-> 1 2 3 4 5 6 7 8 9 10 11 
Structure 776: 10 7 8 1 19 9 13 4 6 3 2 5 
	-> 1 2 3 4 5 6 7 8 9 10 13 
Structure 777: 12 10 7 8 1 9 4 6 3 2 5 
	-> 1 2 3 4 5 6 7 8 9 10 12 
Structure 778: 10 7 8 1 11 19 9 25 4 6 3 2 5 
	-> 1 2 3 4 5 6 7 8 9 10 11 
Structure 779: 15 20 8 27 1 11 9 13 14 4 22 6 3 2 5 
	-> 1 2 3 4 5 6 8 9 11 13 14 15 
Structure 780: 12 16 7 23 1 9 13 4 6 3 2 5 
	-> 1 2 3 4 5 6 7 9 12 13 16 
Structure 781: 15 10 7 8 1 11 9 4 6 3 2 5 
	-> 1 2 3 4 5 6 7 8 9 10 11 15 
Structure 782: 10 7 8 1 9 14 4 6 3 2 5 
	-> 1 2 3 4 5 6 7 8 9 10 14 
Structure 783: 10 7 8 1 9 30 4 6 3 2 5 
	-> 1 2 3 4 5 6 7 8 9 10 
Structure 784: 10 7 8 1 19 9 14 4 6 3 2 5 
	-> 1 2 3 4 5 6 7 8 9 10 14 
Structure 785: 12 10 7 8 1 11 18 4 6 3 2 5 
	-> 1 2 3 4 5 6 7 8 10 11 12 18 
Structure 786: 10 7 8 1 11 9 4 6 3 2 5 
	-> 1 2 3 4 5 6 7 8 9 10 11 
Structure 787: 10 7 8 1 18 14 4 41 6 3 2 5 
	-> 1 2 3 4 5 6 7 8 10 14 18 
Structure 788: 12 10 7 1 11 9 14 4 6 3 2 5 
	-> 1 2 3 4 5 6 7 9 10 11 12 14 
Structure 789: 10 7 8 1 40 37 6 48 3 2 5 
	-> 1 2 3 5 6 7 8 10 
Structure 790: 10 7 8 1 11 9 13 4 6 3 2 5 
	-> 1 2 3 4 5 6 7 8 9 10 11 13 
Structure 791: 10 7 8 1 9 4 6 3 2 5 
	-> 1 2 3 4 5 6 7 8 9 10 
Structure 792: 10 20 8 1 11 9 4 6 3 2 5 
	-> 1 2 3 4 5 6 8 9 10 11 
Structure 793: 12 10 7 1 9 4 6 3 2 5 
	-> 1 2 3 4 5 6 7 9 10 12 
Structure 794: 12 16 8 1 9 4 21 28 3 2 5 
	-> 1 2 3 4 5 8 9 12 16 
Structure 795: 10 7 8 1 9 14 4 6 3 2 5 
	-> 1 2 3 4 5 6 7 8 9 10 14 
Structure 796: 10 7 8 1 9 13 4 6 3 2 5 
	-> 1 2 3 4 5 6 7 8 9 10 13 
Structure 797: 12 16 7 8 1 60 9 13 4 6 3 2 5 
	-> 1 2 3 4 5 6 7 8 9 12 13 16 
Structure 798: 10 7 8 1 18 4 6 3 2 5 
	-> 1 2 3 4 5 6 7 8 10 18 
Structure 799: 17 12 10 7 8 1 11 18 4 6 3 2 45 5 
	-> 1 2 3 4 5 6 7 8 10 11 12 17 18 
Structure 800: 12 16 115 20 32 23 1 11 9 14 4 6 3 2 5 
	-> 1 2 3 4 5 6 9 11 12 14 16 
Structure 801: 24 42 10 7 8 1 11 9 30 4 6 3 2 5 
	-> 1 2 3 4 5 6 7 8 9 10 11 
Structure 802: 10 7 8 1 9 4 6 3 2 5 
	-> 1 2 3 4 5 6 7 8 9 10 
Structure 803: 10 7 8 27 1 9 13 4 6 3 2 33 5 
	-> 1 2 3 4 5 6 7 8 9 10 13 
Structure 804: 15 10 7 8 1 11 9 4 6 3 2 5 
	-> 1 2 3 4 5 6 7 8 9 10 11 15 
Structure 805: 15 24 20 8 1 50 18 4 6 3 2 5 
	-> 1 2 3 4 5 6 8 15 18 
Structure 806: 15 24 10 7 8 1 11 9 14 4 22 6 3 2 5 
	-> 1 2 3 4 5 6 7 8 9 10 11 14 15 
Structure 807: 15 10 7 8 1 11 9 14 4 6 3 2 5 
	-> 1 2 3 4 5 6 7 8 9 10 11 14 15 
Structure 808: 17 12 16 7 8 1 11 9 4 6 3 2 5 
	-> 1 2 3 4 5 6 7 8 9 11 12 16 17 
Structure 809: 10 7 8 1 29 9 4 21 3 2 5 
	-> 1 2 3 4 5 7 8 9 10 
Structure 810: 10 7 8 1 11 9 13 4 22 6 3 2 5 
	-> 1 2 3 4 5 6 7 8 9 10 11 13 
Structure 811: 10 7 8 1 11 19 9 13 4 6 3 2 5 
	-> 1 2 3 4 5 6 7 8 9 10 11 13 
Structure 812: 10 7 8 1 11 9 4 6 3 2 5 
	-> 1 2 3 4 5 6 7 8 9 10 11 
Structure 813: 10 7 8 1 11 9 25 4 21 6 3 2 5 
	-> 1 2 3 4 5 6 7 8 9 10 11 
Structure 814: 17 12 10 7 1 11 9 4 6 81 3 2 5 
	-> 1 2 3 4 5 6 7 9 10 11 12 17 
Structure 815: 10 7 8 1 9 4 6 3 2 5 
	-> 1 2 3 4 5 6 7 8 9 10 
Structure 816: 10 7 8 1 11 9 13 14 4 22 6 3 2 5 
	-> 1 2 3 4 5 6 7 8 9 10 11 13 14 
Structure 817: 10 7 8 1 9 14 4 21 28 3 2 5 
	-> 1 2 3 4 5 7 8 9 10 14 
Structure 818: 10 7 8 1 29 9 14 4 6 3 2 5 
	-> 1 2 3 4 5 6 7 8 9 10 14 
Structure 819: 12 10 7 8 1 9 13 14 4 21 6 3 2 5 
	-> 1 2 3 4 5 6 7 8 9 10 12 13 14 
Structure 820: 15 10 7 8 1 11 9 13 14 4 21 28 3 2 5 
	-> 1 2 3 4 5 7 8 9 10 11 13 14 15 
Structure 821: 10 7 8 1 11 9 14 4 6 3 2 5 
	-> 1 2 3 4 5 6 7 8 9 10 11 14 
Structure 822: 10 7 23 1 9 13 4 6 3 2 5 
	-> 1 2 3 4 5 6 7 9 10 13 
Structure 823: 15 24 10 20 8 1 11 9 4 6 3 2 5 
	-> 1 2 3 4 5 6 8 9 10 11 15 
Structure 824: 10 7 8 1 9 4 6 3 2 5 
	-> 1 2 3 4 5 6 7 8 9 10 
Structure 825: 10 7 8 1 9 4 6 3 2 59 5 
	-> 1 2 3 4 5 6 7 8 9 10 
Structure 826: 10 7 8 1 11 29 9 4 6 3 2 33 5 
	-> 1 2 3 4 5 6 7 8 9 10 11 
Structure 827: 10 7 8 1 19 9 4 6 3 2 5 
	-> 1 2 3 4 5 6 7 8 9 10 
Structure 828: 12 10 7 8 1 11 9 4 6 3 2 5 
	-> 1 2 3 4 5 6 7 8 9 10 11 12 
Structure 829: 15 10 7 8 1 11 9 13 4 21 28 3 2 5 
	-> 1 2 3 4 5 7 8 9 10 11 13 15 
Structure 830: 20 8 1 11 9 13 14 4 6 3 2 5 
	-> 1 2 3 4 5 6 8 9 11 13 14 
Structure 831: 10 7 8 1 9 4 6 3 2 5 
	-> 1 2 3 4 5 6 7 8 9 10 
Structure 832: 17 12 16 82 83 23 1 11 29 9 116 4 6 117 2 5 
	-> 1 2 4 5 6 9 11 12 16 17 
Structure 833: 10 7 8 1 11 9 14 4 6 3 2 5 
	-> 1 2 3 4 5 6 7 8 9 10 11 14 
Structure 834: 10 7 8 1 40 9 25 4 6 3 2 5 
	-> 1 2 3 4 5 6 7 8 9 10 
Structure 835: 10 7 8 1 9 4 6 3 2 5 
	-> 1 2 3 4 5 6 7 8 9 10 
Structure 836: 38 10 7 8 1 11 9 13 14 4 21 6 3 2 5 
	-> 1 2 3 4 5 6 7 8 9 10 11 13 14 
Structure 837: 10 7 8 1 9 14 4 6 3 2 5 
	-> 1 2 3 4 5 6 7 8 9 10 14 
Structure 838: 12 16 7 8 1 11 19 9 4 6 3 2 5 
	-> 1 2 3 4 5 6 7 8 9 11 12 16 
Structure 839: 10 7 23 1 11 9 4 6 3 2 5 
	-> 1 2 3 4 5 6 7 9 10 11 
Structure 840: 12 10 7 8 1 11 9 13 4 21 6 3 2 5 
	-> 1 2 3 4 5 6 7 8 9 10 11 12 13 
Structure 841: 10 7 8 1 11 9 4 6 3 2 5 
	-> 1 2 3 4 5 6 7 8 9 10 11 
Structure 842: 20 8 1 11 9 13 14 4 6 3 2 5 
	-> 1 2 3 4 5 6 8 9 11 13 14 
Structure 843: 15 10 7 8 27 1 40 9 14 4 6 3 2 5 
	-> 1 2 3 4 5 6 7 8 9 10 14 15 
Structure 844: 10 7 8 1 11 19 9 13 4 6 3 2 5 
	-> 1 2 3 4 5 6 7 8 9 10 11 13 
Structure 845: 10 7 8 1 9 4 6 3 2 5 
	-> 1 2 3 4 5 6 7 8 9 10 
Structure 846: 10 7 8 1 11 9 13 4 6 3 2 5 
	-> 1 2 3 4 5 6 7 8 9 10 11 13 
Structure 847: 10 7 8 1 11 9 4 21 28 3 2 5 
	-> 1 2 3 4 5 7 8 9 10 11 
Structure 848: 17 12 16 7 23 1 11 9 13 4 6 3 2 5 
	-> 1 2 3 4 5 6 7 9 11 12 13 16 17 
Structure 849: 12 10 7 8 1 11 9 4 6 3 2 5 
	-> 1 2 3 4 5 6 7 8 9 10 11 12 
Structure 850: 15 10 7 8 1 11 9 4 21 28 49 64 5 
	-> 1 4 5 7 8 9 10 11 15 
Structure 851: 12 16 7 8 1 11 9 14 4 6 3 2 5 
	-> 1 2 3 4 5 6 7 8 9 11 12 14 16 
Structure 852: 10 7 8 1 11 9 14 4 6 3 2 5 
	-> 1 2 3 4 5 6 7 8 9 10 11 14 
Structure 853: 12 10 7 8 27 1 9 4 22 6 3 2 5 
	-> 1 2 3 4 5 6 7 8 9 10 12 
Structure 854: 10 7 8 1 19 9 25 4 6 3 2 5 
	-> 1 2 3 4 5 6 7 8 9 10 
Structure 855: 15 10 7 8 1 11 18 4 6 3 2 5 
	-> 1 2 3 4 5 6 7 8 10 11 15 18 
Structure 856: 10 7 8 1 9 4 6 3 2 5 
	-> 1 2 3 4 5 6 7 8 9 10 
Structure 857: 10 7 8 1 9 4 21 3 2 5 
	-> 1 2 3 4 5 7 8 9 10 
Structure 858: 10 7 8 1 9 14 4 6 3 2 5 
	-> 1 2 3 4 5 6 7 8 9 10 14 
Structure 859: 10 7 8 1 11 9 4 6 3 2 5 
	-> 1 2 3 4 5 6 7 8 9 10 11 
Structure 860: 10 7 8 1 9 13 4 6 3 2 5 
	-> 1 2 3 4 5 6 7 8 9 10 13 
Structure 861: 10 7 8 27 1 9 4 21 28 3 2 5 
	-> 1 2 3 4 5 7 8 9 10 
Structure 862: 12 10 7 36 23 1 11 9 13 4 6 26 3 2 5 
	-> 1 2 3 4 5 6 7 9 10 11 12 13 
Structure 863: 10 7 8 1 11 9 4 6 3 2 5 
	-> 1 2 3 4 5 6 7 8 9 10 11 
Structure 864: 12 16 7 23 1 11 9 13 4 21 58 3 2 5 
	-> 1 2 3 4 5 7 9 11 12 13 16 
Structure 865: 10 7 8 1 11 9 30 4 22 6 3 2 5 79 
	-> 1 2 3 4 5 6 7 8 9 10 11 
Structure 866: 20 8 1 11 9 4 6 3 2 5 
	-> 1 2 3 4 5 6 8 9 11 
Structure 867: 75 17 12 16 7 8 1 11 9 13 4 6 3 2 5 
	-> 1 2 3 4 5 6 7 8 9 11 12 13 16 17 
Structure 868: 12 10 7 8 1 9 4 6 3 2 5 
	-> 1 2 3 4 5 6 7 8 9 10 12 
Structure 869: 10 7 8 1 9 14 4 6 3 2 5 
	-> 1 2 3 4 5 6 7 8 9 10 14 
Structure 870: 24 7 8 1 9 13 4 6 3 2 33 5 
	-> 1 2 3 4 5 6 7 8 9 13 
Structure 871: 10 7 1 11 9 14 4 22 6 3 2 5 
	-> 1 2 3 4 5 6 7 9 10 11 14 
Structure 872: 10 7 8 1 11 9 14 4 21 28 3 2 5 
	-> 1 2 3 4 5 7 8 9 10 11 14 
Structure 873: 10 7 8 1 11 18 4 6 3 2 5 
	-> 1 2 3 4 5 6 7 8 10 11 18 
Structure 874: 17 12 16 7 8 1 9 4 6 3 2 5 
	-> 1 2 3 4 5 6 7 8 9 12 16 17 
Structure 875: 12 16 7 23 1 11 19 9 35 4 6 3 2 5 
	-> 1 2 3 4 5 6 7 9 11 12 16 
Structure 876: 10 7 8 1 9 4 6 3 2 5 
	-> 1 2 3 4 5 6 7 8 9 10 
Structure 877: 17 12 10 7 8 1 9 14 4 6 3 2 5 
	-> 1 2 3 4 5 6 7 8 9 10 12 14 17 
Structure 878: 16 7 8 1 9 4 22 6 3 2 5 
	-> 1 2 3 4 5 6 7 8 9 16 
Structure 879: 10 7 8 1 11 9 4 21 6 3 2 5 
	-> 1 2 3 4 5 6 7 8 9 10 11 
Structure 880: 10 7 8 1 11 9 4 6 3 2 5 
	-> 1 2 3 4 5 6 7 8 9 10 11 
Structure 881: 12 10 7 8 1 9 4 6 26 2 5 
	-> 1 2 4 5 6 7 8 9 10 12 
Structure 882: 17 12 10 7 8 1 9 13 4 6 3 2 5 
	-> 1 2 3 4 5 6 7 8 9 10 12 13 17 
Structure 883: 17 12 16 7 8 1 9 4 6 34 3 2 5 
	-> 1 2 3 4 5 6 7 8 9 12 16 17 
Structure 884: 10 7 8 1 11 9 13 14 4 6 3 2 5 
	-> 1 2 3 4 5 6 7 8 9 10 11 13 14 
Structure 885: 15 16 7 8 1 9 13 4 6 3 2 5 
	-> 1 2 3 4 5 6 7 8 9 13 15 16 
Structure 886: 15 24 10 7 8 1 9 4 6 3 2 5 
	-> 1 2 3 4 5 6 7 8 9 10 15 
Structure 887: 10 7 8 1 11 9 13 4 6 3 2 5 
	-> 1 2 3 4 5 6 7 8 9 10 11 13 
Structure 888: 15 10 7 39 1 11 9 14 4 6 3 2 5 
	-> 1 2 3 4 5 6 7 9 10 11 14 15 
Structure 889: 10 7 8 1 18 4 6 3 2 45 33 5 
	-> 1 2 3 4 5 6 7 8 10 18 
Structure 890: 17 12 10 7 8 1 18 14 4 6 3 2 5 
	-> 1 2 3 4 5 6 7 8 10 12 14 17 18 
Structure 891: 15 71 16 7 8 1 11 9 13 14 4 6 26 2 5 
	-> 1 2 4 5 6 7 8 9 11 13 14 15 16 
Structure 892: 10 7 8 1 11 19 9 4 6 3 2 5 
	-> 1 2 3 4 5 6 7 8 9 10 11 
Structure 893: 17 12 10 7 8 1 9 4 6 3 2 5 
	-> 1 2 3 4 5 6 7 8 9 10 12 17 
Structure 894: 10 7 8 1 11 9 4 6 3 2 31 
	-> 1 2 3 4 6 7 8 9 10 11 
Structure 895: 15 10 7 8 1 11 19 9 4 6 3 2 5 
	-> 1 2 3 4 5 6 7 8 9 10 11 15 
Structure 896: 10 7 8 1 11 9 4 22 6 3 2 5 
	-> 1 2 3 4 5 6 7 8 9 10 11 
Structure 897: 17 12 10 20 8 1 11 9 14 4 6 3 2 5 
	-> 1 2 3 4 5 6 8 9 10 11 12 14 17 
Structure 898: 10 7 1 11 19 9 4 6 3 2 5 
	-> 1 2 3 4 5 6 7 9 10 11 
Structure 899: 17 12 10 7 8 1 11 9 4 6 3 2 5 
	-> 1 2 3 4 5 6 7 8 9 10 11 12 17 
Structure 900: 10 20 8 1 9 4 6 3 2 5 
	-> 1 2 3 4 5 6 8 9 10 
Structure 901: 15 10 7 8 1 9 13 4 6 3 2 5 
	-> 1 2 3 4 5 6 7 8 9 10 13 15 
Structure 902: 15 24 42 10 7 8 1 9 13 4 6 3 2 5 
	-> 1 2 3 4 5 6 7 8 9 10 13 15 
Structure 903: 17 12 10 7 8 1 11 9 4 22 6 3 2 5 
	-> 1 2 3 4 5 6 7 8 9 10 11 12 17 
Structure 904: 10 20 32 8 1 11 18 69 6 3 2 5 
	-> 1 2 3 5 6 8 10 11 18 
Structure 905: 10 7 8 1 9 13 4 6 3 2 5 
	-> 1 2 3 4 5 6 7 8 9 10 13 
Structure 906: 10 7 8 1 11 9 13 4 6 3 2 5 
	-> 1 2 3 4 5 6 7 8 9 10 11 13 
Structure 907: 15 10 7 8 1 11 19 9 14 4 6 3 2 5 
	-> 1 2 3 4 5 6 7 8 9 10 11 14 15 
Structure 908: 12 10 7 8 1 11 19 9 14 4 6 3 2 5 
	-> 1 2 3 4 5 6 7 8 9 10 11 12 14 
Structure 909: 12 10 7 8 1 11 9 4 6 3 2 5 
	-> 1 2 3 4 5 6 7 8 9 10 11 12 
Structure 910: 10 7 8 1 19 9 14 46 6 3 2 5 
	-> 1 2 3 5 6 7 8 9 10 14 
Structure 911: 17 12 16 7 8 1 11 9 14 4 21 6 3 2 5 
	-> 1 2 3 4 5 6 7 8 9 11 12 14 16 17 
Structure 912: 10 7 8 27 1 11 9 4 22 6 3 2 5 
	-> 1 2 3 4 5 6 7 8 9 10 11 
Structure 913: 10 7 8 1 9 4 6 3 2 5 
	-> 1 2 3 4 5 6 7 8 9 10 
Structure 914: 12 16 82 83 23 1 11 19 9 4 6 3 2 5 
	-> 1 2 3 4 5 6 9 11 12 16 
Structure 915: 17 12 16 7 8 1 11 19 9 4 6 3 2 5 
	-> 1 2 3 4 5 6 7 8 9 11 12 16 17 
Structure 916: 12 10 7 8 1 11 9 13 4 6 3 2 5 
	-> 1 2 3 4 5 6 7 8 9 10 11 12 13 
Structure 917: 12 10 7 8 1 11 19 9 30 118 4 6 49 64 5 
	-> 1 4 5 6 7 8 9 10 11 12 
Structure 918: 10 7 8 1 9 25 4 21 28 3 2 5 
	-> 1 2 3 4 5 7 8 9 10 
Structure 919: 15 24 10 7 8 1 11 9 14 4 6 3 2 5 
	-> 1 2 3 4 5 6 7 8 9 10 11 14 15 
Structure 920: 15 10 7 36 1 11 9 13 4 6 3 2 33 5 
	-> 1 2 3 4 5 6 7 9 10 11 13 15 
Structure 921: 10 7 8 1 11 9 4 6 3 2 5 
	-> 1 2 3 4 5 6 7 8 9 10 11 
Structure 922: 17 12 16 7 8 1 18 4 6 3 2 33 5 
	-> 1 2 3 4 5 6 7 8 12 16 17 18 
Structure 923: 10 7 8 1 9 14 4 6 3 2 5 
	-> 1 2 3 4 5 6 7 8 9 10 14 
Structure 924: 10 7 8 1 11 9 13 4 6 3 2 31 
	-> 1 2 3 4 6 7 8 9 10 11 13 
Structure 925: 15 10 7 8 1 11 9 4 21 119 3 2 5 
	-> 1 2 3 4 5 7 8 9 10 11 15 
Structure 926: 17 12 16 7 8 1 11 9 4 6 3 2 5 
	-> 1 2 3 4 5 6 7 8 9 11 12 16 17 
Structure 927: 17 12 16 7 23 1 9 30 14 4 6 3 2 5 
	-> 1 2 3 4 5 6 7 9 12 14 16 17 
Structure 928: 10 7 8 1 11 9 4 6 3 2 5 63 
	-> 1 2 3 4 5 6 7 8 9 10 11 
Structure 929: 15 24 10 7 8 1 19 9 4 6 3 2 5 
	-> 1 2 3 4 5 6 7 8 9 10 15 
Structure 930: 10 7 8 1 19 9 30 14 4 6 3 2 5 
	-> 1 2 3 4 5 6 7 8 9 10 14 
Structure 931: 17 12 10 7 8 1 11 9 13 4 22 6 3 2 5 
	-> 1 2 3 4 5 6 7 8 9 10 11 12 13 17 
Structure 932: 12 10 7 8 1 11 9 13 4 6 3 2 5 
	-> 1 2 3 4 5 6 7 8 9 10 11 12 13 
Structure 933: 10 7 8 1 11 9 13 4 6 3 2 5 
	-> 1 2 3 4 5 6 7 8 9 10 11 13 
Structure 934: 10 7 1 11 9 4 6 3 2 5 
	-> 1 2 3 4 5 6 7 9 10 11 
Structure 935: 15 24 10 7 8 1 9 4 6 3 2 5 
	-> 1 2 3 4 5 6 7 8 9 10 15 
Structure 936: 10 7 8 1 11 9 4 6 3 2 5 
	-> 1 2 3 4 5 6 7 8 9 10 11 
Structure 937: 10 7 8 1 19 9 4 21 6 3 2 5 
	-> 1 2 3 4 5 6 7 8 9 10 
Structure 938: 15 10 7 8 1 11 9 13 14 4 6 26 3 2 5 
	-> 1 2 3 4 5 6 7 8 9 10 11 13 14 15 
Structure 939: 15 10 7 8 1 9 4 6 3 2 5 
	-> 1 2 3 4 5 6 7 8 9 10 15 
Structure 940: 17 12 10 7 8 1 9 13 4 6 3 2 5 
	-> 1 2 3 4 5 6 7 8 9 10 12 13 17 
Structure 941: 120 10 7 8 1 9 4 6 3 2 5 
	-> 1 2 3 4 5 6 7 8 9 10 
Structure 942: 10 7 32 8 1 11 9 4 6 3 2 5 
	-> 1 2 3 4 5 6 7 8 9 10 11 
Structure 943: 10 7 8 1 11 37 48 3 2 5 
	-> 1 2 3 5 7 8 10 11 
Structure 944: 10 7 8 1 11 9 4 6 3 2 5 
	-> 1 2 3 4 5 6 7 8 9 10 11 
Structure 945: 17 12 10 7 8 1 11 9 13 4 6 3 2 5 
	-> 1 2 3 4 5 6 7 8 9 10 11 12 13 17 
Structure 946: 17 12 10 20 8 1 11 19 9 4 6 3 2 5 
	-> 1 2 3 4 5 6 8 9 10 11 12 17 
Structure 947: 20 8 1 9 13 14 46 22 6 3 2 5 
	-> 1 2 3 5 6 8 9 13 14 
Structure 948: 17 12 10 7 8 1 11 9 13 4 6 3 2 5 
	-> 1 2 3 4 5 6 7 8 9 10 11 12 13 17 
Structure 949: 17 12 16 20 32 8 1 11 18 4 6 3 2 5 
	-> 1 2 3 4 5 6 8 11 12 16 17 18 
Structure 950: 10 7 8 1 11 18 35 14 4 6 3 2 5 
	-> 1 2 3 4 5 6 7 8 10 11 14 18 
Structure 951: 10 7 8 1 60 9 4 6 3 2 5 
	-> 1 2 3 4 5 6 7 8 9 10 
Structure 952: 10 7 1 9 14 4 6 3 2 5 
	-> 1 2 3 4 5 6 7 9 10 14 
Structure 953: 17 12 16 7 8 1 9 13 4 6 3 2 5 
	-> 1 2 3 4 5 6 7 8 9 12 13 16 17 
Structure 954: 12 16 7 8 1 11 9 4 6 3 2 5 
	-> 1 2 3 4 5 6 7 8 9 11 12 16 
Structure 955: 17 12 10 7 8 1 11 9 4 6 3 2 5 
	-> 1 2 3 4 5 6 7 8 9 10 11 12 17 
Structure 956: 15 10 7 8 1 9 4 21 28 3 2 5 
	-> 1 2 3 4 5 7 8 9 10 15 
Structure 957: 10 7 8 1 11 9 4 6 3 2 59 5 
	-> 1 2 3 4 5 6 7 8 9 10 11 
Structure 958: 17 12 10 7 8 1 9 35 4 6 3 2 5 
	-> 1 2 3 4 5 6 7 8 9 10 12 17 
Structure 959: 10 7 1 29 9 4 6 3 2 5 
	-> 1 2 3 4 5 6 7 9 10 
Structure 960: 10 20 8 1 11 9 4 6 3 2 5 
	-> 1 2 3 4 5 6 8 9 10 11 
Structure 961: 12 10 7 8 1 9 4 6 3 2 
	-> 1 2 3 4 6 7 8 9 10 12 
Structure 962: 17 12 16 7 8 1 11 9 4 6 3 2 5 
	-> 1 2 3 4 5 6 7 8 9 11 12 16 17 
Structure 963: 17 12 10 7 8 1 11 18 4 6 3 2 5 
	-> 1 2 3 4 5 6 7 8 10 11 12 17 18 
Structure 964: 15 16 7 8 1 11 9 13 4 6 3 2 31 
	-> 1 2 3 4 6 7 8 9 11 13 15 16 
Structure 965: 10 7 8 1 9 4 6 3 2 5 
	-> 1 2 3 4 5 6 7 8 9 10 
Structure 966: 10 7 8 1 11 9 4 6 3 2 5 
	-> 1 2 3 4 5 6 7 8 9 10 11 
Structure 967: 15 10 7 8 27 1 11 9 4 6 3 2 5 
	-> 1 2 3 4 5 6 7 8 9 10 11 15 
Structure 968: 10 7 8 1 9 13 4 6 3 2 5 
	-> 1 2 3 4 5 6 7 8 9 10 13 
Structure 969: 10 7 8 1 11 9 4 6 3 2 5 
	-> 1 2 3 4 5 6 7 8 9 10 11 
Structure 970: 15 24 10 7 8 1 11 9 13 4 6 3 2 33 5 
	-> 1 2 3 4 5 6 7 8 9 10 11 13 15 
Structure 971: 10 7 1 9 4 6 3 2 5 
	-> 1 2 3 4 5 6 7 9 10 
Structure 972: 12 16 7 8 1 9 4 6 3 2 5 
	-> 1 2 3 4 5 6 7 8 9 12 16 
Structure 973: 10 7 8 1 11 9 4 6 3 2 5 
	-> 1 2 3 4 5 6 7 8 9 10 11 
Structure 974: 10 7 8 1 11 9 13 4 6 3 2 5 
	-> 1 2 3 4 5 6 7 8 9 10 11 13 
Structure 975: 16 7 8 1 9 14 4 6 3 2 5 
	-> 1 2 3 4 5 6 7 8 9 14 16 
Structure 976: 15 24 10 7 8 1 9 4 6 26 2 5 
	-> 1 2 4 5 6 7 8 9 10 15 
Structure 977: 10 7 8 1 11 9 4 6 3 2 5 
	-> 1 2 3 4 5 6 7 8 9 10 11 
Structure 978: 20 32 8 1 11 9 13 4 6 3 2 5 
	-> 1 2 3 4 5 6 8 9 11 13 
Structure 979: 10 7 8 1 9 13 4 6 3 2 33 5 
	-> 1 2 3 4 5 6 7 8 9 10 13 
Structure 980: 15 10 20 8 1 11 9 4 6 3 2 5 
	-> 1 2 3 4 5 6 8 9 10 11 15 
Structure 981: 10 7 23 1 9 13 4 6 3 2 5 
	-> 1 2 3 4 5 6 7 9 10 13 
Structure 982: 10 7 8 1 29 9 13 4 6 3 2 5 
	-> 1 2 3 4 5 6 7 8 9 10 13 
Structure 983: 15 10 7 8 1 11 9 4 6 3 2 5 
	-> 1 2 3 4 5 6 7 8 9 10 11 15 
Structure 984: 10 7 8 1 18 4 6 3 2 5 
	-> 1 2 3 4 5 6 7 8 10 18 
Structure 985: 10 7 8 1 11 9 4 6 3 2 5 
	-> 1 2 3 4 5 6 7 8 9 10 11 
Structure 986: 15 10 7 8 1 11 9 4 6 3 2 5 
	-> 1 2 3 4 5 6 7 8 9 10 11 15 
Structure 987: 16 7 8 1 11 9 13 4 6 3 2 5 
	-> 1 2 3 4 5 6 7 8 9 11 13 16 
Structure 988: 17 12 16 7 8 1 11 29 9 13 4 6 3 2 5 
	-> 1 2 3 4 5 6 7 8 9 11 12 13 16 17 
Structure 989: 57 10 7 8 27 1 9 4 6 3 2 5 
	-> 1 2 3 4 5 6 7 8 9 10 
Structure 990: 10 7 8 1 9 4 6 3 2 5 
	-> 1 2 3 4 5 6 7 8 9 10 
Structure 991: 10 7 8 1 11 9 13 4 6 26 3 2 5 
	-> 1 2 3 4 5 6 7 8 9 10 11 13 
Structure 992: 10 7 8 1 11 9 4 6 3 2 5 
	-> 1 2 3 4 5 6 7 8 9 10 11 
Structure 993: 15 10 7 23 1 9 4 6 3 2 5 
	-> 1 2 3 4 5 6 7 9 10 15 
Structure 994: 12 16 7 8 1 18 4 6 3 2 45 5 
	-> 1 2 3 4 5 6 7 8 12 16 18 
Structure 995: 65 51 52 53 121 122 37 6 3 2 123 54 55 
	-> 2 3 6 
Structure 996: 24 10 7 8 1 9 4 6 81 3 2 5 
	-> 1 2 3 4 5 6 7 8 9 10 
Structure 997: 20 8 1 11 9 4 21 6 3 2 5 
	-> 1 2 3 4 5 6 8 9 11 
Structure 998: 17 12 16 7 8 1 11 18 14 4 6 3 2 5 
	-> 1 2 3 4 5 6 7 8 11 12 14 16 17 18 
Structure 999: 12 10 7 32 8 1 11 9 35 4 6 3 2 5 
	-> 1 2 3 4 5 6 7 8 9 10 11 12 
Structure 1000: 10 7 8 1 11 19 9 4 6 3 2 5 
	-> 1 2 3 4 5 6 7 8 9 10 11 12  