Processing: /home/hwilco/Documents/RNA Research/RNAStructProfiling-master/output/training/Vibrio_cholerae_O395.1_sfold/input/Vibrio_cholerae_O395.1_sfold.out
Structure 1: 3 10 B 18 C 1 9 40 2 14
	-> 1 2 3 B C 9 10 14 
Structure 2: 3 B 8 4 1 21 11 7 A 2
	-> 1 2 3 4 A 7 B 8 11 
Structure 3: 3 24 B 8 4 1 21 11 7 A 2
	-> 1 2 3 4 A 7 B 8 11 
Structure 4: 3 23 20 C 1 7 53 2 36 29 42
	-> 1 2 3 7 C 
Structure 5: 3 10 20 C 4 1 9 A 2 14
	-> 1 2 3 4 A C 9 10 14 
Structure 6: 3 D 8 4 1 21 11 7 A 2
	-> 1 2 3 4 A 7 8 11 D 
Structure 7: 3 10 B 18 C 4 1 9 A 2 14
	-> 1 2 3 4 A B C 9 10 14 
Structure 8: 3 10 B 17 4 1 9 A 2 14
	-> 1 2 3 4 A B 9 10 14 17 
Structure 9: 3 10 20 17 4 1 9 A 2 14
	-> 1 2 3 4 A 9 10 14 17 
Structure 10: 3 D 8 4 1 104 7 A 2
	-> 1 2 3 4 A 7 8 D 
Structure 11: 3 26 B 8 4 1 33 11 7 A 2
	-> 1 2 3 4 A 7 B 8 11 
Structure 12: 3 D 8 4 1 11 7 A 2
	-> 1 2 3 4 A 7 8 11 D 
Structure 13: 3 23 20 4 1 31 27 7 A 2
	-> 1 2 3 4 A 7 
Structure 14: 3 20 8 4 1 33 7 A 2
	-> 1 2 3 4 A 7 8 
Structure 15: 3 10 20 17 4 1 9 62 44 2 105 14
	-> 1 2 3 4 9 10 14 17 
Structure 16: 3 B 8 32 1 50 39 41 7 2
	-> 1 2 3 7 B 8 
Structure 17: 3 26 B 8 4 1 33 7 A 2
	-> 1 2 3 4 A 7 B 8 
Structure 18: 3 10 B 18 17 4 1 9 A 2 72
	-> 1 2 3 4 A B 9 10 17 
Structure 19: 3 D 8 4 1 21 11 7 A 2
	-> 1 2 3 4 A 7 8 11 D 
Structure 20: 3 D 8 4 1 11 7 A 2
	-> 1 2 3 4 A 7 8 11 D 
Structure 21: 3 24 B 8 C 4 1 11 7 A 2
	-> 1 2 3 4 A 7 B 8 C 11 
Structure 22: 3 28 24 B C 4 1 31 27 7 A 2
	-> 1 2 3 4 A 7 B C 
Structure 23: 3 D 8 4 1 11 7 A 2
	-> 1 2 3 4 A 7 8 11 D 
Structure 24: 3 20 8 C 4 1 21 11 7 A 2
	-> 1 2 3 4 A 7 8 C 11 
Structure 25: 3 D 8 4 1 39 41 122 123 65 66 54
	-> 1 3 4 8 D 
Structure 26: 46 D 8 4 1 67 38 5 2
	-> 1 2 4 8 D 
Structure 27: 3 23 20 86 4 1 149 31 27 7 A 2
	-> 1 2 3 4 A 7 
Structure 28: 3 D 8 4 1 21 11 7 A 2
	-> 1 2 3 4 A 7 8 11 D 
Structure 29: 3 D 8 4 1 21 11 7 A 2
	-> 1 2 3 4 A 7 8 11 D 
Structure 30: 3 10 20 17 4 1 9 A 2 14
	-> 1 2 3 4 A 9 10 14 17 
Structure 31: 3 D 8 4 1 11 7 A 2
	-> 1 2 3 4 A 7 8 11 D 
Structure 32: 34 26 B 8 4 1 93 11 7 A 2
	-> 1 2 4 A 7 B 8 11 
Structure 33: 3 10 20 C 4 1 9 A 2 14
	-> 1 2 3 4 A C 9 10 14 
Structure 34: 46 26 B 8 4 1 21 11 7 A 2
	-> 1 2 4 A 7 B 8 11 
Structure 35: 3 D 8 4 1 21 11 7 A 2
	-> 1 2 3 4 A 7 8 11 D 
Structure 36: 3 D 8 4 1 67 38 44 2
	-> 1 2 3 4 8 D 
Structure 37: 3 10 20 17 4 1 9 A 2 14
	-> 1 2 3 4 A 9 10 14 17 
Structure 38: 3 28 B C 4 1 7 53 2 14
	-> 1 2 3 4 7 B C 14 
Structure 39: 34 73 20 94 4 1 39 41 7 2
	-> 1 2 4 7 
Structure 40: 3 B 47 8 55 4 1 11 7 A 2
	-> 1 2 3 4 A 7 B 8 11 
Structure 41: 3 D 8 4 1 21 11 7 A 2
	-> 1 2 3 4 A 7 8 11 D 
Structure 42: 3 10 B 45 17 4 1 9 A 2
	-> 1 2 3 4 A B 9 10 17 
Structure 43: 3 26 B 8 4 1 11 7 A 2
	-> 1 2 3 4 A 7 B 8 11 
Structure 44: 3 68 B 57 1 31 27 7 A 2
	-> 1 2 3 A 7 B 
Structure 45: 3 26 B 8 4 1 11 7 A 2
	-> 1 2 3 4 A 7 B 8 11 
Structure 46: 3 24 B 8 4 1 27 7 A 2
	-> 1 2 3 4 A 7 B 8 
Structure 47: 3 28 20 C 4 1 58 60 87 44 2
	-> 1 2 3 4 C 
Structure 48: 3 D 8 4 1 11 7 A 2
	-> 1 2 3 4 A 7 8 11 D 
Structure 49: 3 28 24 B C 4 1 58 60 124 A 2
	-> 1 2 3 4 A B C 
Structure 50: 3 68 B 1 31 27 7 A 2
	-> 1 2 3 A 7 B 
Structure 51: 34 24 B 8 125 32 51 56 35 7 2
	-> 2 7 B 8 
Structure 52: 3 68 B 18 1 31 27 7 A 2
	-> 1 2 3 A 7 B 
Structure 53: 3 26 B 8 32 51 56 43 7 2
	-> 2 3 7 B 8 
Structure 54: 3 106 88 B C 4 1 9 A 2 14
	-> 1 2 3 4 A B C 9 14 
Structure 55: 3 12 B 8 4 1 21 11 7 A 2
	-> 1 2 3 4 A 7 B 8 11 
Structure 56: 3 10 B 18 17 4 1 9 30 37 2 150
	-> 1 2 3 4 B 9 10 17 
Structure 57: 3 D 8 32 1 80 95 38 44 2
	-> 1 2 3 8 D 
Structure 58: 3 20 8 C 4 1 11 7 A 2
	-> 1 2 3 4 A 7 8 C 11 
Structure 59: 3 D 8 4 1 7 A 2
	-> 1 2 3 4 A 7 8 D 
Structure 60: 3 10 B 18 17 4 1 9 A 2 72
	-> 1 2 3 4 A B 9 10 17 
Structure 61: 3 D 8 4 1 7 A 2
	-> 1 2 3 4 A 7 8 D 
Structure 62: 3 10 B 18 C 4 1 9 A 2 59
	-> 1 2 3 4 A B C 9 10 
Structure 63: 3 10 B 18 17 C 4 1 9 30 A 2
	-> 1 2 3 4 A B C 9 10 17 
Structure 64: 3 10 B C 4 1 9 30 126 62 44 2
	-> 1 2 3 4 B C 9 10 
Structure 65: 3 10 20 C 4 1 9 A 2 14
	-> 1 2 3 4 A C 9 10 14 
Structure 66: 3 10 B 18 C 4 1 9 A 2 14
	-> 1 2 3 4 A B C 9 10 14 
Structure 67: 3 20 8 55 4 1 151 7 A 2
	-> 1 2 3 4 A 7 8 
Structure 68: 3 D 8 4 1 27 7 A 2
	-> 1 2 3 4 A 7 8 D 
Structure 69: 3 D 8 4 1 33 21 11 7 A 2
	-> 1 2 3 4 A 7 8 11 D 
Structure 70: 34 24 B 8 4 1 33 21 11 7 A 2
	-> 1 2 4 A 7 B 8 11 
Structure 71: 3 10 B 18 17 4 1 9 2 29 42
	-> 1 2 3 4 B 9 10 17 
Structure 72: 3 10 B 17 C 1 9 30 2
	-> 1 2 3 B C 9 10 17 
Structure 73: 3 10 74 89 1 9 5 2 29
	-> 1 2 3 9 10 
Structure 74: 3 26 B 8 4 1 33 7 A 2
	-> 1 2 3 4 A 7 B 8 
Structure 75: 3 28 24 B C 4 1 48 35 7 107 2 36 29
	-> 1 2 3 4 7 B C 
Structure 76: 3 26 B 8 4 1 21 11 7 A 2
	-> 1 2 3 4 A 7 B 8 11 
Structure 77: 46 26 B 8 32 51 56 152 127 48 35 7 2
	-> 2 7 B 8 
Structure 78: 3 10 B 18 C 1 9 A 2 14
	-> 1 2 3 A B C 9 10 14 
Structure 79: 3 23 20 57 C 4 1 7 A 2 14
	-> 1 2 3 4 A 7 C 14 
Structure 80: 3 10 20 17 4 1 9 A 2 14
	-> 1 2 3 4 A 9 10 14 17 
Structure 81: 3 10 74 89 1 9 30 37 2 49
	-> 1 2 3 9 10 
Structure 82: 3 10 B 18 17 4 1 9 A 2 14
	-> 1 2 3 4 A B 9 10 14 17 
Structure 83: 3 10 B C 4 1 9 A 2 14
	-> 1 2 3 4 A B C 9 10 14 
Structure 84: 3 28 B C 4 1 43 7 2 36 29 42
	-> 1 2 3 4 7 B C 
Structure 85: 3 10 20 17 C 4 1 9 30 2 49
	-> 1 2 3 4 C 9 10 17 
Structure 86: 3 24 B 8 4 1 67 38 87 2
	-> 1 2 3 4 B 8 
Structure 87: 3 23 20 C 4 1 90 7 2 36 29
	-> 1 2 3 4 7 C 
Structure 88: 3 D 8 4 1 11 7 A 2
	-> 1 2 3 4 A 7 8 11 D 
Structure 89: 3 D 8 32 51 56 48 35 7 2
	-> 2 3 7 8 D 
Structure 90: 3 106 88 B 18 17 4 1 9 A 2 14
	-> 1 2 3 4 A B 9 14 17 
Structure 91: 3 24 B 8 4 1 21 11 7 A 2
	-> 1 2 3 4 A 7 B 8 11 
Structure 92: 3 10 20 C 4 1 9 A 2 14
	-> 1 2 3 4 A C 9 10 14 
Structure 93: 3 D 8 4 1 33 21 11 7 A 2
	-> 1 2 3 4 A 7 8 11 D 
Structure 94: 3 D 8 4 1 11 7 A 2
	-> 1 2 3 4 A 7 8 11 D 
Structure 95: 3 28 24 B C 4 1 43 108 7 2 36 29
	-> 1 2 3 4 7 B C 
Structure 96: 3 10 B 17 4 1 9 A 2 14
	-> 1 2 3 4 A B 9 10 14 17 
Structure 97: 3 10 B 18 17 4 1 9 A 2 14
	-> 1 2 3 4 A B 9 10 14 17 
Structure 98: 3 64 81 96 69 4 1 48 35 7 14
	-> 1 3 4 7 14 
Structure 99: 3 D 8 4 1 21 11 7 A 2
	-> 1 2 3 4 A 7 8 11 D 
Structure 100: 3 10 B 18 17 4 1 9 A 2 14
	-> 1 2 3 4 A B 9 10 14 17 
Structure 101: 3 10 B 18 45 17 4 1 9 A 2 14
	-> 1 2 3 4 A B 9 10 14 17 
Structure 102: 3 10 B 18 17 4 1 9 A 2 14
	-> 1 2 3 4 A B 9 10 14 17 
Structure 103: 3 10 82 18 17 4 1 9 A 2 72
	-> 1 2 3 4 A 9 10 17 
Structure 104: 3 24 B 8 4 1 11 7 A 2
	-> 1 2 3 4 A 7 B 8 11 
Structure 105: 3 20 8 4 1 21 11 7 A 2
	-> 1 2 3 4 A 7 8 11 
Structure 106: 3 D 8 4 1 21 11 7 A 2
	-> 1 2 3 4 A 7 8 11 D 
Structure 107: 3 24 B 8 55 4 1 11 7 A 2
	-> 1 2 3 4 A 7 B 8 11 
Structure 108: 3 10 B 17 C 1 9 30 37 61 2
	-> 1 2 3 B C 9 10 17 
Structure 109: 3 10 82 18 C 4 1 9 6 2 14
	-> 1 2 3 4 C 9 10 14 
Structure 110: 3 10 B 18 17 4 1 9 40 2 14
	-> 1 2 3 4 B 9 10 14 17 
Structure 111: 3 153 20 17 C 4 1 35 7 2 14
	-> 1 2 3 4 7 C 14 17 
Structure 112: 3 10 B 18 17 C 4 1 9 A 2 14
	-> 1 2 3 4 A B C 9 10 14 17 
Structure 113: 3 28 20 C 4 1 31 27 7 A 2
	-> 1 2 3 4 A 7 C 
Structure 114: 3 D 8 4 1 11 7 A 2
	-> 1 2 3 4 A 7 8 11 D 
Structure 115: 3 28 B C 4 1 7 53 2 36 29
	-> 1 2 3 4 7 B C 
Structure 116: 3 23 20 C 4 1 58 60 2 29
	-> 1 2 3 4 C 
Structure 117: 3 10 B 18 C 4 1 9 A 2 14
	-> 1 2 3 4 A B C 9 10 14 
Structure 118: 3 26 B 8 4 1 21 11 7 A 2
	-> 1 2 3 4 A 7 B 8 11 
Structure 119: 3 10 B 18 C 4 1 9 A 2 14
	-> 1 2 3 4 A B C 9 10 14 
Structure 120: 3 D 8 4 1 21 11 7 A 2
	-> 1 2 3 4 A 7 8 11 D 
Structure 121: 3 D 8 4 1 38 5 2
	-> 1 2 3 4 8 D 
Structure 122: 3 12 B 8 4 1 21 11 7 A 2
	-> 1 2 3 4 A 7 B 8 11 
Structure 123: 3 10 B 18 17 4 1 9 A 2 14
	-> 1 2 3 4 A B 9 10 14 17 
Structure 124: 3 12 B 8 4 1 33 21 11 7 A 2
	-> 1 2 3 4 A 7 B 8 11 
Structure 125: 3 10 B 18 17 C 4 1 9 30 37 2 42
	-> 1 2 3 4 B C 9 10 17 
Structure 126: 3 D 8 C 1 83 91 7 A 2
	-> 1 2 3 A 7 8 C D 
Structure 127: 3 26 B 8 4 1 84 75 65 66 54
	-> 1 3 4 B 8 
Structure 128: 3 10 B 18 45 17 C 4 1 9 A 2 14 59
	-> 1 2 3 4 A B C 9 10 14 17 
Structure 129: 3 10 B 17 4 1 9 A 2 14
	-> 1 2 3 4 A B 9 10 14 17 
Structure 130: 3 10 B 17 4 1 154 9 A 2 14
	-> 1 2 3 4 A B 9 10 14 17 
Structure 131: 3 D 8 4 1 11 7 A 2
	-> 1 2 3 4 A 7 8 11 D 
Structure 132: 3 23 20 C 4 1 90 109 110 A 2
	-> 1 2 3 4 A C 
Structure 133: 3 D 8 4 1 11 7 6 76 2
	-> 1 2 3 4 7 8 11 D 
Structure 134: 3 24 B 8 4 1 33 21 11 7 A 2
	-> 1 2 3 4 A 7 B 8 11 
Structure 135: 3 D 8 4 1 11 7 A 2
	-> 1 2 3 4 A 7 8 11 D 
Structure 136: 3 10 B 17 C 4 1 9 A 2 14
	-> 1 2 3 4 A B C 9 10 14 17 
Structure 137: 46 D 8 4 1 48 35 7 62 44 2
	-> 1 2 4 7 8 D 
Structure 138: 3 D 8 4 1 21 11 7 A 2
	-> 1 2 3 4 A 7 8 11 D 
Structure 139: 3 D 8 4 1 11 7 A 2
	-> 1 2 3 4 A 7 8 11 D 
Structure 140: 3 10 B 18 17 C 4 1 9 A 2 14
	-> 1 2 3 4 A B C 9 10 14 17 
Structure 141: 3 B 8 4 1 70 38 5 2
	-> 1 2 3 4 B 8 
Structure 142: 3 D 8 4 1 21 11 7 A 2
	-> 1 2 3 4 A 7 8 11 D 
Structure 143: 3 10 20 45 17 4 1 9 6 2 14
	-> 1 2 3 4 9 10 14 17 
Structure 144: 3 10 B 17 4 1 9 A 2 14
	-> 1 2 3 4 A B 9 10 14 17 
Structure 145: 3 24 B 8 4 1 83 7 A 2
	-> 1 2 3 4 A 7 B 8 
Structure 146: 3 28 24 B C 1 58 60 155 156 A 2
	-> 1 2 3 A B C 
Structure 147: 3 10 B 18 17 4 1 9 A 2 14
	-> 1 2 3 4 A B 9 10 14 17 
Structure 148: 3 26 B 8 4 1 21 11 7 A 2
	-> 1 2 3 4 A 7 B 8 11 
Structure 149: 3 26 B 8 4 1 33 7 A 2
	-> 1 2 3 4 A 7 B 8 
Structure 150: 3 10 B 17 4 1 9 A 2 14
	-> 1 2 3 4 A B 9 10 14 17 
Structure 151: 3 20 8 4 1 11 7 A 2
	-> 1 2 3 4 A 7 8 11 
Structure 152: 3 10 20 17 4 1 9 30 37 2 49
	-> 1 2 3 4 9 10 17 
Structure 153: 3 28 B C 4 1 43 7 2 36 29
	-> 1 2 3 4 7 B C 
Structure 154: 3 23 20 C 4 1 31 27 7 A 2
	-> 1 2 3 4 A 7 C 
Structure 155: 3 D 8 C 4 1 7 A 2 42
	-> 1 2 3 4 A 7 8 C D 
Structure 156: 3 D 8 4 1 27 7 6 76 2
	-> 1 2 3 4 7 8 D 
Structure 157: 3 128 10 B 17 4 1 9 A 2 14
	-> 1 2 3 4 A B 9 10 14 17 
Structure 158: 3 24 B 8 4 1 11 7 A 2
	-> 1 2 3 4 A 7 B 8 11 
Structure 159: 3 D 8 4 1 7 A 2
	-> 1 2 3 4 A 7 8 D 
Structure 160: 3 24 B 8 55 4 1 21 11 7 A 2
	-> 1 2 3 4 A 7 B 8 11 
Structure 161: 3 10 B 18 17 4 1 9 A 2 14
	-> 1 2 3 4 A B 9 10 14 17 
Structure 162: 3 D 8 4 1 21 11 7 A 2
	-> 1 2 3 4 A 7 8 11 D 
Structure 163: 3 D 8 4 1 21 11 7 6 44 2
	-> 1 2 3 4 7 8 11 D 
Structure 164: 3 B 8 4 1 77 84 75 65 66 54
	-> 1 3 4 B 8 
Structure 165: 3 10 B C 4 1 9 A 2 14
	-> 1 2 3 4 A B C 9 10 14 
Structure 166: 3 10 B 18 17 4 1 9 30 A 2
	-> 1 2 3 4 A B 9 10 17 
Structure 167: 3 12 129 8 4 1 11 7 A 2
	-> 1 2 3 4 A 7 8 11 
Structure 168: 130 3 88 B C 4 1 9 30 37 157 61 2
	-> 1 2 3 4 B C 9 
Structure 169: 3 23 20 C 4 1 58 60 A 2
	-> 1 2 3 4 A C 
Structure 170: 34 23 20 C 4 1 131 7 A 2
	-> 1 2 4 A 7 C 
Structure 171: 3 64 81 96 69 4 1 48 35 7 14
	-> 1 3 4 7 14 
Structure 172: 3 12 129 8 4 1 77 158 7 2
	-> 1 2 3 4 7 8 
Structure 173: 3 23 20 4 1 9 A 2 14
	-> 1 2 3 4 A 9 14 
Structure 174: 3 D 8 4 1 33 7 A 2
	-> 1 2 3 4 A 7 8 D 
Structure 175: 3 10 B C 4 1 9 A 2 14
	-> 1 2 3 4 A B C 9 10 14 
Structure 176: 3 10 B 17 4 1 9 A 2 14
	-> 1 2 3 4 A B 9 10 14 17 
Structure 177: 3 10 B 45 17 4 1 9 30 A 2
	-> 1 2 3 4 A B 9 10 17 
Structure 178: 34 26 B 8 4 1 70 38 40 2
	-> 1 2 4 B 8 
Structure 179: 3 10 B 18 C 1 9 A 2 14
	-> 1 2 3 A B C 9 10 14 
Structure 180: 3 D 8 4 1 11 7 A 2
	-> 1 2 3 4 A 7 8 11 D 
Structure 181: 34 23 20 C 4 1 7 2 36 29
	-> 1 2 4 7 C 
Structure 182: 3 10 B 18 17 4 1 9 A 2 72
	-> 1 2 3 4 A B 9 10 17 
Structure 183: 3 D 8 32 1 50 7 A 2
	-> 1 2 3 A 7 8 D 
Structure 184: 3 23 20 C 4 1 35 7 107 2 36 29 42
	-> 1 2 3 4 7 C 
Structure 185: 3 10 B 18 45 17 C 4 1 9 A 2 14
	-> 1 2 3 4 A B C 9 10 14 17 
Structure 186: 3 D 8 4 1 67 38 85 2
	-> 1 2 3 4 8 D 
Structure 187: 3 10 B 18 17 4 1 9 30 37 76 2 42
	-> 1 2 3 4 B 9 10 17 
Structure 188: 3 D 8 4 1 11 7 A 2
	-> 1 2 3 4 A 7 8 11 D 
Structure 189: 3 D 8 4 1 11 7 A 2
	-> 1 2 3 4 A 7 8 11 D 
Structure 190: 3 23 20 C 4 1 7 53 44 2 14
	-> 1 2 3 4 7 C 14 
Structure 191: 3 10 B 18 17 4 1 9 40 2 14 59
	-> 1 2 3 4 B 9 10 14 17 
Structure 192: 3 20 8 4 1 63 7 6 2
	-> 1 2 3 4 7 8 
Structure 193: 34 24 B 8 4 1 11 7 A 2
	-> 1 2 4 A 7 B 8 11 
Structure 194: 3 10 B 17 4 1 9 A 2 14
	-> 1 2 3 4 A B 9 10 14 17 
Structure 195: 3 D 8 4 1 7 A 2
	-> 1 2 3 4 A 7 8 D 
Structure 196: 3 10 B 18 17 4 1 9 A 2 14
	-> 1 2 3 4 A B 9 10 14 17 
Structure 197: 3 10 B 18 45 17 4 1 9 A 2 14
	-> 1 2 3 4 A B 9 10 14 17 
Structure 198: 3 24 B 8 4 1 11 7 A 2
	-> 1 2 3 4 A 7 B 8 11 
Structure 199: 78 3 10 B 18 17 4 1 9 44 2 14
	-> 1 2 3 4 B 9 10 14 17 
Structure 200: 3 10 B C 4 1 9 A 2 14
	-> 1 2 3 4 A B C 9 10 14 
Structure 201: 3 23 20 C 4 1 31 27 7 A 2
	-> 1 2 3 4 A 7 C 
Structure 202: 3 28 24 B C 4 1 31 27 7 A 2
	-> 1 2 3 4 A 7 B C 
Structure 203: 3 10 97 98 C 1 9 A 2 14
	-> 1 2 3 A C 9 10 14 
Structure 204: 3 D 8 4 1 63 7 A 2
	-> 1 2 3 4 A 7 8 D 
Structure 205: 3 B 47 8 4 1 21 11 7 A 2
	-> 1 2 3 4 A 7 B 8 11 
Structure 206: 3 10 20 C 4 1 9 A 2 14
	-> 1 2 3 4 A C 9 10 14 
Structure 207: 3 10 20 17 4 1 9 62 2 14
	-> 1 2 3 4 9 10 14 17 
Structure 208: 3 10 B 18 17 4 1 9 A 2 14
	-> 1 2 3 4 A B 9 10 14 17 
Structure 209: 3 26 B 8 32 51 56 111 35 7 2
	-> 2 3 7 B 8 
Structure 210: 3 D 8 C 1 11 7 A 2
	-> 1 2 3 A 7 8 C 11 D 
Structure 211: 3 26 B 8 4 1 7 A 2
	-> 1 2 3 4 A 7 B 8 
Structure 212: 3 10 B 18 C 4 1 9 159 A 2 14
	-> 1 2 3 4 A B C 9 10 14 
Structure 213: 3 B 47 8 4 1 21 11 7 A 2
	-> 1 2 3 4 A 7 B 8 11 
Structure 214: 3 24 B 8 4 1 77 43 7 52 2
	-> 1 2 3 4 7 B 8 
Structure 215: 3 24 B 8 4 1 21 112 11 7 A 2
	-> 1 2 3 4 A 7 B 8 11 
Structure 216: 3 28 B C 4 1 99 100 160 2 36 29
	-> 1 2 3 4 B C 
Structure 217: 3 D 8 4 1 7 A 2
	-> 1 2 3 4 A 7 8 D 
Structure 218: 3 10 B 17 4 1 9 A 2 14
	-> 1 2 3 4 A B 9 10 14 17 
Structure 219: 3 23 20 86 C 4 1 35 7 113 2 36 29
	-> 1 2 3 4 7 C 
Structure 220: 3 28 24 B C 4 1 21 11 7 A 2
	-> 1 2 3 4 A 7 B C 11 
Structure 221: 34 23 20 C 4 1 35 7 2 36 29
	-> 1 2 4 7 C 
Structure 222: 3 26 B 8 4 1 21 11 7 A 2
	-> 1 2 3 4 A 7 B 8 11 
Structure 223: 3 114 B 69 4 1 43 7 36 29
	-> 1 3 4 7 B 
Structure 224: 3 26 B 8 4 1 21 11 7 A 2
	-> 1 2 3 4 A 7 B 8 11 
Structure 225: 3 D 8 4 1 21 11 7 A 2
	-> 1 2 3 4 A 7 8 11 D 
Structure 226: 34 D 8 4 1 93 11 7 A 2
	-> 1 2 4 A 7 8 11 D 
Structure 227: 34 D 8 4 1 33 7 A 2
	-> 1 2 4 A 7 8 D 
Structure 228: 34 20 8 4 1 63 35 7 101 62 44 2
	-> 1 2 4 7 8 
Structure 229: 3 D 8 4 1 33 21 11 7 A 2
	-> 1 2 3 4 A 7 8 11 D 
Structure 230: 3 23 20 C 4 1 58 60 132 61 2
	-> 1 2 3 4 C 
Structure 231: 3 10 B 18 C 1 9 30 37 76 2 42
	-> 1 2 3 B C 9 10 
Structure 232: 3 23 20 C 4 1 31 27 7 A 2
	-> 1 2 3 4 A 7 C 
Structure 233: 3 28 B C 4 1 43 7 2 36 29
	-> 1 2 3 4 7 B C 
Structure 234: 3 10 B 17 4 1 9 A 2 14
	-> 1 2 3 4 A B 9 10 14 17 
Structure 235: 3 28 20 C 4 1 21 11 7 A 2 161
	-> 1 2 3 4 A 7 C 11 
Structure 236: 3 23 20 C 4 1 35 7 2 36 29
	-> 1 2 3 4 7 C 
Structure 237: 3 B 8 4 1 27 7 A 2
	-> 1 2 3 4 A 7 B 8 
Structure 238: 3 D 8 4 1 21 11 7 A 2
	-> 1 2 3 4 A 7 8 11 D 
Structure 239: 3 B 8 4 1 63 7 A 2
	-> 1 2 3 4 A 7 B 8 
Structure 240: 3 20 8 4 1 11 7 A 2
	-> 1 2 3 4 A 7 8 11 
Structure 241: 3 D 8 C 4 1 11 7 A 2
	-> 1 2 3 4 A 7 8 C 11 D 
Structure 242: 3 D 8 4 1 77 7 A 2
	-> 1 2 3 4 A 7 8 D 
Structure 243: 3 D 8 4 1 21 11 7 A 2
	-> 1 2 3 4 A 7 8 11 D 
Structure 244: 3 10 B 18 17 4 1 9 A 2 14 59
	-> 1 2 3 4 A B 9 10 14 17 
Structure 245: 3 10 B 17 4 1 9 5 2 14
	-> 1 2 3 4 B 9 10 14 17 
Structure 246: 3 20 8 4 1 21 11 7 A 2
	-> 1 2 3 4 A 7 8 11 
Structure 247: 3 D 8 4 1 21 11 7 A 2
	-> 1 2 3 4 A 7 8 11 D 
Structure 248: 3 10 B 45 17 C 4 1 9 30 37 2 49
	-> 1 2 3 4 B C 9 10 17 
Structure 249: 3 10 B 18 17 4 1 9 A 2 102
	-> 1 2 3 4 A B 9 10 17 
Structure 250: 3 D 8 4 1 21 11 7 A 2
	-> 1 2 3 4 A 7 8 11 D 
Structure 251: 3 20 8 4 1 7 A 2
	-> 1 2 3 4 A 7 8 
Structure 252: 3 10 B 18 17 C 4 1 9 A 2 42
	-> 1 2 3 4 A B C 9 10 17 
Structure 253: 3 10 B 18 C 1 9 A 2 14
	-> 1 2 3 A B C 9 10 14 
Structure 254: 3 D 8 4 1 11 7 A 2
	-> 1 2 3 4 A 7 8 11 D 
Structure 255: 3 D 8 4 1 21 11 7 A 2
	-> 1 2 3 4 A 7 8 11 D 
Structure 256: 3 10 20 C 4 1 9 A 2 14
	-> 1 2 3 4 A C 9 10 14 
Structure 257: 3 26 B 8 4 1 11 7 A 2
	-> 1 2 3 4 A 7 B 8 11 
Structure 258: 3 D 8 C 4 1 11 7 A 2
	-> 1 2 3 4 A 7 8 C 11 D 
Structure 259: 3 28 B C 4 1 43 7 2 36 29
	-> 1 2 3 4 7 B C 
Structure 260: 3 10 B C 4 1 9 30 37 2 49
	-> 1 2 3 4 B C 9 10 
Structure 261: 3 B 8 4 1 21 11 7 A 2
	-> 1 2 3 4 A 7 B 8 11 
Structure 262: 3 10 B 17 C 4 1 9 A 2 14
	-> 1 2 3 4 A B C 9 10 14 17 
Structure 263: 3 D 8 32 1 115 7 A 2
	-> 1 2 3 A 7 8 D 
Structure 264: 3 D 8 4 1 21 11 7 A 2
	-> 1 2 3 4 A 7 8 11 D 
Structure 265: 3 26 B 8 4 1 63 7 A 2
	-> 1 2 3 4 A 7 B 8 
Structure 266: 3 26 B 8 4 1 11 7 A 2
	-> 1 2 3 4 A 7 B 8 11 
Structure 267: 3 D 8 4 1 39 41 7 2
	-> 1 2 3 4 7 8 D 
Structure 268: 3 B 8 32 1 50 39 41 99 100 2
	-> 1 2 3 B 8 
Structure 269: 3 D 8 4 1 21 11 7 A 2
	-> 1 2 3 4 A 7 8 11 D 
Structure 270: 3 23 20 C 4 1 7 53 2 36 29
	-> 1 2 3 4 7 C 
Structure 271: 3 26 B 8 32 51 133 56 43 108 7 2
	-> 2 3 7 B 8 
Structure 272: 3 10 B 18 45 17 C 4 1 9 A 2 14
	-> 1 2 3 4 A B C 9 10 14 17 
Structure 273: 3 10 B 18 45 17 4 1 9 40 2 14
	-> 1 2 3 4 B 9 10 14 17 
Structure 274: 3 10 B 18 17 4 1 9 A 2 14
	-> 1 2 3 4 A B 9 10 14 17 
Structure 275: 3 10 B 18 17 4 1 9 A 2 14
	-> 1 2 3 4 A B 9 10 14 17 
Structure 276: 3 26 B 8 4 1 21 11 7 A 2
	-> 1 2 3 4 A 7 B 8 11 
Structure 277: 3 D 8 4 1 83 91 7 A 2
	-> 1 2 3 4 A 7 8 D 
Structure 278: 3 D 8 4 1 33 21 11 7 A 2
	-> 1 2 3 4 A 7 8 11 D 
Structure 279: 3 B 8 4 1 11 7 A 2
	-> 1 2 3 4 A 7 B 8 11 
Structure 280: 3 24 B 8 4 1 11 7 A 2
	-> 1 2 3 4 A 7 B 8 11 
Structure 281: 3 10 82 18 17 4 1 9 A 2 14
	-> 1 2 3 4 A 9 10 14 17 
Structure 282: 3 28 B C 4 1 90 109 110 162 A 2
	-> 1 2 3 4 A B C 
Structure 283: 3 10 B 18 17 4 1 9 A 2 42
	-> 1 2 3 4 A B 9 10 17 
Structure 284: 3 10 B 18 C 4 1 9 A 2 14
	-> 1 2 3 4 A B C 9 10 14 
Structure 285: 3 10 B 17 4 1 9 A 2 14
	-> 1 2 3 4 A B 9 10 14 17 
Structure 286: 3 D 8 C 4 1 11 7 A 2
	-> 1 2 3 4 A 7 8 C 11 D 
Structure 287: 3 D 8 4 1 39 41 7 2
	-> 1 2 3 4 7 8 D 
Structure 288: 3 10 74 89 1 9 A 2 14
	-> 1 2 3 A 9 10 14 
Structure 289: 3 D 8 4 1 21 11 7 A 2
	-> 1 2 3 4 A 7 8 11 D 
Structure 290: 3 23 20 C 4 1 43 7 2 36 29 42
	-> 1 2 3 4 7 C 
Structure 291: 3 10 20 17 C 4 1 9 A 2 14
	-> 1 2 3 4 A C 9 10 14 17 
Structure 292: 3 B 8 C 4 1 11 7 62 44 2
	-> 1 2 3 4 7 B 8 C 11 
Structure 293: 34 D 8 32 1 115 7 A 2
	-> 1 2 A 7 8 D 
Structure 294: 3 23 20 C 1 7 53 2 36 29
	-> 1 2 3 7 C 
Structure 295: 3 23 20 C 4 1 31 27 7 A 2
	-> 1 2 3 4 A 7 C 
Structure 296: 3 D 8 4 1 21 11 7 A 2
	-> 1 2 3 4 A 7 8 11 D 
Structure 297: 3 B 47 8 4 1 11 7 A 2
	-> 1 2 3 4 A 7 B 8 11 
Structure 298: 3 D 8 4 1 33 7 A 2
	-> 1 2 3 4 A 7 8 D 
Structure 299: 3 D 8 55 32 1 116 48 35 7 5 2
	-> 1 2 3 7 8 D 
Structure 300: 3 20 8 4 1 11 7 A 2
	-> 1 2 3 4 A 7 8 11 
Structure 301: 3 10 97 98 C 1 9 A 2 14
	-> 1 2 3 A C 9 10 14 
Structure 302: 3 10 B 18 17 4 1 9 A 2 14
	-> 1 2 3 4 A B 9 10 14 17 
Structure 303: 46 D 8 C 4 1 11 7 A 2
	-> 1 2 4 A 7 8 C 11 D 
Structure 304: 3 23 20 57 C 4 1 11 7 A 2
	-> 1 2 3 4 A 7 C 11 
Structure 305: 3 10 20 17 4 1 9 A 2 14
	-> 1 2 3 4 A 9 10 14 17 
Structure 306: 3 114 B 69 4 1 35 7 36 29 42
	-> 1 3 4 7 B 
Structure 307: 3 28 24 B C 4 1 43 7 2 36 29
	-> 1 2 3 4 7 B C 
Structure 308: 78 3 D 8 4 1 21 11 7 A 2
	-> 1 2 3 4 A 7 8 11 D 
Structure 309: 3 D 8 4 1 21 11 7 A 2
	-> 1 2 3 4 A 7 8 11 D 
Structure 310: 3 26 B 8 4 1 27 7 A 2
	-> 1 2 3 4 A 7 B 8 
Structure 311: 3 D 8 C 4 1 7 A 2
	-> 1 2 3 4 A 7 8 C D 
Structure 312: 3 10 B 18 17 4 1 9 30 52 2 42
	-> 1 2 3 4 B 9 10 17 
Structure 313: 3 26 B 8 4 1 21 11 7 A 2
	-> 1 2 3 4 A 7 B 8 11 
Structure 314: 3 10 B 45 17 4 1 9 A 2 72
	-> 1 2 3 4 A B 9 10 17 
Structure 315: 3 10 B 18 17 C 4 1 9 A 2 14
	-> 1 2 3 4 A B C 9 10 14 17 
Structure 316: 3 D 8 4 1 11 7 A 2
	-> 1 2 3 4 A 7 8 11 D 
Structure 317: 3 D 8 4 1 11 7 A 2
	-> 1 2 3 4 A 7 8 11 D 
Structure 318: 3 23 20 C 4 1 31 27 7 A 2
	-> 1 2 3 4 A 7 C 
Structure 319: 3 10 B 18 17 4 1 9 40 2 14
	-> 1 2 3 4 B 9 10 14 17 
Structure 320: 3 24 B 8 4 1 77 75 163 65 66 54
	-> 1 3 4 B 8 
Structure 321: 3 B 8 4 1 11 7 A 2
	-> 1 2 3 4 A 7 B 8 11 
Structure 322: 3 10 B 17 C 4 1 9 A 2 14
	-> 1 2 3 4 A B C 9 10 14 17 
Structure 323: 3 10 B 18 17 C 4 1 9 30 37 2 42
	-> 1 2 3 4 B C 9 10 17 
Structure 324: 3 24 B 8 4 1 7 A 2
	-> 1 2 3 4 A 7 B 8 
Structure 325: 3 20 8 4 1 27 7 A 2
	-> 1 2 3 4 A 7 8 
Structure 326: 3 D 8 4 1 39 92 7 2
	-> 1 2 3 4 7 8 D 
Structure 327: 3 10 B 17 4 1 9 A 2 14 59
	-> 1 2 3 4 A B 9 10 14 17 
Structure 328: 3 28 B C 4 1 7 53 62 44 2 14
	-> 1 2 3 4 7 B C 14 
Structure 329: 3 10 B 18 17 C 4 1 9 A 2 14
	-> 1 2 3 4 A B C 9 10 14 17 
Structure 330: 3 10 B 18 17 4 1 9 5 2 14
	-> 1 2 3 4 B 9 10 14 17 
Structure 331: 3 23 20 C 4 1 117 70 134 38 85 2
	-> 1 2 3 4 C 
Structure 332: 3 20 57 8 4 1 11 7 A 2
	-> 1 2 3 4 A 7 8 11 
Structure 333: 3 D 8 4 1 21 11 7 A 2
	-> 1 2 3 4 A 7 8 11 D 
Structure 334: 3 23 20 C 4 1 31 27 7 A 2
	-> 1 2 3 4 A 7 C 
Structure 335: 3 10 B C 1 9 A 2 14
	-> 1 2 3 A B C 9 10 14 
Structure 336: 3 20 8 4 1 33 7 A 2
	-> 1 2 3 4 A 7 8 
Structure 337: 34 20 8 4 1 11 7 A 2
	-> 1 2 4 A 7 8 11 
Structure 338: 3 D 8 4 1 21 11 7 A 2
	-> 1 2 3 4 A 7 8 11 D 
Structure 339: 3 D 8 4 1 11 7 A 2
	-> 1 2 3 4 A 7 8 11 D 
Structure 340: 3 D 8 4 1 11 7 A 2
	-> 1 2 3 4 A 7 8 11 D 
Structure 341: 3 10 88 20 17 4 1 9 A 2 14
	-> 1 2 3 4 A 9 10 14 17 
Structure 342: 3 B 8 4 1 77 84 75 135 54
	-> 1 3 4 B 8 
Structure 343: 3 64 81 136 69 C 1 7 14
	-> 1 3 7 C 14 
Structure 344: 34 B 8 32 1 7 A 2
	-> 1 2 A 7 B 8 
Structure 345: 3 28 24 B C 4 1 7 53 2 14
	-> 1 2 3 4 7 B C 14 
Structure 346: 3 D 8 32 1 50 39 41 7 2
	-> 1 2 3 7 8 D 
Structure 347: 3 10 20 C 4 1 9 A 2 14
	-> 1 2 3 4 A C 9 10 14 
Structure 348: 3 D 8 4 1 21 11 7 A 2
	-> 1 2 3 4 A 7 8 11 D 
Structure 349: 3 D 8 4 1 11 7 A 2
	-> 1 2 3 4 A 7 8 11 D 
Structure 350: 3 10 B 18 C 1 9 A 2 14
	-> 1 2 3 A B C 9 10 14 
Structure 351: 3 26 B 8 4 1 11 7 A 2
	-> 1 2 3 4 A 7 B 8 11 
Structure 352: 3 D 8 164 1 111 137 7 2
	-> 1 2 3 7 8 D 
Structure 353: 3 D 8 4 1 21 11 7 A 2
	-> 1 2 3 4 A 7 8 11 D 
Structure 354: 3 10 B 18 17 C 4 1 9 A 2 14 59
	-> 1 2 3 4 A B C 9 10 14 17 
Structure 355: 3 D 8 32 1 7 A 2
	-> 1 2 3 A 7 8 D 
Structure 356: 3 D 8 4 1 11 7 A 2
	-> 1 2 3 4 A 7 8 11 D 
Structure 357: 3 10 B 18 17 4 1 9 30 37 2 49
	-> 1 2 3 4 B 9 10 17 
Structure 358: 3 D 8 4 1 33 21 11 7 A 2
	-> 1 2 3 4 A 7 8 11 D 
Structure 359: 3 24 B 8 4 1 27 7 A 2
	-> 1 2 3 4 A 7 B 8 
Structure 360: 34 24 B 8 55 4 1 11 7 A 2
	-> 1 2 4 A 7 B 8 11 
Structure 361: 3 D 8 C 4 1 27 7 A 2
	-> 1 2 3 4 A 7 8 C D 
Structure 362: 3 D 8 4 1 48 35 7 101 62 44 2
	-> 1 2 3 4 7 8 D 
Structure 363: 3 D 8 4 1 11 7 6 2
	-> 1 2 3 4 7 8 11 D 
Structure 364: 3 28 24 B C 4 1 131 7 A 2
	-> 1 2 3 4 A 7 B C 
Structure 365: 3 20 8 4 1 21 11 7 A 2
	-> 1 2 3 4 A 7 8 11 
Structure 366: 3 D 8 4 1 7 A 2
	-> 1 2 3 4 A 7 8 D 
Structure 367: 3 D 8 4 1 11 7 A 2
	-> 1 2 3 4 A 7 8 11 D 
Structure 368: 3 10 20 17 4 1 9 A 2 14
	-> 1 2 3 4 A 9 10 14 17 
Structure 369: 3 10 B 18 C 4 1 9 A 2 14
	-> 1 2 3 4 A B C 9 10 14 
Structure 370: 34 24 B 8 4 1 21 11 7 A 2
	-> 1 2 4 A 7 B 8 11 
Structure 371: 3 10 B 18 17 C 4 1 9 30 37 61 2
	-> 1 2 3 4 B C 9 10 17 
Structure 372: 3 D 8 4 1 21 11 7 A 2
	-> 1 2 3 4 A 7 8 11 D 
Structure 373: 34 73 20 C 4 1 104 7 A 2
	-> 1 2 4 A 7 C 
Structure 374: 3 10 20 57 C 4 1 9 A 2 14
	-> 1 2 3 4 A C 9 10 14 
Structure 375: 3 10 B C 4 1 9 A 2 14
	-> 1 2 3 4 A B C 9 10 14 
Structure 376: 3 10 B 18 C 1 9 A 2 29
	-> 1 2 3 A B C 9 10 
Structure 377: 3 10 B 18 17 C 4 1 9 A 2 14
	-> 1 2 3 4 A B C 9 10 14 17 
Structure 378: 3 D 8 4 1 83 91 7 5 2
	-> 1 2 3 4 7 8 D 
Structure 379: 3 D 8 32 51 56 43 7 2
	-> 2 3 7 8 D 
Structure 380: 3 B 47 8 4 1 11 7 A 2
	-> 1 2 3 4 A 7 B 8 11 
Structure 381: 3 B 8 C 4 1 21 11 7 A 2
	-> 1 2 3 4 A 7 B 8 C 11 
Structure 382: 3 10 B 18 17 4 1 9 A 2 14
	-> 1 2 3 4 A B 9 10 14 17 
Structure 383: 3 10 B 18 17 C 4 1 9 A 2 14
	-> 1 2 3 4 A B C 9 10 14 17 
Structure 384: 3 10 20 17 4 1 9 A 2 72
	-> 1 2 3 4 A 9 10 17 
Structure 385: 3 24 B 8 4 1 21 11 7 A 2
	-> 1 2 3 4 A 7 B 8 11 
Structure 386: 3 D 8 4 1 11 7 A 2
	-> 1 2 3 4 A 7 8 11 D 
Structure 387: 3 10 B 18 17 4 1 9 A 2 14
	-> 1 2 3 4 A B 9 10 14 17 
Structure 388: 3 10 B 17 4 1 9 A 2 14
	-> 1 2 3 4 A B 9 10 14 17 
Structure 389: 3 10 B 18 C 4 1 9 52 2 14
	-> 1 2 3 4 B C 9 10 14 
Structure 390: 78 71 46 28 B C 4 1 31 27 7 A 2
	-> 1 2 4 A 7 B C 
Structure 391: 3 28 B C 4 1 31 27 7 A 2
	-> 1 2 3 4 A 7 B C 
Structure 392: 3 26 B 8 32 1 50 39 92 7 2
	-> 1 2 3 7 B 8 
Structure 393: 3 D 8 4 1 11 7 A 2
	-> 1 2 3 4 A 7 8 11 D 
Structure 394: 3 D 8 4 1 11 7 A 2
	-> 1 2 3 4 A 7 8 11 D 
Structure 395: 3 B 47 8 4 1 33 7 A 2
	-> 1 2 3 4 A 7 B 8 
Structure 396: 3 28 24 B C 1 58 38 103 138 165 166
	-> 1 3 B C 
Structure 397: 3 10 B 18 17 4 1 9 A 2 14
	-> 1 2 3 4 A B 9 10 14 17 
Structure 398: 3 28 20 C 4 1 11 7 A 2
	-> 1 2 3 4 A 7 C 11 
Structure 399: 3 10 B 18 C 4 1 9 A 2 14
	-> 1 2 3 4 A B C 9 10 14 
Structure 400: 3 B 47 8 4 1 7 6 76 2
	-> 1 2 3 4 7 B 8 
Structure 401: 34 D 8 C 4 1 21 11 7 A 2
	-> 1 2 4 A 7 8 C 11 D 
Structure 402: 3 23 20 C 1 9 A 2 14
	-> 1 2 3 A C 9 14 
Structure 403: 3 24 B 8 4 1 11 7 A 2
	-> 1 2 3 4 A 7 B 8 11 
Structure 404: 3 10 B 18 17 4 1 9 A 2 42
	-> 1 2 3 4 A B 9 10 17 
Structure 405: 3 20 57 8 4 1 63 7 A 2
	-> 1 2 3 4 A 7 8 
Structure 406: 3 10 B 18 17 C 4 1 9 30 37 5 2 42
	-> 1 2 3 4 B C 9 10 17 
Structure 407: 3 D 8 4 1 21 11 7 A 2
	-> 1 2 3 4 A 7 8 11 D 
Structure 408: 3 10 B 18 17 C 4 1 9 40 2 14
	-> 1 2 3 4 B C 9 10 14 17 
Structure 409: 34 23 20 C 4 1 35 7 2 36 29 102
	-> 1 2 4 7 C 
Structure 410: 3 D 8 4 1 33 21 11 7 A 2
	-> 1 2 3 4 A 7 8 11 D 
Structure 411: 3 D 8 32 1 50 39 41 7 2
	-> 1 2 3 7 8 D 
Structure 412: 34 D 8 4 1 11 7 A 2
	-> 1 2 4 A 7 8 11 D 
Structure 413: 34 D 8 4 1 11 7 A 2
	-> 1 2 4 A 7 8 11 D 
Structure 414: 3 10 74 89 1 9 30 37 61 2
	-> 1 2 3 9 10 
Structure 415: 3 10 20 17 4 1 9 2 36 29
	-> 1 2 3 4 9 10 17 
Structure 416: 71 46 D 8 4 1 11 7 A 2
	-> 1 2 4 A 7 8 11 D 
Structure 417: 3 D 8 4 1 21 11 7 A 2
	-> 1 2 3 4 A 7 8 11 D 
Structure 418: 3 23 20 C 4 1 31 27 7 A 2
	-> 1 2 3 4 A 7 C 
Structure 419: 3 D 8 4 1 21 11 7 A 2
	-> 1 2 3 4 A 7 8 11 D 
Structure 420: 3 24 B 8 4 1 33 21 11 7 A 2
	-> 1 2 3 4 A 7 B 8 11 
Structure 421: 3 10 B 18 C 1 9 40 2 14
	-> 1 2 3 B C 9 10 14 
Structure 422: 3 D 8 55 4 1 11 7 A 2
	-> 1 2 3 4 A 7 8 11 D 
Structure 423: 3 23 20 C 4 1 31 27 7 A 2
	-> 1 2 3 4 A 7 C 
Structure 424: 3 20 8 32 1 77 43 7 52 2
	-> 1 2 3 7 8 
Structure 425: 3 D 8 4 1 21 11 7 A 2
	-> 1 2 3 4 A 7 8 11 D 
Structure 426: 3 10 B C 4 1 9 A 2 14
	-> 1 2 3 4 A B C 9 10 14 
Structure 427: 3 24 B 8 4 1 39 41 7 2
	-> 1 2 3 4 7 B 8 
Structure 428: 3 23 20 C 4 1 31 27 7 A 2
	-> 1 2 3 4 A 7 C 
Structure 429: 3 23 20 C 4 1 31 27 7 A 2
	-> 1 2 3 4 A 7 C 
Structure 430: 3 D 8 4 1 11 7 A 2
	-> 1 2 3 4 A 7 8 11 D 
Structure 431: 3 10 B 18 17 4 1 9 A 2 14
	-> 1 2 3 4 A B 9 10 14 17 
Structure 432: 3 68 20 1 31 27 7 A 2
	-> 1 2 3 A 7 
Structure 433: 3 20 8 4 1 39 41 7 2
	-> 1 2 3 4 7 8 
Structure 434: 3 28 B C 4 1 31 27 7 A 2
	-> 1 2 3 4 A 7 B C 
Structure 435: 3 28 B C 4 1 21 11 7 A 2
	-> 1 2 3 4 A 7 B C 11 
Structure 436: 3 24 B 8 4 1 11 7 A 2
	-> 1 2 3 4 A 7 B 8 11 
Structure 437: 3 23 20 C 4 1 11 7 A 2
	-> 1 2 3 4 A 7 C 11 
Structure 438: 34 D 8 4 1 33 11 7 A 2
	-> 1 2 4 A 7 8 11 D 
Structure 439: 3 26 B 8 4 1 139 140 A 2
	-> 1 2 3 4 A B 8 
Structure 440: 3 10 B 18 17 C 4 1 9 A 2 14
	-> 1 2 3 4 A B C 9 10 14 17 
Structure 441: 34 167 73 B 94 4 1 39 41 7 2
	-> 1 2 4 7 B 
Structure 442: 3 10 B 18 17 C 4 1 9 A 2 14
	-> 1 2 3 4 A B C 9 10 14 17 
Structure 443: 3 B 8 32 51 56 115 7 2
	-> 2 3 7 B 8 
Structure 444: 3 28 24 B C 4 1 31 7 A 2
	-> 1 2 3 4 A 7 B C 
Structure 445: 3 D 8 4 1 7 A 2
	-> 1 2 3 4 A 7 8 D 
Structure 446: 3 64 81 96 69 4 1 48 35 7 14
	-> 1 3 4 7 14 
Structure 447: 3 23 20 4 1 31 168 70 38 2
	-> 1 2 3 4 
Structure 448: 3 D 8 4 1 33 104 7 A 2
	-> 1 2 3 4 A 7 8 D 
Structure 449: 3 23 20 C 4 1 35 7 2 36 29
	-> 1 2 3 4 7 C 
Structure 450: 3 B 8 4 1 11 7 A 2
	-> 1 2 3 4 A 7 B 8 11 
Structure 451: 3 28 24 B C 4 1 31 27 7 A 2
	-> 1 2 3 4 A 7 B C 
Structure 452: 3 28 24 B C 1 118 7 2 14
	-> 1 2 3 7 B C 14 
Structure 453: 3 D 8 4 1 11 7 A 2
	-> 1 2 3 4 A 7 8 11 D 
Structure 454: 3 23 20 C 4 1 7 53 2 36 29 102
	-> 1 2 3 4 7 C 
Structure 455: 3 D 8 55 4 1 21 11 7 A 2
	-> 1 2 3 4 A 7 8 11 D 
Structure 456: 169 34 20 8 4 1 21 11 7 A 2
	-> 1 2 4 A 7 8 11 
Structure 457: 3 24 B 8 4 1 11 7 A 2
	-> 1 2 3 4 A 7 B 8 11 
Structure 458: 3 D 8 4 1 21 11 7 A 2
	-> 1 2 3 4 A 7 8 11 D 
Structure 459: 3 10 20 C 4 1 9 40 2 14
	-> 1 2 3 4 C 9 10 14 
Structure 460: 3 10 B 18 17 C 4 1 9 6 44 2 72
	-> 1 2 3 4 B C 9 10 17 
Structure 461: 3 10 20 17 4 1 9 A 2 14
	-> 1 2 3 4 A 9 10 14 17 
Structure 462: 3 23 20 C 4 1 35 7 5 2 14
	-> 1 2 3 4 7 C 14 
Structure 463: 3 D 8 4 1 93 21 11 7 A 2
	-> 1 2 3 4 A 7 8 11 D 
Structure 464: 71 46 64 74 170 171 1 48 35 7 2 14
	-> 1 2 7 14 
Structure 465: 3 D 8 4 1 11 7 A 2
	-> 1 2 3 4 A 7 8 11 D 
Structure 466: 3 20 8 4 1 11 7 A 2
	-> 1 2 3 4 A 7 8 11 
Structure 467: 3 10 B 18 17 4 1 9 30 37 2 49
	-> 1 2 3 4 B 9 10 17 
Structure 468: 3 24 B 8 4 1 21 11 7 A 2
	-> 1 2 3 4 A 7 B 8 11 
Structure 469: 3 10 B 18 17 4 1 9 A 2 14
	-> 1 2 3 4 A B 9 10 14 17 
Structure 470: 3 B 47 8 4 1 11 7 A 2
	-> 1 2 3 4 A 7 B 8 11 
Structure 471: 3 D 8 4 1 21 11 7 A 2
	-> 1 2 3 4 A 7 8 11 D 
Structure 472: 3 23 20 C 4 1 31 27 7 A 2
	-> 1 2 3 4 A 7 C 
Structure 473: 3 10 B 18 17 4 1 9 A 2 14
	-> 1 2 3 4 A B 9 10 14 17 
Structure 474: 3 28 20 B 4 1 172 31 27 7 A 2
	-> 1 2 3 4 A 7 B 
Structure 475: 3 20 57 8 4 1 21 11 7 A 2
	-> 1 2 3 4 A 7 8 11 
Structure 476: 3 D 8 4 1 21 11 7 6 2
	-> 1 2 3 4 7 8 11 D 
Structure 477: 3 10 B 17 4 1 9 40 2 14
	-> 1 2 3 4 B 9 10 14 17 
Structure 478: 3 20 8 4 1 21 11 7 A 2
	-> 1 2 3 4 A 7 8 11 
Structure 479: 3 23 20 C 1 90 7 A 2
	-> 1 2 3 A 7 C 
Structure 480: 3 D 8 4 1 11 7 A 2
	-> 1 2 3 4 A 7 8 11 D 
Structure 481: 3 D 8 4 1 21 11 7 A 2
	-> 1 2 3 4 A 7 8 11 D 
Structure 482: 3 D 8 4 1 11 7 A 2
	-> 1 2 3 4 A 7 8 11 D 
Structure 483: 3 10 B 18 17 4 1 9 A 2 119
	-> 1 2 3 4 A B 9 10 17 
Structure 484: 3 10 B 17 C 4 1 9 A 2 14
	-> 1 2 3 4 A B C 9 10 14 17 
Structure 485: 3 D 8 4 1 11 7 A 2
	-> 1 2 3 4 A 7 8 11 D 
Structure 486: 3 10 B 18 C 4 1 9 30 37 5 2 42
	-> 1 2 3 4 B C 9 10 
Structure 487: 3 26 13 8 C 4 1 11 7 A 2
	-> 1 2 3 4 A 7 8 C 11 
Structure 488: 3 D 8 4 1 27 7 A 2
	-> 1 2 3 4 A 7 8 D 
Structure 489: 34 D 8 4 1 83 91 7 A 2
	-> 1 2 4 A 7 8 D 
Structure 490: 3 10 B 18 17 C 4 1 9 A 2 14
	-> 1 2 3 4 A B C 9 10 14 17 
Structure 491: 3 10 B C 4 1 9 40 2 14
	-> 1 2 3 4 B C 9 10 14 
Structure 492: 34 D 8 4 1 21 11 7 A 2
	-> 1 2 4 A 7 8 11 D 
Structure 493: 3 10 B 18 17 4 1 9 A 2 14
	-> 1 2 3 4 A B 9 10 14 17 
Structure 494: 3 10 B 18 17 4 1 9 A 2 14
	-> 1 2 3 4 A B 9 10 14 17 
Structure 495: 3 10 B 18 17 4 1 9 A 2 14
	-> 1 2 3 4 A B 9 10 14 17 
Structure 496: 3 D 8 32 51 56 48 35 7 2
	-> 2 3 7 8 D 
Structure 497: 3 10 B C 79 1 9 40 2 14
	-> 1 2 3 B C 9 10 14 
Structure 498: 3 D 8 C 1 7 A 2
	-> 1 2 3 A 7 8 C D 
Structure 499: 78 34 26 B 8 4 1 21 11 7 A 2
	-> 1 2 4 A 7 B 8 11 
Structure 500: 3 28 B C 1 35 7 141 2 36 29
	-> 1 2 3 7 B C 
Structure 501: 3 23 20 C 4 1 31 27 7 A 2
	-> 1 2 3 4 A 7 C 
Structure 502: 3 10 B 17 4 1 9 A 2 14
	-> 1 2 3 4 A B 9 10 14 17 
Structure 503: 3 28 24 B C 4 1 117 70 38 5 2
	-> 1 2 3 4 B C 
Structure 504: 3 B 47 8 4 1 11 7 A 2
	-> 1 2 3 4 A 7 B 8 11 
Structure 505: 3 10 B 17 4 1 9 A 2 14
	-> 1 2 3 4 A B 9 10 14 17 
Structure 506: 3 D 8 4 1 7 A 2
	-> 1 2 3 4 A 7 8 D 
Structure 507: 3 D 8 32 1 173 7 A 2
	-> 1 2 3 A 7 8 D 
Structure 508: 3 10 B 18 17 4 1 9 40 2 29
	-> 1 2 3 4 B 9 10 17 
Structure 509: 3 D 8 4 1 21 11 7 A 2
	-> 1 2 3 4 A 7 8 11 D 
Structure 510: 3 10 20 57 17 4 1 9 A 2 14
	-> 1 2 3 4 A 9 10 14 17 
Structure 511: 3 10 B 18 17 4 1 9 40 2 14
	-> 1 2 3 4 B 9 10 14 17 
Structure 512: 3 10 B 18 17 4 1 9 A 2 14
	-> 1 2 3 4 A B 9 10 14 17 
Structure 513: 3 23 20 C 4 1 9 A 2 14
	-> 1 2 3 4 A C 9 14 
Structure 514: 3 10 20 17 4 1 9 A 2 14
	-> 1 2 3 4 A 9 10 14 17 
Structure 515: 3 10 B 18 17 4 1 9 A 2 14
	-> 1 2 3 4 A B 9 10 14 17 
Structure 516: 3 10 B C 4 1 9 A 2 14
	-> 1 2 3 4 A B C 9 10 14 
Structure 517: 3 10 B 18 C 4 1 9 40 2 14
	-> 1 2 3 4 B C 9 10 14 
Structure 518: 3 10 B 17 C 4 1 9 44 2 29
	-> 1 2 3 4 B C 9 10 17 
Structure 519: 3 D 8 C 4 1 11 7 A 2
	-> 1 2 3 4 A 7 8 C 11 D 
Structure 520: 3 10 20 45 17 C 4 1 9 A 2 14
	-> 1 2 3 4 A C 9 10 14 17 
Structure 521: 34 26 B 8 4 1 21 11 7 A 2
	-> 1 2 4 A 7 B 8 11 
Structure 522: 3 20 8 32 1 80 95 38 85 2
	-> 1 2 3 8 
Structure 523: 3 D 8 4 1 63 7 A 2
	-> 1 2 3 4 A 7 8 D 
Structure 524: 3 D 8 4 1 7 A 2
	-> 1 2 3 4 A 7 8 D 
Structure 525: 3 10 B 17 C 4 1 9 30 37 52 2 42
	-> 1 2 3 4 B C 9 10 17 
Structure 526: 3 D 8 4 1 21 11 7 A 2
	-> 1 2 3 4 A 7 8 11 D 
Structure 527: 3 10 20 86 45 17 4 1 9 A 2 42
	-> 1 2 3 4 A 9 10 17 
Structure 528: 3 26 B 8 32 51 56 174 175 142 143 2
	-> 2 3 B 8 
Structure 529: 3 23 20 C 4 1 27 7 A 2
	-> 1 2 3 4 A 7 C 
Structure 530: 3 26 B 8 55 4 1 11 7 A 2
	-> 1 2 3 4 A 7 B 8 11 
Structure 531: 3 26 B 8 1 50 39 41 7 2
	-> 1 2 3 7 B 8 
Structure 532: 3 B 18 8 4 1 21 11 7 A 2
	-> 1 2 3 4 A 7 B 8 11 
Structure 533: 3 26 B 8 32 1 116 39 41 7 2
	-> 1 2 3 7 B 8 
Structure 534: 3 10 B 18 C 4 1 9 A 2 14
	-> 1 2 3 4 A B C 9 10 14 
Structure 535: 3 28 20 C 4 1 58 135 54 36 29 42
	-> 1 3 4 C 
Structure 536: 3 10 B 18 17 C 4 1 9 A 2 14
	-> 1 2 3 4 A B C 9 10 14 17 
Structure 537: 34 26 B 8 4 1 21 11 7 6 76 2
	-> 1 2 4 7 B 8 11 
Structure 538: 71 46 23 20 C 4 1 144 7 A 2
	-> 1 2 4 A 7 C 
Structure 539: 3 26 B 8 4 1 11 7 A 2
	-> 1 2 3 4 A 7 B 8 11 
Structure 540: 3 64 81 136 69 C 4 1 7 14
	-> 1 3 4 7 C 14 
Structure 541: 3 10 B 18 17 4 1 9 40 2 14
	-> 1 2 3 4 B 9 10 14 17 
Structure 542: 3 24 B 8 4 1 11 7 A 2
	-> 1 2 3 4 A 7 B 8 11 
Structure 543: 3 B 47 8 4 1 48 35 7 2
	-> 1 2 3 4 7 B 8 
Structure 544: 3 24 B 8 4 1 21 11 7 A 2
	-> 1 2 3 4 A 7 B 8 11 
Structure 545: 3 10 B 18 C 176 1 9 2 29
	-> 1 2 3 B C 9 10 
Structure 546: 3 23 20 C 4 1 27 7 A 2
	-> 1 2 3 4 A 7 C 
Structure 547: 3 10 B 17 4 1 9 5 2 29
	-> 1 2 3 4 B 9 10 17 
Structure 548: 3 23 B C 4 1 7 53 2 36 29
	-> 1 2 3 4 7 B C 
Structure 549: 34 73 20 94 4 1 127 48 35 7 52 2
	-> 1 2 4 7 
Structure 550: 3 10 B 18 C 4 1 9 2 14 59
	-> 1 2 3 4 B C 9 10 14 
Structure 551: 3 D 8 4 1 11 7 A 2
	-> 1 2 3 4 A 7 8 11 D 
Structure 552: 3 10 B 18 17 C 4 1 9 A 2 14
	-> 1 2 3 4 A B C 9 10 14 17 
Structure 553: 3 20 8 32 51 56 111 137 7 2
	-> 2 3 7 8 
Structure 554: 3 26 B 8 4 1 11 7 A 2
	-> 1 2 3 4 A 7 B 8 11 
Structure 555: 3 D 8 4 1 7 A 2
	-> 1 2 3 4 A 7 8 D 
Structure 556: 3 D 8 32 1 50 39 41 7 2
	-> 1 2 3 7 8 D 
Structure 557: 3 24 B 8 4 1 21 11 7 A 2
	-> 1 2 3 4 A 7 B 8 11 
Structure 558: 3 10 20 17 4 1 9 A 2 14
	-> 1 2 3 4 A 9 10 14 17 
Structure 559: 3 10 20 17 4 1 9 62 44 2 14
	-> 1 2 3 4 9 10 14 17 
Structure 560: 3 B 8 4 1 39 41 7 2
	-> 1 2 3 4 7 B 8 
Structure 561: 3 D 8 4 1 21 11 7 A 2
	-> 1 2 3 4 A 7 8 11 D 
Structure 562: 3 10 20 17 4 1 9 A 2 14
	-> 1 2 3 4 A 9 10 14 17 
Structure 563: 3 10 B 18 17 C 4 1 9 A 2 14
	-> 1 2 3 4 A B C 9 10 14 17 
Structure 564: 3 D 8 55 4 1 11 7 A 2
	-> 1 2 3 4 A 7 8 11 D 
Structure 565: 3 10 B 18 17 C 4 1 9 A 2 42
	-> 1 2 3 4 A B C 9 10 17 
Structure 566: 3 24 B 8 32 1 50 39 41 7 2
	-> 1 2 3 7 B 8 
Structure 567: 3 D 8 4 1 21 11 7 A 2
	-> 1 2 3 4 A 7 8 11 D 
Structure 568: 3 10 97 98 C 4 1 9 A 2 14
	-> 1 2 3 4 A C 9 10 14 
Structure 569: 34 D 8 4 1 33 11 7 A 2
	-> 1 2 4 A 7 8 11 D 
Structure 570: 3 23 20 C 4 1 7 113 62 44 2 14
	-> 1 2 3 4 7 C 14 
Structure 571: 3 10 B 57 C 1 9 A 2 14 59
	-> 1 2 3 A B C 9 10 14 
Structure 572: 3 28 20 4 1 31 27 7 A 2
	-> 1 2 3 4 A 7 
Structure 573: 3 D 8 4 1 83 7 A 2
	-> 1 2 3 4 A 7 8 D 
Structure 574: 3 D 8 4 1 33 21 11 7 A 2
	-> 1 2 3 4 A 7 8 11 D 
Structure 575: 3 23 20 C 4 1 31 27 7 A 2
	-> 1 2 3 4 A 7 C 
Structure 576: 3 10 B 18 C 4 1 9 40 2 14
	-> 1 2 3 4 B C 9 10 14 
Structure 577: 3 10 20 17 C 4 1 9 30 37 2 49
	-> 1 2 3 4 C 9 10 17 
Structure 578: 3 D 8 4 1 70 38 103 87 2
	-> 1 2 3 4 8 D 
Structure 579: 3 10 20 45 17 4 1 9 A 2 14
	-> 1 2 3 4 A 9 10 14 17 
Structure 580: 46 B 47 8 32 1 39 41 7 2
	-> 1 2 7 B 8 
Structure 581: 3 D 8 4 1 91 7 A 2
	-> 1 2 3 4 A 7 8 D 
Structure 582: 3 D 8 C 4 1 21 11 7 A 2
	-> 1 2 3 4 A 7 8 C 11 D 
Structure 583: 3 23 20 C 4 1 58 60 177 40 2
	-> 1 2 3 4 C 
Structure 584: 3 D 8 4 1 43 7 52 2
	-> 1 2 3 4 7 8 D 
Structure 585: 71 46 D 8 4 1 33 11 7 A 2
	-> 1 2 4 A 7 8 11 D 
Structure 586: 3 10 B C 4 1 9 2 29
	-> 1 2 3 4 B C 9 10 
Structure 587: 3 D 8 32 1 50 48 35 7 5 2
	-> 1 2 3 7 8 D 
Structure 588: 3 D 8 4 1 21 11 7 A 2
	-> 1 2 3 4 A 7 8 11 D 
Structure 589: 3 D 8 4 1 21 11 7 A 2
	-> 1 2 3 4 A 7 8 11 D 
Structure 590: 3 10 B 18 17 4 1 9 40 2 14
	-> 1 2 3 4 B 9 10 14 17 
Structure 591: 3 28 B C 4 1 7 107 2 36 29
	-> 1 2 3 4 7 B C 
Structure 592: 3 28 20 C 4 1 11 7 A 2
	-> 1 2 3 4 A 7 C 11 
Structure 593: 3 10 145 B 178 4 1 9 40 2 14
	-> 1 2 3 4 B 9 10 14 
Structure 594: 3 B 8 4 1 21 11 7 A 2
	-> 1 2 3 4 A 7 B 8 11 
Structure 595: 3 B 8 4 1 21 11 7 A 2
	-> 1 2 3 4 A 7 B 8 11 
Structure 596: 3 26 B 8 4 1 21 11 7 A 2
	-> 1 2 3 4 A 7 B 8 11 
Structure 597: 3 D 8 4 1 33 11 7 A 2
	-> 1 2 3 4 A 7 8 11 D 
Structure 598: 3 12 B 8 4 1 7 A 2
	-> 1 2 3 4 A 7 B 8 
Structure 599: 3 24 B 8 4 1 7 A 2
	-> 1 2 3 4 A 7 B 8 
Structure 600: 3 B 8 4 1 21 11 7 A 2
	-> 1 2 3 4 A 7 B 8 11 
Structure 601: 3 10 B 18 C 4 1 9 A 2 14
	-> 1 2 3 4 A B C 9 10 14 
Structure 602: 3 10 B 18 45 17 C 4 1 9 52 2 14
	-> 1 2 3 4 B C 9 10 14 17 
Structure 603: 3 10 B 18 17 4 1 9 A 2 14 59
	-> 1 2 3 4 A B 9 10 14 17 
Structure 604: 130 3 10 20 17 C 4 1 9 A 2 14
	-> 1 2 3 4 A C 9 10 14 17 
Structure 605: 3 10 B 17 4 1 9 A 2 14
	-> 1 2 3 4 A B 9 10 14 17 
Structure 606: 3 20 8 4 1 21 11 7 A 2
	-> 1 2 3 4 A 7 8 11 
Structure 607: 3 10 B 18 17 C 4 1 9 52 2 14
	-> 1 2 3 4 B C 9 10 14 17 
Structure 608: 3 10 B 17 C 4 1 9 A 2 14
	-> 1 2 3 4 A B C 9 10 14 17 
Structure 609: 3 D 8 4 1 7 A 2
	-> 1 2 3 4 A 7 8 D 
Structure 610: 3 10 20 17 C 4 1 9 A 2 14
	-> 1 2 3 4 A C 9 10 14 17 
Structure 611: 3 D 8 32 51 133 179 180 181 139 2
	-> 2 3 8 D 
Structure 612: 3 23 20 C 1 84 75 65 66 54 14
	-> 1 3 C 14 
Structure 613: 3 D 8 32 1 80 38 87 2
	-> 1 2 3 8 D 
Structure 614: 3 10 B 18 C 4 1 9 A 2 14
	-> 1 2 3 4 A B C 9 10 14 
Structure 615: 3 D 8 4 1 21 11 7 A 2
	-> 1 2 3 4 A 7 8 11 D 
Structure 616: 3 20 57 8 55 4 1 21 11 7 A 2
	-> 1 2 3 4 A 7 8 11 
Structure 617: 3 D 8 32 51 56 182 43 7 2
	-> 2 3 7 8 D 
Structure 618: 3 D 8 4 1 33 21 11 7 A 2
	-> 1 2 3 4 A 7 8 11 D 
Structure 619: 3 10 B 18 17 4 1 9 A 2 14
	-> 1 2 3 4 A B 9 10 14 17 
Structure 620: 3 23 20 C 4 1 31 27 7 A 2
	-> 1 2 3 4 A 7 C 
Structure 621: 71 46 20 86 8 4 1 11 7 A 2
	-> 1 2 4 A 7 8 11 
Structure 622: 3 26 B 8 4 1 39 41 122 123 65 66 54
	-> 1 3 4 B 8 
Structure 623: 3 26 B 8 4 1 77 41 7 2
	-> 1 2 3 4 7 B 8 
Structure 624: 3 10 B 18 C 79 1 9 A 2 14 59
	-> 1 2 3 A B C 9 10 14 
Structure 625: 3 D 8 4 1 11 7 A 2
	-> 1 2 3 4 A 7 8 11 D 
Structure 626: 3 24 B 8 4 1 33 183 7 6 2
	-> 1 2 3 4 7 B 8 
Structure 627: 3 10 B 18 17 4 1 9 30 A 2
	-> 1 2 3 4 A B 9 10 17 
Structure 628: 3 68 20 1 31 27 7 A 2
	-> 1 2 3 A 7 
Structure 629: 3 10 20 17 4 1 9 A 2 14
	-> 1 2 3 4 A 9 10 14 17 
Structure 630: 3 10 74 146 147 1 9 A 2 14
	-> 1 2 3 A 9 10 14 
Structure 631: 3 26 B 148 4 1 43 7 2 14
	-> 1 2 3 4 7 B 14 
Structure 632: 3 10 B 45 17 4 1 9 30 52 2
	-> 1 2 3 4 B 9 10 17 
Structure 633: 3 D 8 4 1 27 7 A 2
	-> 1 2 3 4 A 7 8 D 
Structure 634: 3 D 8 4 1 21 11 7 A 2
	-> 1 2 3 4 A 7 8 11 D 
Structure 635: 3 20 4 1 31 27 7 A 2
	-> 1 2 3 4 A 7 
Structure 636: 3 24 B 8 4 1 11 7 A 2
	-> 1 2 3 4 A 7 B 8 11 
Structure 637: 3 10 B 18 17 C 4 1 9 A 2 14
	-> 1 2 3 4 A B C 9 10 14 17 
Structure 638: 3 D 8 4 1 184 120 38 54 2
	-> 1 2 3 4 8 D 
Structure 639: 3 26 B 8 4 1 21 11 7 6 44 2
	-> 1 2 3 4 7 B 8 11 
Structure 640: 3 26 B 8 4 1 21 11 7 A 2
	-> 1 2 3 4 A 7 B 8 11 
Structure 641: 3 10 97 98 C 4 1 9 A 2 14
	-> 1 2 3 4 A C 9 10 14 
Structure 642: 3 D 8 4 1 70 38 85 2
	-> 1 2 3 4 8 D 
Structure 643: 3 26 B 8 4 1 33 11 7 A 2
	-> 1 2 3 4 A 7 B 8 11 
Structure 644: 3 D 8 4 1 7 A 2
	-> 1 2 3 4 A 7 8 D 
Structure 645: 3 24 B 8 C 1 11 7 A 2
	-> 1 2 3 A 7 B 8 C 11 
Structure 646: 3 10 B 18 185 C 1 9 A 2 14 59
	-> 1 2 3 A B C 9 10 14 
Structure 647: 3 10 B C 4 1 9 40 2 14
	-> 1 2 3 4 B C 9 10 14 
Structure 648: 3 D 8 4 1 21 11 7 A 2
	-> 1 2 3 4 A 7 8 11 D 
Structure 649: 3 10 B 18 C 1 9 30 37 2 49
	-> 1 2 3 B C 9 10 
Structure 650: 3 D 47 8 4 1 21 11 7 A 2
	-> 1 2 3 4 A 7 8 11 D 
Structure 651: 3 26 B 8 4 1 33 11 7 2
	-> 1 2 3 4 7 B 8 11 
Structure 652: 3 D 8 4 1 11 7 A 2
	-> 1 2 3 4 A 7 8 11 D 
Structure 653: 3 D 8 4 1 21 11 7 A 2
	-> 1 2 3 4 A 7 8 11 D 
Structure 654: 3 10 B 18 C 4 1 9 A 2 14
	-> 1 2 3 4 A B C 9 10 14 
Structure 655: 3 D 8 4 1 33 11 7 A 2
	-> 1 2 3 4 A 7 8 11 D 
Structure 656: 3 D 8 4 1 33 21 11 7 A 2
	-> 1 2 3 4 A 7 8 11 D 
Structure 657: 3 B 47 8 4 1 21 11 7 A 2
	-> 1 2 3 4 A 7 B 8 11 
Structure 658: 3 10 B 18 17 4 1 9 A 2 42
	-> 1 2 3 4 A B 9 10 17 
Structure 659: 3 D 8 4 1 21 11 7 A 2
	-> 1 2 3 4 A 7 8 11 D 
Structure 660: 3 26 B 8 C 79 1 11 7 A 2
	-> 1 2 3 A 7 B 8 C 11 
Structure 661: 3 D 8 C 1 21 11 7 A 2
	-> 1 2 3 A 7 8 C 11 D 
Structure 662: 3 26 B 8 4 1 21 11 7 A 2
	-> 1 2 3 4 A 7 B 8 11 
Structure 663: 3 10 B 18 17 C 4 1 9 A 2 14
	-> 1 2 3 4 A B C 9 10 14 17 
Structure 664: 78 46 D 8 4 1 21 11 7 A 2
	-> 1 2 4 A 7 8 11 D 
Structure 665: 3 26 B 8 4 1 21 11 7 A 2
	-> 1 2 3 4 A 7 B 8 11 
Structure 666: 3 D 8 4 1 93 11 7 A 2
	-> 1 2 3 4 A 7 8 11 D 
Structure 667: 3 D 8 4 1 7 A 2
	-> 1 2 3 4 A 7 8 D 
Structure 668: 3 D 8 4 1 63 7 A 2 105
	-> 1 2 3 4 A 7 8 D 
Structure 669: 3 D 8 4 1 27 7 A 2
	-> 1 2 3 4 A 7 8 D 
Structure 670: 3 10 B 18 C 4 1 9 A 2 14
	-> 1 2 3 4 A B C 9 10 14 
Structure 671: 3 10 B C 4 1 9 A 2 14
	-> 1 2 3 4 A B C 9 10 14 
Structure 672: 3 D 8 4 1 33 11 7 A 2
	-> 1 2 3 4 A 7 8 11 D 
Structure 673: 3 D 8 C 4 1 11 7 6 2
	-> 1 2 3 4 7 8 C 11 D 
Structure 674: 3 10 20 C 4 1 9 A 2 14
	-> 1 2 3 4 A C 9 10 14 
Structure 675: 3 D 8 4 1 21 11 7 A 2
	-> 1 2 3 4 A 7 8 11 D 
Structure 676: 3 88 20 B 17 4 1 7 A 2
	-> 1 2 3 4 A 7 B 17 
Structure 677: 3 28 B C 4 1 67 9 A 2 14
	-> 1 2 3 4 A B C 9 14 
Structure 678: 3 10 B 18 17 4 1 9 A 2 14
	-> 1 2 3 4 A B 9 10 14 17 
Structure 679: 3 23 20 C 4 1 41 7 2 14
	-> 1 2 3 4 7 C 14 
Structure 680: 3 10 B 18 17 C 4 1 9 A 2 14
	-> 1 2 3 4 A B C 9 10 14 17 
Structure 681: 3 10 B C 4 1 9 A 2 14
	-> 1 2 3 4 A B C 9 10 14 
Structure 682: 3 D 8 4 1 67 120 38 40 2
	-> 1 2 3 4 8 D 
Structure 683: 3 10 B C 4 1 9 A 2 14
	-> 1 2 3 4 A B C 9 10 14 
Structure 684: 3 10 B 18 17 C 4 1 9 A 2 14 119
	-> 1 2 3 4 A B C 9 10 14 17 
Structure 685: 3 D 148 4 1 48 35 7 2 14
	-> 1 2 3 4 7 D 14 
Structure 686: 3 D 8 4 1 21 11 7 A 2
	-> 1 2 3 4 A 7 8 11 D 
Structure 687: 3 D 8 32 51 56 43 7 2
	-> 2 3 7 8 D 
Structure 688: 3 10 B 17 4 1 9 A 2 14
	-> 1 2 3 4 A B 9 10 14 17 
Structure 689: 3 23 20 C 4 1 31 27 7 A 2
	-> 1 2 3 4 A 7 C 
Structure 690: 3 D 8 4 1 21 11 7 A 2
	-> 1 2 3 4 A 7 8 11 D 
Structure 691: 3 10 B 18 17 4 1 9 A 2 14
	-> 1 2 3 4 A B 9 10 14 17 
Structure 692: 3 114 B 69 4 1 48 7 186 36 29
	-> 1 3 4 7 B 
Structure 693: 3 D 8 32 1 50 39 41 7 2
	-> 1 2 3 7 8 D 
Structure 694: 3 D 8 4 1 27 7 A 2
	-> 1 2 3 4 A 7 8 D 
Structure 695: 3 D 8 4 1 7 A 2
	-> 1 2 3 4 A 7 8 D 
Structure 696: 3 D 8 32 1 80 95 38 5 2
	-> 1 2 3 8 D 
Structure 697: 3 10 B 18 C 4 1 9 A 2 14
	-> 1 2 3 4 A B C 9 10 14 
Structure 698: 3 10 20 17 C 4 1 9 A 2 14
	-> 1 2 3 4 A C 9 10 14 17 
Structure 699: 3 D 8 4 1 11 7 A 2
	-> 1 2 3 4 A 7 8 11 D 
Structure 700: 3 10 20 17 4 1 9 A 2 14 59
	-> 1 2 3 4 A 9 10 14 17 
Structure 701: 3 D 8 C 1 38 54 2
	-> 1 2 3 8 C D 
Structure 702: 3 10 B 18 17 4 1 9 A 2 14
	-> 1 2 3 4 A B 9 10 14 17 
Structure 703: 34 B 8 4 1 67 38 85 44 2
	-> 1 2 4 B 8 
Structure 704: 3 20 8 4 1 21 11 7 A 2
	-> 1 2 3 4 A 7 8 11 
Structure 705: 3 28 24 B 4 1 31 27 7 A 2
	-> 1 2 3 4 A 7 B 
Structure 706: 3 10 B 17 4 1 9 A 2 14
	-> 1 2 3 4 A B 9 10 14 17 
Structure 707: 3 10 B C 4 1 9 A 2 14
	-> 1 2 3 4 A B C 9 10 14 
Structure 708: 3 D 8 4 1 21 11 7 A 2
	-> 1 2 3 4 A 7 8 11 D 
Structure 709: 3 10 20 C 4 1 9 A 2 14
	-> 1 2 3 4 A C 9 10 14 
Structure 710: 71 46 68 20 1 31 27 7 A 2
	-> 1 2 A 7 
Structure 711: 3 D 8 4 1 39 41 99 100 2
	-> 1 2 3 4 8 D 
Structure 712: 3 D 8 4 1 11 7 A 2
	-> 1 2 3 4 A 7 8 11 D 
Structure 713: 3 26 B 8 4 1 33 7 A 2
	-> 1 2 3 4 A 7 B 8 
Structure 714: 3 D 8 4 1 11 7 A 2
	-> 1 2 3 4 A 7 8 11 D 
Structure 715: 3 D 8 32 1 50 7 A 2
	-> 1 2 3 A 7 8 D 
Structure 716: 3 23 20 C 4 1 7 53 52 2 14
	-> 1 2 3 4 7 C 14 
Structure 717: 3 D 8 4 1 21 11 7 A 2
	-> 1 2 3 4 A 7 8 11 D 
Structure 718: 3 10 B 18 17 4 1 9 A 2 14
	-> 1 2 3 4 A B 9 10 14 17 
Structure 719: 3 B 47 8 4 1 21 7 A 2
	-> 1 2 3 4 A 7 B 8 
Structure 720: 3 68 20 1 31 27 7 A 2
	-> 1 2 3 A 7 
Structure 721: 3 10 B 17 4 1 9 A 2 14
	-> 1 2 3 4 A B 9 10 14 17 
Structure 722: 3 D 8 32 1 80 95 38 103 54 2
	-> 1 2 3 8 D 
Structure 723: 187 34 73 B 18 C 4 1 39 41 7 2
	-> 1 2 4 7 B C 
Structure 724: 3 D 8 4 1 21 11 7 A 2
	-> 1 2 3 4 A 7 8 11 D 
Structure 725: 3 10 20 17 4 1 9 A 2 14 119
	-> 1 2 3 4 A 9 10 14 17 
Structure 726: 3 10 20 17 C 4 1 9 30 37 5 2 42
	-> 1 2 3 4 C 9 10 17 
Structure 727: 3 10 B 18 C 4 1 9 A 2 14
	-> 1 2 3 4 A B C 9 10 14 
Structure 728: 78 3 10 82 18 17 4 1 9 A 2 14
	-> 1 2 3 4 A 9 10 14 17 
Structure 729: 3 10 B 18 17 C 4 1 9 A 2 14
	-> 1 2 3 4 A B C 9 10 14 17 
Structure 730: 3 24 B 8 4 1 33 11 7 A 2
	-> 1 2 3 4 A 7 B 8 11 
Structure 731: 3 D 8 4 1 70 134 38 87 2
	-> 1 2 3 4 8 D 
Structure 732: 3 23 20 C 4 1 31 27 7 A 2
	-> 1 2 3 4 A 7 C 
Structure 733: 3 28 24 B C 4 1 7 141 2 36 29
	-> 1 2 3 4 7 B C 
Structure 734: 3 D 8 4 1 11 7 A 2
	-> 1 2 3 4 A 7 8 11 D 
Structure 735: 3 10 B 17 4 1 9 30 37 188 189 190 2
	-> 1 2 3 4 B 9 10 17 
Structure 736: 3 26 B 8 55 4 1 21 11 7 A 2
	-> 1 2 3 4 A 7 B 8 11 
Structure 737: 3 10 B 18 17 C 4 1 9 30 37 61 2
	-> 1 2 3 4 B C 9 10 17 
Structure 738: 3 10 B 18 17 C 4 1 9 A 2 14
	-> 1 2 3 4 A B C 9 10 14 17 
Structure 739: 3 24 B 8 4 1 21 11 7 A 2
	-> 1 2 3 4 A 7 B 8 11 
Structure 740: 3 10 B 18 C 4 1 9 A 2 14
	-> 1 2 3 4 A B C 9 10 14 
Structure 741: 3 10 B 17 C 4 1 9 5 2 29
	-> 1 2 3 4 B C 9 10 17 
Structure 742: 3 D 8 4 1 21 11 7 A 2
	-> 1 2 3 4 A 7 8 11 D 
Structure 743: 3 24 B 8 4 1 33 21 11 7 A 2
	-> 1 2 3 4 A 7 B 8 11 
Structure 744: 3 10 B 18 17 4 1 9 A 2 14
	-> 1 2 3 4 A B 9 10 14 17 
Structure 745: 3 D 8 4 1 33 21 11 7 A 2
	-> 1 2 3 4 A 7 8 11 D 
Structure 746: 3 26 B 8 4 1 21 11 7 A 2
	-> 1 2 3 4 A 7 B 8 11 
Structure 747: 34 D 8 4 1 21 11 7 A 2
	-> 1 2 4 A 7 8 11 D 
Structure 748: 3 23 20 C 4 1 58 60 124 132 101 52 2
	-> 1 2 3 4 C 
Structure 749: 3 10 B 17 C 4 1 9 A 2 14
	-> 1 2 3 4 A B C 9 10 14 17 
Structure 750: 3 28 B 17 4 1 7 A 2
	-> 1 2 3 4 A 7 B 17 
Structure 751: 3 23 20 C 4 1 92 35 7 191 192 193
	-> 1 3 4 7 C 
Structure 752: 3 26 B 8 4 1 21 11 7 A 2
	-> 1 2 3 4 A 7 B 8 11 
Structure 753: 3 10 B 18 17 4 1 9 A 2 14
	-> 1 2 3 4 A B 9 10 14 17 
Structure 754: 3 10 B 45 17 4 1 9 A 2 14
	-> 1 2 3 4 A B 9 10 14 17 
Structure 755: 3 D 8 4 1 11 7 A 2
	-> 1 2 3 4 A 7 8 11 D 
Structure 756: 3 10 B C 1 9 A 2 14
	-> 1 2 3 A B C 9 10 14 
Structure 757: 3 28 24 B C 1 58 60 121 126 52 2
	-> 1 2 3 B C 
Structure 758: 3 28 B C 4 1 140 9 30 37 2 49
	-> 1 2 3 4 B C 9 
Structure 759: 3 23 20 B C 4 1 90 109 110 38 40 2
	-> 1 2 3 4 B C 
Structure 760: 3 20 8 4 1 11 7 A 2
	-> 1 2 3 4 A 7 8 11 
Structure 761: 3 10 B 17 4 1 9 30 37 2 49
	-> 1 2 3 4 B 9 10 17 
Structure 762: 3 10 B 18 17 C 4 1 9 A 2 14
	-> 1 2 3 4 A B C 9 10 14 17 
Structure 763: 3 28 24 B C 4 1 11 7 A 2
	-> 1 2 3 4 A 7 B C 11 
Structure 764: 3 10 B 18 C 4 1 9 30 37 2 49
	-> 1 2 3 4 B C 9 10 
Structure 765: 3 23 20 57 C 4 1 35 7 2 36 29
	-> 1 2 3 4 7 C 
Structure 766: 3 10 B 18 C 1 9 30 37 61 2
	-> 1 2 3 B C 9 10 
Structure 767: 3 10 20 C 4 1 9 2 29
	-> 1 2 3 4 C 9 10 
Structure 768: 3 23 20 4 1 31 27 7 A 2
	-> 1 2 3 4 A 7 
Structure 769: 3 D 8 C 4 1 21 11 7 A 2
	-> 1 2 3 4 A 7 8 C 11 D 
Structure 770: 3 D 8 C 1 11 7 A 2
	-> 1 2 3 A 7 8 C 11 D 
Structure 771: 3 D 8 4 1 21 11 7 A 2
	-> 1 2 3 4 A 7 8 11 D 
Structure 772: 3 D 8 4 1 21 11 7 A 2
	-> 1 2 3 4 A 7 8 11 D 
Structure 773: 3 10 B 18 C 1 9 6 2 14
	-> 1 2 3 B C 9 10 14 
Structure 774: 3 B 8 4 1 21 11 7 A 2
	-> 1 2 3 4 A 7 B 8 11 
Structure 775: 3 D 8 32 1 50 39 41 7 2
	-> 1 2 3 7 8 D 
Structure 776: 3 10 B C 4 1 9 30 61 2
	-> 1 2 3 4 B C 9 10 
Structure 777: 3 64 B 18 17 C 4 1 92 35 7 2 14
	-> 1 2 3 4 7 B C 14 17 
Structure 778: 3 D 8 C 4 1 92 35 7 5 2 29
	-> 1 2 3 4 7 8 C D 
Structure 779: 3 10 B 18 C 4 1 9 A 2 14
	-> 1 2 3 4 A B C 9 10 14 
Structure 780: 3 26 B 8 4 1 11 7 A 2
	-> 1 2 3 4 A 7 B 8 11 
Structure 781: 3 D 8 4 1 7 A 2
	-> 1 2 3 4 A 7 8 D 
Structure 782: 3 D 8 4 1 7 A 2
	-> 1 2 3 4 A 7 8 D 
Structure 783: 3 D 8 4 1 63 7 A 2
	-> 1 2 3 4 A 7 8 D 
Structure 784: 3 10 82 18 17 C 4 1 9 A 2 14
	-> 1 2 3 4 A C 9 10 14 17 
Structure 785: 3 28 24 B C 1 35 7 2 36 29
	-> 1 2 3 7 B C 
Structure 786: 3 D 8 51 56 43 108 7 2
	-> 2 3 7 8 D 
Structure 787: 3 26 B 8 4 1 21 11 7 A 2
	-> 1 2 3 4 A 7 B 8 11 
Structure 788: 3 23 20 C 4 1 31 27 7 A 2
	-> 1 2 3 4 A 7 C 
Structure 789: 3 10 B 18 17 C 4 1 9 A 2 14
	-> 1 2 3 4 A B C 9 10 14 17 
Structure 790: 3 10 B 18 17 4 1 9 A 2 14
	-> 1 2 3 4 A B 9 10 14 17 
Structure 791: 3 D 8 4 1 21 11 7 A 2
	-> 1 2 3 4 A 7 8 11 D 
Structure 792: 3 10 B 18 C 4 1 9 A 2 14
	-> 1 2 3 4 A B C 9 10 14 
Structure 793: 3 20 57 8 4 1 11 7 A 2
	-> 1 2 3 4 A 7 8 11 
Structure 794: 3 D 8 4 1 11 7 A 2
	-> 1 2 3 4 A 7 8 11 D 
Structure 795: 3 B 8 55 4 1 39 41 7 2
	-> 1 2 3 4 7 B 8 
Structure 796: 3 26 B 8 4 1 27 7 A 2
	-> 1 2 3 4 A 7 B 8 
Structure 797: 3 D 8 C 4 1 11 7 A 2
	-> 1 2 3 4 A 7 8 C 11 D 
Structure 798: 3 D 8 4 1 21 11 7 A 2
	-> 1 2 3 4 A 7 8 11 D 
Structure 799: 3 10 B 18 C 1 9 30 37 2 49
	-> 1 2 3 B C 9 10 
Structure 800: 3 D 17 4 1 58 60 121 A 2
	-> 1 2 3 4 A D 17 
Structure 801: 3 10 B 18 17 4 1 9 A 2 14
	-> 1 2 3 4 A B 9 10 14 17 
Structure 802: 3 10 B 18 C 1 9 A 2 14
	-> 1 2 3 A B C 9 10 14 
Structure 803: 34 23 20 C 4 1 31 27 7 A 2
	-> 1 2 4 A 7 C 
Structure 804: 3 10 20 17 C 4 1 9 A 2 14
	-> 1 2 3 4 A C 9 10 14 17 
Structure 805: 3 23 20 C 4 1 43 7 2 36 29
	-> 1 2 3 4 7 C 
Structure 806: 3 24 B 8 4 1 7 A 2
	-> 1 2 3 4 A 7 B 8 
Structure 807: 3 D 8 4 1 11 7 6 2
	-> 1 2 3 4 7 8 11 D 
Structure 808: 3 10 B 18 17 C 4 1 9 A 2 14
	-> 1 2 3 4 A B C 9 10 14 17 
Structure 809: 3 20 8 4 1 63 7 A 2
	-> 1 2 3 4 A 7 8 
Structure 810: 3 106 194 82 18 C 79 1 9 A 2 14
	-> 1 2 3 A C 9 14 
Structure 811: 3 26 B 8 4 1 27 7 A 2
	-> 1 2 3 4 A 7 B 8 
Structure 812: 3 73 20 C 4 1 11 7 A 2
	-> 1 2 3 4 A 7 C 11 
Structure 813: 3 D 8 4 1 21 11 7 A 2
	-> 1 2 3 4 A 7 8 11 D 
Structure 814: 3 D 8 4 1 11 7 A 2
	-> 1 2 3 4 A 7 8 11 D 
Structure 815: 3 10 B 18 C 4 1 9 A 2 14
	-> 1 2 3 4 A B C 9 10 14 
Structure 816: 3 23 20 C 4 1 58 60 121 A 2
	-> 1 2 3 4 A C 
Structure 817: 3 20 8 4 1 21 112 7 5 2
	-> 1 2 3 4 7 8 
Structure 818: 3 D 8 4 1 11 7 A 2
	-> 1 2 3 4 A 7 8 11 D 
Structure 819: 3 10 20 17 4 1 38 40 2
	-> 1 2 3 4 10 17 
Structure 820: 3 64 81 96 69 C 4 1 35 7 14
	-> 1 3 4 7 C 14 
Structure 821: 3 B 47 8 4 1 7 A 2
	-> 1 2 3 4 A 7 B 8 
Structure 822: 3 10 B C 1 9 30 37 2 49
	-> 1 2 3 B C 9 10 
Structure 823: 3 D 8 4 1 33 21 11 7 A 2
	-> 1 2 3 4 A 7 8 11 D 
Structure 824: 3 20 8 C 4 1 7 A 2
	-> 1 2 3 4 A 7 8 C 
Structure 825: 3 26 B 8 4 1 21 11 7 A 2
	-> 1 2 3 4 A 7 B 8 11 
Structure 826: 3 24 B 8 4 1 11 7 A 2
	-> 1 2 3 4 A 7 B 8 11 
Structure 827: 34 73 B 18 C 1 11 7 A 2
	-> 1 2 A 7 B C 11 
Structure 828: 3 28 B C 4 1 144 7 A 2
	-> 1 2 3 4 A 7 B C 
Structure 829: 3 23 20 C 4 1 31 27 7 A 2
	-> 1 2 3 4 A 7 C 
Structure 830: 3 20 8 4 1 21 11 7 A 2
	-> 1 2 3 4 A 7 8 11 
Structure 831: 3 28 B C 4 1 31 27 7 A 2
	-> 1 2 3 4 A 7 B C 
Structure 832: 3 D 8 32 1 50 39 41 7 2
	-> 1 2 3 7 8 D 
Structure 833: 3 10 B 18 17 4 1 9 30 37 61 2
	-> 1 2 3 4 B 9 10 17 
Structure 834: 3 26 B 8 4 1 27 38 40 2
	-> 1 2 3 4 B 8 
Structure 835: 3 B 47 8 55 4 1 11 7 A 2
	-> 1 2 3 4 A 7 B 8 11 
Structure 836: 3 10 B 18 17 4 1 9 A 2 14
	-> 1 2 3 4 A B 9 10 14 17 
Structure 837: 3 28 24 B C 4 1 7 53 2 36 29
	-> 1 2 3 4 7 B C 
Structure 838: 3 D 8 4 1 21 11 7 A 2
	-> 1 2 3 4 A 7 8 11 D 
Structure 839: 3 10 B 18 17 C 4 1 9 5 2 29
	-> 1 2 3 4 B C 9 10 17 
Structure 840: 3 10 20 C 1 9 A 2 14
	-> 1 2 3 A C 9 10 14 
Structure 841: 3 D 8 4 1 21 11 7 A 2
	-> 1 2 3 4 A 7 8 11 D 
Structure 842: 46 D 8 4 1 7 A 2
	-> 1 2 4 A 7 8 D 
Structure 843: 3 10 B 18 17 4 1 38 85 2 195 196
	-> 1 2 3 4 B 10 17 
Structure 844: 3 10 B 17 4 1 9 A 2 42
	-> 1 2 3 4 A B 9 10 17 
Structure 845: 3 D 8 4 1 21 11 7 A 2
	-> 1 2 3 4 A 7 8 11 D 
Structure 846: 3 10 B 18 C 1 9 A 2 14
	-> 1 2 3 A B C 9 10 14 
Structure 847: 3 24 B 8 4 1 48 35 7 101 52 2
	-> 1 2 3 4 7 B 8 
Structure 848: 3 D 8 4 1 11 7 A 2
	-> 1 2 3 4 A 7 8 11 D 
Structure 849: 3 23 20 C 4 1 75 65 66 54 14
	-> 1 3 4 C 14 
Structure 850: 3 24 B 8 4 1 11 7 A 2
	-> 1 2 3 4 A 7 B 8 11 
Structure 851: 3 24 B 8 4 1 11 7 A 2
	-> 1 2 3 4 A 7 B 8 11 
Structure 852: 3 D 8 4 1 11 7 A 2
	-> 1 2 3 4 A 7 8 11 D 
Structure 853: 3 10 B 18 17 4 1 9 A 2 14
	-> 1 2 3 4 A B 9 10 14 17 
Structure 854: 3 10 B 18 17 4 1 9 A 2 14
	-> 1 2 3 4 A B 9 10 14 17 
Structure 855: 3 20 B 8 C 4 1 7 A 2
	-> 1 2 3 4 A 7 B 8 C 
Structure 856: 3 10 B 18 C 4 1 9 A 2 14
	-> 1 2 3 4 A B C 9 10 14 
Structure 857: 3 D 8 4 1 11 7 A 2
	-> 1 2 3 4 A 7 8 11 D 
Structure 858: 34 28 B C 4 1 43 7 52 2 14
	-> 1 2 4 7 B C 14 
Structure 859: 3 D 8 4 1 39 41 7 2
	-> 1 2 3 4 7 8 D 
Structure 860: 3 10 20 C 4 1 9 A 2 14
	-> 1 2 3 4 A C 9 10 14 
Structure 861: 3 10 B 57 17 C 4 1 9 30 A 2
	-> 1 2 3 4 A B C 9 10 17 
Structure 862: 3 D 8 4 1 11 7 A 2
	-> 1 2 3 4 A 7 8 11 D 
Structure 863: 3 D 8 C 4 1 11 7 A 2
	-> 1 2 3 4 A 7 8 C 11 D 
Structure 864: 3 D 8 4 1 21 11 7 A 2
	-> 1 2 3 4 A 7 8 11 D 
Structure 865: 3 10 B 45 17 4 1 9 A 2 14
	-> 1 2 3 4 A B 9 10 14 17 
Structure 866: 3 10 B 18 17 4 1 9 2 29
	-> 1 2 3 4 B 9 10 17 
Structure 867: 3 20 8 4 1 21 11 7 A 2
	-> 1 2 3 4 A 7 8 11 
Structure 868: 3 10 B 18 C 1 9 A 2 14
	-> 1 2 3 A B C 9 10 14 
Structure 869: 3 D 8 4 1 21 11 7 A 2
	-> 1 2 3 4 A 7 8 11 D 
Structure 870: 3 10 B 17 4 1 9 A 2 14
	-> 1 2 3 4 A B 9 10 14 17 
Structure 871: 3 28 B C 4 1 31 27 7 A 2
	-> 1 2 3 4 A 7 B C 
Structure 872: 3 10 B 45 17 4 1 9 A 2 42
	-> 1 2 3 4 A B 9 10 17 
Structure 873: 3 26 B 8 4 1 11 7 A 2
	-> 1 2 3 4 A 7 B 8 11 
Structure 874: 3 10 B 18 17 C 4 1 9 A 2 14
	-> 1 2 3 4 A B C 9 10 14 17 
Structure 875: 3 D 8 4 1 21 11 7 A 2
	-> 1 2 3 4 A 7 8 11 D 
Structure 876: 3 10 B 18 17 C 4 1 9 A 2 14
	-> 1 2 3 4 A B C 9 10 14 17 
Structure 877: 3 10 74 146 147 1 9 A 2 14
	-> 1 2 3 A 9 10 14 
Structure 878: 3 10 B 18 C 4 1 9 A 2 14
	-> 1 2 3 4 A B C 9 10 14 
Structure 879: 3 10 B 18 C 4 1 9 30 37 62 2 42
	-> 1 2 3 4 B C 9 10 
Structure 880: 3 10 B 18 C 4 1 9 30 37 2 49
	-> 1 2 3 4 B C 9 10 
Structure 881: 3 D 8 4 1 11 7 A 2
	-> 1 2 3 4 A 7 8 11 D 
Structure 882: 3 24 B 8 4 1 11 7 A 2
	-> 1 2 3 4 A 7 B 8 11 
Structure 883: 3 D 8 4 1 63 7 A 2
	-> 1 2 3 4 A 7 8 D 
Structure 884: 3 10 B C 4 1 9 30 37 2 49
	-> 1 2 3 4 B C 9 10 
Structure 885: 3 26 B 8 4 1 21 11 7 A 2
	-> 1 2 3 4 A 7 B 8 11 
Structure 886: 3 10 B 18 17 C 4 1 9 A 2 14
	-> 1 2 3 4 A B C 9 10 14 17 
Structure 887: 3 10 B C 4 1 9 A 2 14
	-> 1 2 3 4 A B C 9 10 14 
Structure 888: 3 D 8 4 1 21 11 7 A 2
	-> 1 2 3 4 A 7 8 11 D 
Structure 889: 3 10 B 18 17 C 4 1 9 A 2 14
	-> 1 2 3 4 A B C 9 10 14 17 
Structure 890: 3 D 8 4 1 7 A 2
	-> 1 2 3 4 A 7 8 D 
Structure 891: 3 D 8 32 51 56 48 35 7 2
	-> 2 3 7 8 D 
Structure 892: 3 10 B 18 17 4 1 9 A 2 14
	-> 1 2 3 4 A B 9 10 14 17 
Structure 893: 3 26 B 8 4 1 11 7 A 2
	-> 1 2 3 4 A 7 B 8 11 
Structure 894: 3 26 B 8 4 1 27 7 A 2 42
	-> 1 2 3 4 A 7 B 8 
Structure 895: 3 D 8 4 1 7 A 2
	-> 1 2 3 4 A 7 8 D 
Structure 896: 3 10 B 18 C 4 1 9 A 2 14
	-> 1 2 3 4 A B C 9 10 14 
Structure 897: 3 10 B 18 17 C 4 1 9 A 2 14
	-> 1 2 3 4 A B C 9 10 14 17 
Structure 898: 3 D 8 C 4 1 11 7 A 2
	-> 1 2 3 4 A 7 8 C 11 D 
Structure 899: 3 D 8 1 67 38 40 2
	-> 1 2 3 8 D 
Structure 900: 3 10 B 18 17 C 4 1 9 40 2 14
	-> 1 2 3 4 B C 9 10 14 17 
Structure 901: 3 197 20 86 8 4 1 11 7 A 2
	-> 1 2 3 4 A 7 8 11 
Structure 902: 3 D 8 4 1 11 7 A 2
	-> 1 2 3 4 A 7 8 11 D 
Structure 903: 3 D 8 4 1 21 11 7 A 2
	-> 1 2 3 4 A 7 8 11 D 
Structure 904: 3 23 20 4 1 31 27 7 A 2
	-> 1 2 3 4 A 7 
Structure 905: 3 10 B 17 4 1 9 A 2 14
	-> 1 2 3 4 A B 9 10 14 17 
Structure 906: 3 23 20 C 4 1 31 7 A 2
	-> 1 2 3 4 A 7 C 
Structure 907: 3 26 B 8 55 4 1 7 2
	-> 1 2 3 4 7 B 8 
Structure 908: 3 B 8 4 1 67 38 103 138 2
	-> 1 2 3 4 B 8 
Structure 909: 3 28 24 B C 4 1 58 60 A 2 102
	-> 1 2 3 4 A B C 
Structure 910: 46 73 20 94 C 4 1 84 75 65 66 54
	-> 1 4 C 
Structure 911: 3 64 20 17 4 1 43 118 7 2 14
	-> 1 2 3 4 7 14 17 
Structure 912: 3 D 8 4 1 33 11 7 A 2
	-> 1 2 3 4 A 7 8 11 D 
Structure 913: 3 23 20 C 4 1 7 53 44 2 14
	-> 1 2 3 4 7 C 14 
Structure 914: 3 10 B 18 17 4 1 9 A 2 14
	-> 1 2 3 4 A B 9 10 14 17 
Structure 915: 3 D 8 125 1 11 7 A 2
	-> 1 2 3 A 7 8 11 D 
Structure 916: 3 B 18 8 32 1 80 198 38 2
	-> 1 2 3 B 8 
Structure 917: 3 10 B 18 C 4 1 9 30 37 2 49
	-> 1 2 3 4 B C 9 10 
Structure 918: 3 10 199 18 4 1 9 A 2 14
	-> 1 2 3 4 A 9 10 14 
Structure 919: 3 10 20 45 17 4 1 9 A 2 14
	-> 1 2 3 4 A 9 10 14 17 
Structure 920: 3 10 B 18 C 4 1 9 A 2 14
	-> 1 2 3 4 A B C 9 10 14 
Structure 921: 3 D 8 4 1 11 7 A 2
	-> 1 2 3 4 A 7 8 11 D 
Structure 922: 3 10 B 57 C 4 1 9 A 2 14
	-> 1 2 3 4 A B C 9 10 14 
Structure 923: 3 10 B 18 C 79 1 9 30 37 61 2
	-> 1 2 3 B C 9 10 
Structure 924: 3 28 B C 4 1 200 7 A 2
	-> 1 2 3 4 A 7 B C 
Structure 925: 3 64 20 17 4 1 35 7 2 14
	-> 1 2 3 4 7 14 17 
Structure 926: 3 D 8 4 1 21 11 7 A 2
	-> 1 2 3 4 A 7 8 11 D 
Structure 927: 3 D 8 4 1 33 11 7 A 2
	-> 1 2 3 4 A 7 8 11 D 
Structure 928: 3 10 B 18 17 4 1 9 30 61 2
	-> 1 2 3 4 B 9 10 17 
Structure 929: 3 10 20 17 4 1 9 A 2 14
	-> 1 2 3 4 A 9 10 14 17 
Structure 930: 3 20 8 4 1 21 11 7 A 2
	-> 1 2 3 4 A 7 8 11 
Structure 931: 71 46 20 8 4 1 27 7 A 2
	-> 1 2 4 A 7 8 
Structure 932: 3 D 8 4 1 7 A 2
	-> 1 2 3 4 A 7 8 D 
Structure 933: 3 23 20 C 4 1 117 70 120 38 54 2
	-> 1 2 3 4 C 
Structure 934: 3 D 8 4 1 11 7 A 2
	-> 1 2 3 4 A 7 8 11 D 
Structure 935: 3 23 20 C 4 1 7 53 2 36 29 42
	-> 1 2 3 4 7 C 
Structure 936: 46 26 B 8 4 1 33 7 A 2
	-> 1 2 4 A 7 B 8 
Structure 937: 3 D 8 32 1 50 43 7 52 2
	-> 1 2 3 7 8 D 
Structure 938: 3 D 8 C 4 1 21 11 7 A 2
	-> 1 2 3 4 A 7 8 C 11 D 
Structure 939: 3 D 8 4 1 21 112 7 A 2
	-> 1 2 3 4 A 7 8 D 
Structure 940: 3 10 B 17 4 1 9 40 2 14
	-> 1 2 3 4 B 9 10 14 17 
Structure 941: 3 10 B 18 17 4 1 9 30 201 2 49
	-> 1 2 3 4 B 9 10 17 
Structure 942: 3 10 B 18 17 4 1 9 A 2 14
	-> 1 2 3 4 A B 9 10 14 17 
Structure 943: 3 B 47 8 4 1 142 143 A 2
	-> 1 2 3 4 A B 8 
Structure 944: 3 26 B 8 4 1 21 11 7 A 2
	-> 1 2 3 4 A 7 B 8 11 
Structure 945: 3 10 74 89 1 9 A 2 14
	-> 1 2 3 A 9 10 14 
Structure 946: 3 D 8 4 1 21 11 7 A 2
	-> 1 2 3 4 A 7 8 11 D 
Structure 947: 3 10 B 18 C 4 1 9 A 2 14
	-> 1 2 3 4 A B C 9 10 14 
Structure 948: 3 10 20 C 4 1 9 40 2 14
	-> 1 2 3 4 C 9 10 14 
Structure 949: 34 D 8 4 1 11 7 A 2
	-> 1 2 4 A 7 8 11 D 
Structure 950: 3 23 20 C 4 1 31 27 7 A 2
	-> 1 2 3 4 A 7 C 
Structure 951: 3 26 B 8 4 1 11 7 A 2
	-> 1 2 3 4 A 7 B 8 11 
Structure 952: 3 10 B 18 C 4 1 9 A 2 14
	-> 1 2 3 4 A B C 9 10 14 
Structure 953: 3 10 B 18 17 4 1 9 A 2 14
	-> 1 2 3 4 A B 9 10 14 17 
Structure 954: 34 D 8 4 1 27 7 A 2
	-> 1 2 4 A 7 8 D 
Structure 955: 3 B 47 8 1 50 39 41 7 2
	-> 1 2 3 7 B 8 
Structure 956: 3 D 8 4 1 27 7 A 2
	-> 1 2 3 4 A 7 8 D 
Structure 957: 3 D 8 4 1 33 11 7 A 2
	-> 1 2 3 4 A 7 8 11 D 
Structure 958: 3 28 20 C 4 1 31 27 7 6 76 2
	-> 1 2 3 4 7 C 
Structure 959: 3 D 8 4 1 11 7 A 2
	-> 1 2 3 4 A 7 8 11 D 
Structure 960: 3 D 8 C 4 1 21 11 7 A 2
	-> 1 2 3 4 A 7 8 C 11 D 
Structure 961: 3 26 B 8 4 1 21 11 7 A 2
	-> 1 2 3 4 A 7 B 8 11 
Structure 962: 3 10 B 18 C 4 1 9 30 A 2
	-> 1 2 3 4 A B C 9 10 
Structure 963: 3 B 8 4 1 11 7 A 2 105
	-> 1 2 3 4 A 7 B 8 11 
Structure 964: 3 128 10 B 17 4 1 9 30 A 2
	-> 1 2 3 4 A B 9 10 17 
Structure 965: 3 10 B 18 17 4 1 9 A 2 14
	-> 1 2 3 4 A B 9 10 14 17 
Structure 966: 3 10 B 18 17 C 4 1 9 A 2 14
	-> 1 2 3 4 A B C 9 10 14 17 
Structure 967: 3 68 B 1 31 27 7 A 2
	-> 1 2 3 A 7 B 
Structure 968: 78 34 24 B 8 4 1 33 21 11 7 A 2
	-> 1 2 4 A 7 B 8 11 
Structure 969: 3 10 B 18 17 4 1 9 A 2 14
	-> 1 2 3 4 A B 9 10 14 17 
Structure 970: 3 28 20 C 4 1 9 A 2 14 59
	-> 1 2 3 4 A C 9 14 
Structure 971: 3 D 8 4 1 11 7 A 2
	-> 1 2 3 4 A 7 8 11 D 
Structure 972: 3 10 B 17 4 1 9 A 2 14 59
	-> 1 2 3 4 A B 9 10 14 17 
Structure 973: 3 D 8 4 1 39 99 100 2
	-> 1 2 3 4 8 D 
Structure 974: 3 20 8 4 1 21 11 7 A 2
	-> 1 2 3 4 A 7 8 11 
Structure 975: 3 D 8 4 1 21 11 7 A 2
	-> 1 2 3 4 A 7 8 11 D 
Structure 976: 3 10 B 18 C 1 9 A 2 14
	-> 1 2 3 A B C 9 10 14 
Structure 977: 3 20 8 32 1 116 84 75 65 66 54
	-> 1 3 8 
Structure 978: 3 23 20 C 4 1 35 7 113 2 36 29
	-> 1 2 3 4 7 C 
Structure 979: 3 12 B 8 4 1 27 7 A 2
	-> 1 2 3 4 A 7 B 8 
Structure 980: 3 10 B C 4 1 9 A 2 14
	-> 1 2 3 4 A B C 9 10 14 
Structure 981: 3 20 8 4 1 21 11 7 A 2
	-> 1 2 3 4 A 7 8 11 
Structure 982: 3 D 8 4 1 21 11 7 A 2
	-> 1 2 3 4 A 7 8 11 D 
Structure 983: 3 26 B 8 4 1 27 7 A 2
	-> 1 2 3 4 A 7 B 8 
Structure 984: 3 10 B 17 4 1 9 6 76 44 2 14
	-> 1 2 3 4 B 9 10 14 17 
Structure 985: 3 10 B 18 17 4 1 9 30 61 2
	-> 1 2 3 4 B 9 10 17 
Structure 986: 3 24 B 8 4 1 11 7 A 2
	-> 1 2 3 4 A 7 B 8 11 
Structure 987: 3 28 24 B C 4 1 43 118 7 2 36 29
	-> 1 2 3 4 7 B C 
Structure 988: 3 10 B 18 C 79 1 9 A 2 72
	-> 1 2 3 A B C 9 10 
Structure 989: 3 D 8 4 1 21 11 7 A 2
	-> 1 2 3 4 A 7 8 11 D 
Structure 990: 3 10 B C 4 1 9 A 2 14
	-> 1 2 3 4 A B C 9 10 14 
Structure 991: 3 28 20 B C 4 1 35 7 53 5 2 29
	-> 1 2 3 4 7 B C 
Structure 992: 3 23 20 C 4 1 11 7 A 2
	-> 1 2 3 4 A 7 C 11 
Structure 993: 3 D 8 4 1 33 21 11 7 A 2
	-> 1 2 3 4 A 7 8 11 D 
Structure 994: 3 10 B C 4 1 9 A 2 14
	-> 1 2 3 4 A B C 9 10 14 
Structure 995: 3 10 145 B 18 C 4 1 9 A 2 14
	-> 1 2 3 4 A B C 9 10 14 
Structure 996: 3 68 B 18 1 31 27 7 A 2
	-> 1 2 3 A 7 B 
Structure 997: 71 46 10 B 17 4 1 9 A 2 14
	-> 1 2 4 A B 9 10 14 17 
Structure 998: 3 D 8 C 79 1 11 7 A 2
	-> 1 2 3 A 7 8 C 11 D 
Structure 999: 3 24 B 8 32 1 50 39 41 7 2
	-> 1 2 3 7 B 8 
Structure 1000: 3 10 B 18 17 4 1 9 A 2 14
	-> 1 2 3 4 A B 9 10 14 17 
