Processing /home/hwilco/Documents/RNA Research/RNAStructProfiling-master/output/training/TPP/Bacillus_cytotoxicus.1_sfold/input/Bacillus_cytotoxicus.1_sfold.out
Structure 1: 5 2 3 6 4 1 
	-> 1 2 3 4 5 6 
Structure 2: 7 5 2 3 8 4 1 
	-> 1 2 3 4 5 7 8 
Structure 3: 7 11 5 2 3 6 4 1 
	-> 1 2 3 4 5 6 7 
Structure 4: 9 2 3 8 20 4 1 
	-> 1 2 3 4 8 9 
Structure 5: 7 5 2 3 8 4 1 
	-> 1 2 3 4 5 7 8 
Structure 6: 7 5 2 3 6 4 1 
	-> 1 2 3 4 5 6 7 
Structure 7: 9 2 3 6 4 1 
	-> 1 2 3 4 6 9 
Structure 8: 7 11 5 15 3 6 4 1 
	-> 1 3 4 5 6 7 
Structure 9: 5 2 3 6 17 4 1 
	-> 1 2 3 4 5 6 
Structure 10: 7 5 2 3 6 4 1 
	-> 1 2 3 4 5 6 7 
Structure 11: 5 15 3 8 4 1 
	-> 1 3 4 5 8 
Structure 12: 7 5 2 3 6 4 1 
	-> 1 2 3 4 5 6 7 
Structure 13: 7 5 2 3 8 4 1 
	-> 1 2 3 4 5 7 8 
Structure 14: 5 2 3 6 4 1 
	-> 1 2 3 4 5 6 
Structure 15: 7 11 5 2 3 6 4 1 
	-> 1 2 3 4 5 6 7 
Structure 16: 7 5 2 3 6 4 1 
	-> 1 2 3 4 5 6 7 
Structure 17: 9 2 3 37 6 4 1 
	-> 1 2 3 4 6 9 
Structure 18: 9 2 3 6 4 1 
	-> 1 2 3 4 6 9 
Structure 19: 7 5 2 3 6 4 1 
	-> 1 2 3 4 5 6 7 
Structure 20: 7 5 2 3 6 4 1 
	-> 1 2 3 4 5 6 7 
Structure 21: 7 5 2 3 6 4 1 
	-> 1 2 3 4 5 6 7 
Structure 22: 7 5 2 3 8 4 1 
	-> 1 2 3 4 5 7 8 
Structure 23: 5 2 3 6 10 14 1 
	-> 1 2 3 5 6 
Structure 24: 5 2 3 8 4 1 
	-> 1 2 3 4 5 8 
Structure 25: 7 5 2 3 8 4 1 
	-> 1 2 3 4 5 7 8 
Structure 26: 7 11 5 2 3 6 4 1 
	-> 1 2 3 4 5 6 7 
Structure 27: 7 5 2 3 6 4 1 
	-> 1 2 3 4 5 6 7 
Structure 28: 7 5 15 3 6 4 1 
	-> 1 3 4 5 6 7 
Structure 29: 7 5 2 3 8 4 1 
	-> 1 2 3 4 5 7 8 
Structure 30: 11 5 2 3 6 4 1 
	-> 1 2 3 4 5 6 
Structure 31: 9 19 2 3 6 4 1 
	-> 1 2 3 4 6 9 
Structure 32: 7 11 5 2 3 6 4 1 
	-> 1 2 3 4 5 6 7 
Structure 33: 7 5 2 3 8 4 1 
	-> 1 2 3 4 5 7 8 
Structure 34: 7 5 2 3 6 4 1 
	-> 1 2 3 4 5 6 7 
Structure 35: 5 2 3 6 4 1 
	-> 1 2 3 4 5 6 
Structure 36: 5 2 3 6 4 1 
	-> 1 2 3 4 5 6 
Structure 37: 7 5 2 3 6 4 1 
	-> 1 2 3 4 5 6 7 
Structure 38: 7 5 2 3 6 4 1 
	-> 1 2 3 4 5 6 7 
Structure 39: 9 2 18 13 16 12 4 1 38 
	-> 1 2 4 9 
Structure 40: 7 5 2 3 6 4 1 
	-> 1 2 3 4 5 6 7 
Structure 41: 7 5 2 3 8 4 1 
	-> 1 2 3 4 5 7 8 
Structure 42: 9 2 3 6 10 14 1 
	-> 1 2 3 6 9 
Structure 43: 7 5 2 3 8 4 1 
	-> 1 2 3 4 5 7 8 
Structure 44: 7 5 2 3 8 4 1 
	-> 1 2 3 4 5 7 8 
Structure 45: 9 2 3 6 4 1 
	-> 1 2 3 4 6 9 
Structure 46: 7 11 5 2 3 6 4 1 
	-> 1 2 3 4 5 6 7 
Structure 47: 7 5 2 3 8 4 1 
	-> 1 2 3 4 5 7 8 
Structure 48: 7 5 2 3 8 4 1 
	-> 1 2 3 4 5 7 8 
Structure 49: 9 2 3 6 4 1 
	-> 1 2 3 4 6 9 
Structure 50: 7 5 2 3 6 4 1 
	-> 1 2 3 4 5 6 7 
Structure 51: 5 2 3 6 4 1 
	-> 1 2 3 4 5 6 
Structure 52: 9 2 3 6 4 1 
	-> 1 2 3 4 6 9 
Structure 53: 39 2 3 6 4 1 
	-> 1 2 3 4 6 
Structure 54: 5 2 3 8 4 1 
	-> 1 2 3 4 5 8 
Structure 55: 7 5 2 3 6 4 1 
	-> 1 2 3 4 5 6 7 
Structure 56: 11 5 2 3 8 4 1 
	-> 1 2 3 4 5 8 
Structure 57: 5 2 3 6 4 1 
	-> 1 2 3 4 5 6 
Structure 58: 9 2 3 6 4 1 
	-> 1 2 3 4 6 9 
Structure 59: 9 2 13 12 4 1 
	-> 1 2 4 9 
Structure 60: 7 5 2 3 6 4 1 
	-> 1 2 3 4 5 6 7 
Structure 61: 7 5 2 3 6 4 1 
	-> 1 2 3 4 5 6 7 
Structure 62: 5 2 3 8 4 1 
	-> 1 2 3 4 5 8 
Structure 63: 7 5 2 3 8 4 1 
	-> 1 2 3 4 5 7 8 
Structure 64: 7 5 2 3 6 4 1 
	-> 1 2 3 4 5 6 7 
Structure 65: 7 5 2 3 6 4 1 
	-> 1 2 3 4 5 6 7 
Structure 66: 7 5 2 3 6 4 1 
	-> 1 2 3 4 5 6 7 
Structure 67: 7 5 2 13 12 4 1 
	-> 1 2 4 5 7 
Structure 68: 5 2 3 6 4 1 
	-> 1 2 3 4 5 6 
Structure 69: 7 11 5 2 3 6 4 1 
	-> 1 2 3 4 5 6 7 
Structure 70: 7 11 5 2 3 6 4 40 1 
	-> 1 2 3 4 5 6 7 
Structure 71: 7 5 2 3 8 4 1 
	-> 1 2 3 4 5 7 8 
Structure 72: 7 5 2 3 8 4 1 
	-> 1 2 3 4 5 7 8 
Structure 73: 7 5 2 3 6 4 1 
	-> 1 2 3 4 5 6 7 
Structure 74: 7 5 2 13 25 16 12 4 1 
	-> 1 2 4 5 7 
Structure 75: 5 2 3 8 4 14 1 
	-> 1 2 3 4 5 8 
Structure 76: 9 2 3 6 4 1 
	-> 1 2 3 4 6 9 
Structure 77: 7 5 2 3 6 4 1 
	-> 1 2 3 4 5 6 7 
Structure 78: 9 2 3 6 10 1 
	-> 1 2 3 6 9 
Structure 79: 7 5 2 3 6 4 1 
	-> 1 2 3 4 5 6 7 
Structure 80: 9 2 3 6 4 1 
	-> 1 2 3 4 6 9 
Structure 81: 5 2 3 8 4 1 
	-> 1 2 3 4 5 8 
Structure 82: 7 5 2 3 8 4 1 
	-> 1 2 3 4 5 7 8 
Structure 83: 9 2 3 6 4 1 
	-> 1 2 3 4 6 9 
Structure 84: 9 2 3 8 4 1 
	-> 1 2 3 4 8 9 
Structure 85: 7 5 2 3 8 4 1 
	-> 1 2 3 4 5 7 8 
Structure 86: 7 5 2 3 6 4 1 
	-> 1 2 3 4 5 6 7 
Structure 87: 5 2 3 6 4 1 
	-> 1 2 3 4 5 6 
Structure 88: 7 5 2 3 6 4 1 
	-> 1 2 3 4 5 6 7 
Structure 89: 7 5 2 3 6 4 1 
	-> 1 2 3 4 5 6 7 
Structure 90: 7 5 2 3 6 4 1 
	-> 1 2 3 4 5 6 7 
Structure 91: 21 5 2 3 6 17 10 1 
	-> 1 2 3 5 6 
Structure 92: 7 5 2 13 12 4 1 
	-> 1 2 4 5 7 
Structure 93: 5 2 3 8 20 4 1 
	-> 1 2 3 4 5 8 
Structure 94: 7 5 2 3 6 4 1 
	-> 1 2 3 4 5 6 7 
Structure 95: 7 5 2 3 8 4 1 
	-> 1 2 3 4 5 7 8 
Structure 96: 9 2 3 8 4 1 
	-> 1 2 3 4 8 9 
Structure 97: 9 2 3 6 4 1 
	-> 1 2 3 4 6 9 
Structure 98: 7 5 2 3 8 4 1 
	-> 1 2 3 4 5 7 8 
Structure 99: 7 5 2 3 6 4 1 
	-> 1 2 3 4 5 6 7 
Structure 100: 5 2 3 6 4 1 
	-> 1 2 3 4 5 6 
Structure 101: 7 5 2 3 6 4 1 
	-> 1 2 3 4 5 6 7 
Structure 102: 9 2 3 8 10 14 1 
	-> 1 2 3 8 9 
Structure 103: 7 11 5 2 3 6 4 1 
	-> 1 2 3 4 5 6 7 
Structure 104: 7 5 2 3 8 4 1 
	-> 1 2 3 4 5 7 8 
Structure 105: 7 11 5 2 3 8 4 1 
	-> 1 2 3 4 5 7 8 
Structure 106: 9 2 3 8 4 1 
	-> 1 2 3 4 8 9 
Structure 107: 5 2 3 6 4 1 
	-> 1 2 3 4 5 6 
Structure 108: 7 5 2 3 6 4 1 
	-> 1 2 3 4 5 6 7 
Structure 109: 7 5 2 3 6 4 1 
	-> 1 2 3 4 5 6 7 
Structure 110: 5 2 3 6 4 1 
	-> 1 2 3 4 5 6 
Structure 111: 9 2 3 6 10 14 1 
	-> 1 2 3 6 9 
Structure 112: 5 2 3 6 4 1 
	-> 1 2 3 4 5 6 
Structure 113: 7 5 2 3 6 4 1 
	-> 1 2 3 4 5 6 7 
Structure 114: 5 2 3 6 4 1 
	-> 1 2 3 4 5 6 
Structure 115: 5 2 3 6 10 14 1 
	-> 1 2 3 5 6 
Structure 116: 9 2 3 6 10 14 1 
	-> 1 2 3 6 9 
Structure 117: 7 5 2 3 6 4 14 1 
	-> 1 2 3 4 5 6 7 
Structure 118: 7 5 2 3 6 10 14 1 
	-> 1 2 3 5 6 7 
Structure 119: 5 15 3 6 10 14 1 
	-> 1 3 5 6 
Structure 120: 9 2 3 8 4 1 
	-> 1 2 3 4 8 9 
Structure 121: 7 5 2 3 8 4 1 
	-> 1 2 3 4 5 7 8 
Structure 122: 5 2 3 6 4 1 
	-> 1 2 3 4 5 6 
Structure 123: 5 2 3 6 4 1 
	-> 1 2 3 4 5 6 
Structure 124: 7 5 2 3 6 4 1 
	-> 1 2 3 4 5 6 7 
Structure 125: 5 2 18 13 12 17 4 1 
	-> 1 2 4 5 
Structure 126: 7 5 2 3 6 4 1 
	-> 1 2 3 4 5 6 7 
Structure 127: 7 5 2 3 6 4 1 
	-> 1 2 3 4 5 6 7 
Structure 128: 5 33 3 6 4 1 
	-> 1 3 4 5 6 
Structure 129: 7 5 2 3 6 4 1 
	-> 1 2 3 4 5 6 7 
Structure 130: 7 5 2 13 26 12 4 1 
	-> 1 2 4 5 7 
Structure 131: 7 5 2 3 6 10 1 
	-> 1 2 3 5 6 7 
Structure 132: 5 2 3 27 4 1 
	-> 1 2 3 4 5 
Structure 133: 7 5 2 3 8 4 1 
	-> 1 2 3 4 5 7 8 
Structure 134: 5 2 3 6 4 1 
	-> 1 2 3 4 5 6 
Structure 135: 7 5 2 3 6 4 1 
	-> 1 2 3 4 5 6 7 
Structure 136: 9 2 3 6 4 1 
	-> 1 2 3 4 6 9 
Structure 137: 5 2 3 6 4 1 
	-> 1 2 3 4 5 6 
Structure 138: 9 2 3 6 4 1 
	-> 1 2 3 4 6 9 
Structure 139: 7 11 5 2 13 12 4 1 
	-> 1 2 4 5 7 
Structure 140: 7 5 2 3 6 4 1 
	-> 1 2 3 4 5 6 7 
Structure 141: 5 2 3 8 4 1 
	-> 1 2 3 4 5 8 
Structure 142: 9 2 3 6 4 1 
	-> 1 2 3 4 6 9 
Structure 143: 7 5 2 3 8 4 1 
	-> 1 2 3 4 5 7 8 
Structure 144: 5 2 3 6 4 1 
	-> 1 2 3 4 5 6 
Structure 145: 5 2 3 6 4 1 
	-> 1 2 3 4 5 6 
Structure 146: 9 2 3 6 4 1 
	-> 1 2 3 4 6 9 
Structure 147: 5 2 3 6 4 1 
	-> 1 2 3 4 5 6 
Structure 148: 7 5 2 3 8 4 1 
	-> 1 2 3 4 5 7 8 
Structure 149: 7 5 2 3 8 4 1 
	-> 1 2 3 4 5 7 8 
Structure 150: 5 2 3 6 4 1 
	-> 1 2 3 4 5 6 
Structure 151: 5 2 3 6 4 1 
	-> 1 2 3 4 5 6 
Structure 152: 7 5 2 3 8 4 1 
	-> 1 2 3 4 5 7 8 
Structure 153: 9 2 3 6 4 1 
	-> 1 2 3 4 6 9 
Structure 154: 5 2 3 6 17 4 1 
	-> 1 2 3 4 5 6 
Structure 155: 5 2 3 6 4 1 
	-> 1 2 3 4 5 6 
Structure 156: 7 5 2 3 6 4 1 
	-> 1 2 3 4 5 6 7 
Structure 157: 5 2 3 6 4 1 
	-> 1 2 3 4 5 6 
Structure 158: 7 5 2 3 6 4 1 
	-> 1 2 3 4 5 6 7 
Structure 159: 5 2 3 6 10 1 
	-> 1 2 3 5 6 
Structure 160: 7 5 2 3 6 4 1 
	-> 1 2 3 4 5 6 7 
Structure 161: 7 5 2 3 8 4 14 1 
	-> 1 2 3 4 5 7 8 
Structure 162: 9 2 3 8 20 4 1 
	-> 1 2 3 4 8 9 
Structure 163: 7 11 5 2 13 12 4 1 
	-> 1 2 4 5 7 
Structure 164: 7 5 2 3 6 4 1 
	-> 1 2 3 4 5 6 7 
Structure 165: 5 2 3 6 4 1 
	-> 1 2 3 4 5 6 
Structure 166: 9 2 3 8 4 1 
	-> 1 2 3 4 8 9 
Structure 167: 7 5 2 3 6 4 1 
	-> 1 2 3 4 5 6 7 
Structure 168: 9 2 3 6 4 1 
	-> 1 2 3 4 6 9 
Structure 169: 5 2 3 6 4 1 
	-> 1 2 3 4 5 6 
Structure 170: 21 5 2 3 6 4 1 
	-> 1 2 3 4 5 6 
Structure 171: 7 5 2 3 6 4 1 
	-> 1 2 3 4 5 6 7 
Structure 172: 7 5 2 3 6 4 1 
	-> 1 2 3 4 5 6 7 
Structure 173: 5 2 3 6 4 1 
	-> 1 2 3 4 5 6 
Structure 174: 7 5 15 3 6 4 1 
	-> 1 3 4 5 6 7 
Structure 175: 5 2 3 6 4 1 
	-> 1 2 3 4 5 6 
Structure 176: 5 2 3 8 4 1 
	-> 1 2 3 4 5 8 
Structure 177: 9 2 3 6 10 1 
	-> 1 2 3 6 9 
Structure 178: 7 5 2 3 8 4 1 
	-> 1 2 3 4 5 7 8 
Structure 179: 7 5 2 3 8 22 4 1 
	-> 1 2 3 4 5 7 8 
Structure 180: 9 2 3 6 4 1 
	-> 1 2 3 4 6 9 
Structure 181: 5 2 3 6 4 1 
	-> 1 2 3 4 5 6 
Structure 182: 7 11 5 2 3 6 4 1 
	-> 1 2 3 4 5 6 7 
Structure 183: 7 5 2 3 6 4 1 
	-> 1 2 3 4 5 6 7 
Structure 184: 5 2 3 8 4 1 
	-> 1 2 3 4 5 8 
Structure 185: 7 5 2 3 6 4 1 
	-> 1 2 3 4 5 6 7 
Structure 186: 7 5 2 3 41 6 4 1 
	-> 1 2 3 4 5 6 7 
Structure 187: 5 2 3 6 4 1 
	-> 1 2 3 4 5 6 
Structure 188: 7 11 5 2 3 6 4 1 
	-> 1 2 3 4 5 6 7 
Structure 189: 7 11 5 2 3 8 4 1 
	-> 1 2 3 4 5 7 8 
Structure 190: 7 5 2 3 6 4 1 
	-> 1 2 3 4 5 6 7 
Structure 191: 7 5 2 3 6 4 1 
	-> 1 2 3 4 5 6 7 
Structure 192: 5 2 3 6 4 1 
	-> 1 2 3 4 5 6 
Structure 193: 5 2 3 8 4 1 
	-> 1 2 3 4 5 8 
Structure 194: 9 2 3 6 4 1 
	-> 1 2 3 4 6 9 
Structure 195: 5 2 3 6 4 1 
	-> 1 2 3 4 5 6 
Structure 196: 7 5 2 3 6 4 1 
	-> 1 2 3 4 5 6 7 
Structure 197: 7 11 5 2 3 6 4 1 
	-> 1 2 3 4 5 6 7 
Structure 198: 5 2 3 8 4 1 
	-> 1 2 3 4 5 8 
Structure 199: 9 2 3 6 4 1 
	-> 1 2 3 4 6 9 
Structure 200: 7 5 2 3 6 4 1 
	-> 1 2 3 4 5 6 7 
Structure 201: 7 11 5 2 3 8 4 1 
	-> 1 2 3 4 5 7 8 
Structure 202: 7 5 2 3 6 4 1 
	-> 1 2 3 4 5 6 7 
Structure 203: 7 5 2 3 6 4 1 
	-> 1 2 3 4 5 6 7 
Structure 204: 5 2 3 6 4 1 
	-> 1 2 3 4 5 6 
Structure 205: 5 2 3 6 4 1 
	-> 1 2 3 4 5 6 
Structure 206: 9 2 3 6 4 1 
	-> 1 2 3 4 6 9 
Structure 207: 7 5 2 18 13 12 4 1 
	-> 1 2 4 5 7 
Structure 208: 7 5 2 3 8 4 1 
	-> 1 2 3 4 5 7 8 
Structure 209: 9 2 3 6 4 1 
	-> 1 2 3 4 6 9 
Structure 210: 7 5 2 3 6 4 1 
	-> 1 2 3 4 5 6 7 
Structure 211: 7 5 2 13 26 12 4 1 
	-> 1 2 4 5 7 
Structure 212: 9 2 3 8 4 1 
	-> 1 2 3 4 8 9 
Structure 213: 7 5 2 3 8 4 1 
	-> 1 2 3 4 5 7 8 
Structure 214: 7 5 2 3 8 4 1 
	-> 1 2 3 4 5 7 8 
Structure 215: 7 5 2 3 8 4 1 
	-> 1 2 3 4 5 7 8 
Structure 216: 5 2 3 6 4 1 
	-> 1 2 3 4 5 6 
Structure 217: 9 2 3 6 4 1 
	-> 1 2 3 4 6 9 
Structure 218: 7 5 2 42 6 4 1 
	-> 1 2 4 5 6 7 
Structure 219: 5 2 3 8 4 1 
	-> 1 2 3 4 5 8 
Structure 220: 7 5 2 3 6 4 1 
	-> 1 2 3 4 5 6 7 
Structure 221: 7 5 2 3 6 4 1 
	-> 1 2 3 4 5 6 7 
Structure 222: 21 5 2 3 8 4 1 
	-> 1 2 3 4 5 8 
Structure 223: 7 5 2 3 6 4 1 
	-> 1 2 3 4 5 6 7 
Structure 224: 7 5 2 3 6 4 1 
	-> 1 2 3 4 5 6 7 
Structure 225: 7 11 5 2 3 6 4 1 
	-> 1 2 3 4 5 6 7 
Structure 226: 7 5 33 2 3 6 4 1 
	-> 1 2 3 4 5 6 7 
Structure 227: 11 5 2 3 6 4 1 
	-> 1 2 3 4 5 6 
Structure 228: 5 2 3 6 4 1 
	-> 1 2 3 4 5 6 
Structure 229: 7 5 2 3 6 4 1 
	-> 1 2 3 4 5 6 7 
Structure 230: 5 2 3 6 4 1 
	-> 1 2 3 4 5 6 
Structure 231: 7 5 2 3 8 4 1 
	-> 1 2 3 4 5 7 8 
Structure 232: 7 5 2 3 6 4 1 
	-> 1 2 3 4 5 6 7 
Structure 233: 9 2 3 6 4 1 
	-> 1 2 3 4 6 9 
Structure 234: 9 19 2 3 6 4 1 
	-> 1 2 3 4 6 9 
Structure 235: 5 2 3 6 4 1 
	-> 1 2 3 4 5 6 
Structure 236: 5 2 3 6 4 1 
	-> 1 2 3 4 5 6 
Structure 237: 7 5 2 3 8 10 1 
	-> 1 2 3 5 7 8 
Structure 238: 7 5 2 3 6 4 1 
	-> 1 2 3 4 5 6 7 
Structure 239: 5 2 3 6 4 1 
	-> 1 2 3 4 5 6 
Structure 240: 7 5 2 3 6 4 1 
	-> 1 2 3 4 5 6 7 
Structure 241: 11 5 15 3 8 10 14 1 
	-> 1 3 5 8 
Structure 242: 5 2 13 16 12 4 14 1 
	-> 1 2 4 5 
Structure 243: 7 11 5 2 3 8 20 4 1 
	-> 1 2 3 4 5 7 8 
Structure 244: 9 2 3 6 4 1 
	-> 1 2 3 4 6 9 
Structure 245: 5 2 3 6 4 1 
	-> 1 2 3 4 5 6 
Structure 246: 5 2 3 6 4 1 
	-> 1 2 3 4 5 6 
Structure 247: 7 5 2 13 12 10 1 
	-> 1 2 5 7 
Structure 248: 7 5 2 3 6 4 1 
	-> 1 2 3 4 5 6 7 
Structure 249: 7 5 2 3 6 4 1 
	-> 1 2 3 4 5 6 7 
Structure 250: 7 5 2 3 6 4 1 
	-> 1 2 3 4 5 6 7 
Structure 251: 7 5 2 3 6 4 1 
	-> 1 2 3 4 5 6 7 
Structure 252: 7 5 2 3 8 4 1 
	-> 1 2 3 4 5 7 8 
Structure 253: 5 15 3 6 4 1 
	-> 1 3 4 5 6 
Structure 254: 7 5 2 3 6 4 1 
	-> 1 2 3 4 5 6 7 
Structure 255: 5 2 3 6 17 4 1 
	-> 1 2 3 4 5 6 
Structure 256: 5 2 3 8 10 1 
	-> 1 2 3 5 8 
Structure 257: 7 5 2 3 6 4 1 
	-> 1 2 3 4 5 6 7 
Structure 258: 7 5 15 3 8 4 1 
	-> 1 3 4 5 7 8 
Structure 259: 5 2 3 6 4 1 
	-> 1 2 3 4 5 6 
Structure 260: 9 2 3 6 4 1 
	-> 1 2 3 4 6 9 
Structure 261: 5 2 3 6 4 1 
	-> 1 2 3 4 5 6 
Structure 262: 7 5 43 2 3 8 4 1 
	-> 1 2 3 4 5 7 8 
Structure 263: 7 5 2 3 6 4 1 
	-> 1 2 3 4 5 6 7 
Structure 264: 9 2 13 16 12 4 1 
	-> 1 2 4 9 
Structure 265: 7 31 5 15 3 6 4 1 
	-> 1 3 4 5 6 7 
Structure 266: 5 2 13 16 12 4 1 
	-> 1 2 4 5 
Structure 267: 11 5 2 3 6 4 1 
	-> 1 2 3 4 5 6 
Structure 268: 7 5 2 3 6 4 1 
	-> 1 2 3 4 5 6 7 
Structure 269: 11 5 2 3 6 4 1 
	-> 1 2 3 4 5 6 
Structure 270: 7 5 2 3 8 4 1 
	-> 1 2 3 4 5 7 8 
Structure 271: 9 2 3 6 4 1 
	-> 1 2 3 4 6 9 
Structure 272: 5 2 3 6 4 1 
	-> 1 2 3 4 5 6 
Structure 273: 5 2 3 6 4 1 
	-> 1 2 3 4 5 6 
Structure 274: 5 2 3 6 4 1 
	-> 1 2 3 4 5 6 
Structure 275: 9 2 3 6 4 1 
	-> 1 2 3 4 6 9 
Structure 276: 7 11 5 2 3 8 4 1 
	-> 1 2 3 4 5 7 8 
Structure 277: 7 5 2 3 6 4 1 
	-> 1 2 3 4 5 6 7 
Structure 278: 7 5 15 2 3 6 4 1 
	-> 1 2 3 4 5 6 7 
Structure 279: 9 2 3 6 4 1 
	-> 1 2 3 4 6 9 
Structure 280: 5 2 3 6 4 1 
	-> 1 2 3 4 5 6 
Structure 281: 7 5 2 3 6 10 14 1 
	-> 1 2 3 5 6 7 
Structure 282: 7 5 2 3 8 4 1 
	-> 1 2 3 4 5 7 8 
Structure 283: 5 2 3 8 4 1 
	-> 1 2 3 4 5 8 
Structure 284: 7 5 2 3 8 4 1 
	-> 1 2 3 4 5 7 8 
Structure 285: 7 5 2 3 6 4 1 
	-> 1 2 3 4 5 6 7 
Structure 286: 7 5 2 3 6 4 1 
	-> 1 2 3 4 5 6 7 
Structure 287: 9 2 3 6 4 1 
	-> 1 2 3 4 6 9 
Structure 288: 7 5 2 3 6 4 1 
	-> 1 2 3 4 5 6 7 
Structure 289: 5 2 3 6 4 1 
	-> 1 2 3 4 5 6 
Structure 290: 9 2 3 6 4 1 
	-> 1 2 3 4 6 9 
Structure 291: 7 11 5 2 3 6 4 1 
	-> 1 2 3 4 5 6 7 
Structure 292: 5 2 3 6 4 1 
	-> 1 2 3 4 5 6 
Structure 293: 7 5 2 3 6 4 1 
	-> 1 2 3 4 5 6 7 
Structure 294: 7 5 2 3 32 4 1 
	-> 1 2 3 4 5 7 
Structure 295: 7 5 2 3 8 4 1 
	-> 1 2 3 4 5 7 8 
Structure 296: 7 5 2 18 13 16 12 4 1 
	-> 1 2 4 5 7 
Structure 297: 5 2 3 6 4 1 
	-> 1 2 3 4 5 6 
Structure 298: 7 5 2 3 6 4 1 
	-> 1 2 3 4 5 6 7 
Structure 299: 9 2 3 6 4 1 
	-> 1 2 3 4 6 9 
Structure 300: 5 2 3 6 4 1 
	-> 1 2 3 4 5 6 
Structure 301: 7 5 2 3 6 4 1 
	-> 1 2 3 4 5 6 7 
Structure 302: 5 2 13 12 4 1 
	-> 1 2 4 5 
Structure 303: 5 2 3 6 4 1 
	-> 1 2 3 4 5 6 
Structure 304: 7 5 2 3 6 4 1 
	-> 1 2 3 4 5 6 7 
Structure 305: 7 5 2 3 6 4 1 
	-> 1 2 3 4 5 6 7 
Structure 306: 5 2 3 6 4 1 
	-> 1 2 3 4 5 6 
Structure 307: 7 11 5 2 3 8 4 1 
	-> 1 2 3 4 5 7 8 
Structure 308: 5 2 3 8 4 1 
	-> 1 2 3 4 5 8 
Structure 309: 7 5 2 3 6 4 1 
	-> 1 2 3 4 5 6 7 
Structure 310: 7 5 2 3 6 4 1 
	-> 1 2 3 4 5 6 7 
Structure 311: 7 5 2 3 6 4 1 
	-> 1 2 3 4 5 6 7 
Structure 312: 7 5 2 3 6 4 1 
	-> 1 2 3 4 5 6 7 
Structure 313: 9 2 3 6 4 1 
	-> 1 2 3 4 6 9 
Structure 314: 7 5 15 3 6 10 1 
	-> 1 3 5 6 7 
Structure 315: 5 2 3 6 4 1 
	-> 1 2 3 4 5 6 
Structure 316: 5 15 3 6 4 1 
	-> 1 3 4 5 6 
Structure 317: 9 2 3 6 4 1 
	-> 1 2 3 4 6 9 
Structure 318: 7 5 2 13 12 4 1 
	-> 1 2 4 5 7 
Structure 319: 7 5 15 3 8 4 1 
	-> 1 3 4 5 7 8 
Structure 320: 5 2 3 8 4 1 
	-> 1 2 3 4 5 8 
Structure 321: 9 2 3 6 4 1 
	-> 1 2 3 4 6 9 
Structure 322: 5 2 3 6 4 1 
	-> 1 2 3 4 5 6 
Structure 323: 7 5 2 3 6 4 1 
	-> 1 2 3 4 5 6 7 
Structure 324: 9 2 3 6 4 1 
	-> 1 2 3 4 6 9 
Structure 325: 9 2 3 6 4 1 
	-> 1 2 3 4 6 9 
Structure 326: 7 5 2 13 28 12 4 1 
	-> 1 2 4 5 7 
Structure 327: 5 2 3 8 4 1 
	-> 1 2 3 4 5 8 
Structure 328: 5 2 3 6 4 1 
	-> 1 2 3 4 5 6 
Structure 329: 7 5 2 13 12 4 1 
	-> 1 2 4 5 7 
Structure 330: 7 5 2 3 6 4 1 
	-> 1 2 3 4 5 6 7 
Structure 331: 2 3 6 4 1 
	-> 1 2 3 4 6 
Structure 332: 7 5 2 3 6 17 4 1 
	-> 1 2 3 4 5 6 7 
Structure 333: 7 5 2 13 16 12 4 1 
	-> 1 2 4 5 7 
Structure 334: 9 2 3 6 4 1 
	-> 1 2 3 4 6 9 
Structure 335: 9 2 3 6 4 1 
	-> 1 2 3 4 6 9 
Structure 336: 9 2 3 6 4 1 
	-> 1 2 3 4 6 9 
Structure 337: 7 5 2 3 8 4 14 1 
	-> 1 2 3 4 5 7 8 
Structure 338: 7 5 2 3 6 4 1 
	-> 1 2 3 4 5 6 7 
Structure 339: 5 2 3 6 4 1 
	-> 1 2 3 4 5 6 
Structure 340: 5 2 3 8 4 1 
	-> 1 2 3 4 5 8 
Structure 341: 5 2 3 6 4 1 
	-> 1 2 3 4 5 6 
Structure 342: 7 5 2 3 6 4 1 
	-> 1 2 3 4 5 6 7 
Structure 343: 7 5 2 3 8 4 1 
	-> 1 2 3 4 5 7 8 
Structure 344: 7 5 2 3 6 4 1 
	-> 1 2 3 4 5 6 7 
Structure 345: 5 2 3 6 4 1 
	-> 1 2 3 4 5 6 
Structure 346: 5 2 3 6 4 1 
	-> 1 2 3 4 5 6 
Structure 347: 7 5 2 3 6 4 1 
	-> 1 2 3 4 5 6 7 
Structure 348: 7 5 2 3 8 17 4 1 
	-> 1 2 3 4 5 7 8 
Structure 349: 5 2 3 8 4 1 
	-> 1 2 3 4 5 8 
Structure 350: 9 2 3 6 4 1 
	-> 1 2 3 4 6 9 
Structure 351: 9 2 3 8 22 4 1 
	-> 1 2 3 4 8 9 
Structure 352: 7 5 2 18 13 12 4 1 
	-> 1 2 4 5 7 
Structure 353: 7 5 2 3 6 4 1 
	-> 1 2 3 4 5 6 7 
Structure 354: 7 5 2 3 8 22 10 14 1 
	-> 1 2 3 5 7 8 
Structure 355: 9 2 3 8 4 1 
	-> 1 2 3 4 8 9 
Structure 356: 5 2 13 16 12 4 1 
	-> 1 2 4 5 
Structure 357: 7 5 15 3 6 4 1 
	-> 1 3 4 5 6 7 
Structure 358: 7 5 2 3 6 4 1 
	-> 1 2 3 4 5 6 7 
Structure 359: 5 2 3 6 4 1 
	-> 1 2 3 4 5 6 
Structure 360: 7 5 2 3 6 4 1 
	-> 1 2 3 4 5 6 7 
Structure 361: 7 11 5 2 3 6 4 1 
	-> 1 2 3 4 5 6 7 
Structure 362: 5 2 3 8 4 1 
	-> 1 2 3 4 5 8 
Structure 363: 5 2 3 6 4 1 
	-> 1 2 3 4 5 6 
Structure 364: 7 5 2 3 6 4 1 
	-> 1 2 3 4 5 6 7 
Structure 365: 7 5 2 3 6 4 1 
	-> 1 2 3 4 5 6 7 
Structure 366: 5 2 3 8 4 1 
	-> 1 2 3 4 5 8 
Structure 367: 7 5 2 13 16 12 4 1 
	-> 1 2 4 5 7 
Structure 368: 5 2 3 6 4 1 
	-> 1 2 3 4 5 6 
Structure 369: 5 2 13 12 4 1 
	-> 1 2 4 5 
Structure 370: 5 2 3 6 10 1 
	-> 1 2 3 5 6 
Structure 371: 7 5 2 3 6 4 1 
	-> 1 2 3 4 5 6 7 
Structure 372: 7 11 5 2 3 6 4 1 
	-> 1 2 3 4 5 6 7 
Structure 373: 9 2 3 6 4 1 
	-> 1 2 3 4 6 9 
Structure 374: 5 2 3 6 4 1 
	-> 1 2 3 4 5 6 
Structure 375: 5 2 3 6 17 4 1 
	-> 1 2 3 4 5 6 
Structure 376: 7 11 5 2 3 6 4 1 
	-> 1 2 3 4 5 6 7 
Structure 377: 7 5 2 3 6 4 1 
	-> 1 2 3 4 5 6 7 
Structure 378: 9 19 2 3 8 4 1 
	-> 1 2 3 4 8 9 
Structure 379: 5 2 3 6 10 14 1 
	-> 1 2 3 5 6 
Structure 380: 7 5 2 3 8 10 1 
	-> 1 2 3 5 7 8 
Structure 381: 9 2 3 6 4 1 
	-> 1 2 3 4 6 9 
Structure 382: 7 23 5 2 3 8 4 1 
	-> 1 2 3 4 5 7 8 
Structure 383: 9 19 2 3 6 4 1 
	-> 1 2 3 4 6 9 
Structure 384: 5 2 3 6 44 4 1 
	-> 1 2 3 4 5 6 
Structure 385: 9 24 2 3 6 4 1 
	-> 1 2 3 4 6 9 
Structure 386: 7 5 15 3 6 4 1 
	-> 1 3 4 5 6 7 
Structure 387: 21 5 2 3 6 4 1 
	-> 1 2 3 4 5 6 
Structure 388: 5 2 3 6 4 1 
	-> 1 2 3 4 5 6 
Structure 389: 7 5 2 13 12 4 1 
	-> 1 2 4 5 7 
Structure 390: 5 2 3 6 4 1 
	-> 1 2 3 4 5 6 
Structure 391: 9 24 2 3 6 4 1 
	-> 1 2 3 4 6 9 
Structure 392: 7 11 5 2 3 8 4 1 
	-> 1 2 3 4 5 7 8 
Structure 393: 7 5 2 3 6 4 1 
	-> 1 2 3 4 5 6 7 
Structure 394: 5 2 3 6 4 1 
	-> 1 2 3 4 5 6 
Structure 395: 7 5 2 18 13 12 10 14 1 
	-> 1 2 5 7 
Structure 396: 9 19 2 3 6 4 1 
	-> 1 2 3 4 6 9 
Structure 397: 9 2 3 6 4 1 
	-> 1 2 3 4 6 9 
Structure 398: 7 5 2 3 8 4 1 
	-> 1 2 3 4 5 7 8 
Structure 399: 5 2 3 8 10 1 
	-> 1 2 3 5 8 
Structure 400: 9 2 3 6 4 1 
	-> 1 2 3 4 6 9 
Structure 401: 7 5 2 18 13 25 12 4 1 
	-> 1 2 4 5 7 
Structure 402: 7 5 2 3 27 4 1 
	-> 1 2 3 4 5 7 
Structure 403: 5 2 3 6 4 1 
	-> 1 2 3 4 5 6 
Structure 404: 7 5 2 3 6 4 1 
	-> 1 2 3 4 5 6 7 
Structure 405: 5 2 3 6 10 1 
	-> 1 2 3 5 6 
Structure 406: 5 2 3 6 4 1 
	-> 1 2 3 4 5 6 
Structure 407: 7 5 2 3 6 4 1 
	-> 1 2 3 4 5 6 7 
Structure 408: 7 5 15 3 6 4 1 
	-> 1 3 4 5 6 7 
Structure 409: 7 5 2 3 6 4 1 
	-> 1 2 3 4 5 6 7 
Structure 410: 7 5 2 3 6 10 1 
	-> 1 2 3 5 6 7 
Structure 411: 5 2 3 8 4 1 
	-> 1 2 3 4 5 8 
Structure 412: 5 2 3 6 4 1 
	-> 1 2 3 4 5 6 
Structure 413: 7 5 2 3 6 4 1 
	-> 1 2 3 4 5 6 7 
Structure 414: 7 5 2 3 6 4 1 
	-> 1 2 3 4 5 6 7 
Structure 415: 7 5 2 3 6 4 1 
	-> 1 2 3 4 5 6 7 
Structure 416: 5 2 3 6 4 1 
	-> 1 2 3 4 5 6 
Structure 417: 7 5 2 13 16 12 4 1 
	-> 1 2 4 5 7 
Structure 418: 7 5 2 3 8 4 1 
	-> 1 2 3 4 5 7 8 
Structure 419: 7 5 2 3 6 4 1 
	-> 1 2 3 4 5 6 7 
Structure 420: 7 5 2 3 6 4 1 
	-> 1 2 3 4 5 6 7 
Structure 421: 9 2 3 6 4 1 
	-> 1 2 3 4 6 9 
Structure 422: 7 5 2 3 6 4 1 
	-> 1 2 3 4 5 6 7 
Structure 423: 7 5 2 13 12 4 1 
	-> 1 2 4 5 7 
Structure 424: 7 5 2 3 6 17 4 1 
	-> 1 2 3 4 5 6 7 
Structure 425: 5 2 3 6 4 1 
	-> 1 2 3 4 5 6 
Structure 426: 7 11 5 2 3 6 4 1 
	-> 1 2 3 4 5 6 7 
Structure 427: 7 5 2 3 6 4 1 
	-> 1 2 3 4 5 6 7 
Structure 428: 5 2 3 6 4 1 
	-> 1 2 3 4 5 6 
Structure 429: 5 2 3 6 4 1 
	-> 1 2 3 4 5 6 
Structure 430: 7 5 2 3 8 4 1 
	-> 1 2 3 4 5 7 8 
Structure 431: 7 5 2 3 6 4 1 
	-> 1 2 3 4 5 6 7 
Structure 432: 7 11 5 2 18 13 26 12 4 1 
	-> 1 2 4 5 7 
Structure 433: 7 5 2 3 6 4 1 
	-> 1 2 3 4 5 6 7 
Structure 434: 9 2 3 8 4 1 
	-> 1 2 3 4 8 9 
Structure 435: 5 45 2 3 6 4 1 
	-> 1 2 3 4 5 6 
Structure 436: 5 2 3 6 4 1 
	-> 1 2 3 4 5 6 
Structure 437: 7 5 2 3 8 4 1 
	-> 1 2 3 4 5 7 8 
Structure 438: 5 2 3 8 17 4 1 
	-> 1 2 3 4 5 8 
Structure 439: 7 2 3 6 4 1 
	-> 1 2 3 4 6 7 
Structure 440: 7 11 5 2 3 8 4 1 
	-> 1 2 3 4 5 7 8 
Structure 441: 5 2 3 6 4 1 
	-> 1 2 3 4 5 6 
Structure 442: 11 5 2 3 6 4 1 
	-> 1 2 3 4 5 6 
Structure 443: 5 2 3 6 4 1 
	-> 1 2 3 4 5 6 
Structure 444: 9 2 18 13 16 12 4 1 
	-> 1 2 4 9 
Structure 445: 7 5 2 3 6 4 1 
	-> 1 2 3 4 5 6 7 
Structure 446: 9 2 3 8 4 1 
	-> 1 2 3 4 8 9 
Structure 447: 5 2 13 16 12 4 1 
	-> 1 2 4 5 
Structure 448: 9 2 13 16 12 4 1 
	-> 1 2 4 9 
Structure 449: 5 2 3 8 20 4 1 
	-> 1 2 3 4 5 8 
Structure 450: 7 11 5 15 3 6 4 1 
	-> 1 3 4 5 6 7 
Structure 451: 7 5 2 13 16 12 4 1 
	-> 1 2 4 5 7 
Structure 452: 5 2 3 6 4 1 
	-> 1 2 3 4 5 6 
Structure 453: 5 2 3 8 4 1 
	-> 1 2 3 4 5 8 
Structure 454: 5 15 3 6 4 1 
	-> 1 3 4 5 6 
Structure 455: 7 5 2 3 6 4 1 
	-> 1 2 3 4 5 6 7 
Structure 456: 9 2 3 6 4 1 
	-> 1 2 3 4 6 9 
Structure 457: 7 5 2 13 12 10 1 
	-> 1 2 5 7 
Structure 458: 5 2 3 6 4 1 
	-> 1 2 3 4 5 6 
Structure 459: 9 2 3 6 4 1 
	-> 1 2 3 4 6 9 
Structure 460: 7 5 2 13 12 4 1 
	-> 1 2 4 5 7 
Structure 461: 9 2 3 6 4 1 
	-> 1 2 3 4 6 9 
Structure 462: 9 2 3 6 4 1 
	-> 1 2 3 4 6 9 
Structure 463: 5 2 3 6 4 1 
	-> 1 2 3 4 5 6 
Structure 464: 46 5 2 3 6 4 1 
	-> 1 2 3 4 5 6 
Structure 465: 7 5 2 3 6 4 1 
	-> 1 2 3 4 5 6 7 
Structure 466: 7 5 2 3 6 4 1 
	-> 1 2 3 4 5 6 7 
Structure 467: 5 2 3 6 4 1 
	-> 1 2 3 4 5 6 
Structure 468: 7 5 15 3 6 4 1 
	-> 1 3 4 5 6 7 
Structure 469: 9 2 3 6 4 1 
	-> 1 2 3 4 6 9 
Structure 470: 7 31 5 2 3 8 10 1 
	-> 1 2 3 5 7 8 
Structure 471: 9 2 3 6 4 1 
	-> 1 2 3 4 6 9 
Structure 472: 9 2 3 6 4 1 
	-> 1 2 3 4 6 9 
Structure 473: 5 2 3 6 10 1 
	-> 1 2 3 5 6 
Structure 474: 7 5 2 3 6 10 14 1 
	-> 1 2 3 5 6 7 
Structure 475: 7 5 2 3 6 10 1 
	-> 1 2 3 5 6 7 
Structure 476: 9 2 3 6 4 1 
	-> 1 2 3 4 6 9 
Structure 477: 9 2 3 6 4 1 
	-> 1 2 3 4 6 9 
Structure 478: 9 2 3 6 4 1 
	-> 1 2 3 4 6 9 
Structure 479: 7 5 2 3 6 4 1 
	-> 1 2 3 4 5 6 7 
Structure 480: 9 2 3 6 4 1 
	-> 1 2 3 4 6 9 
Structure 481: 7 5 2 3 6 10 4 1 
	-> 1 2 3 4 5 6 7 
Structure 482: 5 2 3 6 4 1 
	-> 1 2 3 4 5 6 
Structure 483: 9 2 3 6 4 1 
	-> 1 2 3 4 6 9 
Structure 484: 7 5 2 13 12 4 1 
	-> 1 2 4 5 7 
Structure 485: 9 2 3 6 4 1 
	-> 1 2 3 4 6 9 
Structure 486: 5 2 3 6 4 1 
	-> 1 2 3 4 5 6 
Structure 487: 7 5 2 3 8 4 1 
	-> 1 2 3 4 5 7 8 
Structure 488: 29 11 5 2 3 6 4 1 
	-> 1 2 3 4 5 6 
Structure 489: 5 2 3 6 4 1 
	-> 1 2 3 4 5 6 
Structure 490: 9 47 2 3 6 4 1 
	-> 1 2 3 4 6 9 
Structure 491: 7 5 2 3 6 4 1 
	-> 1 2 3 4 5 6 7 
Structure 492: 9 2 3 6 4 1 
	-> 1 2 3 4 6 9 
Structure 493: 7 31 5 2 3 6 10 14 1 
	-> 1 2 3 5 6 7 
Structure 494: 7 5 2 3 6 4 1 
	-> 1 2 3 4 5 6 7 
Structure 495: 7 5 2 3 6 10 1 
	-> 1 2 3 5 6 7 
Structure 496: 5 2 3 6 17 4 1 
	-> 1 2 3 4 5 6 
Structure 497: 5 2 3 6 4 1 
	-> 1 2 3 4 5 6 
Structure 498: 5 2 3 6 17 4 1 
	-> 1 2 3 4 5 6 
Structure 499: 9 2 3 6 4 1 
	-> 1 2 3 4 6 9 
Structure 500: 7 5 2 3 6 10 1 
	-> 1 2 3 5 6 7 
Structure 501: 7 5 2 3 6 4 1 
	-> 1 2 3 4 5 6 7 
Structure 502: 7 5 2 3 8 4 1 
	-> 1 2 3 4 5 7 8 
Structure 503: 5 2 3 6 4 1 
	-> 1 2 3 4 5 6 
Structure 504: 5 2 3 6 4 1 
	-> 1 2 3 4 5 6 
Structure 505: 5 2 3 6 4 1 
	-> 1 2 3 4 5 6 
Structure 506: 7 5 2 3 6 4 1 
	-> 1 2 3 4 5 6 7 
Structure 507: 7 5 2 3 6 4 1 
	-> 1 2 3 4 5 6 7 
Structure 508: 5 2 3 6 10 1 
	-> 1 2 3 5 6 
Structure 509: 7 5 2 3 8 4 1 
	-> 1 2 3 4 5 7 8 
Structure 510: 5 2 3 6 4 1 
	-> 1 2 3 4 5 6 
Structure 511: 5 2 3 6 4 1 
	-> 1 2 3 4 5 6 
Structure 512: 5 2 3 6 4 1 
	-> 1 2 3 4 5 6 
Structure 513: 23 5 2 3 6 4 1 
	-> 1 2 3 4 5 6 
Structure 514: 5 2 3 8 10 14 1 
	-> 1 2 3 5 8 
Structure 515: 5 2 3 6 4 1 
	-> 1 2 3 4 5 6 
Structure 516: 9 2 3 6 4 1 
	-> 1 2 3 4 6 9 
Structure 517: 7 5 2 3 8 4 1 
	-> 1 2 3 4 5 7 8 
Structure 518: 9 2 3 8 4 1 
	-> 1 2 3 4 8 9 
Structure 519: 7 5 2 3 8 10 1 
	-> 1 2 3 5 7 8 
Structure 520: 7 5 2 3 8 4 1 
	-> 1 2 3 4 5 7 8 
Structure 521: 7 11 5 2 3 8 4 1 
	-> 1 2 3 4 5 7 8 
Structure 522: 9 2 3 6 4 1 
	-> 1 2 3 4 6 9 
Structure 523: 5 2 3 6 10 1 
	-> 1 2 3 5 6 
Structure 524: 7 11 5 2 3 6 4 1 
	-> 1 2 3 4 5 6 7 
Structure 525: 9 2 3 6 4 1 
	-> 1 2 3 4 6 9 
Structure 526: 5 2 3 6 10 14 1 
	-> 1 2 3 5 6 
Structure 527: 7 5 2 3 6 4 1 
	-> 1 2 3 4 5 6 7 
Structure 528: 7 5 2 3 6 4 1 
	-> 1 2 3 4 5 6 7 
Structure 529: 7 11 5 2 30 25 16 12 4 1 
	-> 1 2 4 5 7 
Structure 530: 7 5 2 3 6 4 1 
	-> 1 2 3 4 5 6 7 
Structure 531: 7 5 2 3 6 4 1 
	-> 1 2 3 4 5 6 7 
Structure 532: 9 2 3 6 4 1 
	-> 1 2 3 4 6 9 
Structure 533: 7 5 2 3 8 10 14 1 
	-> 1 2 3 5 7 8 
Structure 534: 7 11 5 2 13 12 4 1 
	-> 1 2 4 5 7 
Structure 535: 11 5 2 3 6 4 1 
	-> 1 2 3 4 5 6 
Structure 536: 7 5 2 3 6 4 1 
	-> 1 2 3 4 5 6 7 
Structure 537: 5 2 3 6 10 1 
	-> 1 2 3 5 6 
Structure 538: 9 2 3 6 4 1 
	-> 1 2 3 4 6 9 
Structure 539: 5 2 3 6 10 1 
	-> 1 2 3 5 6 
Structure 540: 9 2 3 6 4 1 
	-> 1 2 3 4 6 9 
Structure 541: 5 2 3 8 17 4 1 
	-> 1 2 3 4 5 8 
Structure 542: 7 5 2 3 6 4 1 
	-> 1 2 3 4 5 6 7 
Structure 543: 29 5 2 3 6 4 1 
	-> 1 2 3 4 5 6 
Structure 544: 5 2 3 8 4 1 
	-> 1 2 3 4 5 8 
Structure 545: 7 11 5 2 3 32 4 1 
	-> 1 2 3 4 5 7 
Structure 546: 9 2 3 8 4 1 
	-> 1 2 3 4 8 9 
Structure 547: 7 11 5 2 3 8 4 1 
	-> 1 2 3 4 5 7 8 
Structure 548: 5 2 3 6 4 1 
	-> 1 2 3 4 5 6 
Structure 549: 7 5 2 3 6 4 1 
	-> 1 2 3 4 5 6 7 
Structure 550: 5 2 3 6 4 1 
	-> 1 2 3 4 5 6 
Structure 551: 9 2 3 6 4 1 
	-> 1 2 3 4 6 9 
Structure 552: 7 5 2 3 8 4 1 
	-> 1 2 3 4 5 7 8 
Structure 553: 5 2 3 8 4 1 
	-> 1 2 3 4 5 8 
Structure 554: 7 11 5 2 3 6 4 1 
	-> 1 2 3 4 5 6 7 
Structure 555: 5 2 3 6 10 1 
	-> 1 2 3 5 6 
Structure 556: 5 2 3 6 4 1 
	-> 1 2 3 4 5 6 
Structure 557: 5 2 3 6 4 1 
	-> 1 2 3 4 5 6 
Structure 558: 5 2 3 6 4 1 
	-> 1 2 3 4 5 6 
Structure 559: 5 2 3 6 4 1 
	-> 1 2 3 4 5 6 
Structure 560: 7 5 2 3 8 4 1 
	-> 1 2 3 4 5 7 8 
Structure 561: 7 5 2 3 6 4 1 
	-> 1 2 3 4 5 6 7 
Structure 562: 5 2 3 6 4 1 
	-> 1 2 3 4 5 6 
Structure 563: 7 5 2 3 8 4 1 
	-> 1 2 3 4 5 7 8 
Structure 564: 7 5 2 3 8 4 1 
	-> 1 2 3 4 5 7 8 
Structure 565: 9 19 2 3 6 4 1 
	-> 1 2 3 4 6 9 
Structure 566: 5 2 3 6 4 1 
	-> 1 2 3 4 5 6 
Structure 567: 5 2 3 8 22 4 1 
	-> 1 2 3 4 5 8 
Structure 568: 7 5 2 3 6 4 1 
	-> 1 2 3 4 5 6 7 
Structure 569: 7 5 2 13 12 4 1 
	-> 1 2 4 5 7 
Structure 570: 7 11 5 2 3 6 4 1 
	-> 1 2 3 4 5 6 7 
Structure 571: 7 5 2 13 12 4 1 
	-> 1 2 4 5 7 
Structure 572: 9 2 3 8 4 1 
	-> 1 2 3 4 8 9 
Structure 573: 9 2 3 8 4 1 
	-> 1 2 3 4 8 9 
Structure 574: 7 5 2 3 6 4 1 
	-> 1 2 3 4 5 6 7 
Structure 575: 5 2 3 6 4 1 
	-> 1 2 3 4 5 6 
Structure 576: 9 2 3 6 4 1 
	-> 1 2 3 4 6 9 
Structure 577: 7 5 2 3 6 4 1 
	-> 1 2 3 4 5 6 7 
Structure 578: 7 5 2 3 6 4 1 
	-> 1 2 3 4 5 6 7 
Structure 579: 9 2 13 25 16 12 4 1 
	-> 1 2 4 9 
Structure 580: 9 2 3 6 4 1 
	-> 1 2 3 4 6 9 
Structure 581: 5 2 3 6 4 1 
	-> 1 2 3 4 5 6 
Structure 582: 7 5 2 3 6 4 1 
	-> 1 2 3 4 5 6 7 
Structure 583: 5 2 3 6 10 14 1 
	-> 1 2 3 5 6 
Structure 584: 5 2 3 6 4 1 
	-> 1 2 3 4 5 6 
Structure 585: 9 2 3 8 4 1 
	-> 1 2 3 4 8 9 
Structure 586: 23 5 2 3 8 4 1 
	-> 1 2 3 4 5 8 
Structure 587: 21 5 2 3 6 4 1 
	-> 1 2 3 4 5 6 
Structure 588: 5 2 3 6 4 1 
	-> 1 2 3 4 5 6 
Structure 589: 9 2 3 8 10 1 
	-> 1 2 3 8 9 
Structure 590: 9 2 3 8 4 1 
	-> 1 2 3 4 8 9 
Structure 591: 9 2 3 8 4 1 
	-> 1 2 3 4 8 9 
Structure 592: 9 2 3 6 4 1 
	-> 1 2 3 4 6 9 
Structure 593: 7 5 2 3 6 4 1 
	-> 1 2 3 4 5 6 7 
Structure 594: 7 5 2 3 6 4 1 
	-> 1 2 3 4 5 6 7 
Structure 595: 9 2 3 6 4 1 
	-> 1 2 3 4 6 9 
Structure 596: 7 5 15 3 8 48 4 1 
	-> 1 3 4 5 7 8 
Structure 597: 7 5 2 3 6 4 1 
	-> 1 2 3 4 5 6 7 
Structure 598: 7 5 2 3 8 4 1 
	-> 1 2 3 4 5 7 8 
Structure 599: 5 2 3 8 4 1 
	-> 1 2 3 4 5 8 
Structure 600: 7 5 2 3 6 10 14 1 
	-> 1 2 3 5 6 7 
Structure 601: 7 5 2 30 25 12 4 1 
	-> 1 2 4 5 7 
Structure 602: 5 2 3 6 4 1 
	-> 1 2 3 4 5 6 
Structure 603: 9 24 2 3 6 1 
	-> 1 2 3 6 9 
Structure 604: 9 2 3 8 4 1 
	-> 1 2 3 4 8 9 
Structure 605: 7 5 2 3 6 4 1 
	-> 1 2 3 4 5 6 7 
Structure 606: 9 2 3 6 4 1 
	-> 1 2 3 4 6 9 
Structure 607: 7 5 2 3 6 4 1 
	-> 1 2 3 4 5 6 7 
Structure 608: 9 2 3 8 4 1 
	-> 1 2 3 4 8 9 
Structure 609: 7 5 2 3 6 4 1 
	-> 1 2 3 4 5 6 7 
Structure 610: 5 2 3 6 4 1 
	-> 1 2 3 4 5 6 
Structure 611: 5 2 3 6 4 1 
	-> 1 2 3 4 5 6 
Structure 612: 5 2 18 13 12 4 1 
	-> 1 2 4 5 
Structure 613: 5 2 3 8 4 1 
	-> 1 2 3 4 5 8 
Structure 614: 7 11 5 2 3 6 4 1 
	-> 1 2 3 4 5 6 7 
Structure 615: 7 5 15 3 8 4 1 
	-> 1 3 4 5 7 8 
Structure 616: 5 2 3 8 20 4 1 
	-> 1 2 3 4 5 8 
Structure 617: 7 5 2 13 12 4 1 
	-> 1 2 4 5 7 
Structure 618: 5 15 3 6 4 1 
	-> 1 3 4 5 6 
Structure 619: 7 5 2 3 6 4 1 
	-> 1 2 3 4 5 6 7 
Structure 620: 7 11 5 2 3 6 4 1 
	-> 1 2 3 4 5 6 7 
Structure 621: 21 5 2 3 6 10 4 1 
	-> 1 2 3 4 5 6 
Structure 622: 9 2 3 6 10 1 
	-> 1 2 3 6 9 
Structure 623: 9 2 3 6 4 1 
	-> 1 2 3 4 6 9 
Structure 624: 11 5 2 3 6 4 1 
	-> 1 2 3 4 5 6 
Structure 625: 7 5 2 3 8 4 1 
	-> 1 2 3 4 5 7 8 
Structure 626: 5 2 3 6 4 1 
	-> 1 2 3 4 5 6 
Structure 627: 7 5 2 3 6 10 1 
	-> 1 2 3 5 6 7 
Structure 628: 5 2 3 6 4 1 
	-> 1 2 3 4 5 6 
Structure 629: 5 2 3 6 4 1 
	-> 1 2 3 4 5 6 
Structure 630: 7 11 5 2 3 6 4 1 
	-> 1 2 3 4 5 6 7 
Structure 631: 9 2 3 6 4 1 
	-> 1 2 3 4 6 9 
Structure 632: 7 5 2 3 6 4 1 
	-> 1 2 3 4 5 6 7 
Structure 633: 7 5 2 3 6 4 1 
	-> 1 2 3 4 5 6 7 
Structure 634: 7 5 2 3 8 4 1 
	-> 1 2 3 4 5 7 8 
Structure 635: 7 5 15 3 8 4 1 
	-> 1 3 4 5 7 8 
Structure 636: 7 5 2 3 6 4 1 
	-> 1 2 3 4 5 6 7 
Structure 637: 9 2 3 6 4 1 
	-> 1 2 3 4 6 9 
Structure 638: 9 2 3 8 4 1 
	-> 1 2 3 4 8 9 
Structure 639: 7 5 2 13 16 12 4 1 
	-> 1 2 4 5 7 
Structure 640: 7 5 2 3 6 4 1 
	-> 1 2 3 4 5 6 7 
Structure 641: 7 5 2 3 6 10 1 
	-> 1 2 3 5 6 7 
Structure 642: 9 19 2 3 6 4 1 
	-> 1 2 3 4 6 9 
Structure 643: 7 5 2 3 6 4 1 
	-> 1 2 3 4 5 6 7 
Structure 644: 5 2 18 13 12 4 1 
	-> 1 2 4 5 
Structure 645: 7 5 2 3 6 4 1 
	-> 1 2 3 4 5 6 7 
Structure 646: 9 2 3 6 4 1 
	-> 1 2 3 4 6 9 
Structure 647: 7 5 2 3 6 4 1 
	-> 1 2 3 4 5 6 7 
Structure 648: 5 2 18 13 16 12 4 1 
	-> 1 2 4 5 
Structure 649: 5 2 13 16 12 4 1 
	-> 1 2 4 5 
Structure 650: 7 5 2 3 6 4 1 
	-> 1 2 3 4 5 6 7 
Structure 651: 7 5 2 3 6 4 1 
	-> 1 2 3 4 5 6 7 
Structure 652: 5 15 49 3 6 4 1 
	-> 1 3 4 5 6 
Structure 653: 9 2 3 8 4 1 34 
	-> 1 2 3 4 8 9 
Structure 654: 7 5 2 30 26 12 4 1 
	-> 1 2 4 5 7 
Structure 655: 5 2 3 6 4 1 
	-> 1 2 3 4 5 6 
Structure 656: 7 5 2 3 6 4 1 
	-> 1 2 3 4 5 6 7 
Structure 657: 5 2 3 8 4 1 
	-> 1 2 3 4 5 8 
Structure 658: 7 23 5 2 3 6 4 1 
	-> 1 2 3 4 5 6 7 
Structure 659: 5 2 13 12 4 1 
	-> 1 2 4 5 
Structure 660: 5 2 3 6 4 1 
	-> 1 2 3 4 5 6 
Structure 661: 7 5 2 3 6 10 1 
	-> 1 2 3 5 6 7 
Structure 662: 7 5 2 3 6 4 1 
	-> 1 2 3 4 5 6 7 
Structure 663: 5 2 3 8 4 1 
	-> 1 2 3 4 5 8 
Structure 664: 5 2 3 6 4 1 
	-> 1 2 3 4 5 6 
Structure 665: 5 2 3 6 10 14 1 
	-> 1 2 3 5 6 
Structure 666: 7 5 2 3 6 4 1 
	-> 1 2 3 4 5 6 7 
Structure 667: 5 2 3 8 4 1 
	-> 1 2 3 4 5 8 
Structure 668: 9 2 3 6 4 1 
	-> 1 2 3 4 6 9 
Structure 669: 7 5 2 3 6 4 1 
	-> 1 2 3 4 5 6 7 
Structure 670: 5 15 3 6 4 1 
	-> 1 3 4 5 6 
Structure 671: 5 2 3 6 4 1 
	-> 1 2 3 4 5 6 
Structure 672: 5 2 3 6 4 1 
	-> 1 2 3 4 5 6 
Structure 673: 7 5 2 13 28 12 4 1 
	-> 1 2 4 5 7 
Structure 674: 5 2 3 6 35 4 1 
	-> 1 2 3 4 5 6 
Structure 675: 7 5 2 3 8 4 1 
	-> 1 2 3 4 5 7 8 
Structure 676: 7 11 5 2 3 6 10 14 1 
	-> 1 2 3 5 6 7 
Structure 677: 7 5 2 13 28 12 10 1 
	-> 1 2 5 7 
Structure 678: 5 2 3 8 4 1 
	-> 1 2 3 4 5 8 
Structure 679: 7 5 2 3 8 4 1 
	-> 1 2 3 4 5 7 8 
Structure 680: 9 2 3 6 4 1 
	-> 1 2 3 4 6 9 
Structure 681: 7 11 5 2 3 8 4 1 
	-> 1 2 3 4 5 7 8 
Structure 682: 5 2 3 6 4 1 
	-> 1 2 3 4 5 6 
Structure 683: 5 2 3 8 22 4 1 
	-> 1 2 3 4 5 8 
Structure 684: 9 2 3 6 10 14 1 
	-> 1 2 3 6 9 
Structure 685: 7 11 5 2 3 6 4 1 
	-> 1 2 3 4 5 6 7 
Structure 686: 7 5 2 3 6 4 1 
	-> 1 2 3 4 5 6 7 
Structure 687: 5 2 3 6 4 1 
	-> 1 2 3 4 5 6 
Structure 688: 7 5 2 18 13 26 12 10 14 1 
	-> 1 2 5 7 
Structure 689: 5 2 3 6 4 1 
	-> 1 2 3 4 5 6 
Structure 690: 9 2 3 8 4 1 
	-> 1 2 3 4 8 9 
Structure 691: 7 5 2 3 6 10 4 1 
	-> 1 2 3 4 5 6 7 
Structure 692: 7 11 5 2 3 6 4 1 
	-> 1 2 3 4 5 6 7 
Structure 693: 9 2 3 6 4 1 
	-> 1 2 3 4 6 9 
Structure 694: 23 5 2 3 8 4 1 
	-> 1 2 3 4 5 8 
Structure 695: 7 5 2 3 8 4 1 
	-> 1 2 3 4 5 7 8 
Structure 696: 9 2 3 6 4 1 
	-> 1 2 3 4 6 9 
Structure 697: 9 19 2 3 8 4 1 
	-> 1 2 3 4 8 9 
Structure 698: 7 5 2 3 6 4 1 
	-> 1 2 3 4 5 6 7 
Structure 699: 7 11 5 2 3 6 4 1 
	-> 1 2 3 4 5 6 7 
Structure 700: 7 5 2 3 6 4 1 
	-> 1 2 3 4 5 6 7 
Structure 701: 7 5 2 3 6 4 1 
	-> 1 2 3 4 5 6 7 
Structure 702: 7 5 2 3 6 4 1 
	-> 1 2 3 4 5 6 7 
Structure 703: 7 5 2 3 6 4 1 
	-> 1 2 3 4 5 6 7 
Structure 704: 9 2 3 6 4 1 
	-> 1 2 3 4 6 9 
Structure 705: 7 5 2 3 8 4 1 
	-> 1 2 3 4 5 7 8 
Structure 706: 7 11 5 2 3 6 4 1 
	-> 1 2 3 4 5 6 7 
Structure 707: 5 2 3 6 4 1 
	-> 1 2 3 4 5 6 
Structure 708: 5 2 3 6 4 1 
	-> 1 2 3 4 5 6 
Structure 709: 5 2 3 6 4 1 
	-> 1 2 3 4 5 6 
Structure 710: 9 2 13 12 4 1 
	-> 1 2 4 9 
Structure 711: 5 2 3 6 4 1 
	-> 1 2 3 4 5 6 
Structure 712: 7 11 5 2 3 6 4 1 
	-> 1 2 3 4 5 6 7 
Structure 713: 7 5 2 3 8 4 1 
	-> 1 2 3 4 5 7 8 
Structure 714: 7 5 2 3 6 4 1 
	-> 1 2 3 4 5 6 7 
Structure 715: 11 5 2 3 8 10 14 1 
	-> 1 2 3 5 8 
Structure 716: 7 5 2 3 6 4 1 
	-> 1 2 3 4 5 6 7 
Structure 717: 7 5 2 13 16 12 10 14 1 
	-> 1 2 5 7 
Structure 718: 7 5 2 3 6 4 1 
	-> 1 2 3 4 5 6 7 
Structure 719: 7 11 5 2 3 8 4 1 
	-> 1 2 3 4 5 7 8 
Structure 720: 7 5 2 3 6 4 1 
	-> 1 2 3 4 5 6 7 
Structure 721: 9 19 2 3 6 4 1 
	-> 1 2 3 4 6 9 
Structure 722: 7 5 2 3 6 4 1 
	-> 1 2 3 4 5 6 7 
Structure 723: 5 2 3 6 4 1 
	-> 1 2 3 4 5 6 
Structure 724: 5 2 3 6 4 1 
	-> 1 2 3 4 5 6 
Structure 725: 5 2 3 6 4 1 
	-> 1 2 3 4 5 6 
Structure 726: 5 2 3 6 4 1 
	-> 1 2 3 4 5 6 
Structure 727: 7 5 2 3 8 4 1 
	-> 1 2 3 4 5 7 8 
Structure 728: 7 5 2 3 6 10 1 
	-> 1 2 3 5 6 7 
Structure 729: 5 2 3 8 4 1 
	-> 1 2 3 4 5 8 
Structure 730: 29 11 5 2 3 6 4 1 
	-> 1 2 3 4 5 6 
Structure 731: 7 5 2 3 8 20 4 1 
	-> 1 2 3 4 5 7 8 
Structure 732: 7 5 2 3 6 4 1 
	-> 1 2 3 4 5 6 7 
Structure 733: 7 5 2 3 6 4 1 
	-> 1 2 3 4 5 6 7 
Structure 734: 5 2 50 3 6 4 1 
	-> 1 2 3 4 5 6 
Structure 735: 9 2 3 51 4 1 
	-> 1 2 3 4 9 
Structure 736: 7 5 2 3 8 4 1 
	-> 1 2 3 4 5 7 8 
Structure 737: 7 5 2 3 6 4 1 
	-> 1 2 3 4 5 6 7 
Structure 738: 9 2 3 6 4 14 1 
	-> 1 2 3 4 6 9 
Structure 739: 5 2 3 8 4 14 1 
	-> 1 2 3 4 5 8 
Structure 740: 5 2 3 8 4 1 
	-> 1 2 3 4 5 8 
Structure 741: 7 5 2 3 8 10 1 
	-> 1 2 3 5 7 8 
Structure 742: 7 5 2 3 6 4 1 
	-> 1 2 3 4 5 6 7 
Structure 743: 5 2 3 6 4 1 
	-> 1 2 3 4 5 6 
Structure 744: 9 2 3 6 4 1 
	-> 1 2 3 4 6 9 
Structure 745: 5 2 3 6 4 1 
	-> 1 2 3 4 5 6 
Structure 746: 9 2 3 6 4 1 
	-> 1 2 3 4 6 9 
Structure 747: 7 5 2 13 16 12 4 1 
	-> 1 2 4 5 7 
Structure 748: 11 5 2 3 6 4 1 
	-> 1 2 3 4 5 6 
Structure 749: 7 5 2 3 6 4 1 
	-> 1 2 3 4 5 6 7 
Structure 750: 5 2 3 6 4 1 
	-> 1 2 3 4 5 6 
Structure 751: 7 5 2 3 6 10 1 
	-> 1 2 3 5 6 7 
Structure 752: 9 2 3 6 4 1 
	-> 1 2 3 4 6 9 
Structure 753: 7 5 2 3 6 4 1 
	-> 1 2 3 4 5 6 7 
Structure 754: 7 5 2 3 6 4 1 
	-> 1 2 3 4 5 6 7 
Structure 755: 5 2 3 6 4 1 
	-> 1 2 3 4 5 6 
Structure 756: 5 2 3 6 4 1 
	-> 1 2 3 4 5 6 
Structure 757: 5 2 3 8 4 1 
	-> 1 2 3 4 5 8 
Structure 758: 5 2 3 6 4 1 
	-> 1 2 3 4 5 6 
Structure 759: 7 5 2 3 6 4 1 
	-> 1 2 3 4 5 6 7 
Structure 760: 11 5 2 15 3 8 4 1 
	-> 1 2 3 4 5 8 
Structure 761: 9 2 3 6 4 1 
	-> 1 2 3 4 6 9 
Structure 762: 5 2 3 8 4 14 1 
	-> 1 2 3 4 5 8 
Structure 763: 9 2 3 8 4 1 
	-> 1 2 3 4 8 9 
Structure 764: 7 5 2 3 8 4 1 
	-> 1 2 3 4 5 7 8 
Structure 765: 7 11 5 2 3 8 4 1 
	-> 1 2 3 4 5 7 8 
Structure 766: 5 2 3 6 10 1 
	-> 1 2 3 5 6 
Structure 767: 9 24 2 3 6 4 1 
	-> 1 2 3 4 6 9 
Structure 768: 5 15 3 6 17 4 1 
	-> 1 3 4 5 6 
Structure 769: 7 5 2 3 6 4 1 
	-> 1 2 3 4 5 6 7 
Structure 770: 7 5 2 3 6 4 1 
	-> 1 2 3 4 5 6 7 
Structure 771: 5 2 3 6 4 1 
	-> 1 2 3 4 5 6 
Structure 772: 5 2 3 6 4 1 
	-> 1 2 3 4 5 6 
Structure 773: 5 2 3 6 4 1 
	-> 1 2 3 4 5 6 
Structure 774: 5 2 3 6 4 1 
	-> 1 2 3 4 5 6 
Structure 775: 7 5 2 3 6 4 1 
	-> 1 2 3 4 5 6 7 
Structure 776: 5 2 3 6 4 1 
	-> 1 2 3 4 5 6 
Structure 777: 7 5 2 3 6 10 14 1 
	-> 1 2 3 5 6 7 
Structure 778: 7 5 2 3 8 4 1 
	-> 1 2 3 4 5 7 8 
Structure 779: 5 2 13 12 4 1 
	-> 1 2 4 5 
Structure 780: 7 5 2 3 6 4 1 
	-> 1 2 3 4 5 6 7 
Structure 781: 9 2 3 6 4 1 
	-> 1 2 3 4 6 9 
Structure 782: 9 2 3 6 4 1 
	-> 1 2 3 4 6 9 
Structure 783: 7 5 2 3 6 4 1 
	-> 1 2 3 4 5 6 7 
Structure 784: 5 15 3 6 4 1 
	-> 1 3 4 5 6 
Structure 785: 5 2 3 6 4 1 
	-> 1 2 3 4 5 6 
Structure 786: 7 5 2 3 6 4 1 
	-> 1 2 3 4 5 6 7 
Structure 787: 7 11 5 2 3 6 4 1 
	-> 1 2 3 4 5 6 7 
Structure 788: 5 2 3 8 10 14 1 
	-> 1 2 3 5 8 
Structure 789: 5 2 3 6 4 1 
	-> 1 2 3 4 5 6 
Structure 790: 5 2 3 6 4 1 
	-> 1 2 3 4 5 6 
Structure 791: 5 2 3 6 4 1 
	-> 1 2 3 4 5 6 
Structure 792: 5 15 3 6 4 1 
	-> 1 3 4 5 6 
Structure 793: 5 2 3 6 17 4 1 
	-> 1 2 3 4 5 6 
Structure 794: 9 2 13 16 12 10 14 1 
	-> 1 2 9 
Structure 795: 9 2 36 3 6 4 1 
	-> 1 2 3 4 6 9 
Structure 796: 9 2 3 8 4 1 
	-> 1 2 3 4 8 9 
Structure 797: 7 5 2 3 8 4 1 
	-> 1 2 3 4 5 7 8 
Structure 798: 5 2 3 6 10 1 34 
	-> 1 2 3 5 6 
Structure 799: 7 11 5 2 3 8 4 1 
	-> 1 2 3 4 5 7 8 
Structure 800: 5 2 3 8 4 1 
	-> 1 2 3 4 5 8 
Structure 801: 5 2 13 16 12 4 1 
	-> 1 2 4 5 
Structure 802: 7 11 5 2 3 6 4 1 
	-> 1 2 3 4 5 6 7 
Structure 803: 9 2 13 12 4 1 
	-> 1 2 4 9 
Structure 804: 9 2 3 6 4 1 
	-> 1 2 3 4 6 9 
Structure 805: 5 2 3 6 4 1 
	-> 1 2 3 4 5 6 
Structure 806: 7 5 2 3 6 4 1 
	-> 1 2 3 4 5 6 7 
Structure 807: 23 5 2 3 6 4 1 
	-> 1 2 3 4 5 6 
Structure 808: 9 2 3 6 4 1 
	-> 1 2 3 4 6 9 
Structure 809: 7 5 2 3 8 20 4 1 
	-> 1 2 3 4 5 7 8 
Structure 810: 7 5 2 3 8 4 1 
	-> 1 2 3 4 5 7 8 
Structure 811: 7 5 2 3 8 4 1 
	-> 1 2 3 4 5 7 8 
Structure 812: 5 2 3 6 10 14 1 
	-> 1 2 3 5 6 
Structure 813: 5 2 3 6 4 1 
	-> 1 2 3 4 5 6 
Structure 814: 5 2 3 8 4 1 
	-> 1 2 3 4 5 8 
Structure 815: 9 2 3 6 4 1 
	-> 1 2 3 4 6 9 
Structure 816: 7 5 2 3 6 4 1 
	-> 1 2 3 4 5 6 7 
Structure 817: 7 5 2 3 8 10 14 1 
	-> 1 2 3 5 7 8 
Structure 818: 7 11 5 2 3 6 4 1 
	-> 1 2 3 4 5 6 7 
Structure 819: 7 11 5 2 3 6 4 1 
	-> 1 2 3 4 5 6 7 
Structure 820: 5 2 3 6 4 1 
	-> 1 2 3 4 5 6 
Structure 821: 7 5 2 3 6 4 1 
	-> 1 2 3 4 5 6 7 
Structure 822: 7 5 2 3 6 4 1 
	-> 1 2 3 4 5 6 7 
Structure 823: 5 2 3 6 4 1 
	-> 1 2 3 4 5 6 
Structure 824: 7 5 2 3 6 4 1 
	-> 1 2 3 4 5 6 7 
Structure 825: 5 15 2 3 8 4 1 
	-> 1 2 3 4 5 8 
Structure 826: 9 2 3 6 4 1 
	-> 1 2 3 4 6 9 
Structure 827: 5 2 3 8 4 1 
	-> 1 2 3 4 5 8 
Structure 828: 5 2 3 6 4 1 
	-> 1 2 3 4 5 6 
Structure 829: 7 5 2 3 6 4 1 
	-> 1 2 3 4 5 6 7 
Structure 830: 5 2 3 6 4 1 
	-> 1 2 3 4 5 6 
Structure 831: 5 2 3 6 4 1 
	-> 1 2 3 4 5 6 
Structure 832: 5 2 3 8 4 1 
	-> 1 2 3 4 5 8 
Structure 833: 7 5 2 3 6 4 1 
	-> 1 2 3 4 5 6 7 
Structure 834: 7 5 2 3 8 4 1 
	-> 1 2 3 4 5 7 8 
Structure 835: 9 2 3 6 4 1 
	-> 1 2 3 4 6 9 
Structure 836: 7 5 2 3 6 4 1 
	-> 1 2 3 4 5 6 7 
Structure 837: 5 2 3 6 10 14 1 
	-> 1 2 3 5 6 
Structure 838: 7 5 2 3 6 4 1 
	-> 1 2 3 4 5 6 7 
Structure 839: 7 5 2 3 6 10 14 1 
	-> 1 2 3 5 6 7 
Structure 840: 9 2 3 8 4 1 
	-> 1 2 3 4 8 9 
Structure 841: 5 2 3 6 4 1 
	-> 1 2 3 4 5 6 
Structure 842: 5 2 3 6 4 1 
	-> 1 2 3 4 5 6 
Structure 843: 7 5 2 3 6 4 1 
	-> 1 2 3 4 5 6 7 
Structure 844: 7 5 2 18 13 28 12 10 14 1 
	-> 1 2 5 7 
Structure 845: 7 5 2 3 6 4 1 
	-> 1 2 3 4 5 6 7 
Structure 846: 7 5 2 13 16 12 4 1 
	-> 1 2 4 5 7 
Structure 847: 11 5 15 3 6 4 1 
	-> 1 3 4 5 6 
Structure 848: 9 2 3 6 4 1 
	-> 1 2 3 4 6 9 
Structure 849: 29 5 2 3 6 4 1 
	-> 1 2 3 4 5 6 
Structure 850: 7 5 2 3 6 10 1 
	-> 1 2 3 5 6 7 
Structure 851: 7 5 2 3 8 4 1 
	-> 1 2 3 4 5 7 8 
Structure 852: 9 24 2 3 6 4 1 
	-> 1 2 3 4 6 9 
Structure 853: 7 21 5 2 3 6 4 1 
	-> 1 2 3 4 5 6 7 
Structure 854: 7 11 5 2 3 6 10 14 1 
	-> 1 2 3 5 6 7 
Structure 855: 7 5 2 3 6 4 1 
	-> 1 2 3 4 5 6 7 
Structure 856: 7 5 2 13 12 4 1 
	-> 1 2 4 5 7 
Structure 857: 7 5 2 3 8 4 1 
	-> 1 2 3 4 5 7 8 
Structure 858: 7 5 2 13 12 4 1 
	-> 1 2 4 5 7 
Structure 859: 5 2 3 8 4 1 
	-> 1 2 3 4 5 8 
Structure 860: 5 2 3 6 4 1 
	-> 1 2 3 4 5 6 
Structure 861: 7 5 15 3 8 4 1 
	-> 1 3 4 5 7 8 
Structure 862: 5 2 3 6 10 14 1 
	-> 1 2 3 5 6 
Structure 863: 7 11 5 2 3 6 4 1 
	-> 1 2 3 4 5 6 7 
Structure 864: 7 5 2 3 6 4 1 
	-> 1 2 3 4 5 6 7 
Structure 865: 5 2 13 16 12 4 1 
	-> 1 2 4 5 
Structure 866: 7 5 2 3 8 4 1 
	-> 1 2 3 4 5 7 8 
Structure 867: 9 2 3 6 4 1 
	-> 1 2 3 4 6 9 
Structure 868: 7 5 2 13 12 4 1 
	-> 1 2 4 5 7 
Structure 869: 7 5 2 3 6 10 14 1 
	-> 1 2 3 5 6 7 
Structure 870: 7 5 2 3 6 4 1 
	-> 1 2 3 4 5 6 7 
Structure 871: 7 5 2 3 6 4 1 
	-> 1 2 3 4 5 6 7 
Structure 872: 9 2 3 8 4 1 
	-> 1 2 3 4 8 9 
Structure 873: 7 5 2 3 6 4 1 
	-> 1 2 3 4 5 6 7 
Structure 874: 5 2 3 6 4 1 
	-> 1 2 3 4 5 6 
Structure 875: 9 2 3 6 4 1 
	-> 1 2 3 4 6 9 
Structure 876: 7 5 2 3 6 4 1 
	-> 1 2 3 4 5 6 7 
Structure 877: 5 2 3 6 4 1 
	-> 1 2 3 4 5 6 
Structure 878: 7 5 2 13 16 12 4 1 
	-> 1 2 4 5 7 
Structure 879: 7 5 2 3 6 4 1 
	-> 1 2 3 4 5 6 7 
Structure 880: 7 5 2 3 8 10 14 1 
	-> 1 2 3 5 7 8 
Structure 881: 9 2 3 6 4 1 
	-> 1 2 3 4 6 9 
Structure 882: 5 2 3 6 4 1 
	-> 1 2 3 4 5 6 
Structure 883: 5 2 3 8 4 1 
	-> 1 2 3 4 5 8 
Structure 884: 7 5 2 3 6 10 14 1 
	-> 1 2 3 5 6 7 
Structure 885: 7 5 2 3 8 4 1 
	-> 1 2 3 4 5 7 8 
Structure 886: 7 5 2 3 8 4 1 
	-> 1 2 3 4 5 7 8 
Structure 887: 9 2 3 6 4 1 
	-> 1 2 3 4 6 9 
Structure 888: 5 2 3 6 4 1 
	-> 1 2 3 4 5 6 
Structure 889: 7 5 2 3 6 4 1 
	-> 1 2 3 4 5 6 7 
Structure 890: 5 2 3 6 10 1 
	-> 1 2 3 5 6 
Structure 891: 7 5 2 3 8 4 1 
	-> 1 2 3 4 5 7 8 
Structure 892: 5 2 3 6 4 1 
	-> 1 2 3 4 5 6 
Structure 893: 9 2 3 8 4 1 
	-> 1 2 3 4 8 9 
Structure 894: 7 5 2 3 6 4 1 
	-> 1 2 3 4 5 6 7 
Structure 895: 7 5 2 13 16 12 4 1 
	-> 1 2 4 5 7 
Structure 896: 5 2 18 13 16 12 4 1 
	-> 1 2 4 5 
Structure 897: 5 2 3 6 4 1 
	-> 1 2 3 4 5 6 
Structure 898: 5 2 3 6 4 1 
	-> 1 2 3 4 5 6 
Structure 899: 7 5 2 3 6 4 1 
	-> 1 2 3 4 5 6 7 
Structure 900: 5 2 3 6 4 1 
	-> 1 2 3 4 5 6 
Structure 901: 7 5 2 18 13 12 4 1 
	-> 1 2 4 5 7 
Structure 902: 5 2 3 6 4 1 
	-> 1 2 3 4 5 6 
Structure 903: 7 5 2 3 6 4 1 
	-> 1 2 3 4 5 6 7 
Structure 904: 5 2 3 8 4 1 
	-> 1 2 3 4 5 8 
Structure 905: 7 5 2 3 6 4 1 
	-> 1 2 3 4 5 6 7 
Structure 906: 5 2 36 3 6 4 1 
	-> 1 2 3 4 5 6 
Structure 907: 5 2 3 6 4 1 
	-> 1 2 3 4 5 6 
Structure 908: 5 2 3 6 4 1 
	-> 1 2 3 4 5 6 
Structure 909: 7 5 2 3 6 4 1 
	-> 1 2 3 4 5 6 7 
Structure 910: 5 2 3 6 4 1 
	-> 1 2 3 4 5 6 
Structure 911: 7 5 2 3 6 4 1 
	-> 1 2 3 4 5 6 7 
Structure 912: 5 2 3 6 4 1 
	-> 1 2 3 4 5 6 
Structure 913: 7 11 5 2 3 6 4 1 
	-> 1 2 3 4 5 6 7 
Structure 914: 7 5 2 3 8 4 1 
	-> 1 2 3 4 5 7 8 
Structure 915: 7 5 2 18 13 12 4 1 
	-> 1 2 4 5 7 
Structure 916: 5 2 3 6 4 1 
	-> 1 2 3 4 5 6 
Structure 917: 7 11 5 2 3 6 10 14 1 
	-> 1 2 3 5 6 7 
Structure 918: 7 5 2 3 8 17 4 1 
	-> 1 2 3 4 5 7 8 
Structure 919: 5 2 3 6 4 1 
	-> 1 2 3 4 5 6 
Structure 920: 5 2 3 6 10 1 
	-> 1 2 3 5 6 
Structure 921: 9 2 3 6 4 1 
	-> 1 2 3 4 6 9 
Structure 922: 5 2 3 6 4 1 
	-> 1 2 3 4 5 6 
Structure 923: 7 11 5 2 3 6 4 1 
	-> 1 2 3 4 5 6 7 
Structure 924: 7 5 2 3 6 4 1 
	-> 1 2 3 4 5 6 7 
Structure 925: 7 5 2 3 32 4 14 1 
	-> 1 2 3 4 5 7 
Structure 926: 7 5 2 3 6 4 1 
	-> 1 2 3 4 5 6 7 
Structure 927: 7 5 2 30 16 12 4 1 
	-> 1 2 4 5 7 
Structure 928: 5 2 3 6 4 1 
	-> 1 2 3 4 5 6 
Structure 929: 9 19 2 3 8 4 1 
	-> 1 2 3 4 8 9 
Structure 930: 7 5 2 3 8 4 14 1 
	-> 1 2 3 4 5 7 8 
Structure 931: 5 2 3 6 35 4 1 
	-> 1 2 3 4 5 6 
Structure 932: 7 5 2 3 8 4 1 
	-> 1 2 3 4 5 7 8 
Structure 933: 9 24 2 3 6 4 1 
	-> 1 2 3 4 6 9 
Structure 934: 7 5 2 3 6 4 1 
	-> 1 2 3 4 5 6 7 
Structure 935: 5 2 3 8 52 4 1 
	-> 1 2 3 4 5 8 
Structure 936: 7 5 2 3 8 4 1 
	-> 1 2 3 4 5 7 8 
Structure 937: 9 2 3 6 4 1 
	-> 1 2 3 4 6 9 
Structure 938: 7 5 2 3 6 4 1 
	-> 1 2 3 4 5 6 7 
Structure 939: 5 2 3 6 4 1 
	-> 1 2 3 4 5 6 
Structure 940: 7 5 2 3 6 4 1 
	-> 1 2 3 4 5 6 7 
Structure 941: 5 2 3 6 4 1 
	-> 1 2 3 4 5 6 
Structure 942: 7 5 2 3 6 4 1 
	-> 1 2 3 4 5 6 7 
Structure 943: 7 5 2 3 6 4 1 
	-> 1 2 3 4 5 6 7 
Structure 944: 7 5 2 3 8 4 1 
	-> 1 2 3 4 5 7 8 
Structure 945: 9 2 3 8 4 1 
	-> 1 2 3 4 8 9 
Structure 946: 7 5 2 3 8 4 1 
	-> 1 2 3 4 5 7 8 
Structure 947: 5 2 3 8 22 4 1 
	-> 1 2 3 4 5 8 
Structure 948: 7 5 2 3 6 4 1 
	-> 1 2 3 4 5 6 7 
Structure 949: 5 2 3 6 4 1 
	-> 1 2 3 4 5 6 
Structure 950: 9 2 3 8 4 1 
	-> 1 2 3 4 8 9 
Structure 951: 7 5 2 3 6 4 1 
	-> 1 2 3 4 5 6 7 
Structure 952: 7 11 5 2 3 6 17 4 1 
	-> 1 2 3 4 5 6 7 
Structure 953: 5 2 3 6 4 1 
	-> 1 2 3 4 5 6 
Structure 954: 5 2 3 6 4 1 
	-> 1 2 3 4 5 6 
Structure 955: 5 2 3 8 4 1 
	-> 1 2 3 4 5 8 
Structure 956: 5 2 3 8 4 1 
	-> 1 2 3 4 5 8 
Structure 957: 5 2 3 8 17 4 1 
	-> 1 2 3 4 5 8 
Structure 958: 7 5 2 3 6 10 1 
	-> 1 2 3 5 6 7 
Structure 959: 9 2 3 6 10 14 1 
	-> 1 2 3 6 9 
Structure 960: 7 11 5 2 3 53 27 4 1 
	-> 1 2 3 4 5 7 
Structure 961: 5 2 3 6 4 1 
	-> 1 2 3 4 5 6 
Structure 962: 5 2 3 27 4 1 
	-> 1 2 3 4 5 
Structure 963: 7 5 2 3 6 54 4 1 
	-> 1 2 3 4 5 6 7 
Structure 964: 7 5 2 3 6 4 1 
	-> 1 2 3 4 5 6 7 
Structure 965: 5 2 3 6 10 4 1 
	-> 1 2 3 4 5 6 
Structure 966: 2 3 8 4 1 
	-> 1 2 3 4 8 
Structure 967: 5 2 3 6 4 1 
	-> 1 2 3 4 5 6 
Structure 968: 5 2 3 8 4 1 
	-> 1 2 3 4 5 8 
Structure 969: 9 2 3 8 22 4 1 
	-> 1 2 3 4 8 9 
Structure 970: 7 5 2 3 8 4 1 
	-> 1 2 3 4 5 7 8 
Structure 971: 5 2 3 8 4 1 
	-> 1 2 3 4 5 8 
Structure 972: 11 5 2 3 6 4 1 
	-> 1 2 3 4 5 6 
Structure 973: 9 2 3 6 4 1 
	-> 1 2 3 4 6 9 
Structure 974: 7 5 2 3 8 4 1 
	-> 1 2 3 4 5 7 8 
Structure 975: 7 5 2 3 6 4 1 
	-> 1 2 3 4 5 6 7 
Structure 976: 9 2 3 6 4 1 
	-> 1 2 3 4 6 9 
Structure 977: 9 2 3 6 10 14 1 
	-> 1 2 3 6 9 
Structure 978: 9 2 3 6 4 1 
	-> 1 2 3 4 6 9 
Structure 979: 5 2 3 6 4 1 
	-> 1 2 3 4 5 6 
Structure 980: 5 15 3 8 4 1 
	-> 1 3 4 5 8 
Structure 981: 7 5 2 3 6 4 1 
	-> 1 2 3 4 5 6 7 
Structure 982: 9 2 3 6 10 14 1 
	-> 1 2 3 6 9 
Structure 983: 7 5 2 3 6 4 1 
	-> 1 2 3 4 5 6 7 
Structure 984: 5 2 3 6 4 1 
	-> 1 2 3 4 5 6 
Structure 985: 5 2 3 6 10 14 1 
	-> 1 2 3 5 6 
Structure 986: 5 2 3 8 4 1 
	-> 1 2 3 4 5 8 
Structure 987: 21 5 2 3 6 4 1 
	-> 1 2 3 4 5 6 
Structure 988: 7 5 2 3 6 4 1 
	-> 1 2 3 4 5 6 7 
Structure 989: 7 5 2 3 8 4 1 
	-> 1 2 3 4 5 7 8 
Structure 990: 5 2 3 6 4 1 
	-> 1 2 3 4 5 6 
Structure 991: 9 2 3 6 4 1 
	-> 1 2 3 4 6 9 
Structure 992: 5 2 3 6 4 1 
	-> 1 2 3 4 5 6 
Structure 993: 9 2 3 8 4 1 
	-> 1 2 3 4 8 9 
Structure 994: 5 2 3 6 4 1 
	-> 1 2 3 4 5 6 
Structure 995: 5 2 3 8 4 1 
	-> 1 2 3 4 5 8 
Structure 996: 5 15 3 6 4 1 
	-> 1 3 4 5 6 
Structure 997: 7 23 5 15 3 6 4 1 
	-> 1 3 4 5 6 7 
Structure 998: 9 2 3 6 4 1 
	-> 1 2 3 4 6 9 
Structure 999: 9 19 2 3 8 4 1 
	-> 1 2 3 4 8 9 
Structure 1000: 7 11 5 2 3 6 4 1 
	-> 1 2 3 4 8 9  