Processing /nethome/akirkpatrick3/Research/RNA/profiling/RNAStructProfilingConsolidation/output/development/TPP/L.innocua.1_sfold/input/L.innocua.1_sfold.out
Structure 1: 6 21 4 3 1 5 2 
	-> 1 2 3 4 5 6 
Structure 2: 6 4 3 1 5 2 
	-> 1 2 3 4 5 6 
Structure 3: 6 4 3 1 2 
	-> 1 2 3 4 6 
Structure 4: 6 12 11 1 9 2 
	-> 1 2 6 9 11 
Structure 5: 6 4 3 1 5 2 
	-> 1 2 3 4 5 6 
Structure 6: 6 4 13 11 1 10 9 2 
	-> 1 2 4 6 9 10 11 
Structure 7: 8 7 12 3 1 36 2 
	-> 1 2 3 7 8 
Structure 8: 6 4 16 1 5 2 
	-> 1 2 4 5 6 
Structure 9: 8 7 15 13 11 1 5 2 
	-> 1 2 5 7 8 11 
Structure 10: 6 4 3 1 9 2 
	-> 1 2 3 4 6 9 
Structure 11: 6 4 3 1 5 2 
	-> 1 2 3 4 5 6 
Structure 12: 8 7 4 3 1 9 2 
	-> 1 2 3 4 7 8 9 
Structure 13: 8 7 19 3 1 9 2 
	-> 1 2 3 7 8 9 
Structure 14: 8 7 4 3 1 30 5 2 
	-> 1 2 3 4 5 7 8 
Structure 15: 8 7 4 16 1 5 2 
	-> 1 2 4 5 7 8 
Structure 16: 6 4 3 1 5 2 
	-> 1 2 3 4 5 6 
Structure 17: 6 4 3 1 10 9 2 
	-> 1 2 3 4 6 9 10 
Structure 18: 6 4 3 1 5 2 
	-> 1 2 3 4 5 6 
Structure 19: 6 4 11 1 9 2 
	-> 1 2 4 6 9 11 
Structure 20: 6 4 3 1 5 2 
	-> 1 2 3 4 5 6 
Structure 21: 8 7 15 13 11 1 10 9 2 
	-> 1 2 7 8 9 10 11 
Structure 22: 6 4 3 1 20 9 2 
	-> 1 2 3 4 6 9 
Structure 23: 6 4 3 1 9 2 
	-> 1 2 3 4 6 9 
Structure 24: 6 4 3 1 5 2 
	-> 1 2 3 4 5 6 
Structure 25: 6 4 11 1 5 2 
	-> 1 2 4 5 6 11 
Structure 26: 6 4 3 1 5 2 
	-> 1 2 3 4 5 6 
Structure 27: 6 4 3 1 10 9 2 
	-> 1 2 3 4 6 9 10 
Structure 28: 6 4 3 1 10 5 2 
	-> 1 2 3 4 5 6 10 
Structure 29: 8 7 4 3 1 9 2 
	-> 1 2 3 4 7 8 9 
Structure 30: 8 7 14 11 1 10 5 2 
	-> 1 2 5 7 8 10 11 
Structure 31: 6 4 3 1 5 2 
	-> 1 2 3 4 5 6 
Structure 32: 31 4 11 1 2 37 
	-> 1 2 4 11 
Structure 33: 6 4 3 1 5 2 
	-> 1 2 3 4 5 6 
Structure 34: 6 4 16 1 5 2 
	-> 1 2 4 5 6 
Structure 35: 6 4 3 1 5 2 
	-> 1 2 3 4 5 6 
Structure 36: 6 4 3 1 9 2 
	-> 1 2 3 4 6 9 
Structure 37: 6 4 3 1 5 2 
	-> 1 2 3 4 5 6 
Structure 38: 6 4 3 1 9 2 
	-> 1 2 3 4 6 9 
Structure 39: 7 4 3 1 10 5 2 
	-> 1 2 3 4 5 7 10 
Structure 40: 8 7 14 13 16 1 9 2 
	-> 1 2 7 8 9 
Structure 41: 6 4 3 1 5 2 
	-> 1 2 3 4 5 6 
Structure 42: 8 7 12 3 1 9 2 
	-> 1 2 3 7 8 9 
Structure 43: 8 7 15 16 1 9 2 
	-> 1 2 7 8 9 
Structure 44: 8 7 14 3 1 9 2 
	-> 1 2 3 7 8 9 
Structure 45: 6 4 3 1 10 9 2 
	-> 1 2 3 4 6 9 10 
Structure 46: 6 4 3 1 5 2 
	-> 1 2 3 4 5 6 
Structure 47: 8 7 12 3 1 9 2 
	-> 1 2 3 7 8 9 
Structure 48: 6 4 11 1 5 2 
	-> 1 2 4 5 6 11 
Structure 49: 6 4 3 1 9 2 
	-> 1 2 3 4 6 9 
Structure 50: 7 3 1 38 39 2 
	-> 1 2 3 7 
Structure 51: 8 7 15 11 1 10 9 2 
	-> 1 2 7 8 9 10 11 
Structure 52: 6 4 11 1 10 9 2 
	-> 1 2 4 6 9 10 11 
Structure 53: 8 7 19 3 1 5 2 
	-> 1 2 3 5 7 8 
Structure 54: 6 4 3 1 2 
	-> 1 2 3 4 6 
Structure 55: 8 7 15 11 1 28 9 2 
	-> 1 2 7 8 9 11 
Structure 56: 6 4 11 1 2 
	-> 1 2 4 6 11 
Structure 57: 6 4 3 17 1 5 2 
	-> 1 2 3 4 5 6 
Structure 58: 6 4 3 1 10 5 2 
	-> 1 2 3 4 5 6 10 
Structure 59: 8 7 14 40 11 1 9 2 
	-> 1 2 7 8 9 11 
Structure 60: 8 7 14 13 11 1 5 2 
	-> 1 2 5 7 8 11 
Structure 61: 8 7 14 3 1 5 2 
	-> 1 2 3 5 7 8 
Structure 62: 8 7 4 3 1 5 2 
	-> 1 2 3 4 5 7 8 
Structure 63: 6 4 3 1 5 2 
	-> 1 2 3 4 5 6 
Structure 64: 6 32 4 3 1 10 5 2 
	-> 1 2 3 4 5 6 10 
Structure 65: 6 4 3 1 5 2 
	-> 1 2 3 4 5 6 
Structure 66: 6 4 11 1 5 2 
	-> 1 2 4 5 6 11 
Structure 67: 8 7 12 3 1 5 2 
	-> 1 2 3 5 7 8 
Structure 68: 6 4 3 1 5 2 
	-> 1 2 3 4 5 6 
Structure 69: 6 4 3 1 10 5 23 
	-> 1 3 4 5 6 10 
Structure 70: 6 4 3 1 5 2 
	-> 1 2 3 4 5 6 
Structure 71: 6 4 3 1 9 2 
	-> 1 2 3 4 6 9 
Structure 72: 6 4 3 1 10 9 2 
	-> 1 2 3 4 6 9 10 
Structure 73: 8 7 14 11 1 9 2 
	-> 1 2 7 8 9 11 
Structure 74: 8 7 4 3 1 10 5 2 
	-> 1 2 3 4 5 7 8 10 
Structure 75: 8 7 15 13 11 1 5 2 
	-> 1 2 5 7 8 11 
Structure 76: 6 4 3 1 9 2 
	-> 1 2 3 4 6 9 
Structure 77: 6 4 3 1 5 2 
	-> 1 2 3 4 5 6 
Structure 78: 8 7 14 11 1 5 2 
	-> 1 2 5 7 8 11 
Structure 79: 6 4 3 1 5 2 
	-> 1 2 3 4 5 6 
Structure 80: 8 7 12 3 1 5 2 
	-> 1 2 3 5 7 8 
Structure 81: 8 7 14 11 1 10 5 2 
	-> 1 2 5 7 8 10 11 
Structure 82: 6 4 3 1 5 2 
	-> 1 2 3 4 5 6 
Structure 83: 6 4 11 1 20 9 2 
	-> 1 2 4 6 9 11 
Structure 84: 6 4 3 1 10 9 2 
	-> 1 2 3 4 6 9 10 
Structure 85: 8 7 12 3 1 10 5 2 
	-> 1 2 3 5 7 8 10 
Structure 86: 8 7 14 3 1 2 
	-> 1 2 3 7 8 
Structure 87: 6 4 3 1 9 2 
	-> 1 2 3 4 6 9 
Structure 88: 8 7 15 13 11 1 10 9 2 
	-> 1 2 7 8 9 10 11 
Structure 89: 8 7 12 3 1 10 5 2 
	-> 1 2 3 5 7 8 10 
Structure 90: 6 4 3 1 9 2 
	-> 1 2 3 4 6 9 
Structure 91: 6 7 14 13 11 1 5 2 
	-> 1 2 5 6 7 11 
Structure 92: 6 4 3 1 5 2 
	-> 1 2 3 4 5 6 
Structure 93: 6 4 3 1 10 5 2 
	-> 1 2 3 4 5 6 10 
Structure 94: 6 4 3 1 5 2 
	-> 1 2 3 4 5 6 
Structure 95: 8 7 12 3 1 5 2 
	-> 1 2 3 5 7 8 
Structure 96: 6 4 3 1 5 2 
	-> 1 2 3 4 5 6 
Structure 97: 6 4 11 1 2 
	-> 1 2 4 6 11 
Structure 98: 8 7 4 3 1 26 5 2 
	-> 1 2 3 4 5 7 8 
Structure 99: 6 4 3 1 5 2 
	-> 1 2 3 4 5 6 
Structure 100: 6 4 3 1 5 2 
	-> 1 2 3 4 5 6 
Structure 101: 6 31 4 12 3 1 2 
	-> 1 2 3 4 6 
Structure 102: 6 4 3 1 5 2 
	-> 1 2 3 4 5 6 
Structure 103: 6 4 3 1 10 5 2 
	-> 1 2 3 4 5 6 10 
Structure 104: 8 7 15 11 1 10 9 2 
	-> 1 2 7 8 9 10 11 
Structure 105: 6 4 3 1 10 5 2 
	-> 1 2 3 4 5 6 10 
Structure 106: 6 4 3 1 5 2 
	-> 1 2 3 4 5 6 
Structure 107: 18 8 7 4 3 1 5 2 
	-> 1 2 3 4 5 7 8 
Structure 108: 6 4 3 1 9 2 
	-> 1 2 3 4 6 9 
Structure 109: 8 7 19 3 1 5 2 
	-> 1 2 3 5 7 8 
Structure 110: 8 7 4 3 1 9 2 
	-> 1 2 3 4 7 8 9 
Structure 111: 6 4 3 1 9 2 
	-> 1 2 3 4 6 9 
Structure 112: 6 4 3 1 2 
	-> 1 2 3 4 6 
Structure 113: 6 4 3 1 5 2 
	-> 1 2 3 4 5 6 
Structure 114: 6 4 3 1 5 2 
	-> 1 2 3 4 5 6 
Structure 115: 6 4 3 1 10 5 2 
	-> 1 2 3 4 5 6 10 
Structure 116: 6 4 3 17 1 5 2 
	-> 1 2 3 4 5 6 
Structure 117: 8 7 15 13 16 1 9 2 
	-> 1 2 7 8 9 
Structure 118: 6 4 16 1 5 2 
	-> 1 2 4 5 6 
Structure 119: 6 4 3 1 9 2 
	-> 1 2 3 4 6 9 
Structure 120: 6 4 3 1 5 2 
	-> 1 2 3 4 5 6 
Structure 121: 6 4 3 1 9 2 
	-> 1 2 3 4 6 9 
Structure 122: 8 7 14 13 11 1 9 2 
	-> 1 2 7 8 9 11 
Structure 123: 6 4 3 17 1 9 2 
	-> 1 2 3 4 6 9 
Structure 124: 6 4 3 1 5 2 
	-> 1 2 3 4 5 6 
Structure 125: 8 7 12 3 1 5 2 
	-> 1 2 3 5 7 8 
Structure 126: 6 22 4 3 1 5 2 
	-> 1 2 3 4 5 6 
Structure 127: 6 4 3 1 5 2 
	-> 1 2 3 4 5 6 
Structure 128: 6 4 3 1 5 2 
	-> 1 2 3 4 5 6 
Structure 129: 8 7 4 3 1 5 2 
	-> 1 2 3 4 5 7 8 
Structure 130: 6 4 3 1 10 5 2 
	-> 1 2 3 4 5 6 10 
Structure 131: 6 4 3 1 5 2 
	-> 1 2 3 4 5 6 
Structure 132: 6 4 3 1 10 5 2 
	-> 1 2 3 4 5 6 10 
Structure 133: 6 4 3 1 5 2 
	-> 1 2 3 4 5 6 
Structure 134: 8 7 14 3 1 5 2 
	-> 1 2 3 5 7 8 
Structure 135: 8 7 4 3 1 9 2 
	-> 1 2 3 4 7 8 9 
Structure 136: 8 7 19 3 1 5 2 
	-> 1 2 3 5 7 8 
Structure 137: 6 22 4 3 41 1 5 2 
	-> 1 2 3 4 5 6 
Structure 138: 6 4 3 1 5 2 
	-> 1 2 3 4 5 6 
Structure 139: 8 7 14 16 1 5 2 
	-> 1 2 5 7 8 
Structure 140: 6 4 13 11 1 5 2 
	-> 1 2 4 5 6 11 
Structure 141: 8 7 4 3 1 10 9 2 
	-> 1 2 3 4 7 8 9 10 
Structure 142: 6 4 3 1 5 2 
	-> 1 2 3 4 5 6 
Structure 143: 6 4 3 1 10 5 2 
	-> 1 2 3 4 5 6 10 
Structure 144: 6 4 3 1 9 2 
	-> 1 2 3 4 6 9 
Structure 145: 8 7 12 3 1 9 2 
	-> 1 2 3 7 8 9 
Structure 146: 8 7 15 16 1 5 2 
	-> 1 2 5 7 8 
Structure 147: 8 7 12 3 1 5 2 
	-> 1 2 3 5 7 8 
Structure 148: 6 4 3 1 5 2 
	-> 1 2 3 4 5 6 
Structure 149: 6 4 16 1 10 5 2 
	-> 1 2 4 5 6 10 
Structure 150: 8 7 14 3 1 5 2 
	-> 1 2 3 5 7 8 
Structure 151: 8 7 4 3 1 5 2 
	-> 1 2 3 4 5 7 8 
Structure 152: 6 4 11 1 28 5 2 
	-> 1 2 4 5 6 11 
Structure 153: 8 7 14 11 1 5 2 
	-> 1 2 5 7 8 11 
Structure 154: 8 7 12 3 1 10 5 2 
	-> 1 2 3 5 7 8 10 
Structure 155: 18 8 7 12 3 1 5 2 
	-> 1 2 3 5 7 8 
Structure 156: 8 7 15 13 11 1 5 2 
	-> 1 2 5 7 8 11 
Structure 157: 6 4 3 1 10 9 2 
	-> 1 2 3 4 6 9 10 
Structure 158: 8 7 12 3 1 5 2 
	-> 1 2 3 5 7 8 
Structure 159: 8 7 12 3 1 5 23 
	-> 1 3 5 7 8 
Structure 160: 6 21 4 3 1 5 2 
	-> 1 2 3 4 5 6 
Structure 161: 6 4 3 1 5 2 
	-> 1 2 3 4 5 6 
Structure 162: 6 4 3 1 5 2 
	-> 1 2 3 4 5 6 
Structure 163: 6 4 3 1 5 2 
	-> 1 2 3 4 5 6 
Structure 164: 6 4 3 1 10 5 2 
	-> 1 2 3 4 5 6 10 
Structure 165: 6 4 3 1 9 2 
	-> 1 2 3 4 6 9 
Structure 166: 8 7 19 3 1 5 2 
	-> 1 2 3 5 7 8 
Structure 167: 8 7 4 3 1 5 2 
	-> 1 2 3 4 5 7 8 
Structure 168: 6 4 3 1 20 9 2 
	-> 1 2 3 4 6 9 
Structure 169: 8 7 15 13 11 1 2 
	-> 1 2 7 8 11 
Structure 170: 6 4 3 1 9 2 
	-> 1 2 3 4 6 9 
Structure 171: 8 7 12 3 1 10 5 2 
	-> 1 2 3 5 7 8 10 
Structure 172: 6 4 16 24 1 10 5 2 
	-> 1 2 4 5 6 10 
Structure 173: 8 7 4 3 1 9 2 
	-> 1 2 3 4 7 8 9 
Structure 174: 8 7 4 3 1 5 2 
	-> 1 2 3 4 5 7 8 
Structure 175: 6 4 11 1 9 2 
	-> 1 2 4 6 9 11 
Structure 176: 6 4 3 1 10 5 2 
	-> 1 2 3 4 5 6 10 
Structure 177: 8 7 14 13 11 1 9 2 
	-> 1 2 7 8 9 11 
Structure 178: 6 4 11 1 10 2 
	-> 1 2 4 6 10 11 
Structure 179: 6 4 3 17 1 9 2 
	-> 1 2 3 4 6 9 
Structure 180: 8 7 4 3 29 1 10 5 2 
	-> 1 2 3 4 5 7 8 10 
Structure 181: 8 7 4 3 1 10 5 2 
	-> 1 2 3 4 5 7 8 10 
Structure 182: 6 4 3 1 5 2 
	-> 1 2 3 4 5 6 
Structure 183: 18 8 7 14 11 1 5 2 
	-> 1 2 5 7 8 11 
Structure 184: 8 7 15 13 11 1 5 2 
	-> 1 2 5 7 8 11 
Structure 185: 6 4 3 1 9 2 
	-> 1 2 3 4 6 9 
Structure 186: 8 7 14 3 1 10 5 2 
	-> 1 2 3 5 7 8 10 
Structure 187: 6 4 3 1 9 2 
	-> 1 2 3 4 6 9 
Structure 188: 6 4 16 1 5 2 
	-> 1 2 4 5 6 
Structure 189: 6 22 4 3 1 2 
	-> 1 2 3 4 6 
Structure 190: 6 4 3 1 9 23 
	-> 1 3 4 6 9 
Structure 191: 6 4 3 1 5 2 
	-> 1 2 3 4 5 6 
Structure 192: 6 4 3 1 5 2 
	-> 1 2 3 4 5 6 
Structure 193: 6 4 3 1 9 2 
	-> 1 2 3 4 6 9 
Structure 194: 6 4 3 1 10 5 2 
	-> 1 2 3 4 5 6 10 
Structure 195: 8 7 4 3 1 5 2 
	-> 1 2 3 4 5 7 8 
Structure 196: 6 4 3 1 9 2 
	-> 1 2 3 4 6 9 
Structure 197: 6 4 3 1 10 5 2 
	-> 1 2 3 4 5 6 10 
Structure 198: 7 4 3 1 5 2 
	-> 1 2 3 4 5 7 
Structure 199: 6 4 3 1 5 2 
	-> 1 2 3 4 5 6 
Structure 200: 8 7 12 3 1 5 2 
	-> 1 2 3 5 7 8 
Structure 201: 6 4 3 1 10 5 2 
	-> 1 2 3 4 5 6 10 
Structure 202: 6 4 3 1 9 2 
	-> 1 2 3 4 6 9 
Structure 203: 8 7 4 11 1 28 5 2 
	-> 1 2 4 5 7 8 11 
Structure 204: 6 4 3 1 5 2 
	-> 1 2 3 4 5 6 
Structure 205: 8 7 14 11 1 10 5 2 
	-> 1 2 5 7 8 10 11 
Structure 206: 6 21 4 3 1 5 2 
	-> 1 2 3 4 5 6 
Structure 207: 6 4 3 1 5 2 
	-> 1 2 3 4 5 6 
Structure 208: 8 7 4 3 1 9 2 
	-> 1 2 3 4 7 8 9 
Structure 209: 6 4 3 1 9 2 
	-> 1 2 3 4 6 9 
Structure 210: 6 4 3 1 5 2 
	-> 1 2 3 4 5 6 
Structure 211: 6 4 3 1 9 2 
	-> 1 2 3 4 6 9 
Structure 212: 6 4 3 1 5 2 
	-> 1 2 3 4 5 6 
Structure 213: 8 7 15 11 1 2 
	-> 1 2 7 8 11 
Structure 214: 6 4 3 1 10 9 2 
	-> 1 2 3 4 6 9 10 
Structure 215: 7 4 3 1 10 9 2 
	-> 1 2 3 4 7 9 10 
Structure 216: 6 4 3 1 10 5 2 
	-> 1 2 3 4 5 6 10 
Structure 217: 6 21 4 11 1 5 2 
	-> 1 2 4 5 6 11 
Structure 218: 7 4 3 1 5 2 
	-> 1 2 3 4 5 7 
Structure 219: 8 7 12 3 1 10 5 2 
	-> 1 2 3 5 7 8 10 
Structure 220: 8 7 15 11 1 10 5 2 
	-> 1 2 5 7 8 10 11 
Structure 221: 6 4 3 24 1 10 5 2 
	-> 1 2 3 4 5 6 10 
Structure 222: 6 4 11 1 5 2 
	-> 1 2 4 5 6 11 
Structure 223: 8 7 4 3 1 5 2 
	-> 1 2 3 4 5 7 8 
Structure 224: 6 27 19 3 1 5 2 
	-> 1 2 3 5 6 
Structure 225: 6 4 3 1 5 2 
	-> 1 2 3 4 5 6 
Structure 226: 8 7 12 3 1 9 2 
	-> 1 2 3 7 8 9 
Structure 227: 6 4 11 1 2 
	-> 1 2 4 6 11 
Structure 228: 7 14 13 11 1 5 2 
	-> 1 2 5 7 11 
Structure 229: 6 4 3 17 1 10 9 2 
	-> 1 2 3 4 6 9 10 
Structure 230: 6 4 3 1 5 2 
	-> 1 2 3 4 5 6 
Structure 231: 8 7 4 11 1 5 2 
	-> 1 2 4 5 7 8 11 
Structure 232: 8 7 15 11 1 5 2 
	-> 1 2 5 7 8 11 
Structure 233: 6 4 3 1 10 5 2 
	-> 1 2 3 4 5 6 10 
Structure 234: 8 7 12 3 1 10 5 2 
	-> 1 2 3 5 7 8 10 
Structure 235: 8 7 14 11 1 5 2 
	-> 1 2 5 7 8 11 
Structure 236: 6 4 3 1 10 5 2 
	-> 1 2 3 4 5 6 10 
Structure 237: 6 4 11 1 9 2 
	-> 1 2 4 6 9 11 
Structure 238: 8 7 14 11 1 5 2 
	-> 1 2 5 7 8 11 
Structure 239: 8 7 12 3 1 5 2 
	-> 1 2 3 5 7 8 
Structure 240: 6 4 3 1 10 5 2 
	-> 1 2 3 4 5 6 10 
Structure 241: 6 4 3 1 9 2 
	-> 1 2 3 4 6 9 
Structure 242: 6 4 13 11 1 9 2 
	-> 1 2 4 6 9 11 
Structure 243: 8 7 14 3 1 5 2 
	-> 1 2 3 5 7 8 
Structure 244: 6 4 3 1 9 2 
	-> 1 2 3 4 6 9 
Structure 245: 8 7 4 3 1 25 5 2 
	-> 1 2 3 4 5 7 8 
Structure 246: 6 4 13 11 1 10 5 2 
	-> 1 2 4 5 6 10 11 
Structure 247: 6 22 4 3 1 10 5 2 
	-> 1 2 3 4 5 6 10 
Structure 248: 8 7 14 3 24 1 26 5 2 
	-> 1 2 3 5 7 8 
Structure 249: 6 4 13 11 1 5 2 
	-> 1 2 4 5 6 11 
Structure 250: 6 4 3 1 5 2 
	-> 1 2 3 4 5 6 
Structure 251: 6 4 13 11 1 5 2 
	-> 1 2 4 5 6 11 
Structure 252: 8 7 15 11 1 5 2 
	-> 1 2 5 7 8 11 
Structure 253: 8 7 12 3 1 9 2 
	-> 1 2 3 7 8 9 
Structure 254: 8 7 15 13 11 1 9 2 
	-> 1 2 7 8 9 11 
Structure 255: 6 4 3 1 10 5 2 
	-> 1 2 3 4 5 6 10 
Structure 256: 6 4 13 11 1 5 2 
	-> 1 2 4 5 6 11 
Structure 257: 8 7 4 11 1 9 2 
	-> 1 2 4 7 8 9 11 
Structure 258: 8 7 15 13 11 1 9 2 
	-> 1 2 7 8 9 11 
Structure 259: 6 4 3 1 10 5 2 
	-> 1 2 3 4 5 6 10 
Structure 260: 6 4 3 1 5 2 
	-> 1 2 3 4 5 6 
Structure 261: 8 7 19 3 1 9 2 
	-> 1 2 3 7 8 9 
Structure 262: 6 4 3 1 5 2 
	-> 1 2 3 4 5 6 
Structure 263: 8 7 4 3 1 5 2 
	-> 1 2 3 4 5 7 8 
Structure 264: 8 7 14 13 11 1 5 2 
	-> 1 2 5 7 8 11 
Structure 265: 8 7 12 3 1 9 2 
	-> 1 2 3 7 8 9 
Structure 266: 6 4 3 1 5 2 
	-> 1 2 3 4 5 6 
Structure 267: 8 7 15 13 11 1 10 5 2 
	-> 1 2 5 7 8 10 11 
Structure 268: 6 4 3 1 9 2 
	-> 1 2 3 4 6 9 
Structure 269: 6 4 3 1 5 2 
	-> 1 2 3 4 5 6 
Structure 270: 6 4 3 1 20 2 
	-> 1 2 3 4 6 
Structure 271: 8 7 12 3 1 10 5 2 
	-> 1 2 3 5 7 8 10 
Structure 272: 8 7 14 3 1 5 2 
	-> 1 2 3 5 7 8 
Structure 273: 6 4 3 1 9 2 
	-> 1 2 3 4 6 9 
Structure 274: 6 4 3 1 2 
	-> 1 2 3 4 6 
Structure 275: 6 4 3 1 9 2 
	-> 1 2 3 4 6 9 
Structure 276: 8 7 12 3 1 9 2 
	-> 1 2 3 7 8 9 
Structure 277: 6 4 3 1 5 2 
	-> 1 2 3 4 5 6 
Structure 278: 6 4 3 1 5 2 
	-> 1 2 3 4 5 6 
Structure 279: 6 4 3 1 9 2 
	-> 1 2 3 4 6 9 
Structure 280: 8 7 12 3 1 5 2 
	-> 1 2 3 5 7 8 
Structure 281: 6 4 3 1 5 2 
	-> 1 2 3 4 5 6 
Structure 282: 8 7 4 3 1 2 
	-> 1 2 3 4 7 8 
Structure 283: 6 4 3 1 5 2 
	-> 1 2 3 4 5 6 
Structure 284: 6 4 11 1 9 2 
	-> 1 2 4 6 9 11 
Structure 285: 8 7 12 3 1 9 2 
	-> 1 2 3 7 8 9 
Structure 286: 6 4 3 1 5 2 
	-> 1 2 3 4 5 6 
Structure 287: 8 7 14 13 11 1 5 2 
	-> 1 2 5 7 8 11 
Structure 288: 6 4 3 1 9 2 
	-> 1 2 3 4 6 9 
Structure 289: 8 7 4 3 1 5 2 
	-> 1 2 3 4 5 7 8 
Structure 290: 18 8 7 15 13 11 1 5 2 
	-> 1 2 5 7 8 11 
Structure 291: 6 4 3 1 5 2 
	-> 1 2 3 4 5 6 
Structure 292: 6 4 3 1 10 5 2 
	-> 1 2 3 4 5 6 10 
Structure 293: 8 7 4 3 1 5 2 
	-> 1 2 3 4 5 7 8 
Structure 294: 6 4 3 1 9 2 
	-> 1 2 3 4 6 9 
Structure 295: 18 8 7 12 3 1 5 2 
	-> 1 2 3 5 7 8 
Structure 296: 8 7 4 3 1 5 2 
	-> 1 2 3 4 5 7 8 
Structure 297: 6 4 3 24 1 20 9 2 
	-> 1 2 3 4 6 9 
Structure 298: 8 7 14 16 1 10 5 2 
	-> 1 2 5 7 8 10 
Structure 299: 6 4 16 1 5 2 
	-> 1 2 4 5 6 
Structure 300: 8 7 15 13 11 1 5 2 
	-> 1 2 5 7 8 11 
Structure 301: 8 7 4 3 1 5 2 
	-> 1 2 3 4 5 7 8 
Structure 302: 8 7 4 3 1 5 2 
	-> 1 2 3 4 5 7 8 
Structure 303: 6 4 13 11 1 5 2 
	-> 1 2 4 5 6 11 
Structure 304: 8 7 12 3 1 5 2 
	-> 1 2 3 5 7 8 
Structure 305: 6 4 3 1 10 9 2 
	-> 1 2 3 4 6 9 10 
Structure 306: 7 14 11 1 5 2 
	-> 1 2 5 7 11 
Structure 307: 8 7 14 13 11 1 9 5 2 
	-> 1 2 5 7 8 9 11 
Structure 308: 6 4 13 11 1 10 5 2 
	-> 1 2 4 5 6 10 11 
Structure 309: 6 4 3 1 10 9 2 
	-> 1 2 3 4 6 9 10 
Structure 310: 18 8 7 4 11 1 5 2 
	-> 1 2 4 5 7 8 11 
Structure 311: 6 19 3 1 9 2 
	-> 1 2 3 6 9 
Structure 312: 6 27 19 3 1 5 2 
	-> 1 2 3 5 6 
Structure 313: 8 7 15 13 11 1 5 2 
	-> 1 2 5 7 8 11 
Structure 314: 8 7 4 3 1 10 5 2 
	-> 1 2 3 4 5 7 8 10 
Structure 315: 6 4 3 1 5 2 
	-> 1 2 3 4 5 6 
Structure 316: 6 4 3 1 9 2 
	-> 1 2 3 4 6 9 
Structure 317: 6 4 3 1 10 5 2 
	-> 1 2 3 4 5 6 10 
Structure 318: 6 4 3 1 5 2 
	-> 1 2 3 4 5 6 
Structure 319: 7 12 3 1 10 2 42 
	-> 1 2 3 7 10 
Structure 320: 6 4 3 1 2 
	-> 1 2 3 4 6 
Structure 321: 6 4 3 1 9 2 
	-> 1 2 3 4 6 9 
Structure 322: 8 7 14 11 1 5 2 
	-> 1 2 5 7 8 11 
Structure 323: 6 4 3 1 5 2 
	-> 1 2 3 4 5 6 
Structure 324: 6 4 3 1 10 9 2 
	-> 1 2 3 4 6 9 10 
Structure 325: 6 4 3 1 5 2 
	-> 1 2 3 4 5 6 
Structure 326: 8 7 4 11 1 10 43 2 
	-> 1 2 4 7 8 10 11 
Structure 327: 8 7 15 13 11 1 5 2 
	-> 1 2 5 7 8 11 
Structure 328: 6 4 3 1 9 44 23 
	-> 1 3 4 6 9 
Structure 329: 7 14 11 1 10 9 2 
	-> 1 2 7 9 10 11 
Structure 330: 6 4 3 45 1 5 2 
	-> 1 2 3 4 5 6 
Structure 331: 6 4 3 1 5 2 
	-> 1 2 3 4 5 6 
Structure 332: 6 21 4 3 1 9 2 
	-> 1 2 3 4 6 9 
Structure 333: 8 7 4 3 1 5 2 
	-> 1 2 3 4 5 7 8 
Structure 334: 8 7 14 13 11 1 5 2 
	-> 1 2 5 7 8 11 
Structure 335: 6 4 3 1 2 
	-> 1 2 3 4 6 
Structure 336: 6 4 3 1 5 2 
	-> 1 2 3 4 5 6 
Structure 337: 6 4 3 1 2 
	-> 1 2 3 4 6 
Structure 338: 6 4 3 1 10 5 2 
	-> 1 2 3 4 5 6 10 
Structure 339: 8 7 4 3 1 9 2 
	-> 1 2 3 4 7 8 9 
Structure 340: 18 8 7 4 3 1 20 5 2 
	-> 1 2 3 4 5 7 8 
Structure 341: 8 7 12 3 1 10 9 2 
	-> 1 2 3 7 8 9 10 
Structure 342: 6 4 3 1 9 2 
	-> 1 2 3 4 6 9 
Structure 343: 6 4 3 1 9 2 
	-> 1 2 3 4 6 9 
Structure 344: 18 7 4 3 1 2 
	-> 1 2 3 4 7 
Structure 345: 6 4 3 1 5 2 
	-> 1 2 3 4 5 6 
Structure 346: 8 7 4 3 1 5 2 
	-> 1 2 3 4 5 7 8 
Structure 347: 6 4 3 1 5 2 
	-> 1 2 3 4 5 6 
Structure 348: 6 4 3 1 2 
	-> 1 2 3 4 6 
Structure 349: 8 7 15 13 11 1 5 2 
	-> 1 2 5 7 8 11 
Structure 350: 6 4 3 1 5 2 
	-> 1 2 3 4 5 6 
Structure 351: 6 4 3 1 5 2 
	-> 1 2 3 4 5 6 
Structure 352: 6 4 3 1 9 2 
	-> 1 2 3 4 6 9 
Structure 353: 8 7 4 3 1 5 2 
	-> 1 2 3 4 5 7 8 
Structure 354: 6 4 3 1 9 2 
	-> 1 2 3 4 6 9 
Structure 355: 8 7 14 13 16 1 5 2 
	-> 1 2 5 7 8 
Structure 356: 8 7 4 3 1 9 2 
	-> 1 2 3 4 7 8 9 
Structure 357: 8 7 4 11 1 2 
	-> 1 2 4 7 8 11 
Structure 358: 6 4 3 1 5 2 
	-> 1 2 3 4 5 6 
Structure 359: 8 7 4 13 11 1 5 2 
	-> 1 2 4 5 7 8 11 
Structure 360: 6 12 3 1 5 2 
	-> 1 2 3 5 6 
Structure 361: 8 7 4 11 1 10 9 2 
	-> 1 2 4 7 8 9 10 11 
Structure 362: 6 4 3 1 10 9 2 
	-> 1 2 3 4 6 9 10 
Structure 363: 8 7 12 3 1 5 2 
	-> 1 2 3 5 7 8 
Structure 364: 8 7 4 3 1 5 2 
	-> 1 2 3 4 5 7 8 
Structure 365: 6 4 13 16 1 5 2 
	-> 1 2 4 5 6 
Structure 366: 6 4 3 17 1 5 2 
	-> 1 2 3 4 5 6 
Structure 367: 6 4 16 1 10 9 2 
	-> 1 2 4 6 9 10 
Structure 368: 6 4 3 1 10 5 2 
	-> 1 2 3 4 5 6 10 
Structure 369: 8 7 12 3 1 9 5 2 
	-> 1 2 3 5 7 8 9 
Structure 370: 8 7 4 3 1 10 5 2 
	-> 1 2 3 4 5 7 8 10 
Structure 371: 6 4 3 1 5 2 
	-> 1 2 3 4 5 6 
Structure 372: 6 4 3 1 5 2 
	-> 1 2 3 4 5 6 
Structure 373: 6 21 4 3 1 10 5 2 
	-> 1 2 3 4 5 6 10 
Structure 374: 7 4 3 1 10 5 2 
	-> 1 2 3 4 5 7 10 
Structure 375: 8 7 4 13 11 1 9 2 
	-> 1 2 4 7 8 9 11 
Structure 376: 6 4 3 1 9 2 
	-> 1 2 3 4 6 9 
Structure 377: 8 7 12 3 1 5 2 
	-> 1 2 3 5 7 8 
Structure 378: 6 4 3 1 5 2 
	-> 1 2 3 4 5 6 
Structure 379: 8 7 15 13 11 1 9 2 
	-> 1 2 7 8 9 11 
Structure 380: 6 4 3 1 5 2 
	-> 1 2 3 4 5 6 
Structure 381: 6 4 3 1 30 9 23 
	-> 1 3 4 6 9 
Structure 382: 7 4 3 1 2 
	-> 1 2 3 4 7 
Structure 383: 6 4 11 1 10 5 2 
	-> 1 2 4 5 6 10 11 
Structure 384: 6 4 13 11 1 9 2 46 
	-> 1 2 4 6 9 11 
Structure 385: 6 4 3 1 5 2 
	-> 1 2 3 4 5 6 
Structure 386: 8 7 19 3 1 25 5 2 
	-> 1 2 3 5 7 8 
Structure 387: 6 4 3 1 2 
	-> 1 2 3 4 6 
Structure 388: 6 12 3 1 9 2 
	-> 1 2 3 6 9 
Structure 389: 6 4 12 11 1 5 2 
	-> 1 2 4 5 6 11 
Structure 390: 18 8 7 4 3 1 10 25 5 2 
	-> 1 2 3 4 5 7 8 10 
Structure 391: 6 4 3 1 20 5 2 
	-> 1 2 3 4 5 6 
Structure 392: 8 7 15 13 11 1 9 2 
	-> 1 2 7 8 9 11 
Structure 393: 6 4 3 1 5 2 
	-> 1 2 3 4 5 6 
Structure 394: 6 4 3 1 5 2 
	-> 1 2 3 4 5 6 
Structure 395: 8 7 4 3 1 10 5 2 
	-> 1 2 3 4 5 7 8 10 
Structure 396: 6 4 3 1 5 2 
	-> 1 2 3 4 5 6 
Structure 397: 6 4 3 1 10 9 2 
	-> 1 2 3 4 6 9 10 
Structure 398: 18 8 7 12 3 17 1 5 2 
	-> 1 2 3 5 7 8 
Structure 399: 6 4 3 1 9 2 
	-> 1 2 3 4 6 9 
Structure 400: 6 4 3 1 5 2 
	-> 1 2 3 4 5 6 
Structure 401: 6 4 3 1 5 2 
	-> 1 2 3 4 5 6 
Structure 402: 8 7 12 11 1 5 2 
	-> 1 2 5 7 8 11 
Structure 403: 6 4 3 1 9 2 
	-> 1 2 3 4 6 9 
Structure 404: 6 4 16 1 2 
	-> 1 2 4 6 
Structure 405: 8 7 4 3 17 1 9 2 
	-> 1 2 3 4 7 8 9 
Structure 406: 6 12 3 1 5 2 
	-> 1 2 3 5 6 
Structure 407: 6 4 11 1 5 2 
	-> 1 2 4 5 6 11 
Structure 408: 6 4 3 1 10 5 2 
	-> 1 2 3 4 5 6 10 
Structure 409: 8 7 15 3 1 9 2 
	-> 1 2 3 7 8 9 
Structure 410: 8 7 4 3 1 9 2 
	-> 1 2 3 4 7 8 9 
Structure 411: 6 4 3 1 9 2 
	-> 1 2 3 4 6 9 
Structure 412: 8 7 15 13 11 1 5 2 
	-> 1 2 5 7 8 11 
Structure 413: 6 4 13 11 1 5 2 
	-> 1 2 4 5 6 11 
Structure 414: 6 4 3 1 5 2 
	-> 1 2 3 4 5 6 
Structure 415: 6 4 3 1 10 5 2 
	-> 1 2 3 4 5 6 10 
Structure 416: 8 7 19 3 1 5 2 
	-> 1 2 3 5 7 8 
Structure 417: 8 7 12 3 1 9 2 
	-> 1 2 3 7 8 9 
Structure 418: 8 7 15 13 11 1 5 2 
	-> 1 2 5 7 8 11 
Structure 419: 8 7 14 11 1 2 
	-> 1 2 7 8 11 
Structure 420: 6 4 33 1 5 2 
	-> 1 2 4 5 6 
Structure 421: 8 7 4 3 1 9 2 
	-> 1 2 3 4 7 8 9 
Structure 422: 18 8 7 4 3 1 20 5 2 
	-> 1 2 3 4 5 7 8 
Structure 423: 6 4 3 1 10 5 2 
	-> 1 2 3 4 5 6 10 
Structure 424: 6 4 3 1 9 2 
	-> 1 2 3 4 6 9 
Structure 425: 6 4 11 1 5 2 
	-> 1 2 4 5 6 11 
Structure 426: 6 4 3 1 9 2 
	-> 1 2 3 4 6 9 
Structure 427: 6 4 3 1 10 9 2 
	-> 1 2 3 4 6 9 10 
Structure 428: 8 7 14 16 1 5 2 
	-> 1 2 5 7 8 
Structure 429: 8 7 15 13 11 1 5 2 
	-> 1 2 5 7 8 11 
Structure 430: 8 7 12 3 1 2 
	-> 1 2 3 7 8 
Structure 431: 8 7 14 11 1 10 9 2 
	-> 1 2 7 8 9 10 11 
Structure 432: 8 7 14 13 11 1 9 2 
	-> 1 2 7 8 9 11 
Structure 433: 8 7 4 3 1 5 2 
	-> 1 2 3 4 5 7 8 
Structure 434: 6 4 3 1 5 2 
	-> 1 2 3 4 5 6 
Structure 435: 6 4 3 1 9 2 
	-> 1 2 3 4 6 9 
Structure 436: 6 4 3 1 9 2 
	-> 1 2 3 4 6 9 
Structure 437: 6 21 4 3 1 5 2 
	-> 1 2 3 4 5 6 
Structure 438: 8 7 12 3 1 5 2 
	-> 1 2 3 5 7 8 
Structure 439: 6 4 3 1 10 5 2 
	-> 1 2 3 4 5 6 10 
Structure 440: 8 7 15 13 11 1 10 5 2 
	-> 1 2 5 7 8 10 11 
Structure 441: 8 7 14 3 1 5 2 
	-> 1 2 3 5 7 8 
Structure 442: 6 4 3 1 9 2 
	-> 1 2 3 4 6 9 
Structure 443: 6 4 3 1 5 2 
	-> 1 2 3 4 5 6 
Structure 444: 6 4 3 1 5 2 
	-> 1 2 3 4 5 6 
Structure 445: 6 4 11 1 9 2 
	-> 1 2 4 6 9 11 
Structure 446: 6 12 3 1 20 5 2 
	-> 1 2 3 5 6 
Structure 447: 6 4 3 1 5 2 
	-> 1 2 3 4 5 6 
Structure 448: 18 8 7 14 11 1 10 5 2 
	-> 1 2 5 7 8 10 11 
Structure 449: 8 7 14 11 1 10 5 2 
	-> 1 2 5 7 8 10 11 
Structure 450: 6 4 3 1 5 2 
	-> 1 2 3 4 5 6 
Structure 451: 6 4 3 1 5 2 
	-> 1 2 3 4 5 6 
Structure 452: 8 7 14 3 1 9 2 
	-> 1 2 3 7 8 9 
Structure 453: 6 4 13 11 1 5 2 
	-> 1 2 4 5 6 11 
Structure 454: 8 7 12 3 1 10 5 2 
	-> 1 2 3 5 7 8 10 
Structure 455: 6 4 11 1 10 9 2 
	-> 1 2 4 6 9 10 11 
Structure 456: 8 7 4 3 1 25 5 2 
	-> 1 2 3 4 5 7 8 
Structure 457: 6 4 3 1 5 2 
	-> 1 2 3 4 5 6 
Structure 458: 8 7 4 3 1 5 2 
	-> 1 2 3 4 5 7 8 
Structure 459: 6 4 11 1 5 2 
	-> 1 2 4 5 6 11 
Structure 460: 6 4 3 1 10 9 2 
	-> 1 2 3 4 6 9 10 
Structure 461: 34 8 7 4 3 1 5 2 
	-> 1 2 3 4 5 7 8 
Structure 462: 6 4 3 1 5 2 
	-> 1 2 3 4 5 6 
Structure 463: 6 27 19 3 1 9 2 
	-> 1 2 3 6 9 
Structure 464: 6 22 4 3 1 10 5 2 
	-> 1 2 3 4 5 6 10 
Structure 465: 8 7 4 3 1 5 2 
	-> 1 2 3 4 5 7 8 
Structure 466: 8 7 19 3 1 20 5 2 
	-> 1 2 3 5 7 8 
Structure 467: 6 4 3 1 10 5 2 
	-> 1 2 3 4 5 6 10 
Structure 468: 8 7 14 11 1 10 5 2 
	-> 1 2 5 7 8 10 11 
Structure 469: 6 4 3 1 5 2 
	-> 1 2 3 4 5 6 
Structure 470: 6 4 12 3 1 5 2 
	-> 1 2 3 4 5 6 
Structure 471: 6 4 13 11 1 10 5 2 
	-> 1 2 4 5 6 10 11 
Structure 472: 6 4 3 1 5 2 
	-> 1 2 3 4 5 6 
Structure 473: 6 4 3 1 10 9 2 
	-> 1 2 3 4 6 9 10 
Structure 474: 7 4 3 1 5 2 
	-> 1 2 3 4 5 7 
Structure 475: 6 4 3 1 10 5 2 
	-> 1 2 3 4 5 6 10 
Structure 476: 6 21 4 3 1 5 2 
	-> 1 2 3 4 5 6 
Structure 477: 6 4 3 1 5 2 
	-> 1 2 3 4 5 6 
Structure 478: 8 7 4 11 1 9 2 
	-> 1 2 4 7 8 9 11 
Structure 479: 6 4 3 1 5 2 
	-> 1 2 3 4 5 6 
Structure 480: 8 7 4 3 1 9 2 
	-> 1 2 3 4 7 8 9 
Structure 481: 8 7 15 13 11 1 10 5 2 
	-> 1 2 5 7 8 10 11 
Structure 482: 6 4 3 1 5 2 
	-> 1 2 3 4 5 6 
Structure 483: 6 4 3 1 5 2 
	-> 1 2 3 4 5 6 
Structure 484: 6 4 3 1 5 2 
	-> 1 2 3 4 5 6 
Structure 485: 6 4 11 1 5 2 
	-> 1 2 4 5 6 11 
Structure 486: 8 7 15 13 11 1 5 2 
	-> 1 2 5 7 8 11 
Structure 487: 6 4 3 1 9 2 
	-> 1 2 3 4 6 9 
Structure 488: 6 4 3 1 9 2 
	-> 1 2 3 4 6 9 
Structure 489: 8 7 4 3 1 5 2 
	-> 1 2 3 4 5 7 8 
Structure 490: 6 4 3 1 10 9 2 
	-> 1 2 3 4 6 9 10 
Structure 491: 6 4 3 1 10 5 2 
	-> 1 2 3 4 5 6 10 
Structure 492: 8 7 4 3 1 5 2 
	-> 1 2 3 4 5 7 8 
Structure 493: 6 4 3 1 5 2 
	-> 1 2 3 4 5 6 
Structure 494: 6 4 3 1 9 2 
	-> 1 2 3 4 6 9 
Structure 495: 6 4 1 5 2 
	-> 1 2 4 5 6 
Structure 496: 8 7 14 11 1 10 5 2 
	-> 1 2 5 7 8 10 11 
Structure 497: 6 4 3 1 10 5 2 
	-> 1 2 3 4 5 6 10 
Structure 498: 6 21 4 3 1 20 9 2 
	-> 1 2 3 4 6 9 
Structure 499: 6 4 3 1 5 2 
	-> 1 2 3 4 5 6 
Structure 500: 8 7 14 11 1 10 5 2 
	-> 1 2 5 7 8 10 11 
Structure 501: 6 4 3 1 5 2 
	-> 1 2 3 4 5 6 
Structure 502: 6 4 3 1 10 5 2 
	-> 1 2 3 4 5 6 10 
Structure 503: 6 4 3 1 5 2 
	-> 1 2 3 4 5 6 
Structure 504: 6 4 3 1 5 2 
	-> 1 2 3 4 5 6 
Structure 505: 6 4 13 11 1 5 2 
	-> 1 2 4 5 6 11 
Structure 506: 6 4 3 1 5 2 
	-> 1 2 3 4 5 6 
Structure 507: 6 4 3 1 5 2 
	-> 1 2 3 4 5 6 
Structure 508: 6 4 3 1 2 
	-> 1 2 3 4 6 
Structure 509: 6 4 3 1 5 2 
	-> 1 2 3 4 5 6 
Structure 510: 6 4 3 1 5 2 
	-> 1 2 3 4 5 6 
Structure 511: 6 4 3 1 5 2 
	-> 1 2 3 4 5 6 
Structure 512: 6 4 3 1 5 2 
	-> 1 2 3 4 5 6 
Structure 513: 6 4 3 1 10 5 2 
	-> 1 2 3 4 5 6 10 
Structure 514: 8 7 15 11 1 5 2 
	-> 1 2 5 7 8 11 
Structure 515: 6 4 3 1 9 2 
	-> 1 2 3 4 6 9 
Structure 516: 6 4 3 1 5 2 
	-> 1 2 3 4 5 6 
Structure 517: 6 4 3 1 10 5 2 
	-> 1 2 3 4 5 6 10 
Structure 518: 6 31 4 3 1 2 
	-> 1 2 3 4 6 
Structure 519: 6 4 3 1 5 2 
	-> 1 2 3 4 5 6 
Structure 520: 6 4 33 16 17 1 10 5 2 
	-> 1 2 4 5 6 10 
Structure 521: 6 27 12 3 1 10 2 
	-> 1 2 3 6 10 
Structure 522: 6 4 3 24 1 5 2 
	-> 1 2 3 4 5 6 
Structure 523: 8 7 12 16 1 5 2 
	-> 1 2 5 7 8 
Structure 524: 6 4 3 1 9 2 
	-> 1 2 3 4 6 9 
Structure 525: 8 7 14 13 11 1 10 5 2 47 
	-> 1 2 5 7 8 10 11 
Structure 526: 8 7 4 3 1 2 
	-> 1 2 3 4 7 8 
Structure 527: 8 7 12 3 1 9 2 
	-> 1 2 3 7 8 9 
Structure 528: 8 7 12 3 1 5 2 
	-> 1 2 3 5 7 8 
Structure 529: 8 7 19 3 1 10 5 2 
	-> 1 2 3 5 7 8 10 
Structure 530: 8 7 12 3 1 9 2 
	-> 1 2 3 7 8 9 
Structure 531: 8 7 12 3 1 26 5 2 
	-> 1 2 3 5 7 8 
Structure 532: 6 4 3 1 9 2 
	-> 1 2 3 4 6 9 
Structure 533: 6 4 3 1 10 5 2 
	-> 1 2 3 4 5 6 10 
Structure 534: 8 7 12 11 29 1 5 2 
	-> 1 2 5 7 8 11 
Structure 535: 8 7 14 11 17 1 5 2 
	-> 1 2 5 7 8 11 
Structure 536: 7 14 11 1 10 5 2 
	-> 1 2 5 7 10 11 
Structure 537: 6 4 3 1 5 2 
	-> 1 2 3 4 5 6 
Structure 538: 6 4 3 1 5 2 
	-> 1 2 3 4 5 6 
Structure 539: 8 7 15 13 11 1 10 5 2 
	-> 1 2 5 7 8 10 11 
Structure 540: 6 4 3 1 5 2 
	-> 1 2 3 4 5 6 
Structure 541: 6 4 3 1 5 2 
	-> 1 2 3 4 5 6 
Structure 542: 6 4 3 1 5 2 
	-> 1 2 3 4 5 6 
Structure 543: 8 7 4 3 1 5 2 
	-> 1 2 3 4 5 7 8 
Structure 544: 8 7 4 3 1 5 2 
	-> 1 2 3 4 5 7 8 
Structure 545: 6 4 3 1 9 2 
	-> 1 2 3 4 6 9 
Structure 546: 6 21 4 3 1 9 2 
	-> 1 2 3 4 6 9 
Structure 547: 8 7 12 3 1 5 2 
	-> 1 2 3 5 7 8 
Structure 548: 6 4 3 1 10 5 2 
	-> 1 2 3 4 5 6 10 
Structure 549: 6 4 3 29 1 10 2 
	-> 1 2 3 4 6 10 
Structure 550: 6 4 3 1 10 9 2 
	-> 1 2 3 4 6 9 10 
Structure 551: 6 4 3 1 9 2 
	-> 1 2 3 4 6 9 
Structure 552: 8 7 4 3 1 5 2 
	-> 1 2 3 4 5 7 8 
Structure 553: 6 4 3 1 5 2 
	-> 1 2 3 4 5 6 
Structure 554: 8 7 15 11 1 5 2 
	-> 1 2 5 7 8 11 
Structure 555: 6 4 3 1 10 5 2 
	-> 1 2 3 4 5 6 10 
Structure 556: 8 7 19 3 1 5 2 
	-> 1 2 3 5 7 8 
Structure 557: 6 4 3 17 1 5 2 
	-> 1 2 3 4 5 6 
Structure 558: 6 4 11 1 5 2 
	-> 1 2 4 5 6 11 
Structure 559: 8 7 4 11 1 30 2 
	-> 1 2 4 7 8 11 
Structure 560: 6 4 3 1 5 2 
	-> 1 2 3 4 5 6 
Structure 561: 6 4 3 1 9 2 
	-> 1 2 3 4 6 9 
Structure 562: 6 4 3 17 1 2 
	-> 1 2 3 4 6 
Structure 563: 6 4 3 1 10 2 
	-> 1 2 3 4 6 10 
Structure 564: 6 4 3 1 5 2 
	-> 1 2 3 4 5 6 
Structure 565: 6 4 3 1 5 2 
	-> 1 2 3 4 5 6 
Structure 566: 6 22 4 3 1 9 2 
	-> 1 2 3 4 6 9 
Structure 567: 8 7 15 13 11 1 5 2 
	-> 1 2 5 7 8 11 
Structure 568: 6 22 4 3 1 5 2 
	-> 1 2 3 4 5 6 
Structure 569: 6 4 3 1 5 2 
	-> 1 2 3 4 5 6 
Structure 570: 6 22 4 3 1 5 2 
	-> 1 2 3 4 5 6 
Structure 571: 6 4 3 1 5 2 
	-> 1 2 3 4 5 6 
Structure 572: 8 7 12 3 1 5 2 
	-> 1 2 3 5 7 8 
Structure 573: 6 4 3 24 1 5 2 
	-> 1 2 3 4 5 6 
Structure 574: 6 4 3 1 9 2 
	-> 1 2 3 4 6 9 
Structure 575: 6 4 3 1 9 2 
	-> 1 2 3 4 6 9 
Structure 576: 6 48 4 3 1 2 
	-> 1 2 3 4 6 
Structure 577: 6 4 3 1 5 2 
	-> 1 2 3 4 5 6 
Structure 578: 6 4 3 1 10 5 2 
	-> 1 2 3 4 5 6 10 
Structure 579: 8 7 4 3 1 20 5 2 
	-> 1 2 3 4 5 7 8 
Structure 580: 6 4 3 1 5 2 
	-> 1 2 3 4 5 6 
Structure 581: 6 4 3 1 5 2 
	-> 1 2 3 4 5 6 
Structure 582: 6 4 11 1 5 2 
	-> 1 2 4 5 6 11 
Structure 583: 8 7 12 3 1 5 2 
	-> 1 2 3 5 7 8 
Structure 584: 6 4 3 1 10 5 2 
	-> 1 2 3 4 5 6 10 
Structure 585: 6 4 11 1 5 2 
	-> 1 2 4 5 6 11 
Structure 586: 6 4 3 1 10 5 2 
	-> 1 2 3 4 5 6 10 
Structure 587: 6 4 3 1 9 2 
	-> 1 2 3 4 6 9 
Structure 588: 8 7 14 3 1 5 2 
	-> 1 2 3 5 7 8 
Structure 589: 8 7 4 3 1 9 2 
	-> 1 2 3 4 7 8 9 
Structure 590: 6 4 3 1 10 5 2 
	-> 1 2 3 4 5 6 10 
Structure 591: 6 4 3 1 20 5 2 
	-> 1 2 3 4 5 6 
Structure 592: 6 4 3 1 5 2 
	-> 1 2 3 4 5 6 
Structure 593: 6 22 4 3 1 10 5 2 
	-> 1 2 3 4 5 6 10 
Structure 594: 6 4 3 1 2 
	-> 1 2 3 4 6 
Structure 595: 6 4 3 1 9 2 
	-> 1 2 3 4 6 9 
Structure 596: 8 7 12 3 1 10 5 2 
	-> 1 2 3 5 7 8 10 
Structure 597: 6 4 3 1 5 2 
	-> 1 2 3 4 5 6 
Structure 598: 8 7 12 3 1 10 5 2 
	-> 1 2 3 5 7 8 10 
Structure 599: 6 4 3 1 5 2 
	-> 1 2 3 4 5 6 
Structure 600: 6 4 3 1 9 2 
	-> 1 2 3 4 6 9 
Structure 601: 6 4 3 1 5 2 
	-> 1 2 3 4 5 6 
Structure 602: 6 4 3 1 2 
	-> 1 2 3 4 6 
Structure 603: 18 8 7 14 11 1 5 2 
	-> 1 2 5 7 8 11 
Structure 604: 8 7 4 3 1 5 2 
	-> 1 2 3 4 5 7 8 
Structure 605: 8 7 12 3 1 5 2 
	-> 1 2 3 5 7 8 
Structure 606: 8 7 15 11 1 9 2 
	-> 1 2 7 8 9 11 
Structure 607: 6 4 3 1 5 2 
	-> 1 2 3 4 5 6 
Structure 608: 6 4 33 1 9 2 
	-> 1 2 4 6 9 
Structure 609: 6 4 3 1 5 2 
	-> 1 2 3 4 5 6 
Structure 610: 6 4 3 1 5 2 
	-> 1 2 3 4 5 6 
Structure 611: 8 7 4 3 1 10 5 23 
	-> 1 3 4 5 7 8 10 
Structure 612: 6 4 3 1 5 2 
	-> 1 2 3 4 5 6 
Structure 613: 8 7 4 3 17 1 5 2 
	-> 1 2 3 4 5 7 8 
Structure 614: 18 8 7 4 3 1 5 2 
	-> 1 2 3 4 5 7 8 
Structure 615: 6 22 4 13 11 1 5 2 
	-> 1 2 4 5 6 11 
Structure 616: 8 7 19 3 1 5 2 
	-> 1 2 3 5 7 8 
Structure 617: 6 4 3 1 10 9 2 
	-> 1 2 3 4 6 9 10 
Structure 618: 8 7 4 3 1 25 5 2 
	-> 1 2 3 4 5 7 8 
Structure 619: 8 7 15 13 16 1 5 2 
	-> 1 2 5 7 8 
Structure 620: 6 7 15 11 1 5 2 
	-> 1 2 5 6 7 11 
Structure 621: 8 7 14 11 1 10 5 2 
	-> 1 2 5 7 8 10 11 
Structure 622: 6 4 3 1 5 2 
	-> 1 2 3 4 5 6 
Structure 623: 6 14 13 16 1 5 2 
	-> 1 2 5 6 
Structure 624: 8 7 12 3 1 5 2 
	-> 1 2 3 5 7 8 
Structure 625: 6 4 3 1 5 2 
	-> 1 2 3 4 5 6 
Structure 626: 6 4 3 1 5 2 
	-> 1 2 3 4 5 6 
Structure 627: 8 7 4 3 1 5 2 
	-> 1 2 3 4 5 7 8 
Structure 628: 6 4 3 1 5 2 
	-> 1 2 3 4 5 6 
Structure 629: 6 22 4 11 1 5 2 
	-> 1 2 4 5 6 11 
Structure 630: 8 7 4 3 1 5 2 
	-> 1 2 3 4 5 7 8 
Structure 631: 8 7 15 13 11 1 5 2 
	-> 1 2 5 7 8 11 
Structure 632: 6 4 3 1 5 2 
	-> 1 2 3 4 5 6 
Structure 633: 8 7 15 13 11 1 10 5 2 
	-> 1 2 5 7 8 10 11 
Structure 634: 6 4 3 1 10 9 2 
	-> 1 2 3 4 6 9 10 
Structure 635: 6 4 3 1 5 2 
	-> 1 2 3 4 5 6 
Structure 636: 6 4 3 1 10 9 2 
	-> 1 2 3 4 6 9 10 
Structure 637: 6 4 3 1 10 5 2 
	-> 1 2 3 4 5 6 10 
Structure 638: 7 12 3 1 10 9 2 
	-> 1 2 3 7 9 10 
Structure 639: 6 4 3 1 5 2 
	-> 1 2 3 4 5 6 
Structure 640: 8 7 4 3 17 1 5 2 
	-> 1 2 3 4 5 7 8 
Structure 641: 8 7 12 3 1 2 
	-> 1 2 3 7 8 
Structure 642: 6 4 3 1 5 2 
	-> 1 2 3 4 5 6 
Structure 643: 8 7 12 3 1 5 2 
	-> 1 2 3 5 7 8 
Structure 644: 18 7 14 11 1 9 2 
	-> 1 2 7 9 11 
Structure 645: 6 4 3 1 5 2 
	-> 1 2 3 4 5 6 
Structure 646: 6 4 3 1 5 2 
	-> 1 2 3 4 5 6 
Structure 647: 8 7 14 13 11 1 5 2 
	-> 1 2 5 7 8 11 
Structure 648: 8 7 4 3 1 5 2 
	-> 1 2 3 4 5 7 8 
Structure 649: 8 7 14 3 24 1 5 2 
	-> 1 2 3 5 7 8 
Structure 650: 8 7 4 3 1 5 2 
	-> 1 2 3 4 5 7 8 
Structure 651: 6 4 3 1 5 2 
	-> 1 2 3 4 5 6 
Structure 652: 6 4 3 1 5 2 
	-> 1 2 3 4 5 6 
Structure 653: 6 4 3 1 5 2 
	-> 1 2 3 4 5 6 
Structure 654: 6 22 4 3 1 9 2 
	-> 1 2 3 4 6 9 
Structure 655: 6 4 3 1 5 2 
	-> 1 2 3 4 5 6 
Structure 656: 8 7 14 3 1 9 2 
	-> 1 2 3 7 8 9 
Structure 657: 8 7 12 3 1 5 2 
	-> 1 2 3 5 7 8 
Structure 658: 6 4 3 1 5 2 
	-> 1 2 3 4 5 6 
Structure 659: 6 4 3 1 5 2 
	-> 1 2 3 4 5 6 
Structure 660: 6 4 3 1 10 5 2 
	-> 1 2 3 4 5 6 10 
Structure 661: 8 7 14 11 1 9 2 
	-> 1 2 7 8 9 11 
Structure 662: 6 4 3 1 10 5 2 
	-> 1 2 3 4 5 6 10 
Structure 663: 6 4 11 1 26 9 2 
	-> 1 2 4 6 9 11 
Structure 664: 6 4 3 1 5 2 
	-> 1 2 3 4 5 6 
Structure 665: 8 7 15 11 1 9 2 
	-> 1 2 7 8 9 11 
Structure 666: 6 4 3 1 9 2 
	-> 1 2 3 4 6 9 
Structure 667: 6 4 3 1 10 5 2 
	-> 1 2 3 4 5 6 10 
Structure 668: 6 4 3 1 10 5 2 
	-> 1 2 3 4 5 6 10 
Structure 669: 6 4 3 1 5 2 
	-> 1 2 3 4 5 6 
Structure 670: 6 4 13 11 1 9 2 
	-> 1 2 4 6 9 11 
Structure 671: 8 7 14 16 1 10 5 2 
	-> 1 2 5 7 8 10 
Structure 672: 6 4 3 1 10 5 2 
	-> 1 2 3 4 5 6 10 
Structure 673: 8 7 12 16 1 10 5 2 
	-> 1 2 5 7 8 10 
Structure 674: 6 4 3 1 2 
	-> 1 2 3 4 6 
Structure 675: 6 4 3 1 5 2 
	-> 1 2 3 4 5 6 
Structure 676: 6 4 3 1 9 2 
	-> 1 2 3 4 6 9 
Structure 677: 6 4 3 29 1 5 2 
	-> 1 2 3 4 5 6 
Structure 678: 8 7 4 11 1 10 5 2 
	-> 1 2 4 5 7 8 10 11 
Structure 679: 6 4 3 1 9 23 
	-> 1 3 4 6 9 
Structure 680: 6 4 3 1 5 2 
	-> 1 2 3 4 5 6 
Structure 681: 6 4 3 1 5 2 
	-> 1 2 3 4 5 6 
Structure 682: 6 4 3 1 10 5 2 
	-> 1 2 3 4 5 6 10 
Structure 683: 6 4 3 1 9 2 
	-> 1 2 3 4 6 9 
Structure 684: 6 4 3 1 10 9 2 
	-> 1 2 3 4 6 9 10 
Structure 685: 8 7 12 3 17 1 10 5 2 
	-> 1 2 3 5 7 8 10 
Structure 686: 6 4 3 1 9 2 
	-> 1 2 3 4 6 9 
Structure 687: 6 4 3 1 10 9 2 
	-> 1 2 3 4 6 9 10 
Structure 688: 6 4 16 1 10 5 2 
	-> 1 2 4 5 6 10 
Structure 689: 6 4 3 1 9 2 
	-> 1 2 3 4 6 9 
Structure 690: 6 4 3 1 5 2 
	-> 1 2 3 4 5 6 
Structure 691: 6 4 3 1 10 9 2 
	-> 1 2 3 4 6 9 10 
Structure 692: 6 4 3 1 5 2 
	-> 1 2 3 4 5 6 
Structure 693: 8 7 4 11 1 5 2 
	-> 1 2 4 5 7 8 11 
Structure 694: 6 4 3 24 1 5 2 
	-> 1 2 3 4 5 6 
Structure 695: 8 7 4 3 1 25 5 2 
	-> 1 2 3 4 5 7 8 
Structure 696: 8 7 4 3 1 9 2 
	-> 1 2 3 4 7 8 9 
Structure 697: 8 7 15 49 11 1 10 5 2 
	-> 1 2 5 7 8 10 11 
Structure 698: 7 12 3 1 5 2 
	-> 1 2 3 5 7 
Structure 699: 8 7 12 3 1 2 
	-> 1 2 3 7 8 
Structure 700: 6 4 3 1 5 2 
	-> 1 2 3 4 5 6 
Structure 701: 8 7 14 11 1 9 2 
	-> 1 2 7 8 9 11 
Structure 702: 18 8 7 12 3 1 9 2 
	-> 1 2 3 7 8 9 
Structure 703: 6 4 3 1 5 2 
	-> 1 2 3 4 5 6 
Structure 704: 6 4 3 1 20 9 2 
	-> 1 2 3 4 6 9 
Structure 705: 6 4 50 3 1 5 2 
	-> 1 2 3 4 5 6 
Structure 706: 6 4 3 1 5 2 
	-> 1 2 3 4 5 6 
Structure 707: 6 4 3 1 9 2 
	-> 1 2 3 4 6 9 
Structure 708: 6 4 3 1 5 2 
	-> 1 2 3 4 5 6 
Structure 709: 6 4 11 1 5 2 
	-> 1 2 4 5 6 11 
Structure 710: 6 4 3 1 9 23 
	-> 1 3 4 6 9 
Structure 711: 6 4 3 1 9 2 
	-> 1 2 3 4 6 9 
Structure 712: 6 4 3 1 9 2 
	-> 1 2 3 4 6 9 
Structure 713: 8 7 14 13 11 1 5 2 
	-> 1 2 5 7 8 11 
Structure 714: 6 4 3 1 5 2 
	-> 1 2 3 4 5 6 
Structure 715: 6 4 11 1 10 5 2 
	-> 1 2 4 5 6 10 11 
Structure 716: 6 4 11 1 5 2 
	-> 1 2 4 5 6 11 
Structure 717: 6 4 3 1 9 2 
	-> 1 2 3 4 6 9 
Structure 718: 6 4 3 1 9 2 
	-> 1 2 3 4 6 9 
Structure 719: 8 7 4 3 1 5 2 
	-> 1 2 3 4 5 7 8 
Structure 720: 6 4 3 1 20 9 2 
	-> 1 2 3 4 6 9 
Structure 721: 6 4 3 1 5 2 
	-> 1 2 3 4 5 6 
Structure 722: 8 7 12 11 1 5 2 
	-> 1 2 5 7 8 11 
Structure 723: 8 7 4 3 1 10 5 2 
	-> 1 2 3 4 5 7 8 10 
Structure 724: 6 4 3 1 9 2 
	-> 1 2 3 4 6 9 
Structure 725: 8 7 4 3 1 9 2 
	-> 1 2 3 4 7 8 9 
Structure 726: 6 4 3 1 10 9 2 
	-> 1 2 3 4 6 9 10 
Structure 727: 6 4 3 1 9 2 
	-> 1 2 3 4 6 9 
Structure 728: 8 7 15 13 11 1 5 2 
	-> 1 2 5 7 8 11 
Structure 729: 6 4 3 1 9 2 
	-> 1 2 3 4 6 9 
Structure 730: 6 32 4 3 24 1 5 2 
	-> 1 2 3 4 5 6 
Structure 731: 6 4 3 1 9 2 
	-> 1 2 3 4 6 9 
Structure 732: 8 7 14 16 1 5 2 
	-> 1 2 5 7 8 
Structure 733: 6 4 3 1 10 5 2 
	-> 1 2 3 4 5 6 10 
Structure 734: 18 8 7 4 3 1 9 2 
	-> 1 2 3 4 7 8 9 
Structure 735: 18 8 7 4 11 1 9 2 
	-> 1 2 4 7 8 9 11 
Structure 736: 18 8 7 4 3 1 5 2 
	-> 1 2 3 4 5 7 8 
Structure 737: 6 4 3 1 2 
	-> 1 2 3 4 6 
Structure 738: 8 7 19 3 1 5 2 
	-> 1 2 3 5 7 8 
Structure 739: 6 4 3 1 9 2 
	-> 1 2 3 4 6 9 
Structure 740: 6 22 4 3 1 10 9 2 
	-> 1 2 3 4 6 9 10 
Structure 741: 8 7 4 3 1 10 5 2 
	-> 1 2 3 4 5 7 8 10 
Structure 742: 6 4 3 1 10 9 2 
	-> 1 2 3 4 6 9 10 
Structure 743: 8 7 4 3 1 2 
	-> 1 2 3 4 7 8 
Structure 744: 6 4 3 1 10 5 2 
	-> 1 2 3 4 5 6 10 
Structure 745: 6 4 3 1 5 2 
	-> 1 2 3 4 5 6 
Structure 746: 8 7 12 3 1 5 2 
	-> 1 2 3 5 7 8 
Structure 747: 8 7 15 35 11 1 9 2 
	-> 1 2 7 8 9 11 
Structure 748: 6 4 3 1 5 2 
	-> 1 2 3 4 5 6 
Structure 749: 8 7 14 13 16 1 5 2 
	-> 1 2 5 7 8 
Structure 750: 8 7 4 3 1 10 5 2 
	-> 1 2 3 4 5 7 8 10 
Structure 751: 6 21 4 3 1 5 2 
	-> 1 2 3 4 5 6 
Structure 752: 8 7 4 3 1 5 2 
	-> 1 2 3 4 5 7 8 
Structure 753: 6 4 3 1 5 2 
	-> 1 2 3 4 5 6 
Structure 754: 6 4 3 1 10 2 
	-> 1 2 3 4 6 10 
Structure 755: 6 4 3 17 1 5 2 
	-> 1 2 3 4 5 6 
Structure 756: 6 4 3 1 10 5 2 
	-> 1 2 3 4 5 6 10 
Structure 757: 6 4 3 1 5 2 
	-> 1 2 3 4 5 6 
Structure 758: 8 7 15 16 1 5 2 
	-> 1 2 5 7 8 
Structure 759: 8 7 14 3 1 10 5 2 
	-> 1 2 3 5 7 8 10 
Structure 760: 8 7 14 11 1 10 9 2 
	-> 1 2 7 8 9 10 11 
Structure 761: 6 4 11 1 10 5 2 
	-> 1 2 4 5 6 10 11 
Structure 762: 8 7 4 3 1 10 5 2 
	-> 1 2 3 4 5 7 8 10 
Structure 763: 8 7 12 3 1 10 9 2 
	-> 1 2 3 7 8 9 10 
Structure 764: 6 4 11 17 1 10 9 2 
	-> 1 2 4 6 9 10 11 
Structure 765: 6 4 3 1 5 2 
	-> 1 2 3 4 5 6 
Structure 766: 8 7 12 3 1 9 2 
	-> 1 2 3 7 8 9 
Structure 767: 6 4 3 1 5 2 
	-> 1 2 3 4 5 6 
Structure 768: 8 7 14 11 1 51 5 2 
	-> 1 2 5 7 8 11 
Structure 769: 6 4 16 1 5 2 
	-> 1 2 4 5 6 
Structure 770: 6 4 3 1 5 2 
	-> 1 2 3 4 5 6 
Structure 771: 6 4 13 11 1 9 5 2 
	-> 1 2 4 5 6 9 11 
Structure 772: 6 4 11 1 10 5 2 
	-> 1 2 4 5 6 10 11 
Structure 773: 6 4 3 1 5 2 
	-> 1 2 3 4 5 6 
Structure 774: 6 4 3 1 10 5 2 
	-> 1 2 3 4 5 6 10 
Structure 775: 6 4 3 1 10 5 2 
	-> 1 2 3 4 5 6 10 
Structure 776: 6 4 11 1 5 2 
	-> 1 2 4 5 6 11 
Structure 777: 8 7 4 3 1 5 2 
	-> 1 2 3 4 5 7 8 
Structure 778: 6 4 13 11 1 5 2 
	-> 1 2 4 5 6 11 
Structure 779: 8 7 4 11 1 5 2 
	-> 1 2 4 5 7 8 11 
Structure 780: 6 27 19 3 1 5 2 
	-> 1 2 3 5 6 
Structure 781: 8 7 19 3 1 9 2 
	-> 1 2 3 7 8 9 
Structure 782: 6 4 3 1 9 2 
	-> 1 2 3 4 6 9 
Structure 783: 8 7 12 3 1 5 2 
	-> 1 2 3 5 7 8 
Structure 784: 6 4 3 1 9 2 
	-> 1 2 3 4 6 9 
Structure 785: 8 7 4 3 1 5 2 
	-> 1 2 3 4 5 7 8 
Structure 786: 6 4 3 1 5 2 
	-> 1 2 3 4 5 6 
Structure 787: 6 4 16 1 10 5 2 
	-> 1 2 4 5 6 10 
Structure 788: 6 4 3 1 5 2 
	-> 1 2 3 4 5 6 
Structure 789: 8 7 15 13 11 1 5 2 
	-> 1 2 5 7 8 11 
Structure 790: 8 7 15 13 11 1 10 5 2 
	-> 1 2 5 7 8 10 11 
Structure 791: 6 4 16 1 26 9 2 
	-> 1 2 4 6 9 
Structure 792: 6 4 3 1 10 5 23 
	-> 1 3 4 5 6 10 
Structure 793: 6 4 3 1 5 2 
	-> 1 2 3 4 5 6 
Structure 794: 6 4 3 1 9 2 
	-> 1 2 3 4 6 9 
Structure 795: 8 7 15 11 1 9 2 
	-> 1 2 7 8 9 11 
Structure 796: 6 4 3 1 5 2 
	-> 1 2 3 4 5 6 
Structure 797: 8 7 14 11 1 5 2 
	-> 1 2 5 7 8 11 
Structure 798: 8 7 12 3 1 10 5 2 
	-> 1 2 3 5 7 8 10 
Structure 799: 6 4 3 1 9 2 
	-> 1 2 3 4 6 9 
Structure 800: 6 4 3 1 5 2 
	-> 1 2 3 4 5 6 
Structure 801: 6 4 3 1 5 2 
	-> 1 2 3 4 5 6 
Structure 802: 6 4 3 1 10 5 2 
	-> 1 2 3 4 5 6 10 
Structure 803: 6 4 3 1 5 2 
	-> 1 2 3 4 5 6 
Structure 804: 6 4 3 1 10 5 2 
	-> 1 2 3 4 5 6 10 
Structure 805: 8 7 4 3 1 5 2 
	-> 1 2 3 4 5 7 8 
Structure 806: 6 4 3 1 5 2 
	-> 1 2 3 4 5 6 
Structure 807: 8 7 12 3 1 5 2 
	-> 1 2 3 5 7 8 
Structure 808: 6 4 3 1 10 9 2 
	-> 1 2 3 4 6 9 10 
Structure 809: 8 7 12 3 1 10 5 2 
	-> 1 2 3 5 7 8 10 
Structure 810: 6 4 11 1 5 2 
	-> 1 2 4 5 6 11 
Structure 811: 6 4 3 1 10 5 2 
	-> 1 2 3 4 5 6 10 
Structure 812: 6 4 3 1 5 2 
	-> 1 2 3 4 5 6 
Structure 813: 8 7 4 3 1 5 2 
	-> 1 2 3 4 5 7 8 
Structure 814: 8 7 4 11 1 20 9 2 
	-> 1 2 4 7 8 9 11 
Structure 815: 6 4 3 1 5 2 
	-> 1 2 3 4 5 6 
Structure 816: 8 7 12 3 1 9 2 
	-> 1 2 3 7 8 9 
Structure 817: 6 4 3 1 5 2 
	-> 1 2 3 4 5 6 
Structure 818: 8 7 4 3 1 5 2 
	-> 1 2 3 4 5 7 8 
Structure 819: 6 4 3 1 5 2 
	-> 1 2 3 4 5 6 
Structure 820: 8 7 14 13 11 1 10 5 2 
	-> 1 2 5 7 8 10 11 
Structure 821: 6 4 3 1 5 2 
	-> 1 2 3 4 5 6 
Structure 822: 6 4 3 1 9 2 
	-> 1 2 3 4 6 9 
Structure 823: 6 4 3 1 5 2 
	-> 1 2 3 4 5 6 
Structure 824: 8 7 12 3 1 5 2 
	-> 1 2 3 5 7 8 
Structure 825: 6 4 3 1 5 2 
	-> 1 2 3 4 5 6 
Structure 826: 8 7 14 11 1 20 9 2 
	-> 1 2 7 8 9 11 
Structure 827: 6 4 3 1 9 2 
	-> 1 2 3 4 6 9 
Structure 828: 6 4 3 1 5 2 
	-> 1 2 3 4 5 6 
Structure 829: 6 4 3 1 10 5 2 
	-> 1 2 3 4 5 6 10 
Structure 830: 6 7 4 3 1 5 2 
	-> 1 2 3 4 5 6 7 
Structure 831: 6 4 3 1 5 2 
	-> 1 2 3 4 5 6 
Structure 832: 6 4 3 17 1 5 2 
	-> 1 2 3 4 5 6 
Structure 833: 6 4 13 11 1 10 5 2 
	-> 1 2 4 5 6 10 11 
Structure 834: 18 8 7 14 16 1 5 2 
	-> 1 2 5 7 8 
Structure 835: 6 4 11 1 5 2 
	-> 1 2 4 5 6 11 
Structure 836: 8 7 4 3 1 5 2 
	-> 1 2 3 4 5 7 8 
Structure 837: 6 4 3 1 5 2 
	-> 1 2 3 4 5 6 
Structure 838: 8 7 15 11 1 5 2 
	-> 1 2 5 7 8 11 
Structure 839: 8 7 4 3 24 1 9 2 
	-> 1 2 3 4 7 8 9 
Structure 840: 6 4 11 1 9 2 
	-> 1 2 4 6 9 11 
Structure 841: 6 4 11 1 20 9 2 
	-> 1 2 4 6 9 11 
Structure 842: 8 7 14 13 11 1 10 2 
	-> 1 2 7 8 10 11 
Structure 843: 8 7 12 3 1 26 9 2 
	-> 1 2 3 7 8 9 
Structure 844: 6 4 3 24 1 5 2 
	-> 1 2 3 4 5 6 
Structure 845: 6 4 3 1 10 5 2 
	-> 1 2 3 4 5 6 10 
Structure 846: 8 7 12 3 1 25 5 2 
	-> 1 2 3 5 7 8 
Structure 847: 6 4 3 1 5 2 
	-> 1 2 3 4 5 6 
Structure 848: 6 4 3 17 1 20 9 2 
	-> 1 2 3 4 6 9 
Structure 849: 6 4 3 17 1 2 
	-> 1 2 3 4 6 
Structure 850: 8 7 12 3 1 52 9 2 
	-> 1 2 3 7 8 9 
Structure 851: 6 4 13 11 1 9 2 
	-> 1 2 4 6 9 11 
Structure 852: 6 4 3 1 2 
	-> 1 2 3 4 6 
Structure 853: 8 7 14 13 11 1 5 2 
	-> 1 2 5 7 8 11 
Structure 854: 8 7 4 3 1 2 
	-> 1 2 3 4 7 8 
Structure 855: 34 8 7 15 13 11 1 9 2 
	-> 1 2 7 8 9 11 
Structure 856: 8 7 12 3 1 10 5 2 
	-> 1 2 3 5 7 8 10 
Structure 857: 8 7 15 13 11 1 10 26 5 2 
	-> 1 2 5 7 8 10 11 
Structure 858: 6 4 3 17 1 9 2 
	-> 1 2 3 4 6 9 
Structure 859: 8 7 12 3 1 10 5 2 
	-> 1 2 3 5 7 8 10 
Structure 860: 6 4 3 1 10 5 23 
	-> 1 3 4 5 6 10 
Structure 861: 7 12 11 1 5 2 
	-> 1 2 5 7 11 
Structure 862: 6 4 11 1 9 2 
	-> 1 2 4 6 9 11 
Structure 863: 6 4 11 1 5 2 
	-> 1 2 4 5 6 11 
Structure 864: 8 7 15 13 11 1 5 2 
	-> 1 2 5 7 8 11 
Structure 865: 6 4 3 1 5 2 
	-> 1 2 3 4 5 6 
Structure 866: 8 7 4 3 1 10 26 9 2 
	-> 1 2 3 4 7 8 9 10 
Structure 867: 7 12 3 1 10 5 2 
	-> 1 2 3 5 7 10 
Structure 868: 6 4 3 1 5 23 
	-> 1 3 4 5 6 
Structure 869: 6 21 4 3 1 10 5 2 
	-> 1 2 3 4 5 6 10 
Structure 870: 8 7 15 35 11 1 5 2 
	-> 1 2 5 7 8 11 
Structure 871: 6 21 4 3 1 9 2 
	-> 1 2 3 4 6 9 
Structure 872: 8 7 15 13 16 1 5 2 
	-> 1 2 5 7 8 
Structure 873: 18 8 7 15 11 1 5 2 
	-> 1 2 5 7 8 11 
Structure 874: 8 7 12 3 1 5 2 
	-> 1 2 3 5 7 8 
Structure 875: 6 4 3 1 10 5 2 
	-> 1 2 3 4 5 6 10 
Structure 876: 6 4 3 1 9 2 
	-> 1 2 3 4 6 9 
Structure 877: 6 4 11 1 5 2 
	-> 1 2 4 5 6 11 
Structure 878: 6 4 3 1 20 5 2 
	-> 1 2 3 4 5 6 
Structure 879: 8 7 15 13 11 1 20 5 2 
	-> 1 2 5 7 8 11 
Structure 880: 6 4 3 1 5 2 
	-> 1 2 3 4 5 6 
Structure 881: 6 4 3 17 1 10 9 2 
	-> 1 2 3 4 6 9 10 
Structure 882: 8 7 4 3 1 5 2 
	-> 1 2 3 4 5 7 8 
Structure 883: 8 7 15 16 1 10 9 2 
	-> 1 2 7 8 9 10 
Structure 884: 6 4 3 1 5 2 
	-> 1 2 3 4 5 6 
Structure 885: 8 7 4 13 11 1 9 2 
	-> 1 2 4 7 8 9 11 
Structure 886: 6 4 3 1 20 5 2 
	-> 1 2 3 4 5 6 
Structure 887: 8 7 4 3 1 20 5 2 
	-> 1 2 3 4 5 7 8 
Structure 888: 8 7 12 3 1 9 2 
	-> 1 2 3 7 8 9 
Structure 889: 8 7 4 3 1 5 2 
	-> 1 2 3 4 5 7 8 
Structure 890: 6 4 3 1 5 2 
	-> 1 2 3 4 5 6 
Structure 891: 34 7 4 3 1 9 2 
	-> 1 2 3 4 7 9 
Structure 892: 53 8 7 4 3 1 9 2 
	-> 1 2 3 4 7 8 9 
Structure 893: 6 4 3 1 5 2 
	-> 1 2 3 4 5 6 
Structure 894: 8 7 14 11 1 5 2 
	-> 1 2 5 7 8 11 
Structure 895: 8 7 4 3 1 9 2 
	-> 1 2 3 4 7 8 9 
Structure 896: 7 4 16 1 10 5 2 
	-> 1 2 4 5 7 10 
Structure 897: 6 21 4 3 1 10 5 2 
	-> 1 2 3 4 5 6 10 
Structure 898: 8 7 4 3 1 5 2 
	-> 1 2 3 4 5 7 8 
Structure 899: 18 8 7 4 3 1 5 2 
	-> 1 2 3 4 5 7 8 
Structure 900: 8 7 4 3 1 25 5 2 
	-> 1 2 3 4 5 7 8 
Structure 901: 6 4 3 1 5 2 
	-> 1 2 3 4 5 6 
Structure 902: 6 4 3 1 5 2 
	-> 1 2 3 4 5 6 
Structure 903: 8 7 12 3 1 10 5 2 
	-> 1 2 3 5 7 8 10 
Structure 904: 8 7 14 13 11 1 5 2 
	-> 1 2 5 7 8 11 
Structure 905: 18 8 7 4 3 1 10 9 5 2 
	-> 1 2 3 4 5 7 8 9 10 
Structure 906: 6 4 3 1 5 2 
	-> 1 2 3 4 5 6 
Structure 907: 8 7 14 13 11 1 10 5 2 
	-> 1 2 5 7 8 10 11 
Structure 908: 6 32 4 3 17 1 5 2 
	-> 1 2 3 4 5 6 
Structure 909: 6 4 3 1 5 2 
	-> 1 2 3 4 5 6 
Structure 910: 6 4 3 1 5 2 
	-> 1 2 3 4 5 6 
Structure 911: 6 4 3 1 5 2 
	-> 1 2 3 4 5 6 
Structure 912: 6 4 3 1 5 2 
	-> 1 2 3 4 5 6 
Structure 913: 6 4 3 17 1 5 2 
	-> 1 2 3 4 5 6 
Structure 914: 6 4 3 1 5 2 
	-> 1 2 3 4 5 6 
Structure 915: 8 7 14 11 1 5 2 
	-> 1 2 5 7 8 11 
Structure 916: 8 7 12 3 1 5 2 
	-> 1 2 3 5 7 8 
Structure 917: 6 4 11 1 5 2 
	-> 1 2 4 5 6 11 
Structure 918: 6 4 3 1 5 2 
	-> 1 2 3 4 5 6 
Structure 919: 8 7 15 11 1 10 5 2 
	-> 1 2 5 7 8 10 11 
Structure 920: 6 4 11 1 10 5 2 
	-> 1 2 4 5 6 10 11 
Structure 921: 6 4 11 1 5 2 
	-> 1 2 4 5 6 11 
Structure 922: 7 12 3 1 5 2 
	-> 1 2 3 5 7 
Structure 923: 6 19 3 1 9 2 
	-> 1 2 3 6 9 
Structure 924: 6 4 3 1 2 
	-> 1 2 3 4 6 
Structure 925: 6 4 11 1 10 5 2 
	-> 1 2 4 5 6 10 11 
Structure 926: 6 4 3 1 10 9 2 
	-> 1 2 3 4 6 9 10 
Structure 927: 6 4 3 1 2 
	-> 1 2 3 4 6 
Structure 928: 8 7 19 3 1 5 2 
	-> 1 2 3 5 7 8 
Structure 929: 18 8 7 4 3 1 5 2 
	-> 1 2 3 4 5 7 8 
Structure 930: 6 4 3 1 10 2 
	-> 1 2 3 4 6 10 
Structure 931: 6 4 3 1 5 2 
	-> 1 2 3 4 5 6 
Structure 932: 6 4 3 1 5 2 
	-> 1 2 3 4 5 6 
Structure 933: 6 27 4 3 1 10 5 2 
	-> 1 2 3 4 5 6 10 
Structure 934: 6 4 3 1 5 2 
	-> 1 2 3 4 5 6 
Structure 935: 6 4 3 1 5 2 
	-> 1 2 3 4 5 6 
Structure 936: 6 4 13 11 1 10 2 
	-> 1 2 4 6 10 11 
Structure 937: 6 4 3 1 9 2 
	-> 1 2 3 4 6 9 
Structure 938: 6 4 3 1 10 5 2 
	-> 1 2 3 4 5 6 10 
Structure 939: 6 4 3 1 5 2 
	-> 1 2 3 4 5 6 
Structure 940: 8 7 15 11 1 10 5 2 
	-> 1 2 5 7 8 10 11 
Structure 941: 6 4 3 1 5 2 
	-> 1 2 3 4 5 6 
Structure 942: 6 4 3 1 5 2 
	-> 1 2 3 4 5 6 
Structure 943: 8 7 14 11 1 2 
	-> 1 2 7 8 11 
Structure 944: 6 22 4 3 1 9 2 
	-> 1 2 3 4 6 9 
Structure 945: 7 12 3 1 5 2 
	-> 1 2 3 5 7 
Structure 946: 6 21 4 3 1 5 2 
	-> 1 2 3 4 5 6 
Structure 947: 6 4 3 1 5 2 
	-> 1 2 3 4 5 6 
Structure 948: 8 7 4 3 1 10 9 2 
	-> 1 2 3 4 7 8 9 10 
Structure 949: 8 7 4 3 1 2 
	-> 1 2 3 4 7 8 
Structure 950: 6 4 3 1 5 2 
	-> 1 2 3 4 5 6 
Structure 951: 6 4 11 1 2 
	-> 1 2 4 6 11 
Structure 952: 6 4 3 1 5 2 
	-> 1 2 3 4 5 6 
Structure 953: 6 4 11 1 9 2 
	-> 1 2 4 6 9 11 
Structure 954: 6 4 3 1 10 5 2 
	-> 1 2 3 4 5 6 10 
Structure 955: 6 4 3 1 5 2 
	-> 1 2 3 4 5 6 
Structure 956: 6 4 3 1 9 2 
	-> 1 2 3 4 6 9 
Structure 957: 6 4 3 1 5 2 
	-> 1 2 3 4 5 6 
Structure 958: 8 7 12 3 1 5 2 
	-> 1 2 3 5 7 8 
Structure 959: 8 7 14 3 1 5 2 
	-> 1 2 3 5 7 8 
Structure 960: 6 4 3 1 5 2 
	-> 1 2 3 4 5 6 
Structure 961: 8 7 19 3 1 5 2 
	-> 1 2 3 5 7 8 
Structure 962: 8 7 12 3 1 5 2 
	-> 1 2 3 5 7 8 
Structure 963: 6 4 13 11 1 5 2 
	-> 1 2 4 5 6 11 
Structure 964: 6 4 3 1 5 2 
	-> 1 2 3 4 5 6 
Structure 965: 6 21 4 3 17 1 10 9 2 
	-> 1 2 3 4 6 9 10 
Structure 966: 6 4 3 1 9 2 
	-> 1 2 3 4 6 9 
Structure 967: 6 4 11 1 9 2 
	-> 1 2 4 6 9 11 
Structure 968: 6 4 3 1 9 2 
	-> 1 2 3 4 6 9 
Structure 969: 6 4 3 1 10 5 2 
	-> 1 2 3 4 5 6 10 
Structure 970: 8 7 4 3 1 10 5 2 
	-> 1 2 3 4 5 7 8 10 
Structure 971: 6 4 3 1 5 2 
	-> 1 2 3 4 5 6 
Structure 972: 8 7 14 11 1 5 2 
	-> 1 2 5 7 8 11 
Structure 973: 8 7 4 3 1 10 5 2 
	-> 1 2 3 4 5 7 8 10 
Structure 974: 6 4 3 1 5 2 
	-> 1 2 3 4 5 6 
Structure 975: 6 4 3 1 5 2 
	-> 1 2 3 4 5 6 
Structure 976: 8 7 14 13 11 1 28 9 2 
	-> 1 2 7 8 9 11 
Structure 977: 8 7 12 3 1 2 
	-> 1 2 3 7 8 
Structure 978: 8 7 12 3 1 10 5 2 
	-> 1 2 3 5 7 8 10 
Structure 979: 6 4 3 1 10 5 2 
	-> 1 2 3 4 5 6 10 
Structure 980: 6 4 11 1 9 2 
	-> 1 2 4 6 9 11 
Structure 981: 8 7 19 3 1 10 9 2 
	-> 1 2 3 7 8 9 10 
Structure 982: 8 7 15 11 1 5 2 
	-> 1 2 5 7 8 11 
Structure 983: 6 27 19 3 1 5 2 
	-> 1 2 3 5 6 
Structure 984: 6 4 3 1 10 2 
	-> 1 2 3 4 6 10 
Structure 985: 8 7 12 3 1 10 25 5 2 
	-> 1 2 3 5 7 8 10 
Structure 986: 6 4 3 1 5 2 
	-> 1 2 3 4 5 6 
Structure 987: 18 8 7 4 3 1 5 2 
	-> 1 2 3 4 5 7 8 
Structure 988: 6 4 3 1 9 2 
	-> 1 2 3 4 6 9 
Structure 989: 6 4 11 1 5 2 
	-> 1 2 4 5 6 11 
Structure 990: 6 4 3 1 5 2 
	-> 1 2 3 4 5 6 
Structure 991: 8 7 15 13 11 1 9 2 
	-> 1 2 7 8 9 11 
Structure 992: 8 7 12 3 1 5 2 
	-> 1 2 3 5 7 8 
Structure 993: 8 7 12 3 1 10 9 2 
	-> 1 2 3 7 8 9 10 
Structure 994: 7 4 11 1 5 2 
	-> 1 2 4 5 7 11 
Structure 995: 8 7 15 13 11 1 5 2 
	-> 1 2 5 7 8 11 
Structure 996: 6 4 11 1 9 2 
	-> 1 2 4 6 9 11 
Structure 997: 6 4 3 1 5 2 
	-> 1 2 3 4 5 6 
Structure 998: 6 4 11 1 5 2 
	-> 1 2 4 5 6 11 
Structure 999: 6 4 3 1 10 9 2 
	-> 1 2 3 4 6 9 10 
Structure 1000: 6 22 4 3 1 5 2 
	-> 1 2 3 4 6 9 10  