Processing: /home/hwilco/Documents/RNA Research/RNAStructProfiling-master/output/training/Metazoa_SRP/C.savignyi.3_sfold/input/C.savignyi.3_sfold.out
Structure 1: 48 C 19 33 1 2 4 14 5 13 11 7 A 28 10 9 8
	-> 1 2 4 5 7 8 9 10 11 A 13 14 C 19 
Structure 2: B 29 20 C 19 1 2 4 14 5 13 11 7 A 10 9 8
	-> 1 2 4 5 7 8 9 10 11 A B 13 14 C 19 20 
Structure 3: B 26 D 23 1 2 4 14 5 13 11 27 7 A 43 10 9 8
	-> 1 2 4 5 7 8 9 10 11 A B 13 14 D 23 
Structure 4: B 26 D 23 1 2 4 14 5 13 11 27 7 A 28 10 9 8
	-> 1 2 4 5 7 8 9 10 11 A B 13 14 D 23 
Structure 5: B 20 C 19 1 2 4 14 5 31 11 7 6 3 15 45 10 9 8
	-> 1 2 4 5 7 8 9 10 11 B 14 C 19 20 
Structure 6: B 29 20 C 19 34 1 2 4 5 13 11 7 A 28 10 9 8
	-> 1 2 4 5 7 8 9 10 11 A B 13 C 19 20 
Structure 7: B 26 D 23 1 2 4 14 5 13 11 27 7 A 28 10 9 35 8
	-> 1 2 4 5 7 8 9 10 11 A B 13 14 D 23 
Structure 8: B 30 20 C 19 1 2 4 14 5 13 11 7 A 36 10 9 8
	-> 1 2 4 5 7 8 9 10 11 A B 13 14 C 19 20 
Structure 9: B 20 C 38 1 2 4 5 13 11 7 A 10 9 8
	-> 1 2 4 5 7 8 9 10 11 A B 13 C 20 
Structure 10: B 30 20 C 38 1 2 4 14 5 13 11 27 7 A 10 9 8
	-> 1 2 4 5 7 8 9 10 11 A B 13 14 C 20 
Structure 11: B 26 21 23 1 2 4 14 5 13 11 27 7 50 A 10 9 8
	-> 1 2 4 5 7 8 9 10 11 A B 13 14 23 
Structure 12: B 26 D 23 1 2 4 14 37 5 13 11 7 A 28 10 9 8
	-> 1 2 4 5 7 8 9 10 11 A B 13 14 D 23 
Structure 13: B 29 26 D 23 1 2 4 14 5 31 11 7 A 10 9 8
	-> 1 2 4 5 7 8 9 10 11 A B 14 D 23 
Structure 14: B 26 D 23 1 2 4 14 37 5 13 11 7 A 10 9 8
	-> 1 2 4 5 7 8 9 10 11 A B 13 14 D 23 
Structure 15: B 30 20 C 19 34 1 2 4 14 5 13 11 7 A 28 10 9 8
	-> 1 2 4 5 7 8 9 10 11 A B 13 14 C 19 20 
Structure 16: B 29 20 C 19 34 1 2 4 14 5 13 11 7 94 A 28 10 9 8
	-> 1 2 4 5 7 8 9 10 11 A B 13 14 C 19 20 
Structure 17: B 20 C 19 33 1 2 4 14 5 13 11 7 A 10 9 8
	-> 1 2 4 5 7 8 9 10 11 A B 13 14 C 19 20 
Structure 18: B 29 20 C 19 1 70 2 4 14 5 13 11 27 7 A 10 9 8
	-> 1 2 4 5 7 8 9 10 11 A B 13 14 C 19 20 
Structure 19: B 26 D 23 1 2 4 14 37 62 63 13 11 27 7 A 36 10 9 8
	-> 1 2 4 7 8 9 10 11 A B 13 14 D 23 
Structure 20: B 32 D 23 1 2 4 14 5 13 11 7 A 28 10 9 8
	-> 1 2 4 5 7 8 9 10 11 A B 13 14 D 23 
Structure 21: B 32 D 23 1 2 4 37 5 13 11 7 A 10 9 8
	-> 1 2 4 5 7 8 9 10 11 A B 13 D 23 
Structure 22: B 26 D 23 1 2 4 5 13 11 7 A 10 9 35 8
	-> 1 2 4 5 7 8 9 10 11 A B 13 D 23 
Structure 23: B C 19 33 1 2 4 14 5 13 11 7 A 10 9 39 8
	-> 1 2 4 5 7 8 9 10 11 A B 13 14 C 19 
Structure 24: B 26 D 23 1 2 4 14 5 13 11 7 A 28 10 9 8
	-> 1 2 4 5 7 8 9 10 11 A B 13 14 D 23 
Structure 25: B 32 D 23 1 2 4 5 13 11 7 A 10 9 8
	-> 1 2 4 5 7 8 9 10 11 A B 13 D 23 
Structure 26: B 26 D 23 1 2 4 14 5 13 11 7 A 28 10 9 8
	-> 1 2 4 5 7 8 9 10 11 A B 13 14 D 23 
Structure 27: B 30 20 C 19 1 2 4 5 13 11 7 A 41 10 9 8
	-> 1 2 4 5 7 8 9 10 11 A B 13 C 19 20 
Structure 28: B 32 D 23 1 2 4 14 5 13 11 27 7 A 36 10 9 8
	-> 1 2 4 5 7 8 9 10 11 A B 13 14 D 23 
Structure 29: B 26 D 23 1 2 4 14 5 13 11 7 6 3 25 10 9 8
	-> 1 2 4 5 7 8 9 10 11 B 13 14 D 23 
Structure 30: B 20 C 19 33 1 2 4 14 5 40 42 7 A 10 9 8
	-> 1 2 4 5 7 8 9 10 A B 14 C 19 20 
Structure 31: B 20 C 19 33 1 2 4 14 5 13 11 27 7 A 10 9 35 8
	-> 1 2 4 5 7 8 9 10 11 A B 13 14 C 19 20 
Structure 32: B 26 D 23 1 2 4 14 5 13 11 7 A 28 10 9 8
	-> 1 2 4 5 7 8 9 10 11 A B 13 14 D 23 
Structure 33: B 26 D 23 1 2 4 14 5 31 11 27 7 A 10 9 8
	-> 1 2 4 5 7 8 9 10 11 A B 14 D 23 
Structure 34: B 30 20 C 19 1 2 4 58 5 31 11 27 7 A 28 10 9 8
	-> 1 2 4 5 7 8 9 10 11 A B C 19 20 
Structure 35: B 26 D 23 1 2 4 95 5 13 11 7 A 10 9 8
	-> 1 2 4 5 7 8 9 10 11 A B 13 D 23 
Structure 36: B 32 D 23 1 2 4 14 5 13 11 27 7 A 10 9 8
	-> 1 2 4 5 7 8 9 10 11 A B 13 14 D 23 
Structure 37: B 32 D 23 1 2 4 14 5 13 11 7 A 10 9 8
	-> 1 2 4 5 7 8 9 10 11 A B 13 14 D 23 
Structure 38: B 26 D 23 1 2 4 14 5 13 11 27 7 A 10 9 35 8
	-> 1 2 4 5 7 8 9 10 11 A B 13 14 D 23 
Structure 39: B 20 C 19 33 1 2 4 14 5 13 11 7 A 10 9 8
	-> 1 2 4 5 7 8 9 10 11 A B 13 14 C 19 20 
Structure 40: B 30 C 19 1 2 4 14 5 13 11 7 A 10 9 8
	-> 1 2 4 5 7 8 9 10 11 A B 13 14 C 19 
Structure 41: B 26 D 23 1 2 4 14 5 13 11 7 A 10 9 8
	-> 1 2 4 5 7 8 9 10 11 A B 13 14 D 23 
Structure 42: B 29 20 C 19 1 2 4 14 5 13 11 7 A 10 9 8
	-> 1 2 4 5 7 8 9 10 11 A B 13 14 C 19 20 
Structure 43: B 26 D 23 1 2 4 14 5 13 11 27 7 A 10 9 8
	-> 1 2 4 5 7 8 9 10 11 A B 13 14 D 23 
Structure 44: B 26 D 23 1 2 4 14 5 13 11 7 A 28 10 9 8
	-> 1 2 4 5 7 8 9 10 11 A B 13 14 D 23 
Structure 45: B 29 30 20 C 19 1 2 4 14 5 13 11 27 7 A 10 9 8
	-> 1 2 4 5 7 8 9 10 11 A B 13 14 C 19 20 
Structure 46: B 32 D 23 1 2 4 14 5 13 11 27 7 A 10 9 8
	-> 1 2 4 5 7 8 9 10 11 A B 13 14 D 23 
Structure 47: B 29 32 D 23 1 2 4 5 13 11 7 A 10 9 8
	-> 1 2 4 5 7 8 9 10 11 A B 13 D 23 
Structure 48: B 20 C 19 33 1 2 4 14 5 13 11 7 A 10 9 8
	-> 1 2 4 5 7 8 9 10 11 A B 13 14 C 19 20 
Structure 49: B 29 32 D 23 1 2 4 5 13 11 27 7 A 10 9 8
	-> 1 2 4 5 7 8 9 10 11 A B 13 D 23 
Structure 50: B 20 C 19 33 1 2 4 5 13 11 7 A 28 10 9 8
	-> 1 2 4 5 7 8 9 10 11 A B 13 C 19 20 
Structure 51: C 19 33 1 2 4 5 13 11 7 A 10 9 8
	-> 1 2 4 5 7 8 9 10 11 A 13 C 19 
Structure 52: B C 19 33 1 2 4 14 5 13 11 7 A 10 9 35 8
	-> 1 2 4 5 7 8 9 10 11 A B 13 14 C 19 
Structure 53: B 26 D 56 1 2 4 14 5 13 11 27 7 A 10 9 8
	-> 1 2 4 5 7 8 9 10 11 A B 13 14 D 
Structure 54: B 30 20 C 19 1 2 4 14 5 13 11 7 A 28 10 9 35 8
	-> 1 2 4 5 7 8 9 10 11 A B 13 14 C 19 20 
Structure 55: B 20 C 19 1 2 4 14 5 13 11 7 A 45 10 9 8
	-> 1 2 4 5 7 8 9 10 11 A B 13 14 C 19 20 
Structure 56: B 20 C 19 1 2 4 14 5 13 11 27 7 A 10 9 8
	-> 1 2 4 5 7 8 9 10 11 A B 13 14 C 19 20 
Structure 57: B 32 D 23 1 2 4 14 5 31 11 27 7 12 6 3 43 28 10 9 8
	-> 1 2 4 5 7 8 9 10 11 B 14 D 23 
Structure 58: B 20 C 19 33 1 2 4 14 5 13 11 7 A 10 9 35 8
	-> 1 2 4 5 7 8 9 10 11 A B 13 14 C 19 20 
Structure 59: B 26 D 23 1 2 4 14 5 40 42 96 7 A 36 10 9 8
	-> 1 2 4 5 7 8 9 10 A B 14 D 23 
Structure 60: B 20 C 19 49 33 1 2 4 37 5 31 11 27 7 A 10 9 8
	-> 1 2 4 5 7 8 9 10 11 A B C 19 20 
Structure 61: B 20 C 19 1 2 4 14 5 13 11 7 A 10 9 8
	-> 1 2 4 5 7 8 9 10 11 A B 13 14 C 19 20 
Structure 62: B 47 20 C 19 38 1 2 4 14 5 13 11 27 7 A 10 9 8
	-> 1 2 4 5 7 8 9 10 11 A B 13 14 C 19 20 
Structure 63: B 20 C 19 34 33 1 2 4 5 31 11 7 A 28 10 9 8
	-> 1 2 4 5 7 8 9 10 11 A B C 19 20 
Structure 64: B 29 20 C 19 1 2 4 14 5 13 11 7 A 10 9 8
	-> 1 2 4 5 7 8 9 10 11 A B 13 14 C 19 20 
Structure 65: B 30 20 C 19 1 2 4 14 5 31 11 7 A 10 9 8
	-> 1 2 4 5 7 8 9 10 11 A B 14 C 19 20 
Structure 66: B 29 20 C 44 1 2 4 14 5 13 11 27 7 A 10 9 8
	-> 1 2 4 5 7 8 9 10 11 A B 13 14 C 20 
Structure 67: B 26 D 23 1 2 4 14 5 31 11 7 A 10 9 8
	-> 1 2 4 5 7 8 9 10 11 A B 14 D 23 
Structure 68: B 20 C 19 1 2 4 5 13 11 7 A 36 10 9 8
	-> 1 2 4 5 7 8 9 10 11 A B 13 C 19 20 
Structure 69: B 26 D 23 1 2 4 14 37 5 13 11 7 A 10 9 8
	-> 1 2 4 5 7 8 9 10 11 A B 13 14 D 23 
Structure 70: B 30 20 C 19 1 2 4 14 5 13 11 27 7 A 10 9 8
	-> 1 2 4 5 7 8 9 10 11 A B 13 14 C 19 20 
Structure 71: B 29 26 D 23 1 2 4 5 13 11 7 A 10 9 8
	-> 1 2 4 5 7 8 9 10 11 A B 13 D 23 
Structure 72: B 32 D 23 1 2 4 14 37 5 13 11 27 7 A 36 10 9 8
	-> 1 2 4 5 7 8 9 10 11 A B 13 14 D 23 
Structure 73: B 30 20 C 44 1 2 4 14 5 13 11 7 A 10 9 8
	-> 1 2 4 5 7 8 9 10 11 A B 13 14 C 20 
Structure 74: B 20 C 19 1 2 4 14 5 13 11 27 7 A 28 10 9 35 8
	-> 1 2 4 5 7 8 9 10 11 A B 13 14 C 19 20 
Structure 75: B 20 C 19 34 1 2 4 5 13 11 27 7 A 10 9 8
	-> 1 2 4 5 7 8 9 10 11 A B 13 C 19 20 
Structure 76: B 29 20 C 44 1 2 4 14 5 13 11 27 7 A 10 9 8
	-> 1 2 4 5 7 8 9 10 11 A B 13 14 C 20 
Structure 77: B 20 C 19 1 2 4 5 13 11 7 A 28 10 9 8
	-> 1 2 4 5 7 8 9 10 11 A B 13 C 19 20 
Structure 78: B 30 20 C 19 1 2 4 5 13 11 27 7 75 6 3 25 57 10 9 8
	-> 1 2 4 5 7 8 9 10 11 B 13 C 19 20 
Structure 79: B 29 20 C 19 34 1 2 4 14 5 13 11 7 A 28 10 9 8
	-> 1 2 4 5 7 8 9 10 11 A B 13 14 C 19 20 
Structure 80: B 20 C 97 1 2 4 14 5 13 11 7 A 10 9 35 8
	-> 1 2 4 5 7 8 9 10 11 A B 13 14 C 20 
Structure 81: B 64 C 19 1 2 4 14 5 13 11 7 A 10 9 8
	-> 1 2 4 5 7 8 9 10 11 A B 13 14 C 19 
Structure 82: B 30 20 C 19 1 2 4 14 5 13 11 7 A 10 9 8
	-> 1 2 4 5 7 8 9 10 11 A B 13 14 C 19 20 
Structure 83: B 30 20 C 19 1 2 4 14 5 13 11 27 7 A 10 9 8
	-> 1 2 4 5 7 8 9 10 11 A B 13 14 C 19 20 
Structure 84: B 29 20 C 19 1 2 4 14 5 13 11 27 7 A 10 9 8
	-> 1 2 4 5 7 8 9 10 11 A B 13 14 C 19 20 
Structure 85: B 20 C 19 33 1 2 4 5 13 11 27 7 50 A 28 10 9 8
	-> 1 2 4 5 7 8 9 10 11 A B 13 C 19 20 
Structure 86: B 26 D 23 1 2 4 14 5 13 11 27 7 A 10 9 8
	-> 1 2 4 5 7 8 9 10 11 A B 13 14 D 23 
Structure 87: B 30 20 C 1 2 4 14 5 13 11 7 A 28 10 9 8
	-> 1 2 4 5 7 8 9 10 11 A B 13 14 C 20 
Structure 88: B 29 26 D 23 1 2 4 14 5 13 11 7 A 10 9 8
	-> 1 2 4 5 7 8 9 10 11 A B 13 14 D 23 
Structure 89: B 26 C 19 1 2 4 14 5 31 11 7 A 10 9 8
	-> 1 2 4 5 7 8 9 10 11 A B 14 C 19 
Structure 90: B 26 D 23 1 2 4 5 40 27 7 A 28 10 9 35 8
	-> 1 2 4 5 7 8 9 10 A B D 23 
Structure 91: B 29 32 D 23 1 2 4 14 5 31 11 27 7 A 10 9 8
	-> 1 2 4 5 7 8 9 10 11 A B 14 D 23 
Structure 92: B 20 C 38 1 2 4 5 13 11 27 7 A 10 9 8
	-> 1 2 4 5 7 8 9 10 11 A B 13 C 20 
Structure 93: B 26 D 23 1 70 2 4 14 5 31 11 7 6 3 25 57 10 9 8
	-> 1 2 4 5 7 8 9 10 11 B 14 D 23 
Structure 94: B 30 20 C 19 38 1 2 4 14 5 13 11 7 A 10 9 35 8
	-> 1 2 4 5 7 8 9 10 11 A B 13 14 C 19 20 
Structure 95: B 30 20 C 19 1 2 4 14 37 5 31 11 7 76 3 25 98 77 59 65 51 52
	-> 1 2 4 5 7 11 B 14 C 19 20 
Structure 96: B 20 C 19 38 1 2 4 14 5 13 11 7 A 41 10 9 8
	-> 1 2 4 5 7 8 9 10 11 A B 13 14 C 19 20 
Structure 97: B 26 D 56 53 1 2 4 14 5 13 11 7 A 36 10 9 35 8
	-> 1 2 4 5 7 8 9 10 11 A B 13 14 D 
Structure 98: B 29 32 D 23 1 2 4 14 5 13 11 27 7 A 51 60 52
	-> 1 2 4 5 7 11 A B 13 14 D 23 
Structure 99: B 29 32 D 23 1 2 4 5 40 27 7 A 10 9 8
	-> 1 2 4 5 7 8 9 10 A B D 23 
Structure 100: 48 C 19 33 1 2 4 14 5 13 11 7 A 10 9 8
	-> 1 2 4 5 7 8 9 10 11 A 13 14 C 19 
Structure 101: B 26 D 23 1 2 4 14 37 5 13 11 7 A 28 10 9 8
	-> 1 2 4 5 7 8 9 10 11 A B 13 14 D 23 
Structure 102: B 30 20 C 38 1 2 4 5 40 42 61 7 A 28 10 9 8
	-> 1 2 4 5 7 8 9 10 A B C 20 
Structure 103: B 26 D 23 1 2 4 5 40 27 7 A 28 10 9 8
	-> 1 2 4 5 7 8 9 10 A B D 23 
Structure 104: 48 C 19 99 1 2 4 14 5 13 11 7 A 28 10 9 8
	-> 1 2 4 5 7 8 9 10 11 A 13 14 C 19 
Structure 105: B 26 D 23 1 2 4 5 31 11 7 A 10 9 8
	-> 1 2 4 5 7 8 9 10 11 A B D 23 
Structure 106: B 26 D 23 1 2 4 14 5 13 11 27 7 A 28 10 9 35 8
	-> 1 2 4 5 7 8 9 10 11 A B 13 14 D 23 
Structure 107: B 26 D 23 1 2 4 5 13 11 7 A 10 9 35 8
	-> 1 2 4 5 7 8 9 10 11 A B 13 D 23 
Structure 108: B 30 20 C 19 1 2 4 14 5 13 11 7 A 78 79 9 8
	-> 1 2 4 5 7 8 9 11 A B 13 14 C 19 20 
Structure 109: B C 19 33 1 2 4 14 5 13 11 61 7 A 28 10 9 8
	-> 1 2 4 5 7 8 9 10 11 A B 13 14 C 19 
Structure 110: B 20 C 19 34 33 1 2 4 14 5 13 11 7 A 45 10 9 8
	-> 1 2 4 5 7 8 9 10 11 A B 13 14 C 19 20 
Structure 111: B 29 26 D 23 1 2 4 14 5 13 11 7 A 10 9 8
	-> 1 2 4 5 7 8 9 10 11 A B 13 14 D 23 
Structure 112: B 30 C 19 46 1 2 4 14 5 13 11 7 A 10 9 8
	-> 1 2 4 5 7 8 9 10 11 A B 13 14 C 19 
Structure 113: B 29 26 D 23 1 2 4 5 13 11 7 A 28 10 9 35 8
	-> 1 2 4 5 7 8 9 10 11 A B 13 D 23 
Structure 114: B 29 20 C 49 34 1 2 4 5 31 11 27 7 A 28 10 9 8
	-> 1 2 4 5 7 8 9 10 11 A B C 20 
Structure 115: B 30 20 C 19 38 1 2 4 14 5 13 11 27 7 A 10 9 8
	-> 1 2 4 5 7 8 9 10 11 A B 13 14 C 19 20 
Structure 116: B 29 26 D 23 1 2 4 14 5 13 11 7 A 10 9 8
	-> 1 2 4 5 7 8 9 10 11 A B 13 14 D 23 
Structure 117: B 20 C 19 34 1 2 4 14 5 13 11 7 A 10 9 8
	-> 1 2 4 5 7 8 9 10 11 A B 13 14 C 19 20 
Structure 118: B 26 D 23 1 2 4 14 5 13 11 27 7 A 28 10 9 8
	-> 1 2 4 5 7 8 9 10 11 A B 13 14 D 23 
Structure 119: B 20 C 19 34 1 2 4 14 5 13 11 27 7 A 10 9 8
	-> 1 2 4 5 7 8 9 10 11 A B 13 14 C 19 20 
Structure 120: B 20 C 19 1 2 4 14 5 13 11 7 A 28 10 9 39 8
	-> 1 2 4 5 7 8 9 10 11 A B 13 14 C 19 20 
Structure 121: B 26 C 19 1 2 4 5 13 11 27 7 A 10 9 8
	-> 1 2 4 5 7 8 9 10 11 A B 13 C 19 
Structure 122: B 20 C 46 1 2 4 14 5 13 11 7 A 10 9 8
	-> 1 2 4 5 7 8 9 10 11 A B 13 14 C 20 
Structure 123: B 20 C 19 34 33 1 2 4 14 5 13 11 27 7 A 10 9 8
	-> 1 2 4 5 7 8 9 10 11 A B 13 14 C 19 20 
Structure 124: B 20 C 38 1 2 4 14 5 31 11 7 A 28 10 9 8
	-> 1 2 4 5 7 8 9 10 11 A B 14 C 20 
Structure 125: B 26 D 23 1 2 4 5 13 11 7 A 28 10 9 8
	-> 1 2 4 5 7 8 9 10 11 A B 13 D 23 
Structure 126: B 26 D 23 1 2 4 14 37 5 31 11 7 A 10 9 8
	-> 1 2 4 5 7 8 9 10 11 A B 14 D 23 
Structure 127: B 29 20 C 19 1 2 4 14 5 13 11 7 75 6 3 25 57 10 9 8
	-> 1 2 4 5 7 8 9 10 11 B 13 14 C 19 20 
Structure 128: B 32 D 23 1 2 4 14 5 40 42 7 A 28 10 9 8
	-> 1 2 4 5 7 8 9 10 A B 14 D 23 
Structure 129: B 29 26 D 23 1 2 4 14 5 13 11 7 A 36 10 9 8
	-> 1 2 4 5 7 8 9 10 11 A B 13 14 D 23 
Structure 130: 80 20 C 19 1 2 4 5 31 11 27 7 A 10 9 8
	-> 1 2 4 5 7 8 9 10 11 A C 19 20 
Structure 131: B 30 20 C 19 34 1 2 4 14 5 13 11 27 7 A 10 9 8
	-> 1 2 4 5 7 8 9 10 11 A B 13 14 C 19 20 
Structure 132: B 20 C 19 1 2 4 14 5 13 11 27 7 A 28 10 71 9 35 8
	-> 1 2 4 5 7 8 9 10 11 A B 13 14 C 19 20 
Structure 133: 81 82 83 100 101 33 1 2 4 14 5 13 11 27 7 A 10 9 8
	-> 1 2 4 5 7 8 9 10 11 A 13 14 
Structure 134: B 20 C 19 1 2 4 5 13 11 27 7 A 28 10 9 8
	-> 1 2 4 5 7 8 9 10 11 A B 13 C 19 20 
Structure 135: B 26 D 23 1 2 4 14 5 13 11 27 7 A 10 9 8
	-> 1 2 4 5 7 8 9 10 11 A B 13 14 D 23 
Structure 136: B 20 C 1 2 4 14 5 13 11 7 A 10 9 8
	-> 1 2 4 5 7 8 9 10 11 A B 13 14 C 20 
Structure 137: B 26 D 23 1 2 4 14 5 13 11 7 A 10 9 8
	-> 1 2 4 5 7 8 9 10 11 A B 13 14 D 23 
Structure 138: B 20 C 19 1 2 4 14 37 5 13 11 7 A 10 9 39 8
	-> 1 2 4 5 7 8 9 10 11 A B 13 14 C 19 20 
Structure 139: B 29 20 C 19 1 2 4 14 37 5 13 11 7 A 28 10 9 8
	-> 1 2 4 5 7 8 9 10 11 A B 13 14 C 19 20 
Structure 140: B 26 D 23 1 2 4 5 13 11 27 7 A 28 10 9 35 8
	-> 1 2 4 5 7 8 9 10 11 A B 13 D 23 
Structure 141: B 29 26 D 23 1 2 4 14 5 13 11 27 7 A 10 9 8
	-> 1 2 4 5 7 8 9 10 11 A B 13 14 D 23 
Structure 142: B 26 D 23 1 2 4 14 5 13 11 27 7 A 45 84 9 8
	-> 1 2 4 5 7 8 9 11 A B 13 14 D 23 
Structure 143: 30 20 C 19 1 2 4 14 5 13 11 27 7 A 28 10 9 8
	-> 1 2 4 5 7 8 9 10 11 A 13 14 C 19 20 
Structure 144: B 20 C 19 1 2 4 5 13 11 27 7 A 28 10 9 8
	-> 1 2 4 5 7 8 9 10 11 A B 13 C 19 20 
Structure 145: B 32 D 23 1 2 4 14 5 13 11 7 A 28 10 71 9 35 8
	-> 1 2 4 5 7 8 9 10 11 A B 13 14 D 23 
Structure 146: B 26 D 23 1 2 4 14 5 13 11 27 7 A 10 9 8
	-> 1 2 4 5 7 8 9 10 11 A B 13 14 D 23 
Structure 147: B 20 C 19 33 1 2 4 5 13 11 7 A 10 9 8
	-> 1 2 4 5 7 8 9 10 11 A B 13 C 19 20 
Structure 148: B 47 20 C 19 1 2 4 14 37 5 31 11 27 7 A 10 9 8
	-> 1 2 4 5 7 8 9 10 11 A B 14 C 19 20 
Structure 149: B 30 20 C 44 1 2 4 14 37 5 13 11 7 A 28 10 9 8
	-> 1 2 4 5 7 8 9 10 11 A B 13 14 C 20 
Structure 150: B 26 D 23 1 2 4 14 5 13 11 7 A 10 9 8
	-> 1 2 4 5 7 8 9 10 11 A B 13 14 D 23 
Structure 151: B 26 D 23 1 2 4 14 5 13 11 27 7 A 10 9 8
	-> 1 2 4 5 7 8 9 10 11 A B 13 14 D 23 
Structure 152: B 26 D 23 1 2 4 14 5 13 11 7 A 10 9 8
	-> 1 2 4 5 7 8 9 10 11 A B 13 14 D 23 
Structure 153: B 26 D 23 1 2 4 14 5 13 11 7 A 10 9 8
	-> 1 2 4 5 7 8 9 10 11 A B 13 14 D 23 
Structure 154: B 30 C 19 1 2 4 14 5 31 11 7 A 10 9 8
	-> 1 2 4 5 7 8 9 10 11 A B 14 C 19 
Structure 155: B 30 20 C 19 34 1 2 4 14 5 13 11 7 A 10 9 8
	-> 1 2 4 5 7 8 9 10 11 A B 13 14 C 19 20 
Structure 156: B 29 20 C 19 1 2 4 14 5 13 11 7 A 10 9 8
	-> 1 2 4 5 7 8 9 10 11 A B 13 14 C 19 20 
Structure 157: B 26 D 23 1 2 4 5 31 11 7 A 28 10 9 8
	-> 1 2 4 5 7 8 9 10 11 A B D 23 
Structure 158: B 26 D 23 1 2 4 5 13 11 27 7 A 28 10 9 35 8
	-> 1 2 4 5 7 8 9 10 11 A B 13 D 23 
Structure 159: B 20 C 19 1 2 4 14 5 31 11 7 A 10 9 8
	-> 1 2 4 5 7 8 9 10 11 A B 14 C 19 20 
Structure 160: B 20 C 19 1 2 4 14 5 13 11 7 66 3 15 59 65 51 9 8
	-> 1 2 4 5 7 8 9 11 B 13 14 C 19 20 
Structure 161: B 30 C 19 1 2 4 14 5 13 11 7 A 10 9 8
	-> 1 2 4 5 7 8 9 10 11 A B 13 14 C 19 
Structure 162: B 30 20 C 19 1 2 4 5 13 11 27 7 A 28 10 9 8
	-> 1 2 4 5 7 8 9 10 11 A B 13 C 19 20 
Structure 163: B 26 D 23 1 2 4 14 5 13 11 7 A 28 10 9 8
	-> 1 2 4 5 7 8 9 10 11 A B 13 14 D 23 
Structure 164: B 26 D 23 1 2 4 14 5 13 11 27 7 A 28 10 9 8
	-> 1 2 4 5 7 8 9 10 11 A B 13 14 D 23 
Structure 165: B 26 D 23 1 2 4 14 62 63 13 11 27 7 A 10 9 8
	-> 1 2 4 7 8 9 10 11 A B 13 14 D 23 
Structure 166: B 20 C 19 34 33 1 2 4 14 5 13 11 27 7 A 10 9 35 8
	-> 1 2 4 5 7 8 9 10 11 A B 13 14 C 19 20 
Structure 167: B 29 26 D 23 1 2 4 14 5 31 11 7 A 28 10 9 8
	-> 1 2 4 5 7 8 9 10 11 A B 14 D 23 
Structure 168: B 26 D 23 1 2 4 14 5 13 11 7 A 10 9 8
	-> 1 2 4 5 7 8 9 10 11 A B 13 14 D 23 
Structure 169: B 32 D 23 1 2 4 5 13 11 7 A 10 9 8
	-> 1 2 4 5 7 8 9 10 11 A B 13 D 23 
Structure 170: B 30 C 19 1 2 4 14 5 31 11 7 A 10 9 8
	-> 1 2 4 5 7 8 9 10 11 A B 14 C 19 
Structure 171: B 26 D 23 1 2 4 14 5 13 11 7 A 10 9 8
	-> 1 2 4 5 7 8 9 10 11 A B 13 14 D 23 
Structure 172: B 29 26 D 23 1 2 4 14 5 13 11 7 A 28 10 9 8
	-> 1 2 4 5 7 8 9 10 11 A B 13 14 D 23 
Structure 173: B 29 20 C 19 1 2 4 5 31 11 7 A 28 10 9 8
	-> 1 2 4 5 7 8 9 10 11 A B C 19 20 
Structure 174: B 20 C 19 38 1 2 4 14 5 13 11 7 A 10 9 8
	-> 1 2 4 5 7 8 9 10 11 A B 13 14 C 19 20 
Structure 175: B 30 20 C 19 34 1 2 4 14 5 31 11 7 A 28 10 9 8
	-> 1 2 4 5 7 8 9 10 11 A B 14 C 19 20 
Structure 176: B 30 20 C 19 1 2 4 14 5 13 11 7 A 10 9 8
	-> 1 2 4 5 7 8 9 10 11 A B 13 14 C 19 20 
Structure 177: B 29 26 D 23 1 2 4 14 5 13 11 7 A 28 10 9 8
	-> 1 2 4 5 7 8 9 10 11 A B 13 14 D 23 
Structure 178: B 30 20 C 19 1 2 4 5 31 11 7 A 28 10 9 8
	-> 1 2 4 5 7 8 9 10 11 A B C 19 20 
Structure 179: B 29 20 C 19 1 2 4 14 5 13 11 7 A 28 10 9 39 8
	-> 1 2 4 5 7 8 9 10 11 A B 13 14 C 19 20 
Structure 180: B 30 C 19 1 2 4 14 5 13 11 7 A 10 9 8
	-> 1 2 4 5 7 8 9 10 11 A B 13 14 C 19 
Structure 181: B 26 D 23 1 2 4 14 5 13 11 7 A 10 9 8
	-> 1 2 4 5 7 8 9 10 11 A B 13 14 D 23 
Structure 182: B 26 D 23 1 2 4 14 37 5 13 11 7 A 10 9 8
	-> 1 2 4 5 7 8 9 10 11 A B 13 14 D 23 
Structure 183: B 26 D 23 1 2 4 14 5 13 11 27 7 A 10 9 8
	-> 1 2 4 5 7 8 9 10 11 A B 13 14 D 23 
Structure 184: B 20 C 19 1 2 4 5 13 11 7 A 10 9 8
	-> 1 2 4 5 7 8 9 10 11 A B 13 C 19 20 
Structure 185: B 26 D 23 1 2 4 5 31 11 7 A 10 9 35 8
	-> 1 2 4 5 7 8 9 10 11 A B D 23 
Structure 186: B 32 D 23 1 2 4 14 5 13 11 7 A 28 10 9 8
	-> 1 2 4 5 7 8 9 10 11 A B 13 14 D 23 
Structure 187: B 30 20 C 44 1 2 4 5 13 11 7 A 10 9 8
	-> 1 2 4 5 7 8 9 10 11 A B 13 C 20 
Structure 188: B 20 C 19 1 2 4 5 13 11 27 7 76 3 15 77 59 65 51 52
	-> 1 2 4 5 7 11 B 13 C 19 20 
Structure 189: B 20 C 19 1 2 4 14 5 13 11 27 7 A 10 9 8
	-> 1 2 4 5 7 8 9 10 11 A B 13 14 C 19 20 
Structure 190: B 32 D 23 1 2 4 5 13 11 7 A 10 9 8
	-> 1 2 4 5 7 8 9 10 11 A B 13 D 23 
Structure 191: B 20 C 44 33 1 2 4 5 13 11 7 A 10 9 8
	-> 1 2 4 5 7 8 9 10 11 A B 13 C 20 
Structure 192: B 26 D 23 1 2 4 5 31 11 27 7 A 28 10 9 8
	-> 1 2 4 5 7 8 9 10 11 A B D 23 
Structure 193: B 32 D 23 1 2 4 14 5 13 11 7 A 10 9 8
	-> 1 2 4 5 7 8 9 10 11 A B 13 14 D 23 
Structure 194: B 26 D 56 1 2 4 14 5 13 11 7 12 6 66 3 43 28 10 9 8
	-> 1 2 4 5 7 8 9 10 11 B 13 14 D 
Structure 195: B 26 D 23 1 2 4 5 13 11 7 A 28 10 9 8
	-> 1 2 4 5 7 8 9 10 11 A B 13 D 23 
Structure 196: B 20 C 19 1 2 4 14 5 13 11 7 A 28 10 9 8
	-> 1 2 4 5 7 8 9 10 11 A B 13 14 C 19 20 
Structure 197: B 20 C 19 1 2 4 14 5 31 11 27 7 A 10 9 8
	-> 1 2 4 5 7 8 9 10 11 A B 14 C 19 20 
Structure 198: B 20 C 19 33 1 2 4 14 5 13 11 27 7 A 36 10 9 8
	-> 1 2 4 5 7 8 9 10 11 A B 13 14 C 19 20 
Structure 199: B 29 20 C 19 1 2 4 5 13 11 27 7 A 28 10 9 8
	-> 1 2 4 5 7 8 9 10 11 A B 13 C 19 20 
Structure 200: B 30 C 19 1 2 4 5 13 11 7 A 10 9 8
	-> 1 2 4 5 7 8 9 10 11 A B 13 C 19 
Structure 201: B 20 C 19 1 2 4 14 37 5 13 11 7 A 10 9 8
	-> 1 2 4 5 7 8 9 10 11 A B 13 14 C 19 20 
Structure 202: B 29 26 D 23 1 2 4 14 5 13 11 7 A 36 10 9 8
	-> 1 2 4 5 7 8 9 10 11 A B 13 14 D 23 
Structure 203: B 20 C 19 1 2 4 5 13 11 7 A 28 10 9 8
	-> 1 2 4 5 7 8 9 10 11 A B 13 C 19 20 
Structure 204: 103 16 19 33 1 2 4 5 13 11 7 A 41 10 9 8
	-> 1 2 4 5 7 8 9 10 11 A 13 19 
Structure 205: B 30 20 C 19 1 2 4 5 13 11 27 7 A 10 9 8
	-> 1 2 4 5 7 8 9 10 11 A B 13 C 19 20 
Structure 206: B 26 D 23 1 2 4 14 5 13 11 7 A 10 9 8
	-> 1 2 4 5 7 8 9 10 11 A B 13 14 D 23 
Structure 207: B 30 20 C 19 1 2 4 14 5 85 31 11 27 7 A 10 9 8
	-> 1 2 4 5 7 8 9 10 11 A B 14 C 19 20 
Structure 208: 48 C 19 33 1 2 4 14 5 13 11 27 7 A 10 9 8
	-> 1 2 4 5 7 8 9 10 11 A 13 14 C 19 
Structure 209: B 20 C 19 1 2 4 14 5 13 11 7 A 10 9 8
	-> 1 2 4 5 7 8 9 10 11 A B 13 14 C 19 20 
Structure 210: B 26 D 23 1 2 4 5 31 11 27 7 A 10 9 8
	-> 1 2 4 5 7 8 9 10 11 A B D 23 
Structure 211: B 26 D 23 1 2 4 14 5 13 11 7 A 10 9 8
	-> 1 2 4 5 7 8 9 10 11 A B 13 14 D 23 
Structure 212: B 32 D 23 1 2 4 14 5 13 11 7 A 10 9 8
	-> 1 2 4 5 7 8 9 10 11 A B 13 14 D 23 
Structure 213: B 29 32 D 23 1 2 4 14 5 13 11 27 7 A 10 9 8
	-> 1 2 4 5 7 8 9 10 11 A B 13 14 D 23 
Structure 214: B 20 C 19 33 1 2 4 14 5 13 11 7 6 3 15 10 9 8
	-> 1 2 4 5 7 8 9 10 11 B 13 14 C 19 20 
Structure 215: B 26 D 23 1 2 4 14 5 13 11 27 7 A 28 10 9 8
	-> 1 2 4 5 7 8 9 10 11 A B 13 14 D 23 
Structure 216: B 20 C 19 1 2 4 14 5 31 11 7 A 36 10 9 8
	-> 1 2 4 5 7 8 9 10 11 A B 14 C 19 20 
Structure 217: B 30 20 C 44 1 2 4 5 13 11 27 7 A 28 10 9 8
	-> 1 2 4 5 7 8 9 10 11 A B 13 C 20 
Structure 218: B 29 20 C 19 1 2 4 14 5 31 11 7 A 28 10 9 8
	-> 1 2 4 5 7 8 9 10 11 A B 14 C 19 20 
Structure 219: B 29 32 D 23 1 2 4 14 5 13 11 27 7 A 10 9 8
	-> 1 2 4 5 7 8 9 10 11 A B 13 14 D 23 
Structure 220: B 29 32 D 23 1 2 4 14 5 13 11 7 A 36 10 9 8
	-> 1 2 4 5 7 8 9 10 11 A B 13 14 D 23 
Structure 221: B 29 20 C 19 1 2 4 14 5 40 42 27 7 6 3 15 104 51 60 52
	-> 1 2 4 5 7 B 14 C 19 20 
Structure 222: B 29 26 D 23 1 2 4 5 31 11 27 7 A 10 9 8
	-> 1 2 4 5 7 8 9 10 11 A B D 23 
Structure 223: B 26 D 23 1 2 4 58 5 13 11 7 A 10 9 39 8
	-> 1 2 4 5 7 8 9 10 11 A B 13 D 23 
Structure 224: B 20 C 19 33 1 2 4 14 5 31 11 7 A 10 9 35 8
	-> 1 2 4 5 7 8 9 10 11 A B 14 C 19 20 
Structure 225: B 30 20 C 19 34 1 2 4 14 5 31 11 27 7 A 28 10 9 8
	-> 1 2 4 5 7 8 9 10 11 A B 14 C 19 20 
Structure 226: B 29 20 C 19 1 2 4 14 5 13 11 7 A 10 9 8
	-> 1 2 4 5 7 8 9 10 11 A B 13 14 C 19 20 
Structure 227: B 20 C 19 1 2 4 14 37 5 13 11 27 7 A 10 9 8
	-> 1 2 4 5 7 8 9 10 11 A B 13 14 C 19 20 
Structure 228: B 29 20 C 19 34 1 2 4 14 37 5 40 42 27 7 A 10 9 8
	-> 1 2 4 5 7 8 9 10 A B 14 C 19 20 
Structure 229: B 20 C 19 1 2 4 14 37 5 13 11 27 7 A 10 9 8
	-> 1 2 4 5 7 8 9 10 11 A B 13 14 C 19 20 
Structure 230: B 26 D 23 1 2 4 14 5 13 11 27 7 A 36 10 9 35 8
	-> 1 2 4 5 7 8 9 10 11 A B 13 14 D 23 
Structure 231: B 30 20 C 19 49 1 2 4 14 5 13 11 7 A 10 9 8
	-> 1 2 4 5 7 8 9 10 11 A B 13 14 C 19 20 
Structure 232: B 26 D 23 1 2 4 5 31 11 27 7 A 10 9 8
	-> 1 2 4 5 7 8 9 10 11 A B D 23 
Structure 233: B 30 20 C 19 1 2 4 14 5 13 11 7 6 3 15 10 9 8
	-> 1 2 4 5 7 8 9 10 11 B 13 14 C 19 20 
Structure 234: B 26 D 23 1 2 4 14 5 13 11 7 A 28 10 9 8
	-> 1 2 4 5 7 8 9 10 11 A B 13 14 D 23 
Structure 235: B 20 C 38 1 2 4 5 13 11 7 A 10 9 8
	-> 1 2 4 5 7 8 9 10 11 A B 13 C 20 
Structure 236: B 29 20 C 19 34 1 2 4 14 5 31 11 7 A 10 9 8
	-> 1 2 4 5 7 8 9 10 11 A B 14 C 19 20 
Structure 237: B 20 C 19 1 2 4 14 5 40 42 7 A 10 9 8
	-> 1 2 4 5 7 8 9 10 A B 14 C 19 20 
Structure 238: B 29 20 C 38 1 2 4 5 13 11 7 A 10 9 39 8
	-> 1 2 4 5 7 8 9 10 11 A B 13 C 20 
Structure 239: B 29 20 C 19 1 2 4 14 5 13 11 27 7 A 10 9 8
	-> 1 2 4 5 7 8 9 10 11 A B 13 14 C 19 20 
Structure 240: B 29 20 C 19 1 2 4 14 5 31 11 7 A 10 9 8
	-> 1 2 4 5 7 8 9 10 11 A B 14 C 19 20 
Structure 241: B 32 D 23 1 2 4 14 5 13 11 7 A 10 9 39 8
	-> 1 2 4 5 7 8 9 10 11 A B 13 14 D 23 
Structure 242: B 29 20 C 19 1 2 4 14 5 13 11 27 7 A 10 9 39 8
	-> 1 2 4 5 7 8 9 10 11 A B 13 14 C 19 20 
Structure 243: B 26 D 23 1 2 4 14 5 31 11 27 7 A 10 9 39 8
	-> 1 2 4 5 7 8 9 10 11 A B 14 D 23 
Structure 244: B 26 D 23 1 2 4 14 5 13 11 7 A 28 10 9 8
	-> 1 2 4 5 7 8 9 10 11 A B 13 14 D 23 
Structure 245: B 29 26 D 23 1 2 4 14 5 13 11 7 6 3 15 57 10 9 8
	-> 1 2 4 5 7 8 9 10 11 B 13 14 D 23 
Structure 246: B 26 D 23 1 2 4 14 5 13 11 7 A 28 10 9 8
	-> 1 2 4 5 7 8 9 10 11 A B 13 14 D 23 
Structure 247: B 26 D 23 1 2 14 5 13 11 7 A 10 9 8
	-> 1 2 5 7 8 9 10 11 A B 13 14 D 23 
Structure 248: B 26 D 23 1 2 4 14 37 5 31 11 7 A 28 10 9 8
	-> 1 2 4 5 7 8 9 10 11 A B 14 D 23 
Structure 249: B 30 20 C 19 1 2 4 14 5 31 11 7 A 28 10 9 8
	-> 1 2 4 5 7 8 9 10 11 A B 14 C 19 20 
Structure 250: B 29 20 C 19 1 2 4 14 37 5 31 11 7 A 10 9 8
	-> 1 2 4 5 7 8 9 10 11 A B 14 C 19 20 
Structure 251: B 26 D 23 1 2 4 14 5 13 11 7 A 28 10 9 8
	-> 1 2 4 5 7 8 9 10 11 A B 13 14 D 23 
Structure 252: B 26 D 23 1 2 4 14 5 13 11 7 A 10 9 8
	-> 1 2 4 5 7 8 9 10 11 A B 13 14 D 23 
Structure 253: B 20 C 19 1 2 4 5 13 11 7 A 10 9 8
	-> 1 2 4 5 7 8 9 10 11 A B 13 C 19 20 
Structure 254: B 72 C 19 33 1 70 2 4 14 5 31 11 7 A 36 10 9 8
	-> 1 2 4 5 7 8 9 10 11 A B 14 C 19 
Structure 255: B 29 26 C 46 1 2 4 5 13 11 7 A 36 10 9 8
	-> 1 2 4 5 7 8 9 10 11 A B 13 C 
Structure 256: B 20 C 19 1 2 4 5 13 11 7 A 10 9 8
	-> 1 2 4 5 7 8 9 10 11 A B 13 C 19 20 
Structure 257: B 29 20 C 19 1 2 4 5 13 11 7 A 28 10 9 8
	-> 1 2 4 5 7 8 9 10 11 A B 13 C 19 20 
Structure 258: C 19 33 1 2 4 14 5 13 11 7 A 10 9 8
	-> 1 2 4 5 7 8 9 10 11 A 13 14 C 19 
Structure 259: B 32 D 23 1 2 4 14 5 13 11 7 A 10 9 8
	-> 1 2 4 5 7 8 9 10 11 A B 13 14 D 23 
Structure 260: B 20 C 38 33 1 2 4 14 5 13 11 7 A 10 9 8
	-> 1 2 4 5 7 8 9 10 11 A B 13 14 C 20 
Structure 261: B 20 C 19 34 1 2 4 14 5 13 11 27 7 A 10 9 8
	-> 1 2 4 5 7 8 9 10 11 A B 13 14 C 19 20 
Structure 262: C 19 33 1 2 4 14 5 31 11 7 A 10 9 8
	-> 1 2 4 5 7 8 9 10 11 A 14 C 19 
Structure 263: C 19 33 1 2 4 14 5 13 11 7 A 28 10 9 8
	-> 1 2 4 5 7 8 9 10 11 A 13 14 C 19 
Structure 264: B 26 D 23 1 2 4 14 5 13 11 7 A 10 9 8
	-> 1 2 4 5 7 8 9 10 11 A B 13 14 D 23 
Structure 265: B 30 20 C 19 34 1 2 4 14 5 13 11 7 A 28 10 9 8
	-> 1 2 4 5 7 8 9 10 11 A B 13 14 C 19 20 
Structure 266: B 20 C 1 2 4 14 5 13 11 7 A 10 9 8
	-> 1 2 4 5 7 8 9 10 11 A B 13 14 C 20 
Structure 267: B 26 D 23 1 2 4 14 5 13 11 27 7 12 6 3 43 28 10 9 8
	-> 1 2 4 5 7 8 9 10 11 B 13 14 D 23 
Structure 268: B 20 C 19 33 1 2 4 14 5 13 11 7 A 10 9 8
	-> 1 2 4 5 7 8 9 10 11 A B 13 14 C 19 20 
Structure 269: B 30 20 C 19 34 1 2 4 14 5 13 11 7 A 28 10 9 35 8
	-> 1 2 4 5 7 8 9 10 11 A B 13 14 C 19 20 
Structure 270: B 20 C 19 33 1 2 4 14 5 13 11 7 A 36 10 9 39 8
	-> 1 2 4 5 7 8 9 10 11 A B 13 14 C 19 20 
Structure 271: B 26 D 23 1 2 4 14 5 13 11 7 A 10 9 8
	-> 1 2 4 5 7 8 9 10 11 A B 13 14 D 23 
Structure 272: B 20 C 19 33 1 2 4 14 5 40 42 7 A 10 9 35 8
	-> 1 2 4 5 7 8 9 10 A B 14 C 19 20 
Structure 273: B 29 26 D 23 1 2 4 14 5 13 11 7 A 28 10 9 8
	-> 1 2 4 5 7 8 9 10 11 A B 13 14 D 23 
Structure 274: B 26 D 23 1 2 4 5 31 11 7 A 28 10 9 8
	-> 1 2 4 5 7 8 9 10 11 A B D 23 
Structure 275: B 32 D 23 1 2 4 14 37 5 13 11 7 A 10 9 39 8
	-> 1 2 4 5 7 8 9 10 11 A B 13 14 D 23 
Structure 276: B 26 D 23 1 2 4 14 5 13 11 7 A 36 10 9 8
	-> 1 2 4 5 7 8 9 10 11 A B 13 14 D 23 
Structure 277: B 20 C 19 1 2 4 5 13 11 27 7 A 10 9 8
	-> 1 2 4 5 7 8 9 10 11 A B 13 C 19 20 
Structure 278: B 26 D 23 1 2 4 14 5 13 11 7 A 10 9 8
	-> 1 2 4 5 7 8 9 10 11 A B 13 14 D 23 
Structure 279: B 29 32 D 23 1 2 4 5 40 42 7 A 36 10 9 8
	-> 1 2 4 5 7 8 9 10 A B D 23 
Structure 280: B 26 D 23 1 2 4 14 5 13 11 7 A 28 10 9 8
	-> 1 2 4 5 7 8 9 10 11 A B 13 14 D 23 
Structure 281: B 29 20 C 19 1 2 4 14 5 13 11 7 A 10 9 8
	-> 1 2 4 5 7 8 9 10 11 A B 13 14 C 19 20 
Structure 282: B 30 20 C 19 1 2 4 14 5 13 11 7 A 10 9 8
	-> 1 2 4 5 7 8 9 10 11 A B 13 14 C 19 20 
Structure 283: B 20 C 19 33 1 2 4 14 5 13 11 7 A 28 10 9 8
	-> 1 2 4 5 7 8 9 10 11 A B 13 14 C 19 20 
Structure 284: B 29 20 C 19 1 2 4 14 5 13 11 7 A 28 10 9 8
	-> 1 2 4 5 7 8 9 10 11 A B 13 14 C 19 20 
Structure 285: B 30 20 C 19 1 2 4 5 13 11 7 A 10 9 8
	-> 1 2 4 5 7 8 9 10 11 A B 13 C 19 20 
Structure 286: B 30 20 C 19 1 2 4 14 5 13 11 7 A 10 9 8
	-> 1 2 4 5 7 8 9 10 11 A B 13 14 C 19 20 
Structure 287: B 29 32 D 23 1 2 4 14 5 40 42 7 A 28 10 9 8
	-> 1 2 4 5 7 8 9 10 A B 14 D 23 
Structure 288: B 29 20 C 19 1 2 4 14 5 13 11 27 7 A 10 9 8
	-> 1 2 4 5 7 8 9 10 11 A B 13 14 C 19 20 
Structure 289: B 20 C 19 1 2 4 14 5 13 11 27 7 A 10 9 39 8
	-> 1 2 4 5 7 8 9 10 11 A B 13 14 C 19 20 
Structure 290: B 30 20 C 19 1 2 4 14 5 13 11 27 7 A 10 9 35 8
	-> 1 2 4 5 7 8 9 10 11 A B 13 14 C 19 20 
Structure 291: B 29 20 C 19 34 1 2 4 14 5 13 11 7 A 10 9 8
	-> 1 2 4 5 7 8 9 10 11 A B 13 14 C 19 20 
Structure 292: B 26 D 23 1 2 4 14 5 13 11 7 A 10 9 8
	-> 1 2 4 5 7 8 9 10 11 A B 13 14 D 23 
Structure 293: B 29 30 20 C 19 34 1 2 4 14 5 13 11 7 A 28 10 9 8
	-> 1 2 4 5 7 8 9 10 11 A B 13 14 C 19 20 
Structure 294: B 29 20 C 19 1 2 4 14 37 5 13 11 7 A 36 10 9 35 8
	-> 1 2 4 5 7 8 9 10 11 A B 13 14 C 19 20 
Structure 295: B 26 D 23 1 2 4 14 5 13 11 7 A 10 9 8
	-> 1 2 4 5 7 8 9 10 11 A B 13 14 D 23 
Structure 296: B C 38 33 1 2 4 14 5 13 11 7 A 28 10 9 8
	-> 1 2 4 5 7 8 9 10 11 A B 13 14 C 
Structure 297: B 26 D 23 1 2 4 5 13 11 27 7 A 10 9 8
	-> 1 2 4 5 7 8 9 10 11 A B 13 D 23 
Structure 298: B 20 C 19 33 1 2 4 14 37 5 13 11 7 A 28 10 9 39 8
	-> 1 2 4 5 7 8 9 10 11 A B 13 14 C 19 20 
Structure 299: B 20 C 19 1 2 4 5 13 11 27 7 A 10 9 8
	-> 1 2 4 5 7 8 9 10 11 A B 13 C 19 20 
Structure 300: B 30 C 19 1 2 4 14 5 31 11 27 7 A 10 9 8
	-> 1 2 4 5 7 8 9 10 11 A B 14 C 19 
Structure 301: B 30 20 C 19 1 2 4 5 13 11 7 A 10 9 8
	-> 1 2 4 5 7 8 9 10 11 A B 13 C 19 20 
Structure 302: B 29 26 D 23 1 2 4 14 5 13 11 27 7 A 10 9 8
	-> 1 2 4 5 7 8 9 10 11 A B 13 14 D 23 
Structure 303: B 29 20 C 19 34 1 2 4 14 5 13 11 27 7 A 28 10 9 8
	-> 1 2 4 5 7 8 9 10 11 A B 13 14 C 19 20 
Structure 304: B 26 D 23 1 2 4 14 5 13 11 27 7 12 6 3 43 28 10 9 8
	-> 1 2 4 5 7 8 9 10 11 B 13 14 D 23 
Structure 305: B 29 26 D 23 1 2 4 14 5 13 11 7 A 28 10 9 35 8
	-> 1 2 4 5 7 8 9 10 11 A B 13 14 D 23 
Structure 306: B 20 C 19 1 2 4 14 5 13 11 27 7 A 10 9 8
	-> 1 2 4 5 7 8 9 10 11 A B 13 14 C 19 20 
Structure 307: B 26 D 23 1 2 4 5 13 11 27 7 A 10 9 8
	-> 1 2 4 5 7 8 9 10 11 A B 13 D 23 
Structure 308: B 26 D 23 1 2 4 14 5 13 11 7 A 36 10 9 8
	-> 1 2 4 5 7 8 9 10 11 A B 13 14 D 23 
Structure 309: B 20 C 19 34 1 2 4 5 13 11 27 7 A 10 9 8
	-> 1 2 4 5 7 8 9 10 11 A B 13 C 19 20 
Structure 310: B 30 20 C 19 1 2 4 14 5 13 11 7 A 10 9 8
	-> 1 2 4 5 7 8 9 10 11 A B 13 14 C 19 20 
Structure 311: B 29 20 C 19 34 1 2 4 14 5 13 11 7 A 10 9 8
	-> 1 2 4 5 7 8 9 10 11 A B 13 14 C 19 20 
Structure 312: B 29 26 D 23 1 2 4 14 5 31 11 27 7 A 10 9 35 8
	-> 1 2 4 5 7 8 9 10 11 A B 14 D 23 
Structure 313: B 26 D 23 1 2 4 14 5 13 11 7 A 10 9 39 8
	-> 1 2 4 5 7 8 9 10 11 A B 13 14 D 23 
Structure 314: B 29 20 C 105 44 1 2 4 14 5 11 7 A 10 9 8
	-> 1 2 4 5 7 8 9 10 11 A B 14 C 20 
Structure 315: B 26 D 23 1 2 4 14 5 31 11 7 A 10 9 8
	-> 1 2 4 5 7 8 9 10 11 A B 14 D 23 
Structure 316: B 20 C 19 34 33 1 2 4 5 13 11 7 A 10 9 8
	-> 1 2 4 5 7 8 9 10 11 A B 13 C 19 20 
Structure 317: B 26 D 23 1 2 4 14 5 13 11 7 A 10 9 8
	-> 1 2 4 5 7 8 9 10 11 A B 13 14 D 23 
Structure 318: B 20 C 19 1 2 4 14 5 13 11 7 6 3 25 106 107 8
	-> 1 2 4 5 7 8 11 B 13 14 C 19 20 
Structure 319: B 20 C 19 33 1 2 4 14 5 13 11 7 A 10 9 8
	-> 1 2 4 5 7 8 9 10 11 A B 13 14 C 19 20 
Structure 320: B 26 D 23 1 2 4 5 13 11 7 A 10 9 35 8
	-> 1 2 4 5 7 8 9 10 11 A B 13 D 23 
Structure 321: B 29 20 C 1 2 4 14 5 13 11 7 A 10 9 8
	-> 1 2 4 5 7 8 9 10 11 A B 13 14 C 20 
Structure 322: B 29 C 19 1 2 4 14 5 13 11 27 7 A 10 9 8
	-> 1 2 4 5 7 8 9 10 11 A B 13 14 C 19 
Structure 323: B 30 20 C 19 1 2 4 5 13 11 7 A 36 10 9 8
	-> 1 2 4 5 7 8 9 10 11 A B 13 C 19 20 
Structure 324: B 29 20 C 19 1 2 4 14 5 13 11 27 7 A 28 10 9 8
	-> 1 2 4 5 7 8 9 10 11 A B 13 14 C 19 20 
Structure 325: B 32 D 23 1 2 4 14 5 13 11 7 A 10 9 8
	-> 1 2 4 5 7 8 9 10 11 A B 13 14 D 23 
Structure 326: B 47 26 D 23 1 2 4 14 5 31 11 27 7 A 28 10 9 35 8
	-> 1 2 4 5 7 8 9 10 11 A B 14 D 23 
Structure 327: B 29 20 C 19 1 2 4 5 31 11 7 A 10 9 8
	-> 1 2 4 5 7 8 9 10 11 A B C 19 20 
Structure 328: B 29 26 D 23 1 2 4 14 5 13 11 27 7 A 41 10 9 8
	-> 1 2 4 5 7 8 9 10 11 A B 13 14 D 23 
Structure 329: B 26 21 23 1 2 4 14 5 13 11 27 7 A 28 10 9 35 8
	-> 1 2 4 5 7 8 9 10 11 A B 13 14 23 
Structure 330: B 30 20 C 19 1 2 4 14 5 13 11 7 A 28 10 9 8
	-> 1 2 4 5 7 8 9 10 11 A B 13 14 C 19 20 
Structure 331: B 20 C 19 34 1 2 4 5 13 11 7 A 10 9 8
	-> 1 2 4 5 7 8 9 10 11 A B 13 C 19 20 
Structure 332: B 20 C 19 1 2 4 14 37 5 13 11 27 7 A 10 9 8
	-> 1 2 4 5 7 8 9 10 11 A B 13 14 C 19 20 
Structure 333: B 30 20 C 46 38 1 2 4 14 5 13 11 7 A 10 9 8
	-> 1 2 4 5 7 8 9 10 11 A B 13 14 C 20 
Structure 334: B 20 C 19 1 2 4 14 5 13 11 7 A 10 9 8
	-> 1 2 4 5 7 8 9 10 11 A B 13 14 C 19 20 
Structure 335: B 29 26 D 23 1 2 4 14 5 31 11 7 A 28 10 9 8
	-> 1 2 4 5 7 8 9 10 11 A B 14 D 23 
Structure 336: B 30 20 C 19 1 2 4 14 37 5 31 11 7 A 28 10 9 8
	-> 1 2 4 5 7 8 9 10 11 A B 14 C 19 20 
Structure 337: C 19 33 1 2 4 14 5 13 11 27 7 A 10 9 8
	-> 1 2 4 5 7 8 9 10 11 A 13 14 C 19 
Structure 338: B 32 D 23 1 2 4 14 5 13 11 7 A 10 9 8
	-> 1 2 4 5 7 8 9 10 11 A B 13 14 D 23 
Structure 339: B 20 C 19 1 2 4 5 85 108 11 7 A 86 10 9 8
	-> 1 2 4 5 7 8 9 10 11 A B C 19 20 
Structure 340: B 29 26 D 23 1 2 4 14 5 13 11 27 7 A 28 10 9 8
	-> 1 2 4 5 7 8 9 10 11 A B 13 14 D 23 
Structure 341: B 26 D 23 1 2 4 14 5 13 11 27 7 6 3 15 10 9 8
	-> 1 2 4 5 7 8 9 10 11 B 13 14 D 23 
Structure 342: B 30 20 C 44 1 2 4 5 13 11 7 A 10 9 8
	-> 1 2 4 5 7 8 9 10 11 A B 13 C 20 
Structure 343: B 20 C 19 1 2 4 14 5 13 11 7 A 10 9 8
	-> 1 2 4 5 7 8 9 10 11 A B 13 14 C 19 20 
Structure 344: B 26 D 23 1 2 4 14 5 13 11 7 A 28 10 9 8
	-> 1 2 4 5 7 8 9 10 11 A B 13 14 D 23 
Structure 345: B 30 20 C 19 1 2 4 14 62 63 13 11 27 7 A 10 9 8
	-> 1 2 4 7 8 9 10 11 A B 13 14 C 19 20 
Structure 346: B 26 D 23 1 2 4 14 5 13 11 7 50 A 28 10 9 8
	-> 1 2 4 5 7 8 9 10 11 A B 13 14 D 23 
Structure 347: B 29 20 C 46 1 2 4 5 13 11 7 A 10 9 35 8
	-> 1 2 4 5 7 8 9 10 11 A B 13 C 20 
Structure 348: B 20 C 19 1 2 4 14 5 13 11 27 7 6 3 25 57 28 10 9 8
	-> 1 2 4 5 7 8 9 10 11 B 13 14 C 19 20 
Structure 349: 48 C 19 33 1 2 4 37 5 31 11 7 A 28 10 9 8
	-> 1 2 4 5 7 8 9 10 11 A C 19 
Structure 350: B 32 D 23 1 2 4 14 5 13 11 7 A 10 9 8
	-> 1 2 4 5 7 8 9 10 11 A B 13 14 D 23 
Structure 351: B 26 D 23 1 2 4 14 5 31 11 7 A 36 10 9 35 8
	-> 1 2 4 5 7 8 9 10 11 A B 14 D 23 
Structure 352: B 20 C 19 1 2 4 14 5 13 11 7 A 10 9 8
	-> 1 2 4 5 7 8 9 10 11 A B 13 14 C 19 20 
Structure 353: C 19 33 1 2 4 5 31 11 7 A 10 9 8
	-> 1 2 4 5 7 8 9 10 11 A C 19 
Structure 354: B 20 C 19 1 2 4 14 37 5 13 11 27 7 A 36 10 9 8
	-> 1 2 4 5 7 8 9 10 11 A B 13 14 C 19 20 
Structure 355: B 26 D 73 87 1 2 4 14 5 13 11 7 A 10 9 35 8
	-> 1 2 4 5 7 8 9 10 11 A B 13 14 D 
Structure 356: 109 72 C 19 67 1 2 4 14 37 5 13 11 7 A 10 9 8
	-> 1 2 4 5 7 8 9 10 11 A 13 14 C 19 
Structure 357: B 29 32 D 23 1 2 4 14 5 13 11 27 7 12 6 3 43 10 9 8
	-> 1 2 4 5 7 8 9 10 11 B 13 14 D 23 
Structure 358: B 29 32 D 23 1 2 4 14 5 13 11 27 7 A 28 10 9 35 8
	-> 1 2 4 5 7 8 9 10 11 A B 13 14 D 23 
Structure 359: B 20 C 19 1 2 4 14 37 5 13 11 7 A 10 9 8
	-> 1 2 4 5 7 8 9 10 11 A B 13 14 C 19 20 
Structure 360: B 26 D 23 1 2 4 14 5 13 11 27 7 A 10 9 35 8
	-> 1 2 4 5 7 8 9 10 11 A B 13 14 D 23 
Structure 361: 68 C 19 34 33 1 2 4 5 13 11 27 7 A 10 9 8
	-> 1 2 4 5 7 8 9 10 11 A 13 C 19 
Structure 362: B 26 D 23 1 2 4 14 5 31 11 7 A 36 10 9 39 8
	-> 1 2 4 5 7 8 9 10 11 A B 14 D 23 
Structure 363: B 26 C 19 34 1 2 4 14 5 13 11 27 7 A 10 9 8
	-> 1 2 4 5 7 8 9 10 11 A B 13 14 C 19 
Structure 364: B 30 20 C 19 34 1 2 4 5 13 11 7 A 10 9 8
	-> 1 2 4 5 7 8 9 10 11 A B 13 C 19 20 
Structure 365: B 30 20 C 19 1 2 4 14 5 13 11 27 7 A 10 9 8
	-> 1 2 4 5 7 8 9 10 11 A B 13 14 C 19 20 
Structure 366: B 26 D 23 1 2 4 14 5 13 11 7 12 6 3 43 10 9 8
	-> 1 2 4 5 7 8 9 10 11 B 13 14 D 23 
Structure 367: B 30 C 19 1 2 4 5 13 11 7 A 10 9 8
	-> 1 2 4 5 7 8 9 10 11 A B 13 C 19 
Structure 368: B 29 32 D 23 1 2 4 14 5 13 11 7 A 28 10 9 8
	-> 1 2 4 5 7 8 9 10 11 A B 13 14 D 23 
Structure 369: 48 C 46 33 69 1 2 4 5 13 11 27 7 A 28 10 9 35 8
	-> 1 2 4 5 7 8 9 10 11 A 13 C 
Structure 370: B C 19 34 33 1 2 4 14 5 13 11 27 7 A 36 10 9 8
	-> 1 2 4 5 7 8 9 10 11 A B 13 14 C 19 
Structure 371: B 30 20 C 19 34 1 2 4 14 5 13 11 7 6 3 15 10 9 8
	-> 1 2 4 5 7 8 9 10 11 B 13 14 C 19 20 
Structure 372: B 20 C 19 33 1 2 4 5 13 11 7 A 10 9 35 8
	-> 1 2 4 5 7 8 9 10 11 A B 13 C 19 20 
Structure 373: B 29 20 C 19 1 2 4 14 37 5 13 11 27 7 A 28 10 9 8
	-> 1 2 4 5 7 8 9 10 11 A B 13 14 C 19 20 
Structure 374: B 20 C 19 38 1 2 4 5 13 11 7 A 10 9 8
	-> 1 2 4 5 7 8 9 10 11 A B 13 C 19 20 
Structure 375: B 29 32 D 23 1 2 4 14 5 13 11 7 A 28 10 9 8
	-> 1 2 4 5 7 8 9 10 11 A B 13 14 D 23 
Structure 376: B 20 C 19 33 1 2 4 14 5 31 11 7 A 10 9 8
	-> 1 2 4 5 7 8 9 10 11 A B 14 C 19 20 
Structure 377: B 29 26 D 23 1 2 4 14 5 13 11 7 A 45 10 9 8
	-> 1 2 4 5 7 8 9 10 11 A B 13 14 D 23 
Structure 378: B 26 D 23 1 2 4 14 5 13 11 7 A 10 9 8
	-> 1 2 4 5 7 8 9 10 11 A B 13 14 D 23 
Structure 379: B 20 C 19 1 2 4 14 5 13 11 7 A 10 9 8
	-> 1 2 4 5 7 8 9 10 11 A B 13 14 C 19 20 
Structure 380: B 29 20 C 19 1 2 4 14 5 13 11 7 A 10 9 8
	-> 1 2 4 5 7 8 9 10 11 A B 13 14 C 19 20 
Structure 381: B 20 C 19 33 1 2 4 5 13 11 7 A 10 9 8
	-> 1 2 4 5 7 8 9 10 11 A B 13 C 19 20 
Structure 382: B 29 20 C 46 1 2 4 5 13 11 7 A 36 10 9 8
	-> 1 2 4 5 7 8 9 10 11 A B 13 C 20 
Structure 383: B C 19 38 33 1 2 4 14 5 31 11 27 7 A 10 9 39 8
	-> 1 2 4 5 7 8 9 10 11 A B 14 C 19 
Structure 384: B 26 D 23 1 2 4 5 13 11 27 7 A 10 9 8
	-> 1 2 4 5 7 8 9 10 11 A B 13 D 23 
Structure 385: B 30 20 C 19 1 2 4 14 5 13 11 7 A 10 9 8
	-> 1 2 4 5 7 8 9 10 11 A B 13 14 C 19 20 
Structure 386: B 20 C 19 33 1 2 4 14 5 13 11 27 7 A 10 9 8
	-> 1 2 4 5 7 8 9 10 11 A B 13 14 C 19 20 
Structure 387: B 29 20 C 19 1 2 4 14 5 13 11 7 A 28 10 9 8
	-> 1 2 4 5 7 8 9 10 11 A B 13 14 C 19 20 
Structure 388: B 29 20 C 19 1 2 4 14 5 40 42 27 7 12 6 3 43 10 9 8
	-> 1 2 4 5 7 8 9 10 B 14 C 19 20 
Structure 389: B 26 D 23 1 2 4 5 31 11 27 7 6 3 15 110 36 10 9 8
	-> 1 2 4 5 7 8 9 10 11 B D 23 
Structure 390: B 26 D 23 1 2 4 14 5 31 11 7 A 10 9 8
	-> 1 2 4 5 7 8 9 10 11 A B 14 D 23 
Structure 391: B 26 D 23 1 2 4 14 5 13 11 27 7 A 10 9 8
	-> 1 2 4 5 7 8 9 10 11 A B 13 14 D 23 
Structure 392: B 32 D 23 1 2 4 14 5 13 11 7 A 28 10 9 8
	-> 1 2 4 5 7 8 9 10 11 A B 13 14 D 23 
Structure 393: B 26 D 23 1 2 4 14 37 5 13 11 27 7 A 41 10 9 8
	-> 1 2 4 5 7 8 9 10 11 A B 13 14 D 23 
Structure 394: B 20 C 19 1 2 4 5 13 11 7 A 36 10 9 8
	-> 1 2 4 5 7 8 9 10 11 A B 13 C 19 20 
Structure 395: B 29 32 D 23 1 2 4 14 5 13 11 7 12 6 3 43 28 10 9 8
	-> 1 2 4 5 7 8 9 10 11 B 13 14 D 23 
Structure 396: B 26 D 23 1 2 4 14 5 13 11 54 7 A 36 10 9 39 8
	-> 1 2 4 5 7 8 9 10 11 A B 13 14 D 23 
Structure 397: B 29 32 D 23 1 2 4 58 5 13 11 7 6 3 15 10 9 39 8
	-> 1 2 4 5 7 8 9 10 11 B 13 D 23 
Structure 398: B 29 26 D 23 1 2 4 14 5 13 11 7 A 10 9 8
	-> 1 2 4 5 7 8 9 10 11 A B 13 14 D 23 
Structure 399: B 30 C 19 34 1 2 4 14 5 13 11 27 7 A 10 9 8
	-> 1 2 4 5 7 8 9 10 11 A B 13 14 C 19 
Structure 400: B 26 D 23 1 2 4 14 5 13 11 7 A 10 9 8
	-> 1 2 4 5 7 8 9 10 11 A B 13 14 D 23 
Structure 401: B 30 20 C 19 34 1 2 4 14 5 13 11 7 12 6 3 43 41 10 9 8
	-> 1 2 4 5 7 8 9 10 11 B 13 14 C 19 20 
Structure 402: B 20 C 19 34 1 2 4 5 13 11 7 A 10 9 8
	-> 1 2 4 5 7 8 9 10 11 A B 13 C 19 20 
Structure 403: C 19 34 33 1 2 4 14 5 13 11 7 A 10 9 35 8
	-> 1 2 4 5 7 8 9 10 11 A 13 14 C 19 
Structure 404: B 30 20 C 19 38 1 2 4 14 5 13 11 27 7 A 28 10 9 8
	-> 1 2 4 5 7 8 9 10 11 A B 13 14 C 19 20 
Structure 405: B 26 D 23 1 2 4 58 5 13 11 7 A 10 9 8
	-> 1 2 4 5 7 8 9 10 11 A B 13 D 23 
Structure 406: B 32 D 23 1 2 4 14 5 13 11 27 7 A 28 10 9 8
	-> 1 2 4 5 7 8 9 10 11 A B 13 14 D 23 
Structure 407: B 55 C 19 33 1 2 4 14 5 13 11 27 7 A 10 9 8
	-> 1 2 4 5 7 8 9 10 11 A B 13 14 C 19 
Structure 408: B 26 D 23 1 2 4 14 5 13 11 27 7 A 10 9 8
	-> 1 2 4 5 7 8 9 10 11 A B 13 14 D 23 
Structure 409: B 30 20 C 19 1 2 4 14 5 31 11 7 A 10 9 8
	-> 1 2 4 5 7 8 9 10 11 A B 14 C 19 20 
Structure 410: B 30 20 C 19 1 2 4 14 5 13 11 7 A 10 9 8
	-> 1 2 4 5 7 8 9 10 11 A B 13 14 C 19 20 
Structure 411: B 30 20 C 19 1 2 4 5 31 11 27 7 A 10 9 8
	-> 1 2 4 5 7 8 9 10 11 A B C 19 20 
Structure 412: B 26 D 23 1 2 4 14 5 13 11 7 A 10 9 8
	-> 1 2 4 5 7 8 9 10 11 A B 13 14 D 23 
Structure 413: B 26 D 23 1 2 4 5 13 11 7 A 10 9 8
	-> 1 2 4 5 7 8 9 10 11 A B 13 D 23 
Structure 414: B 20 C 38 1 2 4 5 13 11 7 A 28 10 9 8
	-> 1 2 4 5 7 8 9 10 11 A B 13 C 20 
Structure 415: B 30 20 C 19 1 2 4 14 5 13 11 7 A 10 9 8
	-> 1 2 4 5 7 8 9 10 11 A B 13 14 C 19 20 
Structure 416: B 47 32 D 56 53 1 2 4 5 13 11 7 A 10 9 8
	-> 1 2 4 5 7 8 9 10 11 A B 13 D 
Structure 417: B 30 20 C 19 1 2 4 14 5 13 11 7 A 10 9 8
	-> 1 2 4 5 7 8 9 10 11 A B 13 14 C 19 20 
Structure 418: B 26 D 23 1 2 4 14 5 13 11 7 A 10 9 8
	-> 1 2 4 5 7 8 9 10 11 A B 13 14 D 23 
Structure 419: B 20 C 38 1 2 4 14 5 13 11 7 A 10 9 8
	-> 1 2 4 5 7 8 9 10 11 A B 13 14 C 20 
Structure 420: B 26 D 23 1 2 4 14 5 40 42 7 A 10 9 8
	-> 1 2 4 5 7 8 9 10 A B 14 D 23 
Structure 421: B 29 20 C 19 34 1 2 4 5 13 11 7 A 10 9 8
	-> 1 2 4 5 7 8 9 10 11 A B 13 C 19 20 
Structure 422: B 26 D 23 1 2 4 5 13 11 7 A 10 9 8
	-> 1 2 4 5 7 8 9 10 11 A B 13 D 23 
Structure 423: B 29 32 D 23 1 2 4 14 5 13 11 7 A 28 10 9 8
	-> 1 2 4 5 7 8 9 10 11 A B 13 14 D 23 
Structure 424: B 20 C 38 1 2 4 5 13 11 27 7 A 10 9 8
	-> 1 2 4 5 7 8 9 10 11 A B 13 C 20 
Structure 425: B 26 D 23 1 2 4 5 13 11 27 7 A 10 9 39 8
	-> 1 2 4 5 7 8 9 10 11 A B 13 D 23 
Structure 426: B 20 C 19 1 2 4 5 31 11 27 7 A 10 9 8
	-> 1 2 4 5 7 8 9 10 11 A B C 19 20 
Structure 427: B C 33 1 2 4 5 13 11 7 A 10 9 8
	-> 1 2 4 5 7 8 9 10 11 A B 13 C 
Structure 428: B 20 C 19 34 1 2 4 14 5 13 11 7 A 10 9 35 8
	-> 1 2 4 5 7 8 9 10 11 A B 13 14 C 19 20 
Structure 429: B 26 D 23 1 2 4 5 31 11 27 7 A 28 10 9 8
	-> 1 2 4 5 7 8 9 10 11 A B D 23 
Structure 430: B 20 C 19 1 2 4 14 5 31 11 7 A 10 9 8
	-> 1 2 4 5 7 8 9 10 11 A B 14 C 19 20 
Structure 431: B 26 D 23 1 2 4 14 5 13 11 27 7 A 10 9 8
	-> 1 2 4 5 7 8 9 10 11 A B 13 14 D 23 
Structure 432: B 30 20 C 19 1 2 4 5 31 11 7 A 10 9 8
	-> 1 2 4 5 7 8 9 10 11 A B C 19 20 
Structure 433: B 29 20 C 19 1 2 4 5 13 11 27 7 A 10 9 8
	-> 1 2 4 5 7 8 9 10 11 A B 13 C 19 20 
Structure 434: B 29 26 D 23 1 2 4 5 13 11 7 A 10 9 35 8
	-> 1 2 4 5 7 8 9 10 11 A B 13 D 23 
Structure 435: B 29 32 D 23 1 2 4 14 5 13 11 27 7 A 10 9 8
	-> 1 2 4 5 7 8 9 10 11 A B 13 14 D 23 
Structure 436: B 32 D 23 1 2 4 5 13 11 7 A 10 9 8
	-> 1 2 4 5 7 8 9 10 11 A B 13 D 23 
Structure 437: B 30 20 C 19 1 2 4 14 5 13 11 A 41 10 9 8
	-> 1 2 4 5 8 9 10 11 A B 13 14 C 19 20 
Structure 438: B 26 D 23 1 2 4 14 5 13 11 7 A 10 9 8
	-> 1 2 4 5 7 8 9 10 11 A B 13 14 D 23 
Structure 439: B 30 C 19 34 1 2 4 14 37 5 13 11 7 A 10 9 8
	-> 1 2 4 5 7 8 9 10 11 A B 13 14 C 19 
Structure 440: B 26 D 23 1 2 4 14 5 13 11 7 A 28 10 9 8
	-> 1 2 4 5 7 8 9 10 11 A B 13 14 D 23 
Structure 441: B 20 C 19 1 2 4 14 5 13 11 27 7 A 10 9 8
	-> 1 2 4 5 7 8 9 10 11 A B 13 14 C 19 20 
Structure 442: B 26 D 23 1 2 4 5 13 11 7 A 28 10 9 8
	-> 1 2 4 5 7 8 9 10 11 A B 13 D 23 
Structure 443: B 26 D 73 87 1 2 4 14 5 13 11 7 A 10 9 8
	-> 1 2 4 5 7 8 9 10 11 A B 13 14 D 
Structure 444: B 20 C 19 1 2 4 14 5 13 11 7 A 10 9 39 8
	-> 1 2 4 5 7 8 9 10 11 A B 13 14 C 19 20 
Structure 445: B 29 20 C 19 1 2 4 14 5 13 11 7 A 10 9 8
	-> 1 2 4 5 7 8 9 10 11 A B 13 14 C 19 20 
Structure 446: B 20 C 19 33 1 2 4 5 13 11 7 A 28 10 9 8
	-> 1 2 4 5 7 8 9 10 11 A B 13 C 19 20 
Structure 447: B 20 C 19 1 2 4 5 13 11 7 A 45 10 9 8
	-> 1 2 4 5 7 8 9 10 11 A B 13 C 19 20 
Structure 448: B 26 D 23 1 2 4 5 13 11 27 7 A 36 10 9 8
	-> 1 2 4 5 7 8 9 10 11 A B 13 D 23 
Structure 449: B 26 D 23 1 2 4 5 13 11 7 A 10 9 8
	-> 1 2 4 5 7 8 9 10 11 A B 13 D 23 
Structure 450: B 20 C 19 33 1 2 4 5 13 11 7 A 28 10 9 8
	-> 1 2 4 5 7 8 9 10 11 A B 13 C 19 20 
Structure 451: B 20 C 19 49 1 2 14 5 13 11 7 A 45 10 9 8
	-> 1 2 5 7 8 9 10 11 A B 13 14 C 19 20 
Structure 452: B 29 20 C 38 1 2 4 14 5 13 11 7 A 10 9 8
	-> 1 2 4 5 7 8 9 10 11 A B 13 14 C 20 
Structure 453: B 30 20 C 19 34 1 2 4 14 5 13 11 27 7 A 36 10 9 8
	-> 1 2 4 5 7 8 9 10 11 A B 13 14 C 19 20 
Structure 454: B 30 20 C 38 1 2 4 5 13 11 7 A 10 9 8
	-> 1 2 4 5 7 8 9 10 11 A B 13 C 20 
Structure 455: B 20 C 38 33 1 2 4 5 31 11 7 A 10 9 8
	-> 1 2 4 5 7 8 9 10 11 A B C 20 
Structure 456: B 30 C 19 34 1 2 4 14 5 13 11 7 A 36 10 9 35 8
	-> 1 2 4 5 7 8 9 10 11 A B 13 14 C 19 
Structure 457: B 29 26 D 23 1 2 4 5 13 11 27 7 A 36 10 9 8
	-> 1 2 4 5 7 8 9 10 11 A B 13 D 23 
Structure 458: B 55 C 19 33 1 2 4 14 5 13 11 7 A 10 9 8
	-> 1 2 4 5 7 8 9 10 11 A B 13 14 C 19 
Structure 459: B 55 C 44 33 1 2 4 14 5 13 11 7 A 10 9 8
	-> 1 2 4 5 7 8 9 10 11 A B 13 14 C 
Structure 460: B 26 D 23 1 2 4 14 5 13 11 27 7 A 28 10 9 8
	-> 1 2 4 5 7 8 9 10 11 A B 13 14 D 23 
Structure 461: B 26 C 44 1 2 4 5 13 11 7 A 10 9 8
	-> 1 2 4 5 7 8 9 10 11 A B 13 C 
Structure 462: B 29 20 C 19 1 2 4 14 5 13 11 7 A 10 9 8
	-> 1 2 4 5 7 8 9 10 11 A B 13 14 C 19 20 
Structure 463: B 26 D 23 1 2 4 14 5 13 11 27 7 A 10 9 8
	-> 1 2 4 5 7 8 9 10 11 A B 13 14 D 23 
Structure 464: B 26 D 23 1 2 4 14 5 13 11 7 A 10 9 8
	-> 1 2 4 5 7 8 9 10 11 A B 13 14 D 23 
Structure 465: C 19 33 1 2 4 14 5 13 11 7 A 10 9 8
	-> 1 2 4 5 7 8 9 10 11 A 13 14 C 19 
Structure 466: B 30 20 C 19 1 2 4 14 5 13 11 7 A 28 10 9 8
	-> 1 2 4 5 7 8 9 10 11 A B 13 14 C 19 20 
Structure 467: B 32 D 23 1 2 4 14 5 13 11 27 7 A 10 9 8
	-> 1 2 4 5 7 8 9 10 11 A B 13 14 D 23 
Structure 468: B 29 20 C 19 34 1 2 4 5 13 11 27 7 A 10 9 8
	-> 1 2 4 5 7 8 9 10 11 A B 13 C 19 20 
Structure 469: C 19 38 33 1 2 4 14 5 13 11 27 7 A 10 9 8
	-> 1 2 4 5 7 8 9 10 11 A 13 14 C 19 
Structure 470: B 29 20 C 38 1 2 4 14 37 5 13 11 27 7 A 28 10 9 8
	-> 1 2 4 5 7 8 9 10 11 A B 13 14 C 20 
Structure 471: B 30 20 C 19 1 2 4 14 5 13 11 7 A 10 9 8
	-> 1 2 4 5 7 8 9 10 11 A B 13 14 C 19 20 
Structure 472: B 26 D 23 1 2 4 14 5 13 11 7 A 10 9 8
	-> 1 2 4 5 7 8 9 10 11 A B 13 14 D 23 
Structure 473: 68 C 19 33 1 2 4 5 13 11 7 A 28 10 9 8
	-> 1 2 4 5 7 8 9 10 11 A 13 C 19 
Structure 474: B 20 C 19 1 2 4 5 31 11 7 A 10 9 8
	-> 1 2 4 5 7 8 9 10 11 A B C 19 20 
Structure 475: B 32 D 23 1 2 4 14 5 13 11 7 A 28 10 9 8
	-> 1 2 4 5 7 8 9 10 11 A B 13 14 D 23 
Structure 476: B 30 C 19 1 2 4 14 5 13 11 7 A 28 10 9 8
	-> 1 2 4 5 7 8 9 10 11 A B 13 14 C 19 
Structure 477: B 26 D 23 1 2 4 14 5 31 11 27 7 A 10 9 35 8
	-> 1 2 4 5 7 8 9 10 11 A B 14 D 23 
Structure 478: B 29 20 C 19 1 2 4 14 5 13 11 7 A 10 9 8
	-> 1 2 4 5 7 8 9 10 11 A B 13 14 C 19 20 
Structure 479: B 26 D 23 1 2 4 14 5 31 11 7 A 28 10 9 8
	-> 1 2 4 5 7 8 9 10 11 A B 14 D 23 
Structure 480: B 29 26 D 23 1 2 4 5 13 11 7 A 10 9 8
	-> 1 2 4 5 7 8 9 10 11 A B 13 D 23 
Structure 481: B 20 C 19 1 2 4 5 13 11 7 A 10 9 39 8
	-> 1 2 4 5 7 8 9 10 11 A B 13 C 19 20 
Structure 482: B 32 D 23 1 2 4 5 13 11 7 A 10 9 8
	-> 1 2 4 5 7 8 9 10 11 A B 13 D 23 
Structure 483: B 29 20 C 19 49 1 2 4 14 5 31 11 7 A 36 10 9 8
	-> 1 2 4 5 7 8 9 10 11 A B 14 C 19 20 
Structure 484: B 20 C 19 34 1 2 4 14 37 5 13 11 7 A 10 9 39 8
	-> 1 2 4 5 7 8 9 10 11 A B 13 14 C 19 20 
Structure 485: B 30 20 C 19 1 2 4 5 13 11 7 A 10 9 8
	-> 1 2 4 5 7 8 9 10 11 A B 13 C 19 20 
Structure 486: B 20 C 19 33 1 2 4 14 5 13 11 7 A 10 9 8
	-> 1 2 4 5 7 8 9 10 11 A B 13 14 C 19 20 
Structure 487: B 26 D 23 1 2 4 14 5 13 11 7 A 28 10 9 8
	-> 1 2 4 5 7 8 9 10 11 A B 13 14 D 23 
Structure 488: B 29 20 C 38 1 2 4 14 5 13 11 7 A 10 9 8
	-> 1 2 4 5 7 8 9 10 11 A B 13 14 C 20 
Structure 489: B 26 D 23 1 2 4 5 13 11 7 A 10 9 8
	-> 1 2 4 5 7 8 9 10 11 A B 13 D 23 
Structure 490: B 20 C 19 1 2 4 14 5 13 11 7 A 28 10 9 8
	-> 1 2 4 5 7 8 9 10 11 A B 13 14 C 19 20 
Structure 491: B 29 20 C 19 1 2 4 14 5 13 11 7 A 10 9 8
	-> 1 2 4 5 7 8 9 10 11 A B 13 14 C 19 20 
Structure 492: B 26 D 23 1 2 4 14 5 13 11 7 A 41 10 9 8
	-> 1 2 4 5 7 8 9 10 11 A B 13 14 D 23 
Structure 493: 48 C 38 33 1 2 4 14 5 31 11 7 A 10 9 8
	-> 1 2 4 5 7 8 9 10 11 A 14 C 
Structure 494: B 20 C 19 1 2 4 14 5 13 11 7 6 3 15 28 10 9 8
	-> 1 2 4 5 7 8 9 10 11 B 13 14 C 19 20 
Structure 495: B 26 D 23 1 2 4 5 13 11 7 A 10 9 8
	-> 1 2 4 5 7 8 9 10 11 A B 13 D 23 
Structure 496: B 29 20 C 19 1 2 4 14 5 13 11 27 7 A 36 10 9 8
	-> 1 2 4 5 7 8 9 10 11 A B 13 14 C 19 20 
Structure 497: B 30 20 C 19 1 2 4 5 13 11 7 A 10 9 8
	-> 1 2 4 5 7 8 9 10 11 A B 13 C 19 20 
Structure 498: B 29 26 D 23 1 2 4 14 5 13 11 7 A 10 9 8
	-> 1 2 4 5 7 8 9 10 11 A B 13 14 D 23 
Structure 499: B 29 26 21 23 1 2 4 14 5 13 11 7 50 A 28 10 9 8
	-> 1 2 4 5 7 8 9 10 11 A B 13 14 23 
Structure 500: B 29 20 C 19 1 2 4 14 5 13 11 7 A 10 9 35 8
	-> 1 2 4 5 7 8 9 10 11 A B 13 14 C 19 20 
Structure 501: B C 19 33 1 2 4 14 5 13 11 7 A 10 9 8
	-> 1 2 4 5 7 8 9 10 11 A B 13 14 C 19 
Structure 502: B 29 26 D 23 1 2 4 14 37 5 13 11 7 A 28 10 9 8
	-> 1 2 4 5 7 8 9 10 11 A B 13 14 D 23 
Structure 503: B 30 20 C 19 1 2 4 14 5 13 11 7 A 10 9 8
	-> 1 2 4 5 7 8 9 10 11 A B 13 14 C 19 20 
Structure 504: B 29 20 C 19 1 2 4 14 5 13 11 7 6 3 25 10 9 8
	-> 1 2 4 5 7 8 9 10 11 B 13 14 C 19 20 
Structure 505: B 29 20 C 19 34 1 2 4 14 5 13 11 7 A 28 10 9 8
	-> 1 2 4 5 7 8 9 10 11 A B 13 14 C 19 20 
Structure 506: B 20 C 44 1 2 4 14 5 13 11 7 A 10 9 8
	-> 1 2 4 5 7 8 9 10 11 A B 13 14 C 20 
Structure 507: B 26 D 23 1 2 4 14 5 40 111 27 7 A 28 10 9 8
	-> 1 2 4 5 7 8 9 10 A B 14 D 23 
Structure 508: B 26 D 23 1 2 4 14 5 13 11 27 7 A 28 10 9 39 8
	-> 1 2 4 5 7 8 9 10 11 A B 13 14 D 23 
Structure 509: B 26 D 23 1 2 4 14 5 13 11 27 7 A 28 10 9 8
	-> 1 2 4 5 7 8 9 10 11 A B 13 14 D 23 
Structure 510: B 26 D 23 1 2 4 14 5 13 11 27 7 A 28 10 9 8
	-> 1 2 4 5 7 8 9 10 11 A B 13 14 D 23 
Structure 511: B 26 D 23 1 2 4 14 5 31 11 7 A 10 9 8
	-> 1 2 4 5 7 8 9 10 11 A B 14 D 23 
Structure 512: B 20 C 46 33 1 2 4 14 5 13 11 7 6 3 15 59 65 51 9 8
	-> 1 2 4 5 7 8 9 11 B 13 14 C 20 
Structure 513: B 30 20 C 19 1 2 4 5 31 11 7 A 10 9 8
	-> 1 2 4 5 7 8 9 10 11 A B C 19 20 
Structure 514: B 47 32 D 23 1 2 4 14 5 13 11 27 7 A 45 10 9 8
	-> 1 2 4 5 7 8 9 10 11 A B 13 14 D 23 
Structure 515: B 26 D 23 1 2 4 37 5 13 11 7 A 10 9 8
	-> 1 2 4 5 7 8 9 10 11 A B 13 D 23 
Structure 516: B 29 20 C 19 1 2 4 14 5 13 11 27 7 A 28 10 9 8
	-> 1 2 4 5 7 8 9 10 11 A B 13 14 C 19 20 
Structure 517: B 26 D 23 1 2 4 14 5 31 11 27 7 A 10 9 8
	-> 1 2 4 5 7 8 9 10 11 A B 14 D 23 
Structure 518: B 30 20 C 49 1 2 4 5 31 11 7 A 28 10 9 8
	-> 1 2 4 5 7 8 9 10 11 A B C 20 
Structure 519: B 26 D 23 1 2 4 14 5 13 11 7 A 28 10 9 8
	-> 1 2 4 5 7 8 9 10 11 A B 13 14 D 23 
Structure 520: B 32 D 23 1 2 4 14 5 13 11 27 7 A 10 9 8
	-> 1 2 4 5 7 8 9 10 11 A B 13 14 D 23 
Structure 521: B 26 D 23 1 2 4 14 5 13 11 7 A 36 10 9 8
	-> 1 2 4 5 7 8 9 10 11 A B 13 14 D 23 
Structure 522: B 26 D 23 1 2 4 14 37 5 13 11 27 7 A 10 9 8
	-> 1 2 4 5 7 8 9 10 11 A B 13 14 D 23 
Structure 523: B 20 C 19 1 2 4 14 5 13 11 27 7 A 10 9 8
	-> 1 2 4 5 7 8 9 10 11 A B 13 14 C 19 20 
Structure 524: B 32 D 23 1 2 4 14 5 13 11 27 7 A 10 9 8
	-> 1 2 4 5 7 8 9 10 11 A B 13 14 D 23 
Structure 525: B 30 20 C 38 1 2 4 14 5 13 11 27 7 50 A 41 10 9 8
	-> 1 2 4 5 7 8 9 10 11 A B 13 14 C 20 
Structure 526: B 26 D 23 1 2 4 14 5 13 11 27 7 A 10 9 8
	-> 1 2 4 5 7 8 9 10 11 A B 13 14 D 23 
Structure 527: C 38 33 1 2 4 5 13 11 7 A 10 9 8
	-> 1 2 4 5 7 8 9 10 11 A 13 C 
Structure 528: B 26 D 23 1 2 4 14 5 31 11 7 A 10 9 8
	-> 1 2 4 5 7 8 9 10 11 A B 14 D 23 
Structure 529: 20 C 19 67 1 2 4 14 5 13 11 7 A 10 9 8
	-> 1 2 4 5 7 8 9 10 11 A 13 14 C 19 20 
Structure 530: B 30 20 C 19 1 2 4 14 5 13 11 7 A 10 9 35 8
	-> 1 2 4 5 7 8 9 10 11 A B 13 14 C 19 20 
Structure 531: B 20 C 19 33 1 2 4 5 13 11 7 A 28 10 9 8
	-> 1 2 4 5 7 8 9 10 11 A B 13 C 19 20 
Structure 532: B 20 C 46 38 1 2 4 14 5 13 11 27 7 A 36 10 9 8
	-> 1 2 4 5 7 8 9 10 11 A B 13 14 C 20 
Structure 533: B 29 32 D 23 1 2 4 14 5 13 11 27 7 A 10 9 8
	-> 1 2 4 5 7 8 9 10 11 A B 13 14 D 23 
Structure 534: B 29 32 D 23 1 2 4 14 5 13 11 7 A 28 10 9 39 8
	-> 1 2 4 5 7 8 9 10 11 A B 13 14 D 23 
Structure 535: B 32 D 23 1 2 4 14 5 13 11 7 A 10 9 8
	-> 1 2 4 5 7 8 9 10 11 A B 13 14 D 23 
Structure 536: B 26 D 23 1 2 4 14 37 5 13 11 27 7 A 10 9 35 8
	-> 1 2 4 5 7 8 9 10 11 A B 13 14 D 23 
Structure 537: B 29 20 C 38 1 2 4 14 5 31 11 7 A 28 10 9 8
	-> 1 2 4 5 7 8 9 10 11 A B 14 C 20 
Structure 538: B 20 C 19 1 2 4 14 5 31 11 7 A 36 10 9 8
	-> 1 2 4 5 7 8 9 10 11 A B 14 C 19 20 
Structure 539: B 29 26 D 56 53 1 2 4 14 5 13 11 27 7 A 10 9 8
	-> 1 2 4 5 7 8 9 10 11 A B 13 14 D 
Structure 540: B 32 D 23 1 2 4 14 5 13 11 7 A 28 10 9 8
	-> 1 2 4 5 7 8 9 10 11 A B 13 14 D 23 
Structure 541: B 20 C 19 1 2 4 5 13 11 7 A 45 10 9 8
	-> 1 2 4 5 7 8 9 10 11 A B 13 C 19 20 
Structure 542: B 20 C 19 1 2 4 14 5 13 11 7 A 10 9 39 8
	-> 1 2 4 5 7 8 9 10 11 A B 13 14 C 19 20 
Structure 543: B 32 D 23 1 2 4 5 13 11 7 A 10 9 8
	-> 1 2 4 5 7 8 9 10 11 A B 13 D 23 
Structure 544: B 29 32 D 23 1 2 4 14 5 13 11 27 7 A 10 9 39 8
	-> 1 2 4 5 7 8 9 10 11 A B 13 14 D 23 
Structure 545: B 26 D 23 1 2 4 5 13 11 54 7 A 10 9 8
	-> 1 2 4 5 7 8 9 10 11 A B 13 D 23 
Structure 546: B 20 C 19 1 2 4 14 5 13 11 7 A 10 9 8
	-> 1 2 4 5 7 8 9 10 11 A B 13 14 C 19 20 
Structure 547: B 26 D 1 2 4 14 5 13 11 7 A 28 10 9 8
	-> 1 2 4 5 7 8 9 10 11 A B 13 14 D 
Structure 548: B 30 20 C 19 38 1 2 4 5 13 11 7 A 28 10 9 8
	-> 1 2 4 5 7 8 9 10 11 A B 13 C 19 20 
Structure 549: B 29 26 D 23 1 2 4 5 31 11 7 A 10 9 8
	-> 1 2 4 5 7 8 9 10 11 A B D 23 
Structure 550: B 30 20 C 38 1 2 4 14 5 13 11 7 A 10 9 8
	-> 1 2 4 5 7 8 9 10 11 A B 13 14 C 20 
Structure 551: B 26 D 23 1 2 4 5 13 11 7 A 28 10 9 8
	-> 1 2 4 5 7 8 9 10 11 A B 13 D 23 
Structure 552: B 29 20 C 19 1 2 4 5 13 11 27 7 A 10 9 8
	-> 1 2 4 5 7 8 9 10 11 A B 13 C 19 20 
Structure 553: 68 C 19 34 33 1 2 4 14 5 13 11 7 A 10 9 8
	-> 1 2 4 5 7 8 9 10 11 A 13 14 C 19 
Structure 554: B 26 D 38 1 2 4 14 5 13 11 7 6 3 15 28 10 9 8
	-> 1 2 4 5 7 8 9 10 11 B 13 14 D 
Structure 555: B 29 26 D 23 1 2 4 5 13 11 7 A 10 9 8
	-> 1 2 4 5 7 8 9 10 11 A B 13 D 23 
Structure 556: B 26 D 23 1 2 4 5 13 11 7 A 28 10 9 8
	-> 1 2 4 5 7 8 9 10 11 A B 13 D 23 
Structure 557: B 29 32 D 23 1 2 4 14 5 13 11 27 7 A 10 9 8
	-> 1 2 4 5 7 8 9 10 11 A B 13 14 D 23 
Structure 558: B 29 26 D 23 1 2 4 5 31 11 27 7 A 10 9 8
	-> 1 2 4 5 7 8 9 10 11 A B D 23 
Structure 559: B 30 20 C 19 1 2 4 14 5 13 11 7 A 10 9 8
	-> 1 2 4 5 7 8 9 10 11 A B 13 14 C 19 20 
Structure 560: B 55 C 19 1 2 4 14 5 13 11 7 A 10 9 8
	-> 1 2 4 5 7 8 9 10 11 A B 13 14 C 19 
Structure 561: B 30 20 C 19 1 2 4 14 5 13 11 7 A 28 10 9 8
	-> 1 2 4 5 7 8 9 10 11 A B 13 14 C 19 20 
Structure 562: B 30 20 C 19 1 2 4 14 5 13 11 27 7 A 28 10 9 8
	-> 1 2 4 5 7 8 9 10 11 A B 13 14 C 19 20 
Structure 563: B 32 D 23 1 2 4 14 5 13 11 7 88 A 41 10 9 8
	-> 1 2 4 5 7 8 9 10 11 A B 13 14 D 23 
Structure 564: B 29 32 D 23 1 2 4 14 5 13 11 27 7 A 10 9 8
	-> 1 2 4 5 7 8 9 10 11 A B 13 14 D 23 
Structure 565: B 30 20 C 19 1 2 4 14 5 40 7 A 28 10 9 8
	-> 1 2 4 5 7 8 9 10 A B 14 C 19 20 
Structure 566: B 20 C 38 1 2 4 14 5 13 40 42 7 A 10 9 8
	-> 1 2 4 5 7 8 9 10 A B 13 14 C 20 
Structure 567: B 29 20 C 19 1 2 4 14 5 13 11 27 7 A 10 9 8
	-> 1 2 4 5 7 8 9 10 11 A B 13 14 C 19 20 
Structure 568: B 32 D 23 1 2 4 14 5 13 11 7 A 10 9 8
	-> 1 2 4 5 7 8 9 10 11 A B 13 14 D 23 
Structure 569: B 29 26 D 23 1 2 4 14 5 13 11 7 A 10 9 8
	-> 1 2 4 5 7 8 9 10 11 A B 13 14 D 23 
Structure 570: B 26 D 23 1 2 4 14 5 13 11 7 A 28 10 9 8
	-> 1 2 4 5 7 8 9 10 11 A B 13 14 D 23 
Structure 571: B 29 20 C 1 2 4 5 13 11 27 7 A 28 10 9 35 8
	-> 1 2 4 5 7 8 9 10 11 A B 13 C 20 
Structure 572: B 47 26 D 23 1 2 4 14 5 13 11 7 A 10 9 8
	-> 1 2 4 5 7 8 9 10 11 A B 13 14 D 23 
Structure 573: B 30 20 C 44 1 2 4 14 5 13 11 7 6 3 25 59 51 9 8
	-> 1 2 4 5 7 8 9 11 B 13 14 C 20 
Structure 574: B 26 D 23 1 2 4 14 5 13 11 27 7 A 28 10 9 8
	-> 1 2 4 5 7 8 9 10 11 A B 13 14 D 23 
Structure 575: B 26 D 23 1 2 4 14 5 13 11 7 A 28 10 9 8
	-> 1 2 4 5 7 8 9 10 11 A B 13 14 D 23 
Structure 576: B 32 D 23 1 2 4 14 5 31 11 27 7 A 10 9 8
	-> 1 2 4 5 7 8 9 10 11 A B 14 D 23 
Structure 577: 68 C 19 33 1 2 4 14 5 31 11 7 A 10 9 35 8
	-> 1 2 4 5 7 8 9 10 11 A 14 C 19 
Structure 578: B 26 D 23 1 2 4 14 5 40 42 61 7 A 28 10 9 8
	-> 1 2 4 5 7 8 9 10 A B 14 D 23 
Structure 579: B 29 26 D 23 1 2 4 5 13 11 7 A 10 9 8
	-> 1 2 4 5 7 8 9 10 11 A B 13 D 23 
Structure 580: B 20 C 19 34 33 1 2 4 14 5 13 11 7 A 10 9 39 8
	-> 1 2 4 5 7 8 9 10 11 A B 13 14 C 19 20 
Structure 581: B 20 C 19 1 2 4 14 5 13 11 7 A 10 9 8
	-> 1 2 4 5 7 8 9 10 11 A B 13 14 C 19 20 
Structure 582: B 30 20 C 38 1 2 4 5 13 11 7 A 10 9 8
	-> 1 2 4 5 7 8 9 10 11 A B 13 C 20 
Structure 583: B 26 D 23 1 2 4 14 5 13 11 7 A 28 10 9 8
	-> 1 2 4 5 7 8 9 10 11 A B 13 14 D 23 
Structure 584: B 30 C 19 1 2 4 14 5 13 11 7 A 10 9 8
	-> 1 2 4 5 7 8 9 10 11 A B 13 14 C 19 
Structure 585: B 29 26 D 23 1 2 4 14 37 5 13 11 7 A 28 10 9 8
	-> 1 2 4 5 7 8 9 10 11 A B 13 14 D 23 
Structure 586: B 32 D 23 1 2 4 5 13 11 7 A 10 9 8
	-> 1 2 4 5 7 8 9 10 11 A B 13 D 23 
Structure 587: B 30 20 C 19 34 1 2 4 14 5 13 11 7 A 10 9 8
	-> 1 2 4 5 7 8 9 10 11 A B 13 14 C 19 20 
Structure 588: B 26 D 23 1 2 4 14 5 13 11 74 A 41 10 9 8
	-> 1 2 4 5 8 9 10 11 A B 13 14 D 23 
Structure 589: B 32 D 23 1 2 4 14 5 13 11 7 A 10 9 8
	-> 1 2 4 5 7 8 9 10 11 A B 13 14 D 23 
Structure 590: B 30 20 C 19 1 2 4 14 5 13 11 7 A 10 9 8
	-> 1 2 4 5 7 8 9 10 11 A B 13 14 C 19 20 
Structure 591: B 32 D 23 1 2 4 5 13 11 7 A 10 9 8
	-> 1 2 4 5 7 8 9 10 11 A B 13 D 23 
Structure 592: B 20 C 19 1 2 4 14 5 31 11 27 7 A 28 10 9 8
	-> 1 2 4 5 7 8 9 10 11 A B 14 C 19 20 
Structure 593: B 32 D 23 1 2 4 14 5 13 11 7 A 28 10 9 8
	-> 1 2 4 5 7 8 9 10 11 A B 13 14 D 23 
Structure 594: B 29 32 D 23 1 2 4 5 13 11 7 A 36 10 9 8
	-> 1 2 4 5 7 8 9 10 11 A B 13 D 23 
Structure 595: B 29 20 C 19 1 2 4 14 37 5 13 11 7 A 10 9 8
	-> 1 2 4 5 7 8 9 10 11 A B 13 14 C 19 20 
Structure 596: B 29 20 C 19 1 2 4 14 5 13 11 7 A 28 10 9 8
	-> 1 2 4 5 7 8 9 10 11 A B 13 14 C 19 20 
Structure 597: B 32 D 23 1 2 4 5 13 11 7 A 10 9 39 8
	-> 1 2 4 5 7 8 9 10 11 A B 13 D 23 
Structure 598: B 30 20 C 19 49 1 2 4 14 5 13 11 7 A 10 9 35 8
	-> 1 2 4 5 7 8 9 10 11 A B 13 14 C 19 20 
Structure 599: B 20 C 19 1 2 4 14 5 13 11 7 A 10 9 8
	-> 1 2 4 5 7 8 9 10 11 A B 13 14 C 19 20 
Structure 600: B 29 20 C 19 1 2 4 14 5 13 11 7 A 10 9 39 8
	-> 1 2 4 5 7 8 9 10 11 A B 13 14 C 19 20 
Structure 601: B 30 20 C 19 1 2 4 5 31 11 7 A 10 9 8
	-> 1 2 4 5 7 8 9 10 11 A B C 19 20 
Structure 602: B 30 C 19 1 2 4 14 5 13 11 7 A 36 10 9 8
	-> 1 2 4 5 7 8 9 10 11 A B 13 14 C 19 
Structure 603: B 30 20 C 19 1 2 4 14 5 13 11 7 A 10 9 8
	-> 1 2 4 5 7 8 9 10 11 A B 13 14 C 19 20 
Structure 604: B 26 D 23 1 2 4 14 5 13 11 27 7 A 36 10 9 8
	-> 1 2 4 5 7 8 9 10 11 A B 13 14 D 23 
Structure 605: B 26 D 23 1 2 4 14 5 13 11 7 A 10 9 8
	-> 1 2 4 5 7 8 9 10 11 A B 13 14 D 23 
Structure 606: B 29 32 D 23 1 2 4 14 37 5 13 11 7 A 10 9 8
	-> 1 2 4 5 7 8 9 10 11 A B 13 14 D 23 
Structure 607: B 29 26 D 23 1 2 4 5 13 11 27 7 A 10 9 8
	-> 1 2 4 5 7 8 9 10 11 A B 13 D 23 
Structure 608: B 26 D 23 1 2 4 14 5 13 11 7 6 3 15 28 10 9 8
	-> 1 2 4 5 7 8 9 10 11 B 13 14 D 23 
Structure 609: C 44 33 1 2 4 14 5 13 11 7 A 10 9 8
	-> 1 2 4 5 7 8 9 10 11 A 13 14 C 
Structure 610: B 26 D 23 1 2 4 14 5 13 11 7 A 10 9 8
	-> 1 2 4 5 7 8 9 10 11 A B 13 14 D 23 
Structure 611: B 29 32 D 23 1 2 4 5 13 11 7 A 28 10 9 8
	-> 1 2 4 5 7 8 9 10 11 A B 13 D 23 
Structure 612: B 29 20 C 38 1 2 4 5 13 11 27 7 112 6 3 15 57 10 9 8
	-> 1 2 4 5 7 8 9 10 11 B 13 C 20 
Structure 613: B 20 C 38 1 2 4 5 13 11 7 A 10 9 8
	-> 1 2 4 5 7 8 9 10 11 A B 13 C 20 
Structure 614: B 20 C 19 1 2 4 14 5 13 11 27 7 A 10 9 39 8
	-> 1 2 4 5 7 8 9 10 11 A B 13 14 C 19 20 
Structure 615: B 29 26 D 73 1 2 4 14 5 13 11 54 7 A 10 9 8
	-> 1 2 4 5 7 8 9 10 11 A B 13 14 D 
Structure 616: B 30 C 19 1 2 4 14 5 13 11 7 A 10 9 8
	-> 1 2 4 5 7 8 9 10 11 A B 13 14 C 19 
Structure 617: B 20 C 38 1 2 4 14 5 40 42 7 A 113 10 9 8
	-> 1 2 4 5 7 8 9 10 A B 14 C 20 
Structure 618: B 47 20 C 38 1 2 4 5 13 11 7 A 10 9 8
	-> 1 2 4 5 7 8 9 10 11 A B 13 C 20 
Structure 619: B 32 D 23 1 2 4 5 13 11 27 7 A 36 10 9 8
	-> 1 2 4 5 7 8 9 10 11 A B 13 D 23 
Structure 620: B 26 D 23 1 2 4 14 5 13 11 27 7 A 10 9 8
	-> 1 2 4 5 7 8 9 10 11 A B 13 14 D 23 
Structure 621: B 26 D 23 1 2 4 14 37 5 13 11 7 A 10 9 8
	-> 1 2 4 5 7 8 9 10 11 A B 13 14 D 23 
Structure 622: B 30 20 C 19 1 2 114 37 5 13 11 7 A 36 10 9 8
	-> 1 2 5 7 8 9 10 11 A B 13 C 19 20 
Structure 623: B 26 D 23 1 2 4 14 5 31 11 7 A 10 9 8
	-> 1 2 4 5 7 8 9 10 11 A B 14 D 23 
Structure 624: B 29 20 C 38 1 2 4 14 5 13 11 27 7 A 28 10 9 8
	-> 1 2 4 5 7 8 9 10 11 A B 13 14 C 20 
Structure 625: B 32 D 23 1 2 4 14 5 13 11 7 A 10 9 8
	-> 1 2 4 5 7 8 9 10 11 A B 13 14 D 23 
Structure 626: C 38 33 1 2 4 14 5 13 11 7 A 28 10 9 8
	-> 1 2 4 5 7 8 9 10 11 A 13 14 C 
Structure 627: B 26 D 23 1 2 4 14 5 13 11 27 7 A 10 9 35 8
	-> 1 2 4 5 7 8 9 10 11 A B 13 14 D 23 
Structure 628: B 30 20 C 46 38 1 2 4 14 5 13 11 27 7 A 28 10 9 35 8
	-> 1 2 4 5 7 8 9 10 11 A B 13 14 C 20 
Structure 629: B 29 30 20 C 19 34 1 2 4 14 5 40 7 A 28 10 9 8
	-> 1 2 4 5 7 8 9 10 A B 14 C 19 20 
Structure 630: B 30 20 C 19 1 2 4 14 5 13 11 54 7 A 10 9 8
	-> 1 2 4 5 7 8 9 10 11 A B 13 14 C 19 20 
Structure 631: B 29 20 C 19 1 2 4 14 5 13 11 7 A 10 9 8
	-> 1 2 4 5 7 8 9 10 11 A B 13 14 C 19 20 
Structure 632: B 29 20 C 19 1 2 4 14 5 13 11 27 7 A 28 10 9 8
	-> 1 2 4 5 7 8 9 10 11 A B 13 14 C 19 20 
Structure 633: B 26 D 23 1 2 4 5 13 11 7 A 28 10 9 8
	-> 1 2 4 5 7 8 9 10 11 A B 13 D 23 
Structure 634: B 26 D 23 1 2 4 14 5 13 11 7 A 10 9 35 8
	-> 1 2 4 5 7 8 9 10 11 A B 13 14 D 23 
Structure 635: B 20 C 19 33 1 2 4 14 5 13 11 27 7 A 10 9 39 8
	-> 1 2 4 5 7 8 9 10 11 A B 13 14 C 19 20 
Structure 636: B 29 20 C 19 1 2 4 5 13 11 7 A 10 9 8
	-> 1 2 4 5 7 8 9 10 11 A B 13 C 19 20 
Structure 637: B 26 D 23 1 2 4 14 5 13 11 7 A 28 10 9 8
	-> 1 2 4 5 7 8 9 10 11 A B 13 14 D 23 
Structure 638: B 20 C 19 34 1 2 4 5 13 11 27 7 A 28 10 9 8
	-> 1 2 4 5 7 8 9 10 11 A B 13 C 19 20 
Structure 639: B 26 D 23 1 2 4 14 5 13 11 7 A 28 10 9 8
	-> 1 2 4 5 7 8 9 10 11 A B 13 14 D 23 
Structure 640: B 26 D 23 1 2 4 14 5 13 11 7 A 10 9 8
	-> 1 2 4 5 7 8 9 10 11 A B 13 14 D 23 
Structure 641: B 26 D 23 1 2 4 14 5 13 11 7 A 28 10 9 8
	-> 1 2 4 5 7 8 9 10 11 A B 13 14 D 23 
Structure 642: B 20 C 19 49 33 1 2 4 14 5 13 11 7 A 28 10 9 8
	-> 1 2 4 5 7 8 9 10 11 A B 13 14 C 19 20 
Structure 643: B 26 D 23 1 2 4 5 13 11 27 7 A 10 9 8
	-> 1 2 4 5 7 8 9 10 11 A B 13 D 23 
Structure 644: B 26 D 23 1 2 4 14 5 13 11 7 A 28 10 9 8
	-> 1 2 4 5 7 8 9 10 11 A B 13 14 D 23 
Structure 645: B 20 C 19 1 2 4 14 37 5 13 11 7 A 10 9 8
	-> 1 2 4 5 7 8 9 10 11 A B 13 14 C 19 20 
Structure 646: B 30 20 C 19 1 2 4 14 37 5 13 11 7 A 10 9 35 8
	-> 1 2 4 5 7 8 9 10 11 A B 13 14 C 19 20 
Structure 647: B 26 D 23 1 2 4 14 5 13 11 7 A 28 10 9 8
	-> 1 2 4 5 7 8 9 10 11 A B 13 14 D 23 
Structure 648: B 29 20 C 19 1 2 4 14 5 13 11 27 7 A 10 9 8
	-> 1 2 4 5 7 8 9 10 11 A B 13 14 C 19 20 
Structure 649: B 29 26 D 23 1 2 4 14 5 13 11 7 A 10 9 39 8
	-> 1 2 4 5 7 8 9 10 11 A B 13 14 D 23 
Structure 650: B 30 C 19 34 1 2 4 14 5 31 11 27 7 A 10 9 8
	-> 1 2 4 5 7 8 9 10 11 A B 14 C 19 
Structure 651: B 26 D 23 1 2 4 5 13 11 7 A 10 9 8
	-> 1 2 4 5 7 8 9 10 11 A B 13 D 23 
Structure 652: B 20 C 19 1 115 2 4 14 5 13 11 27 7 A 10 9 8
	-> 1 2 4 5 7 8 9 10 11 A B 13 14 C 19 20 
Structure 653: B 30 20 C 19 1 2 4 14 5 13 11 7 A 10 9 8
	-> 1 2 4 5 7 8 9 10 11 A B 13 14 C 19 20 
Structure 654: B 29 32 D 23 1 2 4 5 40 116 89 90 A 51 52
	-> 1 2 4 5 A B D 23 
Structure 655: B 29 26 D 23 1 2 4 14 5 40 42 7 A 28 10 9 8
	-> 1 2 4 5 7 8 9 10 A B 14 D 23 
Structure 656: B 26 D 23 1 2 4 5 31 11 7 6 3 15 28 10 9 8
	-> 1 2 4 5 7 8 9 10 11 B D 23 
Structure 657: B 29 26 D 23 1 2 4 14 5 13 11 7 A 28 10 9 8
	-> 1 2 4 5 7 8 9 10 11 A B 13 14 D 23 
Structure 658: B 20 C 19 1 2 4 14 5 13 11 27 7 A 10 9 8
	-> 1 2 4 5 7 8 9 10 11 A B 13 14 C 19 20 
Structure 659: B 30 20 C 19 1 2 4 14 5 13 11 27 7 A 10 9 8
	-> 1 2 4 5 7 8 9 10 11 A B 13 14 C 19 20 
Structure 660: B 20 C 19 69 1 2 4 5 13 11 7 A 117 79 9 8
	-> 1 2 4 5 7 8 9 11 A B 13 C 19 20 
Structure 661: B 30 20 C 38 1 2 4 14 5 13 11 7 A 36 10 9 8
	-> 1 2 4 5 7 8 9 10 11 A B 13 14 C 20 
Structure 662: B 20 C 19 1 2 4 14 5 13 11 7 74 A 41 10 9 39 8
	-> 1 2 4 5 7 8 9 10 11 A B 13 14 C 19 20 
Structure 663: B 30 20 C 38 1 2 4 14 5 13 11 7 A 41 10 9 39 8
	-> 1 2 4 5 7 8 9 10 11 A B 13 14 C 20 
Structure 664: B 30 C 38 1 2 4 5 13 11 27 7 A 10 9 8
	-> 1 2 4 5 7 8 9 10 11 A B 13 C 
Structure 665: B 29 32 D 23 1 2 4 14 5 13 11 7 A 36 10 9 8
	-> 1 2 4 5 7 8 9 10 11 A B 13 14 D 23 
Structure 666: 118 32 D 23 1 2 4 14 5 13 11 27 7 A 10 9 8
	-> 1 2 4 5 7 8 9 10 11 A 13 14 D 23 
Structure 667: B 30 20 C 19 1 2 4 14 5 13 11 7 A 28 10 9 8
	-> 1 2 4 5 7 8 9 10 11 A B 13 14 C 19 20 
Structure 668: C 19 34 33 1 2 4 5 13 11 7 A 36 10 9 8
	-> 1 2 4 5 7 8 9 10 11 A 13 C 19 
Structure 669: B 30 20 C 19 1 2 4 14 5 31 11 7 A 36 10 9 8
	-> 1 2 4 5 7 8 9 10 11 A B 14 C 19 20 
Structure 670: B 30 20 C 19 1 2 4 14 5 13 11 27 7 A 10 9 8
	-> 1 2 4 5 7 8 9 10 11 A B 13 14 C 19 20 
Structure 671: B 20 C 38 1 2 4 14 5 13 11 7 A 10 9 8
	-> 1 2 4 5 7 8 9 10 11 A B 13 14 C 20 
Structure 672: B 26 D 23 1 2 4 14 37 5 31 11 7 A 10 9 8
	-> 1 2 4 5 7 8 9 10 11 A B 14 D 23 
Structure 673: B 20 C 19 34 1 2 4 5 13 11 27 7 A 28 10 9 8
	-> 1 2 4 5 7 8 9 10 11 A B 13 C 19 20 
Structure 674: 119 32 D 23 1 2 4 14 5 13 11 7 A 10 9 8
	-> 1 2 4 5 7 8 9 10 11 A 13 14 D 23 
Structure 675: B 29 26 D 23 1 2 4 14 5 31 11 27 7 A 51 60 52
	-> 1 2 4 5 7 11 A B 14 D 23 
Structure 676: B 26 D 23 1 2 4 14 5 13 11 27 7 A 10 9 8
	-> 1 2 4 5 7 8 9 10 11 A B 13 14 D 23 
Structure 677: B 32 D 23 1 2 4 14 5 13 11 7 A 10 9 8
	-> 1 2 4 5 7 8 9 10 11 A B 13 14 D 23 
Structure 678: B 30 20 C 44 1 2 4 5 13 11 7 A 10 9 8
	-> 1 2 4 5 7 8 9 10 11 A B 13 C 20 
Structure 679: B 26 D 23 1 2 4 14 5 13 11 7 A 28 10 9 8
	-> 1 2 4 5 7 8 9 10 11 A B 13 14 D 23 
Structure 680: B 55 C 19 1 2 4 14 5 13 11 27 7 91 50 A 41 10 9 8
	-> 1 2 4 5 7 8 9 10 11 A B 13 14 C 19 
Structure 681: B 20 C 19 33 1 2 4 14 5 13 11 7 A 28 10 9 8
	-> 1 2 4 5 7 8 9 10 11 A B 13 14 C 19 20 
Structure 682: B 20 C 19 1 2 4 14 5 13 11 7 A 28 10 9 8
	-> 1 2 4 5 7 8 9 10 11 A B 13 14 C 19 20 
Structure 683: B 20 C 38 1 2 4 5 13 11 7 A 36 10 9 8
	-> 1 2 4 5 7 8 9 10 11 A B 13 C 20 
Structure 684: B 30 20 C 19 1 2 4 5 13 11 27 7 A 10 9 8
	-> 1 2 4 5 7 8 9 10 11 A B 13 C 19 20 
Structure 685: B 29 20 C 19 1 2 4 14 5 13 11 7 A 10 9 8
	-> 1 2 4 5 7 8 9 10 11 A B 13 14 C 19 20 
Structure 686: B 32 D 23 1 2 4 5 13 11 7 A 78 71 9 8
	-> 1 2 4 5 7 8 9 11 A B 13 D 23 
Structure 687: B 20 C 19 1 2 4 14 5 13 11 7 A 28 10 9 8
	-> 1 2 4 5 7 8 9 10 11 A B 13 14 C 19 20 
Structure 688: B 29 20 C 19 1 2 4 14 5 13 11 7 A 10 9 8
	-> 1 2 4 5 7 8 9 10 11 A B 13 14 C 19 20 
Structure 689: B 26 D 23 1 2 4 14 5 13 11 27 7 12 66 3 25 10 9 8
	-> 1 2 4 5 7 8 9 10 11 B 13 14 D 23 
Structure 690: B 32 D 23 1 2 4 14 5 13 11 27 7 A 10 9 8
	-> 1 2 4 5 7 8 9 10 11 A B 13 14 D 23 
Structure 691: B 30 20 C 38 1 2 4 14 5 31 11 27 7 50 A 28 10 9 8
	-> 1 2 4 5 7 8 9 10 11 A B 14 C 20 
Structure 692: B 26 D 23 1 2 4 5 13 11 7 A 10 9 8
	-> 1 2 4 5 7 8 9 10 11 A B 13 D 23 
Structure 693: B 20 C 38 1 2 4 14 5 13 11 7 A 10 9 8
	-> 1 2 4 5 7 8 9 10 11 A B 13 14 C 20 
Structure 694: B 30 20 C 19 1 2 4 14 5 13 11 7 A 10 9 8
	-> 1 2 4 5 7 8 9 10 11 A B 13 14 C 19 20 
Structure 695: B 29 26 C 19 1 2 4 14 5 13 11 7 50 A 28 10 9 8
	-> 1 2 4 5 7 8 9 10 11 A B 13 14 C 19 
Structure 696: B 20 C 19 1 2 4 14 5 13 11 7 A 28 10 9 8
	-> 1 2 4 5 7 8 9 10 11 A B 13 14 C 19 20 
Structure 697: B 29 20 C 19 49 1 2 4 14 5 13 11 7 A 28 10 9 8
	-> 1 2 4 5 7 8 9 10 11 A B 13 14 C 19 20 
Structure 698: B 20 C 19 33 1 2 4 14 5 13 11 7 A 28 10 9 8
	-> 1 2 4 5 7 8 9 10 11 A B 13 14 C 19 20 
Structure 699: B 30 20 C 38 1 2 4 14 5 13 11 7 A 28 10 9 8
	-> 1 2 4 5 7 8 9 10 11 A B 13 14 C 20 
Structure 700: 80 C 19 33 1 2 4 14 37 5 13 11 7 A 10 9 8
	-> 1 2 4 5 7 8 9 10 11 A 13 14 C 19 
Structure 701: B 29 32 D 23 1 2 4 14 5 13 11 7 A 28 10 9 8
	-> 1 2 4 5 7 8 9 10 11 A B 13 14 D 23 
Structure 702: B 29 32 D 23 1 2 4 14 5 13 11 27 7 A 28 10 9 8
	-> 1 2 4 5 7 8 9 10 11 A B 13 14 D 23 
Structure 703: B 29 20 C 19 1 2 4 14 5 13 11 7 A 10 9 8
	-> 1 2 4 5 7 8 9 10 11 A B 13 14 C 19 20 
Structure 704: B 30 20 C 46 1 2 4 14 5 13 11 27 7 A 10 9 8
	-> 1 2 4 5 7 8 9 10 11 A B 13 14 C 20 
Structure 705: B 32 D 23 1 2 4 14 5 13 11 7 A 36 10 9 8
	-> 1 2 4 5 7 8 9 10 11 A B 13 14 D 23 
Structure 706: 48 C 46 33 1 2 4 14 5 13 11 27 7 A 10 9 8
	-> 1 2 4 5 7 8 9 10 11 A 13 14 C 
Structure 707: B 26 D 23 1 2 4 14 5 13 11 7 A 10 9 8
	-> 1 2 4 5 7 8 9 10 11 A B 13 14 D 23 
Structure 708: B 55 C 38 33 1 2 4 14 5 13 11 74 A 120 121 60 52
	-> 1 2 4 5 11 A B 13 14 C 
Structure 709: B 26 D 23 1 2 4 14 5 13 11 27 7 A 41 10 9 8
	-> 1 2 4 5 7 8 9 10 11 A B 13 14 D 23 
Structure 710: B 26 D 23 1 2 4 5 13 11 7 A 10 9 39 8
	-> 1 2 4 5 7 8 9 10 11 A B 13 D 23 
Structure 711: B 26 D 23 1 2 4 14 5 31 11 7 A 10 9 8
	-> 1 2 4 5 7 8 9 10 11 A B 14 D 23 
Structure 712: B 30 C 19 1 2 4 5 13 11 7 A 28 10 9 35 8
	-> 1 2 4 5 7 8 9 10 11 A B 13 C 19 
Structure 713: B 26 D 23 1 2 4 14 5 13 11 27 7 A 28 10 9 8
	-> 1 2 4 5 7 8 9 10 11 A B 13 14 D 23 
Structure 714: B 26 D 23 1 2 4 5 13 11 54 91 50 A 28 10 9 8
	-> 1 2 4 5 8 9 10 11 A B 13 D 23 
Structure 715: B 20 C 19 1 2 4 14 5 13 11 7 A 36 10 9 8
	-> 1 2 4 5 7 8 9 10 11 A B 13 14 C 19 20 
Structure 716: B 26 D 23 1 2 4 14 5 13 11 27 7 A 28 10 9 8
	-> 1 2 4 5 7 8 9 10 11 A B 13 14 D 23 
Structure 717: B 20 C 19 33 1 2 4 5 13 11 7 A 10 9 8
	-> 1 2 4 5 7 8 9 10 11 A B 13 C 19 20 
Structure 718: B 20 C 19 1 2 4 14 5 13 11 27 7 12 6 3 43 10 9 8
	-> 1 2 4 5 7 8 9 10 11 B 13 14 C 19 20 
Structure 719: B 30 20 C 38 1 2 4 14 5 13 11 7 A 10 9 8
	-> 1 2 4 5 7 8 9 10 11 A B 13 14 C 20 
Structure 720: B 47 20 C 19 1 2 4 14 5 13 11 27 7 A 10 9 8
	-> 1 2 4 5 7 8 9 10 11 A B 13 14 C 19 20 
Structure 721: B 32 D 23 1 2 4 14 5 13 11 27 7 A 28 10 9 8
	-> 1 2 4 5 7 8 9 10 11 A B 13 14 D 23 
Structure 722: B 29 20 C 1 2 4 14 5 13 11 7 A 10 9 8
	-> 1 2 4 5 7 8 9 10 11 A B 13 14 C 20 
Structure 723: B 30 20 C 19 1 2 4 5 13 11 27 7 A 10 9 8
	-> 1 2 4 5 7 8 9 10 11 A B 13 C 19 20 
Structure 724: B 30 20 C 19 1 2 4 14 5 13 11 27 7 A 28 10 9 8
	-> 1 2 4 5 7 8 9 10 11 A B 13 14 C 19 20 
Structure 725: B 26 D 23 1 2 4 14 5 13 11 7 A 10 9 8
	-> 1 2 4 5 7 8 9 10 11 A B 13 14 D 23 
Structure 726: B 26 D 23 1 2 4 5 31 11 27 7 A 10 9 35 8
	-> 1 2 4 5 7 8 9 10 11 A B D 23 
Structure 727: B 20 C 19 34 33 1 2 4 5 13 11 7 A 28 10 9 8
	-> 1 2 4 5 7 8 9 10 11 A B 13 C 19 20 
Structure 728: B 26 D 23 1 2 4 5 13 11 7 A 28 10 9 8
	-> 1 2 4 5 7 8 9 10 11 A B 13 D 23 
Structure 729: C 19 33 1 2 4 5 13 11 7 A 10 9 8
	-> 1 2 4 5 7 8 9 10 11 A 13 C 19 
Structure 730: B 29 26 D 23 1 2 4 14 5 13 11 7 A 28 10 9 8
	-> 1 2 4 5 7 8 9 10 11 A B 13 14 D 23 
Structure 731: B 26 D 23 1 2 4 14 5 13 11 7 A 10 9 8
	-> 1 2 4 5 7 8 9 10 11 A B 13 14 D 23 
Structure 732: B 32 D 23 1 2 4 14 5 13 11 27 7 A 28 10 9 8
	-> 1 2 4 5 7 8 9 10 11 A B 13 14 D 23 
Structure 733: C 38 33 1 2 4 14 5 31 11 27 7 A 10 9 8
	-> 1 2 4 5 7 8 9 10 11 A 14 C 
Structure 734: B 26 D 23 1 2 4 37 5 13 11 7 A 28 10 9 8
	-> 1 2 4 5 7 8 9 10 11 A B 13 D 23 
Structure 735: B 29 32 D 23 1 2 4 14 5 13 11 27 7 A 10 9 8
	-> 1 2 4 5 7 8 9 10 11 A B 13 14 D 23 
Structure 736: C 19 33 1 2 4 14 5 13 11 7 A 28 10 9 8
	-> 1 2 4 5 7 8 9 10 11 A 13 14 C 19 
Structure 737: B 26 D 23 1 2 4 14 5 13 11 7 A 10 9 8
	-> 1 2 4 5 7 8 9 10 11 A B 13 14 D 23 
Structure 738: B 20 C 19 1 2 4 14 5 31 11 7 A 10 9 8
	-> 1 2 4 5 7 8 9 10 11 A B 14 C 19 20 
Structure 739: B 32 D 23 1 2 4 5 13 11 7 A 28 10 9 8
	-> 1 2 4 5 7 8 9 10 11 A B 13 D 23 
Structure 740: B 26 D 23 1 2 4 5 13 11 27 7 A 28 10 9 8
	-> 1 2 4 5 7 8 9 10 11 A B 13 D 23 
Structure 741: B 30 20 C 19 1 2 4 14 5 13 11 7 A 28 10 9 8
	-> 1 2 4 5 7 8 9 10 11 A B 13 14 C 19 20 
Structure 742: B 26 D 23 1 2 4 5 13 11 27 7 A 10 9 8
	-> 1 2 4 5 7 8 9 10 11 A B 13 D 23 
Structure 743: B 20 C 19 33 1 2 4 14 5 13 11 7 A 45 10 9 8
	-> 1 2 4 5 7 8 9 10 11 A B 13 14 C 19 20 
Structure 744: C 19 33 69 1 2 4 14 5 13 11 7 A 28 10 9 8
	-> 1 2 4 5 7 8 9 10 11 A 13 14 C 19 
Structure 745: B 29 32 D 23 1 2 4 14 5 13 11 7 88 A 41 10 9 8
	-> 1 2 4 5 7 8 9 10 11 A B 13 14 D 23 
Structure 746: B 30 20 C 19 34 1 2 4 5 13 11 7 A 10 9 8
	-> 1 2 4 5 7 8 9 10 11 A B 13 C 19 20 
Structure 747: B 26 D 23 1 2 4 14 5 13 11 7 A 45 10 9 8
	-> 1 2 4 5 7 8 9 10 11 A B 13 14 D 23 
Structure 748: B 47 20 C 19 1 2 4 5 40 42 7 A 10 9 8
	-> 1 2 4 5 7 8 9 10 A B C 19 20 
Structure 749: B 30 20 C 19 1 2 4 5 13 11 7 A 28 10 9 8
	-> 1 2 4 5 7 8 9 10 11 A B 13 C 19 20 
Structure 750: 48 C 19 33 1 2 4 5 13 11 7 A 28 10 9 8
	-> 1 2 4 5 7 8 9 10 11 A 13 C 19 
Structure 751: B 29 32 D 23 1 2 4 5 13 11 7 A 28 10 9 8
	-> 1 2 4 5 7 8 9 10 11 A B 13 D 23 
Structure 752: B 30 20 C 19 1 2 4 14 5 31 11 7 A 10 9 8
	-> 1 2 4 5 7 8 9 10 11 A B 14 C 19 20 
Structure 753: B 29 20 C 19 34 1 2 4 14 5 13 11 7 A 10 9 8
	-> 1 2 4 5 7 8 9 10 11 A B 13 14 C 19 20 
Structure 754: B 30 C 19 1 2 4 5 13 11 7 A 10 9 8
	-> 1 2 4 5 7 8 9 10 11 A B 13 C 19 
Structure 755: B 29 26 D 23 1 2 4 14 5 13 11 27 7 A 28 10 9 8
	-> 1 2 4 5 7 8 9 10 11 A B 13 14 D 23 
Structure 756: B 29 20 C 19 1 2 4 14 5 13 11 27 7 A 10 9 8
	-> 1 2 4 5 7 8 9 10 11 A B 13 14 C 19 20 
Structure 757: B 26 D 23 1 2 4 14 37 5 13 11 7 A 28 10 9 8
	-> 1 2 4 5 7 8 9 10 11 A B 13 14 D 23 
Structure 758: B 26 D 23 1 2 4 37 5 13 11 7 A 10 9 8
	-> 1 2 4 5 7 8 9 10 11 A B 13 D 23 
Structure 759: B 29 20 C 19 1 2 4 5 13 11 7 A 10 9 8
	-> 1 2 4 5 7 8 9 10 11 A B 13 C 19 20 
Structure 760: C 38 33 1 2 4 14 5 31 11 27 7 50 A 41 10 9 35 8
	-> 1 2 4 5 7 8 9 10 11 A 14 C 
Structure 761: B 26 D 23 1 2 4 14 37 5 13 11 7 A 10 9 8
	-> 1 2 4 5 7 8 9 10 11 A B 13 14 D 23 
Structure 762: B 32 D 23 1 2 4 5 31 11 7 A 10 9 8
	-> 1 2 4 5 7 8 9 10 11 A B D 23 
Structure 763: B 26 D 23 1 2 4 14 37 5 13 11 27 7 A 10 9 8
	-> 1 2 4 5 7 8 9 10 11 A B 13 14 D 23 
Structure 764: B 32 D 23 1 2 4 37 5 13 11 27 7 A 28 10 9 8
	-> 1 2 4 5 7 8 9 10 11 A B 13 D 23 
Structure 765: B 26 D 23 1 2 4 14 5 13 11 27 7 A 10 9 8
	-> 1 2 4 5 7 8 9 10 11 A B 13 14 D 23 
Structure 766: B 29 20 C 19 1 2 4 14 37 5 13 11 7 A 10 9 8
	-> 1 2 4 5 7 8 9 10 11 A B 13 14 C 19 20 
Structure 767: B 26 D 23 1 2 4 14 5 13 11 7 A 10 9 8
	-> 1 2 4 5 7 8 9 10 11 A B 13 14 D 23 
Structure 768: B 26 D 23 1 2 4 14 5 13 11 7 A 10 9 8
	-> 1 2 4 5 7 8 9 10 11 A B 13 14 D 23 
Structure 769: B 32 D 23 1 2 4 14 5 13 11 27 7 A 10 9 8
	-> 1 2 4 5 7 8 9 10 11 A B 13 14 D 23 
Structure 770: B 30 20 C 19 1 2 4 14 5 13 11 7 A 10 9 8
	-> 1 2 4 5 7 8 9 10 11 A B 13 14 C 19 20 
Structure 771: B 20 C 19 1 2 4 5 13 11 7 A 10 9 8
	-> 1 2 4 5 7 8 9 10 11 A B 13 C 19 20 
Structure 772: B 20 C 19 38 69 1 2 4 14 5 13 11 7 A 28 10 9 8
	-> 1 2 4 5 7 8 9 10 11 A B 13 14 C 19 20 
Structure 773: B 29 20 C 19 1 2 4 14 5 13 11 27 7 12 6 3 43 10 9 8
	-> 1 2 4 5 7 8 9 10 11 B 13 14 C 19 20 
Structure 774: B 26 D 23 1 2 4 5 13 11 7 A 10 9 8
	-> 1 2 4 5 7 8 9 10 11 A B 13 D 23 
Structure 775: B 32 D 23 1 2 4 14 5 13 11 7 A 36 10 9 8
	-> 1 2 4 5 7 8 9 10 11 A B 13 14 D 23 
Structure 776: 20 C 19 67 1 2 4 14 5 40 42 27 7 A 36 10 9 8
	-> 1 2 4 5 7 8 9 10 A 14 C 19 20 
Structure 777: B 32 D 23 1 2 4 5 13 11 27 7 A 10 9 8
	-> 1 2 4 5 7 8 9 10 11 A B 13 D 23 
Structure 778: B 26 D 23 1 2 4 5 31 11 7 A 10 9 8
	-> 1 2 4 5 7 8 9 10 11 A B D 23 
Structure 779: B 20 C 19 33 1 2 4 14 5 13 11 27 7 A 10 9 8
	-> 1 2 4 5 7 8 9 10 11 A B 13 14 C 19 20 
Structure 780: B 20 C 19 1 2 4 14 5 13 11 7 A 10 9 8
	-> 1 2 4 5 7 8 9 10 11 A B 13 14 C 19 20 
Structure 781: B 20 C 19 33 1 2 4 14 5 13 11 7 A 10 9 39 8
	-> 1 2 4 5 7 8 9 10 11 A B 13 14 C 19 20 
Structure 782: B 29 20 C 19 1 2 4 14 37 5 13 11 7 6 3 15 10 9 8
	-> 1 2 4 5 7 8 9 10 11 B 13 14 C 19 20 
Structure 783: B 20 C 19 33 1 2 4 14 5 13 11 27 7 12 6 3 43 10 9 39 8
	-> 1 2 4 5 7 8 9 10 11 B 13 14 C 19 20 
Structure 784: B 29 20 C 19 1 2 4 14 5 13 11 7 A 10 9 8
	-> 1 2 4 5 7 8 9 10 11 A B 13 14 C 19 20 
Structure 785: B 20 C 19 34 33 1 2 4 14 5 31 11 27 7 A 10 9 8
	-> 1 2 4 5 7 8 9 10 11 A B 14 C 19 20 
Structure 786: B 47 20 C 19 38 1 2 4 14 5 13 11 27 7 A 10 9 8
	-> 1 2 4 5 7 8 9 10 11 A B 13 14 C 19 20 
Structure 787: B 20 C 19 1 2 4 5 13 11 7 A 28 10 9 8
	-> 1 2 4 5 7 8 9 10 11 A B 13 C 19 20 
Structure 788: B 29 20 C 19 34 1 2 4 5 13 11 7 A 28 10 9 8
	-> 1 2 4 5 7 8 9 10 11 A B 13 C 19 20 
Structure 789: B 20 C 19 34 1 2 4 5 13 11 27 7 A 10 9 35 8
	-> 1 2 4 5 7 8 9 10 11 A B 13 C 19 20 
Structure 790: B 32 D 23 1 2 4 14 62 63 13 11 27 7 A 10 9 8
	-> 1 2 4 7 8 9 10 11 A B 13 14 D 23 
Structure 791: B 30 20 C 19 1 2 4 5 13 11 27 7 A 10 9 8
	-> 1 2 4 5 7 8 9 10 11 A B 13 C 19 20 
Structure 792: B 20 C 19 33 1 2 4 14 37 5 13 11 7 A 10 9 8
	-> 1 2 4 5 7 8 9 10 11 A B 13 14 C 19 20 
Structure 793: B 29 32 D 23 1 2 4 5 13 11 7 A 10 9 8
	-> 1 2 4 5 7 8 9 10 11 A B 13 D 23 
Structure 794: B 29 26 21 23 1 2 4 14 5 13 11 7 A 10 9 8
	-> 1 2 4 5 7 8 9 10 11 A B 13 14 23 
Structure 795: B 29 26 D 23 1 2 4 14 5 13 11 7 A 10 9 8
	-> 1 2 4 5 7 8 9 10 11 A B 13 14 D 23 
Structure 796: B 20 C 19 1 2 4 14 5 31 11 7 A 10 9 8
	-> 1 2 4 5 7 8 9 10 11 A B 14 C 19 20 
Structure 797: B 30 20 C 19 1 2 4 14 5 31 11 7 A 10 9 8
	-> 1 2 4 5 7 8 9 10 11 A B 14 C 19 20 
Structure 798: B 29 30 20 C 19 1 2 4 14 5 13 11 27 7 A 10 9 8
	-> 1 2 4 5 7 8 9 10 11 A B 13 14 C 19 20 
Structure 799: B 29 20 C 19 1 2 4 14 5 40 42 7 A 10 9 8
	-> 1 2 4 5 7 8 9 10 A B 14 C 19 20 
Structure 800: B 29 20 C 19 1 2 4 14 5 13 11 7 A 28 10 9 8
	-> 1 2 4 5 7 8 9 10 11 A B 13 14 C 19 20 
Structure 801: B 30 20 C 19 34 1 2 4 5 13 11 7 A 10 9 8
	-> 1 2 4 5 7 8 9 10 11 A B 13 C 19 20 
Structure 802: B 20 C 19 34 33 1 2 4 14 5 13 11 7 A 10 9 8
	-> 1 2 4 5 7 8 9 10 11 A B 13 14 C 19 20 
Structure 803: B 32 D 23 1 2 4 14 5 31 11 7 6 3 15 36 10 9 8
	-> 1 2 4 5 7 8 9 10 11 B 14 D 23 
Structure 804: B 30 C 19 1 2 4 14 5 13 11 7 A 36 10 9 8
	-> 1 2 4 5 7 8 9 10 11 A B 13 14 C 19 
Structure 805: B 32 D 23 1 2 4 14 5 13 11 27 7 A 36 10 9 8
	-> 1 2 4 5 7 8 9 10 11 A B 13 14 D 23 
Structure 806: B 29 32 D 23 1 2 4 14 5 13 11 7 A 10 9 8
	-> 1 2 4 5 7 8 9 10 11 A B 13 14 D 23 
Structure 807: B 32 D 23 1 2 4 14 5 13 11 7 A 10 122 9 8
	-> 1 2 4 5 7 8 9 10 11 A B 13 14 D 23 
Structure 808: B 30 C 19 1 2 4 5 13 11 27 7 A 10 9 8
	-> 1 2 4 5 7 8 9 10 11 A B 13 C 19 
Structure 809: B 20 C 19 1 2 4 14 5 31 11 7 A 28 10 9 8
	-> 1 2 4 5 7 8 9 10 11 A B 14 C 19 20 
Structure 810: B 30 20 C 19 1 2 4 5 13 11 7 12 6 3 43 28 10 9 39 8
	-> 1 2 4 5 7 8 9 10 11 B 13 C 19 20 
Structure 811: B 26 D 23 1 2 4 14 5 13 11 7 A 28 10 9 39 8
	-> 1 2 4 5 7 8 9 10 11 A B 13 14 D 23 
Structure 812: B 26 D 23 1 2 4 14 5 13 11 27 7 A 10 9 8
	-> 1 2 4 5 7 8 9 10 11 A B 13 14 D 23 
Structure 813: B 30 20 C 19 1 2 4 58 5 13 11 7 6 3 15 10 9 8
	-> 1 2 4 5 7 8 9 10 11 B 13 C 19 20 
Structure 814: B 29 20 C 19 34 1 2 4 14 5 13 11 7 A 10 9 8
	-> 1 2 4 5 7 8 9 10 11 A B 13 14 C 19 20 
Structure 815: B 29 32 D 23 1 2 4 5 13 11 27 7 A 10 9 8
	-> 1 2 4 5 7 8 9 10 11 A B 13 D 23 
Structure 816: B 26 D 23 1 2 4 14 5 13 11 7 A 10 9 35 8
	-> 1 2 4 5 7 8 9 10 11 A B 13 14 D 23 
Structure 817: B 29 32 D 23 1 2 4 14 5 13 11 7 A 10 9 8
	-> 1 2 4 5 7 8 9 10 11 A B 13 14 D 23 
Structure 818: B 26 D 23 1 2 4 5 13 11 27 7 A 28 10 9 8
	-> 1 2 4 5 7 8 9 10 11 A B 13 D 23 
Structure 819: B 20 C 19 1 2 4 14 5 13 11 7 A 28 10 9 8
	-> 1 2 4 5 7 8 9 10 11 A B 13 14 C 19 20 
Structure 820: B 29 20 C 19 34 1 2 4 5 13 11 7 A 45 10 9 8
	-> 1 2 4 5 7 8 9 10 11 A B 13 C 19 20 
Structure 821: B 30 20 C 19 1 2 4 14 5 31 11 27 7 A 28 10 9 8
	-> 1 2 4 5 7 8 9 10 11 A B 14 C 19 20 
Structure 822: B 29 32 D 23 1 2 4 5 13 11 7 A 28 10 9 8
	-> 1 2 4 5 7 8 9 10 11 A B 13 D 23 
Structure 823: C 19 33 1 2 4 14 5 13 11 7 A 10 9 8
	-> 1 2 4 5 7 8 9 10 11 A 13 14 C 19 
Structure 824: B 29 26 D 23 1 2 4 14 5 13 11 7 A 10 9 8
	-> 1 2 4 5 7 8 9 10 11 A B 13 14 D 23 
Structure 825: B 20 C 19 1 2 4 14 5 13 11 7 12 66 3 25 28 10 9 8
	-> 1 2 4 5 7 8 9 10 11 B 13 14 C 19 20 
Structure 826: B 20 C 46 33 1 2 4 14 5 13 11 27 7 A 10 9 8
	-> 1 2 4 5 7 8 9 10 11 A B 13 14 C 20 
Structure 827: B 26 D 23 1 2 4 5 13 11 7 A 10 9 8
	-> 1 2 4 5 7 8 9 10 11 A B 13 D 23 
Structure 828: B 20 C 38 1 2 4 14 5 13 11 27 7 A 10 9 8
	-> 1 2 4 5 7 8 9 10 11 A B 13 14 C 20 
Structure 829: B 20 C 19 1 2 4 14 5 13 11 7 A 10 9 8
	-> 1 2 4 5 7 8 9 10 11 A B 13 14 C 19 20 
Structure 830: B 26 D 23 1 2 4 14 5 13 11 7 A 36 10 9 8
	-> 1 2 4 5 7 8 9 10 11 A B 13 14 D 23 
Structure 831: B 20 C 46 1 2 4 14 5 13 11 27 7 A 10 9 8
	-> 1 2 4 5 7 8 9 10 11 A B 13 14 C 20 
Structure 832: B 29 20 C 19 1 2 4 14 5 13 11 7 123 6 3 15 10 9 8
	-> 1 2 4 5 7 8 9 10 11 B 13 14 C 19 20 
Structure 833: B 26 D 23 1 2 4 14 5 13 11 27 7 A 28 10 9 8
	-> 1 2 4 5 7 8 9 10 11 A B 13 14 D 23 
Structure 834: B 32 D 23 1 2 4 5 31 11 7 A 28 10 9 8
	-> 1 2 4 5 7 8 9 10 11 A B D 23 
Structure 835: B 26 D 23 1 2 4 14 5 13 11 7 A 36 10 9 8
	-> 1 2 4 5 7 8 9 10 11 A B 13 14 D 23 
Structure 836: B 29 20 C 19 49 1 2 4 5 13 11 27 7 A 10 92 9 8
	-> 1 2 4 5 7 8 9 10 11 A B 13 C 19 20 
Structure 837: B 20 C 19 1 2 4 14 5 13 11 7 A 10 9 8
	-> 1 2 4 5 7 8 9 10 11 A B 13 14 C 19 20 
Structure 838: B 30 20 C 19 1 2 4 14 37 5 31 11 61 7 A 10 9 8
	-> 1 2 4 5 7 8 9 10 11 A B 14 C 19 20 
Structure 839: B 30 20 C 19 1 2 4 14 5 13 11 7 A 28 10 9 8
	-> 1 2 4 5 7 8 9 10 11 A B 13 14 C 19 20 
Structure 840: B 20 C 19 34 1 2 4 5 31 11 7 A 10 9 8
	-> 1 2 4 5 7 8 9 10 11 A B C 19 20 
Structure 841: B 26 D 23 1 2 4 14 37 5 13 11 27 7 A 10 9 8
	-> 1 2 4 5 7 8 9 10 11 A B 13 14 D 23 
Structure 842: 124 20 C 38 1 2 4 14 5 13 11 7 A 28 10 9 8
	-> 1 2 4 5 7 8 9 10 11 A 13 14 C 20 
Structure 843: B 20 C 19 1 2 4 5 13 11 27 7 A 10 9 8
	-> 1 2 4 5 7 8 9 10 11 A B 13 C 19 20 
Structure 844: B 26 D 23 1 2 4 14 5 13 11 7 A 10 125 8
	-> 1 2 4 5 7 8 10 11 A B 13 14 D 23 
Structure 845: B 26 D 23 1 2 4 14 5 13 11 27 7 A 10 9 8
	-> 1 2 4 5 7 8 9 10 11 A B 13 14 D 23 
Structure 846: B 26 D 23 1 2 4 14 5 13 11 7 A 10 9 8
	-> 1 2 4 5 7 8 9 10 11 A B 13 14 D 23 
Structure 847: 126 81 82 83 127 33 1 2 4 14 5 13 11 7 A 10 9 39 8
	-> 1 2 4 5 7 8 9 10 11 A 13 14 
Structure 848: B 30 20 C 19 1 2 4 14 37 5 13 11 27 7 A 41 10 9 39 8
	-> 1 2 4 5 7 8 9 10 11 A B 13 14 C 19 20 
Structure 849: B 26 D 23 1 2 4 14 5 13 11 61 7 A 10 9 8
	-> 1 2 4 5 7 8 9 10 11 A B 13 14 D 23 
Structure 850: B 30 20 C 19 1 2 4 14 5 31 11 7 A 10 9 8
	-> 1 2 4 5 7 8 9 10 11 A B 14 C 19 20 
Structure 851: B 32 D 23 1 2 4 14 37 5 13 11 7 A 28 10 9 8
	-> 1 2 4 5 7 8 9 10 11 A B 13 14 D 23 
Structure 852: B 20 C 19 1 2 4 14 37 5 31 11 7 A 28 10 9 8
	-> 1 2 4 5 7 8 9 10 11 A B 14 C 19 20 
Structure 853: B 26 D 53 1 2 4 5 13 11 27 7 A 36 10 9 8
	-> 1 2 4 5 7 8 9 10 11 A B 13 D 
Structure 854: 128 64 C 19 1 2 4 14 5 13 11 27 7 A 28 10 9 8
	-> 1 2 4 5 7 8 9 10 11 A 13 14 C 19 
Structure 855: B 26 D 23 1 2 4 14 5 13 11 7 A 10 9 8
	-> 1 2 4 5 7 8 9 10 11 A B 13 14 D 23 
Structure 856: B 20 C 19 38 1 2 4 14 5 13 11 7 A 10 9 8
	-> 1 2 4 5 7 8 9 10 11 A B 13 14 C 19 20 
Structure 857: B 30 20 C 19 1 2 4 14 5 13 11 7 A 10 9 35 8
	-> 1 2 4 5 7 8 9 10 11 A B 13 14 C 19 20 
Structure 858: B 26 D 23 1 2 4 14 5 31 11 7 12 6 3 43 28 10 9 8
	-> 1 2 4 5 7 8 9 10 11 B 14 D 23 
Structure 859: B 26 D 23 1 2 4 5 13 11 7 A 10 9 8
	-> 1 2 4 5 7 8 9 10 11 A B 13 D 23 
Structure 860: B 29 20 C 19 1 2 4 14 5 13 11 27 7 A 10 9 39 8
	-> 1 2 4 5 7 8 9 10 11 A B 13 14 C 19 20 
Structure 861: B 26 D 23 1 2 4 14 5 13 11 7 A 10 9 8
	-> 1 2 4 5 7 8 9 10 11 A B 13 14 D 23 
Structure 862: B 26 D 23 1 2 4 14 5 13 11 27 7 A 45 10 9 8
	-> 1 2 4 5 7 8 9 10 11 A B 13 14 D 23 
Structure 863: B 29 32 D 23 1 2 4 14 5 13 11 7 A 28 10 9 129 8
	-> 1 2 4 5 7 8 9 10 11 A B 13 14 D 23 
Structure 864: B 30 20 C 19 34 1 2 4 14 5 13 11 27 7 A 10 9 8
	-> 1 2 4 5 7 8 9 10 11 A B 13 14 C 19 20 
Structure 865: B 26 D 23 1 2 4 14 5 13 11 27 7 A 10 9 8
	-> 1 2 4 5 7 8 9 10 11 A B 13 14 D 23 
Structure 866: B 26 D 23 1 2 4 5 13 11 27 7 A 10 9 8
	-> 1 2 4 5 7 8 9 10 11 A B 13 D 23 
Structure 867: B 29 20 C 19 1 2 4 5 13 11 7 6 3 15 10 9 8
	-> 1 2 4 5 7 8 9 10 11 B 13 C 19 20 
Structure 868: B 29 26 D 23 1 2 4 14 5 13 11 27 7 A 36 10 9 8
	-> 1 2 4 5 7 8 9 10 11 A B 13 14 D 23 
Structure 869: B 29 26 D 23 1 2 4 14 5 13 11 7 A 28 10 9 8
	-> 1 2 4 5 7 8 9 10 11 A B 13 14 D 23 
Structure 870: B 32 D 23 1 2 4 14 5 13 11 7 A 10 9 8
	-> 1 2 4 5 7 8 9 10 11 A B 13 14 D 23 
Structure 871: B 29 20 C 19 1 2 4 14 5 13 11 27 7 A 10 9 8
	-> 1 2 4 5 7 8 9 10 11 A B 13 14 C 19 20 
Structure 872: B 29 26 D 23 1 2 4 5 31 11 7 A 10 9 8
	-> 1 2 4 5 7 8 9 10 11 A B D 23 
Structure 873: B 29 26 D 23 1 2 4 14 5 13 11 7 A 10 9 8
	-> 1 2 4 5 7 8 9 10 11 A B 13 14 D 23 
Structure 874: B 20 C 19 1 2 4 14 5 13 11 27 7 A 10 9 8
	-> 1 2 4 5 7 8 9 10 11 A B 13 14 C 19 20 
Structure 875: B 29 20 C 19 1 2 4 5 31 11 7 A 10 9 8
	-> 1 2 4 5 7 8 9 10 11 A B C 19 20 
Structure 876: B 26 D 23 1 2 4 14 5 31 11 7 A 10 9 8
	-> 1 2 4 5 7 8 9 10 11 A B 14 D 23 
Structure 877: B 30 20 C 19 34 1 2 4 14 5 13 11 7 A 28 10 9 8
	-> 1 2 4 5 7 8 9 10 11 A B 13 14 C 19 20 
Structure 878: B 26 D 23 1 2 4 5 13 11 27 7 A 10 9 8
	-> 1 2 4 5 7 8 9 10 11 A B 13 D 23 
Structure 879: B 29 26 D 56 53 1 2 4 14 5 13 11 7 A 28 10 9 8
	-> 1 2 4 5 7 8 9 10 11 A B 13 14 D 
Structure 880: B 30 20 C 19 1 2 4 5 13 11 7 A 10 9 8
	-> 1 2 4 5 7 8 9 10 11 A B 13 C 19 20 
Structure 881: B 26 D 23 1 2 4 14 5 13 11 7 A 36 10 9 8
	-> 1 2 4 5 7 8 9 10 11 A B 13 14 D 23 
Structure 882: B 30 20 C 19 34 1 2 4 14 5 13 11 27 7 A 28 10 9 8
	-> 1 2 4 5 7 8 9 10 11 A B 13 14 C 19 20 
Structure 883: B 30 20 C 19 1 2 4 14 5 13 11 27 7 A 10 9 8
	-> 1 2 4 5 7 8 9 10 11 A B 13 14 C 19 20 
Structure 884: B 26 D 23 1 2 4 5 13 11 7 A 10 9 35 8
	-> 1 2 4 5 7 8 9 10 11 A B 13 D 23 
Structure 885: B 26 D 23 1 2 4 5 13 11 7 A 28 10 9 8
	-> 1 2 4 5 7 8 9 10 11 A B 13 D 23 
Structure 886: B 30 C 19 1 2 4 14 5 13 11 7 A 10 9 8
	-> 1 2 4 5 7 8 9 10 11 A B 13 14 C 19 
Structure 887: B 20 C 19 33 1 2 4 14 5 13 11 7 A 10 9 8
	-> 1 2 4 5 7 8 9 10 11 A B 13 14 C 19 20 
Structure 888: B 29 20 C 19 1 2 4 14 5 13 11 7 A 10 9 8
	-> 1 2 4 5 7 8 9 10 11 A B 13 14 C 19 20 
Structure 889: B 29 20 C 1 2 4 14 5 31 11 7 A 28 10 9 8
	-> 1 2 4 5 7 8 9 10 11 A B 14 C 20 
Structure 890: B 20 C 19 34 1 2 4 14 5 31 11 7 A 28 10 9 35 8
	-> 1 2 4 5 7 8 9 10 11 A B 14 C 19 20 
Structure 891: 55 C 44 67 1 2 4 14 5 31 11 27 7 A 10 9 8
	-> 1 2 4 5 7 8 9 10 11 A 14 C 
Structure 892: B 29 20 C 19 1 2 4 14 5 31 11 27 7 A 45 10 9 35 8
	-> 1 2 4 5 7 8 9 10 11 A B 14 C 19 20 
Structure 893: B 64 C 19 34 1 2 4 14 5 13 11 7 A 10 9 35 8
	-> 1 2 4 5 7 8 9 10 11 A B 13 14 C 19 
Structure 894: B 30 C 19 49 1 2 4 5 13 11 7 A 28 10 9 8
	-> 1 2 4 5 7 8 9 10 11 A B 13 C 19 
Structure 895: C 19 33 1 2 4 14 5 13 11 7 A 28 10 9 8
	-> 1 2 4 5 7 8 9 10 11 A 13 14 C 19 
Structure 896: B 26 D 23 1 2 4 14 5 13 11 7 6 3 25 10 9 8
	-> 1 2 4 5 7 8 9 10 11 B 13 14 D 23 
Structure 897: B 30 20 C 19 1 2 4 14 5 13 11 27 7 A 10 9 8
	-> 1 2 4 5 7 8 9 10 11 A B 13 14 C 19 20 
Structure 898: B 30 20 C 19 1 2 4 5 13 11 27 7 A 10 9 8
	-> 1 2 4 5 7 8 9 10 11 A B 13 C 19 20 
Structure 899: C 19 33 1 2 4 5 13 11 27 7 A 10 9 8
	-> 1 2 4 5 7 8 9 10 11 A 13 C 19 
Structure 900: 48 C 19 33 1 2 4 14 5 13 11 27 7 A 28 10 9 39 8
	-> 1 2 4 5 7 8 9 10 11 A 13 14 C 19 
Structure 901: B 26 D 23 1 2 4 14 5 13 11 7 A 10 9 8
	-> 1 2 4 5 7 8 9 10 11 A B 13 14 D 23 
Structure 902: B 30 C 19 34 1 2 4 14 5 31 11 27 7 A 10 9 39 8
	-> 1 2 4 5 7 8 9 10 11 A B 14 C 19 
Structure 903: B 20 C 19 1 2 4 5 13 11 27 7 A 28 10 9 8
	-> 1 2 4 5 7 8 9 10 11 A B 13 C 19 20 
Structure 904: B 26 D 23 1 2 4 14 5 13 11 27 7 A 10 9 8
	-> 1 2 4 5 7 8 9 10 11 A B 13 14 D 23 
Structure 905: B 30 20 C 19 1 2 4 14 5 13 11 7 A 10 9 8
	-> 1 2 4 5 7 8 9 10 11 A B 13 14 C 19 20 
Structure 906: B 30 26 D 23 1 2 4 14 5 31 11 27 7 A 36 10 9 8
	-> 1 2 4 5 7 8 9 10 11 A B 14 D 23 
Structure 907: B 20 C 19 33 1 2 4 14 5 13 11 7 A 36 10 9 8
	-> 1 2 4 5 7 8 9 10 11 A B 13 14 C 19 20 
Structure 908: 93 C 19 33 1 2 4 5 13 11 27 7 A 10 9 8
	-> 1 2 4 5 7 8 9 10 11 A 13 C 19 
Structure 909: B 30 20 C 19 1 2 4 14 5 13 11 89 90 A 51 130 131 52
	-> 1 2 4 5 11 A B 13 14 C 19 20 
Structure 910: B 26 D 23 1 2 4 14 5 31 11 27 7 12 6 3 43 10 9 8
	-> 1 2 4 5 7 8 9 10 11 B 14 D 23 
Structure 911: C 19 33 1 2 4 132 5 13 11 27 7 A 10 9 8
	-> 1 2 4 5 7 8 9 10 11 A 13 C 19 
Structure 912: B 20 C 19 1 2 4 14 5 13 11 7 A 10 9 35 8
	-> 1 2 4 5 7 8 9 10 11 A B 13 14 C 19 20 
Structure 913: B 20 C 19 34 1 2 4 5 13 11 27 7 A 36 10 9 8
	-> 1 2 4 5 7 8 9 10 11 A B 13 C 19 20 
Structure 914: B 30 C 19 1 2 4 14 5 13 11 7 A 10 9 8
	-> 1 2 4 5 7 8 9 10 11 A B 13 14 C 19 
Structure 915: B 20 C 19 1 2 4 5 13 11 7 A 10 9 8
	-> 1 2 4 5 7 8 9 10 11 A B 13 C 19 20 
Structure 916: B 29 20 C 19 1 2 4 14 37 5 31 11 7 A 10 9 8
	-> 1 2 4 5 7 8 9 10 11 A B 14 C 19 20 
Structure 917: B 29 C 19 1 2 4 14 5 13 11 27 7 A 28 10 9 8
	-> 1 2 4 5 7 8 9 10 11 A B 13 14 C 19 
Structure 918: B 32 D 53 1 2 4 14 5 13 11 7 A 10 9 8
	-> 1 2 4 5 7 8 9 10 11 A B 13 14 D 
Structure 919: B 30 20 C 19 1 2 4 14 5 13 11 7 A 10 9 8
	-> 1 2 4 5 7 8 9 10 11 A B 13 14 C 19 20 
Structure 920: B 26 D 23 1 2 4 14 5 13 11 7 A 10 9 35 8
	-> 1 2 4 5 7 8 9 10 11 A B 13 14 D 23 
Structure 921: B 20 C 19 33 1 2 4 14 5 13 11 7 A 28 10 9 8
	-> 1 2 4 5 7 8 9 10 11 A B 13 14 C 19 20 
Structure 922: B 30 20 C 19 1 2 4 14 5 13 11 7 A 10 9 8
	-> 1 2 4 5 7 8 9 10 11 A B 13 14 C 19 20 
Structure 923: B 29 26 D 23 1 2 4 5 13 11 7 6 3 15 36 10 9 8
	-> 1 2 4 5 7 8 9 10 11 B 13 D 23 
Structure 924: B 29 32 D 23 1 2 4 14 5 13 11 7 A 45 84 10 9 8
	-> 1 2 4 5 7 8 9 10 11 A B 13 14 D 23 
Structure 925: B 20 C 19 34 1 2 4 14 5 13 11 27 7 A 10 9 8
	-> 1 2 4 5 7 8 9 10 11 A B 13 14 C 19 20 
Structure 926: B 26 D 23 1 2 4 14 5 13 11 7 A 36 10 9 8
	-> 1 2 4 5 7 8 9 10 11 A B 13 14 D 23 
Structure 927: B 47 20 C 19 1 2 4 5 13 11 27 7 A 10 9 35 8
	-> 1 2 4 5 7 8 9 10 11 A B 13 C 19 20 
Structure 928: B 29 20 C 19 1 2 4 14 5 13 11 27 7 A 36 10 9 8
	-> 1 2 4 5 7 8 9 10 11 A B 13 14 C 19 20 
Structure 929: B 72 C 19 1 2 4 14 5 13 11 7 A 10 9 8
	-> 1 2 4 5 7 8 9 10 11 A B 13 14 C 19 
Structure 930: B 32 D 23 1 2 4 14 5 13 11 7 A 10 9 8
	-> 1 2 4 5 7 8 9 10 11 A B 13 14 D 23 
Structure 931: B 20 C 19 1 2 4 14 5 13 11 27 7 A 10 9 8
	-> 1 2 4 5 7 8 9 10 11 A B 13 14 C 19 20 
Structure 932: B 20 C 19 33 1 2 14 37 5 31 11 7 A 10 9 8
	-> 1 2 5 7 8 9 10 11 A B 14 C 19 20 
Structure 933: B 30 20 C 38 1 2 4 14 5 31 11 7 A 10 9 39 8
	-> 1 2 4 5 7 8 9 10 11 A B 14 C 20 
Structure 934: B 26 D 23 1 2 4 14 5 13 11 7 A 28 10 9 8
	-> 1 2 4 5 7 8 9 10 11 A B 13 14 D 23 
Structure 935: 48 C 19 34 33 1 2 4 14 5 13 11 7 A 28 10 9 35 8
	-> 1 2 4 5 7 8 9 10 11 A 13 14 C 19 
Structure 936: B 20 C 19 33 1 2 4 14 5 13 11 27 7 A 10 9 8
	-> 1 2 4 5 7 8 9 10 11 A B 13 14 C 19 20 
Structure 937: B 29 20 C 19 34 1 2 4 14 5 13 11 7 A 10 9 8
	-> 1 2 4 5 7 8 9 10 11 A B 13 14 C 19 20 
Structure 938: B 29 20 C 19 1 2 4 14 37 5 31 11 7 A 10 9 8
	-> 1 2 4 5 7 8 9 10 11 A B 14 C 19 20 
Structure 939: C 19 33 1 2 4 37 5 13 11 7 A 28 10 9 8
	-> 1 2 4 5 7 8 9 10 11 A 13 C 19 
Structure 940: B 29 20 C 38 1 2 4 14 5 31 11 7 A 10 9 8
	-> 1 2 4 5 7 8 9 10 11 A B 14 C 20 
Structure 941: B 29 32 D 23 1 2 4 14 5 13 11 27 7 A 10 9 8
	-> 1 2 4 5 7 8 9 10 11 A B 13 14 D 23 
Structure 942: B 26 D 23 1 2 4 5 31 11 7 A 10 9 8
	-> 1 2 4 5 7 8 9 10 11 A B D 23 
Structure 943: 20 C 19 34 133 1 2 4 5 31 11 7 A 10 9 8
	-> 1 2 4 5 7 8 9 10 11 A C 19 20 
Structure 944: B 26 D 23 1 2 4 14 5 13 11 7 A 10 9 8
	-> 1 2 4 5 7 8 9 10 11 A B 13 14 D 23 
Structure 945: B 47 20 C 38 1 2 4 14 5 40 27 7 A 28 10 9 8
	-> 1 2 4 5 7 8 9 10 A B 14 C 20 
Structure 946: B 29 32 D 23 1 2 4 37 5 13 11 7 A 10 9 8
	-> 1 2 4 5 7 8 9 10 11 A B 13 D 23 
Structure 947: B 26 D 23 1 2 4 14 5 13 11 7 A 10 9 8
	-> 1 2 4 5 7 8 9 10 11 A B 13 14 D 23 
Structure 948: B 26 D 23 1 2 4 14 5 13 11 7 A 10 9 35 8
	-> 1 2 4 5 7 8 9 10 11 A B 13 14 D 23 
Structure 949: B 29 26 D 23 1 2 4 5 13 11 7 A 10 9 8
	-> 1 2 4 5 7 8 9 10 11 A B 13 D 23 
Structure 950: B 20 C 19 33 1 2 4 14 5 31 11 7 A 10 9 39 8
	-> 1 2 4 5 7 8 9 10 11 A B 14 C 19 20 
Structure 951: B 29 32 D 23 1 2 4 14 5 13 11 7 A 28 10 9 8
	-> 1 2 4 5 7 8 9 10 11 A B 13 14 D 23 
Structure 952: B 26 D 23 1 2 4 5 13 11 27 7 A 28 10 9 35 8
	-> 1 2 4 5 7 8 9 10 11 A B 13 D 23 
Structure 953: B 26 D 23 1 2 4 14 5 31 11 7 A 10 9 8
	-> 1 2 4 5 7 8 9 10 11 A B 14 D 23 
Structure 954: B 29 20 C 19 1 2 4 14 5 13 11 7 A 41 10 9 8
	-> 1 2 4 5 7 8 9 10 11 A B 13 14 C 19 20 
Structure 955: B 30 20 C 46 1 2 4 14 5 13 11 7 6 3 15 134 36 60 52
	-> 1 2 4 5 7 11 B 13 14 C 20 
Structure 956: B 26 D 23 53 1 2 4 14 5 13 11 27 7 A 28 10 9 8
	-> 1 2 4 5 7 8 9 10 11 A B 13 14 D 23 
Structure 957: B 26 21 23 1 2 4 14 5 13 11 7 A 10 9 8
	-> 1 2 4 5 7 8 9 10 11 A B 13 14 23 
Structure 958: 93 B 26 D 23 1 2 4 14 5 13 11 7 A 28 10 9 8
	-> 1 2 4 5 7 8 9 10 11 A B 13 14 D 23 
Structure 959: B 29 20 C 19 34 1 2 4 14 5 13 11 7 A 28 10 9 8
	-> 1 2 4 5 7 8 9 10 11 A B 13 14 C 19 20 
Structure 960: B 29 20 C 19 34 1 2 4 5 13 11 7 A 10 9 8
	-> 1 2 4 5 7 8 9 10 11 A B 13 C 19 20 
Structure 961: B 26 D 23 1 2 4 14 5 13 11 27 7 A 28 10 9 8
	-> 1 2 4 5 7 8 9 10 11 A B 13 14 D 23 
Structure 962: B 32 D 23 1 2 4 5 13 11 7 A 10 9 8
	-> 1 2 4 5 7 8 9 10 11 A B 13 D 23 
Structure 963: B 26 D 23 1 2 4 5 13 11 7 A 10 9 35 8
	-> 1 2 4 5 7 8 9 10 11 A B 13 D 23 
Structure 964: B C 19 1 2 4 14 5 13 11 7 A 10 9 35 8
	-> 1 2 4 5 7 8 9 10 11 A B 13 14 C 19 
Structure 965: B 30 26 D 23 1 2 4 14 5 13 11 7 A 10 9 8
	-> 1 2 4 5 7 8 9 10 11 A B 13 14 D 23 
Structure 966: B 29 32 D 23 1 2 4 14 5 13 11 27 7 A 10 9 8
	-> 1 2 4 5 7 8 9 10 11 A B 13 14 D 23 
Structure 967: B 32 D 23 1 2 4 14 5 13 11 7 A 36 10 9 8
	-> 1 2 4 5 7 8 9 10 11 A B 13 14 D 23 
Structure 968: B 20 C 19 1 2 4 14 5 13 11 7 A 36 86 10 9 8
	-> 1 2 4 5 7 8 9 10 11 A B 13 14 C 19 20 
Structure 969: B 20 C 19 1 2 4 14 5 13 11 7 A 10 9 8
	-> 1 2 4 5 7 8 9 10 11 A B 13 14 C 19 20 
Structure 970: B 29 26 D 23 1 2 4 5 13 11 7 A 36 10 9 8
	-> 1 2 4 5 7 8 9 10 11 A B 13 D 23 
Structure 971: B 20 C 19 33 1 2 4 14 5 13 11 7 A 10 92 8
	-> 1 2 4 5 7 8 10 11 A B 13 14 C 19 20 
Structure 972: B 26 D 23 1 2 4 5 31 11 7 A 10 9 8
	-> 1 2 4 5 7 8 9 10 11 A B D 23 
Structure 973: B 30 C 19 1 2 4 14 5 31 11 7 A 28 10 9 8
	-> 1 2 4 5 7 8 9 10 11 A B 14 C 19 
Structure 974: B 29 20 C 19 1 2 4 14 5 13 11 7 A 28 10 9 8
	-> 1 2 4 5 7 8 9 10 11 A B 13 14 C 19 20 
Structure 975: B 26 D 23 1 2 4 14 5 13 11 7 A 28 10 9 8
	-> 1 2 4 5 7 8 9 10 11 A B 13 14 D 23 
Structure 976: B 32 D 23 1 2 4 5 31 11 7 A 36 10 9 35 8
	-> 1 2 4 5 7 8 9 10 11 A B D 23 
Structure 977: B 64 C 19 1 2 4 5 13 11 27 7 A 10 9 8
	-> 1 2 4 5 7 8 9 10 11 A B 13 C 19 
Structure 978: B 20 C 19 1 2 4 14 5 13 11 7 A 10 9 8
	-> 1 2 4 5 7 8 9 10 11 A B 13 14 C 19 20 
Structure 979: B 29 20 C 38 1 2 4 14 5 13 11 27 7 A 10 9 8
	-> 1 2 4 5 7 8 9 10 11 A B 13 14 C 20 
Structure 980: B 20 C 19 38 1 2 4 5 13 11 7 A 28 10 9 8
	-> 1 2 4 5 7 8 9 10 11 A B 13 C 19 20 
Structure 981: B 29 26 D 23 1 2 4 14 5 13 11 7 A 10 9 35 8
	-> 1 2 4 5 7 8 9 10 11 A B 13 14 D 23 
Structure 982: B 30 20 C 19 1 2 4 5 13 11 54 7 A 10 9 8
	-> 1 2 4 5 7 8 9 10 11 A B 13 C 19 20 
Structure 983: B 29 26 D 23 1 2 4 5 13 11 7 A 10 9 8
	-> 1 2 4 5 7 8 9 10 11 A B 13 D 23 
Structure 984: B 29 26 D 23 1 2 4 14 5 13 11 27 7 A 28 10 9 8
	-> 1 2 4 5 7 8 9 10 11 A B 13 14 D 23 
Structure 985: B 26 D 23 1 2 4 14 5 31 11 7 A 10 9 8
	-> 1 2 4 5 7 8 9 10 11 A B 14 D 23 
Structure 986: B 30 20 C 19 1 2 4 5 13 11 27 7 A 36 10 9 8
	-> 1 2 4 5 7 8 9 10 11 A B 13 C 19 20 
Structure 987: B 26 D 23 1 2 4 14 5 13 11 27 7 A 41 10 9 35 8
	-> 1 2 4 5 7 8 9 10 11 A B 13 14 D 23 
Structure 988: B 20 C 19 33 1 2 4 14 5 13 11 7 A 10 9 8
	-> 1 2 4 5 7 8 9 10 11 A B 13 14 C 19 20 
Structure 989: B 20 C 19 1 2 4 5 13 11 7 A 36 10 9 8
	-> 1 2 4 5 7 8 9 10 11 A B 13 C 19 20 
Structure 990: B 30 C 19 1 2 4 5 13 11 27 7 A 10 9 8
	-> 1 2 4 5 7 8 9 10 11 A B 13 C 19 
Structure 991: B 30 20 C 19 1 2 4 14 5 31 11 7 A 10 9 8
	-> 1 2 4 5 7 8 9 10 11 A B 14 C 19 20 
Structure 992: B 32 D 23 1 2 4 14 5 31 11 7 A 10 9 8
	-> 1 2 4 5 7 8 9 10 11 A B 14 D 23 
Structure 993: B 26 D 23 1 2 4 14 5 13 11 7 A 10 9 8
	-> 1 2 4 5 7 8 9 10 11 A B 13 14 D 23 
Structure 994: B 30 20 C 19 1 2 4 5 13 11 7 A 10 9 8
	-> 1 2 4 5 7 8 9 10 11 A B 13 C 19 20 
Structure 995: B 20 C 19 1 2 4 14 5 13 11 7 A 10 9 8
	-> 1 2 4 5 7 8 9 10 11 A B 13 14 C 19 20 
Structure 996: B 32 D 23 1 2 4 5 13 11 7 A 28 10 9 8
	-> 1 2 4 5 7 8 9 10 11 A B 13 D 23 
Structure 997: B 32 D 23 1 2 4 14 5 13 11 7 A 10 9 8
	-> 1 2 4 5 7 8 9 10 11 A B 13 14 D 23 
Structure 998: B 30 20 C 19 1 2 4 5 13 11 54 7 A 28 10 9 8
	-> 1 2 4 5 7 8 9 10 11 A B 13 C 19 20 
Structure 999: B 30 20 C 19 1 2 4 14 5 13 11 7 A 10 9 8
	-> 1 2 4 5 7 8 9 10 11 A B 13 14 C 19 20 
Structure 1000: B 26 D 23 1 2 4 14 37 5 13 11 27 7 A 10 9 8
	-> 1 2 4 5 7 8 9 10 11 A B 13 14 D 23 
