Processing /nethome/akirkpatrick3/Research/RNA/profiling/RNAStructProfilingConsolidation/output/training/THF/Holdemania_filiformi.1_sfold/input/Holdemania_filiformi.1_sfold.out
Structure 1: 6 2 1 11 12 3 4 19 
	-> 1 2 3 4 6 11 12 
Structure 2: 5 25 2 1 12 3 9 
	-> 1 2 3 5 9 12 
Structure 3: 5 2 1 11 12 13 3 4 
	-> 1 2 3 4 5 11 12 
Structure 4: 6 2 1 13 3 9 8 
	-> 1 2 3 6 8 9 
Structure 5: 5 22 2 1 10 15 16 19 
	-> 1 2 5 10 
Structure 6: 6 2 1 10 15 16 19 
	-> 1 2 6 10 
Structure 7: 5 2 1 7 3 4 32 
	-> 1 2 3 4 5 7 
Structure 8: 5 2 1 3 9 20 
	-> 1 2 3 5 9 
Structure 9: 5 33 64 65 48 21 31 
	-> 5 
Structure 10: 5 2 1 7 3 8 
	-> 1 2 3 5 7 8 
Structure 11: 6 2 1 7 3 9 8 
	-> 1 2 3 6 7 8 9 
Structure 12: 6 2 1 3 4 14 
	-> 1 2 3 4 6 
Structure 13: 6 2 1 7 3 4 8 
	-> 1 2 3 4 6 7 8 
Structure 14: 2 1 7 24 3 4 8 54 
	-> 1 2 3 4 7 8 
Structure 15: 5 29 2 1 7 3 9 8 
	-> 1 2 3 5 7 8 9 
Structure 16: 6 2 1 12 10 21 
	-> 1 2 6 10 12 
Structure 17: 6 2 1 10 15 16 23 
	-> 1 2 6 10 
Structure 18: 6 2 1 7 3 4 20 
	-> 1 2 3 4 6 7 
Structure 19: 5 25 2 1 11 13 3 4 14 
	-> 1 2 3 4 5 11 
Structure 20: 6 2 1 13 3 4 14 
	-> 1 2 3 4 6 
Structure 21: 2 1 11 12 3 4 19 
	-> 1 2 3 4 11 12 
Structure 22: 5 2 1 10 15 16 23 
	-> 1 2 5 10 
Structure 23: 6 18 2 1 10 15 16 19 
	-> 1 2 6 10 
Structure 24: 55 27 35 22 2 1 11 12 13 3 4 28 
	-> 1 2 3 4 11 12 
Structure 25: 5 2 1 26 7 3 4 8 
	-> 1 2 3 4 5 7 8 
Structure 26: 6 2 1 11 26 7 3 4 
	-> 1 2 3 4 6 7 11 
Structure 27: 5 22 2 1 3 4 8 
	-> 1 2 3 4 5 8 
Structure 28: 6 2 1 26 7 3 9 8 
	-> 1 2 3 6 7 8 9 
Structure 29: 5 17 2 1 7 3 4 8 
	-> 1 2 3 4 5 7 8 
Structure 30: 6 2 1 11 12 10 21 
	-> 1 2 6 10 11 12 
Structure 31: 5 22 2 1 10 15 16 23 
	-> 1 2 5 10 
Structure 32: 39 2 1 7 3 4 8 
	-> 1 2 3 4 7 8 
Structure 33: 5 2 1 7 3 4 8 
	-> 1 2 3 4 5 7 8 
Structure 34: 5 2 1 13 3 4 8 
	-> 1 2 3 4 5 8 
Structure 35: 6 2 1 11 81 3 9 20 
	-> 1 2 3 6 9 11 
Structure 36: 5 17 2 1 11 12 13 3 28 
	-> 1 2 3 5 11 12 
Structure 37: 5 2 1 3 4 8 
	-> 1 2 3 4 5 8 
Structure 38: 5 29 2 1 10 15 16 23 
	-> 1 2 5 10 
Structure 39: 5 17 2 1 7 3 4 8 
	-> 1 2 3 4 5 7 8 
Structure 40: 6 2 1 7 3 9 8 
	-> 1 2 3 6 7 8 9 
Structure 41: 6 2 1 13 3 9 8 
	-> 1 2 3 6 8 9 
Structure 42: 5 2 1 11 12 3 9 66 
	-> 1 2 3 5 9 11 12 
Structure 43: 5 2 1 7 3 9 14 
	-> 1 2 3 5 7 9 
Structure 44: 6 2 1 7 3 4 8 
	-> 1 2 3 4 6 7 8 
Structure 45: 5 17 2 1 11 49 13 3 9 
	-> 1 2 3 5 9 11 
Structure 46: 6 2 1 13 3 4 8 
	-> 1 2 3 4 6 8 
Structure 47: 5 2 1 13 3 4 8 
	-> 1 2 3 4 5 8 
Structure 48: 5 2 1 7 3 4 8 
	-> 1 2 3 4 5 7 8 
Structure 49: 6 2 1 7 3 4 8 
	-> 1 2 3 4 6 7 8 
Structure 50: 5 6 2 1 7 3 4 14 
	-> 1 2 3 4 5 6 7 
Structure 51: 5 2 1 11 12 3 4 
	-> 1 2 3 4 5 11 12 
Structure 52: 5 29 2 1 7 3 9 8 
	-> 1 2 3 5 7 8 9 
Structure 53: 5 17 2 1 11 12 42 82 21 
	-> 1 2 5 11 12 
Structure 54: 5 17 2 1 7 3 4 14 
	-> 1 2 3 4 5 7 
Structure 55: 6 18 2 1 13 3 4 8 
	-> 1 2 3 4 6 8 
Structure 56: 5 25 2 1 11 7 24 3 9 14 
	-> 1 2 3 5 7 9 11 
Structure 57: 6 2 1 10 15 16 23 
	-> 1 2 6 10 
Structure 58: 5 2 1 11 7 3 4 
	-> 1 2 3 4 5 7 11 
Structure 59: 6 2 1 3 4 8 
	-> 1 2 3 4 6 8 
Structure 60: 6 2 1 7 24 3 4 8 
	-> 1 2 3 4 6 7 8 
Structure 61: 6 2 1 7 3 4 8 
	-> 1 2 3 4 6 7 8 
Structure 62: 5 17 2 1 12 3 4 20 
	-> 1 2 3 4 5 12 
Structure 63: 6 2 1 10 15 16 
	-> 1 2 6 10 
Structure 64: 5 17 2 1 12 3 9 
	-> 1 2 3 5 9 12 
Structure 65: 35 22 2 1 11 12 10 21 
	-> 1 2 10 11 12 
Structure 66: 18 2 1 7 3 4 8 
	-> 1 2 3 4 7 8 
Structure 67: 5 2 1 13 3 9 8 
	-> 1 2 3 5 8 9 
Structure 68: 5 29 2 1 10 15 16 23 
	-> 1 2 5 10 
Structure 69: 5 2 1 13 3 9 8 
	-> 1 2 3 5 8 9 
Structure 70: 6 2 1 12 13 3 4 
	-> 1 2 3 4 6 12 
Structure 71: 6 2 1 41 13 3 4 8 
	-> 1 2 3 4 6 8 
Structure 72: 6 2 1 10 15 16 19 
	-> 1 2 6 10 
Structure 73: 5 2 1 3 4 34 14 
	-> 1 2 3 4 5 
Structure 74: 5 2 1 7 3 9 14 
	-> 1 2 3 5 7 9 
Structure 75: 27 6 2 1 10 15 16 19 
	-> 1 2 6 10 
Structure 76: 6 18 2 1 7 3 9 14 
	-> 1 2 3 6 7 9 
Structure 77: 6 18 2 1 11 3 83 19 
	-> 1 2 3 6 11 
Structure 78: 6 2 1 11 12 3 9 
	-> 1 2 3 6 9 11 12 
Structure 79: 6 18 2 1 13 3 9 8 
	-> 1 2 3 6 8 9 
Structure 80: 5 17 2 1 11 3 4 20 
	-> 1 2 3 4 5 11 
Structure 81: 6 2 1 13 3 4 14 
	-> 1 2 3 4 6 
Structure 82: 5 29 2 1 11 7 3 
	-> 1 2 3 5 7 11 
Structure 83: 5 17 2 1 11 7 3 4 14 
	-> 1 2 3 4 5 7 11 
Structure 84: 5 17 2 1 7 3 45 20 
	-> 1 2 3 5 7 
Structure 85: 6 2 1 12 10 21 
	-> 1 2 6 10 12 
Structure 86: 6 2 1 7 3 9 8 
	-> 1 2 3 6 7 8 9 
Structure 87: 5 22 2 1 10 15 16 23 
	-> 1 2 5 10 
Structure 88: 6 2 1 12 13 3 4 
	-> 1 2 3 4 6 12 
Structure 89: 5 22 2 1 7 3 4 8 
	-> 1 2 3 4 5 7 8 
Structure 90: 5 22 2 1 13 3 9 8 
	-> 1 2 3 5 8 9 
Structure 91: 5 17 2 1 10 15 43 23 
	-> 1 2 5 10 
Structure 92: 6 2 1 7 3 9 14 
	-> 1 2 3 6 7 9 
Structure 93: 5 2 1 3 9 20 
	-> 1 2 3 5 9 
Structure 94: 18 2 1 13 3 4 8 
	-> 1 2 3 4 8 
Structure 95: 6 2 1 10 15 16 23 
	-> 1 2 6 10 
Structure 96: 6 18 2 1 11 12 13 3 67 
	-> 1 2 3 6 11 12 
Structure 97: 5 17 2 1 3 9 14 
	-> 1 2 3 5 9 
Structure 98: 5 17 2 1 7 24 3 9 8 
	-> 1 2 3 5 7 8 9 
Structure 99: 5 6 2 1 7 3 4 8 
	-> 1 2 3 4 5 6 7 8 
Structure 100: 5 2 1 7 3 4 30 
	-> 1 2 3 4 5 7 
Structure 101: 6 2 1 11 12 10 21 
	-> 1 2 6 10 11 12 
Structure 102: 5 29 2 1 10 15 16 23 
	-> 1 2 5 10 
Structure 103: 6 2 1 11 7 3 4 
	-> 1 2 3 4 6 7 11 
Structure 104: 5 17 2 1 13 3 4 14 
	-> 1 2 3 4 5 
Structure 105: 5 2 1 11 7 24 3 14 
	-> 1 2 3 5 7 11 
Structure 106: 6 18 2 1 11 12 3 4 
	-> 1 2 3 4 6 11 12 
Structure 107: 6 2 1 12 3 4 23 
	-> 1 2 3 4 6 12 
Structure 108: 6 2 1 10 15 16 23 
	-> 1 2 6 10 
Structure 109: 6 2 1 11 12 10 21 
	-> 1 2 6 10 11 12 
Structure 110: 5 22 2 1 7 24 3 4 8 
	-> 1 2 3 4 5 7 8 
Structure 111: 5 2 1 13 3 9 14 
	-> 1 2 3 5 9 
Structure 112: 5 2 1 7 3 4 30 
	-> 1 2 3 4 5 7 
Structure 113: 2 1 13 3 4 8 
	-> 1 2 3 4 8 
Structure 114: 5 2 1 7 3 8 
	-> 1 2 3 5 7 8 
Structure 115: 6 2 1 11 12 3 4 
	-> 1 2 3 4 6 11 12 
Structure 116: 5 17 2 1 11 7 3 4 14 
	-> 1 2 3 4 5 7 11 
Structure 117: 5 2 1 7 3 9 8 
	-> 1 2 3 5 7 8 9 
Structure 118: 22 2 1 7 3 4 32 
	-> 1 2 3 4 7 
Structure 119: 6 2 1 10 15 16 19 
	-> 1 2 6 10 
Structure 120: 6 2 1 12 10 21 
	-> 1 2 6 10 12 
Structure 121: 5 17 2 1 12 3 4 
	-> 1 2 3 4 5 12 
Structure 122: 5 6 2 1 12 3 19 
	-> 1 2 3 5 6 12 
Structure 123: 5 2 1 10 15 16 23 
	-> 1 2 5 10 
Structure 124: 6 18 2 1 7 3 9 32 
	-> 1 2 3 6 7 9 
Structure 125: 6 2 1 10 15 16 23 
	-> 1 2 6 10 
Structure 126: 6 2 1 10 15 16 
	-> 1 2 6 10 
Structure 127: 84 85 56 86 3 4 87 88 89 
	-> 3 4 
Structure 128: 6 2 1 7 3 9 8 
	-> 1 2 3 6 7 8 9 
Structure 129: 5 2 1 12 13 3 4 
	-> 1 2 3 4 5 12 
Structure 130: 35 22 2 1 13 3 4 8 
	-> 1 2 3 4 8 
Structure 131: 6 2 1 10 15 16 19 
	-> 1 2 6 10 
Structure 132: 5 25 2 1 13 3 4 8 
	-> 1 2 3 4 5 8 
Structure 133: 5 22 2 1 10 21 
	-> 1 2 5 10 
Structure 134: 5 2 1 3 4 8 
	-> 1 2 3 4 5 8 
Structure 135: 5 22 2 1 3 9 8 
	-> 1 2 3 5 8 9 
Structure 136: 6 2 1 13 3 4 8 
	-> 1 2 3 4 6 8 
Structure 137: 22 2 1 26 7 3 4 8 
	-> 1 2 3 4 7 8 
Structure 138: 5 2 1 12 10 21 
	-> 1 2 5 10 12 
Structure 139: 5 17 2 1 11 12 10 21 
	-> 1 2 5 10 11 12 
Structure 140: 5 25 2 1 7 3 9 8 
	-> 1 2 3 5 7 8 9 
Structure 141: 5 2 1 10 16 23 
	-> 1 2 5 10 
Structure 142: 6 2 1 11 7 3 4 14 
	-> 1 2 3 4 6 7 11 
Structure 143: 6 2 1 7 3 4 8 
	-> 1 2 3 4 6 7 8 
Structure 144: 5 2 1 7 3 9 14 
	-> 1 2 3 5 7 9 
Structure 145: 6 2 1 11 7 3 9 
	-> 1 2 3 6 7 9 11 
Structure 146: 5 2 1 11 12 3 4 68 
	-> 1 2 3 4 5 11 12 
Structure 147: 6 18 46 1 13 3 4 8 
	-> 1 3 4 6 8 
Structure 148: 5 2 1 3 4 20 
	-> 1 2 3 4 5 
Structure 149: 5 2 1 10 15 16 19 
	-> 1 2 5 10 
Structure 150: 5 22 2 1 7 3 4 14 
	-> 1 2 3 4 5 7 
Structure 151: 6 2 1 7 3 8 
	-> 1 2 3 6 7 8 
Structure 152: 38 44 33 10 36 37 20 31 
	-> 10 
Structure 153: 6 18 2 1 13 3 9 14 
	-> 1 2 3 6 9 
Structure 154: 5 2 1 10 15 16 19 
	-> 1 2 5 10 
Structure 155: 6 2 1 7 3 9 14 
	-> 1 2 3 6 7 9 
Structure 156: 57 22 2 1 13 3 9 8 
	-> 1 2 3 8 9 
Structure 157: 6 2 1 13 3 4 8 
	-> 1 2 3 4 6 8 
Structure 158: 5 17 2 1 7 3 4 28 8 
	-> 1 2 3 4 5 7 8 
Structure 159: 5 17 40 1 41 13 3 4 8 
	-> 1 3 4 5 8 
Structure 160: 6 2 1 7 3 4 14 
	-> 1 2 3 4 6 7 
Structure 161: 5 25 2 1 7 3 4 8 
	-> 1 2 3 4 5 7 8 
Structure 162: 5 2 1 7 3 4 69 14 
	-> 1 2 3 4 5 7 
Structure 163: 5 2 1 12 3 4 
	-> 1 2 3 4 5 12 
Structure 164: 6 2 1 3 9 8 
	-> 1 2 3 6 8 9 
Structure 165: 6 2 1 7 3 9 20 
	-> 1 2 3 6 7 9 
Structure 166: 6 2 1 10 15 16 19 
	-> 1 2 6 10 
Structure 167: 5 2 1 11 12 13 3 9 
	-> 1 2 3 5 9 11 12 
Structure 168: 5 17 2 1 13 3 4 32 
	-> 1 2 3 4 5 
Structure 169: 6 2 1 11 12 3 9 20 
	-> 1 2 3 6 9 11 12 
Structure 170: 39 40 1 7 3 4 14 
	-> 1 3 4 7 
Structure 171: 22 2 1 11 12 10 21 
	-> 1 2 10 11 12 
Structure 172: 6 18 2 1 12 42 3 4 
	-> 1 2 3 4 6 12 
Structure 173: 70 18 2 1 7 3 9 8 
	-> 1 2 3 7 8 9 
Structure 174: 6 2 1 12 3 4 19 
	-> 1 2 3 4 6 12 
Structure 175: 5 2 1 13 3 4 34 14 
	-> 1 2 3 4 5 
Structure 176: 6 18 2 1 10 15 16 19 
	-> 1 2 6 10 
Structure 177: 5 2 1 3 9 8 
	-> 1 2 3 5 8 9 
Structure 178: 5 2 1 7 3 4 8 
	-> 1 2 3 4 5 7 8 
Structure 179: 5 2 1 13 3 9 8 
	-> 1 2 3 5 8 9 
Structure 180: 5 2 1 7 3 9 14 
	-> 1 2 3 5 7 9 
Structure 181: 6 2 1 7 3 4 8 
	-> 1 2 3 4 6 7 8 
Structure 182: 5 25 2 1 11 12 3 4 
	-> 1 2 3 4 5 11 12 
Structure 183: 5 17 2 1 11 12 3 4 
	-> 1 2 3 4 5 11 12 
Structure 184: 5 2 1 10 15 16 
	-> 1 2 5 10 
Structure 185: 5 17 2 1 12 3 4 20 
	-> 1 2 3 4 5 12 
Structure 186: 5 29 2 1 7 3 67 8 
	-> 1 2 3 5 7 8 
Structure 187: 5 17 2 1 11 12 13 3 4 
	-> 1 2 3 4 5 11 12 
Structure 188: 5 6 2 1 11 12 13 3 4 20 
	-> 1 2 3 4 5 6 11 12 
Structure 189: 5 25 2 1 3 9 8 
	-> 1 2 3 5 8 9 
Structure 190: 6 18 2 1 7 3 4 8 
	-> 1 2 3 4 6 7 8 
Structure 191: 5 2 1 12 3 9 
	-> 1 2 3 5 9 12 
Structure 192: 6 2 1 7 3 9 8 
	-> 1 2 3 6 7 8 9 
Structure 193: 5 2 1 7 3 4 8 
	-> 1 2 3 4 5 7 8 
Structure 194: 6 18 2 1 11 12 13 3 4 
	-> 1 2 3 4 6 11 12 
Structure 195: 5 25 2 1 11 12 10 21 
	-> 1 2 5 10 11 12 
Structure 196: 6 2 1 10 15 16 19 
	-> 1 2 6 10 
Structure 197: 6 2 1 11 12 3 4 
	-> 1 2 3 4 6 11 12 
Structure 198: 5 2 1 11 41 7 3 9 
	-> 1 2 3 5 7 9 11 
Structure 199: 5 2 1 7 3 4 8 
	-> 1 2 3 4 5 7 8 
Structure 200: 90 58 50 48 21 51 52 
	-> 
Structure 201: 5 25 2 1 7 3 4 30 
	-> 1 2 3 4 5 7 
Structure 202: 5 22 2 1 10 15 16 23 
	-> 1 2 5 10 
Structure 203: 5 17 2 1 7 24 3 4 8 
	-> 1 2 3 4 5 7 8 
Structure 204: 5 25 2 1 91 10 43 19 
	-> 1 2 5 10 
Structure 205: 5 2 1 10 15 16 19 
	-> 1 2 5 10 
Structure 206: 6 2 1 7 24 3 4 8 
	-> 1 2 3 4 6 7 8 
Structure 207: 55 2 1 7 3 4 20 47 
	-> 1 2 3 4 7 
Structure 208: 2 1 12 13 3 4 
	-> 1 2 3 4 12 
Structure 209: 6 2 1 7 3 4 8 
	-> 1 2 3 4 6 7 8 
Structure 210: 5 17 2 1 3 9 20 
	-> 1 2 3 5 9 
Structure 211: 6 2 1 11 71 3 4 19 
	-> 1 2 3 4 6 11 
Structure 212: 5 2 1 11 7 3 4 
	-> 1 2 3 4 5 7 11 
Structure 213: 6 2 1 13 3 4 28 14 
	-> 1 2 3 4 6 
Structure 214: 6 2 1 3 9 8 
	-> 1 2 3 6 8 9 
Structure 215: 5 2 1 7 3 9 14 
	-> 1 2 3 5 7 9 
Structure 216: 6 2 1 13 3 4 20 
	-> 1 2 3 4 6 
Structure 217: 6 2 1 7 3 4 14 
	-> 1 2 3 4 6 7 
Structure 218: 5 17 2 1 12 10 21 
	-> 1 2 5 10 12 
Structure 219: 5 17 2 1 7 3 4 8 
	-> 1 2 3 4 5 7 8 
Structure 220: 6 2 1 7 3 4 8 
	-> 1 2 3 4 6 7 8 
Structure 221: 5 17 2 1 7 3 9 20 
	-> 1 2 3 5 7 9 
Structure 222: 5 2 1 10 15 16 19 
	-> 1 2 5 10 
Structure 223: 6 2 1 26 7 3 9 8 
	-> 1 2 3 6 7 8 9 
Structure 224: 6 2 1 7 3 4 32 
	-> 1 2 3 4 6 7 
Structure 225: 5 58 50 48 21 31 
	-> 5 
Structure 226: 5 17 2 1 10 15 16 23 
	-> 1 2 5 10 
Structure 227: 27 6 2 1 7 3 9 8 
	-> 1 2 3 6 7 8 9 
Structure 228: 6 2 1 13 3 4 8 
	-> 1 2 3 4 6 8 
Structure 229: 5 17 2 1 7 3 4 8 
	-> 1 2 3 4 5 7 8 
Structure 230: 6 2 1 12 10 21 
	-> 1 2 6 10 12 
Structure 231: 5 2 1 72 10 92 19 
	-> 1 2 5 10 
Structure 232: 6 2 1 11 12 42 3 9 
	-> 1 2 3 6 9 11 12 
Structure 233: 6 2 1 7 3 4 8 
	-> 1 2 3 4 6 7 8 
Structure 234: 5 2 1 12 3 9 19 
	-> 1 2 3 5 9 12 
Structure 235: 6 2 1 7 3 9 8 
	-> 1 2 3 6 7 8 9 
Structure 236: 6 2 1 11 12 3 4 
	-> 1 2 3 4 6 11 12 
Structure 237: 6 2 1 7 24 3 4 8 
	-> 1 2 3 4 6 7 8 
Structure 238: 6 18 2 1 7 3 9 8 
	-> 1 2 3 6 7 8 9 
Structure 239: 6 2 1 7 3 4 30 
	-> 1 2 3 4 6 7 
Structure 240: 5 2 1 10 15 16 19 
	-> 1 2 5 10 
Structure 241: 5 2 1 7 3 4 14 
	-> 1 2 3 4 5 7 
Structure 242: 6 2 1 12 3 9 
	-> 1 2 3 6 9 12 
Structure 243: 6 2 1 11 7 3 4 20 
	-> 1 2 3 4 6 7 11 
Structure 244: 6 18 2 1 7 24 3 4 14 
	-> 1 2 3 4 6 7 
Structure 245: 6 18 46 1 7 3 4 30 
	-> 1 3 4 6 7 
Structure 246: 6 2 1 7 3 4 8 
	-> 1 2 3 4 6 7 8 
Structure 247: 6 2 1 26 7 3 9 30 
	-> 1 2 3 6 7 9 
Structure 248: 38 33 10 36 37 20 31 
	-> 10 
Structure 249: 5 2 1 3 4 14 
	-> 1 2 3 4 5 
Structure 250: 5 17 2 1 10 15 16 23 
	-> 1 2 5 10 
Structure 251: 6 18 2 1 13 3 4 8 
	-> 1 2 3 4 6 8 
Structure 252: 6 18 2 1 12 10 21 
	-> 1 2 6 10 12 
Structure 253: 5 2 1 7 3 9 8 
	-> 1 2 3 5 7 8 9 
Structure 254: 5 17 2 1 7 24 3 4 14 
	-> 1 2 3 4 5 7 
Structure 255: 5 2 1 11 3 4 28 
	-> 1 2 3 4 5 11 
Structure 256: 38 33 10 36 37 20 31 
	-> 10 
Structure 257: 38 44 33 10 36 37 20 31 
	-> 10 
Structure 258: 5 2 1 7 3 4 14 
	-> 1 2 3 4 5 7 
Structure 259: 18 2 1 12 13 3 4 
	-> 1 2 3 4 12 
Structure 260: 5 2 1 13 3 4 8 
	-> 1 2 3 4 5 8 
Structure 261: 5 25 2 1 7 3 4 8 
	-> 1 2 3 4 5 7 8 
Structure 262: 70 18 2 1 3 4 20 
	-> 1 2 3 4 
Structure 263: 5 22 2 1 7 3 4 8 
	-> 1 2 3 4 5 7 8 
Structure 264: 6 2 1 7 3 4 8 
	-> 1 2 3 4 6 7 8 
Structure 265: 2 1 7 3 9 30 
	-> 1 2 3 7 9 
Structure 266: 5 17 22 2 1 12 3 4 
	-> 1 2 3 4 5 12 
Structure 267: 39 93 56 50 3 4 31 73 
	-> 3 4 
Structure 268: 5 2 1 11 3 4 20 
	-> 1 2 3 4 5 11 
Structure 269: 25 2 1 11 7 3 9 
	-> 1 2 3 7 9 11 
Structure 270: 5 2 1 10 15 16 23 
	-> 1 2 5 10 
Structure 271: 6 2 1 7 3 4 14 
	-> 1 2 3 4 6 7 
Structure 272: 27 22 2 1 10 15 16 19 
	-> 1 2 10 
Structure 273: 5 29 2 1 7 3 9 8 
	-> 1 2 3 5 7 8 9 
Structure 274: 6 2 1 7 3 9 14 
	-> 1 2 3 6 7 9 
Structure 275: 6 2 1 74 3 4 8 
	-> 1 2 3 4 6 8 
Structure 276: 5 2 1 7 3 9 8 
	-> 1 2 3 5 7 8 9 
Structure 277: 5 17 2 1 7 24 3 9 14 
	-> 1 2 3 5 7 9 
Structure 278: 6 2 1 11 12 3 4 19 
	-> 1 2 3 4 6 11 12 
Structure 279: 5 29 2 1 10 21 
	-> 1 2 5 10 
Structure 280: 5 17 2 1 10 94 95 20 
	-> 1 2 5 10 
Structure 281: 39 40 1 10 15 16 19 
	-> 1 10 
Structure 282: 5 17 2 1 7 3 4 14 
	-> 1 2 3 4 5 7 
Structure 283: 5 25 2 1 7 3 4 8 
	-> 1 2 3 4 5 7 8 
Structure 284: 5 2 1 75 3 4 20 
	-> 1 2 3 4 5 
Structure 285: 6 2 1 3 4 20 
	-> 1 2 3 4 6 
Structure 286: 6 2 1 7 3 9 8 
	-> 1 2 3 6 7 8 9 
Structure 287: 5 2 1 7 3 4 14 
	-> 1 2 3 4 5 7 
Structure 288: 5 25 2 1 7 3 4 32 
	-> 1 2 3 4 5 7 
Structure 289: 6 2 1 10 15 16 23 
	-> 1 2 6 10 
Structure 290: 6 2 1 11 7 3 4 
	-> 1 2 3 4 6 7 11 
Structure 291: 5 17 2 1 26 7 3 4 8 
	-> 1 2 3 4 5 7 8 
Structure 292: 6 2 1 10 15 16 23 
	-> 1 2 6 10 
Structure 293: 27 6 2 1 11 12 13 3 4 
	-> 1 2 3 4 6 11 12 
Structure 294: 6 2 1 11 12 3 4 
	-> 1 2 3 4 6 11 12 
Structure 295: 6 2 1 11 13 3 4 30 
	-> 1 2 3 4 6 11 
Structure 296: 5 2 1 12 3 4 19 
	-> 1 2 3 4 5 12 
Structure 297: 6 2 1 7 3 4 8 
	-> 1 2 3 4 6 7 8 
Structure 298: 5 17 2 1 26 7 3 4 8 
	-> 1 2 3 4 5 7 8 
Structure 299: 6 2 1 12 10 21 
	-> 1 2 6 10 12 
Structure 300: 5 33 96 97 21 51 52 
	-> 5 
Structure 301: 6 2 1 12 13 3 45 9 
	-> 1 2 3 6 9 12 
Structure 302: 5 2 1 3 4 20 
	-> 1 2 3 4 5 
Structure 303: 6 2 1 10 15 16 19 
	-> 1 2 6 10 
Structure 304: 5 2 1 7 3 9 32 
	-> 1 2 3 5 7 9 
Structure 305: 6 18 2 1 11 7 3 4 20 
	-> 1 2 3 4 6 7 11 
Structure 306: 5 2 1 12 10 21 
	-> 1 2 5 10 12 
Structure 307: 6 2 1 11 12 13 3 4 
	-> 1 2 3 4 6 11 12 
Structure 308: 6 2 1 13 3 4 32 
	-> 1 2 3 4 6 
Structure 309: 6 18 2 1 7 3 4 8 
	-> 1 2 3 4 6 7 8 
Structure 310: 5 2 1 7 3 9 8 
	-> 1 2 3 5 7 8 9 
Structure 311: 5 2 1 13 3 9 8 
	-> 1 2 3 5 8 9 
Structure 312: 6 2 1 10 15 16 19 
	-> 1 2 6 10 
Structure 313: 22 2 1 7 3 4 8 
	-> 1 2 3 4 7 8 
Structure 314: 6 2 1 11 12 3 4 
	-> 1 2 3 4 6 11 12 
Structure 315: 5 17 2 1 7 3 4 30 
	-> 1 2 3 4 5 7 
Structure 316: 5 17 2 1 7 3 9 8 
	-> 1 2 3 5 7 8 9 
Structure 317: 6 2 1 7 3 4 14 
	-> 1 2 3 4 6 7 
Structure 318: 18 2 1 59 7 3 9 8 
	-> 1 2 3 7 8 9 
Structure 319: 6 18 2 1 12 13 3 9 
	-> 1 2 3 6 9 12 
Structure 320: 6 2 1 7 3 4 8 
	-> 1 2 3 4 6 7 8 
Structure 321: 5 17 2 1 7 3 9 30 
	-> 1 2 3 5 7 9 
Structure 322: 6 2 1 7 3 4 8 
	-> 1 2 3 4 6 7 8 
Structure 323: 2 1 7 3 4 32 
	-> 1 2 3 4 7 
Structure 324: 6 18 2 1 10 15 16 19 
	-> 1 2 6 10 
Structure 325: 5 2 1 10 15 16 19 
	-> 1 2 5 10 
Structure 326: 5 2 1 10 15 16 19 
	-> 1 2 5 10 
Structure 327: 5 6 2 1 7 3 4 8 
	-> 1 2 3 4 5 6 7 8 
Structure 328: 6 2 1 3 4 34 14 
	-> 1 2 3 4 6 
Structure 329: 6 18 2 1 13 3 8 
	-> 1 2 3 6 8 
Structure 330: 6 2 1 3 4 34 14 
	-> 1 2 3 4 6 
Structure 331: 6 2 1 7 3 4 14 
	-> 1 2 3 4 6 7 
Structure 332: 6 2 1 12 3 9 
	-> 1 2 3 6 9 12 
Structure 333: 5 6 2 1 7 3 4 8 
	-> 1 2 3 4 5 6 7 8 
Structure 334: 6 2 1 10 15 16 23 
	-> 1 2 6 10 
Structure 335: 5 17 2 1 12 13 3 9 
	-> 1 2 3 5 9 12 
Structure 336: 5 2 1 10 15 16 19 
	-> 1 2 5 10 
Structure 337: 5 29 2 1 11 12 13 3 9 
	-> 1 2 3 5 9 11 12 
Structure 338: 6 18 2 1 7 3 4 8 
	-> 1 2 3 4 6 7 8 
Structure 339: 27 6 2 1 3 4 34 14 
	-> 1 2 3 4 6 
Structure 340: 5 2 1 7 3 4 8 
	-> 1 2 3 4 5 7 8 
Structure 341: 6 2 1 3 9 20 
	-> 1 2 3 6 9 
Structure 342: 6 2 1 11 12 10 21 
	-> 1 2 6 10 11 12 
Structure 343: 5 2 1 11 12 10 21 
	-> 1 2 5 10 11 12 
Structure 344: 6 2 1 7 3 4 8 
	-> 1 2 3 4 6 7 8 
Structure 345: 27 6 2 1 11 12 13 3 4 
	-> 1 2 3 4 6 11 12 
Structure 346: 35 22 2 1 12 3 9 
	-> 1 2 3 9 12 
Structure 347: 2 1 11 7 3 9 14 
	-> 1 2 3 7 9 11 
Structure 348: 2 1 11 3 4 20 98 
	-> 1 2 3 4 11 
Structure 349: 27 6 2 1 7 24 3 4 8 
	-> 1 2 3 4 6 7 8 
Structure 350: 6 2 1 7 3 4 8 
	-> 1 2 3 4 6 7 8 
Structure 351: 5 2 1 7 3 4 28 8 
	-> 1 2 3 4 5 7 8 
Structure 352: 5 17 2 1 10 43 23 
	-> 1 2 5 10 
Structure 353: 6 18 2 1 13 3 9 8 
	-> 1 2 3 6 8 9 
Structure 354: 22 2 1 13 3 4 14 
	-> 1 2 3 4 
Structure 355: 5 17 2 1 11 12 10 21 
	-> 1 2 5 10 11 12 
Structure 356: 6 2 1 11 12 13 3 4 
	-> 1 2 3 4 6 11 12 
Structure 357: 6 2 1 12 13 3 4 
	-> 1 2 3 4 6 12 
Structure 358: 18 2 1 7 3 9 8 
	-> 1 2 3 7 8 9 
Structure 359: 6 2 1 10 15 16 19 
	-> 1 2 6 10 
Structure 360: 6 2 1 13 3 4 8 
	-> 1 2 3 4 6 8 
Structure 361: 6 2 1 13 3 9 8 
	-> 1 2 3 6 8 9 
Structure 362: 6 2 1 13 3 4 8 
	-> 1 2 3 4 6 8 
Structure 363: 5 17 2 1 11 12 3 4 
	-> 1 2 3 4 5 11 12 
Structure 364: 6 18 2 1 12 13 3 4 
	-> 1 2 3 4 6 12 
Structure 365: 5 2 1 7 24 3 9 14 
	-> 1 2 3 5 7 9 
Structure 366: 6 2 1 12 13 3 4 
	-> 1 2 3 4 6 12 
Structure 367: 5 2 1 7 3 14 
	-> 1 2 3 5 7 
Structure 368: 5 25 2 1 7 24 3 4 32 
	-> 1 2 3 4 5 7 
Structure 369: 6 2 1 3 9 20 
	-> 1 2 3 6 9 
Structure 370: 6 2 1 11 7 3 4 
	-> 1 2 3 4 6 7 11 
Structure 371: 5 6 2 1 7 24 3 9 14 
	-> 1 2 3 5 6 7 9 
Structure 372: 2 1 11 12 13 3 4 
	-> 1 2 3 4 11 12 
Structure 373: 2 1 3 4 8 47 
	-> 1 2 3 4 8 
Structure 374: 5 29 76 2 1 7 3 9 8 
	-> 1 2 3 5 7 8 9 
Structure 375: 6 2 1 11 12 13 3 4 
	-> 1 2 3 4 6 11 12 
Structure 376: 6 2 1 11 12 13 3 4 
	-> 1 2 3 4 6 11 12 
Structure 377: 22 2 1 12 13 3 4 
	-> 1 2 3 4 12 
Structure 378: 6 18 46 1 7 3 4 8 
	-> 1 3 4 6 7 8 
Structure 379: 5 17 2 1 7 3 4 14 
	-> 1 2 3 4 5 7 
Structure 380: 6 2 1 26 7 3 4 8 
	-> 1 2 3 4 6 7 8 
Structure 381: 6 2 1 11 10 21 
	-> 1 2 6 10 11 
Structure 382: 5 17 40 56 7 3 4 31 
	-> 3 4 5 7 
Structure 383: 5 2 1 11 7 3 4 14 
	-> 1 2 3 4 5 7 11 
Structure 384: 5 2 1 7 24 3 4 8 
	-> 1 2 3 4 5 7 8 
Structure 385: 5 2 1 11 12 3 9 
	-> 1 2 3 5 9 11 12 
Structure 386: 18 2 1 3 4 20 
	-> 1 2 3 4 
Structure 387: 6 2 1 7 3 9 8 
	-> 1 2 3 6 7 8 9 
Structure 388: 5 2 1 3 9 20 
	-> 1 2 3 5 9 
Structure 389: 6 2 1 7 24 3 4 8 
	-> 1 2 3 4 6 7 8 
Structure 390: 5 2 1 12 3 4 
	-> 1 2 3 4 5 12 
Structure 391: 5 2 1 11 12 42 10 21 
	-> 1 2 5 10 11 12 
Structure 392: 6 18 2 1 77 10 43 23 
	-> 1 2 6 10 
Structure 393: 5 2 1 10 21 
	-> 1 2 5 10 
Structure 394: 5 2 1 11 12 10 21 
	-> 1 2 5 10 11 12 
Structure 395: 6 18 2 1 10 21 
	-> 1 2 6 10 
Structure 396: 6 2 1 7 3 4 8 
	-> 1 2 3 4 6 7 8 
Structure 397: 22 2 1 7 3 28 8 
	-> 1 2 3 7 8 
Structure 398: 5 25 2 1 12 10 21 
	-> 1 2 5 10 12 
Structure 399: 5 17 2 1 11 12 3 4 
	-> 1 2 3 4 5 11 12 
Structure 400: 6 2 1 7 3 4 8 
	-> 1 2 3 4 6 7 8 
Structure 401: 6 2 1 7 3 4 8 
	-> 1 2 3 4 6 7 8 
Structure 402: 5 6 2 1 7 3 4 8 
	-> 1 2 3 4 5 6 7 8 
Structure 403: 5 17 2 1 3 4 20 
	-> 1 2 3 4 5 
Structure 404: 6 18 2 1 12 13 3 4 
	-> 1 2 3 4 6 12 
Structure 405: 6 2 1 7 3 4 99 
	-> 1 2 3 4 6 7 
Structure 406: 6 2 1 10 15 16 19 
	-> 1 2 6 10 
Structure 407: 6 2 1 7 3 4 14 
	-> 1 2 3 4 6 7 
Structure 408: 5 17 2 1 12 3 4 
	-> 1 2 3 4 5 12 
Structure 409: 27 6 2 1 3 4 8 
	-> 1 2 3 4 6 8 
Structure 410: 5 2 1 11 12 10 21 
	-> 1 2 5 10 11 12 
Structure 411: 6 18 2 1 7 3 4 8 
	-> 1 2 3 4 6 7 8 
Structure 412: 5 17 2 1 11 12 3 4 
	-> 1 2 3 4 5 11 12 
Structure 413: 6 2 1 7 3 8 
	-> 1 2 3 6 7 8 
Structure 414: 5 17 2 1 7 3 4 30 
	-> 1 2 3 4 5 7 
Structure 415: 5 17 2 1 7 3 9 8 
	-> 1 2 3 5 7 8 9 
Structure 416: 6 2 1 13 3 4 14 
	-> 1 2 3 4 6 
Structure 417: 6 2 1 11 71 10 21 
	-> 1 2 6 10 11 
Structure 418: 100 33 64 65 36 37 20 31 
	-> 
Structure 419: 6 2 1 59 3 4 8 
	-> 1 2 3 4 6 8 
Structure 420: 6 2 1 7 3 4 8 
	-> 1 2 3 4 6 7 8 
Structure 421: 39 2 1 3 4 20 
	-> 1 2 3 4 
Structure 422: 5 2 1 11 12 10 21 
	-> 1 2 5 10 11 12 
Structure 423: 6 2 1 7 3 4 14 
	-> 1 2 3 4 6 7 
Structure 424: 5 2 1 10 21 
	-> 1 2 5 10 
Structure 425: 5 22 2 1 7 24 3 9 14 
	-> 1 2 3 5 7 9 
Structure 426: 5 2 1 7 3 8 
	-> 1 2 3 5 7 8 
Structure 427: 5 2 1 26 7 3 4 8 
	-> 1 2 3 4 5 7 8 
Structure 428: 5 2 1 11 60 10 21 
	-> 1 2 5 10 11 
Structure 429: 5 6 2 1 7 3 9 8 
	-> 1 2 3 5 6 7 8 9 
Structure 430: 5 2 1 3 9 34 14 
	-> 1 2 3 5 9 
Structure 431: 5 2 1 7 3 4 8 
	-> 1 2 3 4 5 7 8 
Structure 432: 5 22 2 1 12 3 4 19 
	-> 1 2 3 4 5 12 
Structure 433: 5 17 2 1 3 9 20 
	-> 1 2 3 5 9 
Structure 434: 5 2 1 13 3 4 8 
	-> 1 2 3 4 5 8 
Structure 435: 5 6 18 2 1 13 3 4 32 8 
	-> 1 2 3 4 5 6 8 
Structure 436: 5 17 2 1 7 3 8 
	-> 1 2 3 5 7 8 
Structure 437: 5 2 1 7 3 4 8 
	-> 1 2 3 4 5 7 8 
Structure 438: 5 2 1 7 3 4 8 
	-> 1 2 3 4 5 7 8 
Structure 439: 6 2 1 3 9 20 
	-> 1 2 3 6 9 
Structure 440: 6 2 1 13 3 4 8 
	-> 1 2 3 4 6 8 
Structure 441: 6 2 1 7 3 4 8 
	-> 1 2 3 4 6 7 8 
Structure 442: 6 18 2 1 3 20 
	-> 1 2 3 6 
Structure 443: 38 33 10 36 37 51 101 52 
	-> 10 
Structure 444: 6 2 1 12 10 21 
	-> 1 2 6 10 12 
Structure 445: 2 1 3 4 20 
	-> 1 2 3 4 
Structure 446: 6 2 1 10 15 61 23 
	-> 1 2 6 10 
Structure 447: 6 2 1 7 3 4 8 
	-> 1 2 3 4 6 7 8 
Structure 448: 6 2 1 10 15 16 19 
	-> 1 2 6 10 
Structure 449: 5 2 1 7 3 9 8 
	-> 1 2 3 5 7 8 9 
Structure 450: 6 2 1 11 12 3 9 
	-> 1 2 3 6 9 11 12 
Structure 451: 6 18 2 1 7 3 4 32 
	-> 1 2 3 4 6 7 
Structure 452: 39 40 102 1 10 15 16 23 
	-> 1 10 
Structure 453: 6 2 1 10 15 16 19 
	-> 1 2 6 10 
Structure 454: 22 2 1 10 15 16 
	-> 1 2 10 
Structure 455: 6 2 1 13 3 9 8 
	-> 1 2 3 6 8 9 
Structure 456: 5 2 1 11 7 3 4 
	-> 1 2 3 4 5 7 11 
Structure 457: 6 2 1 3 4 8 
	-> 1 2 3 4 6 8 
Structure 458: 5 2 1 3 8 
	-> 1 2 3 5 8 
Structure 459: 6 2 1 7 3 9 8 
	-> 1 2 3 6 7 8 9 
Structure 460: 6 2 1 10 15 16 19 
	-> 1 2 6 10 
Structure 461: 5 2 1 77 10 23 
	-> 1 2 5 10 
Structure 462: 35 22 2 1 10 15 16 
	-> 1 2 10 
Structure 463: 5 2 1 26 7 3 4 8 
	-> 1 2 3 4 5 7 8 
Structure 464: 6 2 1 7 3 9 8 
	-> 1 2 3 6 7 8 9 
Structure 465: 6 2 1 11 7 3 9 
	-> 1 2 3 6 7 9 11 
Structure 466: 6 2 1 11 12 3 4 19 
	-> 1 2 3 4 6 11 12 
Structure 467: 18 2 1 3 9 8 
	-> 1 2 3 8 9 
Structure 468: 6 2 1 7 24 3 103 8 
	-> 1 2 3 6 7 8 
Structure 469: 5 6 2 1 7 3 9 8 
	-> 1 2 3 5 6 7 8 9 
Structure 470: 5 22 2 1 7 3 4 14 
	-> 1 2 3 4 5 7 
Structure 471: 18 2 1 13 3 4 8 
	-> 1 2 3 4 8 
Structure 472: 6 2 1 7 3 4 8 
	-> 1 2 3 4 6 7 8 
Structure 473: 6 2 1 11 12 3 4 
	-> 1 2 3 4 6 11 12 
Structure 474: 5 2 1 7 24 3 4 8 
	-> 1 2 3 4 5 7 8 
Structure 475: 5 18 2 1 7 3 4 14 
	-> 1 2 3 4 5 7 
Structure 476: 6 2 1 13 3 4 20 
	-> 1 2 3 4 6 
Structure 477: 6 2 1 13 3 9 8 
	-> 1 2 3 6 8 9 
Structure 478: 5 22 2 1 7 3 4 8 
	-> 1 2 3 4 5 7 8 
Structure 479: 5 58 50 48 21 31 73 
	-> 5 
Structure 480: 6 18 2 1 7 24 3 4 14 
	-> 1 2 3 4 6 7 
Structure 481: 6 2 1 10 15 16 19 
	-> 1 2 6 10 
Structure 482: 6 2 1 7 3 4 8 
	-> 1 2 3 4 6 7 8 
Structure 483: 5 2 1 3 4 34 14 
	-> 1 2 3 4 5 
Structure 484: 6 2 1 7 3 4 8 
	-> 1 2 3 4 6 7 8 
Structure 485: 6 18 2 1 11 12 10 21 
	-> 1 2 6 10 11 12 
Structure 486: 5 2 1 12 13 3 4 
	-> 1 2 3 4 5 12 
Structure 487: 6 2 1 10 16 19 
	-> 1 2 6 10 
Structure 488: 6 2 1 10 15 16 19 
	-> 1 2 6 10 
Structure 489: 6 2 1 26 7 3 4 8 
	-> 1 2 3 4 6 7 8 
Structure 490: 5 2 1 11 49 13 3 9 
	-> 1 2 3 5 9 11 
Structure 491: 6 2 1 7 3 4 8 
	-> 1 2 3 4 6 7 8 
Structure 492: 5 2 1 13 3 4 8 
	-> 1 2 3 4 5 8 
Structure 493: 6 2 1 7 3 9 8 
	-> 1 2 3 6 7 8 9 
Structure 494: 5 18 2 1 11 3 4 14 
	-> 1 2 3 4 5 11 
Structure 495: 6 2 1 26 7 3 4 8 
	-> 1 2 3 4 6 7 8 
Structure 496: 6 2 1 10 15 16 19 
	-> 1 2 6 10 
Structure 497: 6 2 1 7 3 4 20 
	-> 1 2 3 4 6 7 
Structure 498: 6 2 1 11 12 10 21 
	-> 1 2 6 10 11 12 
Structure 499: 5 2 1 12 10 21 
	-> 1 2 5 10 12 
Structure 500: 5 2 1 7 3 4 14 
	-> 1 2 3 4 5 7 
Structure 501: 5 2 1 13 3 4 8 
	-> 1 2 3 4 5 8 
Structure 502: 5 17 2 1 3 4 8 
	-> 1 2 3 4 5 8 
Structure 503: 5 6 2 1 13 3 9 8 
	-> 1 2 3 5 6 8 9 
Structure 504: 6 2 1 11 12 3 9 19 
	-> 1 2 3 6 9 11 12 
Structure 505: 5 2 1 7 3 9 8 
	-> 1 2 3 5 7 8 9 
Structure 506: 5 2 1 7 24 3 4 8 
	-> 1 2 3 4 5 7 8 
Structure 507: 6 2 1 10 53 78 19 
	-> 1 2 6 10 
Structure 508: 5 2 1 7 3 9 8 
	-> 1 2 3 5 7 8 9 
Structure 509: 5 17 22 2 1 11 12 10 21 
	-> 1 2 5 10 11 12 
Structure 510: 18 2 1 3 20 
	-> 1 2 3 
Structure 511: 6 2 1 7 3 28 8 
	-> 1 2 3 6 7 8 
Structure 512: 6 2 1 7 3 4 14 
	-> 1 2 3 4 6 7 
Structure 513: 6 2 1 11 12 10 21 
	-> 1 2 6 10 11 12 
Structure 514: 5 17 2 1 7 3 4 8 
	-> 1 2 3 4 5 7 8 
Structure 515: 5 2 1 10 15 53 61 23 
	-> 1 2 5 10 
Structure 516: 104 18 2 1 11 13 3 4 
	-> 1 2 3 4 11 
Structure 517: 5 22 2 1 11 12 3 4 
	-> 1 2 3 4 5 11 12 
Structure 518: 5 2 1 7 3 4 8 
	-> 1 2 3 4 5 7 8 
Structure 519: 6 18 2 1 3 4 8 
	-> 1 2 3 4 6 8 
Structure 520: 6 2 1 7 3 4 8 
	-> 1 2 3 4 6 7 8 
Structure 521: 6 2 1 7 24 3 9 8 
	-> 1 2 3 6 7 8 9 
Structure 522: 5 2 1 12 10 21 
	-> 1 2 5 10 12 
Structure 523: 5 2 1 12 10 21 
	-> 1 2 5 10 12 
Structure 524: 6 2 1 11 12 3 9 19 
	-> 1 2 3 6 9 11 12 
Structure 525: 6 2 1 72 10 43 23 
	-> 1 2 6 10 
Structure 526: 6 2 1 10 15 16 
	-> 1 2 6 10 
Structure 527: 6 2 1 7 3 4 28 8 
	-> 1 2 3 4 6 7 8 
Structure 528: 5 2 1 10 15 16 23 
	-> 1 2 5 10 
Structure 529: 5 29 2 1 11 12 42 3 9 
	-> 1 2 3 5 9 11 12 
Structure 530: 35 25 2 1 10 15 16 19 
	-> 1 2 10 
Structure 531: 5 29 2 1 7 24 3 9 8 
	-> 1 2 3 5 7 8 9 
Structure 532: 79 27 6 2 1 11 12 3 4 
	-> 1 2 3 4 6 11 12 
Structure 533: 6 2 1 11 13 3 4 
	-> 1 2 3 4 6 11 
Structure 534: 5 2 1 11 12 3 4 19 
	-> 1 2 3 4 5 11 12 
Structure 535: 6 2 1 12 13 3 9 
	-> 1 2 3 6 9 12 
Structure 536: 5 25 2 1 7 3 4 8 
	-> 1 2 3 4 5 7 8 
Structure 537: 5 33 105 13 3 4 31 
	-> 3 4 5 
Structure 538: 38 44 33 10 36 37 20 31 
	-> 10 
Structure 539: 6 2 1 7 3 9 14 
	-> 1 2 3 6 7 9 
Structure 540: 6 2 1 13 3 4 8 
	-> 1 2 3 4 6 8 
Structure 541: 5 22 2 1 11 12 3 4 
	-> 1 2 3 4 5 11 12 
Structure 542: 6 2 1 41 7 3 4 8 
	-> 1 2 3 4 6 7 8 
Structure 543: 6 2 1 10 15 23 
	-> 1 2 6 10 
Structure 544: 5 2 1 10 15 16 23 
	-> 1 2 5 10 
Structure 545: 5 17 2 1 10 15 16 19 
	-> 1 2 5 10 
Structure 546: 6 2 1 7 3 32 
	-> 1 2 3 6 7 
Structure 547: 5 17 2 1 11 7 24 3 4 62 14 
	-> 1 2 3 4 5 7 11 
Structure 548: 38 33 10 36 37 20 31 
	-> 10 
Structure 549: 5 2 1 11 7 24 3 28 30 
	-> 1 2 3 5 7 11 
Structure 550: 5 17 2 1 11 3 4 14 
	-> 1 2 3 4 5 11 
Structure 551: 5 2 1 11 12 3 
	-> 1 2 3 5 11 12 
Structure 552: 5 2 1 11 12 3 4 
	-> 1 2 3 4 5 11 12 
Structure 553: 6 18 2 1 11 12 10 21 
	-> 1 2 6 10 11 12 
Structure 554: 5 2 1 11 7 3 9 20 
	-> 1 2 3 5 7 9 11 
Structure 555: 6 2 1 10 15 16 19 
	-> 1 2 6 10 
Structure 556: 6 2 1 7 3 4 8 
	-> 1 2 3 4 6 7 8 
Structure 557: 6 18 2 1 7 3 4 8 
	-> 1 2 3 4 6 7 8 
Structure 558: 5 17 63 1 12 3 9 19 
	-> 1 3 5 9 12 
Structure 559: 6 2 1 11 7 3 9 14 
	-> 1 2 3 6 7 9 11 
Structure 560: 5 6 2 1 7 3 4 32 
	-> 1 2 3 4 5 6 7 
Structure 561: 5 2 1 10 15 16 19 
	-> 1 2 5 10 
Structure 562: 27 6 2 1 10 21 
	-> 1 2 6 10 
Structure 563: 38 44 33 10 36 37 20 31 
	-> 10 
Structure 564: 6 2 1 26 7 3 28 8 
	-> 1 2 3 6 7 8 
Structure 565: 5 22 2 1 11 12 3 4 
	-> 1 2 3 4 5 11 12 
Structure 566: 5 2 1 7 3 9 8 
	-> 1 2 3 5 7 8 9 
Structure 567: 6 2 1 10 15 16 19 
	-> 1 2 6 10 
Structure 568: 5 2 1 11 7 3 9 
	-> 1 2 3 5 7 9 11 
Structure 569: 6 18 2 1 3 4 8 
	-> 1 2 3 4 6 8 
Structure 570: 5 2 1 7 3 4 106 
	-> 1 2 3 4 5 7 
Structure 571: 5 17 2 1 3 4 20 
	-> 1 2 3 4 5 
Structure 572: 57 22 2 1 13 3 9 14 
	-> 1 2 3 9 
Structure 573: 5 2 1 7 3 4 8 
	-> 1 2 3 4 5 7 8 
Structure 574: 5 2 1 11 3 4 
	-> 1 2 3 4 5 11 
Structure 575: 5 18 2 1 11 12 3 9 
	-> 1 2 3 5 9 11 12 
Structure 576: 5 17 2 1 11 12 3 9 
	-> 1 2 3 5 9 11 12 
Structure 577: 6 2 1 11 12 13 3 4 
	-> 1 2 3 4 6 11 12 
Structure 578: 5 2 1 7 3 8 
	-> 1 2 3 5 7 8 
Structure 579: 5 2 1 12 10 21 
	-> 1 2 5 10 12 
Structure 580: 5 17 2 1 11 12 13 3 9 
	-> 1 2 3 5 9 11 12 
Structure 581: 5 2 1 7 3 4 20 
	-> 1 2 3 4 5 7 
Structure 582: 5 17 2 1 7 24 3 4 14 
	-> 1 2 3 4 5 7 
Structure 583: 6 2 1 11 3 20 
	-> 1 2 3 6 11 
Structure 584: 5 29 2 1 11 12 10 21 
	-> 1 2 5 10 11 12 
Structure 585: 6 2 1 10 15 53 16 19 
	-> 1 2 6 10 
Structure 586: 5 2 1 3 4 8 
	-> 1 2 3 4 5 8 
Structure 587: 6 18 2 1 41 7 3 4 8 
	-> 1 2 3 4 6 7 8 
Structure 588: 5 18 2 1 11 12 3 4 19 
	-> 1 2 3 4 5 11 12 
Structure 589: 5 2 1 10 15 16 19 
	-> 1 2 5 10 
Structure 590: 22 2 1 7 3 4 8 
	-> 1 2 3 4 7 8 
Structure 591: 6 2 1 12 3 4 19 
	-> 1 2 3 4 6 12 
Structure 592: 5 2 1 13 3 4 8 
	-> 1 2 3 4 5 8 
Structure 593: 6 18 2 1 7 3 4 8 
	-> 1 2 3 4 6 7 8 
Structure 594: 5 2 1 11 12 3 4 23 
	-> 1 2 3 4 5 11 12 
Structure 595: 5 22 2 1 7 3 4 14 
	-> 1 2 3 4 5 7 
Structure 596: 5 17 2 1 7 3 4 8 
	-> 1 2 3 4 5 7 8 
Structure 597: 5 17 2 1 11 12 3 9 
	-> 1 2 3 5 9 11 12 
Structure 598: 5 17 2 1 11 12 3 4 
	-> 1 2 3 4 5 11 12 
Structure 599: 6 2 1 7 3 9 8 
	-> 1 2 3 6 7 8 9 
Structure 600: 6 2 1 11 7 3 4 
	-> 1 2 3 4 6 7 11 
Structure 601: 5 2 1 12 3 9 
	-> 1 2 3 5 9 12 
Structure 602: 18 2 1 49 13 3 4 8 
	-> 1 2 3 4 8 
Structure 603: 18 2 1 10 15 16 19 
	-> 1 2 10 
Structure 604: 6 2 1 13 3 4 8 
	-> 1 2 3 4 6 8 
Structure 605: 5 2 1 11 10 21 
	-> 1 2 5 10 11 
Structure 606: 6 2 1 7 3 9 8 
	-> 1 2 3 6 7 8 9 
Structure 607: 5 25 2 1 13 3 9 8 
	-> 1 2 3 5 8 9 
Structure 608: 5 17 2 1 12 3 4 19 
	-> 1 2 3 4 5 12 
Structure 609: 35 22 2 1 7 3 9 8 
	-> 1 2 3 7 8 9 
Structure 610: 5 18 2 1 7 3 4 8 
	-> 1 2 3 4 5 7 8 
Structure 611: 5 25 22 2 1 10 15 16 
	-> 1 2 5 10 
Structure 612: 5 2 1 3 4 8 
	-> 1 2 3 4 5 8 
Structure 613: 5 2 1 12 10 21 
	-> 1 2 5 10 12 
Structure 614: 5 2 1 10 15 16 23 
	-> 1 2 5 10 
Structure 615: 5 2 1 7 3 4 8 
	-> 1 2 3 4 5 7 8 
Structure 616: 6 2 1 3 4 14 
	-> 1 2 3 4 6 
Structure 617: 5 17 2 1 7 3 9 8 
	-> 1 2 3 5 7 8 9 
Structure 618: 38 44 33 10 36 37 20 31 
	-> 10 
Structure 619: 5 2 1 7 3 9 8 
	-> 1 2 3 5 7 8 9 
Structure 620: 5 17 2 1 7 24 3 9 8 
	-> 1 2 3 5 7 8 9 
Structure 621: 6 2 1 7 3 4 8 
	-> 1 2 3 4 6 7 8 
Structure 622: 5 2 1 11 12 10 21 
	-> 1 2 5 10 11 12 
Structure 623: 18 2 1 3 9 30 
	-> 1 2 3 9 
Structure 624: 6 18 2 1 3 4 19 
	-> 1 2 3 4 6 
Structure 625: 18 2 1 75 3 4 20 54 
	-> 1 2 3 4 
Structure 626: 5 2 1 7 3 4 28 8 
	-> 1 2 3 4 5 7 8 
Structure 627: 5 2 1 7 3 4 8 
	-> 1 2 3 4 5 7 8 
Structure 628: 2 1 7 3 4 8 47 
	-> 1 2 3 4 7 8 
Structure 629: 5 2 1 11 12 10 21 
	-> 1 2 5 10 11 12 
Structure 630: 6 2 1 10 15 16 
	-> 1 2 6 10 
Structure 631: 6 2 1 10 15 16 19 
	-> 1 2 6 10 
Structure 632: 6 2 1 7 3 14 
	-> 1 2 3 6 7 
Structure 633: 18 2 1 7 3 4 8 
	-> 1 2 3 4 7 8 
Structure 634: 5 25 2 1 11 7 3 4 14 
	-> 1 2 3 4 5 7 11 
Structure 635: 5 2 1 7 3 9 8 
	-> 1 2 3 5 7 8 9 
Structure 636: 5 17 2 1 11 13 3 9 14 
	-> 1 2 3 5 9 11 
Structure 637: 5 25 2 1 12 10 21 
	-> 1 2 5 10 12 
Structure 638: 6 2 1 7 24 3 9 8 
	-> 1 2 3 6 7 8 9 
Structure 639: 5 2 1 11 7 3 4 
	-> 1 2 3 4 5 7 11 
Structure 640: 5 2 1 7 24 3 4 8 
	-> 1 2 3 4 5 7 8 
Structure 641: 5 22 2 1 11 12 7 3 9 14 
	-> 1 2 3 5 7 9 11 12 
Structure 642: 6 2 1 7 3 4 14 
	-> 1 2 3 4 6 7 
Structure 643: 6 2 1 107 13 3 20 
	-> 1 2 3 6 
Structure 644: 5 17 2 1 11 12 3 4 
	-> 1 2 3 4 5 11 12 
Structure 645: 6 2 1 12 3 4 66 
	-> 1 2 3 4 6 12 
Structure 646: 6 2 1 7 3 4 8 
	-> 1 2 3 4 6 7 8 
Structure 647: 2 1 12 3 4 23 
	-> 1 2 3 4 12 
Structure 648: 6 18 2 1 7 3 4 8 
	-> 1 2 3 4 6 7 8 
Structure 649: 6 2 1 7 3 4 8 
	-> 1 2 3 4 6 7 8 
Structure 650: 108 2 1 10 15 16 23 47 
	-> 1 2 10 
Structure 651: 5 2 1 11 12 42 80 21 
	-> 1 2 5 11 12 
Structure 652: 6 2 1 7 3 14 
	-> 1 2 3 6 7 
Structure 653: 6 2 1 12 10 21 
	-> 1 2 6 10 12 
Structure 654: 6 2 1 7 3 30 
	-> 1 2 3 6 7 
Structure 655: 6 2 1 11 7 3 9 30 
	-> 1 2 3 6 7 9 11 
Structure 656: 5 25 2 1 11 13 3 4 20 
	-> 1 2 3 4 5 11 
Structure 657: 5 2 1 26 7 3 4 8 
	-> 1 2 3 4 5 7 8 
Structure 658: 5 22 2 1 12 10 21 
	-> 1 2 5 10 12 
Structure 659: 6 2 1 12 3 9 
	-> 1 2 3 6 9 12 
Structure 660: 6 2 1 11 26 7 3 4 
	-> 1 2 3 4 6 7 11 
Structure 661: 6 2 1 10 15 16 19 
	-> 1 2 6 10 
Structure 662: 5 17 2 1 7 3 4 32 8 
	-> 1 2 3 4 5 7 8 
Structure 663: 6 2 1 10 15 16 19 
	-> 1 2 6 10 
Structure 664: 2 1 11 12 10 21 
	-> 1 2 10 11 12 
Structure 665: 5 2 1 7 3 9 14 
	-> 1 2 3 5 7 9 
Structure 666: 6 2 1 7 3 28 30 
	-> 1 2 3 6 7 
Structure 667: 6 18 2 1 26 7 3 4 28 8 
	-> 1 2 3 4 6 7 8 
Structure 668: 2 1 11 13 3 4 
	-> 1 2 3 4 11 
Structure 669: 6 2 1 7 24 3 4 8 
	-> 1 2 3 4 6 7 8 
Structure 670: 5 17 2 1 7 3 9 8 
	-> 1 2 3 5 7 8 9 
Structure 671: 6 2 1 7 3 9 14 
	-> 1 2 3 6 7 9 
Structure 672: 5 25 2 1 11 3 4 23 
	-> 1 2 3 4 5 11 
Structure 673: 5 2 1 7 24 3 9 8 
	-> 1 2 3 5 7 8 9 
Structure 674: 5 2 1 11 12 10 21 
	-> 1 2 5 10 11 12 
Structure 675: 6 2 1 11 7 3 9 14 
	-> 1 2 3 6 7 9 11 
Structure 676: 6 2 1 7 3 9 14 
	-> 1 2 3 6 7 9 
Structure 677: 5 2 1 10 15 16 23 
	-> 1 2 5 10 
Structure 678: 5 22 2 1 10 15 16 19 
	-> 1 2 5 10 
Structure 679: 5 63 1 11 12 10 21 
	-> 1 5 10 11 12 
Structure 680: 5 6 18 2 1 10 15 16 19 
	-> 1 2 5 6 10 
Structure 681: 5 22 2 1 7 3 4 14 
	-> 1 2 3 4 5 7 
Structure 682: 6 2 1 3 4 20 
	-> 1 2 3 4 6 
Structure 683: 5 29 2 1 3 4 34 14 
	-> 1 2 3 4 5 
Structure 684: 6 2 1 13 3 9 14 
	-> 1 2 3 6 9 
Structure 685: 5 18 2 1 3 4 20 
	-> 1 2 3 4 5 
Structure 686: 6 2 1 11 13 3 9 14 
	-> 1 2 3 6 9 11 
Structure 687: 6 2 1 7 3 4 8 
	-> 1 2 3 4 6 7 8 
Structure 688: 5 17 2 1 3 9 20 
	-> 1 2 3 5 9 
Structure 689: 27 6 2 1 26 7 3 4 8 
	-> 1 2 3 4 6 7 8 
Structure 690: 6 18 2 1 7 3 4 8 
	-> 1 2 3 4 6 7 8 
Structure 691: 5 2 1 10 15 16 19 
	-> 1 2 5 10 
Structure 692: 5 63 1 13 3 4 8 
	-> 1 3 4 5 8 
Structure 693: 5 2 1 7 3 20 
	-> 1 2 3 5 7 
Structure 694: 6 2 1 3 9 8 
	-> 1 2 3 6 8 9 
Structure 695: 6 18 2 1 11 12 3 9 
	-> 1 2 3 6 9 11 12 
Structure 696: 5 2 1 11 12 3 4 
	-> 1 2 3 4 5 11 12 
Structure 697: 6 2 1 7 3 4 8 
	-> 1 2 3 4 6 7 8 
Structure 698: 5 2 1 3 4 8 
	-> 1 2 3 4 5 8 
Structure 699: 5 2 1 11 7 3 4 14 
	-> 1 2 3 4 5 7 11 
Structure 700: 5 17 2 1 3 4 34 14 
	-> 1 2 3 4 5 
Structure 701: 5 17 2 1 13 3 9 14 
	-> 1 2 3 5 9 
Structure 702: 5 17 2 1 12 3 9 19 
	-> 1 2 3 5 9 12 
Structure 703: 6 2 1 11 13 3 4 109 
	-> 1 2 3 4 6 11 
Structure 704: 2 1 10 110 43 23 
	-> 1 2 10 
Structure 705: 5 2 1 7 3 4 8 
	-> 1 2 3 4 5 7 8 
Structure 706: 5 2 1 7 3 4 14 
	-> 1 2 3 4 5 7 
Structure 707: 6 2 1 11 12 10 21 
	-> 1 2 6 10 11 12 
Structure 708: 6 2 1 13 3 4 8 
	-> 1 2 3 4 6 8 
Structure 709: 5 2 1 10 15 16 19 
	-> 1 2 5 10 
Structure 710: 5 2 1 10 15 16 
	-> 1 2 5 10 
Structure 711: 5 2 1 7 24 3 4 14 
	-> 1 2 3 4 5 7 
Structure 712: 18 2 1 7 3 9 8 
	-> 1 2 3 7 8 9 
Structure 713: 38 33 10 36 37 20 31 
	-> 10 
Structure 714: 5 22 2 1 11 60 10 21 
	-> 1 2 5 10 11 
Structure 715: 35 22 2 1 41 13 3 4 8 
	-> 1 2 3 4 8 
Structure 716: 6 2 1 10 15 16 23 
	-> 1 2 6 10 
Structure 717: 39 40 1 10 15 16 78 19 
	-> 1 10 
Structure 718: 5 22 2 1 26 7 3 9 8 
	-> 1 2 3 5 7 8 9 
Structure 719: 5 2 1 11 12 3 9 
	-> 1 2 3 5 9 11 12 
Structure 720: 2 1 7 3 4 14 
	-> 1 2 3 4 7 
Structure 721: 6 2 1 11 12 3 4 19 
	-> 1 2 3 4 6 11 12 
Structure 722: 5 2 1 10 21 
	-> 1 2 5 10 
Structure 723: 27 6 2 1 10 15 16 23 
	-> 1 2 6 10 
Structure 724: 6 2 1 11 12 3 4 
	-> 1 2 3 4 6 11 12 
Structure 725: 6 2 1 12 3 45 
	-> 1 2 3 6 12 
Structure 726: 6 2 1 7 3 9 14 
	-> 1 2 3 6 7 9 
Structure 727: 5 2 1 7 3 4 8 
	-> 1 2 3 4 5 7 8 
Structure 728: 6 2 1 3 9 34 62 
	-> 1 2 3 6 9 
Structure 729: 5 2 1 3 4 34 14 
	-> 1 2 3 4 5 
Structure 730: 6 2 1 10 15 53 61 23 
	-> 1 2 6 10 
Structure 731: 5 17 2 1 7 3 4 14 
	-> 1 2 3 4 5 7 
Structure 732: 5 25 2 1 7 3 9 8 
	-> 1 2 3 5 7 8 9 
Structure 733: 5 2 1 11 3 9 20 
	-> 1 2 3 5 9 11 
Structure 734: 6 2 1 3 9 20 
	-> 1 2 3 6 9 
Structure 735: 5 2 1 11 12 10 21 
	-> 1 2 5 10 11 12 
Structure 736: 6 2 1 7 3 4 8 
	-> 1 2 3 4 6 7 8 
Structure 737: 6 2 1 7 3 4 20 
	-> 1 2 3 4 6 7 
Structure 738: 27 6 2 1 12 3 4 
	-> 1 2 3 4 6 12 
Structure 739: 5 2 1 7 3 4 14 
	-> 1 2 3 4 5 7 
Structure 740: 5 2 1 7 3 4 8 
	-> 1 2 3 4 5 7 8 
Structure 741: 6 2 1 11 26 7 3 4 
	-> 1 2 3 4 6 7 11 
Structure 742: 6 2 1 7 3 4 14 
	-> 1 2 3 4 6 7 
Structure 743: 6 2 1 7 3 9 8 
	-> 1 2 3 6 7 8 9 
Structure 744: 5 2 1 7 3 4 14 
	-> 1 2 3 4 5 7 
Structure 745: 2 1 7 3 9 14 54 
	-> 1 2 3 7 9 
Structure 746: 5 25 2 1 10 15 16 19 
	-> 1 2 5 10 
Structure 747: 6 2 1 7 3 4 34 62 
	-> 1 2 3 4 6 7 
Structure 748: 5 2 1 11 12 3 9 
	-> 1 2 3 5 9 11 12 
Structure 749: 6 18 2 1 11 12 10 21 
	-> 1 2 6 10 11 12 
Structure 750: 5 2 1 7 3 32 
	-> 1 2 3 5 7 
Structure 751: 6 2 1 7 3 4 8 
	-> 1 2 3 4 6 7 8 
Structure 752: 5 2 1 11 7 3 4 20 
	-> 1 2 3 4 5 7 11 
Structure 753: 5 2 1 12 13 3 9 
	-> 1 2 3 5 9 12 
Structure 754: 6 2 1 7 3 4 20 
	-> 1 2 3 4 6 7 
Structure 755: 18 46 1 7 24 3 4 111 
	-> 1 3 4 7 
Structure 756: 5 2 1 7 3 4 14 
	-> 1 2 3 4 5 7 
Structure 757: 6 2 1 11 12 3 4 
	-> 1 2 3 4 6 11 12 
Structure 758: 5 2 1 13 3 4 8 
	-> 1 2 3 4 5 8 
Structure 759: 27 6 2 1 10 15 16 19 
	-> 1 2 6 10 
Structure 760: 2 1 12 10 21 112 
	-> 1 2 10 12 
Structure 761: 6 2 1 12 13 3 4 
	-> 1 2 3 4 6 12 
Structure 762: 5 2 1 12 10 21 
	-> 1 2 5 10 12 
Structure 763: 5 22 2 1 7 3 4 8 
	-> 1 2 3 4 5 7 8 
Structure 764: 35 6 2 1 11 12 3 4 19 
	-> 1 2 3 4 6 11 12 
Structure 765: 6 2 1 11 10 21 
	-> 1 2 6 10 11 
Structure 766: 5 22 2 1 7 3 9 14 
	-> 1 2 3 5 7 9 
Structure 767: 2 1 11 12 3 9 
	-> 1 2 3 9 11 12 
Structure 768: 57 22 2 1 10 15 16 23 
	-> 1 2 10 
Structure 769: 5 2 1 7 3 45 9 8 
	-> 1 2 3 5 7 8 9 
Structure 770: 6 2 1 10 15 16 23 
	-> 1 2 6 10 
Structure 771: 5 2 1 11 7 3 4 
	-> 1 2 3 4 5 7 11 
Structure 772: 6 2 1 10 15 16 
	-> 1 2 6 10 
Structure 773: 6 2 1 7 3 4 8 
	-> 1 2 3 4 6 7 8 
Structure 774: 6 2 1 10 15 16 19 
	-> 1 2 6 10 
Structure 775: 5 2 1 7 3 9 8 
	-> 1 2 3 5 7 8 9 
Structure 776: 6 18 2 1 7 3 4 8 
	-> 1 2 3 4 6 7 8 
Structure 777: 6 2 1 12 3 4 
	-> 1 2 3 4 6 12 
Structure 778: 6 2 1 10 15 16 19 
	-> 1 2 6 10 
Structure 779: 5 17 2 1 12 3 4 19 
	-> 1 2 3 4 5 12 
Structure 780: 5 2 1 3 9 20 
	-> 1 2 3 5 9 
Structure 781: 6 2 1 7 3 4 8 
	-> 1 2 3 4 6 7 8 
Structure 782: 5 2 1 11 12 10 21 
	-> 1 2 5 10 11 12 
Structure 783: 6 2 1 7 3 9 20 
	-> 1 2 3 6 7 9 
Structure 784: 6 2 1 11 12 3 28 
	-> 1 2 3 6 11 12 
Structure 785: 6 2 1 7 3 4 14 
	-> 1 2 3 4 6 7 
Structure 786: 6 2 1 13 3 9 34 14 
	-> 1 2 3 6 9 
Structure 787: 18 2 1 10 15 16 19 
	-> 1 2 10 
Structure 788: 38 33 10 36 37 31 
	-> 10 
Structure 789: 25 2 1 7 3 4 8 
	-> 1 2 3 4 7 8 
Structure 790: 6 2 1 13 3 4 14 
	-> 1 2 3 4 6 
Structure 791: 5 25 2 1 7 3 4 14 
	-> 1 2 3 4 5 7 
Structure 792: 5 2 1 11 12 3 4 
	-> 1 2 3 4 5 11 12 
Structure 793: 5 2 1 12 10 21 
	-> 1 2 5 10 12 
Structure 794: 5 2 1 11 12 3 4 
	-> 1 2 3 4 5 11 12 
Structure 795: 5 25 2 1 74 3 9 14 
	-> 1 2 3 5 9 
Structure 796: 79 6 2 1 7 3 4 28 14 
	-> 1 2 3 4 6 7 
Structure 797: 6 2 1 11 12 3 4 
	-> 1 2 3 4 6 11 12 
Structure 798: 6 2 1 7 3 4 8 
	-> 1 2 3 4 6 7 8 
Structure 799: 6 2 1 10 15 16 19 
	-> 1 2 6 10 
Structure 800: 5 35 22 2 1 3 4 20 
	-> 1 2 3 4 5 
Structure 801: 5 2 1 3 4 23 
	-> 1 2 3 4 5 
Structure 802: 6 2 1 10 15 16 23 
	-> 1 2 6 10 
Structure 803: 6 2 1 12 10 21 
	-> 1 2 6 10 12 
Structure 804: 5 2 1 26 13 3 4 8 
	-> 1 2 3 4 5 8 
Structure 805: 6 2 1 7 3 4 8 
	-> 1 2 3 4 6 7 8 
Structure 806: 6 2 1 7 3 4 8 
	-> 1 2 3 4 6 7 8 
Structure 807: 5 17 2 1 7 3 4 8 
	-> 1 2 3 4 5 7 8 
Structure 808: 5 29 2 1 7 3 4 8 
	-> 1 2 3 4 5 7 8 
Structure 809: 6 2 1 3 4 28 20 
	-> 1 2 3 4 6 
Structure 810: 6 2 1 7 3 4 8 
	-> 1 2 3 4 6 7 8 
Structure 811: 5 2 1 7 3 4 14 
	-> 1 2 3 4 5 7 
Structure 812: 6 2 1 3 9 14 
	-> 1 2 3 6 9 
Structure 813: 22 2 1 7 3 4 14 
	-> 1 2 3 4 7 
Structure 814: 6 18 2 1 12 113 3 4 23 
	-> 1 2 3 4 6 12 
Structure 815: 5 17 2 1 11 13 3 9 
	-> 1 2 3 5 9 11 
Structure 816: 6 18 2 1 7 3 4 8 
	-> 1 2 3 4 6 7 8 
Structure 817: 5 2 1 10 15 16 23 
	-> 1 2 5 10 
Structure 818: 6 2 1 10 15 16 19 
	-> 1 2 6 10 
Structure 819: 6 2 1 10 15 16 23 
	-> 1 2 6 10 
Structure 820: 22 2 1 10 15 16 
	-> 1 2 10 
Structure 821: 2 1 11 7 3 9 
	-> 1 2 3 7 9 11 
Structure 822: 6 2 1 7 3 9 8 
	-> 1 2 3 6 7 8 9 
Structure 823: 5 17 2 1 7 3 4 20 
	-> 1 2 3 4 5 7 
Structure 824: 6 2 1 26 7 3 4 8 
	-> 1 2 3 4 6 7 8 
Structure 825: 5 2 1 7 3 4 14 
	-> 1 2 3 4 5 7 
Structure 826: 6 2 1 7 3 4 30 14 
	-> 1 2 3 4 6 7 
Structure 827: 5 2 1 7 3 9 20 
	-> 1 2 3 5 7 9 
Structure 828: 6 2 1 7 3 4 8 
	-> 1 2 3 4 6 7 8 
Structure 829: 6 2 1 7 3 4 14 
	-> 1 2 3 4 6 7 
Structure 830: 6 18 2 1 7 24 3 9 8 
	-> 1 2 3 6 7 8 9 
Structure 831: 6 2 1 11 7 3 4 20 
	-> 1 2 3 4 6 7 11 
Structure 832: 6 2 1 10 15 16 
	-> 1 2 6 10 
Structure 833: 5 2 1 3 9 14 
	-> 1 2 3 5 9 
Structure 834: 5 2 1 7 3 9 8 
	-> 1 2 3 5 7 8 9 
Structure 835: 6 2 1 11 12 13 3 4 
	-> 1 2 3 4 6 11 12 
Structure 836: 5 2 1 10 21 
	-> 1 2 5 10 
Structure 837: 38 33 10 36 37 20 31 
	-> 10 
Structure 838: 5 18 2 1 11 12 10 21 
	-> 1 2 5 10 11 12 
Structure 839: 5 6 2 1 3 9 8 
	-> 1 2 3 5 6 8 9 
Structure 840: 5 6 18 2 1 7 3 9 14 
	-> 1 2 3 5 6 7 9 
Structure 841: 38 44 33 10 36 37 51 52 
	-> 10 
Structure 842: 5 18 2 1 13 3 4 8 
	-> 1 2 3 4 5 8 
Structure 843: 6 2 1 7 24 3 4 14 
	-> 1 2 3 4 6 7 
Structure 844: 5 22 2 1 13 3 4 8 
	-> 1 2 3 4 5 8 
Structure 845: 6 2 1 7 24 3 4 8 
	-> 1 2 3 4 6 7 8 
Structure 846: 27 6 2 1 7 3 4 20 
	-> 1 2 3 4 6 7 
Structure 847: 5 2 1 7 3 4 14 
	-> 1 2 3 4 5 7 
Structure 848: 2 1 3 4 8 47 
	-> 1 2 3 4 8 
Structure 849: 27 6 18 2 1 7 24 3 4 8 
	-> 1 2 3 4 6 7 8 
Structure 850: 5 2 1 7 3 4 8 
	-> 1 2 3 4 5 7 8 
Structure 851: 5 17 2 1 7 3 4 8 
	-> 1 2 3 4 5 7 8 
Structure 852: 6 2 1 11 114 10 21 
	-> 1 2 6 10 11 
Structure 853: 5 18 46 1 7 3 4 14 
	-> 1 3 4 5 7 
Structure 854: 6 2 1 11 12 3 4 
	-> 1 2 3 4 6 11 12 
Structure 855: 5 2 1 10 15 16 19 
	-> 1 2 5 10 
Structure 856: 5 6 2 1 41 7 3 4 
	-> 1 2 3 4 5 6 7 
Structure 857: 6 2 1 11 12 3 9 
	-> 1 2 3 6 9 11 12 
Structure 858: 5 22 2 1 7 3 4 8 
	-> 1 2 3 4 5 7 8 
Structure 859: 5 2 1 11 12 3 4 
	-> 1 2 3 4 5 11 12 
Structure 860: 5 2 1 7 3 8 
	-> 1 2 3 5 7 8 
Structure 861: 6 2 1 13 3 28 32 8 
	-> 1 2 3 6 8 
Structure 862: 6 2 1 7 3 4 8 
	-> 1 2 3 4 6 7 8 
Structure 863: 6 2 1 7 3 28 8 
	-> 1 2 3 6 7 8 
Structure 864: 6 2 1 7 3 20 
	-> 1 2 3 6 7 
Structure 865: 5 25 2 1 7 3 9 14 
	-> 1 2 3 5 7 9 
Structure 866: 5 17 2 1 7 3 9 20 
	-> 1 2 3 5 7 9 
Structure 867: 6 2 1 11 7 3 4 20 
	-> 1 2 3 4 6 7 11 
Structure 868: 6 2 1 11 13 3 4 14 
	-> 1 2 3 4 6 11 
Structure 869: 6 18 2 1 13 3 4 115 
	-> 1 2 3 4 6 
Structure 870: 5 17 2 1 3 9 8 
	-> 1 2 3 5 8 9 
Structure 871: 5 2 1 7 3 4 8 
	-> 1 2 3 4 5 7 8 
Structure 872: 5 17 2 1 7 3 4 14 
	-> 1 2 3 4 5 7 
Structure 873: 2 1 11 12 13 3 4 
	-> 1 2 3 4 11 12 
Structure 874: 6 2 1 26 7 3 4 30 
	-> 1 2 3 4 6 7 
Structure 875: 5 17 2 1 7 3 9 14 
	-> 1 2 3 5 7 9 
Structure 876: 5 2 1 41 13 3 4 8 
	-> 1 2 3 4 5 8 
Structure 877: 5 2 1 12 13 3 28 
	-> 1 2 3 5 12 
Structure 878: 6 2 1 13 3 4 8 
	-> 1 2 3 4 6 8 
Structure 879: 6 2 1 3 9 8 
	-> 1 2 3 6 8 9 
Structure 880: 5 25 2 1 12 13 3 4 
	-> 1 2 3 4 5 12 
Structure 881: 6 2 1 7 3 4 8 
	-> 1 2 3 4 6 7 8 
Structure 882: 5 6 2 1 12 3 4 
	-> 1 2 3 4 5 6 12 
Structure 883: 6 2 1 3 4 34 14 
	-> 1 2 3 4 6 
Structure 884: 6 2 1 7 3 9 8 
	-> 1 2 3 6 7 8 9 
Structure 885: 5 17 40 1 7 3 4 8 
	-> 1 3 4 5 7 8 
Structure 886: 6 2 1 7 24 3 4 8 
	-> 1 2 3 4 6 7 8 
Structure 887: 6 2 1 7 3 9 8 
	-> 1 2 3 6 7 8 9 
Structure 888: 5 2 1 7 3 4 14 
	-> 1 2 3 4 5 7 
Structure 889: 5 2 1 11 13 3 9 
	-> 1 2 3 5 9 11 
Structure 890: 27 6 2 1 3 4 34 14 
	-> 1 2 3 4 6 
Structure 891: 5 17 2 1 11 13 3 9 
	-> 1 2 3 5 9 11 
Structure 892: 27 6 2 1 10 15 16 23 
	-> 1 2 6 10 
Structure 893: 5 17 2 1 3 4 20 
	-> 1 2 3 4 5 
Structure 894: 6 2 1 13 3 4 8 
	-> 1 2 3 4 6 8 
Structure 895: 35 22 2 1 7 3 4 14 
	-> 1 2 3 4 7 
Structure 896: 6 2 1 7 3 4 8 
	-> 1 2 3 4 6 7 8 
Structure 897: 5 22 2 1 11 12 3 4 
	-> 1 2 3 4 5 11 12 
Structure 898: 6 2 1 7 3 9 8 
	-> 1 2 3 6 7 8 9 
Structure 899: 5 17 2 1 116 12 42 3 4 
	-> 1 2 3 4 5 12 
Structure 900: 5 17 2 1 10 23 
	-> 1 2 5 10 
Structure 901: 6 2 1 11 12 10 21 
	-> 1 2 6 10 11 12 
Structure 902: 6 2 1 10 15 16 23 
	-> 1 2 6 10 
Structure 903: 5 22 2 1 10 15 16 23 
	-> 1 2 5 10 
Structure 904: 5 17 2 1 7 24 3 4 8 
	-> 1 2 3 4 5 7 8 
Structure 905: 5 2 1 13 3 4 28 8 
	-> 1 2 3 4 5 8 
Structure 906: 5 17 2 1 11 12 3 4 
	-> 1 2 3 4 5 11 12 
Structure 907: 6 18 2 1 26 7 3 4 8 
	-> 1 2 3 4 6 7 8 
Structure 908: 6 2 1 13 3 8 
	-> 1 2 3 6 8 
Structure 909: 5 2 1 7 3 8 
	-> 1 2 3 5 7 8 
Structure 910: 6 2 1 10 15 16 
	-> 1 2 6 10 
Structure 911: 6 2 1 7 3 4 8 
	-> 1 2 3 4 6 7 8 
Structure 912: 6 2 1 7 3 4 30 
	-> 1 2 3 4 6 7 
Structure 913: 5 76 2 1 12 10 21 
	-> 1 2 5 10 12 
Structure 914: 5 2 1 7 3 9 8 
	-> 1 2 3 5 7 8 9 
Structure 915: 6 2 1 10 15 16 23 
	-> 1 2 6 10 
Structure 916: 6 2 1 26 7 3 4 8 
	-> 1 2 3 4 6 7 8 
Structure 917: 6 2 1 11 7 3 9 14 
	-> 1 2 3 6 7 9 11 
Structure 918: 35 22 2 1 10 15 16 23 
	-> 1 2 10 
Structure 919: 5 2 1 3 4 28 20 
	-> 1 2 3 4 5 
Structure 920: 5 6 18 2 1 10 15 16 
	-> 1 2 5 6 10 
Structure 921: 6 2 1 7 3 9 8 
	-> 1 2 3 6 7 8 9 
Structure 922: 55 27 6 2 1 11 7 24 3 4 
	-> 1 2 3 4 6 7 11 
Structure 923: 5 22 2 1 7 3 4 8 
	-> 1 2 3 4 5 7 8 
Structure 924: 6 2 1 7 3 9 8 
	-> 1 2 3 6 7 8 9 
Structure 925: 6 2 1 11 10 21 
	-> 1 2 6 10 11 
Structure 926: 5 2 1 3 9 20 
	-> 1 2 3 5 9 
Structure 927: 6 2 1 11 12 10 80 21 
	-> 1 2 6 10 11 12 
Structure 928: 5 29 2 1 7 24 3 9 8 
	-> 1 2 3 5 7 8 9 
Structure 929: 5 17 2 1 12 3 9 20 
	-> 1 2 3 5 9 12 
Structure 930: 6 2 1 11 13 3 14 
	-> 1 2 3 6 11 
Structure 931: 6 2 1 13 3 4 14 
	-> 1 2 3 4 6 
Structure 932: 39 40 1 10 15 16 19 
	-> 1 10 
Structure 933: 5 6 18 2 1 11 12 10 21 
	-> 1 2 5 6 10 11 12 
Structure 934: 5 29 2 1 11 12 10 21 
	-> 1 2 5 10 11 12 
Structure 935: 6 18 2 1 13 3 4 8 
	-> 1 2 3 4 6 8 
Structure 936: 5 2 1 10 15 16 23 
	-> 1 2 5 10 
Structure 937: 5 2 1 7 24 3 4 8 
	-> 1 2 3 4 5 7 8 
Structure 938: 5 22 2 1 11 3 4 20 
	-> 1 2 3 4 5 11 
Structure 939: 5 17 2 1 11 12 3 4 
	-> 1 2 3 4 5 11 12 
Structure 940: 6 18 2 1 11 12 3 9 
	-> 1 2 3 6 9 11 12 
Structure 941: 6 18 2 1 11 12 3 4 19 
	-> 1 2 3 4 6 11 12 
Structure 942: 5 2 1 11 60 7 3 4 20 
	-> 1 2 3 4 5 7 11 
Structure 943: 18 2 1 13 3 4 20 
	-> 1 2 3 4 
Structure 944: 5 22 2 1 11 3 4 20 
	-> 1 2 3 4 5 11 
Structure 945: 5 29 2 1 26 7 3 4 8 
	-> 1 2 3 4 5 7 8 
Structure 946: 18 2 1 11 7 3 4 
	-> 1 2 3 4 7 11 
Structure 947: 5 22 2 1 7 3 9 8 
	-> 1 2 3 5 7 8 9 
Structure 948: 5 17 2 1 12 3 9 
	-> 1 2 3 5 9 12 
Structure 949: 6 2 1 7 3 4 8 
	-> 1 2 3 4 6 7 8 
Structure 950: 6 18 2 1 7 3 4 8 
	-> 1 2 3 4 6 7 8 
Structure 951: 5 17 2 1 7 3 9 14 
	-> 1 2 3 5 7 9 
Structure 952: 5 6 18 2 1 10 15 16 19 
	-> 1 2 5 6 10 
Structure 953: 5 17 2 1 11 12 3 4 
	-> 1 2 3 4 5 11 12 
Structure 954: 5 29 2 1 7 3 9 14 
	-> 1 2 3 5 7 9 
Structure 955: 5 2 1 10 15 16 19 
	-> 1 2 5 10 
Structure 956: 5 29 2 1 26 7 3 4 8 
	-> 1 2 3 4 5 7 8 
Structure 957: 6 2 1 12 3 4 
	-> 1 2 3 4 6 12 
Structure 958: 6 2 1 11 7 24 3 9 14 
	-> 1 2 3 6 7 9 11 
Structure 959: 22 2 1 12 10 21 
	-> 1 2 10 12 
Structure 960: 5 2 1 7 3 4 8 
	-> 1 2 3 4 5 7 8 
Structure 961: 5 2 1 7 3 9 8 
	-> 1 2 3 5 7 8 9 
Structure 962: 6 2 1 7 3 9 8 
	-> 1 2 3 6 7 8 9 
Structure 963: 5 25 2 1 12 3 4 
	-> 1 2 3 4 5 12 
Structure 964: 6 2 1 10 15 16 23 
	-> 1 2 6 10 
Structure 965: 6 18 2 1 7 3 9 34 14 
	-> 1 2 3 6 7 9 
Structure 966: 5 17 2 1 3 4 8 
	-> 1 2 3 4 5 8 
Structure 967: 5 2 1 12 13 3 9 
	-> 1 2 3 5 9 12 
Structure 968: 6 2 1 11 13 3 4 
	-> 1 2 3 4 6 11 
Structure 969: 35 22 2 1 3 4 20 
	-> 1 2 3 4 
Structure 970: 6 2 1 7 3 9 8 
	-> 1 2 3 6 7 8 9 
Structure 971: 6 2 1 11 7 3 4 
	-> 1 2 3 4 6 7 11 
Structure 972: 6 2 1 7 3 4 8 
	-> 1 2 3 4 6 7 8 
Structure 973: 5 25 2 1 11 12 13 3 4 
	-> 1 2 3 4 5 11 12 
Structure 974: 6 2 1 3 9 8 
	-> 1 2 3 6 8 9 
Structure 975: 5 2 1 13 3 4 14 
	-> 1 2 3 4 5 
Structure 976: 6 2 1 3 9 34 69 
	-> 1 2 3 6 9 
Structure 977: 6 18 2 1 3 9 20 
	-> 1 2 3 6 9 
Structure 978: 5 17 18 2 1 11 12 3 4 
	-> 1 2 3 4 5 11 12 
Structure 979: 5 17 2 1 12 3 4 19 
	-> 1 2 3 4 5 12 
Structure 980: 6 2 1 59 7 3 9 8 
	-> 1 2 3 6 7 8 9 
Structure 981: 6 2 1 10 15 16 
	-> 1 2 6 10 
Structure 982: 6 2 1 11 13 3 9 14 
	-> 1 2 3 6 9 11 
Structure 983: 35 22 2 1 10 15 16 23 
	-> 1 2 10 
Structure 984: 6 2 1 10 15 16 19 
	-> 1 2 6 10 
Structure 985: 6 2 1 49 7 3 45 8 
	-> 1 2 3 6 7 8 
Structure 986: 6 2 1 7 3 4 8 
	-> 1 2 3 4 6 7 8 
Structure 987: 5 2 1 7 3 9 8 
	-> 1 2 3 5 7 8 9 
Structure 988: 6 2 1 7 24 3 9 14 
	-> 1 2 3 6 7 9 
Structure 989: 6 2 1 12 3 4 19 
	-> 1 2 3 4 6 12 
Structure 990: 5 2 1 11 3 4 20 
	-> 1 2 3 4 5 11 
Structure 991: 27 6 2 1 13 3 4 20 
	-> 1 2 3 4 6 
Structure 992: 27 6 2 1 13 3 9 8 
	-> 1 2 3 6 8 9 
Structure 993: 5 17 2 1 7 3 4 8 
	-> 1 2 3 4 5 7 8 
Structure 994: 5 2 1 7 3 4 14 
	-> 1 2 3 4 5 7 
Structure 995: 5 2 1 11 12 13 3 4 
	-> 1 2 3 4 5 11 12 
Structure 996: 5 17 2 1 11 7 3 14 
	-> 1 2 3 5 7 11 
Structure 997: 6 2 1 12 3 4 19 
	-> 1 2 3 4 6 12 
Structure 998: 5 2 1 7 3 9 8 
	-> 1 2 3 5 7 8 9 
Structure 999: 39 40 1 12 13 3 4 
	-> 1 3 4 12 
Structure 1000: 6 2 1 11 12 3 9 68 
	-> 1 3 4 12  