Processing /home/hwilco/Documents/RNA Research/RNAStructProfiling-master/output/training/TPP/Photorhabdus_lumines.2_sfold/input/Photorhabdus_lumines.2_sfold.out
Structure 1: 3 8 9 2 7 4 1 
	-> 1 2 3 4 7 8 9 
Structure 2: 5 6 3 11 9 2 19 4 1 
	-> 1 2 3 4 5 6 9 11 
Structure 3: 6 3 9 2 4 1 
	-> 1 2 3 4 6 9 
Structure 4: 22 6 3 9 10 2 38 4 1 
	-> 1 2 3 4 6 9 10 
Structure 5: 6 3 8 2 7 4 1 
	-> 1 2 3 4 6 7 8 
Structure 6: 5 3 11 13 2 7 14 1 
	-> 1 2 3 5 7 11 
Structure 7: 5 6 3 8 10 2 4 1 
	-> 1 2 3 4 5 6 8 10 
Structure 8: 5 3 11 13 2 7 4 1 
	-> 1 2 3 4 5 7 11 
Structure 9: 6 3 8 2 7 4 1 
	-> 1 2 3 4 6 7 8 
Structure 10: 6 3 9 2 7 4 1 
	-> 1 2 3 4 6 7 9 
Structure 11: 3 8 27 12 2 4 1 
	-> 1 2 3 4 8 
Structure 12: 6 3 11 13 2 7 4 1 
	-> 1 2 3 4 6 7 11 
Structure 13: 21 23 28 9 2 7 4 1 
	-> 1 2 4 7 9 
Structure 14: 5 3 8 2 7 4 1 
	-> 1 2 3 4 5 7 8 
Structure 15: 5 6 3 8 10 2 4 1 
	-> 1 2 3 4 5 6 8 10 
Structure 16: 6 3 8 2 7 4 1 
	-> 1 2 3 4 6 7 8 
Structure 17: 5 3 8 10 2 4 1 
	-> 1 2 3 4 5 8 10 
Structure 18: 5 3 8 10 2 4 1 
	-> 1 2 3 4 5 8 10 
Structure 19: 5 6 3 9 2 7 4 1 
	-> 1 2 3 4 5 6 7 9 
Structure 20: 5 6 3 11 13 2 7 4 1 
	-> 1 2 3 4 5 6 7 11 
Structure 21: 5 3 17 9 2 7 4 1 
	-> 1 2 3 4 5 7 9 
Structure 22: 6 3 17 9 10 2 14 1 
	-> 1 2 3 6 9 10 
Structure 23: 5 6 3 8 12 2 4 1 
	-> 1 2 3 4 5 6 8 
Structure 24: 6 3 8 10 2 4 1 
	-> 1 2 3 4 6 8 10 
Structure 25: 5 3 11 13 51 10 2 4 1 
	-> 1 2 3 4 5 10 11 
Structure 26: 5 6 3 8 2 7 4 1 
	-> 1 2 3 4 5 6 7 8 
Structure 27: 5 3 8 10 2 4 1 
	-> 1 2 3 4 5 8 10 
Structure 28: 6 3 18 2 7 4 1 
	-> 1 2 3 4 6 7 
Structure 29: 5 52 39 10 2 29 25 14 15 1 
	-> 1 2 5 10 
Structure 30: 6 3 8 2 7 4 1 
	-> 1 2 3 4 6 7 8 
Structure 31: 5 6 3 8 10 2 4 1 
	-> 1 2 3 4 5 6 8 10 
Structure 32: 5 6 3 8 2 7 4 1 
	-> 1 2 3 4 5 6 7 8 
Structure 33: 5 3 8 2 7 4 1 
	-> 1 2 3 4 5 7 8 
Structure 34: 5 6 3 9 2 7 4 1 
	-> 1 2 3 4 5 6 7 9 
Structure 35: 5 6 3 9 2 7 4 1 
	-> 1 2 3 4 5 6 7 9 
Structure 36: 5 6 3 8 2 7 4 1 
	-> 1 2 3 4 5 6 7 8 
Structure 37: 6 3 9 10 2 4 1 
	-> 1 2 3 4 6 9 10 
Structure 38: 5 3 8 2 7 4 1 
	-> 1 2 3 4 5 7 8 
Structure 39: 5 6 3 9 2 7 4 1 
	-> 1 2 3 4 5 6 7 9 
Structure 40: 5 3 18 2 7 4 1 
	-> 1 2 3 4 5 7 
Structure 41: 3 8 9 10 2 4 1 
	-> 1 2 3 4 8 9 10 
Structure 42: 5 3 8 12 2 4 1 
	-> 1 2 3 4 5 8 
Structure 43: 5 8 12 2 29 25 14 1 
	-> 1 2 5 8 
Structure 44: 3 8 2 7 4 1 
	-> 1 2 3 4 7 8 
Structure 45: 5 3 8 10 2 4 1 
	-> 1 2 3 4 5 8 10 
Structure 46: 6 3 11 9 2 7 4 1 
	-> 1 2 3 4 6 7 9 11 
Structure 47: 5 3 11 13 20 2 7 4 1 
	-> 1 2 3 4 5 7 11 
Structure 48: 21 23 9 10 2 4 1 
	-> 1 2 4 9 10 
Structure 49: 5 3 11 13 2 7 4 1 
	-> 1 2 3 4 5 7 11 
Structure 50: 5 6 3 9 2 7 4 1 
	-> 1 2 3 4 5 6 7 9 
Structure 51: 6 3 11 13 20 2 7 4 1 
	-> 1 2 3 4 6 7 11 
Structure 52: 5 6 3 8 10 2 4 1 
	-> 1 2 3 4 5 6 8 10 
Structure 53: 3 9 2 53 4 1 
	-> 1 2 3 4 9 
Structure 54: 6 3 9 2 7 4 1 
	-> 1 2 3 4 6 7 9 
Structure 55: 5 3 8 10 2 14 15 1 
	-> 1 2 3 5 8 10 
Structure 56: 5 3 8 10 2 4 1 
	-> 1 2 3 4 5 8 10 
Structure 57: 3 9 2 7 4 1 
	-> 1 2 3 4 7 9 
Structure 58: 3 8 10 2 40 16 4 1 
	-> 1 2 3 4 8 10 
Structure 59: 5 3 11 9 2 7 4 1 
	-> 1 2 3 4 5 7 9 11 
Structure 60: 6 3 8 10 2 4 1 
	-> 1 2 3 4 6 8 10 
Structure 61: 6 3 9 2 7 4 1 
	-> 1 2 3 4 6 7 9 
Structure 62: 5 3 11 9 2 7 4 1 
	-> 1 2 3 4 5 7 9 11 
Structure 63: 22 6 3 9 10 2 26 14 1 
	-> 1 2 3 6 9 10 
Structure 64: 6 3 9 10 2 4 1 
	-> 1 2 3 4 6 9 10 
Structure 65: 6 3 11 9 10 2 4 1 
	-> 1 2 3 4 6 9 10 11 
Structure 66: 5 6 3 9 2 7 4 1 
	-> 1 2 3 4 5 6 7 9 
Structure 67: 5 6 3 11 24 10 2 4 1 
	-> 1 2 3 4 5 6 10 11 
Structure 68: 5 6 3 9 2 7 4 1 
	-> 1 2 3 4 5 6 7 9 
Structure 69: 5 3 8 2 7 4 1 
	-> 1 2 3 4 5 7 8 
Structure 70: 5 6 3 8 10 2 4 1 
	-> 1 2 3 4 5 6 8 10 
Structure 71: 5 3 11 13 2 7 4 1 
	-> 1 2 3 4 5 7 11 
Structure 72: 6 3 9 2 7 4 1 
	-> 1 2 3 4 6 7 9 
Structure 73: 5 6 3 9 2 7 4 1 
	-> 1 2 3 4 5 6 7 9 
Structure 74: 5 3 8 12 2 44 4 1 
	-> 1 2 3 4 5 8 
Structure 75: 6 3 8 10 2 4 1 
	-> 1 2 3 4 6 8 10 
Structure 76: 5 3 8 2 7 16 4 1 
	-> 1 2 3 4 5 7 8 
Structure 77: 5 6 3 9 10 2 4 1 
	-> 1 2 3 4 5 6 9 10 
Structure 78: 5 6 3 9 2 7 4 1 
	-> 1 2 3 4 5 6 7 9 
Structure 79: 5 3 8 12 2 14 1 
	-> 1 2 3 5 8 
Structure 80: 5 6 3 8 10 2 38 4 1 
	-> 1 2 3 4 5 6 8 10 
Structure 81: 5 6 3 8 27 12 2 4 1 
	-> 1 2 3 4 5 6 8 
Structure 82: 5 6 3 11 24 2 7 14 1 
	-> 1 2 3 5 6 7 11 
Structure 83: 3 9 10 54 2 4 1 
	-> 1 2 3 4 9 10 
Structure 84: 5 3 9 2 7 4 1 
	-> 1 2 3 4 5 7 9 
Structure 85: 5 3 9 10 2 4 1 
	-> 1 2 3 4 5 9 10 
Structure 86: 5 6 3 8 10 2 4 1 
	-> 1 2 3 4 5 6 8 10 
Structure 87: 5 3 18 2 7 4 1 
	-> 1 2 3 4 5 7 
Structure 88: 5 3 8 10 2 4 1 
	-> 1 2 3 4 5 8 10 
Structure 89: 5 3 9 10 2 19 4 1 
	-> 1 2 3 4 5 9 10 
Structure 90: 5 3 9 10 2 4 1 
	-> 1 2 3 4 5 9 10 
Structure 91: 5 6 3 18 2 7 4 1 
	-> 1 2 3 4 5 6 7 
Structure 92: 5 6 3 9 10 2 4 1 
	-> 1 2 3 4 5 6 9 10 
Structure 93: 5 3 11 13 2 7 4 1 
	-> 1 2 3 4 5 7 11 
Structure 94: 21 23 28 8 2 7 4 1 
	-> 1 2 4 7 8 
Structure 95: 5 6 3 8 12 2 4 1 
	-> 1 2 3 4 5 6 8 
Structure 96: 21 23 9 2 7 4 1 
	-> 1 2 4 7 9 
Structure 97: 5 3 11 9 2 7 4 1 
	-> 1 2 3 4 5 7 9 11 
Structure 98: 6 3 8 2 7 4 1 
	-> 1 2 3 4 6 7 8 
Structure 99: 21 23 30 33 9 10 2 55 56 
	-> 2 9 10 
Structure 100: 6 3 11 9 2 7 4 1 
	-> 1 2 3 4 6 7 9 11 
Structure 101: 5 3 8 12 2 4 1 
	-> 1 2 3 4 5 8 
Structure 102: 6 3 8 10 2 4 1 
	-> 1 2 3 4 6 8 10 
Structure 103: 5 3 8 2 7 4 1 
	-> 1 2 3 4 5 7 8 
Structure 104: 5 3 9 2 7 4 1 
	-> 1 2 3 4 5 7 9 
Structure 105: 5 6 3 8 12 2 4 1 
	-> 1 2 3 4 5 6 8 
Structure 106: 5 6 3 8 10 2 14 15 1 
	-> 1 2 3 5 6 8 10 
Structure 107: 5 3 9 10 2 4 1 
	-> 1 2 3 4 5 9 10 
Structure 108: 5 6 3 8 10 2 4 1 
	-> 1 2 3 4 5 6 8 10 
Structure 109: 5 6 3 8 12 2 14 15 1 
	-> 1 2 3 5 6 8 
Structure 110: 6 3 9 2 7 4 1 
	-> 1 2 3 4 6 7 9 
Structure 111: 5 6 3 8 10 2 4 1 
	-> 1 2 3 4 5 6 8 10 
Structure 112: 5 3 9 2 7 4 1 
	-> 1 2 3 4 5 7 9 
Structure 113: 5 3 8 10 2 4 1 
	-> 1 2 3 4 5 8 10 
Structure 114: 6 3 8 2 7 4 1 
	-> 1 2 3 4 6 7 8 
Structure 115: 5 6 3 9 2 7 4 1 
	-> 1 2 3 4 5 6 7 9 
Structure 116: 5 6 3 8 10 2 4 1 
	-> 1 2 3 4 5 6 8 10 
Structure 117: 6 3 11 9 2 7 4 1 
	-> 1 2 3 4 6 7 9 11 
Structure 118: 6 3 18 2 7 4 1 
	-> 1 2 3 4 6 7 
Structure 119: 5 6 3 8 10 2 4 1 
	-> 1 2 3 4 5 6 8 10 
Structure 120: 5 3 9 2 4 1 
	-> 1 2 3 4 5 9 
Structure 121: 5 3 8 12 2 4 1 
	-> 1 2 3 4 5 8 
Structure 122: 5 3 8 2 7 4 1 
	-> 1 2 3 4 5 7 8 
Structure 123: 5 6 3 9 2 7 4 1 
	-> 1 2 3 4 5 6 7 9 
Structure 124: 6 3 9 10 2 4 1 
	-> 1 2 3 4 6 9 10 
Structure 125: 5 6 3 9 12 2 25 14 1 
	-> 1 2 3 5 6 9 
Structure 126: 6 3 8 10 2 4 1 
	-> 1 2 3 4 6 8 10 
Structure 127: 6 3 8 10 2 4 1 
	-> 1 2 3 4 6 8 10 
Structure 128: 6 3 11 13 12 2 4 1 
	-> 1 2 3 4 6 11 
Structure 129: 6 3 8 10 2 4 1 
	-> 1 2 3 4 6 8 10 
Structure 130: 3 11 13 9 2 7 4 1 
	-> 1 2 3 4 7 9 11 
Structure 131: 5 3 11 24 10 2 57 4 1 
	-> 1 2 3 4 5 10 11 
Structure 132: 5 6 3 8 2 7 4 1 
	-> 1 2 3 4 5 6 7 8 
Structure 133: 6 3 8 12 2 16 4 1 
	-> 1 2 3 4 6 8 
Structure 134: 5 3 9 2 7 4 1 
	-> 1 2 3 4 5 7 9 
Structure 135: 22 6 3 9 2 7 4 1 
	-> 1 2 3 4 6 7 9 
Structure 136: 22 6 3 8 10 2 4 1 
	-> 1 2 3 4 6 8 10 
Structure 137: 5 3 11 9 10 2 4 1 
	-> 1 2 3 4 5 9 10 11 
Structure 138: 5 6 3 8 10 2 19 4 1 
	-> 1 2 3 4 5 6 8 10 
Structure 139: 5 6 3 8 2 7 4 1 
	-> 1 2 3 4 5 6 7 8 
Structure 140: 5 6 3 8 12 2 4 1 
	-> 1 2 3 4 5 6 8 
Structure 141: 6 3 11 41 2 4 1 
	-> 1 2 3 4 6 11 
Structure 142: 22 6 3 9 2 7 4 1 
	-> 1 2 3 4 6 7 9 
Structure 143: 6 3 8 12 2 4 1 
	-> 1 2 3 4 6 8 
Structure 144: 5 3 11 13 2 7 4 1 
	-> 1 2 3 4 5 7 11 
Structure 145: 21 23 31 8 10 2 4 1 
	-> 1 2 4 8 10 
Structure 146: 5 3 8 12 2 4 1 
	-> 1 2 3 4 5 8 
Structure 147: 6 3 8 12 2 16 4 1 
	-> 1 2 3 4 6 8 
Structure 148: 5 3 9 2 7 4 1 
	-> 1 2 3 4 5 7 9 
Structure 149: 5 32 9 2 7 4 1 
	-> 1 2 4 5 7 9 
Structure 150: 6 3 9 10 2 4 1 
	-> 1 2 3 4 6 9 10 
Structure 151: 22 6 3 11 13 12 2 14 1 
	-> 1 2 3 6 11 
Structure 152: 6 3 8 12 2 4 1 
	-> 1 2 3 4 6 8 
Structure 153: 5 6 3 8 12 2 4 1 
	-> 1 2 3 4 5 6 8 
Structure 154: 6 3 9 10 2 4 1 
	-> 1 2 3 4 6 9 10 
Structure 155: 5 6 3 8 2 7 4 1 
	-> 1 2 3 4 5 6 7 8 
Structure 156: 6 3 8 2 7 16 4 1 
	-> 1 2 3 4 6 7 8 
Structure 157: 5 3 9 2 7 4 1 
	-> 1 2 3 4 5 7 9 
Structure 158: 5 6 3 9 2 7 4 1 
	-> 1 2 3 4 5 6 7 9 
Structure 159: 5 6 3 8 2 7 4 1 
	-> 1 2 3 4 5 6 7 8 
Structure 160: 5 6 3 8 10 2 58 19 4 1 
	-> 1 2 3 4 5 6 8 10 
Structure 161: 5 6 3 8 12 2 19 4 1 
	-> 1 2 3 4 5 6 8 
Structure 162: 5 6 3 9 2 7 4 1 
	-> 1 2 3 4 5 6 7 9 
Structure 163: 5 6 3 8 10 2 4 1 
	-> 1 2 3 4 5 6 8 10 
Structure 164: 6 3 8 2 7 4 1 
	-> 1 2 3 4 6 7 8 
Structure 165: 3 8 2 7 4 1 
	-> 1 2 3 4 7 8 
Structure 166: 5 3 8 10 2 4 1 
	-> 1 2 3 4 5 8 10 
Structure 167: 6 3 8 12 2 4 1 
	-> 1 2 3 4 6 8 
Structure 168: 6 3 8 2 7 26 4 1 
	-> 1 2 3 4 6 7 8 
Structure 169: 6 3 9 10 2 4 1 
	-> 1 2 3 4 6 9 10 
Structure 170: 5 3 8 12 2 4 1 
	-> 1 2 3 4 5 8 
Structure 171: 5 3 8 2 7 4 1 
	-> 1 2 3 4 5 7 8 
Structure 172: 5 6 3 9 12 2 16 4 1 
	-> 1 2 3 4 5 6 9 
Structure 173: 6 3 18 2 7 4 1 
	-> 1 2 3 4 6 7 
Structure 174: 5 3 11 13 10 2 4 1 
	-> 1 2 3 4 5 10 11 
Structure 175: 6 3 9 2 7 16 4 1 
	-> 1 2 3 4 6 7 9 
Structure 176: 6 3 8 2 7 4 1 
	-> 1 2 3 4 6 7 8 
Structure 177: 6 3 8 2 7 4 1 
	-> 1 2 3 4 6 7 8 
Structure 178: 22 6 3 42 12 2 4 1 
	-> 1 2 3 4 6 
Structure 179: 5 6 3 11 13 2 7 4 1 
	-> 1 2 3 4 5 6 7 11 
Structure 180: 22 6 3 8 10 2 4 1 
	-> 1 2 3 4 6 8 10 
Structure 181: 3 8 10 2 4 1 
	-> 1 2 3 4 8 10 
Structure 182: 6 3 8 2 7 4 1 
	-> 1 2 3 4 6 7 8 
Structure 183: 5 3 8 59 10 2 14 15 1 
	-> 1 2 3 5 8 10 
Structure 184: 6 3 8 60 61 7 4 1 
	-> 1 3 4 6 7 8 
Structure 185: 6 3 11 13 9 2 7 4 1 
	-> 1 2 3 4 6 7 9 11 
Structure 186: 5 6 3 11 13 2 7 4 1 
	-> 1 2 3 4 5 6 7 11 
Structure 187: 6 3 8 10 2 4 1 
	-> 1 2 3 4 6 8 10 
Structure 188: 5 6 3 9 10 2 16 4 1 
	-> 1 2 3 4 5 6 9 10 
Structure 189: 6 3 9 2 7 4 1 
	-> 1 2 3 4 6 7 9 
Structure 190: 5 6 3 8 2 7 4 1 
	-> 1 2 3 4 5 6 7 8 
Structure 191: 5 6 3 8 12 2 4 1 
	-> 1 2 3 4 5 6 8 
Structure 192: 5 6 3 8 2 7 16 4 1 
	-> 1 2 3 4 5 6 7 8 
Structure 193: 5 3 8 2 7 4 1 
	-> 1 2 3 4 5 7 8 
Structure 194: 5 3 8 2 7 4 1 
	-> 1 2 3 4 5 7 8 
Structure 195: 5 3 11 9 2 7 4 1 
	-> 1 2 3 4 5 7 9 11 
Structure 196: 6 3 9 2 7 4 1 
	-> 1 2 3 4 6 7 9 
Structure 197: 5 6 3 8 2 7 14 1 
	-> 1 2 3 5 6 7 8 
Structure 198: 5 6 3 18 2 7 4 1 
	-> 1 2 3 4 5 6 7 
Structure 199: 5 3 8 10 2 4 1 
	-> 1 2 3 4 5 8 10 
Structure 200: 5 3 11 13 10 2 14 15 1 
	-> 1 2 3 5 10 11 
Structure 201: 5 6 3 8 2 7 14 1 
	-> 1 2 3 5 6 7 8 
Structure 202: 6 3 9 10 2 4 1 
	-> 1 2 3 4 6 9 10 
Structure 203: 5 3 8 10 2 4 1 
	-> 1 2 3 4 5 8 10 
Structure 204: 5 3 8 12 2 4 1 
	-> 1 2 3 4 5 8 
Structure 205: 5 3 8 10 2 4 1 
	-> 1 2 3 4 5 8 10 
Structure 206: 5 6 3 8 10 2 4 1 
	-> 1 2 3 4 5 6 8 10 
Structure 207: 6 3 17 9 12 2 4 1 
	-> 1 2 3 4 6 9 
Structure 208: 5 3 8 2 7 4 1 
	-> 1 2 3 4 5 7 8 
Structure 209: 5 3 8 2 7 4 1 
	-> 1 2 3 4 5 7 8 
Structure 210: 6 3 11 9 2 7 4 1 
	-> 1 2 3 4 6 7 9 11 
Structure 211: 5 6 3 8 10 2 4 1 
	-> 1 2 3 4 5 6 8 10 
Structure 212: 22 6 3 8 2 7 4 1 
	-> 1 2 3 4 6 7 8 
Structure 213: 5 3 17 9 2 7 4 1 
	-> 1 2 3 4 5 7 9 
Structure 214: 5 3 8 10 2 4 1 
	-> 1 2 3 4 5 8 10 
Structure 215: 5 3 8 2 7 4 1 
	-> 1 2 3 4 5 7 8 
Structure 216: 5 6 3 8 10 2 4 1 
	-> 1 2 3 4 5 6 8 10 
Structure 217: 6 3 8 10 2 4 1 
	-> 1 2 3 4 6 8 10 
Structure 218: 5 6 3 8 12 2 4 1 
	-> 1 2 3 4 5 6 8 
Structure 219: 5 3 11 9 10 2 4 1 
	-> 1 2 3 4 5 9 10 11 
Structure 220: 5 32 28 9 10 2 4 1 
	-> 1 2 4 5 9 10 
Structure 221: 6 3 8 10 2 4 1 
	-> 1 2 3 4 6 8 10 
Structure 222: 6 3 8 10 2 4 1 
	-> 1 2 3 4 6 8 10 
Structure 223: 6 3 9 10 2 4 1 
	-> 1 2 3 4 6 9 10 
Structure 224: 6 3 11 13 20 2 7 4 1 
	-> 1 2 3 4 6 7 11 
Structure 225: 5 6 3 9 10 2 4 1 
	-> 1 2 3 4 5 6 9 10 
Structure 226: 5 3 11 9 2 7 4 1 
	-> 1 2 3 4 5 7 9 11 
Structure 227: 21 23 11 9 10 2 4 1 
	-> 1 2 4 9 10 11 
Structure 228: 22 6 3 9 2 7 4 1 
	-> 1 2 3 4 6 7 9 
Structure 229: 5 3 11 24 12 2 4 1 
	-> 1 2 3 4 5 11 
Structure 230: 5 3 11 13 12 2 4 1 
	-> 1 2 3 4 5 11 
Structure 231: 6 3 9 2 7 4 15 1 
	-> 1 2 3 4 6 7 9 
Structure 232: 6 3 8 10 2 4 1 
	-> 1 2 3 4 6 8 10 
Structure 233: 6 3 8 12 2 4 1 
	-> 1 2 3 4 6 8 
Structure 234: 6 3 11 9 2 7 4 1 
	-> 1 2 3 4 6 7 9 11 
Structure 235: 3 11 10 2 62 4 1 
	-> 1 2 3 4 10 11 
Structure 236: 5 6 3 17 9 2 7 4 1 
	-> 1 2 3 4 5 6 7 9 
Structure 237: 21 3 8 9 2 7 4 1 
	-> 1 2 3 4 7 8 9 
Structure 238: 6 3 9 10 2 4 1 
	-> 1 2 3 4 6 9 10 
Structure 239: 5 6 3 18 2 7 4 1 
	-> 1 2 3 4 5 6 7 
Structure 240: 5 6 3 9 10 2 4 1 
	-> 1 2 3 4 5 6 9 10 
Structure 241: 5 3 9 2 7 4 1 
	-> 1 2 3 4 5 7 9 
Structure 242: 6 3 8 2 7 4 1 
	-> 1 2 3 4 6 7 8 
Structure 243: 63 6 3 9 10 2 4 1 
	-> 1 2 3 4 6 9 10 
Structure 244: 5 6 3 8 10 2 14 15 1 
	-> 1 2 3 5 6 8 10 
Structure 245: 5 6 3 9 2 7 4 1 
	-> 1 2 3 4 5 6 7 9 
Structure 246: 5 3 8 10 2 4 1 
	-> 1 2 3 4 5 8 10 
Structure 247: 5 3 9 10 2 4 1 
	-> 1 2 3 4 5 9 10 
Structure 248: 5 6 3 8 2 7 4 1 
	-> 1 2 3 4 5 6 7 8 
Structure 249: 5 3 9 2 7 14 1 
	-> 1 2 3 5 7 9 
Structure 250: 6 3 17 9 10 2 19 4 1 
	-> 1 2 3 4 6 9 10 
Structure 251: 6 3 8 2 7 4 1 
	-> 1 2 3 4 6 7 8 
Structure 252: 5 3 8 2 7 4 1 
	-> 1 2 3 4 5 7 8 
Structure 253: 5 6 3 9 10 2 4 1 
	-> 1 2 3 4 5 6 9 10 
Structure 254: 3 11 9 10 2 14 1 
	-> 1 2 3 9 10 11 
Structure 255: 5 3 11 9 2 7 4 1 
	-> 1 2 3 4 5 7 9 11 
Structure 256: 6 3 11 9 10 2 4 1 
	-> 1 2 3 4 6 9 10 11 
Structure 257: 5 3 9 2 7 4 1 
	-> 1 2 3 4 5 7 9 
Structure 258: 5 3 9 10 2 4 1 
	-> 1 2 3 4 5 9 10 
Structure 259: 22 6 3 9 2 7 4 1 
	-> 1 2 3 4 6 7 9 
Structure 260: 6 3 8 2 7 14 15 1 
	-> 1 2 3 6 7 8 
Structure 261: 6 3 9 10 2 14 15 1 
	-> 1 2 3 6 9 10 
Structure 262: 5 3 8 2 7 4 1 
	-> 1 2 3 4 5 7 8 
Structure 263: 6 3 9 2 7 14 15 1 
	-> 1 2 3 6 7 9 
Structure 264: 5 3 9 2 7 4 1 
	-> 1 2 3 4 5 7 9 
Structure 265: 6 3 11 13 2 7 4 1 
	-> 1 2 3 4 6 7 11 
Structure 266: 5 6 3 8 12 2 4 1 
	-> 1 2 3 4 5 6 8 
Structure 267: 5 6 3 9 2 7 4 1 
	-> 1 2 3 4 5 6 7 9 
Structure 268: 5 6 3 11 9 2 7 4 1 
	-> 1 2 3 4 5 6 7 9 11 
Structure 269: 6 3 11 13 20 2 7 4 1 
	-> 1 2 3 4 6 7 11 
Structure 270: 6 3 8 12 2 4 1 
	-> 1 2 3 4 6 8 
Structure 271: 5 6 3 8 2 7 4 1 
	-> 1 2 3 4 5 6 7 8 
Structure 272: 5 6 3 11 13 12 2 4 1 
	-> 1 2 3 4 5 6 11 
Structure 273: 5 3 8 10 2 4 1 
	-> 1 2 3 4 5 8 10 
Structure 274: 5 6 3 8 10 2 4 1 
	-> 1 2 3 4 5 6 8 10 
Structure 275: 6 3 11 24 2 7 4 1 
	-> 1 2 3 4 6 7 11 
Structure 276: 5 6 3 9 2 7 4 1 
	-> 1 2 3 4 5 6 7 9 
Structure 277: 5 6 3 11 13 2 7 4 1 
	-> 1 2 3 4 5 6 7 11 
Structure 278: 5 6 3 8 10 2 19 4 1 
	-> 1 2 3 4 5 6 8 10 
Structure 279: 5 6 3 9 10 2 14 1 
	-> 1 2 3 5 6 9 10 
Structure 280: 5 6 3 8 12 2 4 1 
	-> 1 2 3 4 5 6 8 
Structure 281: 6 3 8 45 2 25 14 1 
	-> 1 2 3 6 8 
Structure 282: 5 3 9 2 7 4 1 
	-> 1 2 3 4 5 7 9 
Structure 283: 5 3 9 2 7 4 1 
	-> 1 2 3 4 5 7 9 
Structure 284: 6 3 18 2 7 4 1 
	-> 1 2 3 4 6 7 
Structure 285: 6 3 8 10 2 4 1 
	-> 1 2 3 4 6 8 10 
Structure 286: 6 3 8 10 2 4 1 
	-> 1 2 3 4 6 8 10 
Structure 287: 6 3 8 2 7 4 1 
	-> 1 2 3 4 6 7 8 
Structure 288: 5 3 17 9 2 7 4 1 
	-> 1 2 3 4 5 7 9 
Structure 289: 6 3 8 10 2 4 1 
	-> 1 2 3 4 6 8 10 
Structure 290: 21 23 30 33 43 34 35 36 1 
	-> 1 
Structure 291: 5 6 3 8 12 2 14 15 1 
	-> 1 2 3 5 6 8 
Structure 292: 5 6 3 9 10 2 4 1 
	-> 1 2 3 4 5 6 9 10 
Structure 293: 3 9 2 7 4 1 
	-> 1 2 3 4 7 9 
Structure 294: 3 9 10 2 4 1 
	-> 1 2 3 4 9 10 
Structure 295: 5 6 3 8 12 2 4 1 
	-> 1 2 3 4 5 6 8 
Structure 296: 6 3 11 9 10 2 4 1 
	-> 1 2 3 4 6 9 10 11 
Structure 297: 5 6 3 11 13 12 2 4 1 
	-> 1 2 3 4 5 6 11 
Structure 298: 5 6 3 9 2 7 4 1 
	-> 1 2 3 4 5 6 7 9 
Structure 299: 5 3 9 2 7 4 1 
	-> 1 2 3 4 5 7 9 
Structure 300: 5 6 3 9 2 7 4 1 
	-> 1 2 3 4 5 6 7 9 
Structure 301: 5 3 8 12 2 4 1 
	-> 1 2 3 4 5 8 
Structure 302: 6 3 8 10 2 14 15 1 
	-> 1 2 3 6 8 10 
Structure 303: 5 3 8 12 2 4 1 
	-> 1 2 3 4 5 8 
Structure 304: 6 3 9 10 2 4 1 
	-> 1 2 3 4 6 9 10 
Structure 305: 5 3 9 10 2 4 1 
	-> 1 2 3 4 5 9 10 
Structure 306: 5 3 9 2 7 4 1 
	-> 1 2 3 4 5 7 9 
Structure 307: 5 6 3 8 10 2 4 1 
	-> 1 2 3 4 5 6 8 10 
Structure 308: 6 3 11 13 2 7 4 1 
	-> 1 2 3 4 6 7 11 
Structure 309: 5 3 8 10 2 4 1 
	-> 1 2 3 4 5 8 10 
Structure 310: 5 6 3 8 10 2 19 4 1 
	-> 1 2 3 4 5 6 8 10 
Structure 311: 5 3 9 2 7 4 1 
	-> 1 2 3 4 5 7 9 
Structure 312: 5 3 8 2 7 4 1 
	-> 1 2 3 4 5 7 8 
Structure 313: 5 3 11 13 2 7 4 1 
	-> 1 2 3 4 5 7 11 
Structure 314: 6 3 8 2 7 4 1 
	-> 1 2 3 4 6 7 8 
Structure 315: 5 3 11 13 20 2 7 4 1 
	-> 1 2 3 4 5 7 11 
Structure 316: 5 6 3 8 2 7 4 1 
	-> 1 2 3 4 5 6 7 8 
Structure 317: 6 3 11 9 2 7 4 1 
	-> 1 2 3 4 6 7 9 11 
Structure 318: 5 3 9 2 7 4 1 
	-> 1 2 3 4 5 7 9 
Structure 319: 5 3 9 10 2 4 1 
	-> 1 2 3 4 5 9 10 
Structure 320: 5 3 9 2 7 14 1 
	-> 1 2 3 5 7 9 
Structure 321: 5 6 3 11 41 2 46 4 1 
	-> 1 2 3 4 5 6 11 
Structure 322: 5 3 9 2 7 4 1 
	-> 1 2 3 4 5 7 9 
Structure 323: 3 9 2 7 4 1 
	-> 1 2 3 4 7 9 
Structure 324: 5 3 9 2 7 4 1 
	-> 1 2 3 4 5 7 9 
Structure 325: 6 3 8 2 7 4 1 
	-> 1 2 3 4 6 7 8 
Structure 326: 5 3 8 12 2 4 1 
	-> 1 2 3 4 5 8 
Structure 327: 6 3 8 2 7 4 1 
	-> 1 2 3 4 6 7 8 
Structure 328: 3 9 2 7 4 1 
	-> 1 2 3 4 7 9 
Structure 329: 5 8 12 2 25 14 1 
	-> 1 2 5 8 
Structure 330: 5 6 3 11 13 20 2 7 4 1 
	-> 1 2 3 4 5 6 7 11 
Structure 331: 6 3 9 10 2 4 1 
	-> 1 2 3 4 6 9 10 
Structure 332: 22 6 3 8 2 7 4 1 
	-> 1 2 3 4 6 7 8 
Structure 333: 5 6 3 8 10 2 4 1 
	-> 1 2 3 4 5 6 8 10 
Structure 334: 6 3 8 10 2 4 1 
	-> 1 2 3 4 6 8 10 
Structure 335: 5 3 9 12 2 4 1 
	-> 1 2 3 4 5 9 
Structure 336: 5 6 3 11 13 2 7 14 4 1 
	-> 1 2 3 4 5 6 7 11 
Structure 337: 6 3 8 2 7 4 1 
	-> 1 2 3 4 6 7 8 
Structure 338: 6 3 18 2 7 4 1 
	-> 1 2 3 4 6 7 
Structure 339: 5 3 17 9 10 2 16 4 1 
	-> 1 2 3 4 5 9 10 
Structure 340: 5 3 8 12 2 4 1 
	-> 1 2 3 4 5 8 
Structure 341: 3 11 13 2 7 4 1 
	-> 1 2 3 4 7 11 
Structure 342: 6 3 8 12 2 4 1 
	-> 1 2 3 4 6 8 
Structure 343: 6 3 9 10 2 4 1 
	-> 1 2 3 4 6 9 10 
Structure 344: 5 6 3 8 2 7 14 15 1 
	-> 1 2 3 5 6 7 8 
Structure 345: 6 3 8 2 7 4 1 
	-> 1 2 3 4 6 7 8 
Structure 346: 5 3 8 10 2 4 1 
	-> 1 2 3 4 5 8 10 
Structure 347: 5 6 3 9 10 2 14 15 1 
	-> 1 2 3 5 6 9 10 
Structure 348: 5 3 8 2 7 4 1 
	-> 1 2 3 4 5 7 8 
Structure 349: 5 6 3 8 12 2 16 4 1 
	-> 1 2 3 4 5 6 8 
Structure 350: 6 3 8 2 7 4 15 1 
	-> 1 2 3 4 6 7 8 
Structure 351: 5 6 3 8 10 2 4 1 
	-> 1 2 3 4 5 6 8 10 
Structure 352: 6 3 9 10 2 4 1 
	-> 1 2 3 4 6 9 10 
Structure 353: 5 6 3 11 9 2 7 4 1 
	-> 1 2 3 4 5 6 7 9 11 
Structure 354: 5 3 8 10 2 4 1 
	-> 1 2 3 4 5 8 10 
Structure 355: 5 3 9 10 2 25 4 1 
	-> 1 2 3 4 5 9 10 
Structure 356: 5 3 9 2 7 4 1 
	-> 1 2 3 4 5 7 9 
Structure 357: 5 6 3 11 13 20 2 7 4 1 
	-> 1 2 3 4 5 6 7 11 
Structure 358: 3 11 13 2 7 4 1 
	-> 1 2 3 4 7 11 
Structure 359: 5 6 3 11 9 10 2 4 1 
	-> 1 2 3 4 5 6 9 10 11 
Structure 360: 6 3 8 2 7 14 1 
	-> 1 2 3 6 7 8 
Structure 361: 22 6 3 11 9 2 7 4 1 
	-> 1 2 3 4 6 7 9 11 
Structure 362: 5 3 8 10 2 14 15 1 
	-> 1 2 3 5 8 10 
Structure 363: 5 6 3 8 12 2 16 4 1 
	-> 1 2 3 4 5 6 8 
Structure 364: 5 3 9 10 2 4 1 
	-> 1 2 3 4 5 9 10 
Structure 365: 5 3 11 9 12 2 4 1 
	-> 1 2 3 4 5 9 11 
Structure 366: 5 6 3 11 9 10 2 4 1 
	-> 1 2 3 4 5 6 9 10 11 
Structure 367: 5 3 42 12 2 16 4 1 
	-> 1 2 3 4 5 
Structure 368: 5 3 11 13 20 2 7 4 1 
	-> 1 2 3 4 5 7 11 
Structure 369: 6 3 11 13 9 10 2 4 1 
	-> 1 2 3 4 6 9 10 11 
Structure 370: 6 3 8 2 7 4 1 
	-> 1 2 3 4 6 7 8 
Structure 371: 3 9 2 7 4 1 
	-> 1 2 3 4 7 9 
Structure 372: 5 3 8 2 7 4 1 
	-> 1 2 3 4 5 7 8 
Structure 373: 6 3 8 2 7 4 1 
	-> 1 2 3 4 6 7 8 
Structure 374: 5 6 3 17 9 2 7 4 1 
	-> 1 2 3 4 5 6 7 9 
Structure 375: 5 3 11 13 20 2 7 4 1 
	-> 1 2 3 4 5 7 11 
Structure 376: 5 3 9 10 2 4 1 
	-> 1 2 3 4 5 9 10 
Structure 377: 6 3 8 10 2 4 1 
	-> 1 2 3 4 6 8 10 
Structure 378: 5 3 9 2 7 4 1 
	-> 1 2 3 4 5 7 9 
Structure 379: 5 3 8 2 7 4 1 
	-> 1 2 3 4 5 7 8 
Structure 380: 5 3 9 2 7 4 1 
	-> 1 2 3 4 5 7 9 
Structure 381: 6 3 8 10 2 14 4 1 
	-> 1 2 3 4 6 8 10 
Structure 382: 5 3 9 2 7 4 1 
	-> 1 2 3 4 5 7 9 
Structure 383: 5 3 11 13 10 2 4 1 
	-> 1 2 3 4 5 10 11 
Structure 384: 5 6 3 9 2 7 4 1 
	-> 1 2 3 4 5 6 7 9 
Structure 385: 5 6 3 11 24 2 7 14 1 
	-> 1 2 3 5 6 7 11 
Structure 386: 5 6 3 8 2 7 16 4 15 1 
	-> 1 2 3 4 5 6 7 8 
Structure 387: 5 3 9 2 7 16 4 1 
	-> 1 2 3 4 5 7 9 
Structure 388: 6 3 8 2 7 14 1 
	-> 1 2 3 6 7 8 
Structure 389: 5 3 8 10 2 4 1 
	-> 1 2 3 4 5 8 10 
Structure 390: 5 3 11 13 2 7 4 1 
	-> 1 2 3 4 5 7 11 
Structure 391: 3 11 9 10 2 4 1 
	-> 1 2 3 4 9 10 11 
Structure 392: 5 6 3 11 13 2 7 4 1 
	-> 1 2 3 4 5 6 7 11 
Structure 393: 5 6 3 8 2 7 4 1 
	-> 1 2 3 4 5 6 7 8 
Structure 394: 5 6 3 9 10 2 4 1 
	-> 1 2 3 4 5 6 9 10 
Structure 395: 5 3 9 2 7 4 1 
	-> 1 2 3 4 5 7 9 
Structure 396: 5 3 8 2 7 4 1 
	-> 1 2 3 4 5 7 8 
Structure 397: 21 23 31 11 9 2 7 4 1 
	-> 1 2 4 7 9 11 
Structure 398: 3 9 2 7 4 1 
	-> 1 2 3 4 7 9 
Structure 399: 5 6 3 11 13 2 7 4 1 
	-> 1 2 3 4 5 6 7 11 
Structure 400: 5 6 3 8 2 7 4 1 
	-> 1 2 3 4 5 6 7 8 
Structure 401: 5 6 3 17 9 10 2 4 1 
	-> 1 2 3 4 5 6 9 10 
Structure 402: 6 3 11 9 2 7 14 1 
	-> 1 2 3 6 7 9 11 
Structure 403: 5 6 3 9 10 2 4 1 
	-> 1 2 3 4 5 6 9 10 
Structure 404: 5 3 11 9 2 7 4 1 
	-> 1 2 3 4 5 7 9 11 
Structure 405: 3 11 24 2 7 4 1 
	-> 1 2 3 4 7 11 
Structure 406: 6 3 8 2 7 4 1 
	-> 1 2 3 4 6 7 8 
Structure 407: 5 3 9 2 7 4 1 
	-> 1 2 3 4 5 7 9 
Structure 408: 6 3 11 13 12 2 4 1 
	-> 1 2 3 4 6 11 
Structure 409: 5 3 9 2 7 4 1 
	-> 1 2 3 4 5 7 9 
Structure 410: 6 3 11 13 2 7 4 1 
	-> 1 2 3 4 6 7 11 
Structure 411: 5 3 8 2 7 14 1 
	-> 1 2 3 5 7 8 
Structure 412: 3 8 2 7 16 4 1 
	-> 1 2 3 4 7 8 
Structure 413: 6 3 9 2 19 4 1 
	-> 1 2 3 4 6 9 
Structure 414: 5 3 9 10 2 4 1 
	-> 1 2 3 4 5 9 10 
Structure 415: 5 6 3 8 2 7 4 1 
	-> 1 2 3 4 5 6 7 8 
Structure 416: 6 3 8 2 7 4 1 
	-> 1 2 3 4 6 7 8 
Structure 417: 5 6 3 8 2 7 4 1 
	-> 1 2 3 4 5 6 7 8 
Structure 418: 3 11 24 10 2 4 1 
	-> 1 2 3 4 10 11 
Structure 419: 6 3 8 9 10 2 4 1 
	-> 1 2 3 4 6 8 9 10 
Structure 420: 6 3 8 10 2 14 1 
	-> 1 2 3 6 8 10 
Structure 421: 6 3 8 12 2 4 1 
	-> 1 2 3 4 6 8 
Structure 422: 5 3 11 13 2 7 4 1 
	-> 1 2 3 4 5 7 11 
Structure 423: 5 3 9 2 7 4 1 
	-> 1 2 3 4 5 7 9 
Structure 424: 5 6 3 8 10 2 4 1 
	-> 1 2 3 4 5 6 8 10 
Structure 425: 6 3 9 2 7 4 1 
	-> 1 2 3 4 6 7 9 
Structure 426: 5 3 8 2 7 4 1 
	-> 1 2 3 4 5 7 8 
Structure 427: 5 6 3 8 2 7 4 1 
	-> 1 2 3 4 5 6 7 8 
Structure 428: 5 6 3 9 2 7 4 1 
	-> 1 2 3 4 5 6 7 9 
Structure 429: 5 6 3 11 13 2 7 4 15 1 
	-> 1 2 3 4 5 6 7 11 
Structure 430: 6 3 8 10 2 14 15 1 
	-> 1 2 3 6 8 10 
Structure 431: 5 6 3 8 2 7 4 1 
	-> 1 2 3 4 5 6 7 8 
Structure 432: 6 3 8 2 7 14 15 1 
	-> 1 2 3 6 7 8 
Structure 433: 22 6 3 9 12 2 4 1 
	-> 1 2 3 4 6 9 
Structure 434: 6 3 8 12 2 26 4 1 
	-> 1 2 3 4 6 8 
Structure 435: 5 3 8 2 7 14 1 
	-> 1 2 3 5 7 8 
Structure 436: 5 3 8 12 2 14 1 
	-> 1 2 3 5 8 
Structure 437: 5 3 9 2 7 4 1 
	-> 1 2 3 4 5 7 9 
Structure 438: 5 6 3 9 2 7 14 1 
	-> 1 2 3 5 6 7 9 
Structure 439: 5 3 11 13 9 10 2 4 1 
	-> 1 2 3 4 5 9 10 11 
Structure 440: 6 3 9 2 7 4 1 
	-> 1 2 3 4 6 7 9 
Structure 441: 5 3 9 2 7 4 1 
	-> 1 2 3 4 5 7 9 
Structure 442: 5 6 3 8 2 7 16 4 1 
	-> 1 2 3 4 5 6 7 8 
Structure 443: 5 6 3 11 13 10 2 4 1 
	-> 1 2 3 4 5 6 10 11 
Structure 444: 5 3 8 10 2 4 1 
	-> 1 2 3 4 5 8 10 
Structure 445: 5 6 3 11 13 2 7 4 1 
	-> 1 2 3 4 5 6 7 11 
Structure 446: 6 3 11 13 2 7 4 1 
	-> 1 2 3 4 6 7 11 
Structure 447: 6 3 9 2 7 4 1 
	-> 1 2 3 4 6 7 9 
Structure 448: 6 3 9 2 7 26 4 1 
	-> 1 2 3 4 6 7 9 
Structure 449: 22 6 3 8 2 7 4 1 
	-> 1 2 3 4 6 7 8 
Structure 450: 6 3 8 2 7 4 1 
	-> 1 2 3 4 6 7 8 
Structure 451: 6 3 8 12 2 4 1 
	-> 1 2 3 4 6 8 
Structure 452: 5 3 11 24 2 7 4 1 
	-> 1 2 3 4 5 7 11 
Structure 453: 5 3 9 10 2 14 1 
	-> 1 2 3 5 9 10 
Structure 454: 3 9 10 2 4 1 
	-> 1 2 3 4 9 10 
Structure 455: 6 3 11 9 10 2 4 1 
	-> 1 2 3 4 6 9 10 11 
Structure 456: 5 6 3 8 2 7 4 1 
	-> 1 2 3 4 5 6 7 8 
Structure 457: 5 3 8 10 2 4 1 
	-> 1 2 3 4 5 8 10 
Structure 458: 5 3 11 24 10 2 47 4 1 
	-> 1 2 3 4 5 10 11 
Structure 459: 6 3 11 13 10 2 37 4 1 
	-> 1 2 3 4 6 10 11 
Structure 460: 5 3 8 2 7 4 1 
	-> 1 2 3 4 5 7 8 
Structure 461: 5 3 9 10 2 4 1 
	-> 1 2 3 4 5 9 10 
Structure 462: 5 6 3 9 10 2 14 1 
	-> 1 2 3 5 6 9 10 
Structure 463: 5 6 3 9 10 2 26 4 1 
	-> 1 2 3 4 5 6 9 10 
Structure 464: 5 3 8 12 2 4 1 
	-> 1 2 3 4 5 8 
Structure 465: 5 6 3 17 9 10 2 4 1 
	-> 1 2 3 4 5 6 9 10 
Structure 466: 5 3 8 2 7 14 15 1 
	-> 1 2 3 5 7 8 
Structure 467: 5 3 8 10 2 4 1 
	-> 1 2 3 4 5 8 10 
Structure 468: 5 3 9 2 7 4 1 
	-> 1 2 3 4 5 7 9 
Structure 469: 5 3 11 13 2 7 4 1 
	-> 1 2 3 4 5 7 11 
Structure 470: 5 3 9 2 4 1 
	-> 1 2 3 4 5 9 
Structure 471: 5 3 8 10 2 4 1 
	-> 1 2 3 4 5 8 10 
Structure 472: 5 6 3 17 9 2 7 4 1 
	-> 1 2 3 4 5 6 7 9 
Structure 473: 6 3 8 9 2 7 4 1 
	-> 1 2 3 4 6 7 8 9 
Structure 474: 3 8 10 2 4 1 
	-> 1 2 3 4 8 10 
Structure 475: 3 8 10 2 4 1 
	-> 1 2 3 4 8 10 
Structure 476: 6 3 8 12 2 4 1 
	-> 1 2 3 4 6 8 
Structure 477: 5 3 8 12 2 4 1 
	-> 1 2 3 4 5 8 
Structure 478: 5 6 3 8 10 2 14 1 
	-> 1 2 3 5 6 8 10 
Structure 479: 21 23 31 9 2 7 4 1 
	-> 1 2 4 7 9 
Structure 480: 5 6 3 11 13 2 7 4 1 
	-> 1 2 3 4 5 6 7 11 
Structure 481: 5 3 9 10 2 4 1 
	-> 1 2 3 4 5 9 10 
Structure 482: 6 3 18 2 7 4 1 
	-> 1 2 3 4 6 7 
Structure 483: 6 3 8 2 7 4 1 
	-> 1 2 3 4 6 7 8 
Structure 484: 6 3 8 10 2 4 1 
	-> 1 2 3 4 6 8 10 
Structure 485: 5 3 11 13 2 7 4 1 
	-> 1 2 3 4 5 7 11 
Structure 486: 6 3 8 2 7 4 1 
	-> 1 2 3 4 6 7 8 
Structure 487: 5 6 3 9 2 7 4 1 
	-> 1 2 3 4 5 6 7 9 
Structure 488: 5 6 3 11 9 2 7 4 1 
	-> 1 2 3 4 5 6 7 9 11 
Structure 489: 3 8 12 2 4 1 
	-> 1 2 3 4 8 
Structure 490: 6 3 11 9 2 7 14 1 
	-> 1 2 3 6 7 9 11 
Structure 491: 5 6 3 9 2 7 4 1 
	-> 1 2 3 4 5 6 7 9 
Structure 492: 6 3 11 9 2 7 14 1 
	-> 1 2 3 6 7 9 11 
Structure 493: 5 3 8 10 2 4 1 
	-> 1 2 3 4 5 8 10 
Structure 494: 5 6 3 8 2 7 4 1 
	-> 1 2 3 4 5 6 7 8 
Structure 495: 6 3 9 2 7 4 1 
	-> 1 2 3 4 6 7 9 
Structure 496: 5 6 3 9 2 7 4 1 
	-> 1 2 3 4 5 6 7 9 
Structure 497: 6 3 9 10 2 4 1 
	-> 1 2 3 4 6 9 10 
Structure 498: 5 3 9 2 19 16 4 1 
	-> 1 2 3 4 5 9 
Structure 499: 21 23 28 8 12 2 4 1 
	-> 1 2 4 8 
Structure 500: 5 3 11 13 2 7 4 1 
	-> 1 2 3 4 5 7 11 
Structure 501: 5 6 3 8 12 2 4 1 
	-> 1 2 3 4 5 6 8 
Structure 502: 6 3 11 9 12 2 4 1 
	-> 1 2 3 4 6 9 11 
Structure 503: 5 3 11 13 2 7 4 1 
	-> 1 2 3 4 5 7 11 
Structure 504: 6 3 9 10 2 4 1 
	-> 1 2 3 4 6 9 10 
Structure 505: 5 6 3 11 9 2 7 4 1 
	-> 1 2 3 4 5 6 7 9 11 
Structure 506: 5 3 9 2 4 1 
	-> 1 2 3 4 5 9 
Structure 507: 5 3 9 10 2 4 1 
	-> 1 2 3 4 5 9 10 
Structure 508: 5 3 11 9 2 7 4 1 
	-> 1 2 3 4 5 7 9 11 
Structure 509: 6 3 8 2 7 4 1 
	-> 1 2 3 4 6 7 8 
Structure 510: 5 6 3 8 27 2 7 4 1 
	-> 1 2 3 4 5 6 7 8 
Structure 511: 5 3 9 10 2 4 1 
	-> 1 2 3 4 5 9 10 
Structure 512: 5 3 11 13 2 7 4 1 
	-> 1 2 3 4 5 7 11 
Structure 513: 5 6 3 8 2 7 4 1 
	-> 1 2 3 4 5 6 7 8 
Structure 514: 5 6 3 8 10 2 4 1 
	-> 1 2 3 4 5 6 8 10 
Structure 515: 21 23 28 8 12 2 4 1 
	-> 1 2 4 8 
Structure 516: 5 3 11 13 12 2 4 1 
	-> 1 2 3 4 5 11 
Structure 517: 5 3 9 2 7 4 1 
	-> 1 2 3 4 5 7 9 
Structure 518: 5 3 8 12 2 4 1 
	-> 1 2 3 4 5 8 
Structure 519: 5 6 3 8 2 7 4 1 
	-> 1 2 3 4 5 6 7 8 
Structure 520: 5 6 3 9 10 2 4 1 
	-> 1 2 3 4 5 6 9 10 
Structure 521: 5 3 9 10 2 4 1 
	-> 1 2 3 4 5 9 10 
Structure 522: 5 3 8 10 2 4 1 
	-> 1 2 3 4 5 8 10 
Structure 523: 5 6 3 9 10 2 4 1 
	-> 1 2 3 4 5 6 9 10 
Structure 524: 6 3 8 10 2 4 1 
	-> 1 2 3 4 6 8 10 
Structure 525: 6 3 9 2 7 4 1 
	-> 1 2 3 4 6 7 9 
Structure 526: 5 6 3 8 10 2 4 1 
	-> 1 2 3 4 5 6 8 10 
Structure 527: 5 3 11 13 10 2 7 4 1 
	-> 1 2 3 4 5 7 10 11 
Structure 528: 6 3 9 10 2 4 1 
	-> 1 2 3 4 6 9 10 
Structure 529: 21 30 9 2 7 4 1 
	-> 1 2 4 7 9 
Structure 530: 6 3 8 12 2 14 4 1 
	-> 1 2 3 4 6 8 
Structure 531: 5 3 8 2 7 4 1 
	-> 1 2 3 4 5 7 8 
Structure 532: 6 3 11 13 20 2 7 4 1 
	-> 1 2 3 4 6 7 11 
Structure 533: 5 3 9 2 7 4 1 
	-> 1 2 3 4 5 7 9 
Structure 534: 5 6 3 8 12 2 4 1 
	-> 1 2 3 4 5 6 8 
Structure 535: 5 3 11 9 12 2 14 1 
	-> 1 2 3 5 9 11 
Structure 536: 6 3 11 9 12 2 4 1 
	-> 1 2 3 4 6 9 11 
Structure 537: 6 3 9 2 7 4 1 
	-> 1 2 3 4 6 7 9 
Structure 538: 6 3 9 2 7 4 1 
	-> 1 2 3 4 6 7 9 
Structure 539: 5 6 3 9 10 2 4 1 
	-> 1 2 3 4 5 6 9 10 
Structure 540: 6 3 8 2 19 4 1 
	-> 1 2 3 4 6 8 
Structure 541: 5 3 17 9 2 7 4 1 
	-> 1 2 3 4 5 7 9 
Structure 542: 6 3 9 10 2 4 1 
	-> 1 2 3 4 6 9 10 
Structure 543: 5 6 3 8 12 2 26 4 1 
	-> 1 2 3 4 5 6 8 
Structure 544: 3 8 12 2 4 1 
	-> 1 2 3 4 8 
Structure 545: 5 6 3 11 9 2 7 4 1 
	-> 1 2 3 4 5 6 7 9 11 
Structure 546: 5 3 11 9 2 4 1 
	-> 1 2 3 4 5 9 11 
Structure 547: 5 6 3 9 2 7 4 1 
	-> 1 2 3 4 5 6 7 9 
Structure 548: 5 6 3 9 2 7 4 1 
	-> 1 2 3 4 5 6 7 9 
Structure 549: 5 3 8 27 12 2 14 1 
	-> 1 2 3 5 8 
Structure 550: 5 3 9 10 2 14 15 1 
	-> 1 2 3 5 9 10 
Structure 551: 5 3 11 13 20 2 7 4 1 
	-> 1 2 3 4 5 7 11 
Structure 552: 5 6 3 9 10 2 14 1 
	-> 1 2 3 5 6 9 10 
Structure 553: 22 6 3 8 2 7 4 1 
	-> 1 2 3 4 6 7 8 
Structure 554: 5 32 48 9 2 7 4 1 
	-> 1 2 4 5 7 9 
Structure 555: 5 3 8 2 7 4 1 
	-> 1 2 3 4 5 7 8 
Structure 556: 6 3 8 10 2 47 4 1 
	-> 1 2 3 4 6 8 10 
Structure 557: 5 3 9 2 7 4 1 
	-> 1 2 3 4 5 7 9 
Structure 558: 5 3 11 13 20 2 7 4 1 
	-> 1 2 3 4 5 7 11 
Structure 559: 5 3 8 2 7 4 1 
	-> 1 2 3 4 5 7 8 
Structure 560: 5 3 9 2 7 4 1 
	-> 1 2 3 4 5 7 9 
Structure 561: 64 39 65 66 2 29 25 4 1 
	-> 1 2 4 
Structure 562: 3 8 12 2 4 1 
	-> 1 2 3 4 8 
Structure 563: 5 3 8 2 19 4 1 
	-> 1 2 3 4 5 8 
Structure 564: 5 3 8 10 2 14 1 
	-> 1 2 3 5 8 10 
Structure 565: 5 6 3 11 9 2 7 14 15 1 
	-> 1 2 3 5 6 7 9 11 
Structure 566: 5 3 8 2 7 4 1 
	-> 1 2 3 4 5 7 8 
Structure 567: 3 11 13 2 7 14 1 
	-> 1 2 3 7 11 
Structure 568: 6 3 8 2 7 4 1 
	-> 1 2 3 4 6 7 8 
Structure 569: 21 32 9 10 2 4 1 
	-> 1 2 4 9 10 
Structure 570: 5 6 3 9 2 7 4 1 
	-> 1 2 3 4 5 6 7 9 
Structure 571: 5 6 3 8 10 2 4 1 
	-> 1 2 3 4 5 6 8 10 
Structure 572: 5 3 11 9 2 7 4 1 
	-> 1 2 3 4 5 7 9 11 
Structure 573: 6 3 9 2 7 4 15 1 
	-> 1 2 3 4 6 7 9 
Structure 574: 5 3 11 13 2 7 4 1 
	-> 1 2 3 4 5 7 11 
Structure 575: 5 6 3 9 2 7 4 1 
	-> 1 2 3 4 5 6 7 9 
Structure 576: 5 3 8 10 2 4 1 
	-> 1 2 3 4 5 8 10 
Structure 577: 5 3 9 10 2 4 1 
	-> 1 2 3 4 5 9 10 
Structure 578: 3 8 2 7 4 1 
	-> 1 2 3 4 7 8 
Structure 579: 5 6 3 9 10 2 4 1 
	-> 1 2 3 4 5 6 9 10 
Structure 580: 5 3 8 2 7 4 1 
	-> 1 2 3 4 5 7 8 
Structure 581: 21 23 31 8 2 7 4 1 
	-> 1 2 4 7 8 
Structure 582: 5 3 8 2 7 4 1 
	-> 1 2 3 4 5 7 8 
Structure 583: 6 3 9 10 2 4 1 
	-> 1 2 3 4 6 9 10 
Structure 584: 5 3 8 2 7 4 1 
	-> 1 2 3 4 5 7 8 
Structure 585: 6 3 11 13 20 2 7 4 1 
	-> 1 2 3 4 6 7 11 
Structure 586: 5 3 8 10 2 4 1 
	-> 1 2 3 4 5 8 10 
Structure 587: 5 6 3 8 2 7 16 4 1 
	-> 1 2 3 4 5 6 7 8 
Structure 588: 5 3 9 2 7 4 1 
	-> 1 2 3 4 5 7 9 
Structure 589: 5 6 3 11 9 2 7 4 1 
	-> 1 2 3 4 5 6 7 9 11 
Structure 590: 5 3 11 13 12 2 4 1 
	-> 1 2 3 4 5 11 
Structure 591: 6 3 8 12 2 4 1 
	-> 1 2 3 4 6 8 
Structure 592: 6 3 8 2 7 4 1 
	-> 1 2 3 4 6 7 8 
Structure 593: 6 3 8 10 2 4 1 
	-> 1 2 3 4 6 8 10 
Structure 594: 5 6 3 8 12 2 4 1 
	-> 1 2 3 4 5 6 8 
Structure 595: 5 3 9 2 7 4 1 
	-> 1 2 3 4 5 7 9 
Structure 596: 5 6 3 8 12 2 4 1 
	-> 1 2 3 4 5 6 8 
Structure 597: 6 3 9 10 2 4 1 
	-> 1 2 3 4 6 9 10 
Structure 598: 5 6 3 11 24 20 2 7 4 1 
	-> 1 2 3 4 5 6 7 11 
Structure 599: 5 3 8 27 2 7 4 1 
	-> 1 2 3 4 5 7 8 
Structure 600: 5 6 3 8 2 7 4 1 
	-> 1 2 3 4 5 6 7 8 
Structure 601: 6 3 11 9 10 2 4 1 
	-> 1 2 3 4 6 9 10 11 
Structure 602: 5 6 3 8 2 7 4 1 
	-> 1 2 3 4 5 6 7 8 
Structure 603: 6 3 11 13 12 2 4 1 
	-> 1 2 3 4 6 11 
Structure 604: 5 3 8 10 2 4 1 
	-> 1 2 3 4 5 8 10 
Structure 605: 5 6 3 11 9 12 2 4 1 
	-> 1 2 3 4 5 6 9 11 
Structure 606: 5 3 8 2 7 4 1 
	-> 1 2 3 4 5 7 8 
Structure 607: 5 3 11 9 2 7 25 14 1 
	-> 1 2 3 5 7 9 11 
Structure 608: 5 6 3 8 12 2 4 1 
	-> 1 2 3 4 5 6 8 
Structure 609: 5 3 9 10 2 16 4 1 
	-> 1 2 3 4 5 9 10 
Structure 610: 5 3 8 10 2 14 1 
	-> 1 2 3 5 8 10 
Structure 611: 5 6 3 11 13 2 7 4 1 
	-> 1 2 3 4 5 6 7 11 
Structure 612: 5 3 8 2 7 4 1 
	-> 1 2 3 4 5 7 8 
Structure 613: 6 3 9 10 2 4 1 
	-> 1 2 3 4 6 9 10 
Structure 614: 5 6 3 11 13 2 7 4 1 
	-> 1 2 3 4 5 6 7 11 
Structure 615: 6 3 17 9 2 7 4 1 
	-> 1 2 3 4 6 7 9 
Structure 616: 5 6 3 9 2 7 4 1 
	-> 1 2 3 4 5 6 7 9 
Structure 617: 5 3 9 10 2 4 1 
	-> 1 2 3 4 5 9 10 
Structure 618: 6 3 18 2 7 4 1 
	-> 1 2 3 4 6 7 
Structure 619: 5 6 3 8 2 7 4 1 
	-> 1 2 3 4 5 6 7 8 
Structure 620: 6 3 11 13 2 7 14 1 
	-> 1 2 3 6 7 11 
Structure 621: 6 3 9 10 2 4 1 
	-> 1 2 3 4 6 9 10 
Structure 622: 5 6 3 8 2 7 4 1 
	-> 1 2 3 4 5 6 7 8 
Structure 623: 22 6 3 17 9 2 7 4 1 
	-> 1 2 3 4 6 7 9 
Structure 624: 6 3 9 2 7 4 1 
	-> 1 2 3 4 6 7 9 
Structure 625: 5 6 3 11 13 2 7 4 1 
	-> 1 2 3 4 5 6 7 11 
Structure 626: 5 3 8 2 7 4 1 
	-> 1 2 3 4 5 7 8 
Structure 627: 5 3 8 12 2 4 1 
	-> 1 2 3 4 5 8 
Structure 628: 5 3 9 2 7 4 1 
	-> 1 2 3 4 5 7 9 
Structure 629: 5 3 8 10 2 4 1 
	-> 1 2 3 4 5 8 10 
Structure 630: 6 3 8 2 7 4 1 
	-> 1 2 3 4 6 7 8 
Structure 631: 3 8 10 2 4 1 
	-> 1 2 3 4 8 10 
Structure 632: 5 6 3 17 9 2 7 4 1 
	-> 1 2 3 4 5 6 7 9 
Structure 633: 5 3 9 67 2 4 1 
	-> 1 2 3 4 5 9 
Structure 634: 5 6 3 17 9 2 4 1 
	-> 1 2 3 4 5 6 9 
Structure 635: 6 3 17 9 12 2 4 1 
	-> 1 2 3 4 6 9 
Structure 636: 5 6 3 9 10 2 40 4 1 
	-> 1 2 3 4 5 6 9 10 
Structure 637: 5 6 3 9 2 7 4 1 
	-> 1 2 3 4 5 6 7 9 
Structure 638: 5 3 8 10 2 4 1 
	-> 1 2 3 4 5 8 10 
Structure 639: 5 3 11 13 2 7 4 1 
	-> 1 2 3 4 5 7 11 
Structure 640: 5 3 8 10 2 19 4 1 
	-> 1 2 3 4 5 8 10 
Structure 641: 5 3 9 2 7 16 4 1 
	-> 1 2 3 4 5 7 9 
Structure 642: 5 3 8 45 2 4 1 
	-> 1 2 3 4 5 8 
Structure 643: 5 3 11 13 2 7 25 14 15 1 
	-> 1 2 3 5 7 11 
Structure 644: 5 6 3 11 13 2 7 4 1 
	-> 1 2 3 4 5 6 7 11 
Structure 645: 5 3 8 2 7 4 1 
	-> 1 2 3 4 5 7 8 
Structure 646: 5 6 3 9 10 2 19 4 1 
	-> 1 2 3 4 5 6 9 10 
Structure 647: 6 3 18 2 7 4 1 
	-> 1 2 3 4 6 7 
Structure 648: 5 6 3 9 2 7 4 1 
	-> 1 2 3 4 5 6 7 9 
Structure 649: 5 3 9 2 7 4 1 
	-> 1 2 3 4 5 7 9 
Structure 650: 5 6 3 8 2 7 4 1 
	-> 1 2 3 4 5 6 7 8 
Structure 651: 5 6 3 9 2 7 4 1 
	-> 1 2 3 4 5 6 7 9 
Structure 652: 5 6 3 8 2 7 4 1 
	-> 1 2 3 4 5 6 7 8 
Structure 653: 5 3 9 10 2 4 1 
	-> 1 2 3 4 5 9 10 
Structure 654: 6 3 8 12 2 4 1 
	-> 1 2 3 4 6 8 
Structure 655: 5 3 11 13 2 7 4 1 
	-> 1 2 3 4 5 7 11 
Structure 656: 6 3 8 10 2 4 1 
	-> 1 2 3 4 6 8 10 
Structure 657: 5 3 11 13 2 7 14 15 1 
	-> 1 2 3 5 7 11 
Structure 658: 3 8 12 2 4 1 
	-> 1 2 3 4 8 
Structure 659: 5 3 9 12 2 68 4 1 
	-> 1 2 3 4 5 9 
Structure 660: 6 3 9 2 7 4 1 
	-> 1 2 3 4 6 7 9 
Structure 661: 3 8 10 2 38 4 1 
	-> 1 2 3 4 8 10 
Structure 662: 5 28 8 2 7 4 1 
	-> 1 2 4 5 7 8 
Structure 663: 5 3 8 10 2 4 1 
	-> 1 2 3 4 5 8 10 
Structure 664: 6 3 8 10 2 4 1 
	-> 1 2 3 4 6 8 10 
Structure 665: 5 3 11 41 2 46 37 4 1 
	-> 1 2 3 4 5 11 
Structure 666: 5 3 8 12 2 4 1 
	-> 1 2 3 4 5 8 
Structure 667: 5 3 9 2 7 14 15 1 
	-> 1 2 3 5 7 9 
Structure 668: 5 3 9 2 7 4 1 
	-> 1 2 3 4 5 7 9 
Structure 669: 5 6 3 9 10 2 4 1 
	-> 1 2 3 4 5 6 9 10 
Structure 670: 6 3 11 13 2 7 4 1 
	-> 1 2 3 4 6 7 11 
Structure 671: 6 3 8 2 7 4 1 
	-> 1 2 3 4 6 7 8 
Structure 672: 6 3 9 2 4 1 
	-> 1 2 3 4 6 9 
Structure 673: 6 3 8 12 2 4 1 
	-> 1 2 3 4 6 8 
Structure 674: 3 8 2 7 4 1 
	-> 1 2 3 4 7 8 
Structure 675: 5 9 2 7 29 25 14 1 
	-> 1 2 5 7 9 
Structure 676: 5 3 8 12 2 4 1 
	-> 1 2 3 4 5 8 
Structure 677: 5 3 48 9 2 7 4 1 
	-> 1 2 3 4 5 7 9 
Structure 678: 3 8 2 7 4 1 
	-> 1 2 3 4 7 8 
Structure 679: 5 6 3 11 24 69 2 7 4 1 
	-> 1 2 3 4 5 6 7 11 
Structure 680: 6 3 8 12 2 44 4 1 
	-> 1 2 3 4 6 8 
Structure 681: 5 3 11 13 2 7 4 1 
	-> 1 2 3 4 5 7 11 
Structure 682: 3 8 2 7 14 1 
	-> 1 2 3 7 8 
Structure 683: 22 6 3 11 9 2 7 4 1 
	-> 1 2 3 4 6 7 9 11 
Structure 684: 5 6 3 11 9 10 2 4 1 
	-> 1 2 3 4 5 6 9 10 11 
Structure 685: 5 3 9 2 7 4 1 
	-> 1 2 3 4 5 7 9 
Structure 686: 5 3 11 13 20 2 7 4 1 
	-> 1 2 3 4 5 7 11 
Structure 687: 5 6 3 11 13 20 2 19 4 1 
	-> 1 2 3 4 5 6 11 
Structure 688: 6 3 9 2 7 4 1 
	-> 1 2 3 4 6 7 9 
Structure 689: 5 3 8 10 2 4 1 
	-> 1 2 3 4 5 8 10 
Structure 690: 6 3 8 12 2 4 1 
	-> 1 2 3 4 6 8 
Structure 691: 5 6 3 8 12 2 4 1 
	-> 1 2 3 4 5 6 8 
Structure 692: 5 3 8 2 7 4 1 
	-> 1 2 3 4 5 7 8 
Structure 693: 5 3 9 2 7 4 1 
	-> 1 2 3 4 5 7 9 
Structure 694: 6 3 8 2 7 4 1 
	-> 1 2 3 4 6 7 8 
Structure 695: 5 3 9 2 4 1 
	-> 1 2 3 4 5 9 
Structure 696: 6 3 8 10 2 14 15 1 
	-> 1 2 3 6 8 10 
Structure 697: 6 3 18 2 37 4 1 
	-> 1 2 3 4 6 
Structure 698: 5 6 3 8 2 7 4 1 
	-> 1 2 3 4 5 6 7 8 
Structure 699: 5 3 8 10 2 70 4 1 
	-> 1 2 3 4 5 8 10 
Structure 700: 6 3 17 9 2 7 4 1 
	-> 1 2 3 4 6 7 9 
Structure 701: 6 3 8 2 7 16 4 1 
	-> 1 2 3 4 6 7 8 
Structure 702: 5 6 3 18 2 7 4 1 
	-> 1 2 3 4 5 6 7 
Structure 703: 6 3 8 9 2 7 4 1 
	-> 1 2 3 4 6 7 8 9 
Structure 704: 6 3 8 2 7 16 4 1 
	-> 1 2 3 4 6 7 8 
Structure 705: 5 6 3 8 12 2 4 1 
	-> 1 2 3 4 5 6 8 
Structure 706: 5 3 11 24 2 7 4 1 
	-> 1 2 3 4 5 7 11 
Structure 707: 5 3 9 2 7 4 1 
	-> 1 2 3 4 5 7 9 
Structure 708: 5 3 9 2 7 4 1 
	-> 1 2 3 4 5 7 9 
Structure 709: 6 3 9 2 7 4 1 
	-> 1 2 3 4 6 7 9 
Structure 710: 5 3 11 24 2 7 4 1 
	-> 1 2 3 4 5 7 11 
Structure 711: 5 6 3 8 2 7 4 1 
	-> 1 2 3 4 5 6 7 8 
Structure 712: 5 3 11 24 2 7 4 1 
	-> 1 2 3 4 5 7 11 
Structure 713: 5 3 9 10 2 49 4 1 
	-> 1 2 3 4 5 9 10 
Structure 714: 5 3 9 2 7 4 1 
	-> 1 2 3 4 5 7 9 
Structure 715: 6 3 8 27 12 2 4 1 
	-> 1 2 3 4 6 8 
Structure 716: 5 3 18 2 7 4 1 
	-> 1 2 3 4 5 7 
Structure 717: 5 6 3 9 2 7 4 1 
	-> 1 2 3 4 5 6 7 9 
Structure 718: 5 6 3 17 9 2 7 4 15 1 
	-> 1 2 3 4 5 6 7 9 
Structure 719: 5 3 18 2 7 4 1 
	-> 1 2 3 4 5 7 
Structure 720: 6 3 11 13 12 2 4 1 
	-> 1 2 3 4 6 11 
Structure 721: 5 6 3 71 34 35 36 72 73 
	-> 3 5 6 
Structure 722: 6 3 11 9 2 7 4 1 
	-> 1 2 3 4 6 7 9 11 
Structure 723: 6 3 8 2 7 4 1 
	-> 1 2 3 4 6 7 8 
Structure 724: 6 3 8 2 7 4 1 
	-> 1 2 3 4 6 7 8 
Structure 725: 5 3 11 13 2 7 4 1 
	-> 1 2 3 4 5 7 11 
Structure 726: 5 6 3 8 12 2 4 1 
	-> 1 2 3 4 5 6 8 
Structure 727: 5 6 3 9 2 7 4 1 
	-> 1 2 3 4 5 6 7 9 
Structure 728: 6 3 17 9 10 2 4 1 
	-> 1 2 3 4 6 9 10 
Structure 729: 5 6 3 8 10 2 4 1 
	-> 1 2 3 4 5 6 8 10 
Structure 730: 5 3 8 10 2 4 1 
	-> 1 2 3 4 5 8 10 
Structure 731: 5 3 8 10 2 4 1 
	-> 1 2 3 4 5 8 10 
Structure 732: 5 3 9 2 7 4 1 
	-> 1 2 3 4 5 7 9 
Structure 733: 5 6 3 8 10 2 4 1 
	-> 1 2 3 4 5 6 8 10 
Structure 734: 5 6 3 8 2 7 4 1 
	-> 1 2 3 4 5 6 7 8 
Structure 735: 3 11 9 2 7 4 1 
	-> 1 2 3 4 7 9 11 
Structure 736: 6 3 8 12 2 4 1 
	-> 1 2 3 4 6 8 
Structure 737: 6 3 8 2 7 4 1 
	-> 1 2 3 4 6 7 8 
Structure 738: 6 3 11 13 2 7 26 4 1 
	-> 1 2 3 4 6 7 11 
Structure 739: 5 3 8 2 7 4 1 
	-> 1 2 3 4 5 7 8 
Structure 740: 5 3 8 12 2 4 1 
	-> 1 2 3 4 5 8 
Structure 741: 6 3 8 12 2 4 1 
	-> 1 2 3 4 6 8 
Structure 742: 5 3 8 2 7 16 4 1 
	-> 1 2 3 4 5 7 8 
Structure 743: 5 3 11 9 2 7 4 1 
	-> 1 2 3 4 5 7 9 11 
Structure 744: 5 3 9 2 7 4 1 
	-> 1 2 3 4 5 7 9 
Structure 745: 5 6 3 8 2 7 4 1 
	-> 1 2 3 4 5 6 7 8 
Structure 746: 5 6 3 11 13 10 2 19 4 1 
	-> 1 2 3 4 5 6 10 11 
Structure 747: 5 6 3 11 13 10 2 4 1 
	-> 1 2 3 4 5 6 10 11 
Structure 748: 6 3 9 2 4 1 
	-> 1 2 3 4 6 9 
Structure 749: 5 6 3 8 10 2 4 1 
	-> 1 2 3 4 5 6 8 10 
Structure 750: 6 3 8 2 7 4 1 
	-> 1 2 3 4 6 7 8 
Structure 751: 5 6 3 8 10 2 4 1 
	-> 1 2 3 4 5 6 8 10 
Structure 752: 21 23 31 8 2 7 4 1 
	-> 1 2 4 7 8 
Structure 753: 6 3 8 10 2 4 1 
	-> 1 2 3 4 6 8 10 
Structure 754: 5 6 3 9 12 2 4 1 
	-> 1 2 3 4 5 6 9 
Structure 755: 5 6 3 8 2 19 4 1 
	-> 1 2 3 4 5 6 8 
Structure 756: 5 3 8 2 7 4 1 
	-> 1 2 3 4 5 7 8 
Structure 757: 5 3 8 2 7 4 1 
	-> 1 2 3 4 5 7 8 
Structure 758: 6 3 8 10 2 40 4 1 
	-> 1 2 3 4 6 8 10 
Structure 759: 5 6 3 8 10 2 4 1 
	-> 1 2 3 4 5 6 8 10 
Structure 760: 6 3 8 12 2 4 1 
	-> 1 2 3 4 6 8 
Structure 761: 5 74 9 2 7 25 14 15 1 
	-> 1 2 5 7 9 
Structure 762: 5 6 3 8 2 7 4 1 
	-> 1 2 3 4 5 6 7 8 
Structure 763: 5 6 3 8 2 7 4 1 
	-> 1 2 3 4 5 6 7 8 
Structure 764: 3 11 13 12 2 4 1 
	-> 1 2 3 4 11 
Structure 765: 23 9 10 2 49 4 1 
	-> 1 2 4 9 10 
Structure 766: 5 3 11 9 2 7 4 1 
	-> 1 2 3 4 5 7 9 11 
Structure 767: 5 3 9 2 7 4 1 
	-> 1 2 3 4 5 7 9 
Structure 768: 5 3 9 2 7 4 1 
	-> 1 2 3 4 5 7 9 
Structure 769: 5 6 3 9 2 7 4 1 
	-> 1 2 3 4 5 6 7 9 
Structure 770: 6 3 9 10 2 4 1 
	-> 1 2 3 4 6 9 10 
Structure 771: 5 3 8 2 7 4 1 
	-> 1 2 3 4 5 7 8 
Structure 772: 5 6 3 8 12 2 4 1 
	-> 1 2 3 4 5 6 8 
Structure 773: 5 3 8 12 2 4 1 
	-> 1 2 3 4 5 8 
Structure 774: 5 3 8 12 2 4 1 
	-> 1 2 3 4 5 8 
Structure 775: 5 3 9 2 7 4 1 
	-> 1 2 3 4 5 7 9 
Structure 776: 6 3 9 2 7 4 1 
	-> 1 2 3 4 6 7 9 
Structure 777: 5 6 3 8 12 2 14 1 
	-> 1 2 3 5 6 8 
Structure 778: 6 3 11 13 2 7 4 1 
	-> 1 2 3 4 6 7 11 
Structure 779: 5 3 8 10 2 4 1 
	-> 1 2 3 4 5 8 10 
Structure 780: 6 3 8 2 7 16 4 1 
	-> 1 2 3 4 6 7 8 
Structure 781: 5 3 50 11 9 10 2 4 1 
	-> 1 2 3 4 5 9 10 11 
Structure 782: 6 3 8 10 2 4 1 
	-> 1 2 3 4 6 8 10 
Structure 783: 5 6 3 11 13 2 7 4 1 
	-> 1 2 3 4 5 6 7 11 
Structure 784: 5 3 9 2 7 4 1 
	-> 1 2 3 4 5 7 9 
Structure 785: 5 3 8 2 7 14 4 1 
	-> 1 2 3 4 5 7 8 
Structure 786: 3 9 2 7 4 1 
	-> 1 2 3 4 7 9 
Structure 787: 5 3 9 2 7 4 1 
	-> 1 2 3 4 5 7 9 
Structure 788: 5 3 9 2 7 4 1 
	-> 1 2 3 4 5 7 9 
Structure 789: 5 3 11 9 10 2 4 1 
	-> 1 2 3 4 5 9 10 11 
Structure 790: 5 3 8 10 2 4 1 
	-> 1 2 3 4 5 8 10 
Structure 791: 5 6 3 8 10 2 4 1 
	-> 1 2 3 4 5 6 8 10 
Structure 792: 5 3 9 10 2 4 1 
	-> 1 2 3 4 5 9 10 
Structure 793: 6 3 9 2 19 4 1 
	-> 1 2 3 4 6 9 
Structure 794: 6 3 11 13 2 19 4 1 
	-> 1 2 3 4 6 11 
Structure 795: 5 3 8 10 2 14 1 
	-> 1 2 3 5 8 10 
Structure 796: 6 3 9 10 2 4 1 
	-> 1 2 3 4 6 9 10 
Structure 797: 6 3 11 9 10 2 4 1 
	-> 1 2 3 4 6 9 10 11 
Structure 798: 5 3 9 2 7 4 1 
	-> 1 2 3 4 5 7 9 
Structure 799: 5 6 3 9 10 2 4 1 
	-> 1 2 3 4 5 6 9 10 
Structure 800: 5 6 3 17 9 2 14 1 
	-> 1 2 3 5 6 9 
Structure 801: 6 3 9 2 7 4 1 
	-> 1 2 3 4 6 7 9 
Structure 802: 5 3 9 2 7 4 1 
	-> 1 2 3 4 5 7 9 
Structure 803: 5 6 3 8 2 7 16 4 1 
	-> 1 2 3 4 5 6 7 8 
Structure 804: 5 6 3 9 10 2 4 1 
	-> 1 2 3 4 5 6 9 10 
Structure 805: 6 3 9 2 7 4 1 
	-> 1 2 3 4 6 7 9 
Structure 806: 6 3 8 10 2 4 1 
	-> 1 2 3 4 6 8 10 
Structure 807: 6 3 11 13 20 2 7 4 1 
	-> 1 2 3 4 6 7 11 
Structure 808: 5 3 8 12 2 4 1 
	-> 1 2 3 4 5 8 
Structure 809: 6 3 17 9 10 2 4 1 
	-> 1 2 3 4 6 9 10 
Structure 810: 5 3 11 9 2 7 4 1 
	-> 1 2 3 4 5 7 9 11 
Structure 811: 5 3 9 10 2 4 1 
	-> 1 2 3 4 5 9 10 
Structure 812: 22 6 3 8 12 2 14 1 
	-> 1 2 3 6 8 
Structure 813: 6 3 8 12 2 14 1 
	-> 1 2 3 6 8 
Structure 814: 5 6 3 8 10 2 4 1 
	-> 1 2 3 4 5 6 8 10 
Structure 815: 3 9 12 2 4 1 
	-> 1 2 3 4 9 
Structure 816: 6 3 9 10 2 4 1 
	-> 1 2 3 4 6 9 10 
Structure 817: 5 3 9 10 2 16 4 1 
	-> 1 2 3 4 5 9 10 
Structure 818: 5 3 9 2 7 4 1 
	-> 1 2 3 4 5 7 9 
Structure 819: 5 6 3 9 2 7 4 1 
	-> 1 2 3 4 5 6 7 9 
Structure 820: 3 8 2 7 16 4 1 
	-> 1 2 3 4 7 8 
Structure 821: 21 30 33 43 34 35 36 1 
	-> 1 
Structure 822: 5 3 8 10 2 4 1 
	-> 1 2 3 4 5 8 10 
Structure 823: 5 6 3 8 2 7 4 1 
	-> 1 2 3 4 5 6 7 8 
Structure 824: 6 3 11 10 2 75 37 14 1 
	-> 1 2 3 6 10 11 
Structure 825: 5 3 8 2 7 4 1 
	-> 1 2 3 4 5 7 8 
Structure 826: 6 3 9 10 2 16 4 15 1 
	-> 1 2 3 4 6 9 10 
Structure 827: 5 32 11 24 2 7 4 1 
	-> 1 2 4 5 7 11 
Structure 828: 5 6 3 8 2 7 14 1 
	-> 1 2 3 5 6 7 8 
Structure 829: 5 6 3 9 2 7 4 1 
	-> 1 2 3 4 5 6 7 9 
Structure 830: 6 3 8 12 2 4 1 
	-> 1 2 3 4 6 8 
Structure 831: 3 11 9 2 7 4 1 
	-> 1 2 3 4 7 9 11 
Structure 832: 5 3 8 2 7 4 1 
	-> 1 2 3 4 5 7 8 
Structure 833: 5 3 8 10 2 4 1 
	-> 1 2 3 4 5 8 10 
Structure 834: 3 9 10 2 14 1 
	-> 1 2 3 9 10 
Structure 835: 6 3 9 10 2 4 1 
	-> 1 2 3 4 6 9 10 
Structure 836: 6 3 8 12 2 4 1 
	-> 1 2 3 4 6 8 
Structure 837: 6 3 9 10 2 4 1 
	-> 1 2 3 4 6 9 10 
Structure 838: 5 6 3 9 2 7 4 1 
	-> 1 2 3 4 5 6 7 9 
Structure 839: 5 3 9 2 7 4 1 
	-> 1 2 3 4 5 7 9 
Structure 840: 6 3 11 13 2 7 4 1 
	-> 1 2 3 4 6 7 11 
Structure 841: 6 3 8 10 2 4 1 
	-> 1 2 3 4 6 8 10 
Structure 842: 5 3 8 10 2 16 4 1 
	-> 1 2 3 4 5 8 10 
Structure 843: 5 3 9 2 7 26 14 15 1 
	-> 1 2 3 5 7 9 
Structure 844: 5 6 3 11 13 20 2 7 4 1 
	-> 1 2 3 4 5 6 7 11 
Structure 845: 5 6 3 11 9 10 2 4 1 
	-> 1 2 3 4 5 6 9 10 11 
Structure 846: 5 8 12 2 14 15 1 
	-> 1 2 5 8 
Structure 847: 6 3 18 2 7 4 1 
	-> 1 2 3 4 6 7 
Structure 848: 6 3 9 10 2 4 1 
	-> 1 2 3 4 6 9 10 
Structure 849: 3 9 10 2 4 1 
	-> 1 2 3 4 9 10 
Structure 850: 6 3 11 9 2 7 4 1 
	-> 1 2 3 4 6 7 9 11 
Structure 851: 5 6 3 9 2 7 4 1 
	-> 1 2 3 4 5 6 7 9 
Structure 852: 5 6 3 50 11 13 9 10 2 4 1 
	-> 1 2 3 4 5 6 9 10 11 
Structure 853: 5 3 9 10 2 4 1 
	-> 1 2 3 4 5 9 10 
Structure 854: 5 6 3 8 2 7 4 1 
	-> 1 2 3 4 5 6 7 8 
Structure 855: 5 6 3 8 2 7 4 1 
	-> 1 2 3 4 5 6 7 8 
Structure 856: 5 6 3 11 13 20 2 7 4 1 
	-> 1 2 3 4 5 6 7 11 
Structure 857: 5 6 3 9 2 7 4 1 
	-> 1 2 3 4 5 6 7 9 
Structure 858: 22 6 3 9 2 7 4 1 
	-> 1 2 3 4 6 7 9 
Structure 859: 5 3 9 12 2 4 1 
	-> 1 2 3 4 5 9 
Structure 860: 5 3 9 2 7 4 1 
	-> 1 2 3 4 5 7 9 
Structure 861: 6 3 9 2 7 4 1 
	-> 1 2 3 4 6 7 9 
Structure 862: 5 3 8 10 2 4 1 
	-> 1 2 3 4 5 8 10 
Structure 863: 5 6 3 9 2 7 4 1 
	-> 1 2 3 4 5 6 7 9 
Structure 864: 5 3 8 2 7 4 1 
	-> 1 2 3 4 5 7 8 
Structure 865: 6 3 9 2 7 4 1 
	-> 1 2 3 4 6 7 9 
Structure 866: 5 3 9 10 2 4 1 
	-> 1 2 3 4 5 9 10 
Structure 867: 6 3 9 10 2 4 1 
	-> 1 2 3 4 6 9 10 
Structure 868: 5 6 3 8 12 2 4 1 
	-> 1 2 3 4 5 6 8 
Structure 869: 6 3 9 2 7 4 1 
	-> 1 2 3 4 6 7 9 
Structure 870: 3 8 10 2 4 1 
	-> 1 2 3 4 8 10 
Structure 871: 5 3 9 2 4 1 
	-> 1 2 3 4 5 9 
Structure 872: 5 6 3 8 10 2 4 1 
	-> 1 2 3 4 5 6 8 10 
Structure 873: 5 3 9 2 19 4 1 
	-> 1 2 3 4 5 9 
Structure 874: 5 6 3 9 12 2 4 1 
	-> 1 2 3 4 5 6 9 
Structure 875: 6 3 8 9 2 7 4 1 
	-> 1 2 3 4 6 7 8 9 
Structure 876: 5 3 8 10 2 26 4 1 
	-> 1 2 3 4 5 8 10 
Structure 877: 5 3 11 9 10 2 4 1 
	-> 1 2 3 4 5 9 10 11 
Structure 878: 5 6 3 11 13 12 2 4 1 
	-> 1 2 3 4 5 6 11 
Structure 879: 6 3 18 2 7 4 1 
	-> 1 2 3 4 6 7 
Structure 880: 5 3 8 12 2 4 1 
	-> 1 2 3 4 5 8 
Structure 881: 3 8 12 10 2 4 1 
	-> 1 2 3 4 8 10 
Structure 882: 5 6 3 9 2 7 4 1 
	-> 1 2 3 4 5 6 7 9 
Structure 883: 5 6 3 8 12 2 4 1 
	-> 1 2 3 4 5 6 8 
Structure 884: 5 6 3 11 13 20 2 7 4 1 
	-> 1 2 3 4 5 6 7 11 
Structure 885: 6 3 9 2 7 4 1 
	-> 1 2 3 4 6 7 9 
Structure 886: 5 6 3 18 2 7 4 1 
	-> 1 2 3 4 5 6 7 
Structure 887: 6 3 9 10 2 4 1 
	-> 1 2 3 4 6 9 10 
Structure 888: 5 3 18 2 7 4 1 
	-> 1 2 3 4 5 7 
Structure 889: 6 3 9 2 7 4 1 
	-> 1 2 3 4 6 7 9 
Structure 890: 5 6 3 8 12 2 4 1 
	-> 1 2 3 4 5 6 8 
Structure 891: 5 6 3 8 12 2 4 1 
	-> 1 2 3 4 5 6 8 
Structure 892: 5 6 3 8 2 7 4 1 
	-> 1 2 3 4 5 6 7 8 
Structure 893: 5 3 8 2 7 4 1 
	-> 1 2 3 4 5 7 8 
Structure 894: 5 3 11 13 20 2 7 4 1 
	-> 1 2 3 4 5 7 11 
Structure 895: 6 3 8 10 2 4 1 
	-> 1 2 3 4 6 8 10 
Structure 896: 5 39 10 2 29 25 4 1 
	-> 1 2 4 5 10 
Structure 897: 5 6 3 9 12 2 4 1 
	-> 1 2 3 4 5 6 9 
Structure 898: 6 3 9 2 7 4 1 
	-> 1 2 3 4 6 7 9 
Structure 899: 5 6 3 8 12 2 4 1 
	-> 1 2 3 4 5 6 8 
Structure 900: 21 23 8 2 7 4 1 
	-> 1 2 4 7 8 
Structure 901: 5 6 3 18 2 7 4 1 
	-> 1 2 3 4 5 6 7 
Structure 902: 5 6 3 9 2 7 4 1 
	-> 1 2 3 4 5 6 7 9 
Structure 903: 5 3 8 10 2 26 4 1 
	-> 1 2 3 4 5 8 10 
Structure 904: 5 3 9 2 7 4 1 
	-> 1 2 3 4 5 7 9 
Structure 905: 5 3 8 10 2 14 15 1 
	-> 1 2 3 5 8 10 
Structure 906: 5 6 3 9 10 2 4 1 
	-> 1 2 3 4 5 6 9 10 
Structure 907: 5 6 3 8 2 7 4 1 
	-> 1 2 3 4 5 6 7 8 
Structure 908: 5 3 9 2 7 14 15 1 
	-> 1 2 3 5 7 9 
Structure 909: 6 3 8 10 2 4 1 
	-> 1 2 3 4 6 8 10 
Structure 910: 3 9 10 2 4 1 
	-> 1 2 3 4 9 10 
Structure 911: 6 3 9 2 7 14 1 
	-> 1 2 3 6 7 9 
Structure 912: 21 23 9 12 2 4 1 
	-> 1 2 4 9 
Structure 913: 5 3 8 10 2 4 1 
	-> 1 2 3 4 5 8 10 
Structure 914: 6 3 9 10 2 14 15 1 
	-> 1 2 3 6 9 10 
Structure 915: 5 3 17 9 2 7 4 1 
	-> 1 2 3 4 5 7 9 
Structure 916: 3 8 12 2 14 1 
	-> 1 2 3 8 
Structure 917: 6 3 11 13 2 7 4 1 
	-> 1 2 3 4 6 7 11 
Structure 918: 5 3 11 13 2 7 4 1 
	-> 1 2 3 4 5 7 11 
Structure 919: 3 8 12 2 4 1 
	-> 1 2 3 4 8 
Structure 920: 5 3 8 2 7 4 1 
	-> 1 2 3 4 5 7 8 
Structure 921: 6 3 8 12 2 26 4 1 
	-> 1 2 3 4 6 8 
Structure 922: 3 8 2 7 4 1 
	-> 1 2 3 4 7 8 
Structure 923: 5 3 17 9 10 2 4 1 
	-> 1 2 3 4 5 9 10 
Structure 924: 5 6 3 8 2 7 4 1 
	-> 1 2 3 4 5 6 7 8 
Structure 925: 5 6 3 9 10 2 4 1 
	-> 1 2 3 4 5 6 9 10 
Structure 926: 5 3 8 2 7 16 4 1 
	-> 1 2 3 4 5 7 8 
Structure 927: 6 3 11 9 2 7 4 1 
	-> 1 2 3 4 6 7 9 11 
Structure 928: 5 3 8 2 7 4 1 
	-> 1 2 3 4 5 7 8 
Structure 929: 5 6 3 9 10 2 4 1 
	-> 1 2 3 4 5 6 9 10 
Structure 930: 3 11 13 20 2 7 4 1 
	-> 1 2 3 4 7 11 
Structure 931: 5 6 3 9 2 7 4 1 
	-> 1 2 3 4 5 6 7 9 
Structure 932: 3 8 10 2 19 4 1 
	-> 1 2 3 4 8 10 
Structure 933: 6 3 17 9 2 7 4 1 
	-> 1 2 3 4 6 7 9 
Structure 934: 5 3 8 2 7 14 1 
	-> 1 2 3 5 7 8 
Structure 935: 6 3 42 12 2 4 1 
	-> 1 2 3 4 6 
Structure 936: 3 11 9 2 7 4 1 
	-> 1 2 3 4 7 9 11 
Structure 937: 5 3 8 2 7 4 1 
	-> 1 2 3 4 5 7 8 
Structure 938: 5 3 8 2 7 4 1 
	-> 1 2 3 4 5 7 8 
Structure 939: 5 3 8 2 7 4 1 
	-> 1 2 3 4 5 7 8 
Structure 940: 6 3 8 10 2 19 4 1 
	-> 1 2 3 4 6 8 10 
Structure 941: 5 3 8 10 2 4 1 
	-> 1 2 3 4 5 8 10 
Structure 942: 5 3 8 10 2 4 1 
	-> 1 2 3 4 5 8 10 
Structure 943: 6 3 8 12 2 4 1 
	-> 1 2 3 4 6 8 
Structure 944: 3 11 13 2 7 4 1 
	-> 1 2 3 4 7 11 
Structure 945: 6 3 11 9 10 2 4 1 
	-> 1 2 3 4 6 9 10 11 
Structure 946: 5 3 11 9 2 7 4 1 
	-> 1 2 3 4 5 7 9 11 
Structure 947: 5 6 3 9 10 2 4 1 
	-> 1 2 3 4 5 6 9 10 
Structure 948: 5 6 3 8 2 7 4 1 
	-> 1 2 3 4 5 6 7 8 
Structure 949: 5 6 3 9 10 2 4 1 
	-> 1 2 3 4 5 6 9 10 
Structure 950: 6 3 18 2 7 4 1 
	-> 1 2 3 4 6 7 
Structure 951: 5 6 3 8 2 7 4 1 
	-> 1 2 3 4 5 6 7 8 
Structure 952: 5 6 3 9 2 7 4 1 
	-> 1 2 3 4 5 6 7 9 
Structure 953: 5 6 3 8 10 2 4 1 
	-> 1 2 3 4 5 6 8 10 
Structure 954: 6 3 11 9 2 7 4 1 
	-> 1 2 3 4 6 7 9 11 
Structure 955: 5 6 3 9 10 2 4 1 
	-> 1 2 3 4 5 6 9 10 
Structure 956: 5 3 9 2 7 4 1 
	-> 1 2 3 4 5 7 9 
Structure 957: 5 3 8 12 2 4 1 
	-> 1 2 3 4 5 8 
Structure 958: 6 3 8 2 7 4 15 1 
	-> 1 2 3 4 6 7 8 
Structure 959: 5 3 8 12 2 4 1 
	-> 1 2 3 4 5 8 
Structure 960: 6 3 8 2 7 25 14 1 
	-> 1 2 3 6 7 8 
Structure 961: 5 3 8 12 2 4 1 
	-> 1 2 3 4 5 8 
Structure 962: 5 6 3 11 13 2 7 4 1 
	-> 1 2 3 4 5 6 7 11 
Structure 963: 5 6 3 8 2 7 26 4 1 
	-> 1 2 3 4 5 6 7 8 
Structure 964: 6 3 11 13 12 2 4 1 
	-> 1 2 3 4 6 11 
Structure 965: 5 3 8 2 7 4 1 
	-> 1 2 3 4 5 7 8 
Structure 966: 5 3 11 13 2 7 4 1 
	-> 1 2 3 4 5 7 11 
Structure 967: 5 6 3 8 2 7 4 1 
	-> 1 2 3 4 5 6 7 8 
Structure 968: 5 6 3 9 10 2 4 1 
	-> 1 2 3 4 5 6 9 10 
Structure 969: 5 6 3 8 2 7 4 1 
	-> 1 2 3 4 5 6 7 8 
Structure 970: 6 3 9 2 7 4 1 
	-> 1 2 3 4 6 7 9 
Structure 971: 5 3 9 10 2 4 1 
	-> 1 2 3 4 5 9 10 
Structure 972: 5 3 11 13 2 7 4 1 
	-> 1 2 3 4 5 7 11 
Structure 973: 6 3 8 2 7 4 1 
	-> 1 2 3 4 6 7 8 
Structure 974: 6 3 8 2 7 4 1 
	-> 1 2 3 4 6 7 8 
Structure 975: 6 3 8 10 2 4 1 
	-> 1 2 3 4 6 8 10 
Structure 976: 5 3 11 10 2 76 4 1 
	-> 1 2 3 4 5 10 11 
Structure 977: 5 3 11 13 2 7 4 1 
	-> 1 2 3 4 5 7 11 
Structure 978: 5 3 9 10 2 4 1 
	-> 1 2 3 4 5 9 10 
Structure 979: 5 6 3 9 2 7 4 1 
	-> 1 2 3 4 5 6 7 9 
Structure 980: 21 23 30 33 43 34 35 36 1 
	-> 1 
Structure 981: 5 6 3 8 10 2 4 1 
	-> 1 2 3 4 5 6 8 10 
Structure 982: 6 3 9 2 7 4 1 
	-> 1 2 3 4 6 7 9 
Structure 983: 5 6 3 9 2 7 4 1 
	-> 1 2 3 4 5 6 7 9 
Structure 984: 6 3 8 12 2 4 1 
	-> 1 2 3 4 6 8 
Structure 985: 5 6 3 8 10 2 19 4 1 
	-> 1 2 3 4 5 6 8 10 
Structure 986: 5 6 3 11 9 2 7 4 1 
	-> 1 2 3 4 5 6 7 9 11 
Structure 987: 5 3 9 2 7 26 14 1 
	-> 1 2 3 5 7 9 
Structure 988: 5 3 18 2 7 4 1 
	-> 1 2 3 4 5 7 
Structure 989: 6 3 18 2 7 4 1 
	-> 1 2 3 4 6 7 
Structure 990: 5 3 11 24 2 7 4 1 
	-> 1 2 3 4 5 7 11 
Structure 991: 5 3 9 2 7 4 1 
	-> 1 2 3 4 5 7 9 
Structure 992: 5 3 8 2 7 4 1 
	-> 1 2 3 4 5 7 8 
Structure 993: 5 6 3 9 2 7 4 1 
	-> 1 2 3 4 5 6 7 9 
Structure 994: 6 3 17 9 2 7 4 1 
	-> 1 2 3 4 6 7 9 
Structure 995: 5 3 9 2 7 4 1 
	-> 1 2 3 4 5 7 9 
Structure 996: 5 3 8 12 2 4 1 
	-> 1 2 3 4 5 8 
Structure 997: 5 3 8 10 2 4 1 
	-> 1 2 3 4 5 8 10 
Structure 998: 5 6 3 9 2 7 4 1 
	-> 1 2 3 4 5 6 7 9 
Structure 999: 5 3 11 13 2 7 4 1 
	-> 1 2 3 4 5 7 11 
Structure 1000: 6 3 9 12 2 4 1 
	-> 1 2 3 4 5 7 11  