Processing /home/hwilco/Documents/RNA Research/RNAStructProfiling-master/output/training/T.acidophilum.1_sfold/input/T.acidophilum.1_sfold.out
Structure 1: 15 6 1 2 3 16 7 
	-> 1 2 3 6 7 
Structure 2: 4 10 6 1 2 3 5 
	-> 1 2 3 4 5 6 10 
Structure 3: 4 14 8 1 2 3 5 
	-> 1 2 3 4 5 8 14 
Structure 4: 4 12 8 1 2 3 5 
	-> 1 2 3 4 5 8 12 
Structure 5: 4 10 6 1 2 3 5 90 
	-> 1 2 3 4 5 6 10 
Structure 6: 37 4 6 1 2 3 5 
	-> 1 2 3 4 5 6 
Structure 7: 4 53 9 21 22 23 
	-> 4 9 
Structure 8: 17 54 46 57 6 8 1 2 3 13 7 
	-> 1 2 3 6 7 8 13 
Structure 9: 58 27 14 8 1 2 3 7 
	-> 1 2 3 7 8 14 
Structure 10: 4 12 9 11 5 
	-> 4 5 9 11 12 
Structure 11: 4 12 1 2 3 5 
	-> 1 2 3 4 5 12 
Structure 12: 4 6 9 11 5 20 
	-> 4 5 6 9 11 
Structure 13: 4 12 9 11 5 
	-> 4 5 9 11 12 
Structure 14: 4 6 1 2 3 5 
	-> 1 2 3 4 5 6 
Structure 15: 34 30 10 6 1 2 3 13 7 
	-> 1 2 3 6 7 10 13 
Structure 16: 4 6 18 1 2 3 5 
	-> 1 2 3 4 5 6 
Structure 17: 4 14 8 1 2 3 5 
	-> 1 2 3 4 5 8 14 
Structure 18: 4 6 1 2 3 5 
	-> 1 2 3 4 5 6 
Structure 19: 4 12 8 1 2 3 5 
	-> 1 2 3 4 5 8 12 
Structure 20: 4 14 8 1 2 3 25 
	-> 1 2 3 4 8 14 
Structure 21: 4 10 6 1 47 3 5 
	-> 1 3 4 5 6 10 
Structure 22: 4 6 1 2 3 5 
	-> 1 2 3 4 5 6 
Structure 23: 4 10 6 1 2 3 5 
	-> 1 2 3 4 5 6 10 
Structure 24: 15 12 9 11 16 7 
	-> 7 9 11 12 
Structure 25: 4 14 8 1 2 3 5 20 
	-> 1 2 3 4 5 8 14 
Structure 26: 4 14 8 1 2 3 5 
	-> 1 2 3 4 5 8 14 
Structure 27: 4 12 9 11 5 
	-> 4 5 9 11 12 
Structure 28: 4 10 6 1 2 3 5 
	-> 1 2 3 4 5 6 10 
Structure 29: 4 12 9 11 5 
	-> 4 5 9 11 12 
Structure 30: 17 12 8 1 2 3 13 19 7 
	-> 1 2 3 7 8 12 13 
Structure 31: 39 6 1 2 3 13 7 
	-> 1 2 3 6 7 13 
Structure 32: 4 10 6 1 2 3 5 
	-> 1 2 3 4 5 6 10 
Structure 33: 4 14 8 1 2 3 5 
	-> 1 2 3 4 5 8 14 
Structure 34: 17 55 6 1 2 3 16 7 
	-> 1 2 3 6 7 
Structure 35: 4 10 6 1 2 3 5 20 
	-> 1 2 3 4 5 6 10 
Structure 36: 15 14 8 1 2 3 13 7 
	-> 1 2 3 7 8 13 14 
Structure 37: 4 14 8 1 2 3 5 
	-> 1 2 3 4 5 8 14 
Structure 38: 44 10 6 1 2 3 16 7 
	-> 1 2 3 6 7 10 
Structure 39: 30 6 1 2 3 13 19 7 
	-> 1 2 3 6 7 13 
Structure 40: 4 10 6 1 2 3 5 41 
	-> 1 2 3 4 5 6 10 
Structure 41: 4 14 8 1 2 3 5 
	-> 1 2 3 4 5 8 14 
Structure 42: 4 6 1 2 3 5 
	-> 1 2 3 4 5 6 
Structure 43: 70 31 12 9 11 63 35 
	-> 9 11 12 
Structure 44: 4 6 18 1 2 3 5 
	-> 1 2 3 4 5 6 
Structure 45: 4 10 6 1 2 3 5 
	-> 1 2 3 4 5 6 10 
Structure 46: 4 10 6 1 2 3 5 
	-> 1 2 3 4 5 6 10 
Structure 47: 4 14 9 11 5 
	-> 4 5 9 11 14 
Structure 48: 4 10 6 1 2 3 5 
	-> 1 2 3 4 5 6 10 
Structure 49: 4 12 9 11 5 
	-> 4 5 9 11 12 
Structure 50: 15 12 8 1 2 3 13 7 
	-> 1 2 3 7 8 12 13 
Structure 51: 15 12 8 1 2 3 13 7 
	-> 1 2 3 7 8 12 13 
Structure 52: 4 32 28 29 9 21 22 23 
	-> 4 9 
Structure 53: 4 12 9 11 5 
	-> 4 5 9 11 12 
Structure 54: 26 6 1 2 3 13 7 
	-> 1 2 3 6 7 13 
Structure 55: 26 71 12 9 11 16 7 
	-> 7 9 11 12 
Structure 56: 4 12 9 11 25 
	-> 4 9 11 12 
Structure 57: 15 6 1 2 3 16 7 
	-> 1 2 3 6 7 
Structure 58: 4 10 6 1 2 5 
	-> 1 2 4 5 6 10 
Structure 59: 4 14 8 1 2 3 5 
	-> 1 2 3 4 5 8 14 
Structure 60: 4 14 8 1 2 3 5 
	-> 1 2 3 4 5 8 14 
Structure 61: 4 10 6 1 2 3 5 
	-> 1 2 3 4 5 6 10 
Structure 62: 4 12 9 11 5 
	-> 4 5 9 11 12 
Structure 63: 4 12 9 11 25 
	-> 4 9 11 12 
Structure 64: 48 15 12 9 11 13 7 
	-> 7 9 11 12 13 
Structure 65: 15 14 8 1 2 3 16 7 
	-> 1 2 3 7 8 14 
Structure 66: 4 14 8 1 2 3 5 
	-> 1 2 3 4 5 8 14 
Structure 67: 15 14 8 1 2 3 16 7 
	-> 1 2 3 7 8 14 
Structure 68: 4 6 1 2 3 5 
	-> 1 2 3 4 5 6 
Structure 69: 12 9 11 13 7 
	-> 7 9 11 12 13 
Structure 70: 4 6 1 2 3 5 
	-> 1 2 3 4 5 6 
Structure 71: 4 6 8 1 2 3 5 
	-> 1 2 3 4 5 6 8 
Structure 72: 4 12 9 11 5 
	-> 4 5 9 11 12 
Structure 73: 4 10 6 9 11 5 
	-> 4 5 6 9 10 11 
Structure 74: 4 6 1 2 3 5 
	-> 1 2 3 4 5 6 
Structure 75: 17 14 8 1 2 3 13 19 7 
	-> 1 2 3 7 8 13 14 
Structure 76: 17 12 9 11 13 7 
	-> 7 9 11 12 13 
Structure 77: 4 10 6 18 1 2 3 5 
	-> 1 2 3 4 5 6 10 
Structure 78: 4 10 6 18 1 2 3 5 20 
	-> 1 2 3 4 5 6 10 
Structure 79: 4 10 6 8 1 2 3 5 
	-> 1 2 3 4 5 6 8 10 
Structure 80: 4 6 9 11 5 20 
	-> 4 5 6 9 11 
Structure 81: 4 10 6 1 2 3 5 
	-> 1 2 3 4 5 6 10 
Structure 82: 17 33 12 1 2 3 7 
	-> 1 2 3 7 12 
Structure 83: 4 12 9 11 5 72 41 
	-> 4 5 9 11 12 
Structure 84: 17 12 9 11 13 7 
	-> 7 9 11 12 13 
Structure 85: 10 6 1 2 3 13 91 7 
	-> 1 2 3 6 7 10 13 
Structure 86: 4 64 14 8 1 2 3 25 
	-> 1 2 3 4 8 14 
Structure 87: 44 27 12 9 11 13 7 
	-> 7 9 11 12 13 
Structure 88: 4 6 1 2 3 5 
	-> 1 2 3 4 5 6 
Structure 89: 4 10 6 1 2 3 5 
	-> 1 2 3 4 5 6 10 
Structure 90: 15 12 1 2 3 13 19 7 
	-> 1 2 3 7 12 13 
Structure 91: 4 10 6 1 2 3 5 
	-> 1 2 3 4 5 6 10 
Structure 92: 4 14 8 1 2 3 5 
	-> 1 2 3 4 5 8 14 
Structure 93: 4 6 1 2 3 5 
	-> 1 2 3 4 5 6 
Structure 94: 4 12 9 11 5 
	-> 4 5 9 11 12 
Structure 95: 4 10 6 18 1 2 3 5 
	-> 1 2 3 4 5 6 10 
Structure 96: 15 6 8 1 2 3 13 7 
	-> 1 2 3 6 7 8 13 
Structure 97: 4 10 6 1 2 3 5 
	-> 1 2 3 4 5 6 10 
Structure 98: 4 14 8 1 2 3 5 
	-> 1 2 3 4 5 8 14 
Structure 99: 4 12 8 1 2 3 5 
	-> 1 2 3 4 5 8 12 
Structure 100: 4 6 1 2 3 5 
	-> 1 2 3 4 5 6 
Structure 101: 58 36 33 10 6 1 2 3 7 
	-> 1 2 3 6 7 10 
Structure 102: 34 30 10 6 18 1 2 3 13 7 
	-> 1 2 3 6 7 10 13 
Structure 103: 4 10 6 9 11 5 
	-> 4 5 6 9 10 11 
Structure 104: 4 32 28 29 9 21 22 23 
	-> 4 9 
Structure 105: 24 12 9 11 13 19 7 
	-> 7 9 11 12 13 
Structure 106: 4 10 6 8 1 2 3 5 20 
	-> 1 2 3 4 5 6 8 10 
Structure 107: 4 10 6 1 2 3 5 
	-> 1 2 3 4 5 6 10 
Structure 108: 12 9 11 16 7 
	-> 7 9 11 12 
Structure 109: 4 10 6 1 2 3 5 
	-> 1 2 3 4 5 6 10 
Structure 110: 4 6 9 11 5 
	-> 4 5 6 9 11 
Structure 111: 4 12 8 1 2 3 5 
	-> 1 2 3 4 5 8 12 
Structure 112: 4 6 18 1 2 3 5 
	-> 1 2 3 4 5 6 
Structure 113: 4 10 6 18 1 2 3 5 
	-> 1 2 3 4 5 6 10 
Structure 114: 17 46 12 9 11 16 7 
	-> 7 9 11 12 
Structure 115: 4 14 8 1 2 3 5 20 
	-> 1 2 3 4 5 8 14 
Structure 116: 4 10 6 1 2 3 5 20 
	-> 1 2 3 4 5 6 10 
Structure 117: 24 12 8 1 2 3 45 7 
	-> 1 2 3 7 8 12 
Structure 118: 4 12 8 1 2 3 5 20 
	-> 1 2 3 4 5 8 12 
Structure 119: 4 32 28 29 9 21 22 23 
	-> 4 9 
Structure 120: 4 10 6 8 1 2 3 5 
	-> 1 2 3 4 5 6 8 10 
Structure 121: 4 31 14 8 1 2 3 
	-> 1 2 3 4 8 14 
Structure 122: 10 6 1 2 3 13 7 
	-> 1 2 3 6 7 10 13 
Structure 123: 4 10 6 1 2 3 5 
	-> 1 2 3 4 5 6 10 
Structure 124: 4 10 6 1 2 3 5 
	-> 1 2 3 4 5 6 10 
Structure 125: 15 6 1 2 3 13 7 
	-> 1 2 3 6 7 13 
Structure 126: 4 6 1 2 3 5 
	-> 1 2 3 4 5 6 
Structure 127: 15 6 1 2 3 13 7 
	-> 1 2 3 6 7 13 
Structure 128: 4 14 9 11 5 
	-> 4 5 9 11 14 
Structure 129: 4 14 8 1 2 3 25 
	-> 1 2 3 4 8 14 
Structure 130: 4 10 6 9 11 5 
	-> 4 5 6 9 10 11 
Structure 131: 4 10 6 1 2 3 5 
	-> 1 2 3 4 5 6 10 
Structure 132: 17 10 6 1 2 3 16 7 
	-> 1 2 3 6 7 10 
Structure 133: 4 32 28 29 9 21 22 23 
	-> 4 9 
Structure 134: 37 31 12 9 11 7 
	-> 7 9 11 12 
Structure 135: 49 10 6 1 2 3 16 7 41 
	-> 1 2 3 6 7 10 
Structure 136: 17 43 10 6 1 2 3 16 7 
	-> 1 2 3 6 7 10 
Structure 137: 4 64 59 9 21 22 23 
	-> 4 9 
Structure 138: 4 14 8 1 2 3 5 
	-> 1 2 3 4 5 8 14 
Structure 139: 4 10 6 1 2 3 5 20 
	-> 1 2 3 4 5 6 10 
Structure 140: 60 27 14 8 1 2 3 7 
	-> 1 2 3 7 8 14 
Structure 141: 26 6 18 1 2 3 13 7 
	-> 1 2 3 6 7 13 
Structure 142: 17 12 9 11 16 7 
	-> 7 9 11 12 
Structure 143: 37 36 33 12 9 11 7 
	-> 7 9 11 12 
Structure 144: 4 12 9 11 5 
	-> 4 5 9 11 12 
Structure 145: 4 6 1 2 3 5 
	-> 1 2 3 4 5 6 
Structure 146: 17 10 6 1 2 3 13 19 7 
	-> 1 2 3 6 7 10 13 
Structure 147: 4 12 8 1 2 3 25 
	-> 1 2 3 4 8 12 
Structure 148: 4 12 6 18 1 2 3 5 
	-> 1 2 3 4 5 6 12 
Structure 149: 30 14 8 1 2 3 16 7 
	-> 1 2 3 7 8 14 
Structure 150: 4 6 8 1 2 3 5 
	-> 1 2 3 4 5 6 8 
Structure 151: 4 12 9 11 5 
	-> 4 5 9 11 12 
Structure 152: 10 6 1 2 3 13 19 7 
	-> 1 2 3 6 7 10 13 
Structure 153: 4 12 9 11 5 
	-> 4 5 9 11 12 
Structure 154: 56 14 8 1 2 3 13 7 
	-> 1 2 3 7 8 13 14 
Structure 155: 4 10 6 1 2 3 5 
	-> 1 2 3 4 5 6 10 
Structure 156: 15 14 9 11 13 7 
	-> 7 9 11 13 14 
Structure 157: 4 10 6 9 11 5 
	-> 4 5 6 9 10 11 
Structure 158: 4 10 6 9 11 5 
	-> 4 5 6 9 10 11 
Structure 159: 4 6 1 2 3 5 
	-> 1 2 3 4 5 6 
Structure 160: 4 12 8 1 2 3 5 
	-> 1 2 3 4 5 8 12 
Structure 161: 27 14 8 1 2 3 7 
	-> 1 2 3 7 8 14 
Structure 162: 4 14 8 1 2 3 5 
	-> 1 2 3 4 5 8 14 
Structure 163: 4 14 8 1 2 3 5 
	-> 1 2 3 4 5 8 14 
Structure 164: 4 14 8 1 47 3 5 
	-> 1 3 4 5 8 14 
Structure 165: 4 6 18 1 2 3 25 
	-> 1 2 3 4 6 
Structure 166: 4 14 8 1 2 3 5 
	-> 1 2 3 4 5 8 14 
Structure 167: 10 6 18 1 2 3 16 7 
	-> 1 2 3 6 7 10 
Structure 168: 15 12 8 1 2 3 16 7 
	-> 1 2 3 7 8 12 
Structure 169: 17 12 8 1 2 3 16 45 7 
	-> 1 2 3 7 8 12 
Structure 170: 4 10 6 1 2 3 5 
	-> 1 2 3 4 5 6 10 
Structure 171: 4 10 6 9 11 5 
	-> 4 5 6 9 10 11 
Structure 172: 17 14 8 1 2 3 13 7 
	-> 1 2 3 7 8 13 14 
Structure 173: 4 6 1 2 3 5 
	-> 1 2 3 4 5 6 
Structure 174: 4 6 1 2 3 5 
	-> 1 2 3 4 5 6 
Structure 175: 27 14 8 1 2 3 7 
	-> 1 2 3 7 8 14 
Structure 176: 15 6 1 2 16 7 
	-> 1 2 6 7 
Structure 177: 48 15 6 1 2 3 16 7 
	-> 1 2 3 6 7 
Structure 178: 36 33 12 9 11 7 
	-> 7 9 11 12 
Structure 179: 17 14 9 11 13 7 
	-> 7 9 11 13 14 
Structure 180: 15 6 1 2 3 13 7 
	-> 1 2 3 6 7 13 
Structure 181: 17 6 8 1 2 3 13 7 
	-> 1 2 3 6 7 8 13 
Structure 182: 4 6 1 2 3 5 
	-> 1 2 3 4 5 6 
Structure 183: 24 10 6 1 2 3 13 7 
	-> 1 2 3 6 7 10 13 
Structure 184: 4 10 6 9 11 5 
	-> 4 5 6 9 10 11 
Structure 185: 36 33 10 6 9 11 42 38 
	-> 6 9 10 11 
Structure 186: 4 12 1 2 3 5 
	-> 1 2 3 4 5 12 
Structure 187: 4 28 29 9 21 22 23 
	-> 4 9 
Structure 188: 4 53 9 21 22 23 
	-> 4 9 
Structure 189: 4 14 8 1 2 3 5 65 
	-> 1 2 3 4 5 8 14 
Structure 190: 24 6 1 2 3 13 19 7 
	-> 1 2 3 6 7 13 
Structure 191: 4 6 1 2 3 5 
	-> 1 2 3 4 5 6 
Structure 192: 4 10 6 1 2 3 5 
	-> 1 2 3 4 5 6 10 
Structure 193: 17 6 18 1 2 3 16 7 
	-> 1 2 3 6 7 
Structure 194: 4 14 8 1 2 3 5 
	-> 1 2 3 4 5 8 14 
Structure 195: 4 6 1 2 3 25 66 67 
	-> 1 2 3 4 6 
Structure 196: 4 10 6 9 11 5 
	-> 4 5 6 9 10 11 
Structure 197: 92 12 9 11 13 7 
	-> 7 9 11 12 13 
Structure 198: 15 6 1 2 3 16 7 61 
	-> 1 2 3 6 7 
Structure 199: 4 12 1 2 3 5 
	-> 1 2 3 4 5 12 
Structure 200: 4 14 8 1 2 3 5 
	-> 1 2 3 4 5 8 14 
Structure 201: 4 14 8 1 2 3 5 
	-> 1 2 3 4 5 8 14 
Structure 202: 17 10 6 1 2 3 93 7 65 
	-> 1 2 3 6 7 10 
Structure 203: 50 51 52 6 8 1 2 3 5 20 
	-> 1 2 3 5 6 8 
Structure 204: 4 6 18 1 2 5 
	-> 1 2 4 5 6 
Structure 205: 4 12 9 11 5 
	-> 4 5 9 11 12 
Structure 206: 15 6 1 2 3 13 19 7 
	-> 1 2 3 6 7 13 
Structure 207: 4 6 1 2 3 5 
	-> 1 2 3 4 5 6 
Structure 208: 4 73 74 94 1 2 3 25 
	-> 1 2 3 4 
Structure 209: 17 10 6 1 2 3 13 7 
	-> 1 2 3 6 7 10 13 
Structure 210: 4 12 9 11 25 
	-> 4 9 11 12 
Structure 211: 30 95 6 18 1 2 3 16 7 
	-> 1 2 3 6 7 
Structure 212: 4 14 8 1 2 3 5 
	-> 1 2 3 4 5 8 14 
Structure 213: 4 10 6 9 11 5 
	-> 4 5 6 9 10 11 
Structure 214: 15 12 8 1 2 3 13 7 
	-> 1 2 3 7 8 12 13 
Structure 215: 4 10 6 1 2 3 5 
	-> 1 2 3 4 5 6 10 
Structure 216: 15 12 8 1 2 3 13 19 7 
	-> 1 2 3 7 8 12 13 
Structure 217: 4 10 6 1 2 3 5 
	-> 1 2 3 4 5 6 10 
Structure 218: 4 12 8 1 2 3 5 
	-> 1 2 3 4 5 8 12 
Structure 219: 4 6 1 2 3 5 
	-> 1 2 3 4 5 6 
Structure 220: 4 12 9 11 5 
	-> 4 5 9 11 12 
Structure 221: 4 6 18 1 2 3 5 
	-> 1 2 3 4 5 6 
Structure 222: 96 14 8 1 2 3 13 7 
	-> 1 2 3 7 8 13 14 
Structure 223: 4 10 6 1 2 3 5 
	-> 1 2 3 4 5 6 10 
Structure 224: 4 14 8 1 2 3 5 20 
	-> 1 2 3 4 5 8 14 
Structure 225: 4 10 6 1 2 3 5 
	-> 1 2 3 4 5 6 10 
Structure 226: 4 12 9 11 5 
	-> 4 5 9 11 12 
Structure 227: 26 6 1 2 3 13 7 
	-> 1 2 3 6 7 13 
Structure 228: 17 6 1 2 3 16 7 
	-> 1 2 3 6 7 
Structure 229: 4 10 6 1 2 3 5 20 
	-> 1 2 3 4 5 6 10 
Structure 230: 4 12 9 11 5 
	-> 4 5 9 11 12 
Structure 231: 27 73 74 8 1 2 3 40 35 
	-> 1 2 3 8 
Structure 232: 17 6 1 2 3 13 42 38 
	-> 1 2 3 6 13 
Structure 233: 4 14 8 1 2 3 5 
	-> 1 2 3 4 5 8 14 
Structure 234: 4 14 8 1 2 3 25 
	-> 1 2 3 4 8 14 
Structure 235: 36 33 10 6 1 2 3 7 
	-> 1 2 3 6 7 10 
Structure 236: 4 14 8 1 2 3 5 
	-> 1 2 3 4 5 8 14 
Structure 237: 4 14 1 2 3 5 
	-> 1 2 3 4 5 14 
Structure 238: 17 12 9 11 13 7 
	-> 7 9 11 12 13 
Structure 239: 4 14 8 1 2 3 5 20 
	-> 1 2 3 4 5 8 14 
Structure 240: 15 12 9 11 16 7 
	-> 7 9 11 12 
Structure 241: 4 12 8 1 2 3 5 
	-> 1 2 3 4 5 8 12 
Structure 242: 15 14 8 1 2 3 16 7 
	-> 1 2 3 7 8 14 
Structure 243: 4 12 8 1 2 3 5 
	-> 1 2 3 4 5 8 12 
Structure 244: 4 14 9 11 5 
	-> 4 5 9 11 14 
Structure 245: 34 30 49 6 18 1 2 3 13 7 
	-> 1 2 3 6 7 13 
Structure 246: 17 31 12 9 11 40 35 
	-> 9 11 12 
Structure 247: 4 10 6 1 2 3 5 
	-> 1 2 3 4 5 6 10 
Structure 248: 4 6 1 2 3 5 
	-> 1 2 3 4 5 6 
Structure 249: 4 14 8 1 2 3 5 
	-> 1 2 3 4 5 8 14 
Structure 250: 4 59 9 21 22 97 75 
	-> 4 9 
Structure 251: 12 9 11 13 7 20 
	-> 7 9 11 12 13 
Structure 252: 4 14 8 1 2 3 5 
	-> 1 2 3 4 5 8 14 
Structure 253: 4 6 1 2 3 5 
	-> 1 2 3 4 5 6 
Structure 254: 15 6 9 11 16 7 
	-> 6 7 9 11 
Structure 255: 15 9 98 11 16 7 
	-> 7 9 11 
Structure 256: 4 10 6 1 2 3 5 
	-> 1 2 3 4 5 6 10 
Structure 257: 4 12 9 11 5 
	-> 4 5 9 11 12 
Structure 258: 4 12 9 11 5 
	-> 4 5 9 11 12 
Structure 259: 39 14 8 1 2 3 13 7 
	-> 1 2 3 7 8 13 14 
Structure 260: 99 6 8 1 2 3 13 19 7 
	-> 1 2 3 6 7 8 13 
Structure 261: 15 10 6 1 2 3 13 7 
	-> 1 2 3 6 7 10 13 
Structure 262: 17 27 10 6 1 2 3 40 63 35 
	-> 1 2 3 6 10 
Structure 263: 4 10 6 1 2 5 
	-> 1 2 4 5 6 10 
Structure 264: 34 30 12 8 1 2 3 16 7 
	-> 1 2 3 7 8 12 
Structure 265: 4 12 9 11 5 
	-> 4 5 9 11 12 
Structure 266: 30 12 8 1 2 3 13 7 
	-> 1 2 3 7 8 12 13 
Structure 267: 4 14 8 1 2 3 25 
	-> 1 2 3 4 8 14 
Structure 268: 4 12 8 1 2 3 5 
	-> 1 2 3 4 5 8 12 
Structure 269: 4 12 9 11 5 
	-> 4 5 9 11 12 
Structure 270: 4 10 6 1 2 3 5 76 
	-> 1 2 3 4 5 6 10 
Structure 271: 56 12 6 1 2 3 16 7 
	-> 1 2 3 6 7 12 
Structure 272: 4 12 6 1 2 3 5 
	-> 1 2 3 4 5 6 12 
Structure 273: 4 14 8 1 2 3 5 
	-> 1 2 3 4 5 8 14 
Structure 274: 26 10 6 1 2 3 13 7 
	-> 1 2 3 6 7 10 13 
Structure 275: 10 6 18 1 2 3 13 7 41 
	-> 1 2 3 6 7 10 13 
Structure 276: 4 10 6 1 2 3 5 
	-> 1 2 3 4 5 6 10 
Structure 277: 15 12 8 1 2 3 13 7 
	-> 1 2 3 7 8 12 13 
Structure 278: 17 55 14 8 1 2 3 13 7 
	-> 1 2 3 7 8 13 14 
Structure 279: 15 14 8 1 2 3 13 19 7 
	-> 1 2 3 7 8 13 14 
Structure 280: 24 10 6 1 2 3 16 7 
	-> 1 2 3 6 7 10 
Structure 281: 4 10 6 9 11 5 20 
	-> 4 5 6 9 10 11 
Structure 282: 15 6 18 1 2 3 13 7 
	-> 1 2 3 6 7 13 
Structure 283: 36 33 10 6 1 2 3 40 35 
	-> 1 2 3 6 10 
Structure 284: 17 14 8 1 2 3 13 19 7 
	-> 1 2 3 7 8 13 14 
Structure 285: 4 14 8 1 2 3 5 
	-> 1 2 3 4 5 8 14 
Structure 286: 44 26 6 18 1 2 3 13 7 
	-> 1 2 3 6 7 13 
Structure 287: 4 6 1 2 3 5 
	-> 1 2 3 4 5 6 
Structure 288: 4 14 8 1 2 3 5 
	-> 1 2 3 4 5 8 14 
Structure 289: 33 12 9 11 45 7 
	-> 7 9 11 12 
Structure 290: 4 14 8 1 2 3 5 
	-> 1 2 3 4 5 8 14 
Structure 291: 60 27 6 9 11 40 35 
	-> 6 9 11 
Structure 292: 24 49 12 9 11 16 7 
	-> 7 9 11 12 
Structure 293: 17 12 1 2 3 13 7 
	-> 1 2 3 7 12 13 
Structure 294: 24 26 6 9 11 13 19 7 
	-> 6 7 9 11 13 
Structure 295: 4 6 9 11 5 
	-> 4 5 6 9 11 
Structure 296: 4 10 6 8 1 2 3 5 
	-> 1 2 3 4 5 6 8 10 
Structure 297: 15 12 9 11 13 19 7 
	-> 7 9 11 12 13 
Structure 298: 4 10 6 1 2 47 3 5 
	-> 1 2 3 4 5 6 10 
Structure 299: 4 9 77 78 79 100 
	-> 4 9 
Structure 300: 4 14 8 1 2 3 5 
	-> 1 2 3 4 5 8 14 
Structure 301: 4 6 9 11 5 
	-> 4 5 6 9 11 
Structure 302: 80 31 12 9 11 42 38 
	-> 9 11 12 
Structure 303: 4 12 8 1 2 3 5 
	-> 1 2 3 4 5 8 12 
Structure 304: 50 51 52 9 77 78 79 
	-> 9 
Structure 305: 4 10 6 18 1 2 3 5 
	-> 1 2 3 4 5 6 10 
Structure 306: 4 14 8 1 2 3 5 
	-> 1 2 3 4 5 8 14 
Structure 307: 4 10 6 9 11 5 
	-> 4 5 6 9 10 11 
Structure 308: 50 51 52 6 1 2 3 62 
	-> 1 2 3 6 
Structure 309: 101 10 6 1 2 3 13 7 
	-> 1 2 3 6 7 10 13 
Structure 310: 4 10 6 1 2 3 5 
	-> 1 2 3 4 5 6 10 
Structure 311: 4 14 8 1 2 3 5 
	-> 1 2 3 4 5 8 14 
Structure 312: 4 14 8 1 2 3 5 
	-> 1 2 3 4 5 8 14 
Structure 313: 4 14 8 1 2 3 5 
	-> 1 2 3 4 5 8 14 
Structure 314: 4 12 1 2 3 25 
	-> 1 2 3 4 12 
Structure 315: 4 10 6 1 2 3 5 20 
	-> 1 2 3 4 5 6 10 
Structure 316: 4 32 28 29 9 21 22 23 41 
	-> 4 9 
Structure 317: 81 15 6 1 2 3 16 7 
	-> 1 2 3 6 7 
Structure 318: 4 14 8 1 2 3 5 
	-> 1 2 3 4 5 8 14 
Structure 319: 4 6 1 2 3 5 
	-> 1 2 3 4 5 6 
Structure 320: 4 12 8 1 2 3 5 
	-> 1 2 3 4 5 8 12 
Structure 321: 4 12 9 11 5 
	-> 4 5 9 11 12 
Structure 322: 4 12 8 1 2 3 5 
	-> 1 2 3 4 5 8 12 
Structure 323: 4 10 6 8 1 2 3 5 
	-> 1 2 3 4 5 6 8 10 
Structure 324: 15 6 9 11 45 7 
	-> 6 7 9 11 
Structure 325: 15 14 8 1 2 3 13 7 
	-> 1 2 3 7 8 13 14 
Structure 326: 4 12 9 11 62 5 
	-> 4 5 9 11 12 
Structure 327: 4 10 6 9 11 5 
	-> 4 5 6 9 10 11 
Structure 328: 4 10 6 1 2 3 5 
	-> 1 2 3 4 5 6 10 
Structure 329: 4 12 1 2 3 5 
	-> 1 2 3 4 5 12 
Structure 330: 4 10 6 8 1 2 3 5 
	-> 1 2 3 4 5 6 8 10 
Structure 331: 4 14 8 1 2 3 5 
	-> 1 2 3 4 5 8 14 
Structure 332: 4 12 9 11 5 
	-> 4 5 9 11 12 
Structure 333: 4 12 1 2 3 5 20 
	-> 1 2 3 4 5 12 
Structure 334: 17 6 1 47 3 13 19 7 
	-> 1 3 6 7 13 
Structure 335: 4 6 9 11 5 
	-> 4 5 6 9 11 
Structure 336: 54 10 6 18 1 2 3 13 7 
	-> 1 2 3 6 7 10 13 
Structure 337: 4 10 6 9 11 5 
	-> 4 5 6 9 10 11 
Structure 338: 17 10 6 18 1 2 3 16 7 
	-> 1 2 3 6 7 10 
Structure 339: 12 8 1 2 3 13 7 
	-> 1 2 3 7 8 12 13 
Structure 340: 15 12 8 1 2 3 16 7 
	-> 1 2 3 7 8 12 
Structure 341: 4 6 1 2 3 5 
	-> 1 2 3 4 5 6 
Structure 342: 4 6 1 2 3 5 
	-> 1 2 3 4 5 6 
Structure 343: 54 14 8 1 2 3 16 7 
	-> 1 2 3 7 8 14 
Structure 344: 4 12 9 11 5 
	-> 4 5 9 11 12 
Structure 345: 4 12 9 11 5 
	-> 4 5 9 11 12 
Structure 346: 17 6 9 11 13 19 7 
	-> 6 7 9 11 13 
Structure 347: 15 10 6 1 2 3 13 7 
	-> 1 2 3 6 7 10 13 
Structure 348: 15 6 1 2 3 13 19 7 
	-> 1 2 3 6 7 13 
Structure 349: 4 32 28 29 9 21 22 23 66 67 
	-> 4 9 
Structure 350: 17 46 14 8 1 2 3 13 7 
	-> 1 2 3 7 8 13 14 
Structure 351: 36 33 12 9 11 40 35 
	-> 9 11 12 
Structure 352: 4 10 6 1 2 3 5 20 
	-> 1 2 3 4 5 6 10 
Structure 353: 4 12 8 1 2 3 5 
	-> 1 2 3 4 5 8 12 
Structure 354: 4 14 8 1 2 3 5 
	-> 1 2 3 4 5 8 14 
Structure 355: 4 14 1 2 3 5 
	-> 1 2 3 4 5 14 
Structure 356: 4 12 8 1 2 3 5 
	-> 1 2 3 4 5 8 12 
Structure 357: 4 6 1 2 3 5 
	-> 1 2 3 4 5 6 
Structure 358: 17 12 9 11 16 19 7 
	-> 7 9 11 12 
Structure 359: 34 30 12 9 11 16 7 
	-> 7 9 11 12 
Structure 360: 4 6 1 2 3 5 
	-> 1 2 3 4 5 6 
Structure 361: 15 6 1 2 3 13 7 
	-> 1 2 3 6 7 13 
Structure 362: 4 6 8 1 2 3 5 20 
	-> 1 2 3 4 5 6 8 
Structure 363: 4 10 6 1 2 3 5 
	-> 1 2 3 4 5 6 10 
Structure 364: 4 10 6 1 2 3 5 
	-> 1 2 3 4 5 6 10 
Structure 365: 24 27 12 9 11 7 
	-> 7 9 11 12 
Structure 366: 4 6 8 1 2 3 5 
	-> 1 2 3 4 5 6 8 
Structure 367: 50 51 52 14 8 1 2 3 5 
	-> 1 2 3 5 8 14 
Structure 368: 4 12 8 1 2 3 62 
	-> 1 2 3 4 8 12 
Structure 369: 4 10 6 1 2 3 5 
	-> 1 2 3 4 5 6 10 
Structure 370: 4 10 6 18 1 2 3 5 
	-> 1 2 3 4 5 6 10 
Structure 371: 17 31 12 9 11 7 102 
	-> 7 9 11 12 
Structure 372: 4 10 6 18 1 2 3 5 
	-> 1 2 3 4 5 6 10 
Structure 373: 4 6 1 2 3 5 
	-> 1 2 3 4 5 6 
Structure 374: 4 10 6 1 2 3 5 
	-> 1 2 3 4 5 6 10 
Structure 375: 4 6 8 1 2 3 5 
	-> 1 2 3 4 5 6 8 
Structure 376: 4 14 8 1 2 3 5 
	-> 1 2 3 4 5 8 14 
Structure 377: 4 10 6 8 1 2 3 5 
	-> 1 2 3 4 5 6 8 10 
Structure 378: 4 12 8 1 2 3 5 
	-> 1 2 3 4 5 8 12 
Structure 379: 4 6 1 2 3 5 
	-> 1 2 3 4 5 6 
Structure 380: 4 14 9 11 5 
	-> 4 5 9 11 14 
Structure 381: 4 10 6 1 2 3 5 
	-> 1 2 3 4 5 6 10 
Structure 382: 17 12 8 1 2 3 16 7 
	-> 1 2 3 7 8 12 
Structure 383: 4 14 8 1 2 3 25 
	-> 1 2 3 4 8 14 
Structure 384: 4 53 9 21 22 23 
	-> 4 9 
Structure 385: 4 10 6 9 11 5 
	-> 4 5 6 9 10 11 
Structure 386: 4 10 6 1 2 3 5 
	-> 1 2 3 4 5 6 10 
Structure 387: 4 32 28 29 9 21 22 23 
	-> 4 9 
Structure 388: 4 6 18 1 2 3 5 
	-> 1 2 3 4 5 6 
Structure 389: 4 12 8 1 2 3 5 
	-> 1 2 3 4 5 8 12 
Structure 390: 4 10 6 1 2 3 5 82 
	-> 1 2 3 4 5 6 10 
Structure 391: 17 12 8 1 2 3 16 19 7 
	-> 1 2 3 7 8 12 
Structure 392: 39 10 6 8 1 2 3 13 7 
	-> 1 2 3 6 7 8 10 13 
Structure 393: 24 49 14 8 1 2 3 16 7 
	-> 1 2 3 7 8 14 
Structure 394: 4 12 9 11 5 
	-> 4 5 9 11 12 
Structure 395: 24 26 6 8 1 2 3 13 7 
	-> 1 2 3 6 7 8 13 
Structure 396: 4 12 8 1 2 3 5 
	-> 1 2 3 4 5 8 12 
Structure 397: 4 12 9 11 5 
	-> 4 5 9 11 12 
Structure 398: 17 68 83 6 1 2 3 13 7 
	-> 1 2 3 6 7 13 
Structure 399: 4 10 6 1 2 3 5 
	-> 1 2 3 4 5 6 10 
Structure 400: 4 10 6 18 1 2 3 5 
	-> 1 2 3 4 5 6 10 
Structure 401: 4 10 6 1 2 3 5 
	-> 1 2 3 4 5 6 10 
Structure 402: 4 10 6 1 2 3 5 
	-> 1 2 3 4 5 6 10 
Structure 403: 4 9 84 11 25 
	-> 4 9 11 
Structure 404: 4 10 6 8 1 2 3 5 
	-> 1 2 3 4 5 6 8 10 
Structure 405: 24 71 6 1 2 3 13 7 
	-> 1 2 3 6 7 13 
Structure 406: 24 6 1 2 3 16 7 
	-> 1 2 3 6 7 
Structure 407: 4 10 6 1 2 3 5 
	-> 1 2 3 4 5 6 10 
Structure 408: 17 12 8 1 2 3 13 7 
	-> 1 2 3 7 8 12 13 
Structure 409: 4 14 9 11 25 
	-> 4 9 11 14 
Structure 410: 4 10 6 18 1 2 3 5 20 
	-> 1 2 3 4 5 6 10 
Structure 411: 4 14 9 11 5 
	-> 4 5 9 11 14 
Structure 412: 36 33 12 9 11 40 35 
	-> 9 11 12 
Structure 413: 4 10 6 9 11 5 
	-> 4 5 6 9 10 11 
Structure 414: 4 14 8 1 2 3 25 
	-> 1 2 3 4 8 14 
Structure 415: 48 15 6 1 2 3 13 19 7 
	-> 1 2 3 6 7 13 
Structure 416: 4 14 1 2 3 25 
	-> 1 2 3 4 14 
Structure 417: 4 14 8 1 2 3 5 
	-> 1 2 3 4 5 8 14 
Structure 418: 17 85 6 1 2 3 13 7 
	-> 1 2 3 6 7 13 
Structure 419: 4 6 9 11 5 
	-> 4 5 6 9 11 
Structure 420: 4 12 9 11 5 
	-> 4 5 9 11 12 
Structure 421: 4 6 1 2 3 5 
	-> 1 2 3 4 5 6 
Structure 422: 15 6 1 2 3 13 19 7 
	-> 1 2 3 6 7 13 
Structure 423: 4 12 8 1 2 3 5 
	-> 1 2 3 4 5 8 12 
Structure 424: 4 12 9 11 25 
	-> 4 9 11 12 
Structure 425: 60 27 14 8 1 2 3 40 103 35 
	-> 1 2 3 8 14 
Structure 426: 4 10 6 1 2 3 5 
	-> 1 2 3 4 5 6 10 
Structure 427: 4 10 6 1 2 3 5 
	-> 1 2 3 4 5 6 10 
Structure 428: 4 6 1 2 3 5 
	-> 1 2 3 4 5 6 
Structure 429: 4 86 47 3 104 105 
	-> 3 4 
Structure 430: 15 6 1 2 3 13 7 
	-> 1 2 3 6 7 13 
Structure 431: 15 6 1 2 3 13 7 61 
	-> 1 2 3 6 7 13 
Structure 432: 4 12 9 11 5 
	-> 4 5 9 11 12 
Structure 433: 17 55 10 6 8 1 2 3 13 7 
	-> 1 2 3 6 7 8 10 13 
Structure 434: 17 12 8 1 2 3 13 7 
	-> 1 2 3 7 8 12 13 
Structure 435: 4 10 6 18 1 2 3 5 20 
	-> 1 2 3 4 5 6 10 
Structure 436: 4 10 6 18 1 2 3 5 
	-> 1 2 3 4 5 6 10 
Structure 437: 15 6 1 2 3 16 7 
	-> 1 2 3 6 7 
Structure 438: 37 31 6 1 2 3 7 
	-> 1 2 3 6 7 
Structure 439: 4 6 1 2 3 5 
	-> 1 2 3 4 5 6 
Structure 440: 15 6 1 2 3 16 7 
	-> 1 2 3 6 7 
Structure 441: 4 6 1 2 3 5 
	-> 1 2 3 4 5 6 
Structure 442: 4 12 9 11 5 
	-> 4 5 9 11 12 
Structure 443: 4 14 9 11 5 
	-> 4 5 9 11 14 
Structure 444: 4 32 28 29 9 21 22 23 
	-> 4 9 
Structure 445: 4 10 6 1 2 3 5 20 
	-> 1 2 3 4 5 6 10 
Structure 446: 4 12 8 1 2 3 5 
	-> 1 2 3 4 5 8 12 
Structure 447: 15 12 8 1 2 3 13 7 
	-> 1 2 3 7 8 12 13 
Structure 448: 4 10 6 1 2 3 5 
	-> 1 2 3 4 5 6 10 
Structure 449: 4 10 6 9 11 5 41 
	-> 4 5 6 9 10 11 
Structure 450: 37 31 6 1 2 3 7 
	-> 1 2 3 6 7 
Structure 451: 17 14 8 1 2 3 13 7 
	-> 1 2 3 7 8 13 14 
Structure 452: 4 12 8 1 2 3 5 
	-> 1 2 3 4 5 8 12 
Structure 453: 17 12 8 1 2 3 16 19 7 
	-> 1 2 3 7 8 12 
Structure 454: 4 12 8 1 2 3 5 
	-> 1 2 3 4 5 8 12 
Structure 455: 4 10 6 1 2 3 5 
	-> 1 2 3 4 5 6 10 
Structure 456: 4 10 6 8 1 2 3 5 
	-> 1 2 3 4 5 6 8 10 
Structure 457: 15 6 8 1 2 3 13 19 7 
	-> 1 2 3 6 7 8 13 
Structure 458: 4 10 6 1 2 3 5 
	-> 1 2 3 4 5 6 10 
Structure 459: 4 32 28 29 9 21 22 23 
	-> 4 9 
Structure 460: 4 10 6 1 2 3 5 
	-> 1 2 3 4 5 6 10 
Structure 461: 4 12 9 11 5 
	-> 4 5 9 11 12 
Structure 462: 54 6 1 2 3 106 16 7 
	-> 1 2 3 6 7 
Structure 463: 4 10 6 1 2 3 5 
	-> 1 2 3 4 5 6 10 
Structure 464: 4 12 8 1 2 3 5 
	-> 1 2 3 4 5 8 12 
Structure 465: 4 12 8 1 2 3 5 
	-> 1 2 3 4 5 8 12 
Structure 466: 4 14 8 1 2 3 5 
	-> 1 2 3 4 5 8 14 
Structure 467: 15 10 6 1 2 3 13 7 
	-> 1 2 3 6 7 10 13 
Structure 468: 4 6 9 11 5 
	-> 4 5 6 9 11 
Structure 469: 4 14 8 1 2 3 5 
	-> 1 2 3 4 5 8 14 
Structure 470: 4 10 6 1 2 5 20 
	-> 1 2 4 5 6 10 
Structure 471: 4 14 8 1 2 3 5 87 
	-> 1 2 3 4 5 8 14 
Structure 472: 34 30 49 6 9 11 13 7 
	-> 6 7 9 11 13 
Structure 473: 4 14 8 1 2 3 5 
	-> 1 2 3 4 5 8 14 
Structure 474: 15 6 1 2 3 16 7 
	-> 1 2 3 6 7 
Structure 475: 17 14 8 1 2 3 13 7 
	-> 1 2 3 7 8 13 14 
Structure 476: 4 6 18 1 2 3 5 
	-> 1 2 3 4 5 6 
Structure 477: 4 10 6 9 11 5 
	-> 4 5 6 9 10 11 
Structure 478: 17 107 6 9 11 13 7 
	-> 6 7 9 11 13 
Structure 479: 4 12 9 11 5 
	-> 4 5 9 11 12 
Structure 480: 4 10 6 18 1 2 3 5 
	-> 1 2 3 4 5 6 10 
Structure 481: 6 1 2 3 13 19 7 
	-> 1 2 3 6 7 13 
Structure 482: 4 10 6 9 11 5 
	-> 4 5 6 9 10 11 
Structure 483: 4 10 6 18 1 2 3 5 
	-> 1 2 3 4 5 6 10 
Structure 484: 4 14 8 1 2 3 5 
	-> 1 2 3 4 5 8 14 
Structure 485: 15 14 8 1 2 3 13 7 
	-> 1 2 3 7 8 13 14 
Structure 486: 24 12 9 11 16 7 
	-> 7 9 11 12 
Structure 487: 4 10 6 1 2 3 5 
	-> 1 2 3 4 5 6 10 
Structure 488: 4 12 8 1 2 3 5 
	-> 1 2 3 4 5 8 12 
Structure 489: 15 6 18 1 2 3 13 19 7 
	-> 1 2 3 6 7 13 
Structure 490: 4 10 6 1 2 3 5 
	-> 1 2 3 4 5 6 10 
Structure 491: 24 15 14 8 1 2 3 13 7 
	-> 1 2 3 7 8 13 14 
Structure 492: 15 10 6 1 2 3 13 7 
	-> 1 2 3 6 7 10 13 
Structure 493: 4 10 6 9 11 5 
	-> 4 5 6 9 10 11 
Structure 494: 4 14 8 1 2 3 5 
	-> 1 2 3 4 5 8 14 
Structure 495: 4 53 9 21 22 23 
	-> 4 9 
Structure 496: 4 14 8 1 2 3 5 
	-> 1 2 3 4 5 8 14 
Structure 497: 26 10 6 1 2 3 13 7 
	-> 1 2 3 6 7 10 13 
Structure 498: 4 10 6 1 2 3 5 
	-> 1 2 3 4 5 6 10 
Structure 499: 4 12 8 1 2 3 5 
	-> 1 2 3 4 5 8 12 
Structure 500: 15 14 8 1 2 3 13 7 
	-> 1 2 3 7 8 13 14 
Structure 501: 37 27 14 8 1 2 3 7 88 
	-> 1 2 3 7 8 14 
Structure 502: 4 12 8 1 2 3 5 
	-> 1 2 3 4 5 8 12 
Structure 503: 4 14 9 11 5 
	-> 4 5 9 11 14 
Structure 504: 26 12 9 11 16 7 
	-> 7 9 11 12 
Structure 505: 30 14 8 1 2 3 13 7 
	-> 1 2 3 7 8 13 14 
Structure 506: 4 10 6 1 2 3 5 
	-> 1 2 3 4 5 6 10 
Structure 507: 15 10 6 18 1 2 3 13 7 
	-> 1 2 3 6 7 10 13 
Structure 508: 4 59 9 21 22 23 
	-> 4 9 
Structure 509: 4 10 6 1 2 3 5 
	-> 1 2 3 4 5 6 10 
Structure 510: 4 10 6 18 1 2 3 5 20 
	-> 1 2 3 4 5 6 10 
Structure 511: 56 12 8 1 2 3 16 7 
	-> 1 2 3 7 8 12 
Structure 512: 4 32 28 29 9 21 22 23 
	-> 4 9 
Structure 513: 4 10 6 1 2 3 5 
	-> 1 2 3 4 5 6 10 
Structure 514: 17 6 1 2 3 16 7 
	-> 1 2 3 6 7 
Structure 515: 4 14 8 1 2 3 25 20 
	-> 1 2 3 4 8 14 
Structure 516: 4 10 6 1 2 3 5 
	-> 1 2 3 4 5 6 10 
Structure 517: 4 10 6 1 2 3 5 
	-> 1 2 3 4 5 6 10 
Structure 518: 17 68 83 6 1 2 3 13 42 38 
	-> 1 2 3 6 13 
Structure 519: 15 10 6 1 2 3 16 7 
	-> 1 2 3 6 7 10 
Structure 520: 4 10 6 1 2 3 5 
	-> 1 2 3 4 5 6 10 
Structure 521: 27 89 69 14 8 1 2 3 7 
	-> 1 2 3 7 8 14 
Structure 522: 15 6 1 2 3 13 7 
	-> 1 2 3 6 7 13 
Structure 523: 17 85 10 6 1 2 3 13 7 
	-> 1 2 3 6 7 10 13 
Structure 524: 17 14 8 1 2 3 13 19 7 108 
	-> 1 2 3 7 8 13 14 
Structure 525: 4 14 9 11 5 
	-> 4 5 9 11 14 
Structure 526: 4 6 8 1 2 3 109 5 
	-> 1 2 3 4 5 6 8 
Structure 527: 4 14 9 11 5 
	-> 4 5 9 11 14 
Structure 528: 4 12 8 1 2 3 5 
	-> 1 2 3 4 5 8 12 
Structure 529: 24 110 12 9 11 16 7 
	-> 7 9 11 12 
Structure 530: 4 28 29 9 21 22 23 20 
	-> 4 9 
Structure 531: 26 14 8 1 2 3 16 7 
	-> 1 2 3 7 8 14 
Structure 532: 4 12 9 11 5 
	-> 4 5 9 11 12 
Structure 533: 4 28 29 9 21 22 75 
	-> 4 9 
Structure 534: 4 12 8 1 2 3 5 
	-> 1 2 3 4 5 8 12 
Structure 535: 4 10 6 1 2 3 5 
	-> 1 2 3 4 5 6 10 
Structure 536: 4 12 9 11 5 
	-> 4 5 9 11 12 
Structure 537: 4 12 9 11 5 
	-> 4 5 9 11 12 
Structure 538: 4 6 9 11 5 
	-> 4 5 6 9 11 
Structure 539: 4 14 8 1 2 3 5 
	-> 1 2 3 4 5 8 14 
Structure 540: 4 12 9 11 5 
	-> 4 5 9 11 12 
Structure 541: 48 15 6 9 11 13 7 
	-> 6 7 9 11 13 
Structure 542: 4 6 9 11 5 
	-> 4 5 6 9 11 
Structure 543: 15 14 9 11 16 7 
	-> 7 9 11 14 
Structure 544: 4 12 9 11 5 
	-> 4 5 9 11 12 
Structure 545: 36 10 6 9 11 7 
	-> 6 7 9 10 11 
Structure 546: 4 10 6 8 1 2 3 5 
	-> 1 2 3 4 5 6 8 10 
Structure 547: 39 10 6 1 2 3 16 7 
	-> 1 2 3 6 7 10 
Structure 548: 15 6 9 11 16 7 
	-> 6 7 9 11 
Structure 549: 30 10 6 8 1 2 3 13 7 
	-> 1 2 3 6 7 8 10 13 
Structure 550: 17 12 8 1 2 3 13 7 
	-> 1 2 3 7 8 12 13 
Structure 551: 4 14 9 11 5 
	-> 4 5 9 11 14 
Structure 552: 4 10 6 1 2 3 5 20 
	-> 1 2 3 4 5 6 10 
Structure 553: 4 12 8 1 2 3 5 
	-> 1 2 3 4 5 8 12 
Structure 554: 4 10 6 1 2 3 5 
	-> 1 2 3 4 5 6 10 
Structure 555: 58 27 14 8 1 2 3 7 
	-> 1 2 3 7 8 14 
Structure 556: 4 10 6 1 2 3 5 
	-> 1 2 3 4 5 6 10 
Structure 557: 4 6 9 11 5 
	-> 4 5 6 9 11 
Structure 558: 4 53 9 21 22 23 
	-> 4 9 
Structure 559: 17 10 6 8 1 2 3 16 7 
	-> 1 2 3 6 7 8 10 
Structure 560: 4 10 6 1 2 3 5 
	-> 1 2 3 4 5 6 10 
Structure 561: 36 33 10 6 1 2 3 7 
	-> 1 2 3 6 7 10 
Structure 562: 4 32 28 29 9 21 22 23 
	-> 4 9 
Structure 563: 17 10 6 1 2 3 13 7 
	-> 1 2 3 6 7 10 13 
Structure 564: 17 43 57 6 1 2 3 13 7 
	-> 1 2 3 6 7 13 
Structure 565: 4 12 9 11 5 20 
	-> 4 5 9 11 12 
Structure 566: 4 32 28 14 8 1 2 3 25 
	-> 1 2 3 4 8 14 
Structure 567: 4 12 9 11 5 
	-> 4 5 9 11 12 
Structure 568: 17 68 12 1 2 3 16 7 
	-> 1 2 3 7 12 
Structure 569: 4 10 6 1 2 3 5 
	-> 1 2 3 4 5 6 10 
Structure 570: 10 6 1 2 3 13 7 
	-> 1 2 3 6 7 10 13 
Structure 571: 37 31 12 9 11 7 
	-> 7 9 11 12 
Structure 572: 15 6 1 2 3 13 7 
	-> 1 2 3 6 7 13 
Structure 573: 17 14 8 1 2 3 16 7 
	-> 1 2 3 7 8 14 
Structure 574: 4 6 9 11 5 
	-> 4 5 6 9 11 
Structure 575: 4 14 9 11 5 
	-> 4 5 9 11 14 
Structure 576: 58 27 14 8 1 2 3 7 20 
	-> 1 2 3 7 8 14 
Structure 577: 33 12 8 1 2 3 45 7 
	-> 1 2 3 7 8 12 
Structure 578: 4 10 6 1 2 3 5 
	-> 1 2 3 4 5 6 10 
Structure 579: 4 10 6 8 1 2 3 5 
	-> 1 2 3 4 5 6 8 10 
Structure 580: 4 10 6 1 2 3 5 
	-> 1 2 3 4 5 6 10 
Structure 581: 34 30 31 6 1 2 3 45 7 
	-> 1 2 3 6 7 
Structure 582: 4 12 9 11 5 20 
	-> 4 5 9 11 12 
Structure 583: 4 9 84 11 25 
	-> 4 9 11 
Structure 584: 4 14 8 1 2 3 5 
	-> 1 2 3 4 5 8 14 
Structure 585: 4 14 8 1 2 3 5 
	-> 1 2 3 4 5 8 14 
Structure 586: 4 12 9 11 5 
	-> 4 5 9 11 12 
Structure 587: 26 6 8 1 2 3 13 7 
	-> 1 2 3 6 7 8 13 
Structure 588: 111 112 15 6 1 2 3 13 19 7 
	-> 1 2 3 6 7 13 
Structure 589: 44 26 86 113 114 11 13 7 
	-> 7 11 13 
Structure 590: 4 6 1 2 3 5 72 41 
	-> 1 2 3 4 5 6 
Structure 591: 4 14 8 1 2 3 5 
	-> 1 2 3 4 5 8 14 
Structure 592: 4 6 1 2 3 5 
	-> 1 2 3 4 5 6 
Structure 593: 4 10 6 9 11 5 
	-> 4 5 6 9 10 11 
Structure 594: 4 14 8 1 2 3 5 
	-> 1 2 3 4 5 8 14 
Structure 595: 4 10 6 1 2 3 5 
	-> 1 2 3 4 5 6 10 
Structure 596: 4 10 6 8 1 2 3 5 65 
	-> 1 2 3 4 5 6 8 10 
Structure 597: 4 6 1 2 3 5 
	-> 1 2 3 4 5 6 
Structure 598: 50 51 52 12 9 11 5 
	-> 5 9 11 12 
Structure 599: 15 14 8 1 2 3 16 7 
	-> 1 2 3 7 8 14 
Structure 600: 4 12 9 11 5 82 
	-> 4 5 9 11 12 
Structure 601: 36 33 10 6 1 2 3 7 
	-> 1 2 3 6 7 10 
Structure 602: 37 115 31 6 1 2 3 7 
	-> 1 2 3 6 7 
Structure 603: 34 30 6 1 2 3 13 7 
	-> 1 2 3 6 7 13 
Structure 604: 4 14 8 1 2 3 5 76 
	-> 1 2 3 4 5 8 14 
Structure 605: 17 14 8 1 2 3 13 7 
	-> 1 2 3 7 8 13 14 
Structure 606: 44 15 12 8 1 2 3 16 7 
	-> 1 2 3 7 8 12 
Structure 607: 4 6 18 1 2 3 5 
	-> 1 2 3 4 5 6 
Structure 608: 4 6 18 1 2 3 5 
	-> 1 2 3 4 5 6 
Structure 609: 4 10 6 1 2 3 5 
	-> 1 2 3 4 5 6 10 
Structure 610: 15 12 8 1 2 3 13 7 
	-> 1 2 3 7 8 12 13 
Structure 611: 24 12 8 1 2 3 16 7 
	-> 1 2 3 7 8 12 
Structure 612: 4 10 6 9 11 5 
	-> 4 5 6 9 10 11 
Structure 613: 17 10 6 1 2 3 13 7 
	-> 1 2 3 6 7 10 13 
Structure 614: 17 46 12 9 11 13 7 
	-> 7 9 11 12 13 
Structure 615: 15 6 1 2 3 16 7 
	-> 1 2 3 6 7 
Structure 616: 4 12 8 1 2 3 5 
	-> 1 2 3 4 5 8 12 
Structure 617: 4 10 6 18 1 2 3 5 
	-> 1 2 3 4 5 6 10 
Structure 618: 4 12 9 11 5 
	-> 4 5 9 11 12 
Structure 619: 4 12 8 1 2 3 25 
	-> 1 2 3 4 8 12 
Structure 620: 4 10 6 9 11 5 
	-> 4 5 6 9 10 11 
Structure 621: 17 14 8 1 2 3 13 7 
	-> 1 2 3 7 8 13 14 
Structure 622: 4 32 28 29 9 21 22 23 
	-> 4 9 
Structure 623: 4 12 9 11 5 
	-> 4 5 9 11 12 
Structure 624: 4 14 9 11 5 
	-> 4 5 9 11 14 
Structure 625: 26 12 9 11 16 7 
	-> 7 9 11 12 
Structure 626: 4 12 9 11 5 41 
	-> 4 5 9 11 12 
Structure 627: 4 32 28 29 9 21 22 23 
	-> 4 9 
Structure 628: 4 14 9 11 5 
	-> 4 5 9 11 14 
Structure 629: 4 12 9 11 5 
	-> 4 5 9 11 12 
Structure 630: 4 10 6 18 1 2 3 5 
	-> 1 2 3 4 5 6 10 
Structure 631: 4 10 6 1 2 3 5 20 
	-> 1 2 3 4 5 6 10 
Structure 632: 4 14 9 11 5 
	-> 4 5 9 11 14 
Structure 633: 15 6 1 2 3 16 7 
	-> 1 2 3 6 7 
Structure 634: 4 6 1 2 3 5 
	-> 1 2 3 4 5 6 
Structure 635: 4 12 9 11 5 
	-> 4 5 9 11 12 
Structure 636: 17 43 14 8 1 2 3 13 19 7 
	-> 1 2 3 7 8 13 14 
Structure 637: 4 12 9 11 5 
	-> 4 5 9 11 12 
Structure 638: 4 10 6 1 2 3 5 
	-> 1 2 3 4 5 6 10 
Structure 639: 4 14 8 1 2 3 5 
	-> 1 2 3 4 5 8 14 
Structure 640: 15 6 1 2 3 13 19 7 
	-> 1 2 3 6 7 13 
Structure 641: 4 6 8 1 2 3 5 
	-> 1 2 3 4 5 6 8 
Structure 642: 4 12 9 11 5 
	-> 4 5 9 11 12 
Structure 643: 4 14 8 1 2 3 5 
	-> 1 2 3 4 5 8 14 
Structure 644: 4 6 9 11 5 
	-> 4 5 6 9 11 
Structure 645: 26 12 9 11 16 7 
	-> 7 9 11 12 
Structure 646: 4 12 9 11 5 
	-> 4 5 9 11 12 
Structure 647: 4 14 8 1 2 3 5 
	-> 1 2 3 4 5 8 14 
Structure 648: 4 10 6 18 1 2 3 5 
	-> 1 2 3 4 5 6 10 
Structure 649: 4 12 9 11 5 
	-> 4 5 9 11 12 
Structure 650: 4 14 8 1 2 3 5 
	-> 1 2 3 4 5 8 14 
Structure 651: 4 10 6 9 11 5 
	-> 4 5 6 9 10 11 
Structure 652: 15 6 1 2 3 16 7 
	-> 1 2 3 6 7 
Structure 653: 4 64 59 9 21 22 23 
	-> 4 9 
Structure 654: 81 15 6 1 2 3 13 7 
	-> 1 2 3 6 7 13 
Structure 655: 4 12 8 1 2 3 5 
	-> 1 2 3 4 5 8 12 
Structure 656: 4 10 6 18 1 2 3 5 
	-> 1 2 3 4 5 6 10 
Structure 657: 15 12 9 11 13 116 38 
	-> 9 11 12 13 
Structure 658: 4 6 1 2 3 5 
	-> 1 2 3 4 5 6 
Structure 659: 4 12 8 1 2 3 5 
	-> 1 2 3 4 5 8 12 
Structure 660: 4 6 1 2 3 5 20 
	-> 1 2 3 4 5 6 
Structure 661: 4 12 9 11 5 
	-> 4 5 9 11 12 
Structure 662: 4 10 6 8 1 2 3 5 
	-> 1 2 3 4 5 6 8 10 
Structure 663: 4 10 6 1 2 3 5 
	-> 1 2 3 4 5 6 10 
Structure 664: 4 10 6 18 1 2 3 5 
	-> 1 2 3 4 5 6 10 
Structure 665: 17 43 6 1 2 3 13 7 
	-> 1 2 3 6 7 13 
Structure 666: 48 14 1 2 3 13 7 
	-> 1 2 3 7 13 14 
Structure 667: 4 14 8 1 2 3 5 
	-> 1 2 3 4 5 8 14 
Structure 668: 4 6 1 2 3 5 
	-> 1 2 3 4 5 6 
Structure 669: 4 6 1 2 3 5 
	-> 1 2 3 4 5 6 
Structure 670: 17 14 8 1 2 3 13 19 7 
	-> 1 2 3 7 8 13 14 
Structure 671: 4 14 8 1 2 3 5 
	-> 1 2 3 4 5 8 14 
Structure 672: 4 10 6 9 11 5 20 
	-> 4 5 6 9 10 11 
Structure 673: 4 10 6 1 2 3 5 
	-> 1 2 3 4 5 6 10 
Structure 674: 4 12 9 11 5 20 
	-> 4 5 9 11 12 
Structure 675: 4 10 6 8 1 2 3 5 
	-> 1 2 3 4 5 6 8 10 
Structure 676: 34 30 6 9 11 13 7 
	-> 6 7 9 11 13 
Structure 677: 15 6 1 2 3 13 16 7 
	-> 1 2 3 6 7 13 
Structure 678: 4 10 6 9 11 5 
	-> 4 5 6 9 10 11 
Structure 679: 15 6 9 11 13 7 
	-> 6 7 9 11 13 
Structure 680: 37 27 14 8 1 2 3 7 
	-> 1 2 3 7 8 14 
Structure 681: 4 10 6 1 2 3 5 
	-> 1 2 3 4 5 6 10 
Structure 682: 34 30 10 6 1 2 13 19 7 
	-> 1 2 6 7 10 13 
Structure 683: 4 6 1 2 3 5 87 
	-> 1 2 3 4 5 6 
Structure 684: 50 51 52 6 8 1 2 3 5 
	-> 1 2 3 5 6 8 
Structure 685: 4 14 8 1 2 3 5 117 
	-> 1 2 3 4 5 8 14 
Structure 686: 17 10 6 1 2 3 13 7 
	-> 1 2 3 6 7 10 13 
Structure 687: 4 10 6 1 2 3 5 
	-> 1 2 3 4 5 6 10 
Structure 688: 4 14 8 1 2 3 5 
	-> 1 2 3 4 5 8 14 
Structure 689: 4 10 6 1 2 3 5 
	-> 1 2 3 4 5 6 10 
Structure 690: 17 43 6 18 1 2 3 16 7 
	-> 1 2 3 6 7 
Structure 691: 4 14 8 1 2 3 5 
	-> 1 2 3 4 5 8 14 
Structure 692: 27 89 12 9 11 7 
	-> 7 9 11 12 
Structure 693: 4 6 1 2 3 5 
	-> 1 2 3 4 5 6 
Structure 694: 15 14 1 2 3 16 7 
	-> 1 2 3 7 14 
Structure 695: 17 46 10 6 1 2 3 13 7 
	-> 1 2 3 6 7 10 13 
Structure 696: 17 12 9 11 13 7 
	-> 7 9 11 12 13 
Structure 697: 4 10 6 1 2 3 62 
	-> 1 2 3 4 6 10 
Structure 698: 15 6 1 2 3 13 19 7 
	-> 1 2 3 6 7 13 
Structure 699: 17 27 14 8 1 2 3 7 
	-> 1 2 3 7 8 14 
Structure 700: 17 31 6 1 2 3 42 38 
	-> 1 2 3 6 
Structure 701: 10 6 1 2 3 118 45 7 
	-> 1 2 3 6 7 10 
Structure 702: 56 10 6 8 1 2 3 16 7 
	-> 1 2 3 6 7 8 10 
Structure 703: 24 12 8 1 2 3 13 7 
	-> 1 2 3 7 8 12 13 
Structure 704: 60 27 14 8 1 2 3 7 20 
	-> 1 2 3 7 8 14 
Structure 705: 17 12 18 1 2 3 13 7 
	-> 1 2 3 7 12 13 
Structure 706: 15 12 9 11 16 19 7 
	-> 7 9 11 12 
Structure 707: 4 12 8 1 2 3 5 20 
	-> 1 2 3 4 5 8 12 
Structure 708: 15 12 8 1 2 3 13 7 38 
	-> 1 2 3 7 8 12 13 
Structure 709: 17 10 6 1 2 3 13 7 
	-> 1 2 3 6 7 10 13 
Structure 710: 17 10 6 1 2 3 13 19 7 
	-> 1 2 3 6 7 10 13 
Structure 711: 4 12 9 11 5 
	-> 4 5 9 11 12 
Structure 712: 39 10 6 1 2 3 16 7 
	-> 1 2 3 6 7 10 
Structure 713: 15 6 8 1 2 3 13 7 
	-> 1 2 3 6 7 8 13 
Structure 714: 24 12 9 11 13 7 
	-> 7 9 11 12 13 
Structure 715: 15 14 8 1 2 3 13 42 38 
	-> 1 2 3 8 13 14 
Structure 716: 4 6 18 1 2 3 5 
	-> 1 2 3 4 5 6 
Structure 717: 4 14 8 1 2 3 5 20 
	-> 1 2 3 4 5 8 14 
Structure 718: 4 12 8 1 2 3 5 
	-> 1 2 3 4 5 8 12 
Structure 719: 4 12 8 1 2 3 5 
	-> 1 2 3 4 5 8 12 
Structure 720: 4 10 6 1 2 3 5 20 
	-> 1 2 3 4 5 6 10 
Structure 721: 4 10 6 9 11 5 
	-> 4 5 6 9 10 11 
Structure 722: 17 14 8 1 2 3 13 7 
	-> 1 2 3 7 8 13 14 
Structure 723: 4 6 1 2 3 5 
	-> 1 2 3 4 5 6 
Structure 724: 15 12 8 1 2 3 13 7 
	-> 1 2 3 7 8 12 13 
Structure 725: 4 14 8 1 2 3 5 
	-> 1 2 3 4 5 8 14 
Structure 726: 17 14 8 1 2 3 16 7 
	-> 1 2 3 7 8 14 
Structure 727: 4 12 9 11 5 20 
	-> 4 5 9 11 12 
Structure 728: 24 10 6 9 11 13 19 7 
	-> 6 7 9 10 11 13 
Structure 729: 15 12 9 11 16 7 
	-> 7 9 11 12 
Structure 730: 39 14 8 1 2 3 13 19 7 
	-> 1 2 3 7 8 13 14 
Structure 731: 15 12 9 11 16 19 7 
	-> 7 9 11 12 
Structure 732: 4 12 9 11 5 
	-> 4 5 9 11 12 
Structure 733: 54 6 9 11 13 7 
	-> 6 7 9 11 13 
Structure 734: 4 12 9 11 5 
	-> 4 5 9 11 12 
Structure 735: 4 6 1 2 3 5 
	-> 1 2 3 4 5 6 
Structure 736: 4 12 8 1 2 3 5 
	-> 1 2 3 4 5 8 12 
Structure 737: 4 14 8 1 2 3 5 
	-> 1 2 3 4 5 8 14 
Structure 738: 119 10 6 9 11 16 7 
	-> 6 7 9 10 11 
Structure 739: 17 31 10 6 1 2 3 40 63 35 
	-> 1 2 3 6 10 
Structure 740: 4 12 1 2 3 5 20 
	-> 1 2 3 4 5 12 
Structure 741: 4 6 1 2 3 5 
	-> 1 2 3 4 5 6 
Structure 742: 17 46 12 8 1 2 3 13 7 
	-> 1 2 3 7 8 12 13 
Structure 743: 26 14 8 1 2 3 16 7 
	-> 1 2 3 7 8 14 
Structure 744: 4 10 6 1 2 3 5 
	-> 1 2 3 4 5 6 10 
Structure 745: 56 14 8 1 2 3 13 7 
	-> 1 2 3 7 8 13 14 
Structure 746: 4 10 6 18 1 2 3 5 
	-> 1 2 3 4 5 6 10 
Structure 747: 15 12 9 120 11 13 7 
	-> 7 9 11 12 13 
Structure 748: 15 12 9 11 13 7 
	-> 7 9 11 12 13 
Structure 749: 17 46 12 1 2 3 16 7 
	-> 1 2 3 7 12 
Structure 750: 49 10 6 1 2 3 13 19 7 
	-> 1 2 3 6 7 10 13 
Structure 751: 4 10 6 1 2 3 5 
	-> 1 2 3 4 5 6 10 
Structure 752: 26 12 9 11 13 7 
	-> 7 9 11 12 13 
Structure 753: 4 28 29 9 21 22 23 
	-> 4 9 
Structure 754: 4 14 9 11 5 
	-> 4 5 9 11 14 
Structure 755: 17 12 8 1 2 3 13 7 
	-> 1 2 3 7 8 12 13 
Structure 756: 4 10 6 18 1 2 3 5 
	-> 1 2 3 4 5 6 10 
Structure 757: 26 14 8 1 2 3 13 7 
	-> 1 2 3 7 8 13 14 
Structure 758: 4 12 9 11 5 
	-> 4 5 9 11 12 
Structure 759: 4 14 9 11 5 
	-> 4 5 9 11 14 
Structure 760: 4 10 6 1 2 3 5 
	-> 1 2 3 4 5 6 10 
Structure 761: 4 6 1 2 3 5 
	-> 1 2 3 4 5 6 
Structure 762: 37 31 6 1 2 3 7 20 
	-> 1 2 3 6 7 
Structure 763: 4 10 6 9 11 5 
	-> 4 5 6 9 10 11 
Structure 764: 24 10 6 1 2 3 13 7 
	-> 1 2 3 6 7 10 13 
Structure 765: 4 14 8 1 2 3 5 
	-> 1 2 3 4 5 8 14 
Structure 766: 4 14 8 1 2 3 5 
	-> 1 2 3 4 5 8 14 
Structure 767: 4 32 28 29 9 21 22 23 
	-> 4 9 
Structure 768: 4 14 8 1 2 3 5 
	-> 1 2 3 4 5 8 14 
Structure 769: 4 14 8 1 2 3 5 
	-> 1 2 3 4 5 8 14 
Structure 770: 15 6 1 2 3 16 7 
	-> 1 2 3 6 7 
Structure 771: 4 12 9 11 5 
	-> 4 5 9 11 12 
Structure 772: 34 30 12 9 11 13 19 7 
	-> 7 9 11 12 13 
Structure 773: 15 14 8 1 2 3 16 7 
	-> 1 2 3 7 8 14 
Structure 774: 15 12 9 11 13 19 7 
	-> 7 9 11 12 13 
Structure 775: 4 10 6 18 1 2 3 5 20 
	-> 1 2 3 4 5 6 10 
Structure 776: 4 10 6 1 2 3 5 
	-> 1 2 3 4 5 6 10 
Structure 777: 4 10 6 8 1 2 3 5 
	-> 1 2 3 4 5 6 8 10 
Structure 778: 4 10 6 18 1 2 5 
	-> 1 2 4 5 6 10 
Structure 779: 15 6 1 2 3 13 7 
	-> 1 2 3 6 7 13 
Structure 780: 4 12 9 11 5 
	-> 4 5 9 11 12 
Structure 781: 4 14 8 1 2 3 5 
	-> 1 2 3 4 5 8 14 
Structure 782: 4 12 8 1 2 3 5 
	-> 1 2 3 4 5 8 12 
Structure 783: 17 12 1 2 3 13 7 
	-> 1 2 3 7 12 13 
Structure 784: 34 30 14 8 1 2 3 13 7 
	-> 1 2 3 7 8 13 14 
Structure 785: 4 12 9 11 5 
	-> 4 5 9 11 12 
Structure 786: 4 10 6 1 2 3 5 
	-> 1 2 3 4 5 6 10 
Structure 787: 4 12 9 11 5 
	-> 4 5 9 11 12 
Structure 788: 4 6 1 2 3 5 
	-> 1 2 3 4 5 6 
Structure 789: 4 6 1 2 3 25 
	-> 1 2 3 4 6 
Structure 790: 4 14 8 1 2 3 5 
	-> 1 2 3 4 5 8 14 
Structure 791: 4 10 6 1 2 3 5 
	-> 1 2 3 4 5 6 10 
Structure 792: 15 6 1 2 3 16 7 
	-> 1 2 3 6 7 
Structure 793: 4 10 6 1 2 3 5 
	-> 1 2 3 4 5 6 10 
Structure 794: 4 6 1 2 3 5 
	-> 1 2 3 4 5 6 
Structure 795: 33 10 6 1 2 3 7 
	-> 1 2 3 6 7 10 
Structure 796: 4 6 18 1 2 3 5 
	-> 1 2 3 4 5 6 
Structure 797: 4 14 8 1 2 3 5 
	-> 1 2 3 4 5 8 14 
Structure 798: 34 30 10 6 18 1 2 3 16 7 121 
	-> 1 2 3 6 7 10 
Structure 799: 4 10 6 9 11 5 
	-> 4 5 6 9 10 11 
Structure 800: 4 14 9 11 5 
	-> 4 5 9 11 14 
Structure 801: 4 6 1 2 3 5 20 
	-> 1 2 3 4 5 6 
Structure 802: 15 6 1 2 3 13 19 7 
	-> 1 2 3 6 7 13 
Structure 803: 15 12 9 11 13 7 
	-> 7 9 11 12 13 
Structure 804: 15 6 1 2 3 13 7 
	-> 1 2 3 6 7 13 
Structure 805: 4 12 9 11 5 
	-> 4 5 9 11 12 
Structure 806: 4 10 6 18 1 2 3 5 
	-> 1 2 3 4 5 6 10 
Structure 807: 4 6 1 2 3 5 
	-> 1 2 3 4 5 6 
Structure 808: 15 10 6 8 1 2 3 13 7 
	-> 1 2 3 6 7 8 10 13 
Structure 809: 17 12 9 11 16 19 7 
	-> 7 9 11 12 
Structure 810: 44 15 10 6 18 1 2 3 13 7 
	-> 1 2 3 6 7 10 13 
Structure 811: 4 69 14 8 1 2 3 5 
	-> 1 2 3 4 5 8 14 
Structure 812: 4 12 9 11 5 
	-> 4 5 9 11 12 
Structure 813: 34 30 14 8 1 2 3 13 19 7 
	-> 1 2 3 7 8 13 14 
Structure 814: 17 55 14 8 1 2 3 13 42 38 
	-> 1 2 3 8 13 14 
Structure 815: 4 29 9 21 22 23 
	-> 4 9 
Structure 816: 4 14 8 1 2 3 5 20 
	-> 1 2 3 4 5 8 14 
Structure 817: 37 31 10 6 8 1 2 3 7 
	-> 1 2 3 6 7 8 10 
Structure 818: 4 14 8 1 2 3 5 
	-> 1 2 3 4 5 8 14 
Structure 819: 4 12 8 1 2 3 5 
	-> 1 2 3 4 5 8 12 
Structure 820: 4 14 8 1 2 3 5 
	-> 1 2 3 4 5 8 14 
Structure 821: 15 14 8 1 2 3 13 7 
	-> 1 2 3 7 8 13 14 
Structure 822: 26 12 8 1 2 3 13 7 
	-> 1 2 3 7 8 12 13 
Structure 823: 36 33 12 8 1 2 3 19 7 61 
	-> 1 2 3 7 8 12 
Structure 824: 4 6 1 2 3 5 
	-> 1 2 3 4 5 6 
Structure 825: 4 10 6 1 2 3 5 
	-> 1 2 3 4 5 6 10 
Structure 826: 15 14 9 11 13 19 7 
	-> 7 9 11 13 14 
Structure 827: 4 10 6 18 1 2 3 5 
	-> 1 2 3 4 5 6 10 
Structure 828: 15 12 8 1 2 3 16 7 
	-> 1 2 3 7 8 12 
Structure 829: 4 12 9 11 5 
	-> 4 5 9 11 12 
Structure 830: 4 12 9 11 5 
	-> 4 5 9 11 12 
Structure 831: 4 14 8 1 2 3 5 122 88 
	-> 1 2 3 4 5 8 14 
Structure 832: 4 10 6 1 2 3 5 
	-> 1 2 3 4 5 6 10 
Structure 833: 39 6 1 2 3 16 7 
	-> 1 2 3 6 7 
Structure 834: 4 14 8 1 2 3 5 
	-> 1 2 3 4 5 8 14 
Structure 835: 4 14 8 1 2 3 5 
	-> 1 2 3 4 5 8 14 
Structure 836: 4 14 8 1 2 3 5 
	-> 1 2 3 4 5 8 14 
Structure 837: 4 12 9 11 5 
	-> 4 5 9 11 12 
Structure 838: 17 43 57 12 9 11 13 7 
	-> 7 9 11 12 13 
Structure 839: 4 10 6 18 1 2 3 5 
	-> 1 2 3 4 5 6 10 
Structure 840: 4 12 8 1 2 3 5 
	-> 1 2 3 4 5 8 12 
Structure 841: 80 27 69 14 8 1 2 3 7 
	-> 1 2 3 7 8 14 
Structure 842: 6 9 11 13 19 7 
	-> 6 7 9 11 13 
Structure 843: 17 55 10 6 9 11 16 7 
	-> 6 7 9 10 11 
Structure 844: 4 14 8 1 2 3 5 
	-> 1 2 3 4 5 8 14 
Structure 845: 4 14 8 1 2 3 5 
	-> 1 2 3 4 5 8 14 
Structure 846: 24 49 10 6 8 1 2 3 16 7 
	-> 1 2 3 6 7 8 10 
Structure 847: 4 28 29 9 21 22 23 
	-> 4 9 
Structure 848: 4 12 1 2 3 5 
	-> 1 2 3 4 5 12 
Structure 849: 39 12 8 1 2 3 13 19 7 
	-> 1 2 3 7 8 12 13 
Structure 850: 15 14 8 1 2 3 13 7 
	-> 1 2 3 7 8 13 14 
Structure 851: 17 10 6 1 2 3 13 7 41 
	-> 1 2 3 6 7 10 13 
Structure 852: 48 15 12 8 1 47 3 16 7 
	-> 1 3 7 8 12 
Structure 853: 4 12 8 1 2 3 5 
	-> 1 2 3 4 5 8 12 
Structure 854: 4 6 8 1 2 3 5 
	-> 1 2 3 4 5 6 8 
Structure 855: 34 30 12 9 11 13 7 
	-> 7 9 11 12 13 
Structure 856: 15 6 18 1 2 3 13 19 7 
	-> 1 2 3 6 7 13 
Structure 857: 26 12 9 11 13 7 
	-> 7 9 11 12 13 
Structure 858: 4 10 6 1 2 3 5 
	-> 1 2 3 4 5 6 10 
Structure 859: 4 10 6 18 1 2 3 5 
	-> 1 2 3 4 5 6 10 
Structure 860: 15 6 1 2 3 16 7 
	-> 1 2 3 6 7 
Structure 861: 27 14 8 1 2 3 7 
	-> 1 2 3 7 8 14 
Structure 862: 4 6 9 11 5 123 
	-> 4 5 6 9 11 
Structure 863: 4 10 6 9 11 5 
	-> 4 5 6 9 10 11 
Structure 864: 26 31 10 6 18 1 2 3 7 
	-> 1 2 3 6 7 10 
Structure 865: 15 6 1 2 3 13 7 
	-> 1 2 3 6 7 13 
Structure 866: 4 10 6 9 11 5 
	-> 4 5 6 9 10 11 
Structure 867: 48 15 6 1 2 3 13 19 7 
	-> 1 2 3 6 7 13 
Structure 868: 4 14 9 11 5 
	-> 4 5 9 11 14 
Structure 869: 44 26 6 1 2 3 13 7 
	-> 1 2 3 6 7 13 
Structure 870: 4 14 8 1 2 3 5 
	-> 1 2 3 4 5 8 14 
Structure 871: 4 10 6 1 2 3 5 
	-> 1 2 3 4 5 6 10 
Structure 872: 4 14 8 1 2 3 5 
	-> 1 2 3 4 5 8 14 
Structure 873: 4 14 9 11 5 20 
	-> 4 5 9 11 14 
Structure 874: 4 12 9 11 5 
	-> 4 5 9 11 12 
Structure 875: 39 10 6 1 2 3 16 7 
	-> 1 2 3 6 7 10 
Structure 876: 15 10 6 1 2 13 7 
	-> 1 2 6 7 10 13 
Structure 877: 4 12 9 11 5 
	-> 4 5 9 11 12 
Structure 878: 17 43 12 9 11 13 7 
	-> 7 9 11 12 13 
Structure 879: 17 12 9 11 13 7 
	-> 7 9 11 12 13 
Structure 880: 4 12 9 11 5 
	-> 4 5 9 11 12 
Structure 881: 4 12 9 11 5 
	-> 4 5 9 11 12 
Structure 882: 4 6 9 11 5 
	-> 4 5 6 9 11 
Structure 883: 36 33 10 6 9 11 7 
	-> 6 7 9 10 11 
Structure 884: 33 10 6 1 2 3 40 35 
	-> 1 2 3 6 10 
Structure 885: 15 14 8 1 2 13 7 
	-> 1 2 7 8 13 14 
Structure 886: 4 12 8 1 2 3 5 
	-> 1 2 3 4 5 8 12 
Structure 887: 4 31 6 1 2 3 
	-> 1 2 3 4 6 
Structure 888: 4 10 6 8 1 2 3 5 
	-> 1 2 3 4 5 6 8 10 
Structure 889: 4 14 8 1 2 3 5 20 
	-> 1 2 3 4 5 8 14 
Structure 890: 4 10 6 18 1 2 3 5 66 67 
	-> 1 2 3 4 5 6 10 
Structure 891: 15 10 6 9 11 13 7 
	-> 6 7 9 10 11 13 
Structure 892: 4 6 9 11 5 
	-> 4 5 6 9 11 
Structure 893: 4 28 29 9 21 22 23 
	-> 4 9 
Structure 894: 4 12 8 1 2 3 5 
	-> 1 2 3 4 5 8 12 
Structure 895: 4 6 9 11 5 
	-> 4 5 6 9 11 
Structure 896: 17 43 12 9 11 16 19 7 
	-> 7 9 11 12 
Structure 897: 4 6 1 2 3 5 
	-> 1 2 3 4 5 6 
Structure 898: 44 26 6 18 1 2 3 13 7 
	-> 1 2 3 6 7 13 
Structure 899: 15 14 8 1 2 3 13 7 
	-> 1 2 3 7 8 13 14 
Structure 900: 27 14 8 1 2 3 7 
	-> 1 2 3 7 8 14 
Structure 901: 17 12 8 1 2 3 13 7 
	-> 1 2 3 7 8 12 13 
Structure 902: 4 28 29 9 21 22 23 
	-> 4 9 
Structure 903: 34 30 31 6 1 2 3 7 
	-> 1 2 3 6 7 
Structure 904: 70 31 6 18 1 2 3 35 
	-> 1 2 3 6 
Structure 905: 10 6 1 2 3 13 19 7 20 
	-> 1 2 3 6 7 10 13 
Structure 906: 4 6 18 1 2 3 5 
	-> 1 2 3 4 5 6 
Structure 907: 4 6 1 2 3 5 
	-> 1 2 3 4 5 6 
Structure 908: 24 15 10 6 8 1 2 3 16 7 
	-> 1 2 3 6 7 8 10 
Structure 909: 4 10 6 1 2 3 5 
	-> 1 2 3 4 5 6 10 
Structure 910: 17 14 8 1 2 3 13 7 
	-> 1 2 3 7 8 13 14 
Structure 911: 17 10 6 9 11 13 7 
	-> 6 7 9 10 11 13 
Structure 912: 4 10 6 18 1 2 3 5 
	-> 1 2 3 4 5 6 10 
Structure 913: 4 12 9 11 5 
	-> 4 5 9 11 12 
Structure 914: 15 6 1 2 3 16 45 7 
	-> 1 2 3 6 7 
Structure 915: 24 15 6 18 1 2 3 16 7 
	-> 1 2 3 6 7 
Structure 916: 15 10 6 1 2 3 13 7 
	-> 1 2 3 6 7 10 13 
Structure 917: 4 10 6 9 11 5 
	-> 4 5 6 9 10 11 
Structure 918: 4 14 9 11 5 
	-> 4 5 9 11 14 
Structure 919: 30 12 8 1 2 3 13 19 7 
	-> 1 2 3 7 8 12 13 
Structure 920: 17 10 6 9 11 13 19 7 
	-> 6 7 9 10 11 13 
Structure 921: 15 6 8 1 2 3 16 7 
	-> 1 2 3 6 7 8 
Structure 922: 4 10 6 18 1 2 3 5 
	-> 1 2 3 4 5 6 10 
Structure 923: 4 10 6 8 1 2 3 5 
	-> 1 2 3 4 5 6 8 10 
Structure 924: 4 10 6 1 2 5 20 
	-> 1 2 4 5 6 10 
Structure 925: 4 14 9 11 5 
	-> 4 5 9 11 14 
Structure 926: 4 14 9 11 5 
	-> 4 5 9 11 14 
Structure 927: 4 10 6 9 11 5 
	-> 4 5 6 9 10 11 
Structure 928: 15 14 8 1 2 3 13 19 7 
	-> 1 2 3 7 8 13 14 
Structure 929: 4 14 8 1 2 3 5 
	-> 1 2 3 4 5 8 14 
Structure 930: 4 14 8 1 2 3 5 
	-> 1 2 3 4 5 8 14 
Structure 931: 4 10 6 1 2 3 5 
	-> 1 2 3 4 5 6 10 
Structure 932: 4 12 8 1 2 3 5 
	-> 1 2 3 4 5 8 12 
Structure 933: 15 12 9 11 13 42 38 
	-> 9 11 12 13 
Structure 934: 4 14 8 1 2 3 5 
	-> 1 2 3 4 5 8 14 
Structure 935: 14 8 1 2 3 13 7 
	-> 1 2 3 7 8 13 14 
Structure 936: 26 10 6 18 1 2 3 13 7 41 
	-> 1 2 3 6 7 10 13 
Structure 937: 15 10 6 1 2 3 13 7 
	-> 1 2 3 6 7 10 13 
Structure 938: 4 6 8 1 2 3 5 
	-> 1 2 3 4 5 6 8 
Structure 939: 15 6 1 2 3 13 42 38 
	-> 1 2 3 6 13 
Structure 940: 15 14 8 1 2 3 13 19 7 
	-> 1 2 3 7 8 13 14 
Structure 941: 4 12 8 1 2 3 5 
	-> 1 2 3 4 5 8 12 
Structure 942: 4 10 6 1 2 3 5 
	-> 1 2 3 4 5 6 10 
Structure 943: 4 6 18 1 2 3 5 
	-> 1 2 3 4 5 6 
Structure 944: 27 14 8 1 2 3 7 
	-> 1 2 3 7 8 14 
Structure 945: 4 6 1 2 3 25 
	-> 1 2 3 4 6 
Structure 946: 4 10 6 124 1 2 3 5 
	-> 1 2 3 4 5 6 10 
Structure 947: 4 10 6 9 11 5 
	-> 4 5 6 9 10 11 
Structure 948: 4 10 6 8 1 2 3 5 20 
	-> 1 2 3 4 5 6 8 10 
Structure 949: 4 32 28 29 9 21 22 23 
	-> 4 9 
Structure 950: 4 10 6 1 2 3 5 20 
	-> 1 2 3 4 5 6 10 
Structure 951: 4 12 9 11 5 
	-> 4 5 9 11 12 
Structure 952: 24 12 9 11 13 19 7 
	-> 7 9 11 12 13 
Structure 953: 17 27 14 8 1 2 3 125 40 35 
	-> 1 2 3 8 14 
Structure 954: 4 6 1 47 3 5 
	-> 1 3 4 5 6 
Structure 955: 4 14 9 11 5 
	-> 4 5 9 11 14 
Structure 956: 17 43 57 6 18 1 2 3 16 7 
	-> 1 2 3 6 7 
Structure 957: 10 6 9 11 16 7 
	-> 6 7 9 10 11 
Structure 958: 4 10 6 1 2 3 5 
	-> 1 2 3 4 5 6 10 
Structure 959: 17 10 6 1 2 3 16 7 
	-> 1 2 3 6 7 10 
Structure 960: 4 12 8 1 2 3 5 
	-> 1 2 3 4 5 8 12 
Structure 961: 24 6 1 2 3 13 7 
	-> 1 2 3 6 7 13 
Structure 962: 4 10 6 8 1 2 3 5 
	-> 1 2 3 4 5 6 8 10 
Structure 963: 4 14 8 1 2 3 5 
	-> 1 2 3 4 5 8 14 
Structure 964: 26 14 8 1 2 3 16 7 
	-> 1 2 3 7 8 14 
Structure 965: 4 14 8 1 2 3 5 
	-> 1 2 3 4 5 8 14 
Structure 966: 24 12 6 1 2 3 13 19 7 
	-> 1 2 3 6 7 12 13 
Structure 967: 15 6 9 11 16 7 
	-> 6 7 9 11 
Structure 968: 37 31 6 1 2 3 7 
	-> 1 2 3 6 7 
Structure 969: 4 32 28 29 9 21 22 23 
	-> 4 9 
Structure 970: 15 12 9 11 16 7 
	-> 7 9 11 12 
Structure 971: 39 10 6 1 2 3 13 19 7 
	-> 1 2 3 6 7 10 13 
Structure 972: 4 10 6 8 1 2 3 5 
	-> 1 2 3 4 5 6 8 10 
Structure 973: 4 14 9 11 5 
	-> 4 5 9 11 14 
Structure 974: 4 6 1 2 3 5 
	-> 1 2 3 4 5 6 
Structure 975: 15 12 8 1 2 3 13 7 
	-> 1 2 3 7 8 12 13 
Structure 976: 10 6 9 11 13 7 
	-> 6 7 9 10 11 13 
Structure 977: 24 12 8 1 2 3 16 7 
	-> 1 2 3 7 8 12 
Structure 978: 4 12 9 11 5 
	-> 4 5 9 11 12 
Structure 979: 24 10 6 1 2 3 13 19 7 
	-> 1 2 3 6 7 10 13 
Structure 980: 39 31 6 1 2 42 38 
	-> 1 2 6 
Structure 981: 4 14 8 1 2 3 5 
	-> 1 2 3 4 5 8 14 
Structure 982: 4 14 8 1 2 3 5 
	-> 1 2 3 4 5 8 14 
Structure 983: 4 10 6 1 2 3 5 20 
	-> 1 2 3 4 5 6 10 
Structure 984: 4 14 8 1 2 3 5 
	-> 1 2 3 4 5 8 14 
Structure 985: 4 10 6 1 2 3 5 
	-> 1 2 3 4 5 6 10 
Structure 986: 15 14 1 2 3 13 7 
	-> 1 2 3 7 13 14 
Structure 987: 17 12 9 11 13 7 
	-> 7 9 11 12 13 
Structure 988: 17 10 6 9 11 13 19 7 
	-> 6 7 9 10 11 13 
Structure 989: 4 6 1 2 3 5 
	-> 1 2 3 4 5 6 
Structure 990: 17 27 12 8 1 2 3 19 7 
	-> 1 2 3 7 8 12 
Structure 991: 4 6 1 2 3 5 
	-> 1 2 3 4 5 6 
Structure 992: 4 12 8 1 2 3 5 
	-> 1 2 3 4 5 8 12 
Structure 993: 4 10 6 1 2 3 5 20 
	-> 1 2 3 4 5 6 10 
Structure 994: 4 6 1 2 3 5 
	-> 1 2 3 4 5 6 
Structure 995: 4 14 8 1 2 3 5 
	-> 1 2 3 4 5 8 14 
Structure 996: 4 14 9 11 5 
	-> 4 5 9 11 14 
Structure 997: 4 10 6 1 2 3 5 20 
	-> 1 2 3 4 5 6 10 
Structure 998: 4 12 9 11 5 
	-> 4 5 9 11 12 
Structure 999: 15 12 8 1 2 3 13 7 
	-> 1 2 3 7 8 12 13 
Structure 1000: 17 6 9 11 13 19 7 61 
	-> 1 2 3 7 8 12 13  