Processing: /home/hwilco/Documents/RNA Research/RNAStructProfiling-master/output/development/L.innocua.1_sfold/input/L.innocua.1_sfold.out
Structure 1: 6 B A 3 1 5 2
Structure 2: 6 A 3 1 5 2
Structure 3: 6 A 3 1 2
Structure 4: 6 12 C 1 9 2
Structure 5: 6 A 3 1 5 2
Structure 6: 6 A 13 C 1 10 9 2
Structure 7: 8 B 12 3 1 36 2
Structure 8: 6 A C 1 5 2
Structure 9: 8 B A 13 C 1 5 2
Structure 10: 6 A 3 1 9 2
Structure 11: 6 A 3 1 5 2
Structure 12: 8 B A 3 1 9 2
Structure 13: 8 B 19 3 1 9 2
Structure 14: 8 B A 3 1 30 5 2
Structure 15: 8 B A C 1 5 2
Structure 16: 6 A 3 1 5 2
Structure 17: 6 A 3 1 10 9 2
Structure 18: 6 A 3 1 5 2
Structure 19: 6 A C 1 9 2
Structure 20: 6 A 3 1 5 2
Structure 21: 8 B A 13 C 1 10 9 2
Structure 22: 6 A 3 1 20 9 2
Structure 23: 6 A 3 1 9 2
Structure 24: 6 A 3 1 5 2
Structure 25: 6 A C 1 5 2
Structure 26: 6 A 3 1 5 2
Structure 27: 6 A 3 1 10 9 2
Structure 28: 6 A 3 1 10 5 2
Structure 29: 8 B A 3 1 9 2
Structure 30: 8 B A C 1 10 5 2
Structure 31: 6 A 3 1 5 2
Structure 32: 31 A C 1 2 37
Structure 33: 6 A 3 1 5 2
Structure 34: 6 A C 1 5 2
Structure 35: 6 A 3 1 5 2
Structure 36: 6 A 3 1 9 2
Structure 37: 6 A 3 1 5 2
Structure 38: 6 A 3 1 9 2
Structure 39: B A 3 1 10 5 2
Structure 40: 8 B A 13 C 1 9 2
Structure 41: 6 A 3 1 5 2
Structure 42: 8 B 12 3 1 9 2
Structure 43: 8 B A C 1 9 2
Structure 44: 8 B A 3 1 9 2
Structure 45: 6 A 3 1 10 9 2
Structure 46: 6 A 3 1 5 2
Structure 47: 8 B 12 3 1 9 2
Structure 48: 6 A C 1 5 2
Structure 49: 6 A 3 1 9 2
Structure 50: B 3 1 38 39 2
Structure 51: 8 B A C 1 10 9 2
Structure 52: 6 A C 1 10 9 2
Structure 53: 8 B 19 3 1 5 2
Structure 54: 6 A 3 1 2
Structure 55: 8 B A C 1 28 9 2
Structure 56: 6 A C 1 2
Structure 57: 6 A 3 17 1 5 2
Structure 58: 6 A 3 1 10 5 2
Structure 59: 8 B A 40 C 1 9 2
Structure 60: 8 B A 13 C 1 5 2
Structure 61: 8 B A 3 1 5 2
Structure 62: 8 B A 3 1 5 2
Structure 63: 6 A 3 1 5 2
Structure 64: 6 32 A 3 1 10 5 2
Structure 65: 6 A 3 1 5 2
Structure 66: 6 A C 1 5 2
Structure 67: 8 B 12 3 1 5 2
Structure 68: 6 A 3 1 5 2
Structure 69: 6 A 3 1 10 5 23
Structure 70: 6 A 3 1 5 2
Structure 71: 6 A 3 1 9 2
Structure 72: 6 A 3 1 10 9 2
Structure 73: 8 B A C 1 9 2
Structure 74: 8 B A 3 1 10 5 2
Structure 75: 8 B A 13 C 1 5 2
Structure 76: 6 A 3 1 9 2
Structure 77: 6 A 3 1 5 2
Structure 78: 8 B A C 1 5 2
Structure 79: 6 A 3 1 5 2
Structure 80: 8 B 12 3 1 5 2
Structure 81: 8 B A C 1 10 5 2
Structure 82: 6 A 3 1 5 2
Structure 83: 6 A C 1 20 9 2
Structure 84: 6 A 3 1 10 9 2
Structure 85: 8 B 12 3 1 10 5 2
Structure 86: 8 B A 3 1 2
Structure 87: 6 A 3 1 9 2
Structure 88: 8 B A 13 C 1 10 9 2
Structure 89: 8 B 12 3 1 10 5 2
Structure 90: 6 A 3 1 9 2
Structure 91: 6 B A 13 C 1 5 2
Structure 92: 6 A 3 1 5 2
Structure 93: 6 A 3 1 10 5 2
Structure 94: 6 A 3 1 5 2
Structure 95: 8 B 12 3 1 5 2
Structure 96: 6 A 3 1 5 2
Structure 97: 6 A C 1 2
Structure 98: 8 B A 3 1 26 5 2
Structure 99: 6 A 3 1 5 2
Structure 100: 6 A 3 1 5 2
Structure 101: 6 31 A 12 3 1 2
Structure 102: 6 A 3 1 5 2
Structure 103: 6 A 3 1 10 5 2
Structure 104: 8 B A C 1 10 9 2
Structure 105: 6 A 3 1 10 5 2
Structure 106: 6 A 3 1 5 2
Structure 107: 18 8 B A 3 1 5 2
Structure 108: 6 A 3 1 9 2
Structure 109: 8 B 19 3 1 5 2
Structure 110: 8 B A 3 1 9 2
Structure 111: 6 A 3 1 9 2
Structure 112: 6 A 3 1 2
Structure 113: 6 A 3 1 5 2
Structure 114: 6 A 3 1 5 2
Structure 115: 6 A 3 1 10 5 2
Structure 116: 6 A 3 17 1 5 2
Structure 117: 8 B A 13 C 1 9 2
Structure 118: 6 A C 1 5 2
Structure 119: 6 A 3 1 9 2
Structure 120: 6 A 3 1 5 2
Structure 121: 6 A 3 1 9 2
Structure 122: 8 B A 13 C 1 9 2
Structure 123: 6 A 3 17 1 9 2
Structure 124: 6 A 3 1 5 2
Structure 125: 8 B 12 3 1 5 2
Structure 126: 6 22 A 3 1 5 2
Structure 127: 6 A 3 1 5 2
Structure 128: 6 A 3 1 5 2
Structure 129: 8 B A 3 1 5 2
Structure 130: 6 A 3 1 10 5 2
Structure 131: 6 A 3 1 5 2
Structure 132: 6 A 3 1 10 5 2
Structure 133: 6 A 3 1 5 2
Structure 134: 8 B A 3 1 5 2
Structure 135: 8 B A 3 1 9 2
Structure 136: 8 B 19 3 1 5 2
Structure 137: 6 22 A 3 41 1 5 2
Structure 138: 6 A 3 1 5 2
Structure 139: 8 B A C 1 5 2
Structure 140: 6 A 13 C 1 5 2
Structure 141: 8 B A 3 1 10 9 2
Structure 142: 6 A 3 1 5 2
Structure 143: 6 A 3 1 10 5 2
Structure 144: 6 A 3 1 9 2
Structure 145: 8 B 12 3 1 9 2
Structure 146: 8 B A C 1 5 2
Structure 147: 8 B 12 3 1 5 2
Structure 148: 6 A 3 1 5 2
Structure 149: 6 A C 1 10 5 2
Structure 150: 8 B A 3 1 5 2
Structure 151: 8 B A 3 1 5 2
Structure 152: 6 A C 1 28 5 2
Structure 153: 8 B A C 1 5 2
Structure 154: 8 B 12 3 1 10 5 2
Structure 155: 18 8 B 12 3 1 5 2
Structure 156: 8 B A 13 C 1 5 2
Structure 157: 6 A 3 1 10 9 2
Structure 158: 8 B 12 3 1 5 2
Structure 159: 8 B 12 3 1 5 23
Structure 160: 6 B A 3 1 5 2
Structure 161: 6 A 3 1 5 2
Structure 162: 6 A 3 1 5 2
Structure 163: 6 A 3 1 5 2
Structure 164: 6 A 3 1 10 5 2
Structure 165: 6 A 3 1 9 2
Structure 166: 8 B 19 3 1 5 2
Structure 167: 8 B A 3 1 5 2
Structure 168: 6 A 3 1 20 9 2
Structure 169: 8 B A 13 C 1 2
Structure 170: 6 A 3 1 9 2
Structure 171: 8 B 12 3 1 10 5 2
Structure 172: 6 A C 24 1 10 5 2
Structure 173: 8 B A 3 1 9 2
Structure 174: 8 B A 3 1 5 2
Structure 175: 6 A C 1 9 2
Structure 176: 6 A 3 1 10 5 2
Structure 177: 8 B A 13 C 1 9 2
Structure 178: 6 A C 1 10 2
Structure 179: 6 A 3 17 1 9 2
Structure 180: 8 B A 3 29 1 10 5 2
Structure 181: 8 B A 3 1 10 5 2
Structure 182: 6 A 3 1 5 2
Structure 183: 18 8 B A C 1 5 2
Structure 184: 8 B A 13 C 1 5 2
Structure 185: 6 A 3 1 9 2
Structure 186: 8 B A 3 1 10 5 2
Structure 187: 6 A 3 1 9 2
Structure 188: 6 A C 1 5 2
Structure 189: 6 22 A 3 1 2
Structure 190: 6 A 3 1 9 23
Structure 191: 6 A 3 1 5 2
Structure 192: 6 A 3 1 5 2
Structure 193: 6 A 3 1 9 2
Structure 194: 6 A 3 1 10 5 2
Structure 195: 8 B A 3 1 5 2
Structure 196: 6 A 3 1 9 2
Structure 197: 6 A 3 1 10 5 2
Structure 198: B A 3 1 5 2
Structure 199: 6 A 3 1 5 2
Structure 200: 8 B 12 3 1 5 2
Structure 201: 6 A 3 1 10 5 2
Structure 202: 6 A 3 1 9 2
Structure 203: 8 B A C 1 28 5 2
Structure 204: 6 A 3 1 5 2
Structure 205: 8 B A C 1 10 5 2
Structure 206: 6 B A 3 1 5 2
Structure 207: 6 A 3 1 5 2
Structure 208: 8 B A 3 1 9 2
Structure 209: 6 A 3 1 9 2
Structure 210: 6 A 3 1 5 2
Structure 211: 6 A 3 1 9 2
Structure 212: 6 A 3 1 5 2
Structure 213: 8 B A C 1 2
Structure 214: 6 A 3 1 10 9 2
Structure 215: B A 3 1 10 9 2
Structure 216: 6 A 3 1 10 5 2
Structure 217: 6 B A C 1 5 2
Structure 218: B A 3 1 5 2
Structure 219: 8 B 12 3 1 10 5 2
Structure 220: 8 B A C 1 10 5 2
Structure 221: 6 A 3 24 1 10 5 2
Structure 222: 6 A C 1 5 2
Structure 223: 8 B A 3 1 5 2
Structure 224: 6 27 19 3 1 5 2
Structure 225: 6 A 3 1 5 2
Structure 226: 8 B 12 3 1 9 2
Structure 227: 6 A C 1 2
Structure 228: B A 13 C 1 5 2
Structure 229: 6 A 3 17 1 10 9 2
Structure 230: 6 A 3 1 5 2
Structure 231: 8 B A C 1 5 2
Structure 232: 8 B A C 1 5 2
Structure 233: 6 A 3 1 10 5 2
Structure 234: 8 B 12 3 1 10 5 2
Structure 235: 8 B A C 1 5 2
Structure 236: 6 A 3 1 10 5 2
Structure 237: 6 A C 1 9 2
Structure 238: 8 B A C 1 5 2
Structure 239: 8 B 12 3 1 5 2
Structure 240: 6 A 3 1 10 5 2
Structure 241: 6 A 3 1 9 2
Structure 242: 6 A 13 C 1 9 2
Structure 243: 8 B A 3 1 5 2
Structure 244: 6 A 3 1 9 2
Structure 245: 8 B A 3 1 25 5 2
Structure 246: 6 A 13 C 1 10 5 2
Structure 247: 6 22 A 3 1 10 5 2
Structure 248: 8 B A 3 24 1 26 5 2
Structure 249: 6 A 13 C 1 5 2
Structure 250: 6 A 3 1 5 2
Structure 251: 6 A 13 C 1 5 2
Structure 252: 8 B A C 1 5 2
Structure 253: 8 B 12 3 1 9 2
Structure 254: 8 B A 13 C 1 9 2
Structure 255: 6 A 3 1 10 5 2
Structure 256: 6 A 13 C 1 5 2
Structure 257: 8 B A C 1 9 2
Structure 258: 8 B A 13 C 1 9 2
Structure 259: 6 A 3 1 10 5 2
Structure 260: 6 A 3 1 5 2
Structure 261: 8 B 19 3 1 9 2
Structure 262: 6 A 3 1 5 2
Structure 263: 8 B A 3 1 5 2
Structure 264: 8 B A 13 C 1 5 2
Structure 265: 8 B 12 3 1 9 2
Structure 266: 6 A 3 1 5 2
Structure 267: 8 B A 13 C 1 10 5 2
Structure 268: 6 A 3 1 9 2
Structure 269: 6 A 3 1 5 2
Structure 270: 6 A 3 1 20 2
Structure 271: 8 B 12 3 1 10 5 2
Structure 272: 8 B A 3 1 5 2
Structure 273: 6 A 3 1 9 2
Structure 274: 6 A 3 1 2
Structure 275: 6 A 3 1 9 2
Structure 276: 8 B 12 3 1 9 2
Structure 277: 6 A 3 1 5 2
Structure 278: 6 A 3 1 5 2
Structure 279: 6 A 3 1 9 2
Structure 280: 8 B 12 3 1 5 2
Structure 281: 6 A 3 1 5 2
Structure 282: 8 B A 3 1 2
Structure 283: 6 A 3 1 5 2
Structure 284: 6 A C 1 9 2
Structure 285: 8 B 12 3 1 9 2
Structure 286: 6 A 3 1 5 2
Structure 287: 8 B A 13 C 1 5 2
Structure 288: 6 A 3 1 9 2
Structure 289: 8 B A 3 1 5 2
Structure 290: 18 8 B A 13 C 1 5 2
Structure 291: 6 A 3 1 5 2
Structure 292: 6 A 3 1 10 5 2
Structure 293: 8 B A 3 1 5 2
Structure 294: 6 A 3 1 9 2
Structure 295: 18 8 B 12 3 1 5 2
Structure 296: 8 B A 3 1 5 2
Structure 297: 6 A 3 24 1 20 9 2
Structure 298: 8 B A C 1 10 5 2
Structure 299: 6 A C 1 5 2
Structure 300: 8 B A 13 C 1 5 2
Structure 301: 8 B A 3 1 5 2
Structure 302: 8 B A 3 1 5 2
Structure 303: 6 A 13 C 1 5 2
Structure 304: 8 B 12 3 1 5 2
Structure 305: 6 A 3 1 10 9 2
Structure 306: B A C 1 5 2
Structure 307: 8 B A 13 C 1 9 5 2
Structure 308: 6 A 13 C 1 10 5 2
Structure 309: 6 A 3 1 10 9 2
Structure 310: 18 8 B A C 1 5 2
Structure 311: 6 19 3 1 9 2
Structure 312: 6 27 19 3 1 5 2
Structure 313: 8 B A 13 C 1 5 2
Structure 314: 8 B A 3 1 10 5 2
Structure 315: 6 A 3 1 5 2
Structure 316: 6 A 3 1 9 2
Structure 317: 6 A 3 1 10 5 2
Structure 318: 6 A 3 1 5 2
Structure 319: B 12 3 1 10 2 42
Structure 320: 6 A 3 1 2
Structure 321: 6 A 3 1 9 2
Structure 322: 8 B A C 1 5 2
Structure 323: 6 A 3 1 5 2
Structure 324: 6 A 3 1 10 9 2
Structure 325: 6 A 3 1 5 2
Structure 326: 8 B A C 1 10 43 2
Structure 327: 8 B A 13 C 1 5 2
Structure 328: 6 A 3 1 9 44 23
Structure 329: B A C 1 10 9 2
Structure 330: 6 A 3 45 1 5 2
Structure 331: 6 A 3 1 5 2
Structure 332: 6 B A 3 1 9 2
Structure 333: 8 B A 3 1 5 2
Structure 334: 8 B A 13 C 1 5 2
Structure 335: 6 A 3 1 2
Structure 336: 6 A 3 1 5 2
Structure 337: 6 A 3 1 2
Structure 338: 6 A 3 1 10 5 2
Structure 339: 8 B A 3 1 9 2
Structure 340: 18 8 B A 3 1 20 5 2
Structure 341: 8 B 12 3 1 10 9 2
Structure 342: 6 A 3 1 9 2
Structure 343: 6 A 3 1 9 2
Structure 344: 18 B A 3 1 2
Structure 345: 6 A 3 1 5 2
Structure 346: 8 B A 3 1 5 2
Structure 347: 6 A 3 1 5 2
Structure 348: 6 A 3 1 2
Structure 349: 8 B A 13 C 1 5 2
Structure 350: 6 A 3 1 5 2
Structure 351: 6 A 3 1 5 2
Structure 352: 6 A 3 1 9 2
Structure 353: 8 B A 3 1 5 2
Structure 354: 6 A 3 1 9 2
Structure 355: 8 B A 13 C 1 5 2
Structure 356: 8 B A 3 1 9 2
Structure 357: 8 B A C 1 2
Structure 358: 6 A 3 1 5 2
Structure 359: 8 B A 13 C 1 5 2
Structure 360: 6 12 3 1 5 2
Structure 361: 8 B A C 1 10 9 2
Structure 362: 6 A 3 1 10 9 2
Structure 363: 8 B 12 3 1 5 2
Structure 364: 8 B A 3 1 5 2
Structure 365: 6 A 13 C 1 5 2
Structure 366: 6 A 3 17 1 5 2
Structure 367: 6 A C 1 10 9 2
Structure 368: 6 A 3 1 10 5 2
Structure 369: 8 B 12 3 1 9 5 2
Structure 370: 8 B A 3 1 10 5 2
Structure 371: 6 A 3 1 5 2
Structure 372: 6 A 3 1 5 2
Structure 373: 6 B A 3 1 10 5 2
Structure 374: B A 3 1 10 5 2
Structure 375: 8 B A 13 C 1 9 2
Structure 376: 6 A 3 1 9 2
Structure 377: 8 B 12 3 1 5 2
Structure 378: 6 A 3 1 5 2
Structure 379: 8 B A 13 C 1 9 2
Structure 380: 6 A 3 1 5 2
Structure 381: 6 A 3 1 30 9 23
Structure 382: B A 3 1 2
Structure 383: 6 A C 1 10 5 2
Structure 384: 6 A 13 C 1 9 2 46
Structure 385: 6 A 3 1 5 2
Structure 386: 8 B 19 3 1 25 5 2
Structure 387: 6 A 3 1 2
Structure 388: 6 12 3 1 9 2
Structure 389: 6 A 12 C 1 5 2
Structure 390: 18 8 B A 3 1 10 25 5 2
Structure 391: 6 A 3 1 20 5 2
Structure 392: 8 B A 13 C 1 9 2
Structure 393: 6 A 3 1 5 2
Structure 394: 6 A 3 1 5 2
Structure 395: 8 B A 3 1 10 5 2
Structure 396: 6 A 3 1 5 2
Structure 397: 6 A 3 1 10 9 2
Structure 398: 18 8 B 12 3 17 1 5 2
Structure 399: 6 A 3 1 9 2
Structure 400: 6 A 3 1 5 2
Structure 401: 6 A 3 1 5 2
Structure 402: 8 B 12 C 1 5 2
Structure 403: 6 A 3 1 9 2
Structure 404: 6 A C 1 2
Structure 405: 8 B A 3 17 1 9 2
Structure 406: 6 12 3 1 5 2
Structure 407: 6 A C 1 5 2
Structure 408: 6 A 3 1 10 5 2
Structure 409: 8 B A 3 1 9 2
Structure 410: 8 B A 3 1 9 2
Structure 411: 6 A 3 1 9 2
Structure 412: 8 B A 13 C 1 5 2
Structure 413: 6 A 13 C 1 5 2
Structure 414: 6 A 3 1 5 2
Structure 415: 6 A 3 1 10 5 2
Structure 416: 8 B 19 3 1 5 2
Structure 417: 8 B 12 3 1 9 2
Structure 418: 8 B A 13 C 1 5 2
Structure 419: 8 B A C 1 2
Structure 420: 6 A 33 1 5 2
Structure 421: 8 B A 3 1 9 2
Structure 422: 18 8 B A 3 1 20 5 2
Structure 423: 6 A 3 1 10 5 2
Structure 424: 6 A 3 1 9 2
Structure 425: 6 A C 1 5 2
Structure 426: 6 A 3 1 9 2
Structure 427: 6 A 3 1 10 9 2
Structure 428: 8 B A C 1 5 2
Structure 429: 8 B A 13 C 1 5 2
Structure 430: 8 B 12 3 1 2
Structure 431: 8 B A C 1 10 9 2
Structure 432: 8 B A 13 C 1 9 2
Structure 433: 8 B A 3 1 5 2
Structure 434: 6 A 3 1 5 2
Structure 435: 6 A 3 1 9 2
Structure 436: 6 A 3 1 9 2
Structure 437: 6 B A 3 1 5 2
Structure 438: 8 B 12 3 1 5 2
Structure 439: 6 A 3 1 10 5 2
Structure 440: 8 B A 13 C 1 10 5 2
Structure 441: 8 B A 3 1 5 2
Structure 442: 6 A 3 1 9 2
Structure 443: 6 A 3 1 5 2
Structure 444: 6 A 3 1 5 2
Structure 445: 6 A C 1 9 2
Structure 446: 6 12 3 1 20 5 2
Structure 447: 6 A 3 1 5 2
Structure 448: 18 8 B A C 1 10 5 2
Structure 449: 8 B A C 1 10 5 2
Structure 450: 6 A 3 1 5 2
Structure 451: 6 A 3 1 5 2
Structure 452: 8 B A 3 1 9 2
Structure 453: 6 A 13 C 1 5 2
Structure 454: 8 B 12 3 1 10 5 2
Structure 455: 6 A C 1 10 9 2
Structure 456: 8 B A 3 1 25 5 2
Structure 457: 6 A 3 1 5 2
Structure 458: 8 B A 3 1 5 2
Structure 459: 6 A C 1 5 2
Structure 460: 6 A 3 1 10 9 2
Structure 461: 34 8 B A 3 1 5 2
Structure 462: 6 A 3 1 5 2
Structure 463: 6 27 19 3 1 9 2
Structure 464: 6 22 A 3 1 10 5 2
Structure 465: 8 B A 3 1 5 2
Structure 466: 8 B 19 3 1 20 5 2
Structure 467: 6 A 3 1 10 5 2
Structure 468: 8 B A C 1 10 5 2
Structure 469: 6 A 3 1 5 2
Structure 470: 6 A 12 3 1 5 2
Structure 471: 6 A 13 C 1 10 5 2
Structure 472: 6 A 3 1 5 2
Structure 473: 6 A 3 1 10 9 2
Structure 474: B A 3 1 5 2
Structure 475: 6 A 3 1 10 5 2
Structure 476: 6 B A 3 1 5 2
Structure 477: 6 A 3 1 5 2
Structure 478: 8 B A C 1 9 2
Structure 479: 6 A 3 1 5 2
Structure 480: 8 B A 3 1 9 2
Structure 481: 8 B A 13 C 1 10 5 2
Structure 482: 6 A 3 1 5 2
Structure 483: 6 A 3 1 5 2
Structure 484: 6 A 3 1 5 2
Structure 485: 6 A C 1 5 2
Structure 486: 8 B A 13 C 1 5 2
Structure 487: 6 A 3 1 9 2
Structure 488: 6 A 3 1 9 2
Structure 489: 8 B A 3 1 5 2
Structure 490: 6 A 3 1 10 9 2
Structure 491: 6 A 3 1 10 5 2
Structure 492: 8 B A 3 1 5 2
Structure 493: 6 A 3 1 5 2
Structure 494: 6 A 3 1 9 2
Structure 495: 6 A 1 5 2
Structure 496: 8 B A C 1 10 5 2
Structure 497: 6 A 3 1 10 5 2
Structure 498: 6 B A 3 1 20 9 2
Structure 499: 6 A 3 1 5 2
Structure 500: 8 B A C 1 10 5 2
Structure 501: 6 A 3 1 5 2
Structure 502: 6 A 3 1 10 5 2
Structure 503: 6 A 3 1 5 2
Structure 504: 6 A 3 1 5 2
Structure 505: 6 A 13 C 1 5 2
Structure 506: 6 A 3 1 5 2
Structure 507: 6 A 3 1 5 2
Structure 508: 6 A 3 1 2
Structure 509: 6 A 3 1 5 2
Structure 510: 6 A 3 1 5 2
Structure 511: 6 A 3 1 5 2
Structure 512: 6 A 3 1 5 2
Structure 513: 6 A 3 1 10 5 2
Structure 514: 8 B A C 1 5 2
Structure 515: 6 A 3 1 9 2
Structure 516: 6 A 3 1 5 2
Structure 517: 6 A 3 1 10 5 2
Structure 518: 6 31 A 3 1 2
Structure 519: 6 A 3 1 5 2
Structure 520: 6 A 33 C 17 1 10 5 2
Structure 521: 6 27 12 3 1 10 2
Structure 522: 6 A 3 24 1 5 2
Structure 523: 8 B 12 C 1 5 2
Structure 524: 6 A 3 1 9 2
Structure 525: 8 B A 13 C 1 10 5 2 47
Structure 526: 8 B A 3 1 2
Structure 527: 8 B 12 3 1 9 2
Structure 528: 8 B 12 3 1 5 2
Structure 529: 8 B 19 3 1 10 5 2
Structure 530: 8 B 12 3 1 9 2
Structure 531: 8 B 12 3 1 26 5 2
Structure 532: 6 A 3 1 9 2
Structure 533: 6 A 3 1 10 5 2
Structure 534: 8 B 12 C 29 1 5 2
Structure 535: 8 B A C 17 1 5 2
Structure 536: B A C 1 10 5 2
Structure 537: 6 A 3 1 5 2
Structure 538: 6 A 3 1 5 2
Structure 539: 8 B A 13 C 1 10 5 2
Structure 540: 6 A 3 1 5 2
Structure 541: 6 A 3 1 5 2
Structure 542: 6 A 3 1 5 2
Structure 543: 8 B A 3 1 5 2
Structure 544: 8 B A 3 1 5 2
Structure 545: 6 A 3 1 9 2
Structure 546: 6 B A 3 1 9 2
Structure 547: 8 B 12 3 1 5 2
Structure 548: 6 A 3 1 10 5 2
Structure 549: 6 A 3 29 1 10 2
Structure 550: 6 A 3 1 10 9 2
Structure 551: 6 A 3 1 9 2
Structure 552: 8 B A 3 1 5 2
Structure 553: 6 A 3 1 5 2
Structure 554: 8 B A C 1 5 2
Structure 555: 6 A 3 1 10 5 2
Structure 556: 8 B 19 3 1 5 2
Structure 557: 6 A 3 17 1 5 2
Structure 558: 6 A C 1 5 2
Structure 559: 8 B A C 1 30 2
Structure 560: 6 A 3 1 5 2
Structure 561: 6 A 3 1 9 2
Structure 562: 6 A 3 17 1 2
Structure 563: 6 A 3 1 10 2
Structure 564: 6 A 3 1 5 2
Structure 565: 6 A 3 1 5 2
Structure 566: 6 22 A 3 1 9 2
Structure 567: 8 B A 13 C 1 5 2
Structure 568: 6 22 A 3 1 5 2
Structure 569: 6 A 3 1 5 2
Structure 570: 6 22 A 3 1 5 2
Structure 571: 6 A 3 1 5 2
Structure 572: 8 B 12 3 1 5 2
Structure 573: 6 A 3 24 1 5 2
Structure 574: 6 A 3 1 9 2
Structure 575: 6 A 3 1 9 2
Structure 576: 6 48 A 3 1 2
Structure 577: 6 A 3 1 5 2
Structure 578: 6 A 3 1 10 5 2
Structure 579: 8 B A 3 1 20 5 2
Structure 580: 6 A 3 1 5 2
Structure 581: 6 A 3 1 5 2
Structure 582: 6 A C 1 5 2
Structure 583: 8 B 12 3 1 5 2
Structure 584: 6 A 3 1 10 5 2
Structure 585: 6 A C 1 5 2
Structure 586: 6 A 3 1 10 5 2
Structure 587: 6 A 3 1 9 2
Structure 588: 8 B A 3 1 5 2
Structure 589: 8 B A 3 1 9 2
Structure 590: 6 A 3 1 10 5 2
Structure 591: 6 A 3 1 20 5 2
Structure 592: 6 A 3 1 5 2
Structure 593: 6 22 A 3 1 10 5 2
Structure 594: 6 A 3 1 2
Structure 595: 6 A 3 1 9 2
Structure 596: 8 B 12 3 1 10 5 2
Structure 597: 6 A 3 1 5 2
Structure 598: 8 B 12 3 1 10 5 2
Structure 599: 6 A 3 1 5 2
Structure 600: 6 A 3 1 9 2
Structure 601: 6 A 3 1 5 2
Structure 602: 6 A 3 1 2
Structure 603: 18 8 B A C 1 5 2
Structure 604: 8 B A 3 1 5 2
Structure 605: 8 B 12 3 1 5 2
Structure 606: 8 B A C 1 9 2
Structure 607: 6 A 3 1 5 2
Structure 608: 6 A 33 1 9 2
Structure 609: 6 A 3 1 5 2
Structure 610: 6 A 3 1 5 2
Structure 611: 8 B A 3 1 10 5 23
Structure 612: 6 A 3 1 5 2
Structure 613: 8 B A 3 17 1 5 2
Structure 614: 18 8 B A 3 1 5 2
Structure 615: 6 22 A 13 C 1 5 2
Structure 616: 8 B 19 3 1 5 2
Structure 617: 6 A 3 1 10 9 2
Structure 618: 8 B A 3 1 25 5 2
Structure 619: 8 B A 13 C 1 5 2
Structure 620: 6 B A C 1 5 2
Structure 621: 8 B A C 1 10 5 2
Structure 622: 6 A 3 1 5 2
Structure 623: 6 A 13 C 1 5 2
Structure 624: 8 B 12 3 1 5 2
Structure 625: 6 A 3 1 5 2
Structure 626: 6 A 3 1 5 2
Structure 627: 8 B A 3 1 5 2
Structure 628: 6 A 3 1 5 2
Structure 629: 6 22 A C 1 5 2
Structure 630: 8 B A 3 1 5 2
Structure 631: 8 B A 13 C 1 5 2
Structure 632: 6 A 3 1 5 2
Structure 633: 8 B A 13 C 1 10 5 2
Structure 634: 6 A 3 1 10 9 2
Structure 635: 6 A 3 1 5 2
Structure 636: 6 A 3 1 10 9 2
Structure 637: 6 A 3 1 10 5 2
Structure 638: B 12 3 1 10 9 2
Structure 639: 6 A 3 1 5 2
Structure 640: 8 B A 3 17 1 5 2
Structure 641: 8 B 12 3 1 2
Structure 642: 6 A 3 1 5 2
Structure 643: 8 B 12 3 1 5 2
Structure 644: 18 B A C 1 9 2
Structure 645: 6 A 3 1 5 2
Structure 646: 6 A 3 1 5 2
Structure 647: 8 B A 13 C 1 5 2
Structure 648: 8 B A 3 1 5 2
Structure 649: 8 B A 3 24 1 5 2
Structure 650: 8 B A 3 1 5 2
Structure 651: 6 A 3 1 5 2
Structure 652: 6 A 3 1 5 2
Structure 653: 6 A 3 1 5 2
Structure 654: 6 22 A 3 1 9 2
Structure 655: 6 A 3 1 5 2
Structure 656: 8 B A 3 1 9 2
Structure 657: 8 B 12 3 1 5 2
Structure 658: 6 A 3 1 5 2
Structure 659: 6 A 3 1 5 2
Structure 660: 6 A 3 1 10 5 2
Structure 661: 8 B A C 1 9 2
Structure 662: 6 A 3 1 10 5 2
Structure 663: 6 A C 1 26 9 2
Structure 664: 6 A 3 1 5 2
Structure 665: 8 B A C 1 9 2
Structure 666: 6 A 3 1 9 2
Structure 667: 6 A 3 1 10 5 2
Structure 668: 6 A 3 1 10 5 2
Structure 669: 6 A 3 1 5 2
Structure 670: 6 A 13 C 1 9 2
Structure 671: 8 B A C 1 10 5 2
Structure 672: 6 A 3 1 10 5 2
Structure 673: 8 B 12 C 1 10 5 2
Structure 674: 6 A 3 1 2
Structure 675: 6 A 3 1 5 2
Structure 676: 6 A 3 1 9 2
Structure 677: 6 A 3 29 1 5 2
Structure 678: 8 B A C 1 10 5 2
Structure 679: 6 A 3 1 9 23
Structure 680: 6 A 3 1 5 2
Structure 681: 6 A 3 1 5 2
Structure 682: 6 A 3 1 10 5 2
Structure 683: 6 A 3 1 9 2
Structure 684: 6 A 3 1 10 9 2
Structure 685: 8 B 12 3 17 1 10 5 2
Structure 686: 6 A 3 1 9 2
Structure 687: 6 A 3 1 10 9 2
Structure 688: 6 A C 1 10 5 2
Structure 689: 6 A 3 1 9 2
Structure 690: 6 A 3 1 5 2
Structure 691: 6 A 3 1 10 9 2
Structure 692: 6 A 3 1 5 2
Structure 693: 8 B A C 1 5 2
Structure 694: 6 A 3 24 1 5 2
Structure 695: 8 B A 3 1 25 5 2
Structure 696: 8 B A 3 1 9 2
Structure 697: 8 B A 49 C 1 10 5 2
Structure 698: B 12 3 1 5 2
Structure 699: 8 B 12 3 1 2
Structure 700: 6 A 3 1 5 2
Structure 701: 8 B A C 1 9 2
Structure 702: 18 8 B 12 3 1 9 2
Structure 703: 6 A 3 1 5 2
Structure 704: 6 A 3 1 20 9 2
Structure 705: 6 A 50 3 1 5 2
Structure 706: 6 A 3 1 5 2
Structure 707: 6 A 3 1 9 2
Structure 708: 6 A 3 1 5 2
Structure 709: 6 A C 1 5 2
Structure 710: 6 A 3 1 9 23
Structure 711: 6 A 3 1 9 2
Structure 712: 6 A 3 1 9 2
Structure 713: 8 B A 13 C 1 5 2
Structure 714: 6 A 3 1 5 2
Structure 715: 6 A C 1 10 5 2
Structure 716: 6 A C 1 5 2
Structure 717: 6 A 3 1 9 2
Structure 718: 6 A 3 1 9 2
Structure 719: 8 B A 3 1 5 2
Structure 720: 6 A 3 1 20 9 2
Structure 721: 6 A 3 1 5 2
Structure 722: 8 B 12 C 1 5 2
Structure 723: 8 B A 3 1 10 5 2
Structure 724: 6 A 3 1 9 2
Structure 725: 8 B A 3 1 9 2
Structure 726: 6 A 3 1 10 9 2
Structure 727: 6 A 3 1 9 2
Structure 728: 8 B A 13 C 1 5 2
Structure 729: 6 A 3 1 9 2
Structure 730: 6 32 A 3 24 1 5 2
Structure 731: 6 A 3 1 9 2
Structure 732: 8 B A C 1 5 2
Structure 733: 6 A 3 1 10 5 2
Structure 734: 18 8 B A 3 1 9 2
Structure 735: 18 8 B A C 1 9 2
Structure 736: 18 8 B A 3 1 5 2
Structure 737: 6 A 3 1 2
Structure 738: 8 B 19 3 1 5 2
Structure 739: 6 A 3 1 9 2
Structure 740: 6 22 A 3 1 10 9 2
Structure 741: 8 B A 3 1 10 5 2
Structure 742: 6 A 3 1 10 9 2
Structure 743: 8 B A 3 1 2
Structure 744: 6 A 3 1 10 5 2
Structure 745: 6 A 3 1 5 2
Structure 746: 8 B 12 3 1 5 2
Structure 747: 8 B A 35 C 1 9 2
Structure 748: 6 A 3 1 5 2
Structure 749: 8 B A 13 C 1 5 2
Structure 750: 8 B A 3 1 10 5 2
Structure 751: 6 B A 3 1 5 2
Structure 752: 8 B A 3 1 5 2
Structure 753: 6 A 3 1 5 2
Structure 754: 6 A 3 1 10 2
Structure 755: 6 A 3 17 1 5 2
Structure 756: 6 A 3 1 10 5 2
Structure 757: 6 A 3 1 5 2
Structure 758: 8 B A C 1 5 2
Structure 759: 8 B A 3 1 10 5 2
Structure 760: 8 B A C 1 10 9 2
Structure 761: 6 A C 1 10 5 2
Structure 762: 8 B A 3 1 10 5 2
Structure 763: 8 B 12 3 1 10 9 2
Structure 764: 6 A C 17 1 10 9 2
Structure 765: 6 A 3 1 5 2
Structure 766: 8 B 12 3 1 9 2
Structure 767: 6 A 3 1 5 2
Structure 768: 8 B A C 1 51 5 2
Structure 769: 6 A C 1 5 2
Structure 770: 6 A 3 1 5 2
Structure 771: 6 A 13 C 1 9 5 2
Structure 772: 6 A C 1 10 5 2
Structure 773: 6 A 3 1 5 2
Structure 774: 6 A 3 1 10 5 2
Structure 775: 6 A 3 1 10 5 2
Structure 776: 6 A C 1 5 2
Structure 777: 8 B A 3 1 5 2
Structure 778: 6 A 13 C 1 5 2
Structure 779: 8 B A C 1 5 2
Structure 780: 6 27 19 3 1 5 2
Structure 781: 8 B 19 3 1 9 2
Structure 782: 6 A 3 1 9 2
Structure 783: 8 B 12 3 1 5 2
Structure 784: 6 A 3 1 9 2
Structure 785: 8 B A 3 1 5 2
Structure 786: 6 A 3 1 5 2
Structure 787: 6 A C 1 10 5 2
Structure 788: 6 A 3 1 5 2
Structure 789: 8 B A 13 C 1 5 2
Structure 790: 8 B A 13 C 1 10 5 2
Structure 791: 6 A C 1 26 9 2
Structure 792: 6 A 3 1 10 5 23
Structure 793: 6 A 3 1 5 2
Structure 794: 6 A 3 1 9 2
Structure 795: 8 B A C 1 9 2
Structure 796: 6 A 3 1 5 2
Structure 797: 8 B A C 1 5 2
Structure 798: 8 B 12 3 1 10 5 2
Structure 799: 6 A 3 1 9 2
Structure 800: 6 A 3 1 5 2
Structure 801: 6 A 3 1 5 2
Structure 802: 6 A 3 1 10 5 2
Structure 803: 6 A 3 1 5 2
Structure 804: 6 A 3 1 10 5 2
Structure 805: 8 B A 3 1 5 2
Structure 806: 6 A 3 1 5 2
Structure 807: 8 B 12 3 1 5 2
Structure 808: 6 A 3 1 10 9 2
Structure 809: 8 B 12 3 1 10 5 2
Structure 810: 6 A C 1 5 2
Structure 811: 6 A 3 1 10 5 2
Structure 812: 6 A 3 1 5 2
Structure 813: 8 B A 3 1 5 2
Structure 814: 8 B A C 1 20 9 2
Structure 815: 6 A 3 1 5 2
Structure 816: 8 B 12 3 1 9 2
Structure 817: 6 A 3 1 5 2
Structure 818: 8 B A 3 1 5 2
Structure 819: 6 A 3 1 5 2
Structure 820: 8 B A 13 C 1 10 5 2
Structure 821: 6 A 3 1 5 2
Structure 822: 6 A 3 1 9 2
Structure 823: 6 A 3 1 5 2
Structure 824: 8 B 12 3 1 5 2
Structure 825: 6 A 3 1 5 2
Structure 826: 8 B A C 1 20 9 2
Structure 827: 6 A 3 1 9 2
Structure 828: 6 A 3 1 5 2
Structure 829: 6 A 3 1 10 5 2
Structure 830: 6 B A 3 1 5 2
Structure 831: 6 A 3 1 5 2
Structure 832: 6 A 3 17 1 5 2
Structure 833: 6 A 13 C 1 10 5 2
Structure 834: 18 8 B A C 1 5 2
Structure 835: 6 A C 1 5 2
Structure 836: 8 B A 3 1 5 2
Structure 837: 6 A 3 1 5 2
Structure 838: 8 B A C 1 5 2
Structure 839: 8 B A 3 24 1 9 2
Structure 840: 6 A C 1 9 2
Structure 841: 6 A C 1 20 9 2
Structure 842: 8 B A 13 C 1 10 2
Structure 843: 8 B 12 3 1 26 9 2
Structure 844: 6 A 3 24 1 5 2
Structure 845: 6 A 3 1 10 5 2
Structure 846: 8 B 12 3 1 25 5 2
Structure 847: 6 A 3 1 5 2
Structure 848: 6 A 3 17 1 20 9 2
Structure 849: 6 A 3 17 1 2
Structure 850: 8 B 12 3 1 52 9 2
Structure 851: 6 A 13 C 1 9 2
Structure 852: 6 A 3 1 2
Structure 853: 8 B A 13 C 1 5 2
Structure 854: 8 B A 3 1 2
Structure 855: 34 8 B A 13 C 1 9 2
Structure 856: 8 B 12 3 1 10 5 2
Structure 857: 8 B A 13 C 1 10 26 5 2
Structure 858: 6 A 3 17 1 9 2
Structure 859: 8 B 12 3 1 10 5 2
Structure 860: 6 A 3 1 10 5 23
Structure 861: B 12 C 1 5 2
Structure 862: 6 A C 1 9 2
Structure 863: 6 A C 1 5 2
Structure 864: 8 B A 13 C 1 5 2
Structure 865: 6 A 3 1 5 2
Structure 866: 8 B A 3 1 10 26 9 2
Structure 867: B 12 3 1 10 5 2
Structure 868: 6 A 3 1 5 23
Structure 869: 6 B A 3 1 10 5 2
Structure 870: 8 B A 35 C 1 5 2
Structure 871: 6 B A 3 1 9 2
Structure 872: 8 B A 13 C 1 5 2
Structure 873: 18 8 B A C 1 5 2
Structure 874: 8 B 12 3 1 5 2
Structure 875: 6 A 3 1 10 5 2
Structure 876: 6 A 3 1 9 2
Structure 877: 6 A C 1 5 2
Structure 878: 6 A 3 1 20 5 2
Structure 879: 8 B A 13 C 1 20 5 2
Structure 880: 6 A 3 1 5 2
Structure 881: 6 A 3 17 1 10 9 2
Structure 882: 8 B A 3 1 5 2
Structure 883: 8 B A C 1 10 9 2
Structure 884: 6 A 3 1 5 2
Structure 885: 8 B A 13 C 1 9 2
Structure 886: 6 A 3 1 20 5 2
Structure 887: 8 B A 3 1 20 5 2
Structure 888: 8 B 12 3 1 9 2
Structure 889: 8 B A 3 1 5 2
Structure 890: 6 A 3 1 5 2
Structure 891: 34 B A 3 1 9 2
Structure 892: 53 8 B A 3 1 9 2
Structure 893: 6 A 3 1 5 2
Structure 894: 8 B A C 1 5 2
Structure 895: 8 B A 3 1 9 2
Structure 896: B A C 1 10 5 2
Structure 897: 6 B A 3 1 10 5 2
Structure 898: 8 B A 3 1 5 2
Structure 899: 18 8 B A 3 1 5 2
Structure 900: 8 B A 3 1 25 5 2
Structure 901: 6 A 3 1 5 2
Structure 902: 6 A 3 1 5 2
Structure 903: 8 B 12 3 1 10 5 2
Structure 904: 8 B A 13 C 1 5 2
Structure 905: 18 8 B A 3 1 10 9 5 2
Structure 906: 6 A 3 1 5 2
Structure 907: 8 B A 13 C 1 10 5 2
Structure 908: 6 32 A 3 17 1 5 2
Structure 909: 6 A 3 1 5 2
Structure 910: 6 A 3 1 5 2
Structure 911: 6 A 3 1 5 2
Structure 912: 6 A 3 1 5 2
Structure 913: 6 A 3 17 1 5 2
Structure 914: 6 A 3 1 5 2
Structure 915: 8 B A C 1 5 2
Structure 916: 8 B 12 3 1 5 2
Structure 917: 6 A C 1 5 2
Structure 918: 6 A 3 1 5 2
Structure 919: 8 B A C 1 10 5 2
Structure 920: 6 A C 1 10 5 2
Structure 921: 6 A C 1 5 2
Structure 922: B 12 3 1 5 2
Structure 923: 6 19 3 1 9 2
Structure 924: 6 A 3 1 2
Structure 925: 6 A C 1 10 5 2
Structure 926: 6 A 3 1 10 9 2
Structure 927: 6 A 3 1 2
Structure 928: 8 B 19 3 1 5 2
Structure 929: 18 8 B A 3 1 5 2
Structure 930: 6 A 3 1 10 2
Structure 931: 6 A 3 1 5 2
Structure 932: 6 A 3 1 5 2
Structure 933: 6 27 A 3 1 10 5 2
Structure 934: 6 A 3 1 5 2
Structure 935: 6 A 3 1 5 2
Structure 936: 6 A 13 C 1 10 2
Structure 937: 6 A 3 1 9 2
Structure 938: 6 A 3 1 10 5 2
Structure 939: 6 A 3 1 5 2
Structure 940: 8 B A C 1 10 5 2
Structure 941: 6 A 3 1 5 2
Structure 942: 6 A 3 1 5 2
Structure 943: 8 B A C 1 2
Structure 944: 6 22 A 3 1 9 2
Structure 945: B 12 3 1 5 2
Structure 946: 6 B A 3 1 5 2
Structure 947: 6 A 3 1 5 2
Structure 948: 8 B A 3 1 10 9 2
Structure 949: 8 B A 3 1 2
Structure 950: 6 A 3 1 5 2
Structure 951: 6 A C 1 2
Structure 952: 6 A 3 1 5 2
Structure 953: 6 A C 1 9 2
Structure 954: 6 A 3 1 10 5 2
Structure 955: 6 A 3 1 5 2
Structure 956: 6 A 3 1 9 2
Structure 957: 6 A 3 1 5 2
Structure 958: 8 B 12 3 1 5 2
Structure 959: 8 B A 3 1 5 2
Structure 960: 6 A 3 1 5 2
Structure 961: 8 B 19 3 1 5 2
Structure 962: 8 B 12 3 1 5 2
Structure 963: 6 A 13 C 1 5 2
Structure 964: 6 A 3 1 5 2
Structure 965: 6 B A 3 17 1 10 9 2
Structure 966: 6 A 3 1 9 2
Structure 967: 6 A C 1 9 2
Structure 968: 6 A 3 1 9 2
Structure 969: 6 A 3 1 10 5 2
Structure 970: 8 B A 3 1 10 5 2
Structure 971: 6 A 3 1 5 2
Structure 972: 8 B A C 1 5 2
Structure 973: 8 B A 3 1 10 5 2
Structure 974: 6 A 3 1 5 2
Structure 975: 6 A 3 1 5 2
Structure 976: 8 B A 13 C 1 28 9 2
Structure 977: 8 B 12 3 1 2
Structure 978: 8 B 12 3 1 10 5 2
Structure 979: 6 A 3 1 10 5 2
Structure 980: 6 A C 1 9 2
Structure 981: 8 B 19 3 1 10 9 2
Structure 982: 8 B A C 1 5 2
Structure 983: 6 27 19 3 1 5 2
Structure 984: 6 A 3 1 10 2
Structure 985: 8 B 12 3 1 10 25 5 2
Structure 986: 6 A 3 1 5 2
Structure 987: 18 8 B A 3 1 5 2
Structure 988: 6 A 3 1 9 2
Structure 989: 6 A C 1 5 2
Structure 990: 6 A 3 1 5 2
Structure 991: 8 B A 13 C 1 9 2
Structure 992: 8 B 12 3 1 5 2
Structure 993: 8 B 12 3 1 10 9 2
Structure 994: B A C 1 5 2
Structure 995: 8 B A 13 C 1 5 2
Structure 996: 6 A C 1 9 2
Structure 997: 6 A 3 1 5 2
Structure 998: 6 A C 1 5 2
Structure 999: 6 A 3 1 10 9 2
Structure 1000: 6 22 A 3 1 5 2
