Processing: /home/hwilco/Documents/RNA Research/RNAStructProfiling-master/output/training/S.glossinidius.1_sfold/input/S.glossinidius.1_sfold.out
Structure 1: D 15 E F 16 B A
	-> A B D E 15 F 16 
Structure 2: D 15 E F 16 B C A
	-> A B C D E 15 F 16 
Structure 3: D 15 20 F 16 B 46 C A
	-> A B C D 15 F 16 
Structure 4: D 20 10 18 9 8 4 77 A
	-> A D 8 9 10 18 
Structure 5: D 37 20 8 30 B C A
	-> A B C D 8 
Structure 6: D 26 E 10 24 9 8 B C 3 61 1
	-> B C D E 8 9 10 
Structure 7: 17 58 64 73 A 39 41
	-> A 17 
Structure 8: 31 17 E 21 10 18 9 8 22 B A
	-> A B E 8 9 10 17 18 
Structure 9: D 15 E F 16 B C A
	-> A B C D E 15 F 16 
Structure 10: 40 17 29 28 21 10 9 8 22 B C A
	-> A B C 8 9 10 17 
Structure 11: 17 20 10 9 8 B C A
	-> A B C 8 9 10 17 
Structure 12: D 15 E F 16 B C A
	-> A B C D E 15 F 16 
Structure 13: D 15 E F 16 B C A
	-> A B C D E 15 F 16 
Structure 14: 31 17 E 55 32 9 8 B C A
	-> A B C E 8 9 17 
Structure 15: 17 45 20 53 35 36 2 1 87 39 41
	-> 17 
Structure 16: D 20 10 18 9 8 B A
	-> A B D 8 9 10 18 
Structure 17: D 38 34 10 24 9 8 B A
	-> A B D 8 9 10 
Structure 18: 17 25 E 10 24 9 8 B C A
	-> A B C E 8 9 10 17 
Structure 19: D 38 34 10 18 9 8 B C A
	-> A B C D 8 9 10 18 
Structure 20: D 15 E F 16 B C A
	-> A B C D E 15 F 16 
Structure 21: D 20 10 9 8 22 B A
	-> A B D 8 9 10 
Structure 22: D 15 E F 16 49 B 46 C A
	-> A B C D E 15 F 16 
Structure 23: D 15 20 F 16 B C A
	-> A B C D 15 F 16 
Structure 24: D E 10 18 9 8 B C A
	-> A B C D E 8 9 10 18 
Structure 25: 7 15 E F 16 B C A
	-> A B C E 15 F 16 
Structure 26: D 15 E F 16 49 B C A
	-> A B C D E 15 F 16 
Structure 27: D 15 20 F 16 B A
	-> A B D 15 F 16 
Structure 28: 17 27 21 10 18 44 9 8 B C A
	-> A B C 8 9 10 17 18 
Structure 29: D 20 10 18 9 8 B C A
	-> A B C D 8 9 10 18 
Structure 30: D 15 E F 16 43 B C A
	-> A B C D E 15 F 16 
Structure 31: 31 17 E 21 10 18 24 9 33 8 22 B C A
	-> A B C E 8 9 10 17 18 
Structure 32: D 15 E F 16 49 B A
	-> A B D E 15 F 16 
Structure 33: D 26 E 10 18 9 8 B C A
	-> A B C D E 8 9 10 18 
Structure 34: D 38 34 10 18 9 8 22 B C A
	-> A B C D 8 9 10 18 
Structure 35: 17 37 20 32 9 8 B C A
	-> A B C 8 9 17 
Structure 36: 17 103 21 10 9 8 22 B A
	-> A B 8 9 10 17 
Structure 37: D 26 E 10 9 8 B A
	-> A B D E 8 9 10 
Structure 38: 31 17 27 21 10 18 9 33 8 B A
	-> A B 8 9 10 17 18 
Structure 39: 17 27 21 10 18 9 8 B C A
	-> A B C 8 9 10 17 18 
Structure 40: D 26 E 10 18 9 8 B C A
	-> A B C D E 8 9 10 18 
Structure 41: D 15 20 F 16 49 B C A
	-> A B C D 15 F 16 
Structure 42: D 15 20 F 16 49 B A
	-> A B D 15 F 16 
Structure 43: D 15 E F 16 B A
	-> A B D E 15 F 16 
Structure 44: D 26 E 10 44 8 B C A
	-> A B C D E 8 10 
Structure 45: 17 29 28 56 10 18 9 8 B C A
	-> A B C 8 9 10 17 18 
Structure 46: 31 17 20 10 18 24 9 8 22 B C A
	-> A B C 8 9 10 17 18 
Structure 47: D 15 E F 16 43 B A
	-> A B D E 15 F 16 
Structure 48: 17 25 E 10 18 9 8 B C A
	-> A B C E 8 9 10 17 18 
Structure 49: D 20 10 18 44 9 8 B C A
	-> A B C D 8 9 10 18 
Structure 50: D E 10 18 9 8 B C A
	-> A B C D E 8 9 10 18 
Structure 51: D 15 E F 16 B C A
	-> A B C D E 15 F 16 
Structure 52: 17 34 21 10 18 9 8 B C A
	-> A B C 8 9 10 17 18 
Structure 53: 40 17 29 28 21 10 18 9 8 B A
	-> A B 8 9 10 17 18 
Structure 54: 17 20 10 18 9 8 30 B C A
	-> A B C 8 9 10 17 18 
Structure 55: 40 17 27 21 10 18 9 8 B C A
	-> A B C 8 9 10 17 18 
Structure 56: 17 26 E 55 32 9 8 B A
	-> A B E 8 9 17 
Structure 57: D E 10 18 9 8 B C A
	-> A B C D E 8 9 10 18 
Structure 58: D 15 E F 16 43 B C A
	-> A B C D E 15 F 16 
Structure 59: D 15 20 F 16 B C A
	-> A B C D 15 F 16 
Structure 60: D 37 20 32 62 9 8 22 B C A
	-> A B C D 8 9 
Structure 61: D 15 E F 16 B C A
	-> A B C D E 15 F 16 
Structure 62: 17 27 21 10 18 44 8 22 B C A
	-> A B C 8 10 17 18 
Structure 63: 17 25 E 55 32 9 8 B C A
	-> A B C E 8 9 17 
Structure 64: D 15 20 F 16 B A
	-> A B D 15 F 16 
Structure 65: D 15 E F 16 43 B C A
	-> A B C D E 15 F 16 
Structure 66: D 45 26 E 32 9 8 B C A
	-> A B C D E 8 9 
Structure 67: D 15 20 F 16 B C A
	-> A B C D 15 F 16 
Structure 68: D 26 E 10 51 47 9 8 B A
	-> A B D E 8 9 10 
Structure 69: D 26 E 10 51 47 9 8 B C A
	-> A B C D E 8 9 10 
Structure 70: D 45 E 32 9 8 22 B A
	-> A B D E 8 9 
Structure 71: 17 27 21 10 24 9 8 B A
	-> A B 8 9 10 17 
Structure 72: 17 27 21 10 18 9 8 22 B C A
	-> A B C 8 9 10 17 18 
Structure 73: D 37 20 32 9 8 B 50 A
	-> A B D 8 9 
Structure 74: 17 45 E 83 8 B A 67
	-> A B E 8 17 
Structure 75: D 15 E F 16 B C A
	-> A B C D E 15 F 16 
Structure 76: 17 27 21 10 52 8 B C A
	-> A B C 8 10 17 
Structure 77: 17 29 28 21 10 18 9 33 8 B C A
	-> A B C 8 9 10 17 18 
Structure 78: D 15 E F 16 B C A
	-> A B C D E 15 F 16 
Structure 79: D 26 E 10 18 9 8 B C A
	-> A B C D E 8 9 10 18 
Structure 80: D 15 E F 16 B A
	-> A B D E 15 F 16 
Structure 81: 31 17 25 E F 16 B C A 65
	-> A B C E F 16 17 
Structure 82: 17 45 26 E 83 8 B C A 88
	-> A B C E 8 17 
Structure 83: 17 29 28 21 10 18 9 33 8 B C A
	-> A B C 8 9 10 17 18 
Structure 84: D 25 E 10 18 9 8 B C A
	-> A B C D E 8 9 10 18 
Structure 85: 31 17 20 55 32 62 9 8 B C A
	-> A B C 8 9 17 
Structure 86: D 15 E F 16 42 B C A
	-> A B C D E 15 F 16 
Structure 87: 31 17 27 21 10 18 44 8 B 46 C A
	-> A B C 8 10 17 18 
Structure 88: D 15 20 F 16 B C A
	-> A B C D 15 F 16 
Structure 89: D 25 E 10 18 9 8 22 B C A
	-> A B C D E 8 9 10 18 
Structure 90: 40 17 26 E 10 18 9 8 B A
	-> A B E 8 9 10 17 18 
Structure 91: 40 17 26 E 10 9 8 30 B C A
	-> A B C E 8 9 10 17 
Structure 92: D 26 E 10 24 9 33 8 B C A
	-> A B C D E 8 9 10 
Structure 93: D 15 E F 16 43 B C A
	-> A B C D E 15 F 16 
Structure 94: 6 74 25 E 10 52 8 B A
	-> A B E 8 10 
Structure 95: D E 10 18 9 8 B 78 84 1
	-> B D E 8 9 10 18 
Structure 96: D 15 E F 16 B A
	-> A B D E 15 F 16 
Structure 97: D 15 E F 16 B C A
	-> A B C D E 15 F 16 
Structure 98: D 26 E 10 18 9 8 30 B A
	-> A B D E 8 9 10 18 
Structure 99: D 15 E F 16 B A
	-> A B D E 15 F 16 
Structure 100: 17 27 21 10 18 24 9 8 B C A
	-> A B C 8 9 10 17 18 
Structure 101: 17 29 28 21 10 18 9 8 30 B C A
	-> A B C 8 9 10 17 18 
Structure 102: D 15 E F 16 49 B A
	-> A B D E 15 F 16 
Structure 103: D 15 20 F 16 B C A
	-> A B C D 15 F 16 
Structure 104: 17 25 E 10 18 24 9 8 B A
	-> A B E 8 9 10 17 18 
Structure 105: 17 E 21 10 18 24 9 8 22 B C A
	-> A B C E 8 9 10 17 18 
Structure 106: 17 25 E 10 18 9 8 B A
	-> A B E 8 9 10 17 18 
Structure 107: D 15 20 F 16 B A
	-> A B D 15 F 16 
Structure 108: 17 26 E 10 18 9 8 B C A
	-> A B C E 8 9 10 17 18 
Structure 109: D 15 20 F 16 B C A
	-> A B C D 15 F 16 
Structure 110: 31 17 27 21 10 18 9 8 B C A
	-> A B C 8 9 10 17 18 
Structure 111: D 15 E F 16 B C A
	-> A B C D E 15 F 16 
Structure 112: 17 20 55 32 9 8 B C A
	-> A B C 8 9 17 
Structure 113: 17 20 10 18 9 8 104 22 B C A
	-> A B C 8 9 10 17 18 
Structure 114: D 25 E 10 18 44 9 8 22 B C A
	-> A B C D E 8 9 10 18 
Structure 115: D 26 E 10 18 75 8 B C A
	-> A B C D E 8 10 18 
Structure 116: 17 34 21 10 18 24 8 22 B A
	-> A B 8 10 17 18 
Structure 117: D 26 E 10 18 9 8 B C A
	-> A B C D E 8 9 10 18 
Structure 118: D 15 E F 16 42 B C A
	-> A B C D E 15 F 16 
Structure 119: D 15 E F 16 B C A
	-> A B C D E 15 F 16 
Structure 120: D 15 20 F 16 B A
	-> A B D 15 F 16 
Structure 121: D 15 E F 16 B A
	-> A B D E 15 F 16 
Structure 122: 17 E 21 10 18 9 33 8 B C A
	-> A B C E 8 9 10 17 18 
Structure 123: D 15 E F 16 B C A
	-> A B C D E 15 F 16 
Structure 124: 17 45 E 53 68 35 36 1 63 39 57 41
	-> E 17 
Structure 125: 17 29 28 21 10 18 24 9 8 22 B C A
	-> A B C 8 9 10 17 18 
Structure 126: 17 E 85 68 35 36 1 79 89
	-> E 17 
Structure 127: D 15 20 F 16 B C A
	-> A B C D 15 F 16 
Structure 128: 31 17 38 34 90 53 35 36 105 69 1 39 41
	-> 17 
Structure 129: D 15 E F 16 B C A
	-> A B C D E 15 F 16 
Structure 130: D 15 E F 16 B C A
	-> A B C D E 15 F 16 
Structure 131: D 37 20 32 47 9 8 B C A
	-> A B C D 8 9 
Structure 132: 17 27 21 10 18 9 8 B C A
	-> A B C 8 9 10 17 18 
Structure 133: 17 20 10 9 8 B C A
	-> A B C 8 9 10 17 
Structure 134: D 15 E F 16 B C A
	-> A B C D E 15 F 16 
Structure 135: D 15 E 12 52 8 22 B 78 84 1
	-> B D E 8 15 
Structure 136: 17 E 21 10 18 9 8 B C A
	-> A B C E 8 9 10 17 18 
Structure 137: 17 106 37 20 91 8 22 B C A 67
	-> A B C 8 17 
Structure 138: 17 45 E 53 35 36 2 1 63 39 41
	-> E 17 
Structure 139: 17 26 E 10 9 33 8 B C A
	-> A B C E 8 9 10 17 
Structure 140: D 20 10 9 8 B 78 2 1
	-> B D 8 9 10 
Structure 141: D 20 10 9 8 B C A
	-> A B C D 8 9 10 
Structure 142: D 26 E 10 9 8 B A
	-> A B D E 8 9 10 
Structure 143: 17 E 21 10 18 9 8 B C A
	-> A B C E 8 9 10 17 18 
Structure 144: D 15 20 12 52 8 B A
	-> A B D 8 15 
Structure 145: 6 74 25 E 21 10 51 47 9 8 B C A
	-> A B C E 8 9 10 
Structure 146: D 25 E 10 18 44 8 22 B A
	-> A B D E 8 10 18 
Structure 147: D 15 E F 16 B C A
	-> A B C D E 15 F 16 
Structure 148: 40 17 25 E 10 18 24 9 8 22 B C A
	-> A B C E 8 9 10 17 18 
Structure 149: 17 29 28 21 10 18 9 33 8 22 B C A
	-> A B C 8 9 10 17 18 
Structure 150: D 20 10 9 8 22 B C A
	-> A B C D 8 9 10 
Structure 151: 17 27 21 10 18 75 8 B C A
	-> A B C 8 10 17 18 
Structure 152: D E 10 9 8 B C A
	-> A B C D E 8 9 10 
Structure 153: 17 38 34 10 9 8 22 B A
	-> A B 8 9 10 17 
Structure 154: D 15 E F 16 49 B C A
	-> A B C D E 15 F 16 
Structure 155: 40 17 25 E 55 32 9 8 B C A
	-> A B C E 8 9 17 
Structure 156: 17 29 28 21 10 18 44 9 33 8 B C A
	-> A B C 8 9 10 17 18 
Structure 157: D E 10 18 9 8 B C A
	-> A B C D E 8 9 10 18 
Structure 158: D 15 E F 16 B C A
	-> A B C D E 15 F 16 
Structure 159: D 25 E 10 24 9 8 B A
	-> A B D E 8 9 10 
Structure 160: 17 26 E 90 53 35 36 70 69 1 39 57 41
	-> E 17 
Structure 161: 17 34 21 10 18 9 8 22 B A
	-> A B 8 9 10 17 18 
Structure 162: D 15 E F 16 42 B C A
	-> A B C D E 15 F 16 
Structure 163: D 15 E F 16 54 B C A
	-> A B C D E 15 F 16 
Structure 164: D 15 E F 16 B C A
	-> A B C D E 15 F 16 
Structure 165: D 26 E 10 9 8 B C A
	-> A B C D E 8 9 10 
Structure 166: D 15 E F 16 43 B 50 A
	-> A B D E 15 F 16 
Structure 167: D 15 E F 16 B C A
	-> A B C D E 15 F 16 
Structure 168: 31 17 26 E 10 18 9 8 30 B C A
	-> A B C E 8 9 10 17 18 
Structure 169: D 20 10 18 44 9 8 B C A
	-> A B C D 8 9 10 18 
Structure 170: 17 E 21 10 18 9 8 22 B C A
	-> A B C E 8 9 10 17 18 
Structure 171: D 20 10 18 9 8 B C A
	-> A B C D 8 9 10 18 
Structure 172: D 15 E F 16 B C A
	-> A B C D E 15 F 16 
Structure 173: D 15 E F 16 54 B C A
	-> A B C D E 15 F 16 
Structure 174: D 15 20 F 16 B C A
	-> A B C D 15 F 16 
Structure 175: 40 17 26 E 55 32 9 8 22 B C A
	-> A B C E 8 9 17 
Structure 176: D 26 34 10 18 9 8 22 B C A
	-> A B C D 8 9 10 18 
Structure 177: D 15 E F 16 49 B A
	-> A B D E 15 F 16 
Structure 178: D 15 E F 16 B C A
	-> A B C D E 15 F 16 
Structure 179: D 25 E 10 52 8 B C A
	-> A B C D E 8 10 
Structure 180: D 15 E F 16 B A
	-> A B D E 15 F 16 
Structure 181: D 25 E 10 24 9 8 B C A
	-> A B C D E 8 9 10 
Structure 182: D 15 E F 16 B C A
	-> A B C D E 15 F 16 
Structure 183: D 15 E F 16 54 B C A
	-> A B C D E 15 F 16 
Structure 184: D 15 E F 16 42 B A
	-> A B D E 15 F 16 
Structure 185: D 26 E 10 18 44 9 8 B C A
	-> A B C D E 8 9 10 18 
Structure 186: 17 37 20 35 36 71 A 39 41
	-> A 17 
Structure 187: D 15 E F 16 B C A
	-> A B C D E 15 F 16 
Structure 188: D 26 E 10 9 8 30 B A
	-> A B D E 8 9 10 
Structure 189: D 15 E F 16 B C A
	-> A B C D E 15 F 16 
Structure 190: D 15 E F 16 43 B C A
	-> A B C D E 15 F 16 
Structure 191: 17 26 E 55 32 9 8 B 50 A
	-> A B E 8 9 17 
Structure 192: D 26 E 10 9 8 22 B A
	-> A B D E 8 9 10 
Structure 193: D 15 20 F 16 B C A
	-> A B C D 15 F 16 
Structure 194: 17 E F 16 B C A 92
	-> A B C E F 16 17 
Structure 195: D 20 10 18 75 8 22 B C 3 1
	-> B C D 8 10 18 
Structure 196: 31 17 E 21 10 18 9 8 B C A
	-> A B C E 8 9 10 17 18 
Structure 197: 17 29 28 21 10 51 47 9 8 B C A
	-> A B C 8 9 10 17 
Structure 198: 6 107 80 15 E F 16 54 B A
	-> A B E 15 F 16 
Structure 199: D 37 20 32 9 8 B C 3 48 1
	-> B C D 8 9 
Structure 200: D 25 E 10 18 9 8 B C A
	-> A B C D E 8 9 10 18 
Structure 201: D 15 E F 16 B A
	-> A B D E 15 F 16 
Structure 202: D 15 E F 16 43 B C A
	-> A B C D E 15 F 16 
Structure 203: 17 37 20 53 35 36 1 63 39 57 41
	-> 17 
Structure 204: 17 20 10 18 9 8 B C A
	-> A B C 8 9 10 17 18 
Structure 205: 17 E 21 10 18 9 8 B C A
	-> A B C E 8 9 10 17 18 
Structure 206: 17 29 28 21 10 18 24 9 8 22 B A
	-> A B 8 9 10 17 18 
Structure 207: D 15 E F 16 B C A
	-> A B C D E 15 F 16 
Structure 208: 17 29 28 21 10 9 8 22 B C A
	-> A B C 8 9 10 17 
Structure 209: D 25 E 10 18 9 8 B C A
	-> A B C D E 8 9 10 18 
Structure 210: D 15 E F 16 42 B C A
	-> A B C D E 15 F 16 
Structure 211: D 15 E F 16 43 B C A
	-> A B C D E 15 F 16 
Structure 212: D 15 20 F 35 36 A 59
	-> A D 15 F 
Structure 213: D 15 E F 16 B A
	-> A B D E 15 F 16 
Structure 214: 31 17 29 28 21 10 18 24 9 8 B C A
	-> A B C 8 9 10 17 18 
Structure 215: D 38 34 10 18 9 33 8 B C A
	-> A B C D 8 9 10 18 
Structure 216: D 15 20 F 35 36 A 59
	-> A D 15 F 
Structure 217: 17 38 34 10 18 9 8 B A
	-> A B 8 9 10 17 18 
Structure 218: D 37 20 14 16 B C A 67
	-> A B C D 16 
Structure 219: 17 E 10 18 9 8 30 B A
	-> A B E 8 9 10 17 18 
Structure 220: 40 17 27 21 10 18 9 8 30 B C A
	-> A B C 8 9 10 17 18 
Structure 221: D 15 E F 16 B C A
	-> A B C D E 15 F 16 
Structure 222: D 15 E F 16 B C A
	-> A B C D E 15 F 16 
Structure 223: 31 17 25 E 55 32 9 8 B C A
	-> A B C E 8 9 17 
Structure 224: D 20 10 51 47 9 8 B C A
	-> A B C D 8 9 10 
Structure 225: D 15 20 F 16 B C A
	-> A B C D 15 F 16 
Structure 226: D 15 20 F 16 B A
	-> A B D 15 F 16 
Structure 227: D 26 E 10 18 9 8 22 B 46 C A
	-> A B C D E 8 9 10 18 
Structure 228: D 15 20 F 35 36 A 59
	-> A D 15 F 
Structure 229: D 15 E F 16 B C A
	-> A B C D E 15 F 16 
Structure 230: D 15 20 12 52 8 B C A
	-> A B C D 8 15 
Structure 231: 40 17 37 20 53 35 36 70 2 1 63 39 41
	-> 17 
Structure 232: 17 20 10 18 9 33 8 22 B C A
	-> A B C 8 9 10 17 18 
Structure 233: 17 45 E 32 9 8 B C A
	-> A B C E 8 9 17 
Structure 234: D 15 20 F 16 B 46 A
	-> A B D 15 F 16 
Structure 235: D 15 E F 16 42 B C A
	-> A B C D E 15 F 16 
Structure 236: D 15 E F 16 54 B C A
	-> A B C D E 15 F 16 
Structure 237: D 15 E F 16 43 B A
	-> A B D E 15 F 16 
Structure 238: D 15 E 12 52 8 30 B A
	-> A B D E 8 15 
Structure 239: 17 26 E 10 18 9 8 22 B C A
	-> A B C E 8 9 10 17 18 
Structure 240: D 15 E F 16 B A
	-> A B D E 15 F 16 
Structure 241: D E 10 18 24 9 8 B C A
	-> A B C D E 8 9 10 18 
Structure 242: D 15 E F 16 B A
	-> A B D E 15 F 16 
Structure 243: D 38 34 10 18 24 44 8 B C A
	-> A B C D 8 10 18 
Structure 244: D 25 E 10 18 9 8 B C A
	-> A B C D E 8 9 10 18 
Structure 245: 17 27 56 21 10 9 8 B C A
	-> A B C 8 9 10 17 
Structure 246: 40 17 27 21 10 9 8 22 B C A
	-> A B C 8 9 10 17 
Structure 247: 17 37 20 35 36 71 A 39 60 81 41
	-> A 17 
Structure 248: D 15 82 108 F 16 42 B A
	-> A B D 15 F 16 
Structure 249: 17 27 21 10 18 9 8 B C A
	-> A B C 8 9 10 17 18 
Structure 250: D 15 E F 16 B A
	-> A B D E 15 F 16 
Structure 251: D 15 E F 16 B C A
	-> A B C D E 15 F 16 
Structure 252: 17 26 E 10 18 9 8 B A
	-> A B E 8 9 10 17 18 
Structure 253: 17 26 E 10 9 8 B C A
	-> A B C E 8 9 10 17 
Structure 254: D 15 E F 16 B C A
	-> A B C D E 15 F 16 
Structure 255: D 26 E 10 18 9 33 8 B 50 A
	-> A B D E 8 9 10 18 
Structure 256: 17 29 28 21 10 9 8 22 B C A
	-> A B C 8 9 10 17 
Structure 257: D 15 E F 16 43 B C A
	-> A B C D E 15 F 16 
Structure 258: D 15 20 F 16 43 B C A
	-> A B C D 15 F 16 
Structure 259: 17 E 21 10 9 8 30 B C A
	-> A B C E 8 9 10 17 
Structure 260: D 15 E F 16 B A
	-> A B D E 15 F 16 
Structure 261: 17 27 21 10 18 9 8 B A
	-> A B 8 9 10 17 18 
Structure 262: 31 17 E 109 10 18 9 8 B A
	-> A B E 8 9 10 17 18 
Structure 263: D 15 E F 16 B A
	-> A B D E 15 F 16 
Structure 264: D 15 20 F 16 B C A
	-> A B C D 15 F 16 
Structure 265: D 15 20 E F 16 B C A
	-> A B C D E 15 F 16 
Structure 266: 17 29 28 21 10 18 9 8 30 B C A
	-> A B C 8 9 10 17 18 
Structure 267: D 20 E 10 18 9 8 B C A
	-> A B C D E 8 9 10 18 
Structure 268: 17 29 28 21 10 9 8 22 B 50 A
	-> A B 8 9 10 17 
Structure 269: 17 27 21 10 93 9 8 22 B C A
	-> A B C 8 9 10 17 
Structure 270: 17 29 28 21 10 18 24 9 8 22 B C A
	-> A B C 8 9 10 17 18 
Structure 271: D 15 E F 16 66 B C A
	-> A B C D E 15 F 16 
Structure 272: D 15 E F 16 42 B A
	-> A B D E 15 F 16 
Structure 273: 17 25 E 10 51 47 9 8 22 B C A
	-> A B C E 8 9 10 17 
Structure 274: 17 38 34 10 9 8 B C A
	-> A B C 8 9 10 17 
Structure 275: D 15 E F 16 B A
	-> A B D E 15 F 16 
Structure 276: D 15 E F 16 B C A
	-> A B C D E 15 F 16 
Structure 277: D 15 20 F 16 54 B 3 1
	-> B D 15 F 16 
Structure 278: D 38 34 10 9 8 22 94 B C A
	-> A B C D 8 9 10 
Structure 279: D 26 E 10 9 8 B C A
	-> A B C D E 8 9 10 
Structure 280: 17 20 F 16 B A 92
	-> A B F 16 17 
Structure 281: D 20 10 24 9 8 B A
	-> A B D 8 9 10 
Structure 282: 17 29 28 21 10 18 44 9 8 B C A
	-> A B C 8 9 10 17 18 
Structure 283: D 15 E F 16 49 B C A
	-> A B C D E 15 F 16 
Structure 284: D 15 E F 16 B C A
	-> A B C D E 15 F 16 
Structure 285: D 26 E 10 18 44 8 B C A
	-> A B C D E 8 10 18 
Structure 286: D 38 34 10 9 8 22 B A
	-> A B D 8 9 10 
Structure 287: 17 E 21 10 18 9 8 B A
	-> A B E 8 9 10 17 18 
Structure 288: D 38 34 10 24 76 9 8 B C A
	-> A B C D 8 9 10 
Structure 289: D 26 E 10 18 9 8 22 B A
	-> A B D E 8 9 10 18 
Structure 290: D 15 E F 16 42 B C A
	-> A B C D E 15 F 16 
Structure 291: D E 10 9 8 22 B C A
	-> A B C D E 8 9 10 
Structure 292: D E 10 18 9 8 B C A
	-> A B C D E 8 9 10 18 
Structure 293: D E 10 18 9 8 22 B C A
	-> A B C D E 8 9 10 18 
Structure 294: D 15 E F 16 B C A
	-> A B C D E 15 F 16 
Structure 295: 17 37 20 53 35 36 2 1 39 110 111 112
	-> 17 
Structure 296: D 15 E F 16 B C A
	-> A B C D E 15 F 16 
Structure 297: 40 17 27 56 10 18 9 8 22 B C A
	-> A B C 8 9 10 17 18 
Structure 298: 17 27 21 10 24 9 8 22 B A
	-> A B 8 9 10 17 
Structure 299: 17 29 28 21 10 18 9 8 B C A
	-> A B C 8 9 10 17 18 
Structure 300: 17 26 E 10 18 9 8 22 B C A
	-> A B C E 8 9 10 17 18 
Structure 301: D 15 E 12 52 8 22 B C A
	-> A B C D E 8 15 
Structure 302: D E 10 18 9 8 B C A
	-> A B C D E 8 9 10 18 
Structure 303: D 25 E 10 18 24 9 8 B C A
	-> A B C D E 8 9 10 18 
Structure 304: 31 17 27 56 21 10 18 24 9 8 22 B C A
	-> A B C 8 9 10 17 18 
Structure 305: D 25 E 10 18 24 9 8 B C A
	-> A B C D E 8 9 10 18 
Structure 306: 17 38 34 10 18 9 8 B C A
	-> A B C 8 9 10 17 18 
Structure 307: 31 17 27 21 10 9 8 B 46 A
	-> A B 8 9 10 17 
Structure 308: D E 10 18 24 9 8 B C A
	-> A B C D E 8 9 10 18 
Structure 309: D 25 E 10 18 24 9 8 B 113 1
	-> B D E 8 9 10 18 
Structure 310: 17 25 E 10 9 8 30 B C A
	-> A B C E 8 9 10 17 
Structure 311: D 38 E 10 18 9 8 22 B C A
	-> A B C D E 8 9 10 18 
Structure 312: D 25 E 10 51 47 9 8 B C A
	-> A B C D E 8 9 10 
Structure 313: 74 20 10 18 114 8 22 B C A
	-> A B C 8 10 18 
Structure 314: D 37 20 32 9 33 8 B C A
	-> A B C D 8 9 
Structure 315: D 15 E F 16 72 B C A
	-> A B C D E 15 F 16 
Structure 316: 17 29 28 21 10 18 9 8 B C A
	-> A B C 8 9 10 17 18 
Structure 317: D 80 15 E F 16 42 B 115 95 1
	-> B D E 15 F 16 
Structure 318: 17 26 E 10 18 24 9 8 B A
	-> A B E 8 9 10 17 18 
Structure 319: 17 45 E 53 35 36 70 2 1 63 39 57 41
	-> E 17 
Structure 320: 17 29 28 21 10 18 9 8 22 B C A
	-> A B C 8 9 10 17 18 
Structure 321: D 15 E F 16 B A
	-> A B D E 15 F 16 
Structure 322: D 25 E 10 9 8 30 B A
	-> A B D E 8 9 10 
Structure 323: D 15 E F 116 117 118 119 120 95 59
	-> D E 15 F 
Structure 324: 17 25 E 10 18 9 8 B 46 C A
	-> A B C E 8 9 10 17 18 
Structure 325: D 15 20 F 16 B C A
	-> A B C D 15 F 16 
Structure 326: D 15 E F 16 B C A
	-> A B C D E 15 F 16 
Structure 327: D 15 E F 16 B C A
	-> A B C D E 15 F 16 
Structure 328: 17 27 21 10 9 33 8 22 B A
	-> A B 8 9 10 17 
Structure 329: D 15 E F 16 B C A
	-> A B C D E 15 F 16 
Structure 330: D E 10 18 86 9 8 B A
	-> A B D E 8 9 10 18 
Structure 331: D 15 E F 16 66 B C A
	-> A B C D E 15 F 16 
Structure 332: D 45 26 E 32 9 8 B A
	-> A B D E 8 9 
Structure 333: D 15 E F 16 B C A
	-> A B C D E 15 F 16 
Structure 334: 17 27 21 10 18 9 8 22 B C A
	-> A B C 8 9 10 17 18 
Structure 335: D 15 E F 16 B C A
	-> A B C D E 15 F 16 
Structure 336: 17 27 56 21 10 18 8 22 B C A
	-> A B C 8 10 17 18 
Structure 337: 17 25 E 10 14 16 B C A
	-> A B C E 10 16 17 
Structure 338: D 37 20 14 16 B A 67
	-> A B D 16 
Structure 339: D E F 16 B A
	-> A B D E F 16 
Structure 340: 31 17 38 34 10 24 9 8 B 46 C A
	-> A B C 8 9 10 17 
Structure 341: 17 29 28 21 10 18 9 8 22 B A
	-> A B 8 9 10 17 18 
Structure 342: D 15 E F 16 B C A
	-> A B C D E 15 F 16 
Structure 343: 17 26 E F 16 B 50 3 48 1 65
	-> B E F 16 17 
Structure 344: D 15 E F 16 B C A
	-> A B C D E 15 F 16 
Structure 345: D 15 20 F 16 B C A
	-> A B C D 15 F 16 
Structure 346: 17 E 21 10 9 8 B 46 A
	-> A B E 8 9 10 17 
Structure 347: D 25 E 10 18 9 8 B C A
	-> A B C D E 8 9 10 18 
Structure 348: D 15 E F 16 54 4 46 A
	-> A D E 15 F 16 
Structure 349: D 15 E F 16 B C A
	-> A B C D E 15 F 16 
Structure 350: 40 17 37 20 32 9 8 B C A
	-> A B C 8 9 17 
Structure 351: D 25 E 10 18 9 8 30 B C A
	-> A B C D E 8 9 10 18 
Structure 352: 17 27 21 10 9 8 22 B C A
	-> A B C 8 9 10 17 
Structure 353: D E 10 18 9 8 B C A
	-> A B C D E 8 9 10 18 
Structure 354: 17 25 E 10 9 8 B A
	-> A B E 8 9 10 17 
Structure 355: 17 29 28 21 10 47 9 8 B C A
	-> A B C 8 9 10 17 
Structure 356: D 20 10 18 24 9 8 B A
	-> A B D 8 9 10 18 
Structure 357: D 20 10 18 9 8 B A
	-> A B D 8 9 10 18 
Structure 358: D 26 E 10 18 9 8 B 48 2 1
	-> B D E 8 9 10 18 
Structure 359: D 15 E F 16 42 B C A
	-> A B C D E 15 F 16 
Structure 360: D 26 E 10 18 9 8 B 50 A
	-> A B D E 8 9 10 18 
Structure 361: D 15 E F 16 42 B A
	-> A B D E 15 F 16 
Structure 362: D 20 10 18 9 8 B 46 A
	-> A B D 8 9 10 18 
Structure 363: D 15 E F 16 B 50 A
	-> A B D E 15 F 16 
Structure 364: D 25 E 10 18 44 9 8 B A
	-> A B D E 8 9 10 18 
Structure 365: 40 17 27 21 10 18 9 8 B A
	-> A B 8 9 10 17 18 
Structure 366: D 15 E F 16 B C A
	-> A B C D E 15 F 16 
Structure 367: 17 25 E 10 18 44 8 22 B C A
	-> A B C E 8 10 17 18 
Structure 368: D E 10 18 9 8 B C A
	-> A B C D E 8 9 10 18 
Structure 369: D 20 10 18 9 8 B C A
	-> A B C D 8 9 10 18 
Structure 370: 17 25 E 10 18 9 8 22 B A
	-> A B E 8 9 10 17 18 
Structure 371: 17 27 21 10 9 8 22 B C A
	-> A B C 8 9 10 17 
Structure 372: D 38 E 10 9 8 B C A
	-> A B C D E 8 9 10 
Structure 373: D 15 20 F 16 22 B C A
	-> A B C D 15 F 16 
Structure 374: 17 27 21 10 18 9 8 22 B C A
	-> A B C 8 9 10 17 18 
Structure 375: D 15 20 F 16 B A
	-> A B D 15 F 16 
Structure 376: D 15 20 F 16 42 B C A
	-> A B C D 15 F 16 
Structure 377: D 15 E F 16 B A
	-> A B D E 15 F 16 
Structure 378: D 15 E F 16 4 96 A
	-> A D E 15 F 16 
Structure 379: 17 E 10 18 9 8 B A
	-> A B E 8 9 10 17 18 
Structure 380: D E 10 18 9 8 22 B A
	-> A B D E 8 9 10 18 
Structure 381: 17 27 21 10 9 8 B C A
	-> A B C 8 9 10 17 
Structure 382: 17 26 E 10 18 9 8 B A
	-> A B E 8 9 10 17 18 
Structure 383: D 26 E 10 9 8 22 B A
	-> A B D E 8 9 10 
Structure 384: D 15 E F 35 36 70 A 59
	-> A D E 15 F 
Structure 385: D 25 E 10 18 9 33 8 B A
	-> A B D E 8 9 10 18 
Structure 386: D 15 E F 16 B 46 A
	-> A B D E 15 F 16 
Structure 387: 17 25 E 10 18 24 9 8 B 46 A
	-> A B E 8 9 10 17 18 
Structure 388: D 25 E 12 52 8 B A
	-> A B D E 8 
Structure 389: D 15 20 F 16 42 B C A
	-> A B C D 15 F 16 
Structure 390: D 15 E F 16 B A
	-> A B D E 15 F 16 
Structure 391: D 20 10 9 8 B A
	-> A B D 8 9 10 
Structure 392: D 15 E F 16 B C A
	-> A B C D E 15 F 16 
Structure 393: D 20 10 18 9 8 30 94 B C A
	-> A B C D 8 9 10 18 
Structure 394: 31 17 29 28 21 10 18 9 8 B C A
	-> A B C 8 9 10 17 18 
Structure 395: D 15 E F 16 B A
	-> A B D E 15 F 16 
Structure 396: D 15 20 F 16 B A
	-> A B D 15 F 16 
Structure 397: D 15 20 F 16 B A
	-> A B D 15 F 16 
Structure 398: D 58 64 121 122 A 39 57 41 123
	-> A D 
Structure 399: 17 27 21 10 18 24 9 33 8 30 B A
	-> A B 8 9 10 17 18 
Structure 400: D 15 E F 16 B C A
	-> A B C D E 15 F 16 
Structure 401: D 26 E 10 18 9 8 B C A
	-> A B C D E 8 9 10 18 
Structure 402: D 15 E F 16 B C A
	-> A B C D E 15 F 16 
Structure 403: D 15 E F 16 43 B C A
	-> A B C D E 15 F 16 
Structure 404: D 15 E F 16 B C A
	-> A B C D E 15 F 16 
Structure 405: 17 29 28 21 10 18 9 8 22 B A
	-> A B 8 9 10 17 18 
Structure 406: 17 29 28 21 10 9 8 B C A
	-> A B C 8 9 10 17 
Structure 407: D 15 E 12 52 8 22 B A
	-> A B D E 8 15 
Structure 408: 31 17 E 21 10 18 9 8 B C A
	-> A B C E 8 9 10 17 18 
Structure 409: D 38 34 10 24 9 8 B A
	-> A B D 8 9 10 
Structure 410: D 45 E 53 35 36 1 39 41
	-> D E 
Structure 411: D 15 20 F 16 B C A
	-> A B C D 15 F 16 
Structure 412: D 15 E F 16 B C A
	-> A B C D E 15 F 16 
Structure 413: D 15 20 12 52 8 22 B C A
	-> A B C D 8 15 
Structure 414: D 26 E 10 18 9 8 22 B 46 C A
	-> A B C D E 8 9 10 18 
Structure 415: D 26 E 10 18 9 8 22 B C A
	-> A B C D E 8 9 10 18 
Structure 416: D 15 20 F 16 49 B C A
	-> A B C D 15 F 16 
Structure 417: D 26 E 10 18 9 8 B C A
	-> A B C D E 8 9 10 18 
Structure 418: 31 17 29 28 21 10 24 9 8 B A
	-> A B 8 9 10 17 
Structure 419: D 15 E F 16 B C A
	-> A B C D E 15 F 16 
Structure 420: D 15 E F 16 49 B A
	-> A B D E 15 F 16 
Structure 421: D 80 15 E F 16 B C A
	-> A B C D E 15 F 16 
Structure 422: D 15 E F 16 B C A
	-> A B C D E 15 F 16 
Structure 423: D 25 E 10 18 9 8 B A
	-> A B D E 8 9 10 18 
Structure 424: D 15 E F 16 B A
	-> A B D E 15 F 16 
Structure 425: D 15 E F 16 B C A
	-> A B C D E 15 F 16 
Structure 426: 17 25 E 10 18 9 8 B A
	-> A B E 8 9 10 17 18 
Structure 427: 17 27 21 10 18 9 8 B A
	-> A B 8 9 10 17 18 
Structure 428: 31 17 45 E 53 68 35 36 2 1 63 39 41
	-> E 17 
Structure 429: 31 17 29 28 21 10 18 24 9 8 30 B A
	-> A B 8 9 10 17 18 
Structure 430: 17 20 10 18 9 8 B A
	-> A B 8 9 10 17 18 
Structure 431: 17 E 21 10 9 8 B C A
	-> A B C E 8 9 10 17 
Structure 432: D 20 10 9 8 B C A
	-> A B C D 8 9 10 
Structure 433: D 15 E F 16 B C A
	-> A B C D E 15 F 16 
Structure 434: D 26 E 10 18 24 9 8 B C A
	-> A B C D E 8 9 10 18 
Structure 435: D 15 E F 16 B 50 A
	-> A B D E 15 F 16 
Structure 436: 17 38 34 10 18 52 8 22 B C A
	-> A B C 8 10 17 18 
Structure 437: D 25 E 10 9 8 B C A
	-> A B C D E 8 9 10 
Structure 438: D 15 20 F 16 B C A
	-> A B C D 15 F 16 
Structure 439: D 124 37 20 53 35 36 69 1 39 41
	-> D 
Structure 440: 17 29 28 21 10 18 9 8 B A
	-> A B 8 9 10 17 18 
Structure 441: D 37 20 8 B A 67
	-> A B D 8 
Structure 442: D 15 E F 16 B C A
	-> A B C D E 15 F 16 
Structure 443: 31 17 27 21 10 51 47 9 8 B A
	-> A B 8 9 10 17 
Structure 444: D 15 E F 16 B C A
	-> A B C D E 15 F 16 
Structure 445: D E 10 18 44 9 8 22 B C A
	-> A B C D E 8 9 10 18 
Structure 446: 17 27 21 10 9 8 22 B A
	-> A B 8 9 10 17 
Structure 447: D 20 10 18 47 9 8 B C A
	-> A B C D 8 9 10 18 
Structure 448: D 15 E F 16 B C A
	-> A B C D E 15 F 16 
Structure 449: 40 17 58 20 35 36 A 39 41
	-> A 17 
Structure 450: 40 17 20 10 18 24 9 8 22 B C A
	-> A B C 8 9 10 17 18 
Structure 451: 17 29 28 21 10 18 24 9 8 B A
	-> A B 8 9 10 17 18 
Structure 452: D 15 E F 16 42 B A
	-> A B D E 15 F 16 
Structure 453: D 26 E 10 18 24 9 8 22 B 50 A
	-> A B D E 8 9 10 18 
Structure 454: D 15 82 F 16 42 B C A
	-> A B C D 15 F 16 
Structure 455: D 15 E F 16 49 B C A
	-> A B C D E 15 F 16 
Structure 456: 40 17 29 28 21 10 18 24 9 8 B C A
	-> A B C 8 9 10 17 18 
Structure 457: D 26 E 10 52 8 B A
	-> A B D E 8 10 
Structure 458: D 15 E F 16 B A
	-> A B D E 15 F 16 
Structure 459: D 15 E F 16 B A
	-> A B D E 15 F 16 
Structure 460: D 20 10 18 9 8 B C A
	-> A B C D 8 9 10 18 
Structure 461: 40 17 25 E 10 18 9 8 B C A
	-> A B C E 8 9 10 17 18 
Structure 462: D 15 E F 16 B 46 C A
	-> A B C D E 15 F 16 
Structure 463: D 26 E 10 18 9 8 B C A
	-> A B C D E 8 9 10 18 
Structure 464: 17 29 28 56 10 24 9 8 22 B 50 A
	-> A B 8 9 10 17 
Structure 465: D 15 E F 16 54 B 46 C A
	-> A B C D E 15 F 16 
Structure 466: 17 27 21 10 51 47 9 8 B A
	-> A B 8 9 10 17 
Structure 467: 17 E 85 68 35 36 A 79 89
	-> A E 17 
Structure 468: 17 29 28 21 10 18 9 8 B C A
	-> A B C 8 9 10 17 18 
Structure 469: 40 17 27 21 10 24 9 8 B A
	-> A B 8 9 10 17 
Structure 470: D E 10 9 8 22 B C A
	-> A B C D E 8 9 10 
Structure 471: D 15 20 F 16 B C A
	-> A B C D 15 F 16 
Structure 472: D 15 E F 16 B A
	-> A B D E 15 F 16 
Structure 473: 31 17 45 E 35 36 71 A 39 97 57 41
	-> A E 17 
Structure 474: 17 45 26 E 32 9 8 22 B C A
	-> A B C E 8 9 17 
Structure 475: D 15 20 F 16 42 B C A
	-> A B C D 15 F 16 
Structure 476: D 38 34 10 52 8 22 B C A
	-> A B C D 8 10 
Structure 477: 40 17 E 21 10 51 47 9 8 B C A
	-> A B C E 8 9 10 17 
Structure 478: 40 17 28 21 10 18 44 9 33 8 30 B C A
	-> A B C 8 9 10 17 18 
Structure 479: D 15 E F 16 49 B A
	-> A B D E 15 F 16 
Structure 480: D E 10 18 24 9 8 B C A
	-> A B C D E 8 9 10 18 
Structure 481: D 25 E 10 51 47 9 8 B C A
	-> A B C D E 8 9 10 
Structure 482: D 38 34 10 18 24 9 8 B C A
	-> A B C D 8 9 10 18 
Structure 483: D 15 E F 16 54 B C A
	-> A B C D E 15 F 16 
Structure 484: D 45 20 E 32 9 8 30 B C A
	-> A B C D E 8 9 
Structure 485: D 38 34 10 9 8 22 B C A
	-> A B C D 8 9 10 
Structure 486: D 26 E 10 18 9 8 30 B C A
	-> A B C D E 8 9 10 18 
Structure 487: D 15 E F 16 B C A
	-> A B C D E 15 F 16 
Structure 488: D 38 34 10 18 9 8 B C A
	-> A B C D 8 9 10 18 
Structure 489: 17 E 21 10 9 8 22 B C A
	-> A B C E 8 9 10 17 
Structure 490: D 45 26 E 32 9 8 22 B A
	-> A B D E 8 9 
Structure 491: D 20 10 18 24 76 9 8 22 B C A
	-> A B C D 8 9 10 18 
Structure 492: D 15 E F 16 B C A
	-> A B C D E 15 F 16 
Structure 493: D 45 E 32 9 33 8 B C A
	-> A B C D E 8 9 
Structure 494: D E 10 18 9 8 22 B A
	-> A B D E 8 9 10 18 
Structure 495: D 25 E 10 9 8 B C A
	-> A B C D E 8 9 10 
Structure 496: D 15 20 F 16 B C A
	-> A B C D 15 F 16 
Structure 497: D 26 E 10 18 9 8 22 B C A
	-> A B C D E 8 9 10 18 
Structure 498: 17 29 28 21 10 9 8 30 B C A
	-> A B C 8 9 10 17 
Structure 499: 17 45 20 53 35 36 2 1 63 39 41
	-> 17 
Structure 500: 17 20 10 18 9 8 B A
	-> A B 8 9 10 17 18 
Structure 501: D 15 20 F 16 43 B A
	-> A B D 15 F 16 
Structure 502: D 20 10 18 9 8 B C A
	-> A B C D 8 9 10 18 
Structure 503: D 15 E F 16 B C A
	-> A B C D E 15 F 16 
Structure 504: D 45 26 E 32 9 8 B C A
	-> A B C D E 8 9 
Structure 505: 17 29 28 21 10 18 44 9 8 B C A
	-> A B C 8 9 10 17 18 
Structure 506: D 15 E F 16 B A
	-> A B D E 15 F 16 
Structure 507: D 15 20 F 16 42 B C A
	-> A B C D 15 F 16 
Structure 508: D 15 E F 35 36 A 59
	-> A D E 15 F 
Structure 509: D 15 E F 16 B C A
	-> A B C D E 15 F 16 
Structure 510: D 15 E 12 52 8 B 50 A
	-> A B D E 8 15 
Structure 511: 17 29 28 21 10 18 24 9 8 B C A
	-> A B C 8 9 10 17 18 
Structure 512: D 20 10 18 9 8 22 B A
	-> A B D 8 9 10 18 
Structure 513: D 15 E F 16 B C 3 1
	-> B C D E 15 F 16 
Structure 514: D 45 E 32 9 8 22 B C A
	-> A B C D E 8 9 
Structure 515: 31 17 25 E 10 9 8 B C A
	-> A B C E 8 9 10 17 
Structure 516: D 15 E F 16 49 B A
	-> A B D E 15 F 16 
Structure 517: D 15 E F 16 B C A
	-> A B C D E 15 F 16 
Structure 518: 17 26 E 10 9 8 B A
	-> A B E 8 9 10 17 
Structure 519: D 15 E F 16 B C A
	-> A B C D E 15 F 16 
Structure 520: D 20 10 51 47 9 8 30 B A
	-> A B D 8 9 10 
Structure 521: D 15 E F 16 B C A
	-> A B C D E 15 F 16 
Structure 522: D 26 E 10 18 76 9 33 8 30 B 50 A
	-> A B D E 8 9 10 18 
Structure 523: D 25 E 10 18 9 8 30 B A
	-> A B D E 8 9 10 18 
Structure 524: D 15 20 F 16 B C A
	-> A B C D 15 F 16 
Structure 525: 17 37 20 32 9 8 22 B A
	-> A B 8 9 17 
Structure 526: 17 27 21 10 18 24 9 8 B A
	-> A B 8 9 10 17 18 
Structure 527: 31 17 29 28 56 10 18 9 8 43 4 77 A
	-> A 8 9 10 17 18 
Structure 528: D 20 10 18 9 8 22 B C A
	-> A B C D 8 9 10 18 
Structure 529: D 26 E 10 18 24 9 8 22 B C A
	-> A B C D E 8 9 10 18 
Structure 530: 17 25 E 10 18 9 33 8 B C A
	-> A B C E 8 9 10 17 18 
Structure 531: D 20 10 18 24 9 8 22 B C A
	-> A B C D 8 9 10 18 
Structure 532: D 15 E F 16 4 A
	-> A D E 15 F 16 
Structure 533: 40 17 20 10 18 9 8 30 B A
	-> A B 8 9 10 17 18 
Structure 534: 40 17 25 E 55 32 9 8 22 B C A
	-> A B C E 8 9 17 
Structure 535: 31 17 27 21 10 18 24 9 8 22 B A
	-> A B 8 9 10 17 18 
Structure 536: D 25 E 10 18 9 8 B C A
	-> A B C D E 8 9 10 18 
Structure 537: D 15 E F 16 B C A
	-> A B C D E 15 F 16 
Structure 538: 17 27 21 10 18 9 8 B 50 A
	-> A B 8 9 10 17 18 
Structure 539: D E 10 18 24 76 9 8 B C A
	-> A B C D E 8 9 10 18 
Structure 540: D 15 E F 16 42 B C A
	-> A B C D E 15 F 16 
Structure 541: D 15 20 F 16 B A
	-> A B D 15 F 16 
Structure 542: 31 17 E 21 10 18 9 8 30 B C A
	-> A B C E 8 9 10 17 18 
Structure 543: 17 29 28 21 10 9 8 B 50 A
	-> A B 8 9 10 17 
Structure 544: 17 E F 16 B A 65
	-> A B E F 16 17 
Structure 545: D 15 E 12 52 8 B C A
	-> A B C D E 8 15 
Structure 546: 17 E 21 10 18 9 8 B C A
	-> A B C E 8 9 10 17 18 
Structure 547: D 15 20 F 16 B A
	-> A B D 15 F 16 
Structure 548: 31 17 29 28 21 10 9 8 B A
	-> A B 8 9 10 17 
Structure 549: D 15 E F 16 B A
	-> A B D E 15 F 16 
Structure 550: D 15 20 F 16 49 B C A
	-> A B C D 15 F 16 
Structure 551: D 15 E F 16 42 B C A
	-> A B C D E 15 F 16 
Structure 552: D 15 20 F 16 B A
	-> A B D 15 F 16 
Structure 553: D 15 E F 16 B C A
	-> A B C D E 15 F 16 
Structure 554: D 15 20 F 16 43 B C A
	-> A B C D 15 F 16 
Structure 555: D E F 16 B C A
	-> A B C D E F 16 
Structure 556: D 15 E F 16 B C A
	-> A B C D E 15 F 16 
Structure 557: 17 27 21 10 18 24 9 33 8 22 B C A
	-> A B C 8 9 10 17 18 
Structure 558: D 15 E F 16 B C A
	-> A B C D E 15 F 16 
Structure 559: D 15 E F 16 43 B A
	-> A B D E 15 F 16 
Structure 560: D 15 E F 16 72 B C A
	-> A B C D E 15 F 16 
Structure 561: 17 27 21 10 9 8 B C A
	-> A B C 8 9 10 17 
Structure 562: 17 27 21 10 18 9 8 B C A
	-> A B C 8 9 10 17 18 
Structure 563: D E 10 18 9 8 22 B C A
	-> A B C D E 8 9 10 18 
Structure 564: D 26 E 10 18 9 8 22 B C A
	-> A B C D E 8 9 10 18 
Structure 565: D 15 E F 16 66 B C A
	-> A B C D E 15 F 16 
Structure 566: 17 27 21 10 51 47 9 33 8 B C A
	-> A B C 8 9 10 17 
Structure 567: 17 E 21 10 18 9 8 22 B C A
	-> A B C E 8 9 10 17 18 
Structure 568: D 15 20 F 16 B C A
	-> A B C D 15 F 16 
Structure 569: 17 27 21 10 18 24 9 8 B C A
	-> A B C 8 9 10 17 18 
Structure 570: D 26 E 10 18 9 8 B C A
	-> A B C D E 8 9 10 18 
Structure 571: D 15 E F 16 49 B A
	-> A B D E 15 F 16 
Structure 572: D 15 E F 16 B C A
	-> A B C D E 15 F 16 
Structure 573: 17 45 26 E 53 35 36 2 1 63 39 41
	-> E 17 
Structure 574: D 15 E F 16 49 B C A
	-> A B C D E 15 F 16 
Structure 575: D 15 E F 16 43 B A
	-> A B D E 15 F 16 
Structure 576: 17 27 21 10 18 9 8 B C A
	-> A B C 8 9 10 17 18 
Structure 577: 17 29 28 21 10 9 8 B C A
	-> A B C 8 9 10 17 
Structure 578: 40 17 25 E 55 32 93 9 33 8 B A
	-> A B E 8 9 17 
Structure 579: D 15 E F 16 49 B C A
	-> A B C D E 15 F 16 
Structure 580: 17 E 10 18 9 8 B C A
	-> A B C E 8 9 10 17 18 
Structure 581: 17 125 28 56 10 9 8 B A
	-> A B 8 9 10 17 
Structure 582: 17 25 E 10 51 47 9 33 8 22 B C A
	-> A B C E 8 9 10 17 
Structure 583: D 26 E 10 18 24 9 8 B C A
	-> A B C D E 8 9 10 18 
Structure 584: D 20 10 18 44 9 8 B C A
	-> A B C D 8 9 10 18 
Structure 585: 17 25 E 10 44 9 8 B C A
	-> A B C E 8 9 10 17 
Structure 586: 17 20 10 18 9 8 B C A
	-> A B C 8 9 10 17 18 
Structure 587: 17 45 E 32 9 8 B C A
	-> A B C E 8 9 17 
Structure 588: 17 25 E 10 9 8 22 B C A
	-> A B C E 8 9 10 17 
Structure 589: D 15 E F 16 42 B C A
	-> A B C D E 15 F 16 
Structure 590: 17 29 28 21 10 18 9 8 30 B A
	-> A B 8 9 10 17 18 
Structure 591: 40 17 27 21 10 18 9 8 B C A
	-> A B C 8 9 10 17 18 
Structure 592: D 15 E F 16 43 B C A
	-> A B C D E 15 F 16 
Structure 593: 17 26 E 10 18 9 8 22 B C A
	-> A B C E 8 9 10 17 18 
Structure 594: D 15 E F 16 B C A
	-> A B C D E 15 F 16 
Structure 595: D 15 E F 16 B C A
	-> A B C D E 15 F 16 
Structure 596: 17 E 21 10 18 9 8 B A
	-> A B E 8 9 10 17 18 
Structure 597: D 15 20 F 16 B C A
	-> A B C D 15 F 16 
Structure 598: 17 27 21 10 18 9 8 B A
	-> A B 8 9 10 17 18 
Structure 599: D 15 E F 16 B A
	-> A B D E 15 F 16 
Structure 600: D 15 E F 16 B C A
	-> A B C D E 15 F 16 
Structure 601: D 26 E 10 18 9 8 B 78 84 1
	-> B D E 8 9 10 18 
Structure 602: D 15 E F 16 B A
	-> A B D E 15 F 16 
Structure 603: D 15 20 F 16 B C A
	-> A B C D 15 F 16 
Structure 604: 17 E 21 10 18 9 8 B 46 C A
	-> A B C E 8 9 10 17 18 
Structure 605: D 20 10 9 8 B C A
	-> A B C D 8 9 10 
Structure 606: D 15 E F 16 B C A
	-> A B C D E 15 F 16 
Structure 607: 17 58 64 98 73 A 39 60 41
	-> A 17 
Structure 608: D 26 E 10 62 9 8 B C A
	-> A B C D E 8 9 10 
Structure 609: D 38 34 10 18 9 8 22 B C A
	-> A B C D 8 9 10 18 
Structure 610: D 15 E F 35 36 A 59
	-> A D E 15 F 
Structure 611: D 15 E F 16 49 B C A
	-> A B C D E 15 F 16 
Structure 612: D 15 E F 16 B C A
	-> A B C D E 15 F 16 
Structure 613: 40 17 45 20 32 9 8 22 B A
	-> A B 8 9 17 
Structure 614: 17 45 E 53 35 36 2 1 39 60 81 41
	-> E 17 
Structure 615: 17 58 E 35 36 A 39 60 81 41
	-> A E 17 
Structure 616: D 15 20 F 16 B A
	-> A B D 15 F 16 
Structure 617: 17 29 28 21 10 9 8 B C A
	-> A B C 8 9 10 17 
Structure 618: D 15 E F 16 B C A
	-> A B C D E 15 F 16 
Structure 619: 17 E 10 18 9 8 B C A
	-> A B C E 8 9 10 17 18 
Structure 620: 17 29 28 21 10 18 24 9 8 22 B C A
	-> A B C 8 9 10 17 18 
Structure 621: D 38 34 10 18 9 8 B C A
	-> A B C D 8 9 10 18 
Structure 622: 17 58 64 73 99 A 39 41
	-> A 17 
Structure 623: D 38 34 10 18 9 8 B C A
	-> A B C D 8 9 10 18 
Structure 624: D E 10 18 44 8 22 B A
	-> A B D E 8 10 18 
Structure 625: D 25 E 10 9 33 8 22 B A
	-> A B D E 8 9 10 
Structure 626: D 15 E F 16 22 B A
	-> A B D E 15 F 16 
Structure 627: D 25 E 10 18 9 8 30 B C A
	-> A B C D E 8 9 10 18 
Structure 628: D 15 20 F 16 B C A
	-> A B C D 15 F 16 
Structure 629: D 15 E F 16 B C A
	-> A B C D E 15 F 16 
Structure 630: D 15 E F 16 49 B C A
	-> A B C D E 15 F 16 
Structure 631: 17 20 F 16 B 46 C A 65
	-> A B C F 16 17 
Structure 632: 17 20 10 18 24 9 8 B C A
	-> A B C 8 9 10 17 18 
Structure 633: D 20 10 18 9 8 B C A
	-> A B C D 8 9 10 18 
Structure 634: 17 25 34 10 18 24 9 8 B C A
	-> A B C 8 9 10 17 18 
Structure 635: 17 27 21 10 18 9 33 8 B C A
	-> A B C 8 9 10 17 18 
Structure 636: 40 17 27 21 10 51 47 9 33 8 B A
	-> A B 8 9 10 17 
Structure 637: D 15 E F 16 B C A
	-> A B C D E 15 F 16 
Structure 638: 17 25 E F 16 B C A 65
	-> A B C E F 16 17 
Structure 639: D 25 E 10 18 47 9 8 B C A
	-> A B C D E 8 9 10 18 
Structure 640: 17 45 E 35 36 71 A 39 60 41
	-> A E 17 
Structure 641: D 15 E F 16 43 B C A
	-> A B C D E 15 F 16 
Structure 642: D 26 E 10 18 9 8 B C A
	-> A B C D E 8 9 10 18 
Structure 643: 17 25 E 10 24 9 8 B A
	-> A B E 8 9 10 17 
Structure 644: 17 27 21 10 18 9 8 4 126 A
	-> A 8 9 10 17 18 
Structure 645: D 15 E F 35 36 A 59
	-> A D E 15 F 
Structure 646: D 26 E 10 18 9 33 8 22 B C A
	-> A B C D E 8 9 10 18 
Structure 647: D 37 20 32 47 9 8 30 B C A
	-> A B C D 8 9 
Structure 648: D 38 34 10 18 9 33 8 22 B C A
	-> A B C D 8 9 10 18 
Structure 649: 17 37 20 32 9 8 22 B A
	-> A B 8 9 17 
Structure 650: D 80 15 E F 16 100 B C A
	-> A B C D E 15 F 16 
Structure 651: D 25 E 10 18 9 8 B A
	-> A B D E 8 9 10 18 
Structure 652: D 25 E 10 18 9 8 30 B A
	-> A B D E 8 9 10 18 
Structure 653: D 15 E F 16 B C A
	-> A B C D E 15 F 16 
Structure 654: 17 37 20 127 32 62 9 8 22 B C A
	-> A B C 8 9 17 
Structure 655: D 15 20 F 16 49 B C A
	-> A B C D 15 F 16 
Structure 656: 17 29 28 21 10 18 9 8 B C A
	-> A B C 8 9 10 17 18 
Structure 657: D 15 20 F 16 42 B C A
	-> A B C D 15 F 16 
Structure 658: D 38 34 10 18 24 9 8 22 B C A
	-> A B C D 8 9 10 18 
Structure 659: D 20 10 9 8 22 B C A
	-> A B C D 8 9 10 
Structure 660: D 15 E F 16 43 B C A
	-> A B C D E 15 F 16 
Structure 661: D 15 E F 16 43 B C A
	-> A B C D E 15 F 16 
Structure 662: D 15 E F 16 B A
	-> A B D E 15 F 16 
Structure 663: D 37 20 32 9 8 22 B A
	-> A B D 8 9 
Structure 664: D 15 E F 16 42 B C A
	-> A B C D E 15 F 16 
Structure 665: 31 17 38 34 10 18 9 8 22 B C A
	-> A B C 8 9 10 17 18 
Structure 666: D 20 10 18 9 8 B A
	-> A B D 8 9 10 18 
Structure 667: D 15 E F 16 B C A
	-> A B C D E 15 F 16 
Structure 668: 40 17 20 55 32 9 8 22 B A
	-> A B 8 9 17 
Structure 669: D 15 E F 16 54 B C A
	-> A B C D E 15 F 16 
Structure 670: D 20 10 18 24 9 8 B 50 A
	-> A B D 8 9 10 18 
Structure 671: 17 20 10 18 9 8 B 46 A
	-> A B 8 9 10 17 18 
Structure 672: D 15 20 F 35 36 A 59
	-> A D 15 F 
Structure 673: D E 10 18 9 8 22 B A
	-> A B D E 8 9 10 18 
Structure 674: D 20 10 9 8 B C A
	-> A B C D 8 9 10 
Structure 675: 17 26 E 10 18 9 8 B A
	-> A B E 8 9 10 17 18 
Structure 676: 17 25 E 10 18 9 8 22 B A
	-> A B E 8 9 10 17 18 
Structure 677: D 15 E F 16 B C A
	-> A B C D E 15 F 16 
Structure 678: 17 45 E 68 35 36 A 39 41
	-> A E 17 
Structure 679: D 26 E 10 51 47 9 8 22 B C A
	-> A B C D E 8 9 10 
Structure 680: D 15 20 F 16 43 B C A
	-> A B C D 15 F 16 
Structure 681: 17 45 26 E 32 62 9 8 B A
	-> A B E 8 9 17 
Structure 682: D 38 34 10 18 24 9 8 B C A
	-> A B C D 8 9 10 18 
Structure 683: 17 20 10 18 9 8 B A
	-> A B 8 9 10 17 18 
Structure 684: 17 29 28 21 10 18 9 8 4 77 A
	-> A 8 9 10 17 18 
Structure 685: D 26 E 10 9 33 8 B 50 A
	-> A B D E 8 9 10 
Structure 686: 31 17 27 21 10 47 9 8 B C A
	-> A B C 8 9 10 17 
Structure 687: 17 29 28 21 10 18 9 8 B A
	-> A B 8 9 10 17 18 
Structure 688: 40 17 27 21 10 18 9 8 30 B C A
	-> A B C 8 9 10 17 18 
Structure 689: D 15 E F 16 54 B A
	-> A B D E 15 F 16 
Structure 690: D 37 E 32 9 8 22 B C A
	-> A B C D E 8 9 
Structure 691: D 15 E F 16 43 B C A
	-> A B C D E 15 F 16 
Structure 692: 17 29 28 21 10 18 24 44 8 22 B C A
	-> A B C 8 10 17 18 
Structure 693: D 15 20 F 16 B C A
	-> A B C D 15 F 16 
Structure 694: 17 25 E 10 18 9 8 B C A
	-> A B C E 8 9 10 17 18 
Structure 695: 17 29 28 21 10 18 9 8 B C A
	-> A B C 8 9 10 17 18 
Structure 696: D 15 E F 16 B C A
	-> A B C D E 15 F 16 
Structure 697: D 26 E 10 18 9 8 B C A
	-> A B C D E 8 9 10 18 
Structure 698: D 15 E 12 52 8 22 B C A
	-> A B C D E 8 15 
Structure 699: D 25 E 10 18 9 8 B C A
	-> A B C D E 8 9 10 18 
Structure 700: 17 37 20 53 35 36 69 1 39 41
	-> 17 
Structure 701: 17 34 21 10 18 9 8 22 B C A
	-> A B C 8 9 10 17 18 
Structure 702: D 38 34 10 18 9 8 B C A
	-> A B C D 8 9 10 18 
Structure 703: 17 E 10 18 9 8 B C A
	-> A B C E 8 9 10 17 18 
Structure 704: D 38 34 10 18 76 9 8 B A
	-> A B D 8 9 10 18 
Structure 705: D 15 E F 16 43 B A
	-> A B D E 15 F 16 
Structure 706: 17 27 21 10 18 9 8 B 50 A
	-> A B 8 9 10 17 18 
Structure 707: D 15 20 F 16 54 B C A
	-> A B C D 15 F 16 
Structure 708: D 15 E F 16 B A
	-> A B D E 15 F 16 
Structure 709: D 15 E F 16 B A
	-> A B D E 15 F 16 
Structure 710: D 15 E F 16 B C A
	-> A B C D E 15 F 16 
Structure 711: 31 17 37 20 83 66 B C A 79
	-> A B C 17 
Structure 712: D 15 E F 16 B C A
	-> A B C D E 15 F 16 
Structure 713: D 15 E F 16 49 B C A
	-> A B C D E 15 F 16 
Structure 714: D 15 E F 16 B C A
	-> A B C D E 15 F 16 
Structure 715: D 15 E F 16 43 B C A
	-> A B C D E 15 F 16 
Structure 716: D 15 E F 16 B C A
	-> A B C D E 15 F 16 
Structure 717: 40 17 29 28 56 21 10 18 9 8 30 B C A
	-> A B C 8 9 10 17 18 
Structure 718: D 25 E 10 18 24 9 8 B C A
	-> A B C D E 8 9 10 18 
Structure 719: 17 29 28 21 10 18 24 9 8 22 B A
	-> A B 8 9 10 17 18 
Structure 720: D 15 E F 16 B A
	-> A B D E 15 F 16 
Structure 721: D 15 E F 16 B C A
	-> A B C D E 15 F 16 
Structure 722: D 38 34 10 18 9 8 30 B C A
	-> A B C D 8 9 10 18 
Structure 723: D 15 E F 16 B C A
	-> A B C D E 15 F 16 
Structure 724: 17 26 E 10 18 9 8 30 B A
	-> A B E 8 9 10 17 18 
Structure 725: 17 29 28 21 10 9 8 22 B A
	-> A B 8 9 10 17 
Structure 726: 17 37 20 53 35 36 69 1 39 57 41
	-> 17 
Structure 727: D 25 E 10 18 9 8 B A
	-> A B D E 8 9 10 18 
Structure 728: D 20 10 24 9 8 B C A
	-> A B C D 8 9 10 
Structure 729: D 15 E F 16 42 B C A
	-> A B C D E 15 F 16 
Structure 730: D 15 E F 16 B A
	-> A B D E 15 F 16 
Structure 731: 17 E 21 10 24 9 8 B A
	-> A B E 8 9 10 17 
Structure 732: 31 17 E 10 18 24 9 8 B C A
	-> A B C E 8 9 10 17 18 
Structure 733: D 26 E 10 18 24 9 8 B C A
	-> A B C D E 8 9 10 18 
Structure 734: 17 27 21 10 18 44 9 8 B C A
	-> A B C 8 9 10 17 18 
Structure 735: D 15 E F 16 B A
	-> A B D E 15 F 16 
Structure 736: 40 17 20 10 51 47 9 8 B A
	-> A B 8 9 10 17 
Structure 737: D 15 20 F 16 4 96 A
	-> A D 15 F 16 
Structure 738: D 25 E 10 18 9 33 8 B C A
	-> A B C D E 8 9 10 18 
Structure 739: D 15 20 F 16 B C A
	-> A B C D 15 F 16 
Structure 740: 17 27 21 10 18 9 8 22 B C A
	-> A B C 8 9 10 17 18 
Structure 741: 17 26 E 10 18 44 9 8 B C A
	-> A B C E 8 9 10 17 18 
Structure 742: 17 38 34 10 18 24 9 8 B A
	-> A B 8 9 10 17 18 
Structure 743: D 25 E 10 18 9 8 B A
	-> A B D E 8 9 10 18 
Structure 744: 17 25 E 10 18 9 8 B C A
	-> A B C E 8 9 10 17 18 
Structure 745: D 15 E F 16 B C A
	-> A B C D E 15 F 16 
Structure 746: D 15 20 F 16 43 B C A
	-> A B C D 15 F 16 
Structure 747: D 26 E 10 51 47 9 8 B C A
	-> A B C D E 8 9 10 
Structure 748: D 15 E F 16 42 B C A
	-> A B C D E 15 F 16 
Structure 749: 17 20 10 18 9 8 B C A
	-> A B C 8 9 10 17 18 
Structure 750: 17 20 10 18 9 8 B A
	-> A B 8 9 10 17 18 
Structure 751: D 38 34 10 9 33 8 B C A
	-> A B C D 8 9 10 
Structure 752: 17 27 21 10 18 24 9 8 22 B C A
	-> A B C 8 9 10 17 18 
Structure 753: 17 29 28 21 10 51 47 9 8 B C A
	-> A B C 8 9 10 17 
Structure 754: 17 15 E F 16 22 B C A
	-> A B C E 15 F 16 17 
Structure 755: D 15 E F 16 72 B C A
	-> A B C D E 15 F 16 
Structure 756: D 15 E F 16 49 B C A
	-> A B C D E 15 F 16 
Structure 757: D 15 20 F 16 4 77 A
	-> A D 15 F 16 
Structure 758: D 37 20 32 62 9 8 B A
	-> A B D 8 9 
Structure 759: 17 37 20 35 36 70 71 A 39 57 41
	-> A 17 
Structure 760: 6 74 26 E 10 18 9 8 22 B C A
	-> A B C E 8 9 10 18 
Structure 761: 17 E 10 18 9 8 B C A
	-> A B C E 8 9 10 17 18 
Structure 762: 31 17 29 28 21 10 18 9 8 22 B C A
	-> A B C 8 9 10 17 18 
Structure 763: 17 25 34 10 18 9 8 22 B C A
	-> A B C 8 9 10 17 18 
Structure 764: 17 29 28 21 10 18 8 B C A
	-> A B C 8 10 17 18 
Structure 765: 17 25 E 10 18 9 33 8 30 B C A
	-> A B C E 8 9 10 17 18 
Structure 766: 17 128 21 10 18 9 8 30 B A
	-> A B 8 9 10 17 18 
Structure 767: D 15 E F 16 42 B C A
	-> A B C D E 15 F 16 
Structure 768: D 15 82 F 16 B C A
	-> A B C D 15 F 16 
Structure 769: D 15 E F 16 B A
	-> A B D E 15 F 16 
Structure 770: D 15 E F 16 B C A
	-> A B C D E 15 F 16 
Structure 771: 17 29 28 21 10 18 9 8 B C A
	-> A B C 8 9 10 17 18 
Structure 772: D 15 E F 16 B C A
	-> A B C D E 15 F 16 
Structure 773: 17 37 20 53 35 36 70 69 101 1 39 57 41
	-> 17 
Structure 774: 17 37 20 91 8 B C A 67
	-> A B C 8 17 
Structure 775: 17 29 28 21 10 18 44 9 8 B C A
	-> A B C 8 9 10 17 18 
Structure 776: 17 27 21 10 18 24 9 8 22 B C A
	-> A B C 8 9 10 17 18 
Structure 777: 17 29 28 21 10 18 9 8 22 B C A
	-> A B C 8 9 10 17 18 
Structure 778: D 15 E F 16 B C A
	-> A B C D E 15 F 16 
Structure 779: 17 45 E 53 35 36 2 1 129 39 57 41
	-> E 17 
Structure 780: 17 27 21 10 18 44 8 22 B C A
	-> A B C 8 10 17 18 
Structure 781: D 15 20 F 16 B C A
	-> A B C D 15 F 16 
Structure 782: D 20 10 9 8 B C A
	-> A B C D 8 9 10 
Structure 783: D 58 20 35 36 A 39 97 57 41
	-> A D 
Structure 784: D 15 20 F 16 B C A
	-> A B C D 15 F 16 
Structure 785: D 15 E F 16 43 B C 3 1
	-> B C D E 15 F 16 
Structure 786: D 38 34 10 18 9 33 8 22 B C A
	-> A B C D 8 9 10 18 
Structure 787: D 15 20 F 16 66 B C A
	-> A B C D 15 F 16 
Structure 788: 17 29 28 21 10 18 9 8 30 B C A
	-> A B C 8 9 10 17 18 
Structure 789: D 15 E F 16 B A
	-> A B D E 15 F 16 
Structure 790: D 15 E F 16 42 B C A
	-> A B C D E 15 F 16 
Structure 791: D 15 E F 16 42 B C A
	-> A B C D E 15 F 16 
Structure 792: D 15 E F 16 B C A
	-> A B C D E 15 F 16 
Structure 793: D 37 20 32 9 8 B C A
	-> A B C D 8 9 
Structure 794: 17 29 28 21 10 9 8 B C A
	-> A B C 8 9 10 17 
Structure 795: D 26 E 10 18 9 8 B 50 A
	-> A B D E 8 9 10 18 
Structure 796: 17 E 10 18 9 8 30 B 46 A
	-> A B E 8 9 10 17 18 
Structure 797: D 15 E F 16 B A
	-> A B D E 15 F 16 
Structure 798: D 26 E 10 51 47 9 33 8 B C A
	-> A B C D E 8 9 10 
Structure 799: 31 17 27 21 10 18 9 8 30 B C A
	-> A B C 8 9 10 17 18 
Structure 800: 31 17 E 21 10 18 9 8 B 46 C A
	-> A B C E 8 9 10 17 18 
Structure 801: 17 20 10 18 9 8 B C A
	-> A B C 8 9 10 17 18 
Structure 802: 17 25 E 10 18 24 44 8 B A
	-> A B E 8 10 17 18 
Structure 803: D 15 20 F 16 72 B C A
	-> A B C D 15 F 16 
Structure 804: 17 25 E 55 32 9 8 22 B C A
	-> A B C E 8 9 17 
Structure 805: D 20 10 24 9 8 22 B 50 A
	-> A B D 8 9 10 
Structure 806: D 15 20 F 16 43 B C A
	-> A B C D 15 F 16 
Structure 807: D 25 E 10 18 9 8 30 B A
	-> A B D E 8 9 10 18 
Structure 808: 17 26 E 10 18 9 8 B C A
	-> A B C E 8 9 10 17 18 
Structure 809: D 15 E F 16 B C A
	-> A B C D E 15 F 16 
Structure 810: 40 17 27 56 21 10 18 24 9 8 B C A
	-> A B C 8 9 10 17 18 
Structure 811: 17 29 28 21 10 18 9 8 B A
	-> A B 8 9 10 17 18 
Structure 812: D 15 20 F 16 B A
	-> A B D 15 F 16 
Structure 813: 31 17 37 20 53 35 36 2 1 87 39 60 41
	-> 17 
Structure 814: D 15 E F 16 B C A
	-> A B C D E 15 F 16 
Structure 815: D 15 E F 16 B A
	-> A B D E 15 F 16 
Structure 816: 31 17 27 21 10 18 9 8 B C A
	-> A B C 8 9 10 17 18 
Structure 817: D 15 E F 16 B 46 A
	-> A B D E 15 F 16 
Structure 818: D 15 20 F 16 B C A
	-> A B C D 15 F 16 
Structure 819: 17 27 21 10 18 24 9 8 B 50 A
	-> A B 8 9 10 17 18 
Structure 820: 17 20 10 18 9 8 22 B C A
	-> A B C 8 9 10 17 18 
Structure 821: 17 26 E 10 9 8 B A
	-> A B E 8 9 10 17 
Structure 822: 17 37 20 9 8 B C A 65
	-> A B C 8 9 17 
Structure 823: D 15 E F 16 43 B A
	-> A B D E 15 F 16 
Structure 824: D 15 E F 16 B 50 A
	-> A B D E 15 F 16 
Structure 825: 31 17 E 21 10 24 9 33 8 30 B 46 C A
	-> A B C E 8 9 10 17 
Structure 826: D 20 10 18 9 8 30 B C A
	-> A B C D 8 9 10 18 
Structure 827: D 20 10 9 8 22 B A
	-> A B D 8 9 10 
Structure 828: 17 25 E 10 52 8 B C A 88
	-> A B C E 8 10 17 
Structure 829: D E 10 18 9 33 8 22 B A
	-> A B D E 8 9 10 18 
Structure 830: D 15 E F 16 54 B C A
	-> A B C D E 15 F 16 
Structure 831: D 15 E F 16 B C A
	-> A B C D E 15 F 16 
Structure 832: D 15 E F 16 43 B A
	-> A B D E 15 F 16 
Structure 833: 17 E 10 18 24 9 8 22 B 46 C A
	-> A B C E 8 9 10 17 18 
Structure 834: 17 E 21 10 24 9 8 22 B C A
	-> A B C E 8 9 10 17 
Structure 835: D 15 E F 16 B C A
	-> A B C D E 15 F 16 
Structure 836: D 15 E 12 52 8 B C A
	-> A B C D E 8 15 
Structure 837: 31 17 E 21 10 18 86 9 8 30 B C A
	-> A B C E 8 9 10 17 18 
Structure 838: D 15 E F 16 B A
	-> A B D E 15 F 16 
Structure 839: D 20 10 18 9 33 8 22 B 50 A
	-> A B D 8 9 10 18 
Structure 840: 31 17 27 56 10 9 8 B C A
	-> A B C 8 9 10 17 
Structure 841: D 15 E F 16 B C A
	-> A B C D E 15 F 16 
Structure 842: D 15 20 F 16 B A
	-> A B D 15 F 16 
Structure 843: 31 17 29 28 21 10 18 9 33 8 B C A
	-> A B C 8 9 10 17 18 
Structure 844: D 15 E F 16 B C A
	-> A B C D E 15 F 16 
Structure 845: D 15 20 F 16 B C A
	-> A B C D 15 F 16 
Structure 846: D 15 E F 16 B A
	-> A B D E 15 F 16 
Structure 847: 17 20 10 18 9 8 B A
	-> A B 8 9 10 17 18 
Structure 848: D 15 E F 16 B 46 C A
	-> A B C D E 15 F 16 
Structure 849: 130 131 15 20 F 16 B 46 C A
	-> A B C 15 F 16 
Structure 850: D 15 20 F 16 B C A
	-> A B C D 15 F 16 
Structure 851: 17 E 21 10 9 8 B C A
	-> A B C E 8 9 10 17 
Structure 852: D 15 E F 16 43 B C A
	-> A B C D E 15 F 16 
Structure 853: 17 34 21 10 18 24 9 8 22 B C A
	-> A B C 8 9 10 17 18 
Structure 854: D 15 E F 16 100 B C A
	-> A B C D E 15 F 16 
Structure 855: D 15 E F 16 B C A
	-> A B C D E 15 F 16 
Structure 856: D 15 E F 16 B C A
	-> A B C D E 15 F 16 
Structure 857: D 15 E F 16 42 B 46 C A
	-> A B C D E 15 F 16 
Structure 858: D 37 E 32 9 8 B 50 A
	-> A B D E 8 9 
Structure 859: D 25 E 10 18 9 8 22 B A
	-> A B D E 8 9 10 18 
Structure 860: D 15 E F 16 72 B C A
	-> A B C D E 15 F 16 
Structure 861: D 38 34 10 18 9 8 B C A
	-> A B C D 8 9 10 18 
Structure 862: 17 27 56 21 10 24 9 8 B C A
	-> A B C 8 9 10 17 
Structure 863: 40 17 27 21 10 18 9 8 22 B A
	-> A B 8 9 10 17 18 
Structure 864: D 15 E F 16 42 B C A
	-> A B C D E 15 F 16 
Structure 865: D 15 20 F 16 B C A
	-> A B C D 15 F 16 
Structure 866: 17 E 21 10 18 9 8 B C A
	-> A B C E 8 9 10 17 18 
Structure 867: D 15 E F 16 B C A
	-> A B C D E 15 F 16 
Structure 868: D 15 20 F 16 42 B A
	-> A B D 15 F 16 
Structure 869: 17 25 E 10 18 24 9 8 22 B C 3 61 1
	-> B C E 8 9 10 17 18 
Structure 870: 17 26 E 10 18 9 8 B A
	-> A B E 8 9 10 17 18 
Structure 871: D 15 E F 16 B C A
	-> A B C D E 15 F 16 
Structure 872: D 25 E 10 51 47 9 8 22 B 102 C A
	-> A B C D E 8 9 10 
Structure 873: 40 17 27 21 10 9 8 B C A
	-> A B C 8 9 10 17 
Structure 874: D 132 15 20 F 16 B A
	-> A B D 15 F 16 
Structure 875: D 15 E F 16 49 B C A
	-> A B C D E 15 F 16 
Structure 876: 31 17 29 28 21 10 18 9 8 B A
	-> A B 8 9 10 17 18 
Structure 877: 40 17 29 28 21 10 18 24 9 8 22 B C A
	-> A B C 8 9 10 17 18 
Structure 878: 17 29 28 21 10 18 9 8 B C A
	-> A B C 8 9 10 17 18 
Structure 879: 31 17 E 21 10 18 24 9 8 22 B A
	-> A B E 8 9 10 17 18 
Structure 880: 17 26 E 10 18 9 8 22 B A
	-> A B E 8 9 10 17 18 
Structure 881: 17 29 28 21 10 18 9 8 B C A
	-> A B C 8 9 10 17 18 
Structure 882: D 15 E F 16 43 B C 3 1
	-> B C D E 15 F 16 
Structure 883: 17 29 28 21 10 18 24 9 8 B C A
	-> A B C 8 9 10 17 18 
Structure 884: 31 17 27 21 10 18 9 8 22 B C A
	-> A B C 8 9 10 17 18 
Structure 885: D E F 16 42 B C A
	-> A B C D E F 16 
Structure 886: D 15 E F 16 66 B 50 A
	-> A B D E 15 F 16 
Structure 887: D E 10 18 75 8 B A
	-> A B D E 8 10 18 
Structure 888: D 25 E 10 18 9 8 B A
	-> A B D E 8 9 10 18 
Structure 889: 17 27 21 10 18 9 33 8 22 B C A
	-> A B C 8 9 10 17 18 
Structure 890: D 20 10 18 9 8 B C A
	-> A B C D 8 9 10 18 
Structure 891: D 15 E F 16 54 B C A
	-> A B C D E 15 F 16 
Structure 892: D 15 E F 16 72 B A
	-> A B D E 15 F 16 
Structure 893: D 25 E 10 51 47 9 8 B C A
	-> A B C D E 8 9 10 
Structure 894: D 20 10 9 8 B A
	-> A B D 8 9 10 
Structure 895: 17 E 10 18 9 33 8 B 50 A
	-> A B E 8 9 10 17 18 
Structure 896: D 26 E 10 9 33 8 B A
	-> A B D E 8 9 10 
Structure 897: D 26 E 10 18 86 9 8 B C A
	-> A B C D E 8 9 10 18 
Structure 898: D E 10 18 24 9 8 22 B C A
	-> A B C D E 8 9 10 18 
Structure 899: 17 25 E 10 9 8 B C A
	-> A B C E 8 9 10 17 
Structure 900: 17 58 64 98 73 A 39 60 57 41
	-> A 17 
Structure 901: 17 133 21 10 18 44 8 B C 134 48 2 1
	-> B C 8 10 17 18 
Structure 902: 31 17 25 E 10 62 47 9 8 B C A
	-> A B C E 8 9 10 17 
Structure 903: D E 10 18 9 8 22 B C A
	-> A B C D E 8 9 10 18 
Structure 904: D 26 E 10 9 8 30 B A
	-> A B D E 8 9 10 
Structure 905: D 25 E 10 9 8 30 B C A
	-> A B C D E 8 9 10 
Structure 906: 17 29 28 21 10 24 9 8 30 B C 3 61 101 1
	-> B C 8 9 10 17 
Structure 907: D 15 E F 16 54 B A
	-> A B D E 15 F 16 
Structure 908: D 15 E F 16 49 B C A
	-> A B C D E 15 F 16 
Structure 909: 17 45 20 32 9 8 B A
	-> A B 8 9 17 
Structure 910: D 15 20 F 16 B C A
	-> A B C D 15 F 16 
Structure 911: D 25 E 10 24 9 8 B A
	-> A B D E 8 9 10 
Structure 912: 17 E 21 10 18 9 8 B C A
	-> A B C E 8 9 10 17 18 
Structure 913: D 26 E 10 18 9 8 B C A
	-> A B C D E 8 9 10 18 
Structure 914: D E 10 44 9 8 22 B C A
	-> A B C D E 8 9 10 
Structure 915: D 15 E F 16 B A
	-> A B D E 15 F 16 
Structure 916: 40 17 26 E 10 18 9 33 8 22 B C A
	-> A B C E 8 9 10 17 18 
Structure 917: 17 20 10 24 9 8 B A
	-> A B 8 9 10 17 
Structure 918: D 37 20 53 35 36 2 1 39 41
	-> D 
Structure 919: D 15 E F 16 B A
	-> A B D E 15 F 16 
Structure 920: D 15 E F 16 B A
	-> A B D E 15 F 16 
Structure 921: 17 27 56 10 18 24 9 8 30 B C A
	-> A B C 8 9 10 17 18 
Structure 922: D 15 E F 16 42 B C A
	-> A B C D E 15 F 16 
Structure 923: 17 20 10 18 44 9 33 8 B A
	-> A B 8 9 10 17 18 
Structure 924: D 15 E F 16 B C A
	-> A B C D E 15 F 16 
Structure 925: 6 74 25 E 10 24 9 8 B A
	-> A B E 8 9 10 
Structure 926: D 15 E F 16 42 B A
	-> A B D E 15 F 16 
Structure 927: 17 135 E 85 68 35 36 A 79
	-> A E 17 
Structure 928: D 15 E F 16 B A
	-> A B D E 15 F 16 
Structure 929: D 38 34 10 9 8 B C A
	-> A B C D 8 9 10 
Structure 930: 17 25 E 10 52 8 B A
	-> A B E 8 10 17 
Structure 931: D 25 E 10 18 9 8 B C A
	-> A B C D E 8 9 10 18 
Structure 932: D 45 20 32 9 8 B C A
	-> A B C D 8 9 
Structure 933: 17 29 28 21 10 9 8 B C A
	-> A B C 8 9 10 17 
Structure 934: 17 E 21 10 18 24 9 8 30 B C A
	-> A B C E 8 9 10 17 18 
Structure 935: D 38 34 10 18 9 8 22 B C A
	-> A B C D 8 9 10 18 
Structure 936: D 15 E F 16 43 B A
	-> A B D E 15 F 16 
Structure 937: 17 E 21 10 18 24 9 8 B C A
	-> A B C E 8 9 10 17 18 
Structure 938: 17 27 21 10 18 44 9 8 B C A
	-> A B C 8 9 10 17 18 
Structure 939: 17 25 E 10 18 9 8 B C A
	-> A B C E 8 9 10 17 18 
Structure 940: 17 38 34 10 9 8 B C A
	-> A B C 8 9 10 17 
Structure 941: D 15 82 F 16 B C A
	-> A B C D 15 F 16 
Structure 942: D 15 E F 16 B C A
	-> A B C D E 15 F 16 
Structure 943: D 15 20 F 16 B C A
	-> A B C D 15 F 16 
Structure 944: D 37 E 32 9 8 B C A
	-> A B C D E 8 9 
Structure 945: D 15 20 F 16 49 B C A
	-> A B C D 15 F 16 
Structure 946: D 15 20 F 16 66 B C A
	-> A B C D 15 F 16 
Structure 947: D 15 E F 16 49 B A
	-> A B D E 15 F 16 
Structure 948: D 15 E F 16 B C A
	-> A B C D E 15 F 16 
Structure 949: 31 17 E 21 10 9 8 B 46 A
	-> A B E 8 9 10 17 
Structure 950: D 37 20 32 75 8 B A
	-> A B D 8 
Structure 951: D 15 E F 16 B C A
	-> A B C D E 15 F 16 
Structure 952: D 15 E 12 52 8 B A
	-> A B D E 8 15 
Structure 953: 17 25 E 21 10 18 9 8 B A
	-> A B E 8 9 10 17 18 
Structure 954: D E 10 24 9 8 B A
	-> A B D E 8 9 10 
Structure 955: D 26 E 10 52 8 30 B C A
	-> A B C D E 8 10 
Structure 956: D 45 20 32 9 33 8 B C A
	-> A B C D 8 9 
Structure 957: D 15 20 F 16 B A
	-> A B D 15 F 16 
Structure 958: 17 29 28 21 10 18 24 9 8 B 46 C A
	-> A B C 8 9 10 17 18 
Structure 959: 17 37 20 35 36 71 A 39 57 41
	-> A 17 
Structure 960: 17 25 E 10 9 8 30 B C A
	-> A B C E 8 9 10 17 
Structure 961: 17 27 21 10 18 44 8 22 B C A
	-> A B C 8 10 17 18 
Structure 962: 17 29 28 21 10 18 9 8 B 102 C 3 61 1
	-> B C 8 9 10 17 18 
Structure 963: D 45 E 18 9 33 8 B A
	-> A B D E 8 9 18 
Structure 964: D 15 E F 16 B C A
	-> A B C D E 15 F 16 
Structure 965: 17 25 E F 16 136 B C A 65
	-> A B C E F 16 17 
Structure 966: D 15 E F 16 43 B C A
	-> A B C D E 15 F 16 
Structure 967: D 25 E 10 18 9 8 B C A
	-> A B C D E 8 9 10 18 
Structure 968: D 15 E F 16 B C A
	-> A B C D E 15 F 16 
Structure 969: D 15 E F 16 B C A
	-> A B C D E 15 F 16 
Structure 970: D 15 E F 16 B A
	-> A B D E 15 F 16 
Structure 971: D E 10 18 9 8 22 B A
	-> A B D E 8 9 10 18 
Structure 972: D 15 E F 16 B A
	-> A B D E 15 F 16 
Structure 973: D 15 E F 16 B C A
	-> A B C D E 15 F 16 
Structure 974: D 15 E F 16 49 B C A
	-> A B C D E 15 F 16 
Structure 975: D 15 20 F 16 B A
	-> A B D 15 F 16 
Structure 976: 17 27 21 10 18 44 8 B C 3 1
	-> B C 8 10 17 18 
Structure 977: 17 58 64 137 52 A 39 60 41
	-> A 17 
Structure 978: 31 17 58 64 73 99 A 39 60 81 41
	-> A 17 
Structure 979: D 15 20 F 16 B C A
	-> A B C D 15 F 16 
Structure 980: 17 E 10 9 8 B A
	-> A B E 8 9 10 17 
Structure 981: D 15 E F 16 B C A
	-> A B C D E 15 F 16 
Structure 982: D 15 E F 16 B C A
	-> A B C D E 15 F 16 
Structure 983: D 15 E F 16 42 B C A
	-> A B C D E 15 F 16 
Structure 984: D 15 E F 35 36 A 59
	-> A D E 15 F 
Structure 985: 40 17 27 21 10 18 9 8 22 B A
	-> A B 8 9 10 17 18 
Structure 986: D 15 E F 16 42 B C A
	-> A B C D E 15 F 16 
Structure 987: D 15 E F 16 B C A
	-> A B C D E 15 F 16 
Structure 988: 17 25 E 10 18 24 9 8 22 B A
	-> A B E 8 9 10 17 18 
Structure 989: 17 E 21 10 51 47 9 8 B C A
	-> A B C E 8 9 10 17 
Structure 990: D 15 E F 16 B C A
	-> A B C D E 15 F 16 
Structure 991: D 15 E F 16 B C A
	-> A B C D E 15 F 16 
Structure 992: 40 17 20 10 18 9 8 B 46 C A
	-> A B C 8 9 10 17 18 
Structure 993: 17 20 10 18 24 9 8 30 B A
	-> A B 8 9 10 17 18 
Structure 994: 17 45 E 32 62 9 8 B C A
	-> A B C E 8 9 17 
Structure 995: 17 E 21 10 18 44 8 22 B A
	-> A B E 8 10 17 18 
Structure 996: D 15 E F 16 B C A
	-> A B C D E 15 F 16 
Structure 997: D 15 E F 16 B C A
	-> A B C D E 15 F 16 
Structure 998: D 15 E F 16 B C A
	-> A B C D E 15 F 16 
Structure 999: 17 E 21 10 9 8 22 B 50 A
	-> A B E 8 9 10 17 
Structure 1000: 17 29 28 21 10 18 9 8 22 B A
	-> A B 8 9 10 17 18 
