Processing /nethome/akirkpatrick3/Research/RNA/profiling/RNAStructProfilingConsolidation/output/training/IRES_cripavirus/Black_queen_cell_vir.2_sfold/input/Black_queen_cell_vir.2_sfold.out
Structure 1: 1 4 9 15 14 8 7 12 5 2 3 
	-> 1 2 3 4 5 7 8 9 12 14 15 
Structure 2: 1 10 4 11 6 9 13 78 8 7 12 5 2 3 
	-> 1 2 3 4 5 6 7 8 9 10 11 12 13 
Structure 3: 1 20 28 4 11 6 32 15 14 8 7 5 2 3 
	-> 1 2 3 4 5 6 7 8 11 14 15 20 
Structure 4: 1 19 4 11 6 9 24 8 7 12 5 2 3 
	-> 1 2 3 4 5 6 7 8 9 11 12 19 
Structure 5: 1 10 4 6 47 23 21 13 18 17 16 5 2 3 
	-> 1 2 3 4 5 6 10 13 16 17 18 
Structure 6: 1 10 4 11 6 9 52 58 8 7 12 5 2 3 
	-> 1 2 3 4 5 6 7 8 9 10 11 12 
Structure 7: 1 20 19 4 74 23 21 13 18 17 45 16 121 2 3 
	-> 1 2 3 4 13 16 17 18 19 20 
Structure 8: 1 10 4 11 6 9 15 14 8 7 12 5 2 3 
	-> 1 2 3 4 5 6 7 8 9 10 11 12 14 15 
Structure 9: 1 10 4 6 105 22 18 17 33 16 5 2 3 
	-> 1 2 3 4 5 6 10 16 17 18 
Structure 10: 1 10 4 6 21 13 61 8 7 12 5 2 3 
	-> 1 2 3 4 5 6 7 8 10 12 13 
Structure 11: 1 10 4 6 9 13 27 8 7 12 5 35 2 3 
	-> 1 2 3 4 5 6 7 8 9 10 12 13 
Structure 12: 1 20 46 56 6 9 15 14 8 7 12 5 2 3 
	-> 1 2 3 5 6 7 8 9 12 14 15 20 
Structure 13: 1 10 4 6 9 62 14 8 7 12 5 2 3 
	-> 1 2 3 4 5 6 7 8 9 10 12 14 
Structure 14: 1 25 4 11 6 9 13 78 8 7 12 5 60 2 3 
	-> 1 2 3 4 5 6 7 8 9 11 12 13 
Structure 15: 1 10 4 11 6 23 21 13 18 17 16 5 35 2 3 
	-> 1 2 3 4 5 6 10 11 13 16 17 18 
Structure 16: 1 10 25 4 11 6 9 13 95 54 7 12 5 2 3 
	-> 1 2 3 4 5 6 7 9 10 11 12 13 
Structure 17: 1 4 11 6 32 15 14 8 7 5 35 2 3 
	-> 1 2 3 4 5 6 7 8 11 14 15 
Structure 18: 1 20 19 4 6 30 9 13 8 7 12 5 2 3 
	-> 1 2 3 4 5 6 7 8 9 12 13 19 20 
Structure 19: 1 10 4 6 30 9 13 27 8 7 12 5 2 3 
	-> 1 2 3 4 5 6 7 8 9 10 12 13 
Structure 20: 1 10 4 6 9 13 27 8 7 5 2 3 
	-> 1 2 3 4 5 6 7 8 9 10 13 
Structure 21: 1 20 4 6 43 9 15 14 54 7 12 5 2 3 
	-> 1 2 3 4 5 6 7 9 12 14 15 20 
Structure 22: 1 10 4 11 6 21 13 42 8 7 12 5 2 3 
	-> 1 2 3 4 5 6 7 8 10 11 12 13 
Structure 23: 1 10 4 6 9 21 13 27 8 29 7 5 2 3 
	-> 1 2 3 4 5 6 7 8 9 10 13 
Structure 24: 1 19 4 74 22 49 18 17 33 16 5 2 3 
	-> 1 2 3 4 5 16 17 18 19 
Structure 25: 1 19 4 6 30 22 18 17 33 16 36 2 3 
	-> 1 2 3 4 6 16 17 18 19 
Structure 26: 1 10 4 11 6 9 15 14 8 7 5 2 3 
	-> 1 2 3 4 5 6 7 8 9 10 11 14 15 
Structure 27: 1 10 19 4 6 23 32 15 14 16 34 12 5 2 3 
	-> 1 2 3 4 5 6 10 12 14 15 16 19 
Structure 28: 1 10 19 4 11 6 9 15 14 8 29 7 5 2 3 
	-> 1 2 3 4 5 6 7 8 9 10 11 14 15 19 
Structure 29: 1 10 19 4 11 6 9 57 13 8 106 5 2 3 
	-> 1 2 3 4 5 6 8 9 10 11 13 19 
Structure 30: 1 19 4 11 6 96 32 15 14 8 7 5 2 3 
	-> 1 2 3 4 5 6 7 8 11 14 15 19 
Structure 31: 1 10 4 6 47 9 57 13 97 8 7 5 2 3 
	-> 1 2 3 4 5 6 7 8 9 10 13 
Structure 32: 1 10 28 19 4 11 6 22 18 17 44 16 5 2 3 
	-> 1 2 3 4 5 6 10 11 16 17 18 19 
Structure 33: 1 10 19 4 6 79 122 22 18 17 16 5 2 3 
	-> 1 2 3 4 5 6 10 16 17 18 19 
Structure 34: 1 10 25 4 11 6 9 13 27 8 7 5 2 3 
	-> 1 2 3 4 5 6 7 8 9 10 11 13 
Structure 35: 1 10 4 6 9 37 8 7 12 5 2 3 
	-> 1 2 3 4 5 6 7 8 9 10 12 
Structure 36: 1 20 4 6 9 13 40 8 7 12 5 2 3 
	-> 1 2 3 4 5 6 7 8 9 12 13 20 
Structure 37: 1 4 11 6 9 15 14 8 7 12 5 2 3 
	-> 1 2 3 4 5 6 7 8 9 11 12 14 15 
Structure 38: 1 20 4 6 9 15 14 8 7 12 5 2 3 
	-> 1 2 3 4 5 6 7 8 9 12 14 15 20 
Structure 39: 1 67 64 123 22 18 17 33 16 5 2 3 
	-> 1 2 3 5 16 17 18 
Structure 40: 1 20 4 6 9 15 14 8 29 7 5 2 3 
	-> 1 2 3 4 5 6 7 8 9 14 15 20 
Structure 41: 1 20 4 11 6 9 13 31 8 7 12 5 2 3 
	-> 1 2 3 4 5 6 7 8 9 11 12 13 20 
Structure 42: 1 10 4 11 6 9 13 31 8 7 5 2 3 
	-> 1 2 3 4 5 6 7 8 9 10 11 13 
Structure 43: 1 10 28 4 6 9 15 14 8 7 12 5 2 3 
	-> 1 2 3 4 5 6 7 8 9 10 12 14 15 
Structure 44: 1 10 4 11 6 9 37 8 7 12 5 2 3 
	-> 1 2 3 4 5 6 7 8 9 10 11 12 
Structure 45: 1 10 4 6 9 39 26 8 7 12 5 2 3 
	-> 1 2 3 4 5 6 7 8 9 10 12 
Structure 46: 1 19 4 11 6 43 9 13 27 8 7 12 5 2 3 
	-> 1 2 3 4 5 6 7 8 9 11 12 13 19 
Structure 47: 1 19 4 11 6 23 21 13 18 17 16 5 2 3 
	-> 1 2 3 4 5 6 11 13 16 17 18 19 
Structure 48: 1 25 4 6 9 13 78 31 8 29 7 5 2 3 
	-> 1 2 3 4 5 6 7 8 9 13 
Structure 49: 1 20 4 11 6 21 13 41 16 34 12 5 2 3 
	-> 1 2 3 4 5 6 11 12 13 16 20 
Structure 50: 1 19 4 11 6 9 13 27 8 7 5 2 3 
	-> 1 2 3 4 5 6 7 8 9 11 13 19 
Structure 51: 1 10 4 6 30 23 21 13 18 17 33 16 5 2 3 
	-> 1 2 3 4 5 6 10 13 16 17 18 
Structure 52: 1 10 25 4 6 80 9 51 14 8 7 5 2 3 
	-> 1 2 3 4 5 6 7 8 9 10 14 
Structure 53: 1 10 4 6 47 9 13 27 8 7 12 5 2 3 
	-> 1 2 3 4 5 6 7 8 9 10 12 13 
Structure 54: 1 10 19 4 6 9 52 8 29 7 5 2 3 
	-> 1 2 3 4 5 6 7 8 9 10 19 
Structure 55: 1 4 11 6 9 13 27 8 7 12 5 2 3 
	-> 1 2 3 4 5 6 7 8 9 11 12 13 
Structure 56: 1 20 4 11 6 9 13 40 8 7 12 5 2 3 
	-> 1 2 3 4 5 6 7 8 9 11 12 13 20 
Structure 57: 1 67 64 9 39 26 8 7 12 5 2 3 
	-> 1 2 3 5 7 8 9 12 
Structure 58: 1 20 28 19 4 6 38 9 15 14 8 7 12 5 2 3 
	-> 1 2 3 4 5 6 7 8 9 12 14 15 19 20 
Structure 59: 1 19 4 6 23 13 18 17 50 12 5 2 3 
	-> 1 2 3 4 5 6 12 13 17 18 19 
Structure 60: 1 19 4 6 9 13 31 8 7 12 5 2 3 
	-> 1 2 3 4 5 6 7 8 9 12 13 19 
Structure 61: 1 10 25 4 6 9 15 14 8 7 124 12 5 2 3 
	-> 1 2 3 4 5 6 7 8 9 10 12 14 15 
Structure 62: 1 10 4 11 6 9 13 27 8 7 5 2 3 
	-> 1 2 3 4 5 6 7 8 9 10 11 13 
Structure 63: 1 4 6 9 13 31 8 7 12 5 2 3 
	-> 1 2 3 4 5 6 7 8 9 12 13 
Structure 64: 1 20 46 56 6 9 13 8 29 7 5 2 3 
	-> 1 2 3 5 6 7 8 9 13 20 
Structure 65: 1 4 11 6 9 37 8 7 5 2 3 
	-> 1 2 3 4 5 6 7 8 9 11 
Structure 66: 1 20 4 11 6 9 13 31 8 7 12 5 2 3 
	-> 1 2 3 4 5 6 7 8 9 11 12 13 20 
Structure 67: 1 10 4 11 6 9 39 26 8 7 12 5 2 3 
	-> 1 2 3 4 5 6 7 8 9 10 11 12 
Structure 68: 1 10 4 11 6 9 15 14 8 7 12 5 2 3 
	-> 1 2 3 4 5 6 7 8 9 10 11 12 14 15 
Structure 69: 1 10 25 4 11 6 9 24 26 8 7 12 5 2 3 
	-> 1 2 3 4 5 6 7 8 9 10 11 12 
Structure 70: 1 10 4 11 6 147 122 22 49 18 17 45 16 2 3 
	-> 1 2 3 4 6 10 11 16 17 18 
Structure 71: 1 10 4 6 23 32 15 14 16 34 12 5 2 3 
	-> 1 2 3 4 5 6 10 12 14 15 16 
Structure 72: 1 10 4 53 9 15 14 8 7 5 2 3 
	-> 1 2 3 4 5 7 8 9 10 14 15 
Structure 73: 1 19 4 11 6 9 57 26 8 7 5 2 3 
	-> 1 2 3 4 5 6 7 8 9 11 19 
Structure 74: 1 20 4 11 6 23 87 148 22 18 17 16 5 2 3 
	-> 1 2 3 4 5 6 11 16 17 18 20 
Structure 75: 1 19 4 6 23 63 13 18 17 50 5 2 3 
	-> 1 2 3 4 5 6 13 17 18 19 
Structure 76: 1 20 4 11 6 21 13 41 88 29 7 2 3 
	-> 1 2 3 4 6 7 11 13 20 
Structure 77: 1 10 4 11 6 9 37 8 125 5 2 3 
	-> 1 2 3 4 5 6 8 9 10 11 
Structure 78: 1 20 4 6 22 18 17 45 16 5 2 3 
	-> 1 2 3 4 5 6 16 17 18 20 
Structure 79: 1 19 4 11 6 22 18 17 33 16 36 2 3 
	-> 1 2 3 4 6 11 16 17 18 19 
Structure 80: 1 10 4 11 6 9 13 27 8 7 12 5 2 3 
	-> 1 2 3 4 5 6 7 8 9 10 11 12 13 
Structure 81: 1 20 4 89 9 13 8 7 12 5 2 3 
	-> 1 2 3 4 5 7 8 9 12 13 20 
Structure 82: 1 10 4 11 6 9 39 26 107 8 7 5 2 3 
	-> 1 2 3 4 5 6 7 8 9 10 11 
Structure 83: 1 10 4 11 6 38 21 13 68 41 81 7 35 2 3 
	-> 1 2 3 4 6 7 10 11 13 
Structure 84: 1 20 4 11 6 9 15 14 8 7 12 5 2 3 
	-> 1 2 3 4 5 6 7 8 9 11 12 14 15 20 
Structure 85: 1 10 4 69 23 21 13 18 17 45 16 5 2 3 
	-> 1 2 3 4 5 10 13 16 17 18 
Structure 86: 1 20 4 11 6 126 9 37 8 7 12 5 2 3 
	-> 1 2 3 4 5 6 7 8 9 11 12 20 
Structure 87: 1 10 4 11 6 21 13 41 16 34 12 5 2 3 
	-> 1 2 3 4 5 6 10 11 12 13 16 
Structure 88: 1 20 46 82 90 9 13 91 8 7 12 5 2 3 
	-> 1 2 3 5 7 8 9 12 13 20 
Structure 89: 1 10 4 11 6 9 15 14 8 7 5 2 3 
	-> 1 2 3 4 5 6 7 8 9 10 11 14 15 
Structure 90: 1 10 25 4 6 9 13 8 7 5 2 3 
	-> 1 2 3 4 5 6 7 8 9 10 13 
Structure 91: 1 10 4 11 6 9 15 14 8 7 36 2 3 
	-> 1 2 3 4 6 7 8 9 10 11 14 15 
Structure 92: 1 25 4 11 6 22 127 18 17 16 5 2 3 
	-> 1 2 3 4 5 6 11 16 17 18 
Structure 93: 1 20 4 11 6 9 13 8 7 5 2 3 
	-> 1 2 3 4 5 6 7 8 9 11 13 20 
Structure 94: 1 10 4 149 74 23 21 13 18 17 45 16 5 2 3 
	-> 1 2 3 4 5 10 13 16 17 18 
Structure 95: 1 10 4 11 6 9 13 40 8 7 5 2 3 
	-> 1 2 3 4 5 6 7 8 9 10 11 13 
Structure 96: 1 20 46 56 11 6 9 62 15 14 8 7 5 35 2 3 
	-> 1 2 3 5 6 7 8 9 11 14 15 20 
Structure 97: 1 20 4 6 9 24 39 14 8 7 5 2 3 
	-> 1 2 3 4 5 6 7 8 9 14 20 
Structure 98: 1 10 4 11 6 22 18 17 16 5 2 3 
	-> 1 2 3 4 5 6 10 11 16 17 18 
Structure 99: 1 4 6 70 9 13 8 7 12 5 35 2 3 
	-> 1 2 3 4 5 6 7 8 9 12 13 
Structure 100: 1 20 128 46 56 11 6 9 13 8 7 12 5 2 3 
	-> 1 2 3 5 6 7 8 9 11 12 13 20 
Structure 101: 1 10 4 11 6 9 57 13 8 7 5 35 2 3 
	-> 1 2 3 4 5 6 7 8 9 10 11 13 
Structure 102: 1 4 6 9 48 15 14 8 7 12 5 2 3 
	-> 1 2 3 4 5 6 7 8 9 12 14 15 
Structure 103: 1 20 4 6 22 18 17 33 16 5 2 3 
	-> 1 2 3 4 5 6 16 17 18 20 
Structure 104: 1 19 4 6 9 13 40 8 7 12 5 2 3 
	-> 1 2 3 4 5 6 7 8 9 12 13 19 
Structure 105: 1 10 19 4 150 74 23 32 51 26 16 34 12 5 2 3 
	-> 1 2 3 4 5 10 12 16 19 
Structure 106: 1 10 4 6 75 59 21 13 18 17 16 2 3 
	-> 1 2 3 4 6 10 13 16 17 18 
Structure 107: 1 20 4 11 6 9 39 26 8 29 7 5 2 3 
	-> 1 2 3 4 5 6 7 8 9 11 20 
Structure 108: 1 10 4 6 30 9 129 13 8 7 12 5 2 3 
	-> 1 2 3 4 5 6 7 8 9 10 12 13 
Structure 109: 1 10 19 4 11 6 22 71 18 17 33 16 2 3 
	-> 1 2 3 4 6 10 11 16 17 18 19 
Structure 110: 1 20 19 4 11 6 9 13 27 8 7 5 2 3 
	-> 1 2 3 4 5 6 7 8 9 11 13 19 20 
Structure 111: 1 10 4 11 6 9 13 8 7 5 2 3 
	-> 1 2 3 4 5 6 7 8 9 10 11 13 
Structure 112: 1 19 4 11 6 22 18 17 45 16 2 3 
	-> 1 2 3 4 6 11 16 17 18 19 
Structure 113: 1 20 46 82 90 83 9 13 8 7 12 5 2 3 
	-> 1 2 3 5 7 8 9 12 13 20 
Structure 114: 1 19 4 6 9 51 14 42 8 7 12 5 2 3 
	-> 1 2 3 4 5 6 7 8 9 12 14 19 
Structure 115: 1 19 4 11 6 9 13 27 8 7 12 5 2 3 
	-> 1 2 3 4 5 6 7 8 9 11 12 13 19 
Structure 116: 1 10 4 9 15 14 54 7 5 2 3 
	-> 1 2 3 4 5 7 9 10 14 15 
Structure 117: 1 4 11 6 9 13 31 8 7 12 5 2 3 
	-> 1 2 3 4 5 6 7 8 9 11 12 13 
Structure 118: 1 10 25 4 11 6 9 13 8 7 5 2 3 
	-> 1 2 3 4 5 6 7 8 9 10 11 13 
Structure 119: 1 20 4 11 6 9 15 14 8 7 5 2 3 
	-> 1 2 3 4 5 6 7 8 9 11 14 15 20 
Structure 120: 1 10 4 11 6 9 13 8 7 5 2 3 
	-> 1 2 3 4 5 6 7 8 9 10 11 13 
Structure 121: 1 20 4 11 6 9 8 7 12 5 35 2 3 
	-> 1 2 3 4 5 6 7 8 9 11 12 20 
Structure 122: 1 10 19 4 11 6 9 13 31 8 7 12 5 2 3 
	-> 1 2 3 4 5 6 7 8 9 10 11 12 13 19 
Structure 123: 1 10 4 11 6 9 15 14 8 7 5 2 3 
	-> 1 2 3 4 5 6 7 8 9 10 11 14 15 
Structure 124: 1 20 4 11 6 9 15 14 8 7 12 5 2 3 
	-> 1 2 3 4 5 6 7 8 9 11 12 14 15 20 
Structure 125: 1 20 46 56 11 6 98 21 13 42 8 7 5 2 3 
	-> 1 2 3 5 6 7 8 11 13 20 
Structure 126: 1 10 4 11 6 59 21 13 18 17 44 16 65 66 72 
	-> 1 4 6 10 11 13 16 17 18 
Structure 127: 1 10 4 11 6 9 48 24 14 8 7 12 5 2 3 
	-> 1 2 3 4 5 6 7 8 9 10 11 12 14 
Structure 128: 1 10 4 11 6 9 15 14 8 7 12 5 35 2 3 
	-> 1 2 3 4 5 6 7 8 9 10 11 12 14 15 
Structure 129: 1 10 19 4 11 6 22 18 17 33 16 5 2 3 
	-> 1 2 3 4 5 6 10 11 16 17 18 19 
Structure 130: 1 10 4 6 30 9 37 8 7 12 5 2 3 
	-> 1 2 3 4 5 6 7 8 9 10 12 
Structure 131: 1 10 4 6 9 39 26 8 29 7 5 2 3 
	-> 1 2 3 4 5 6 7 8 9 10 
Structure 132: 1 10 4 11 6 30 9 13 31 8 7 12 5 2 3 
	-> 1 2 3 4 5 6 7 8 9 10 11 12 13 
Structure 133: 1 10 4 6 22 18 17 33 16 5 2 3 
	-> 1 2 3 4 5 6 10 16 17 18 
Structure 134: 1 10 4 11 6 9 24 52 58 8 7 12 5 2 3 
	-> 1 2 3 4 5 6 7 8 9 10 11 12 
Structure 135: 1 20 19 4 11 6 21 13 41 16 34 12 5 2 3 
	-> 1 2 3 4 5 6 11 12 13 16 19 20 
Structure 136: 1 10 4 11 6 9 13 8 7 12 5 2 3 
	-> 1 2 3 4 5 6 7 8 9 10 11 12 13 
Structure 137: 1 10 4 11 6 9 39 26 8 7 12 5 35 2 3 
	-> 1 2 3 4 5 6 7 8 9 10 11 12 
Structure 138: 1 10 4 6 9 24 26 8 7 5 2 3 
	-> 1 2 3 4 5 6 7 8 9 10 
Structure 139: 1 10 25 4 11 6 9 15 14 8 7 12 5 2 3 
	-> 1 2 3 4 5 6 7 8 9 10 11 12 14 15 
Structure 140: 1 10 19 4 11 6 30 9 15 14 8 7 36 2 3 
	-> 1 2 3 4 6 7 8 9 10 11 14 15 19 
Structure 141: 1 20 19 4 11 6 9 24 14 8 29 7 5 2 3 
	-> 1 2 3 4 5 6 7 8 9 11 14 19 20 
Structure 142: 1 20 4 11 6 23 21 13 18 17 45 16 5 35 2 3 
	-> 1 2 3 4 5 6 11 13 16 17 18 20 
Structure 143: 1 4 11 6 9 13 27 8 7 5 2 3 
	-> 1 2 3 4 5 6 7 8 9 11 13 
Structure 144: 1 10 4 6 23 21 13 18 17 16 5 2 3 
	-> 1 2 3 4 5 6 10 13 16 17 18 
Structure 145: 1 20 4 11 6 9 51 108 26 8 7 5 2 3 
	-> 1 2 3 4 5 6 7 8 9 11 20 
Structure 146: 1 10 19 4 11 6 9 13 91 8 7 12 5 2 3 
	-> 1 2 3 4 5 6 7 8 9 10 11 12 13 19 
Structure 147: 1 10 4 11 6 21 13 61 8 7 12 5 2 3 
	-> 1 2 3 4 5 6 7 8 10 11 12 13 
Structure 148: 1 20 4 11 6 47 151 32 15 14 8 7 12 5 2 3 
	-> 1 2 3 4 5 6 7 8 11 12 14 15 20 
Structure 149: 1 10 4 11 6 38 21 13 42 8 7 5 2 3 
	-> 1 2 3 4 5 6 7 8 10 11 13 
Structure 150: 1 10 4 59 130 13 18 17 16 65 66 72 
	-> 1 4 10 13 16 17 18 
Structure 151: 1 10 4 11 6 9 24 26 8 29 7 5 2 3 
	-> 1 2 3 4 5 6 7 8 9 10 11 
Structure 152: 1 10 4 9 15 14 8 7 5 2 3 
	-> 1 2 3 4 5 7 8 9 10 14 15 
Structure 153: 1 10 4 6 9 15 14 8 7 12 5 2 3 
	-> 1 2 3 4 5 6 7 8 9 10 12 14 15 
Structure 154: 1 10 4 11 6 9 13 8 7 12 5 2 3 
	-> 1 2 3 4 5 6 7 8 9 10 11 12 13 
Structure 155: 1 10 19 4 11 6 43 9 24 52 58 8 7 5 2 3 
	-> 1 2 3 4 5 6 7 8 9 10 11 19 
Structure 156: 1 4 11 6 30 76 32 15 14 8 7 5 2 3 
	-> 1 2 3 4 5 6 7 8 11 14 15 
Structure 157: 1 10 4 69 9 24 14 8 7 12 5 2 3 
	-> 1 2 3 4 5 7 8 9 10 12 14 
Structure 158: 1 20 4 6 23 21 13 18 17 33 16 5 2 3 
	-> 1 2 3 4 5 6 13 16 17 18 20 
Structure 159: 1 10 4 99 152 73 131 18 17 16 5 2 3 
	-> 1 2 3 4 5 10 16 17 18 
Structure 160: 1 20 28 19 4 9 13 31 8 7 5 2 3 
	-> 1 2 3 4 5 7 8 9 13 19 20 
Structure 161: 1 20 4 109 53 9 24 26 8 7 5 2 3 
	-> 1 2 3 4 5 7 8 9 20 
Structure 162: 1 28 19 4 11 6 9 15 14 8 7 12 5 2 3 
	-> 1 2 3 4 5 6 7 8 9 11 12 14 15 19 
Structure 163: 1 10 4 11 6 9 24 52 58 8 7 12 5 2 3 
	-> 1 2 3 4 5 6 7 8 9 10 11 12 
Structure 164: 1 10 25 4 11 6 9 24 26 8 7 12 5 2 3 
	-> 1 2 3 4 5 6 7 8 9 10 11 12 
Structure 165: 1 19 4 6 9 39 14 8 7 5 2 3 
	-> 1 2 3 4 5 6 7 8 9 14 19 
Structure 166: 1 10 4 6 9 13 8 7 12 5 2 3 
	-> 1 2 3 4 5 6 7 8 9 10 12 13 
Structure 167: 1 10 4 11 6 30 9 24 51 14 8 7 12 5 2 3 
	-> 1 2 3 4 5 6 7 8 9 10 11 12 14 
Structure 168: 1 67 64 75 9 15 14 8 7 12 5 2 3 
	-> 1 2 3 5 7 8 9 12 14 15 
Structure 169: 1 10 19 4 11 6 76 32 15 14 8 29 7 5 2 3 
	-> 1 2 3 4 5 6 7 8 10 11 14 15 19 
Structure 170: 1 10 4 11 6 23 21 13 18 17 50 5 2 3 
	-> 1 2 3 4 5 6 10 11 13 17 18 
Structure 171: 1 20 4 6 9 13 8 7 12 5 35 2 3 
	-> 1 2 3 4 5 6 7 8 9 12 13 20 
Structure 172: 1 10 4 6 21 13 61 8 7 5 2 3 
	-> 1 2 3 4 5 6 7 8 10 13 
Structure 173: 1 20 46 56 11 6 9 13 8 7 12 5 2 3 
	-> 1 2 3 5 6 7 8 9 11 12 13 20 
Structure 174: 1 10 4 11 6 38 9 15 14 8 7 12 5 2 3 
	-> 1 2 3 4 5 6 7 8 9 10 11 12 14 15 
Structure 175: 1 4 6 38 9 8 7 12 5 2 3 
	-> 1 2 3 4 5 6 7 8 9 12 
Structure 176: 1 19 4 6 23 63 13 18 17 16 5 2 3 
	-> 1 2 3 4 5 6 13 16 17 18 19 
Structure 177: 1 10 25 4 11 6 23 21 13 18 17 16 5 2 3 
	-> 1 2 3 4 5 6 10 11 13 16 17 18 
Structure 178: 1 10 4 11 6 30 22 18 17 16 5 2 3 
	-> 1 2 3 4 5 6 10 11 16 17 18 
Structure 179: 1 10 4 11 6 9 24 37 8 7 12 5 2 3 
	-> 1 2 3 4 5 6 7 8 9 10 11 12 
Structure 180: 1 25 4 11 6 47 9 13 40 8 7 12 5 2 3 
	-> 1 2 3 4 5 6 7 8 9 11 12 13 
Structure 181: 1 10 25 4 69 9 24 26 8 7 12 5 2 3 
	-> 1 2 3 4 5 7 8 9 10 12 
Structure 182: 1 10 4 11 6 9 57 13 8 7 5 2 3 
	-> 1 2 3 4 5 6 7 8 9 10 11 13 
Structure 183: 1 20 28 19 4 11 6 9 15 14 8 7 12 5 2 3 
	-> 1 2 3 4 5 6 7 8 9 11 12 14 15 19 20 
Structure 184: 1 10 4 6 9 15 14 8 7 12 5 2 3 
	-> 1 2 3 4 5 6 7 8 9 10 12 14 15 
Structure 185: 1 10 4 6 23 32 15 14 16 34 12 5 2 3 
	-> 1 2 3 4 5 6 10 12 14 15 16 
Structure 186: 1 10 4 9 21 13 31 8 7 5 2 3 
	-> 1 2 3 4 5 7 8 9 10 13 
Structure 187: 1 10 25 4 6 9 13 8 7 5 35 2 3 
	-> 1 2 3 4 5 6 7 8 9 10 13 
Structure 188: 1 10 19 4 11 6 9 13 97 8 7 12 5 2 3 
	-> 1 2 3 4 5 6 7 8 9 10 11 12 13 19 
Structure 189: 1 19 4 11 6 9 13 31 8 7 12 5 60 2 3 
	-> 1 2 3 4 5 6 7 8 9 11 12 13 19 
Structure 190: 1 10 4 6 30 9 14 8 7 5 2 3 
	-> 1 2 3 4 5 6 7 8 9 10 14 
Structure 191: 1 10 4 6 23 87 13 18 17 16 5 2 3 
	-> 1 2 3 4 5 6 10 13 16 17 18 
Structure 192: 1 10 4 11 6 9 15 14 8 7 12 5 2 3 
	-> 1 2 3 4 5 6 7 8 9 10 11 12 14 15 
Structure 193: 1 20 4 6 21 13 153 132 8 7 12 5 2 3 
	-> 1 2 3 4 5 6 7 8 12 13 20 
Structure 194: 1 20 4 11 6 23 63 13 154 16 34 12 5 2 3 
	-> 1 2 3 4 5 6 11 12 13 16 20 
Structure 195: 1 28 4 11 6 9 15 14 8 7 12 5 2 3 
	-> 1 2 3 4 5 6 7 8 9 11 12 14 15 
Structure 196: 1 10 4 109 53 70 9 15 14 8 7 12 5 2 3 
	-> 1 2 3 4 5 7 8 9 10 12 14 15 
Structure 197: 1 19 4 11 6 9 24 14 8 7 12 5 2 3 
	-> 1 2 3 4 5 6 7 8 9 11 12 14 19 
Structure 198: 1 20 4 11 6 9 24 8 7 12 5 2 3 
	-> 1 2 3 4 5 6 7 8 9 11 12 20 
Structure 199: 1 10 4 6 9 39 26 8 7 12 5 2 3 
	-> 1 2 3 4 5 6 7 8 9 10 12 
Structure 200: 1 10 28 4 6 9 21 13 40 8 7 12 5 2 3 
	-> 1 2 3 4 5 6 7 8 9 10 12 13 
Structure 201: 1 20 4 6 23 32 15 14 8 7 5 35 2 3 
	-> 1 2 3 4 5 6 7 8 14 15 20 
Structure 202: 1 20 4 11 6 9 15 14 8 7 12 5 2 3 
	-> 1 2 3 4 5 6 7 8 9 11 12 14 15 20 
Structure 203: 1 25 4 6 30 32 15 14 8 7 36 2 3 
	-> 1 2 3 4 6 7 8 14 15 
Structure 204: 1 10 4 6 23 21 13 18 17 33 16 5 2 3 
	-> 1 2 3 4 5 6 10 13 16 17 18 
Structure 205: 1 10 4 11 6 9 15 14 8 7 12 5 2 3 
	-> 1 2 3 4 5 6 7 8 9 10 11 12 14 15 
Structure 206: 1 20 19 4 11 6 23 32 15 14 16 34 12 5 2 3 
	-> 1 2 3 4 5 6 11 12 14 15 16 19 20 
Structure 207: 1 10 4 11 6 98 21 13 41 16 34 12 5 2 3 
	-> 1 2 3 4 5 6 10 11 12 13 16 
Structure 208: 1 10 4 11 6 9 37 8 7 12 5 35 2 3 
	-> 1 2 3 4 5 6 7 8 9 10 11 12 
Structure 209: 1 10 19 4 11 6 38 9 13 8 29 7 36 60 2 3 
	-> 1 2 3 4 6 7 8 9 10 11 13 19 
Structure 210: 1 20 4 6 30 9 62 8 7 12 5 2 3 
	-> 1 2 3 4 5 6 7 8 9 12 20 
Structure 211: 1 10 19 4 11 6 84 13 18 17 33 16 5 2 3 
	-> 1 2 3 4 5 6 10 11 13 16 17 18 19 
Structure 212: 1 20 46 56 11 6 76 32 15 14 8 7 12 5 2 3 
	-> 1 2 3 5 6 7 8 11 12 14 15 20 
Structure 213: 1 4 11 6 23 21 13 18 17 33 16 5 2 3 
	-> 1 2 3 4 5 6 11 13 16 17 18 
Structure 214: 1 10 4 11 6 9 13 27 8 7 12 5 2 3 
	-> 1 2 3 4 5 6 7 8 9 10 11 12 13 
Structure 215: 1 20 46 56 11 6 9 24 39 26 8 7 12 5 2 3 
	-> 1 2 3 5 6 7 8 9 11 12 20 
Structure 216: 1 20 4 11 6 9 15 14 8 7 5 2 3 
	-> 1 2 3 4 5 6 7 8 9 11 14 15 20 
Structure 217: 1 10 4 6 9 37 8 7 12 5 2 3 
	-> 1 2 3 4 5 6 7 8 9 10 12 
Structure 218: 1 19 4 6 77 38 9 13 8 7 12 5 2 3 
	-> 1 2 3 4 5 6 7 8 9 12 13 19 
Structure 219: 1 10 4 6 30 22 18 17 16 5 35 2 3 
	-> 1 2 3 4 5 6 10 16 17 18 
Structure 220: 1 28 4 11 6 9 13 92 54 7 5 2 3 
	-> 1 2 3 4 5 6 7 9 11 13 
Structure 221: 1 10 4 11 6 9 39 26 8 7 12 5 2 3 
	-> 1 2 3 4 5 6 7 8 9 10 11 12 
Structure 222: 1 10 25 4 9 21 13 8 7 12 5 2 3 
	-> 1 2 3 4 5 7 8 9 10 12 13 
Structure 223: 1 10 4 11 6 9 15 14 8 7 5 2 3 
	-> 1 2 3 4 5 6 7 8 9 10 11 14 15 
Structure 224: 1 25 4 11 6 9 37 8 7 12 5 2 3 
	-> 1 2 3 4 5 6 7 8 9 11 12 
Structure 225: 1 10 19 4 11 6 22 18 17 44 16 5 2 3 
	-> 1 2 3 4 5 6 10 11 16 17 18 19 
Structure 226: 1 10 4 53 9 13 93 31 8 7 5 2 3 
	-> 1 2 3 4 5 7 8 9 10 13 
Structure 227: 1 19 4 23 13 18 17 16 5 2 3 
	-> 1 2 3 4 5 13 16 17 18 19 
Structure 228: 1 10 4 11 6 9 13 27 8 7 12 5 2 3 
	-> 1 2 3 4 5 6 7 8 9 10 11 12 13 
Structure 229: 1 28 4 11 6 9 15 14 8 7 12 5 2 3 
	-> 1 2 3 4 5 6 7 8 9 11 12 14 15 
Structure 230: 1 4 11 6 9 15 14 8 7 12 5 2 3 
	-> 1 2 3 4 5 6 7 8 9 11 12 14 15 
Structure 231: 1 20 4 155 6 9 15 14 8 7 12 36 2 3 
	-> 1 2 3 4 6 7 8 9 12 14 15 20 
Structure 232: 1 20 4 6 9 13 8 7 5 2 3 
	-> 1 2 3 4 5 6 7 8 9 13 20 
Structure 233: 1 10 4 11 6 9 15 108 26 8 29 7 5 2 3 
	-> 1 2 3 4 5 6 7 8 9 10 11 15 
Structure 234: 1 10 4 6 9 13 27 8 7 5 2 3 
	-> 1 2 3 4 5 6 7 8 9 10 13 
Structure 235: 1 10 4 11 6 9 13 91 8 7 5 2 3 
	-> 1 2 3 4 5 6 7 8 9 10 11 13 
Structure 236: 1 19 4 6 9 13 8 7 12 5 2 3 
	-> 1 2 3 4 5 6 7 8 9 12 13 19 
Structure 237: 1 10 19 4 98 21 13 42 8 7 12 5 2 3 
	-> 1 2 3 4 5 7 8 10 12 13 19 
Structure 238: 1 28 4 53 9 51 14 8 7 12 5 2 3 
	-> 1 2 3 4 5 7 8 9 12 14 
Structure 239: 1 10 4 11 6 9 57 13 156 8 7 12 5 2 3 
	-> 1 2 3 4 5 6 7 8 9 10 11 12 13 
Structure 240: 1 10 19 4 6 30 9 13 40 8 7 12 5 2 3 
	-> 1 2 3 4 5 6 7 8 9 10 12 13 19 
Structure 241: 1 10 28 4 11 6 9 13 27 8 7 5 2 3 
	-> 1 2 3 4 5 6 7 8 9 10 11 13 
Structure 242: 1 20 19 4 6 9 13 8 7 12 5 2 3 
	-> 1 2 3 4 5 6 7 8 9 12 13 19 20 
Structure 243: 1 10 4 69 21 13 18 17 44 16 5 2 3 
	-> 1 2 3 4 5 10 13 16 17 18 
Structure 244: 1 10 4 6 9 37 8 7 5 2 3 
	-> 1 2 3 4 5 6 7 8 9 10 
Structure 245: 1 20 4 69 38 9 13 8 7 12 5 2 3 
	-> 1 2 3 4 5 7 8 9 12 13 20 
Structure 246: 1 4 6 9 39 26 8 7 12 5 2 3 
	-> 1 2 3 4 5 6 7 8 9 12 
Structure 247: 1 10 4 6 23 21 13 18 17 44 16 5 2 3 
	-> 1 2 3 4 5 6 10 13 16 17 18 
Structure 248: 1 10 19 4 11 6 22 49 157 18 17 45 16 60 2 3 
	-> 1 2 3 4 6 10 11 16 17 18 19 
Structure 249: 1 10 4 11 6 22 18 17 45 16 5 2 3 
	-> 1 2 3 4 5 6 10 11 16 17 18 
Structure 250: 1 20 46 56 11 6 21 13 61 158 8 7 5 2 3 
	-> 1 2 3 5 6 7 8 11 13 20 
Structure 251: 1 10 4 11 6 23 21 13 110 88 133 2 3 
	-> 1 2 3 4 6 10 11 13 
Structure 252: 1 20 4 11 6 9 15 14 8 7 12 5 2 3 
	-> 1 2 3 4 5 6 7 8 9 11 12 14 15 20 
Structure 253: 1 10 4 11 6 9 24 26 8 7 5 2 3 
	-> 1 2 3 4 5 6 7 8 9 10 11 
Structure 254: 1 19 4 6 22 18 17 16 5 2 3 
	-> 1 2 3 4 5 6 16 17 18 19 
Structure 255: 1 20 4 6 9 13 27 95 8 7 12 5 2 3 
	-> 1 2 3 4 5 6 7 8 9 12 13 20 
Structure 256: 1 10 4 11 6 77 21 13 41 16 34 12 5 2 3 
	-> 1 2 3 4 5 6 10 11 12 13 16 
Structure 257: 1 10 4 11 6 21 13 134 42 54 7 12 5 2 3 
	-> 1 2 3 4 5 6 7 10 11 12 13 
Structure 258: 1 10 4 9 15 14 8 7 12 5 2 3 
	-> 1 2 3 4 5 7 8 9 10 12 14 15 
Structure 259: 1 10 4 11 6 9 15 14 8 7 12 5 2 3 
	-> 1 2 3 4 5 6 7 8 9 10 11 12 14 15 
Structure 260: 1 19 4 6 32 15 14 42 8 7 12 5 2 3 
	-> 1 2 3 4 5 6 7 8 12 14 15 19 
Structure 261: 1 10 4 11 6 111 159 22 18 17 33 16 5 2 3 
	-> 1 2 3 4 5 6 10 11 16 17 18 
Structure 262: 1 4 6 22 18 17 16 5 2 3 
	-> 1 2 3 4 5 6 16 17 18 
Structure 263: 1 10 4 11 6 160 161 18 17 16 5 2 3 
	-> 1 2 3 4 5 6 10 11 16 17 18 
Structure 264: 1 10 4 11 6 32 15 14 8 7 5 2 3 
	-> 1 2 3 4 5 6 7 8 10 11 14 15 
Structure 265: 1 20 19 4 6 9 15 14 8 7 5 2 3 
	-> 1 2 3 4 5 6 7 8 9 14 15 19 20 
Structure 266: 1 10 19 4 6 9 37 8 7 12 5 2 3 
	-> 1 2 3 4 5 6 7 8 9 10 12 19 
Structure 267: 1 19 4 6 30 13 68 41 16 34 12 5 2 3 
	-> 1 2 3 4 5 6 12 13 16 19 
Structure 268: 1 10 4 6 23 32 15 14 8 7 5 2 3 
	-> 1 2 3 4 5 6 7 8 10 14 15 
Structure 269: 1 10 4 11 6 9 13 8 7 12 5 2 3 
	-> 1 2 3 4 5 6 7 8 9 10 11 12 13 
Structure 270: 1 10 4 11 6 38 9 37 8 7 12 5 35 2 3 
	-> 1 2 3 4 5 6 7 8 9 10 11 12 
Structure 271: 1 10 4 11 6 9 135 39 26 8 7 5 2 3 
	-> 1 2 3 4 5 6 7 8 9 10 11 
Structure 272: 1 10 4 11 6 22 18 17 33 16 5 2 3 
	-> 1 2 3 4 5 6 10 11 16 17 18 
Structure 273: 1 20 4 11 6 162 18 17 44 16 5 2 3 
	-> 1 2 3 4 5 6 11 16 17 18 20 
Structure 274: 1 10 4 11 6 23 63 13 71 18 17 16 2 3 
	-> 1 2 3 4 6 10 11 13 16 17 18 
Structure 275: 1 10 4 6 22 18 17 16 5 2 3 
	-> 1 2 3 4 5 6 10 16 17 18 
Structure 276: 1 10 4 11 6 9 13 8 7 5 2 3 
	-> 1 2 3 4 5 6 7 8 9 10 11 13 
Structure 277: 1 20 46 56 6 9 13 85 8 7 5 2 3 
	-> 1 2 3 5 6 7 8 9 13 20 
Structure 278: 1 19 4 11 6 30 9 62 14 8 7 12 5 2 3 
	-> 1 2 3 4 5 6 7 8 9 11 12 14 19 
Structure 279: 1 19 4 11 6 9 57 37 8 7 12 5 35 2 3 
	-> 1 2 3 4 5 6 7 8 9 11 12 19 
Structure 280: 1 10 25 4 11 6 59 13 18 17 33 16 65 66 
	-> 1 4 6 10 11 13 16 17 18 
Structure 281: 1 28 19 4 11 6 38 9 15 14 8 7 12 5 2 3 
	-> 1 2 3 4 5 6 7 8 9 11 12 14 15 19 
Structure 282: 1 10 4 11 6 21 13 41 16 34 12 5 2 3 
	-> 1 2 3 4 5 6 10 11 12 13 16 
Structure 283: 1 20 19 4 11 6 23 63 21 13 18 17 16 5 2 3 
	-> 1 2 3 4 5 6 11 13 16 17 18 19 20 
Structure 284: 1 28 4 11 6 23 21 13 18 17 33 16 5 2 3 
	-> 1 2 3 4 5 6 11 13 16 17 18 
Structure 285: 1 10 4 6 9 13 31 8 7 12 5 2 3 
	-> 1 2 3 4 5 6 7 8 9 10 12 13 
Structure 286: 1 10 4 9 13 8 7 12 5 2 3 
	-> 1 2 3 4 5 7 8 9 10 12 13 
Structure 287: 1 10 4 6 59 21 13 18 17 33 16 65 66 163 
	-> 1 4 6 10 13 16 17 18 
Structure 288: 1 10 4 11 6 9 13 42 8 7 12 5 2 3 
	-> 1 2 3 4 5 6 7 8 9 10 11 12 13 
Structure 289: 1 10 4 6 9 13 27 8 7 5 2 3 
	-> 1 2 3 4 5 6 7 8 9 10 13 
Structure 290: 1 10 4 6 77 9 15 14 8 7 12 5 2 3 
	-> 1 2 3 4 5 6 7 8 9 10 12 14 15 
Structure 291: 1 4 6 9 13 8 29 7 5 2 3 
	-> 1 2 3 4 5 6 7 8 9 13 
Structure 292: 1 28 4 11 6 164 9 15 14 8 7 5 2 3 
	-> 1 2 3 4 5 6 7 8 9 11 14 15 
Structure 293: 1 20 4 11 6 9 13 8 7 5 2 3 
	-> 1 2 3 4 5 6 7 8 9 11 13 20 
Structure 294: 1 10 4 11 6 9 15 14 8 7 5 2 3 
	-> 1 2 3 4 5 6 7 8 9 10 11 14 15 
Structure 295: 1 10 4 11 6 47 9 15 14 8 7 12 5 2 3 
	-> 1 2 3 4 5 6 7 8 9 10 11 12 14 15 
Structure 296: 1 10 19 4 9 13 40 8 7 12 5 2 3 
	-> 1 2 3 4 5 7 8 9 10 12 13 19 
Structure 297: 1 10 25 4 6 9 26 8 7 12 5 2 3 
	-> 1 2 3 4 5 6 7 8 9 10 12 
Structure 298: 1 10 4 9 21 13 27 8 7 12 5 2 3 
	-> 1 2 3 4 5 7 8 9 10 12 13 
Structure 299: 1 20 4 6 9 15 14 8 7 12 5 2 3 
	-> 1 2 3 4 5 6 7 8 9 12 14 15 20 
Structure 300: 1 10 4 11 6 9 24 14 8 7 12 5 35 2 3 
	-> 1 2 3 4 5 6 7 8 9 10 11 12 14 
Structure 301: 1 10 4 6 30 23 63 13 18 17 16 5 2 3 
	-> 1 2 3 4 5 6 10 13 16 17 18 
Structure 302: 1 4 6 9 51 14 8 7 12 5 2 3 
	-> 1 2 3 4 5 6 7 8 9 12 14 
Structure 303: 1 10 4 11 6 9 15 14 8 7 94 36 2 3 
	-> 1 2 3 4 6 7 8 9 10 11 14 15 
Structure 304: 1 10 4 11 6 9 62 14 8 7 5 2 3 
	-> 1 2 3 4 5 6 7 8 9 10 11 14 
Structure 305: 1 28 46 56 11 6 9 13 31 8 7 12 5 2 3 
	-> 1 2 3 5 6 7 8 9 11 12 13 
Structure 306: 1 20 28 4 6 30 22 49 18 17 16 5 2 3 
	-> 1 2 3 4 5 6 16 17 18 20 
Structure 307: 1 20 4 6 30 23 21 13 18 17 16 5 2 3 
	-> 1 2 3 4 5 6 13 16 17 18 20 
Structure 308: 1 55 4 6 165 21 13 68 41 16 34 12 5 2 3 
	-> 1 2 3 4 5 6 12 13 16 
Structure 309: 1 19 4 11 6 30 23 21 13 61 8 7 12 5 2 3 
	-> 1 2 3 4 5 6 7 8 11 12 13 19 
Structure 310: 1 25 4 6 83 105 22 18 17 44 33 16 5 2 3 
	-> 1 2 3 4 5 6 16 17 18 
Structure 311: 1 10 4 11 6 43 32 15 14 54 7 5 2 3 
	-> 1 2 3 4 5 6 7 10 11 14 15 
Structure 312: 1 4 6 9 24 14 8 7 12 5 35 2 3 
	-> 1 2 3 4 5 6 7 8 9 12 14 
Structure 313: 1 10 4 11 6 9 15 14 8 7 12 5 2 3 
	-> 1 2 3 4 5 6 7 8 9 10 11 12 14 15 
Structure 314: 1 10 4 6 9 15 14 8 7 5 2 3 
	-> 1 2 3 4 5 6 7 8 9 10 14 15 
Structure 315: 1 10 4 6 9 8 7 12 5 2 3 
	-> 1 2 3 4 5 6 7 8 9 10 12 
Structure 316: 1 10 4 11 6 21 13 41 16 34 12 5 35 2 3 
	-> 1 2 3 4 5 6 10 11 12 13 16 
Structure 317: 1 10 4 11 6 9 13 31 8 7 5 2 3 
	-> 1 2 3 4 5 6 7 8 9 10 11 13 
Structure 318: 1 10 4 6 9 15 14 8 29 7 5 2 3 
	-> 1 2 3 4 5 6 7 8 9 10 14 15 
Structure 319: 1 10 28 4 6 9 13 78 8 7 5 2 3 
	-> 1 2 3 4 5 6 7 8 9 10 13 
Structure 320: 1 10 4 11 6 43 9 13 54 34 12 5 2 3 
	-> 1 2 3 4 5 6 9 10 11 12 13 
Structure 321: 1 10 4 11 6 9 13 8 7 12 5 2 3 
	-> 1 2 3 4 5 6 7 8 9 10 11 12 13 
Structure 322: 1 10 25 4 11 6 9 13 40 8 7 12 5 2 3 
	-> 1 2 3 4 5 6 7 8 9 10 11 12 13 
Structure 323: 1 10 4 11 6 9 15 26 8 7 12 5 2 3 
	-> 1 2 3 4 5 6 7 8 9 10 11 12 15 
Structure 324: 1 10 4 11 6 23 166 22 18 17 16 5 2 3 
	-> 1 2 3 4 5 6 10 11 16 17 18 
Structure 325: 1 10 4 6 47 22 18 17 45 16 5 2 3 
	-> 1 2 3 4 5 6 10 16 17 18 
Structure 326: 1 4 11 6 9 15 14 8 7 12 5 2 3 
	-> 1 2 3 4 5 6 7 8 9 11 12 14 15 
Structure 327: 1 10 19 4 11 6 9 48 39 26 42 8 7 12 5 2 3 
	-> 1 2 3 4 5 6 7 8 9 10 11 12 19 
Structure 328: 1 10 4 6 32 15 14 8 29 7 5 2 3 
	-> 1 2 3 4 5 6 7 8 10 14 15 
Structure 329: 1 28 19 4 6 77 43 9 15 14 8 7 12 5 2 3 
	-> 1 2 3 4 5 6 7 8 9 12 14 15 19 
Structure 330: 1 10 4 6 30 23 63 13 18 17 50 112 5 2 3 
	-> 1 2 3 4 5 6 10 13 17 18 
Structure 331: 1 20 19 4 6 9 15 14 8 7 12 5 2 3 
	-> 1 2 3 4 5 6 7 8 9 12 14 15 19 20 
Structure 332: 1 10 4 6 22 18 17 16 5 35 2 3 
	-> 1 2 3 4 5 6 10 16 17 18 
Structure 333: 1 10 19 4 11 6 9 13 27 8 7 12 5 2 3 
	-> 1 2 3 4 5 6 7 8 9 10 11 12 13 19 
Structure 334: 1 10 4 6 47 9 15 14 8 7 12 5 2 3 
	-> 1 2 3 4 5 6 7 8 9 10 12 14 15 
Structure 335: 1 25 4 11 6 9 13 31 8 7 12 5 2 3 
	-> 1 2 3 4 5 6 7 8 9 11 12 13 
Structure 336: 1 10 4 11 6 98 21 13 42 8 7 12 5 2 3 
	-> 1 2 3 4 5 6 7 8 10 11 12 13 
Structure 337: 1 10 25 4 11 6 9 13 40 8 7 5 2 3 
	-> 1 2 3 4 5 6 7 8 9 10 11 13 
Structure 338: 1 20 46 56 6 9 13 8 7 5 2 3 
	-> 1 2 3 5 6 7 8 9 13 20 
Structure 339: 1 20 19 4 11 6 9 13 8 7 12 5 2 3 
	-> 1 2 3 4 5 6 7 8 9 11 12 13 19 20 
Structure 340: 1 4 11 6 9 15 14 8 7 5 2 3 
	-> 1 2 3 4 5 6 7 8 9 11 14 15 
Structure 341: 1 19 4 6 38 9 15 14 8 7 5 2 3 
	-> 1 2 3 4 5 6 7 8 9 14 15 19 
Structure 342: 1 10 4 11 6 9 13 8 7 12 5 2 3 
	-> 1 2 3 4 5 6 7 8 9 10 11 12 13 
Structure 343: 1 20 4 11 6 167 21 13 18 17 16 5 2 3 
	-> 1 2 3 4 5 6 11 13 16 17 18 20 
Structure 344: 1 20 28 4 11 6 96 9 13 40 8 7 5 2 3 
	-> 1 2 3 4 5 6 7 8 9 11 13 20 
Structure 345: 1 10 4 11 6 9 13 8 7 5 2 3 
	-> 1 2 3 4 5 6 7 8 9 10 11 13 
Structure 346: 1 4 6 21 13 18 17 33 16 5 2 3 
	-> 1 2 3 4 5 6 13 16 17 18 
Structure 347: 1 20 28 4 6 73 131 18 17 50 5 2 3 
	-> 1 2 3 4 5 6 17 18 20 
Structure 348: 1 10 19 4 11 6 126 9 24 8 7 12 5 2 3 
	-> 1 2 3 4 5 6 7 8 9 10 11 12 19 
Structure 349: 1 10 4 11 6 9 48 24 8 29 7 5 35 2 3 
	-> 1 2 3 4 5 6 7 8 9 10 11 
Structure 350: 1 20 4 11 6 13 61 8 7 5 2 3 
	-> 1 2 3 4 5 6 7 8 11 13 20 
Structure 351: 1 20 4 6 21 13 41 16 34 12 5 2 3 
	-> 1 2 3 4 5 6 12 13 16 20 
Structure 352: 1 19 4 6 22 18 17 16 5 2 
	-> 1 2 4 5 6 16 17 18 19 
Structure 353: 1 20 19 4 11 6 9 13 27 8 7 12 5 2 3 
	-> 1 2 3 4 5 6 7 8 9 11 12 13 19 20 
Structure 354: 1 10 4 11 6 38 9 48 51 14 8 7 12 5 2 3 
	-> 1 2 3 4 5 6 7 8 9 10 11 12 14 
Structure 355: 1 10 4 11 6 9 13 85 8 7 5 2 3 
	-> 1 2 3 4 5 6 7 8 9 10 11 13 
Structure 356: 1 25 4 6 79 22 18 17 16 5 2 3 
	-> 1 2 3 4 5 6 16 17 18 
Structure 357: 1 10 4 6 30 38 9 24 14 8 7 12 5 2 3 
	-> 1 2 3 4 5 6 7 8 9 10 12 14 
Structure 358: 1 20 28 4 11 6 32 15 14 42 8 7 12 5 2 3 
	-> 1 2 3 4 5 6 7 8 11 12 14 15 20 
Structure 359: 1 10 4 11 6 9 15 14 54 7 100 5 2 3 
	-> 1 2 3 4 5 6 7 9 10 11 14 15 
Structure 360: 1 10 4 6 30 9 13 8 29 7 5 2 3 
	-> 1 2 3 4 5 6 7 8 9 10 13 
Structure 361: 1 10 4 6 9 15 14 16 34 12 5 2 3 
	-> 1 2 3 4 5 6 9 10 12 14 15 16 
Structure 362: 1 20 4 9 52 58 8 7 12 5 2 3 
	-> 1 2 3 4 5 7 8 9 12 20 
Structure 363: 1 10 4 11 6 9 37 8 7 5 2 3 
	-> 1 2 3 4 5 6 7 8 9 10 11 
Structure 364: 1 20 128 46 82 90 23 21 13 18 17 16 5 2 3 
	-> 1 2 3 5 13 16 17 18 20 
Structure 365: 1 10 4 11 6 23 21 13 18 17 16 5 2 3 
	-> 1 2 3 4 5 6 10 11 13 16 17 18 
Structure 366: 1 10 4 6 21 13 41 16 34 12 5 2 3 
	-> 1 2 3 4 5 6 10 12 13 16 
Structure 367: 1 4 11 6 9 13 27 8 7 12 5 2 3 
	-> 1 2 3 4 5 6 7 8 9 11 12 13 
Structure 368: 1 10 4 11 6 9 15 14 8 7 5 2 3 
	-> 1 2 3 4 5 6 7 8 9 10 11 14 15 
Structure 369: 1 10 19 4 11 6 9 48 24 52 58 8 7 12 5 2 3 
	-> 1 2 3 4 5 6 7 8 9 10 11 12 19 
Structure 370: 1 25 4 11 6 9 15 14 8 7 12 5 2 3 
	-> 1 2 3 4 5 6 7 8 9 11 12 14 15 
Structure 371: 1 19 4 11 6 38 13 18 17 44 16 5 2 3 
	-> 1 2 3 4 5 6 11 13 16 17 18 19 
Structure 372: 1 10 4 6 9 13 91 8 7 12 5 35 2 3 
	-> 1 2 3 4 5 6 7 8 9 10 12 13 
Structure 373: 1 10 25 4 6 30 22 18 17 16 5 2 3 
	-> 1 2 3 4 5 6 10 16 17 18 
Structure 374: 1 4 11 6 9 13 40 8 7 12 5 2 3 
	-> 1 2 3 4 5 6 7 8 9 11 12 13 
Structure 375: 1 10 4 11 6 9 15 14 8 7 12 5 2 3 
	-> 1 2 3 4 5 6 7 8 9 10 11 12 14 15 
Structure 376: 1 10 25 4 11 6 99 73 101 18 17 50 5 35 2 3 
	-> 1 2 3 4 5 6 10 11 17 18 
Structure 377: 1 10 4 11 6 9 13 40 8 7 5 2 3 
	-> 1 2 3 4 5 6 7 8 9 10 11 13 
Structure 378: 1 10 19 4 11 6 168 9 13 31 16 34 12 5 2 3 
	-> 1 2 3 4 5 6 9 10 11 12 13 16 19 
Structure 379: 1 10 4 6 9 24 14 8 7 5 2 3 
	-> 1 2 3 4 5 6 7 8 9 10 14 
Structure 380: 1 10 4 11 6 9 13 27 8 7 12 5 2 3 
	-> 1 2 3 4 5 6 7 8 9 10 11 12 13 
Structure 381: 1 10 4 11 6 23 32 15 14 8 7 12 5 2 3 
	-> 1 2 3 4 5 6 7 8 10 11 12 14 15 
Structure 382: 1 20 4 6 23 21 13 18 17 33 16 36 2 3 
	-> 1 2 3 4 6 13 16 17 18 20 
Structure 383: 1 10 4 11 6 59 21 13 18 17 45 16 65 66 72 
	-> 1 4 6 10 11 13 16 17 18 
Structure 384: 1 10 4 11 6 9 37 8 7 12 5 2 3 
	-> 1 2 3 4 5 6 7 8 9 10 11 12 
Structure 385: 1 20 4 11 6 9 39 26 8 7 12 5 2 3 
	-> 1 2 3 4 5 6 7 8 9 11 12 20 
Structure 386: 1 10 19 4 11 6 9 24 51 14 8 7 12 5 2 3 
	-> 1 2 3 4 5 6 7 8 9 10 11 12 14 19 
Structure 387: 1 10 4 53 9 37 8 7 12 5 2 3 
	-> 1 2 3 4 5 7 8 9 10 12 
Structure 388: 1 10 4 6 23 21 13 18 17 16 5 2 3 
	-> 1 2 3 4 5 6 10 13 16 17 18 
Structure 389: 1 28 19 4 102 6 21 13 41 16 34 12 5 2 3 
	-> 1 2 3 4 5 6 12 13 16 19 
Structure 390: 1 10 4 11 6 9 13 31 8 7 5 2 3 
	-> 1 2 3 4 5 6 7 8 9 10 11 13 
Structure 391: 1 20 4 11 6 9 13 31 8 7 12 5 2 3 
	-> 1 2 3 4 5 6 7 8 9 11 12 13 20 
Structure 392: 1 10 4 11 6 9 15 14 8 7 12 5 2 3 
	-> 1 2 3 4 5 6 7 8 9 10 11 12 14 15 
Structure 393: 1 4 11 6 43 9 13 31 8 7 5 2 3 
	-> 1 2 3 4 5 6 7 8 9 11 13 
Structure 394: 1 10 19 4 70 9 62 37 54 7 12 5 2 3 
	-> 1 2 3 4 5 7 9 10 12 19 
Structure 395: 1 10 4 11 6 9 24 14 8 7 5 2 3 
	-> 1 2 3 4 5 6 7 8 9 10 11 14 
Structure 396: 1 10 19 4 6 9 15 14 8 7 12 5 2 3 
	-> 1 2 3 4 5 6 7 8 9 10 12 14 15 19 
Structure 397: 1 10 28 19 4 11 6 9 13 27 8 7 5 2 3 
	-> 1 2 3 4 5 6 7 8 9 10 11 13 19 
Structure 398: 1 10 19 4 6 70 9 13 40 8 7 5 2 3 
	-> 1 2 3 4 5 6 7 8 9 10 13 19 
Structure 399: 1 19 4 11 6 22 18 17 16 5 2 3 
	-> 1 2 3 4 5 6 11 16 17 18 19 
Structure 400: 1 10 19 4 69 38 59 21 136 13 18 17 44 16 65 66 137 72 
	-> 1 4 10 13 16 17 18 19 
Structure 401: 1 10 4 6 9 13 27 8 7 12 5 35 2 3 
	-> 1 2 3 4 5 6 7 8 9 10 12 13 
Structure 402: 1 19 4 11 6 22 71 18 17 16 2 3 
	-> 1 2 3 4 6 11 16 17 18 19 
Structure 403: 1 20 4 11 6 9 13 27 8 7 12 5 2 3 
	-> 1 2 3 4 5 6 7 8 9 11 12 13 20 
Structure 404: 1 10 4 11 6 9 13 85 8 7 5 2 3 
	-> 1 2 3 4 5 6 7 8 9 10 11 13 
Structure 405: 1 10 4 11 6 59 21 13 18 17 33 16 2 3 
	-> 1 2 3 4 6 10 11 13 16 17 18 
Structure 406: 1 19 4 6 30 123 22 18 17 45 16 5 2 3 
	-> 1 2 3 4 5 6 16 17 18 19 
Structure 407: 1 10 19 4 11 6 9 13 8 7 5 2 3 
	-> 1 2 3 4 5 6 7 8 9 10 11 13 19 
Structure 408: 1 10 4 11 6 86 22 18 17 16 5 2 3 
	-> 1 2 3 4 5 6 10 11 16 17 18 
Structure 409: 1 10 25 4 11 6 43 9 13 40 8 7 12 5 35 2 3 
	-> 1 2 3 4 5 6 7 8 9 10 11 12 13 
Structure 410: 1 19 4 11 6 43 9 48 24 14 8 7 12 5 2 3 
	-> 1 2 3 4 5 6 7 8 9 11 12 14 19 
Structure 411: 1 10 4 11 6 9 15 14 8 7 12 5 2 3 
	-> 1 2 3 4 5 6 7 8 9 10 11 12 14 15 
Structure 412: 1 10 4 6 23 21 13 18 17 16 5 2 3 
	-> 1 2 3 4 5 6 10 13 16 17 18 
Structure 413: 1 20 28 4 6 9 15 14 8 7 12 5 2 3 
	-> 1 2 3 4 5 6 7 8 9 12 14 15 20 
Structure 414: 1 10 4 11 6 59 21 13 18 17 16 2 3 
	-> 1 2 3 4 6 10 11 13 16 17 18 
Structure 415: 1 10 4 6 22 18 17 33 16 36 2 3 
	-> 1 2 3 4 6 10 16 17 18 
Structure 416: 1 10 4 6 32 15 14 8 7 12 5 2 3 
	-> 1 2 3 4 5 6 7 8 10 12 14 15 
Structure 417: 1 10 4 6 47 9 13 27 8 7 12 5 2 3 
	-> 1 2 3 4 5 6 7 8 9 10 12 13 
Structure 418: 1 20 46 56 11 6 9 15 14 8 7 12 5 2 3 
	-> 1 2 3 5 6 7 8 9 11 12 14 15 20 
Structure 419: 1 10 19 4 6 138 21 13 41 16 34 12 5 2 3 
	-> 1 2 3 4 5 6 10 12 13 16 19 
Structure 420: 169 170 171 172 64 83 21 13 42 8 7 36 2 3 
	-> 2 3 7 8 13 
Structure 421: 1 173 55 4 11 6 9 15 14 8 7 12 5 2 3 
	-> 1 2 3 4 5 6 7 8 9 11 12 14 15 
Structure 422: 1 10 4 11 6 21 13 134 174 8 7 12 5 2 3 
	-> 1 2 3 4 5 6 7 8 10 11 12 13 
Structure 423: 1 10 4 11 6 38 21 13 68 41 88 29 7 2 3 
	-> 1 2 3 4 6 7 10 11 13 
Structure 424: 1 10 4 11 6 32 15 14 8 7 12 5 2 3 
	-> 1 2 3 4 5 6 7 8 10 11 12 14 15 
Structure 425: 1 10 4 23 32 15 14 16 34 12 5 2 3 
	-> 1 2 3 4 5 10 12 14 15 16 
Structure 426: 1 10 25 4 89 23 21 13 18 17 16 5 35 2 3 
	-> 1 2 3 4 5 10 13 16 17 18 
Structure 427: 1 4 6 9 15 14 8 7 12 5 2 3 
	-> 1 2 3 4 5 6 7 8 9 12 14 15 
Structure 428: 1 4 11 6 9 15 14 8 7 5 2 3 
	-> 1 2 3 4 5 6 7 8 9 11 14 15 
Structure 429: 1 10 4 69 9 13 8 7 36 175 2 3 
	-> 1 2 3 4 7 8 9 10 13 
Structure 430: 1 10 4 6 22 18 17 16 5 2 3 
	-> 1 2 3 4 5 6 10 16 17 18 
Structure 431: 1 20 4 6 30 32 15 14 95 8 29 7 5 35 2 3 
	-> 1 2 3 4 5 6 7 8 14 15 20 
Structure 432: 1 10 25 4 176 23 21 13 18 17 33 16 60 2 3 
	-> 1 2 3 4 10 13 16 17 18 
Structure 433: 1 20 4 139 6 23 21 13 18 17 16 5 2 3 
	-> 1 2 3 4 5 6 13 16 17 18 20 
Structure 434: 1 10 4 11 6 9 13 8 7 12 5 2 3 
	-> 1 2 3 4 5 6 7 8 9 10 11 12 13 
Structure 435: 1 19 4 11 6 9 13 40 8 7 12 5 2 3 
	-> 1 2 3 4 5 6 7 8 9 11 12 13 19 
Structure 436: 1 10 4 6 38 21 13 61 8 7 5 35 2 3 
	-> 1 2 3 4 5 6 7 8 10 13 
Structure 437: 1 20 4 6 30 38 9 15 14 8 7 12 5 2 3 
	-> 1 2 3 4 5 6 7 8 9 12 14 15 20 
Structure 438: 1 10 4 6 30 9 13 8 7 12 5 2 3 
	-> 1 2 3 4 5 6 7 8 9 10 12 13 
Structure 439: 1 4 6 9 37 8 7 12 5 2 3 
	-> 1 2 3 4 5 6 7 8 9 12 
Structure 440: 1 10 4 6 9 13 8 7 94 2 3 
	-> 1 2 3 4 6 7 8 9 10 13 
Structure 441: 1 10 4 6 43 9 13 27 8 7 12 5 2 3 
	-> 1 2 3 4 5 6 7 8 9 10 12 13 
Structure 442: 1 10 4 11 6 9 39 26 8 7 12 5 2 3 
	-> 1 2 3 4 5 6 7 8 9 10 11 12 
Structure 443: 1 10 4 11 6 9 13 97 8 7 12 5 2 3 
	-> 1 2 3 4 5 6 7 8 9 10 11 12 13 
Structure 444: 1 10 4 6 177 140 18 17 16 5 2 3 
	-> 1 2 3 4 5 6 10 16 17 18 
Structure 445: 1 28 19 4 6 83 9 24 26 8 7 5 2 3 
	-> 1 2 3 4 5 6 7 8 9 19 
Structure 446: 1 28 4 6 9 15 14 8 7 5 2 3 
	-> 1 2 3 4 5 6 7 8 9 14 15 
Structure 447: 1 10 4 11 6 9 13 27 8 7 5 2 3 
	-> 1 2 3 4 5 6 7 8 9 10 11 13 
Structure 448: 1 10 4 11 6 9 13 40 8 7 5 2 3 
	-> 1 2 3 4 5 6 7 8 9 10 11 13 
Structure 449: 1 10 19 4 6 9 15 14 8 7 5 2 3 
	-> 1 2 3 4 5 6 7 8 9 10 14 15 19 
Structure 450: 1 20 4 11 6 9 15 14 8 7 12 5 2 3 
	-> 1 2 3 4 5 6 7 8 9 11 12 14 15 20 
Structure 451: 1 19 4 11 6 9 15 14 8 29 7 5 2 3 
	-> 1 2 3 4 5 6 7 8 9 11 14 15 19 
Structure 452: 1 10 4 6 9 141 13 31 8 7 36 2 3 
	-> 1 2 3 4 6 7 8 9 10 13 
Structure 453: 1 10 4 11 6 38 21 13 41 16 34 12 5 2 3 
	-> 1 2 3 4 5 6 10 11 12 13 16 
Structure 454: 1 10 4 11 6 9 13 31 8 133 5 2 3 
	-> 1 2 3 4 5 6 8 9 10 11 13 
Structure 455: 1 10 19 4 11 6 38 9 13 31 8 7 5 2 3 
	-> 1 2 3 4 5 6 7 8 9 10 11 13 19 
Structure 456: 1 10 25 4 11 6 22 18 17 45 16 5 2 3 
	-> 1 2 3 4 5 6 10 11 16 17 18 
Structure 457: 1 10 19 4 11 6 9 15 14 8 29 7 5 2 3 
	-> 1 2 3 4 5 6 7 8 9 10 11 14 15 19 
Structure 458: 1 10 19 4 11 6 9 62 26 8 7 12 5 2 3 
	-> 1 2 3 4 5 6 7 8 9 10 11 12 19 
Structure 459: 1 28 4 11 6 22 49 18 17 45 16 5 2 3 
	-> 1 2 3 4 5 6 11 16 17 18 
Structure 460: 1 10 4 11 6 23 21 13 18 17 33 16 36 60 2 3 
	-> 1 2 3 4 6 10 11 13 16 17 18 
Structure 461: 1 10 25 4 11 6 9 13 27 8 7 5 2 3 
	-> 1 2 3 4 5 6 7 8 9 10 11 13 
Structure 462: 1 10 25 4 11 6 9 13 31 8 7 12 5 2 3 
	-> 1 2 3 4 5 6 7 8 9 10 11 12 13 
Structure 463: 1 10 4 6 9 13 27 8 7 12 5 2 3 
	-> 1 2 3 4 5 6 7 8 9 10 12 13 
Structure 464: 1 4 11 6 9 13 31 16 178 34 12 5 2 3 
	-> 1 2 3 4 5 6 9 11 12 13 16 
Structure 465: 1 19 4 11 6 23 21 13 18 17 33 16 2 3 
	-> 1 2 3 4 6 11 13 16 17 18 19 
Structure 466: 1 28 4 6 21 13 41 16 34 12 5 2 3 
	-> 1 2 3 4 5 6 12 13 16 
Structure 467: 1 10 4 6 47 59 130 13 18 17 16 2 3 
	-> 1 2 3 4 6 10 13 16 17 18 
Structure 468: 1 10 4 11 6 9 13 31 8 7 5 2 3 
	-> 1 2 3 4 5 6 7 8 9 10 11 13 
Structure 469: 1 10 19 4 11 6 9 48 24 113 26 8 7 5 2 3 
	-> 1 2 3 4 5 6 7 8 9 10 11 19 
Structure 470: 1 10 4 11 6 9 13 8 7 12 5 2 3 
	-> 1 2 3 4 5 6 7 8 9 10 11 12 13 
Structure 471: 1 10 4 11 6 22 71 18 17 50 2 3 
	-> 1 2 3 4 6 10 11 17 18 
Structure 472: 1 10 4 11 6 9 15 14 8 7 12 5 2 3 
	-> 1 2 3 4 5 6 7 8 9 10 11 12 14 15 
Structure 473: 1 10 4 11 6 23 32 15 14 16 34 12 5 2 3 
	-> 1 2 3 4 5 6 10 11 12 14 15 16 
Structure 474: 1 10 4 11 6 9 24 108 26 8 7 5 2 3 
	-> 1 2 3 4 5 6 7 8 9 10 11 
Structure 475: 1 10 25 4 6 22 18 17 16 5 2 3 
	-> 1 2 3 4 5 6 10 16 17 18 
Structure 476: 1 10 4 179 6 9 24 39 26 8 7 5 2 3 
	-> 1 2 3 4 5 6 7 8 9 10 
Structure 477: 1 4 11 6 22 18 17 44 16 5 2 3 
	-> 1 2 3 4 5 6 11 16 17 18 
Structure 478: 1 10 25 4 11 6 9 13 8 29 7 5 2 3 
	-> 1 2 3 4 5 6 7 8 9 10 11 13 
Structure 479: 1 10 4 11 6 9 13 31 8 7 5 2 3 
	-> 1 2 3 4 5 6 7 8 9 10 11 13 
Structure 480: 1 10 4 11 6 9 15 14 8 7 5 2 3 
	-> 1 2 3 4 5 6 7 8 9 10 11 14 15 
Structure 481: 1 28 19 4 11 6 9 52 8 7 12 5 2 3 
	-> 1 2 3 4 5 6 7 8 9 11 12 19 
Structure 482: 1 10 4 11 6 22 71 18 17 33 16 2 3 
	-> 1 2 3 4 6 10 11 16 17 18 
Structure 483: 1 10 19 4 6 9 13 8 7 5 35 2 3 
	-> 1 2 3 4 5 6 7 8 9 10 13 19 
Structure 484: 1 10 4 6 79 9 13 27 8 7 12 5 2 3 
	-> 1 2 3 4 5 6 7 8 9 10 12 13 
Structure 485: 1 20 4 6 9 37 95 8 7 2 3 
	-> 1 2 3 4 6 7 8 9 20 
Structure 486: 1 20 4 6 47 76 32 15 14 8 7 5 2 3 
	-> 1 2 3 4 5 6 7 8 14 15 20 
Structure 487: 1 10 19 4 11 6 9 15 14 8 7 12 5 2 3 
	-> 1 2 3 4 5 6 7 8 9 10 11 12 14 15 19 
Structure 488: 1 10 25 4 11 6 23 13 18 17 44 16 5 2 3 
	-> 1 2 3 4 5 6 10 11 13 16 17 18 
Structure 489: 1 20 4 11 6 30 9 13 54 34 12 5 2 3 
	-> 1 2 3 4 5 6 9 11 12 13 20 
Structure 490: 1 10 4 6 9 15 14 8 7 12 5 2 3 
	-> 1 2 3 4 5 6 7 8 9 10 12 14 15 
Structure 491: 1 4 9 14 8 29 7 5 2 3 
	-> 1 2 3 4 5 7 8 9 14 
Structure 492: 1 19 4 53 9 15 14 8 7 12 5 2 3 
	-> 1 2 3 4 5 7 8 9 12 14 15 19 
Structure 493: 1 10 4 11 6 9 13 8 7 12 5 2 3 
	-> 1 2 3 4 5 6 7 8 9 10 11 12 13 
Structure 494: 1 10 19 4 11 6 38 9 13 27 8 7 5 2 3 
	-> 1 2 3 4 5 6 7 8 9 10 11 13 19 
Structure 495: 1 10 4 11 6 9 13 8 7 12 5 2 3 
	-> 1 2 3 4 5 6 7 8 9 10 11 12 13 
Structure 496: 1 10 4 6 9 15 14 8 7 12 5 2 3 
	-> 1 2 3 4 5 6 7 8 9 10 12 14 15 
Structure 497: 1 10 4 6 9 15 14 8 29 7 5 2 3 
	-> 1 2 3 4 5 6 7 8 9 10 14 15 
Structure 498: 1 19 4 6 9 15 14 8 7 12 5 2 3 
	-> 1 2 3 4 5 6 7 8 9 12 14 15 19 
Structure 499: 1 10 19 4 11 6 43 9 15 14 8 7 36 2 3 
	-> 1 2 3 4 6 7 8 9 10 11 14 15 19 
Structure 500: 1 10 4 9 13 8 7 5 114 2 3 
	-> 1 2 3 4 5 7 8 9 10 13 
Structure 501: 1 10 4 11 6 9 15 14 8 7 12 5 2 3 
	-> 1 2 3 4 5 6 7 8 9 10 11 12 14 15 
Structure 502: 1 20 46 82 180 9 24 37 8 7 12 5 2 3 
	-> 1 2 3 5 7 8 9 12 20 
Structure 503: 1 10 4 11 6 9 13 8 7 5 2 3 
	-> 1 2 3 4 5 6 7 8 9 10 11 13 
Structure 504: 1 10 4 6 30 9 13 27 8 7 5 2 3 
	-> 1 2 3 4 5 6 7 8 9 10 13 
Structure 505: 1 10 4 6 30 9 13 27 8 7 12 5 2 3 
	-> 1 2 3 4 5 6 7 8 9 10 12 13 
Structure 506: 1 4 11 6 23 140 22 18 17 44 16 36 2 3 
	-> 1 2 3 4 6 11 16 17 18 
Structure 507: 1 19 4 6 9 24 52 58 8 7 5 35 2 3 
	-> 1 2 3 4 5 6 7 8 9 19 
Structure 508: 1 4 11 6 21 13 42 8 7 12 5 35 2 3 
	-> 1 2 3 4 5 6 7 8 11 12 13 
Structure 509: 1 19 4 6 9 13 93 31 8 7 5 2 3 
	-> 1 2 3 4 5 6 7 8 9 13 19 
Structure 510: 1 10 4 6 23 21 13 18 17 50 181 5 2 3 
	-> 1 2 3 4 5 6 10 13 17 18 
Structure 511: 1 10 19 4 11 6 9 13 8 7 12 5 2 3 
	-> 1 2 3 4 5 6 7 8 9 10 11 12 13 19 
Structure 512: 1 10 4 6 9 13 31 8 7 12 5 2 3 
	-> 1 2 3 4 5 6 7 8 9 10 12 13 
Structure 513: 1 10 4 11 6 9 15 14 54 7 12 5 2 3 
	-> 1 2 3 4 5 6 7 9 10 11 12 14 15 
Structure 514: 1 20 4 11 6 9 39 14 8 7 12 5 2 3 
	-> 1 2 3 4 5 6 7 8 9 11 12 14 20 
Structure 515: 1 20 19 4 6 9 13 40 8 7 12 5 2 3 
	-> 1 2 3 4 5 6 7 8 9 12 13 19 20 
Structure 516: 1 10 4 9 13 8 7 12 5 2 3 
	-> 1 2 3 4 5 7 8 9 10 12 13 
Structure 517: 1 10 4 6 9 15 14 8 7 12 5 114 2 3 
	-> 1 2 3 4 5 6 7 8 9 10 12 14 15 
Structure 518: 1 4 11 6 9 13 8 7 100 5 2 3 
	-> 1 2 3 4 5 6 7 8 9 11 13 
Structure 519: 1 10 4 11 6 9 15 14 8 7 5 2 3 
	-> 1 2 3 4 5 6 7 8 9 10 11 14 15 
Structure 520: 1 10 4 9 39 26 8 29 7 5 2 3 
	-> 1 2 3 4 5 7 8 9 10 
Structure 521: 1 10 25 4 11 6 23 87 182 13 18 17 44 16 5 2 3 
	-> 1 2 3 4 5 6 10 11 13 16 17 18 
Structure 522: 1 10 4 11 6 9 15 14 8 7 12 5 2 3 
	-> 1 2 3 4 5 6 7 8 9 10 11 12 14 15 
Structure 523: 1 10 19 4 6 43 9 39 26 8 7 5 2 3 
	-> 1 2 3 4 5 6 7 8 9 10 19 
Structure 524: 1 55 4 6 9 13 31 8 29 7 2 3 
	-> 1 2 3 4 6 7 8 9 13 
Structure 525: 1 10 4 9 62 37 8 29 7 5 2 3 
	-> 1 2 3 4 5 7 8 9 10 
Structure 526: 1 4 6 9 13 8 29 7 5 2 3 
	-> 1 2 3 4 5 6 7 8 9 13 
Structure 527: 1 20 4 6 47 59 21 13 18 17 33 16 65 66 72 
	-> 1 4 6 13 16 17 18 20 
Structure 528: 1 10 4 6 9 13 31 8 7 12 5 2 3 
	-> 1 2 3 4 5 6 7 8 9 10 12 13 
Structure 529: 1 10 4 11 6 38 9 51 14 8 7 5 2 3 
	-> 1 2 3 4 5 6 7 8 9 10 11 14 
Structure 530: 1 19 4 11 6 9 37 8 7 5 2 3 
	-> 1 2 3 4 5 6 7 8 9 11 19 
Structure 531: 1 10 19 4 69 23 21 13 17 16 34 12 5 2 3 
	-> 1 2 3 4 5 10 12 13 16 17 19 
Structure 532: 1 20 4 59 21 13 18 17 16 2 3 
	-> 1 2 3 4 13 16 17 18 20 
Structure 533: 1 19 4 6 9 24 52 58 8 29 7 5 2 3 
	-> 1 2 3 4 5 6 7 8 9 19 
Structure 534: 1 10 4 6 9 15 14 8 7 5 2 3 
	-> 1 2 3 4 5 6 7 8 9 10 14 15 
Structure 535: 1 28 4 11 6 9 15 14 8 7 5 2 3 
	-> 1 2 3 4 5 6 7 8 9 11 14 15 
Structure 536: 1 10 4 6 9 113 52 26 8 7 12 5 2 3 
	-> 1 2 3 4 5 6 7 8 9 10 12 
Structure 537: 1 20 4 11 6 13 41 16 34 12 5 2 3 
	-> 1 2 3 4 5 6 11 12 13 16 20 
Structure 538: 1 28 19 4 6 21 13 42 8 7 5 2 3 
	-> 1 2 3 4 5 6 7 8 13 19 
Structure 539: 1 103 10 4 11 6 13 41 16 34 12 5 2 3 
	-> 1 2 3 4 5 6 10 11 12 13 16 
Structure 540: 1 20 28 19 4 11 6 59 21 13 18 17 16 2 3 
	-> 1 2 3 4 6 11 13 16 17 18 19 20 
Structure 541: 1 19 4 11 6 43 32 15 14 54 34 12 5 2 3 
	-> 1 2 3 4 5 6 11 12 14 15 19 
Structure 542: 1 10 4 11 6 23 32 15 14 16 34 12 5 60 2 3 
	-> 1 2 3 4 5 6 10 11 12 14 15 16 
Structure 543: 1 10 4 6 30 9 51 14 8 7 5 2 3 
	-> 1 2 3 4 5 6 7 8 9 10 14 
Structure 544: 1 10 4 11 6 105 22 18 17 44 16 5 2 3 
	-> 1 2 3 4 5 6 10 11 16 17 18 
Structure 545: 1 10 19 4 142 9 24 26 8 7 5 2 3 
	-> 1 2 3 4 5 7 8 9 10 19 
Structure 546: 1 10 4 11 6 9 15 14 8 7 36 60 2 3 
	-> 1 2 3 4 6 7 8 9 10 11 14 15 
Structure 547: 1 10 25 4 11 6 22 49 18 17 16 5 2 3 
	-> 1 2 3 4 5 6 10 11 16 17 18 
Structure 548: 1 10 19 4 11 6 9 15 14 8 7 5 2 3 
	-> 1 2 3 4 5 6 7 8 9 10 11 14 15 19 
Structure 549: 1 28 4 21 13 41 7 5 2 3 
	-> 1 2 3 4 5 7 13 
Structure 550: 1 4 11 6 9 13 8 7 5 2 3 
	-> 1 2 3 4 5 6 7 8 9 11 13 
Structure 551: 1 20 4 11 6 23 21 13 18 17 16 5 2 3 
	-> 1 2 3 4 5 6 11 13 16 17 18 20 
Structure 552: 1 19 4 23 21 13 18 17 16 5 2 3 
	-> 1 2 3 4 5 13 16 17 18 19 
Structure 553: 1 10 4 11 6 9 39 26 8 7 12 5 2 3 
	-> 1 2 3 4 5 6 7 8 9 10 11 12 
Structure 554: 1 10 19 4 11 6 9 15 14 8 7 12 5 60 2 3 
	-> 1 2 3 4 5 6 7 8 9 10 11 12 14 15 19 
Structure 555: 1 10 4 102 6 9 24 52 58 8 7 5 2 3 
	-> 1 2 3 4 5 6 7 8 9 10 
Structure 556: 1 10 4 11 6 47 22 49 18 17 45 16 5 2 3 
	-> 1 2 3 4 5 6 10 11 16 17 18 
Structure 557: 1 10 4 6 23 22 18 17 44 16 12 5 2 3 
	-> 1 2 3 4 5 6 10 12 16 17 18 
Structure 558: 1 19 4 11 6 9 24 14 107 8 7 12 5 2 3 
	-> 1 2 3 4 5 6 7 8 9 11 12 14 19 
Structure 559: 1 20 4 6 30 9 26 8 7 12 5 2 3 
	-> 1 2 3 4 5 6 7 8 9 12 20 
Structure 560: 1 103 25 4 6 9 13 27 8 7 5 35 2 3 
	-> 1 2 3 4 5 6 7 8 9 13 
Structure 561: 1 10 4 6 23 63 13 18 17 16 5 2 3 
	-> 1 2 3 4 5 6 10 13 16 17 18 
Structure 562: 1 20 4 11 6 9 15 14 8 7 12 5 2 3 
	-> 1 2 3 4 5 6 7 8 9 11 12 14 15 20 
Structure 563: 1 10 4 69 22 18 17 16 5 35 2 3 
	-> 1 2 3 4 5 10 16 17 18 
Structure 564: 1 10 25 4 11 6 9 13 8 7 12 5 2 3 
	-> 1 2 3 4 5 6 7 8 9 10 11 12 13 
Structure 565: 1 55 4 6 9 15 14 8 7 2 3 
	-> 1 2 3 4 6 7 8 9 14 15 
Structure 566: 1 10 25 4 11 6 22 18 17 44 16 5 2 3 
	-> 1 2 3 4 5 6 10 11 16 17 18 
Structure 567: 1 10 25 4 11 6 22 49 18 17 50 5 2 3 
	-> 1 2 3 4 5 6 10 11 17 18 
Structure 568: 1 55 4 11 6 21 13 42 8 7 12 5 2 3 
	-> 1 2 3 4 5 6 7 8 11 12 13 
Structure 569: 1 20 4 6 9 135 14 8 29 7 5 2 3 
	-> 1 2 3 4 5 6 7 8 9 14 20 
Structure 570: 1 20 4 11 6 21 13 61 8 29 7 5 2 3 
	-> 1 2 3 4 5 6 7 8 11 13 20 
Structure 571: 1 10 25 4 11 6 9 13 8 7 5 2 3 
	-> 1 2 3 4 5 6 7 8 9 10 11 13 
Structure 572: 1 10 4 11 6 43 183 32 15 14 8 7 5 2 3 
	-> 1 2 3 4 5 6 7 8 10 11 14 15 
Structure 573: 1 20 4 11 6 9 15 14 8 7 5 2 3 
	-> 1 2 3 4 5 6 7 8 9 11 14 15 20 
Structure 574: 1 10 4 6 9 13 8 7 5 2 3 
	-> 1 2 3 4 5 6 7 8 9 10 13 
Structure 575: 1 10 4 9 24 26 8 7 12 5 2 3 
	-> 1 2 3 4 5 7 8 9 10 12 
Structure 576: 1 10 25 4 6 30 9 13 31 8 7 12 5 2 3 
	-> 1 2 3 4 5 6 7 8 9 10 12 13 
Structure 577: 1 10 4 11 6 9 8 7 5 2 3 
	-> 1 2 3 4 5 6 7 8 9 10 11 
Structure 578: 1 28 4 11 6 9 13 27 8 7 5 2 3 
	-> 1 2 3 4 5 6 7 8 9 11 13 
Structure 579: 1 10 25 4 11 6 22 49 18 17 16 5 2 3 
	-> 1 2 3 4 5 6 10 11 16 17 18 
Structure 580: 1 20 67 64 9 48 24 14 8 7 5 2 3 
	-> 1 2 3 5 7 8 9 14 20 
Structure 581: 1 10 4 11 6 23 21 13 18 17 33 16 5 2 3 
	-> 1 2 3 4 5 6 10 11 13 16 17 18 
Structure 582: 1 20 4 11 6 9 21 13 8 7 5 2 3 
	-> 1 2 3 4 5 6 7 8 9 11 13 20 
Structure 583: 1 10 4 102 6 23 21 13 18 17 50 115 5 2 3 
	-> 1 2 3 4 5 6 10 13 17 18 
Structure 584: 1 10 4 11 6 38 9 14 8 7 12 5 2 3 
	-> 1 2 3 4 5 6 7 8 9 10 11 12 14 
Structure 585: 1 10 4 11 6 38 9 24 8 7 12 5 2 3 
	-> 1 2 3 4 5 6 7 8 9 10 11 12 
Structure 586: 1 10 4 11 6 9 39 26 8 7 12 5 2 3 
	-> 1 2 3 4 5 6 7 8 9 10 11 12 
Structure 587: 1 25 4 11 6 9 15 14 8 7 12 5 2 3 
	-> 1 2 3 4 5 6 7 8 9 11 12 14 15 
Structure 588: 1 10 19 4 74 9 15 14 8 7 5 2 3 
	-> 1 2 3 4 5 7 8 9 10 14 15 19 
Structure 589: 1 4 11 6 9 13 40 8 7 36 2 3 
	-> 1 2 3 4 6 7 8 9 11 13 
Structure 590: 1 103 25 4 11 6 184 13 18 17 16 185 65 66 72 
	-> 1 4 6 11 13 16 17 18 
Structure 591: 1 10 4 11 6 9 15 14 8 7 5 2 3 
	-> 1 2 3 4 5 6 7 8 9 10 11 14 15 
Structure 592: 1 10 25 4 6 30 22 18 17 33 16 5 2 3 
	-> 1 2 3 4 5 6 10 16 17 18 
Structure 593: 1 10 4 6 22 18 17 33 16 2 3 
	-> 1 2 3 4 6 10 16 17 18 
Structure 594: 1 4 6 9 13 31 8 7 12 5 2 3 
	-> 1 2 3 4 5 6 7 8 9 12 13 
Structure 595: 1 10 25 4 6 22 18 17 50 5 2 3 
	-> 1 2 3 4 5 6 10 17 18 
Structure 596: 1 10 4 11 6 43 32 15 14 8 7 12 5 2 3 
	-> 1 2 3 4 5 6 7 8 10 11 12 14 15 
Structure 597: 1 20 4 11 6 9 13 27 54 7 12 5 2 3 
	-> 1 2 3 4 5 6 7 9 11 12 13 20 
Structure 598: 1 10 4 11 6 22 18 17 45 16 5 2 3 
	-> 1 2 3 4 5 6 10 11 16 17 18 
Structure 599: 1 10 4 11 6 9 15 14 8 7 12 5 2 3 
	-> 1 2 3 4 5 6 7 8 9 10 11 12 14 15 
Structure 600: 1 10 4 11 6 23 13 18 17 16 5 2 3 
	-> 1 2 3 4 5 6 10 11 13 16 17 18 
Structure 601: 1 20 4 11 6 22 127 18 17 16 5 2 3 
	-> 1 2 3 4 5 6 11 16 17 18 20 
Structure 602: 1 19 4 11 6 22 18 17 50 5 2 3 
	-> 1 2 3 4 5 6 11 17 18 19 
Structure 603: 1 10 4 6 80 22 18 17 16 60 2 3 
	-> 1 2 3 4 6 10 16 17 18 
Structure 604: 1 28 19 4 11 6 9 15 14 8 29 7 5 2 3 
	-> 1 2 3 4 5 6 7 8 9 11 14 15 19 
Structure 605: 1 10 4 11 6 21 13 68 41 81 29 7 2 3 
	-> 1 2 3 4 6 7 10 11 13 
Structure 606: 1 19 4 11 6 9 48 24 26 8 7 12 5 2 3 
	-> 1 2 3 4 5 6 7 8 9 11 12 19 
Structure 607: 1 10 4 11 6 30 9 15 14 8 7 5 2 3 
	-> 1 2 3 4 5 6 7 8 9 10 11 14 15 
Structure 608: 1 10 4 6 9 15 14 42 8 7 12 5 2 3 
	-> 1 2 3 4 5 6 7 8 9 10 12 14 15 
Structure 609: 1 4 11 6 9 13 93 31 8 7 12 5 2 3 
	-> 1 2 3 4 5 6 7 8 9 11 12 13 
Structure 610: 1 10 4 6 21 13 41 16 34 12 5 2 3 
	-> 1 2 3 4 5 6 10 12 13 16 
Structure 611: 1 10 19 4 11 6 9 51 26 8 7 12 5 2 3 
	-> 1 2 3 4 5 6 7 8 9 10 11 12 19 
Structure 612: 1 20 4 11 6 9 15 14 8 7 12 5 2 3 
	-> 1 2 3 4 5 6 7 8 9 11 12 14 15 20 
Structure 613: 1 20 4 11 6 22 18 17 45 16 5 2 3 
	-> 1 2 3 4 5 6 11 16 17 18 20 
Structure 614: 116 117 186 104 187 188 189 190 191 21 13 7 2 3 
	-> 2 3 7 13 
Structure 615: 1 19 4 6 9 57 13 8 7 192 5 2 3 
	-> 1 2 3 4 5 6 7 8 9 13 19 
Structure 616: 1 10 4 11 6 9 15 14 8 7 5 2 3 
	-> 1 2 3 4 5 6 7 8 9 10 11 14 15 
Structure 617: 1 10 4 11 6 47 70 9 13 54 34 12 5 2 3 
	-> 1 2 3 4 5 6 9 10 11 12 13 
Structure 618: 1 20 19 4 53 9 13 78 8 7 5 2 3 
	-> 1 2 3 4 5 7 8 9 13 19 20 
Structure 619: 1 10 4 11 6 9 39 26 8 7 12 5 2 3 
	-> 1 2 3 4 5 6 7 8 9 10 11 12 
Structure 620: 1 10 4 6 77 9 15 14 8 7 12 5 2 3 
	-> 1 2 3 4 5 6 7 8 9 10 12 14 15 
Structure 621: 1 10 19 4 11 6 9 21 13 27 8 7 5 2 3 
	-> 1 2 3 4 5 6 7 8 9 10 11 13 19 
Structure 622: 1 10 4 6 79 9 8 7 12 5 2 3 
	-> 1 2 3 4 5 6 7 8 9 10 12 
Structure 623: 1 19 4 6 22 18 17 44 16 5 2 3 
	-> 1 2 3 4 5 6 16 17 18 19 
Structure 624: 1 10 19 4 6 43 9 13 40 8 7 12 5 114 2 3 
	-> 1 2 3 4 5 6 7 8 9 10 12 13 19 
Structure 625: 1 10 4 11 6 21 13 42 8 106 5 2 3 
	-> 1 2 3 4 5 6 8 10 11 13 
Structure 626: 1 10 4 9 13 8 7 12 5 2 3 
	-> 1 2 3 4 5 7 8 9 10 12 13 
Structure 627: 1 10 4 6 47 9 15 14 8 7 36 2 3 
	-> 1 2 3 4 6 7 8 9 10 14 15 
Structure 628: 1 10 4 6 23 21 13 61 8 7 12 5 2 3 
	-> 1 2 3 4 5 6 7 8 10 12 13 
Structure 629: 1 4 53 9 24 26 8 7 5 2 3 
	-> 1 2 3 4 5 7 8 9 
Structure 630: 1 4 11 6 22 18 17 45 16 5 2 3 
	-> 1 2 3 4 5 6 11 16 17 18 
Structure 631: 1 10 4 11 6 9 15 14 8 7 5 2 3 
	-> 1 2 3 4 5 6 7 8 9 10 11 14 15 
Structure 632: 1 4 6 9 39 26 8 7 12 5 60 2 3 
	-> 1 2 3 4 5 6 7 8 9 12 
Structure 633: 1 10 4 11 6 9 13 40 8 29 7 5 2 3 
	-> 1 2 3 4 5 6 7 8 9 10 11 13 
Structure 634: 1 20 4 11 6 21 13 41 16 34 12 5 2 3 
	-> 1 2 3 4 5 6 11 12 13 16 20 
Structure 635: 1 10 4 89 99 22 18 17 45 16 5 2 3 
	-> 1 2 3 4 5 10 16 17 18 
Structure 636: 1 10 4 11 6 22 18 17 16 5 2 3 
	-> 1 2 3 4 5 6 10 11 16 17 18 
Structure 637: 1 19 4 9 8 7 12 5 2 3 
	-> 1 2 3 4 5 7 8 9 12 19 
Structure 638: 1 10 28 4 11 6 9 13 8 29 7 5 2 3 
	-> 1 2 3 4 5 6 7 8 9 10 11 13 
Structure 639: 1 10 4 11 6 9 57 13 8 29 7 5 2 3 
	-> 1 2 3 4 5 6 7 8 9 10 11 13 
Structure 640: 1 10 4 11 6 9 24 26 8 7 12 5 2 3 
	-> 1 2 3 4 5 6 7 8 9 10 11 12 
Structure 641: 1 10 19 4 6 9 13 31 8 7 12 5 2 3 
	-> 1 2 3 4 5 6 7 8 9 10 12 13 19 
Structure 642: 1 10 4 11 6 47 9 13 31 8 7 12 5 2 3 
	-> 1 2 3 4 5 6 7 8 9 10 11 12 13 
Structure 643: 1 10 25 4 53 9 15 14 8 7 5 2 3 
	-> 1 2 3 4 5 7 8 9 10 14 15 
Structure 644: 1 20 67 64 75 99 73 101 17 16 34 12 5 2 3 
	-> 1 2 3 5 12 16 17 20 
Structure 645: 1 10 4 6 193 141 13 18 17 33 16 5 2 3 
	-> 1 2 3 4 5 6 10 13 16 17 18 
Structure 646: 1 10 25 4 11 6 9 37 8 7 5 2 3 
	-> 1 2 3 4 5 6 7 8 9 10 11 
Structure 647: 1 4 11 6 9 13 31 8 7 12 5 2 3 
	-> 1 2 3 4 5 6 7 8 9 11 12 13 
Structure 648: 1 10 4 6 9 15 14 8 7 5 2 3 
	-> 1 2 3 4 5 6 7 8 9 10 14 15 
Structure 649: 1 10 4 11 6 9 15 14 8 7 36 2 3 
	-> 1 2 3 4 6 7 8 9 10 11 14 15 
Structure 650: 1 10 4 139 6 23 21 13 18 17 16 5 2 3 
	-> 1 2 3 4 5 6 10 13 16 17 18 
Structure 651: 1 10 19 4 11 6 9 57 13 8 7 5 2 3 
	-> 1 2 3 4 5 6 7 8 9 10 11 13 19 
Structure 652: 1 10 4 6 9 13 31 8 7 12 5 2 3 
	-> 1 2 3 4 5 6 7 8 9 10 12 13 
Structure 653: 1 25 4 6 30 22 18 17 16 5 2 3 
	-> 1 2 3 4 5 6 16 17 18 
Structure 654: 1 4 11 6 23 21 13 18 17 16 5 2 3 
	-> 1 2 3 4 5 6 11 13 16 17 18 
Structure 655: 1 19 4 11 6 9 13 8 7 12 5 2 3 
	-> 1 2 3 4 5 6 7 8 9 11 12 13 19 
Structure 656: 1 10 4 11 6 79 86 18 17 16 5 2 3 
	-> 1 2 3 4 5 6 10 11 16 17 18 
Structure 657: 1 20 4 11 6 9 13 8 7 5 2 3 
	-> 1 2 3 4 5 6 7 8 9 11 13 20 
Structure 658: 1 46 82 90 23 21 13 18 17 45 16 5 2 3 
	-> 1 2 3 5 13 16 17 18 
Structure 659: 1 19 4 11 6 9 13 8 7 12 5 2 3 
	-> 1 2 3 4 5 6 7 8 9 11 12 13 19 
Structure 660: 1 10 4 6 30 111 32 15 14 8 29 7 5 35 2 3 
	-> 1 2 3 4 5 6 7 8 10 14 15 
Structure 661: 1 20 4 6 23 21 13 18 17 33 16 5 2 3 
	-> 1 2 3 4 5 6 13 16 17 18 20 
Structure 662: 1 20 4 11 6 73 18 17 16 5 2 3 
	-> 1 2 3 4 5 6 11 16 17 18 20 
Structure 663: 1 28 4 11 6 70 9 57 13 8 7 5 2 3 
	-> 1 2 3 4 5 6 7 8 9 11 13 
Structure 664: 1 10 19 4 6 70 9 15 14 8 7 5 2 3 
	-> 1 2 3 4 5 6 7 8 9 10 14 15 19 
Structure 665: 1 10 4 6 59 21 13 18 17 16 65 66 72 
	-> 1 4 6 10 13 16 17 18 
Structure 666: 1 20 28 4 11 6 9 15 14 8 7 12 36 2 3 
	-> 1 2 3 4 6 7 8 9 11 12 14 15 20 
Structure 667: 1 4 11 6 9 13 8 29 7 5 2 3 
	-> 1 2 3 4 5 6 7 8 9 11 13 
Structure 668: 1 10 4 11 6 9 13 27 8 7 12 5 2 3 
	-> 1 2 3 4 5 6 7 8 9 10 11 12 13 
Structure 669: 1 20 46 194 143 6 9 13 8 7 5 2 3 
	-> 1 2 3 5 6 7 8 9 13 20 
Structure 670: 1 25 4 11 6 9 15 14 8 7 36 2 3 
	-> 1 2 3 4 6 7 8 9 11 14 15 
Structure 671: 1 4 53 195 9 13 8 7 12 5 2 3 
	-> 1 2 3 4 5 7 8 9 12 13 
Structure 672: 1 10 4 11 6 23 21 13 18 17 16 5 2 3 
	-> 1 2 3 4 5 6 10 11 13 16 17 18 
Structure 673: 1 4 11 6 9 24 37 8 7 36 2 3 
	-> 1 2 3 4 6 7 8 9 11 
Structure 674: 1 20 4 11 6 23 84 18 17 16 5 2 3 
	-> 1 2 3 4 5 6 11 16 17 18 20 
Structure 675: 1 10 4 6 9 15 14 54 7 100 36 2 3 
	-> 1 2 3 4 6 7 9 10 14 15 
Structure 676: 1 10 4 6 9 57 13 8 7 5 2 3 
	-> 1 2 3 4 5 6 7 8 9 10 13 
Structure 677: 1 20 4 11 6 9 13 8 7 12 5 2 3 
	-> 1 2 3 4 5 6 7 8 9 11 12 13 20 
Structure 678: 1 25 4 6 9 15 14 8 7 144 2 3 
	-> 1 2 3 4 6 7 8 9 14 15 
Structure 679: 1 20 4 6 9 13 8 7 5 2 3 
	-> 1 2 3 4 5 6 7 8 9 13 20 
Structure 680: 1 10 4 6 196 145 22 49 18 17 44 16 5 2 3 
	-> 1 2 3 4 5 6 10 16 17 18 
Structure 681: 1 20 28 4 6 76 32 15 14 8 7 36 2 3 
	-> 1 2 3 4 6 7 8 14 15 20 
Structure 682: 1 20 46 56 11 6 43 9 13 27 8 7 5 2 3 
	-> 1 2 3 5 6 7 8 9 11 13 20 
Structure 683: 1 10 4 6 9 13 91 8 29 7 5 35 2 3 
	-> 1 2 3 4 5 6 7 8 9 10 13 
Structure 684: 1 10 4 11 6 9 13 27 8 7 12 5 2 3 
	-> 1 2 3 4 5 6 7 8 9 10 11 12 13 
Structure 685: 1 10 4 6 9 15 14 8 7 5 2 3 
	-> 1 2 3 4 5 6 7 8 9 10 14 15 
Structure 686: 1 20 4 53 9 24 58 8 7 5 2 3 
	-> 1 2 3 4 5 7 8 9 20 
Structure 687: 1 10 4 6 9 13 8 29 7 5 2 3 
	-> 1 2 3 4 5 6 7 8 9 10 13 
Structure 688: 1 4 11 6 9 15 14 8 7 12 5 2 3 
	-> 1 2 3 4 5 6 7 8 9 11 12 14 15 
Structure 689: 1 20 4 6 30 9 15 14 8 29 7 5 2 3 
	-> 1 2 3 4 5 6 7 8 9 14 15 20 
Structure 690: 1 20 19 4 6 75 9 15 14 8 7 12 5 2 3 
	-> 1 2 3 4 5 6 7 8 9 12 14 15 19 20 
Structure 691: 1 10 4 6 9 39 26 8 7 5 2 3 
	-> 1 2 3 4 5 6 7 8 9 10 
Structure 692: 1 10 4 11 6 9 13 40 8 7 12 5 2 3 
	-> 1 2 3 4 5 6 7 8 9 10 11 12 13 
Structure 693: 1 10 4 11 6 23 21 13 18 17 50 5 2 3 
	-> 1 2 3 4 5 6 10 11 13 17 18 
Structure 694: 1 19 4 11 6 9 15 14 8 29 7 5 2 3 
	-> 1 2 3 4 5 6 7 8 9 11 14 15 19 
Structure 695: 1 10 4 11 6 23 21 13 18 17 16 5 2 3 
	-> 1 2 3 4 5 6 10 11 13 16 17 18 
Structure 696: 1 55 4 11 6 9 57 13 8 7 12 5 2 3 
	-> 1 2 3 4 5 6 7 8 9 11 12 13 
Structure 697: 1 10 4 6 22 49 18 17 33 16 5 2 3 
	-> 1 2 3 4 5 6 10 16 17 18 
Structure 698: 1 20 28 4 11 6 9 37 8 7 5 2 3 
	-> 1 2 3 4 5 6 7 8 9 11 20 
Structure 699: 1 10 4 6 9 15 14 8 7 5 2 3 
	-> 1 2 3 4 5 6 7 8 9 10 14 15 
Structure 700: 1 10 4 11 6 21 13 61 8 7 12 5 2 3 
	-> 1 2 3 4 5 6 7 8 10 11 12 13 
Structure 701: 1 10 4 6 80 9 13 40 8 7 12 5 2 3 
	-> 1 2 3 4 5 6 7 8 9 10 12 13 
Structure 702: 1 10 19 4 6 9 57 13 8 7 12 5 2 3 
	-> 1 2 3 4 5 6 7 8 9 10 12 13 19 
Structure 703: 1 10 4 53 9 13 31 8 7 12 5 2 3 
	-> 1 2 3 4 5 7 8 9 10 12 13 
Structure 704: 1 10 25 4 11 6 22 49 18 17 16 5 2 3 
	-> 1 2 3 4 5 6 10 11 16 17 18 
Structure 705: 1 10 4 6 9 15 14 8 7 5 2 3 
	-> 1 2 3 4 5 6 7 8 9 10 14 15 
Structure 706: 1 10 4 6 9 48 24 14 26 8 7 12 5 2 3 
	-> 1 2 3 4 5 6 7 8 9 10 12 14 
Structure 707: 1 10 4 6 9 13 8 7 5 35 2 3 
	-> 1 2 3 4 5 6 7 8 9 10 13 
Structure 708: 1 4 11 6 9 62 37 8 7 12 5 2 3 
	-> 1 2 3 4 5 6 7 8 9 11 12 
Structure 709: 1 10 4 109 53 9 15 14 8 7 5 2 3 
	-> 1 2 3 4 5 7 8 9 10 14 15 
Structure 710: 1 10 4 11 6 9 48 15 14 8 7 12 5 2 3 
	-> 1 2 3 4 5 6 7 8 9 10 11 12 14 15 
Structure 711: 1 10 4 11 6 23 87 21 13 18 17 45 16 5 2 3 
	-> 1 2 3 4 5 6 10 11 13 16 17 18 
Structure 712: 1 10 4 6 83 9 15 14 16 34 12 5 2 3 
	-> 1 2 3 4 5 6 9 10 12 14 15 16 
Structure 713: 1 10 25 4 11 6 70 9 13 27 8 7 12 5 2 3 
	-> 1 2 3 4 5 6 7 8 9 10 11 12 13 
Structure 714: 1 10 4 11 6 9 39 26 8 29 7 5 2 3 
	-> 1 2 3 4 5 6 7 8 9 10 11 
Structure 715: 1 55 4 6 47 23 63 13 18 17 33 16 12 5 2 3 
	-> 1 2 3 4 5 6 12 13 16 17 18 
Structure 716: 1 10 4 11 6 38 9 15 14 107 8 7 12 5 2 3 
	-> 1 2 3 4 5 6 7 8 9 10 11 12 14 15 
Structure 717: 1 4 6 22 18 17 45 5 2 3 
	-> 1 2 3 4 5 6 17 18 
Structure 718: 1 20 4 53 9 52 8 7 12 5 2 3 
	-> 1 2 3 4 5 7 8 9 12 20 
Structure 719: 1 10 4 74 43 9 13 40 8 7 12 5 2 3 
	-> 1 2 3 4 5 7 8 9 10 12 13 
Structure 720: 1 10 19 4 11 6 9 15 14 8 7 5 2 3 
	-> 1 2 3 4 5 6 7 8 9 10 11 14 15 19 
Structure 721: 1 10 4 11 6 43 9 13 92 8 7 12 5 2 3 
	-> 1 2 3 4 5 6 7 8 9 10 11 12 13 
Structure 722: 1 20 4 11 6 111 22 18 17 16 36 2 3 
	-> 1 2 3 4 6 11 16 17 18 20 
Structure 723: 1 10 4 11 6 32 15 14 8 7 12 5 2 3 
	-> 1 2 3 4 5 6 7 8 10 11 12 14 15 
Structure 724: 1 20 197 67 64 75 9 13 8 7 5 35 2 3 
	-> 1 2 3 5 7 8 9 13 20 
Structure 725: 1 28 4 6 22 71 18 17 50 2 3 
	-> 1 2 3 4 6 17 18 
Structure 726: 1 19 4 142 32 15 14 42 8 7 12 5 2 3 
	-> 1 2 3 4 5 7 8 12 14 15 19 
Structure 727: 1 20 4 6 77 9 39 26 8 7 12 5 2 3 
	-> 1 2 3 4 5 6 7 8 9 12 20 
Structure 728: 1 20 4 11 6 38 9 15 14 8 7 5 2 3 
	-> 1 2 3 4 5 6 7 8 9 11 14 15 20 
Structure 729: 1 10 19 4 6 47 9 37 8 7 5 35 2 3 
	-> 1 2 3 4 5 6 7 8 9 10 19 
Structure 730: 1 20 4 9 15 14 8 7 12 5 2 3 
	-> 1 2 3 4 5 7 8 9 12 14 15 20 
Structure 731: 1 10 4 11 6 9 13 27 8 7 5 35 2 3 
	-> 1 2 3 4 5 6 7 8 9 10 11 13 
Structure 732: 1 10 19 4 6 9 13 27 8 7 146 12 5 2 3 
	-> 1 2 3 4 5 6 7 8 9 10 12 13 19 
Structure 733: 1 19 4 11 6 30 22 18 17 33 16 5 2 3 
	-> 1 2 3 4 5 6 11 16 17 18 19 
Structure 734: 1 28 19 4 6 9 15 26 8 7 12 5 2 3 
	-> 1 2 3 4 5 6 7 8 9 12 15 19 
Structure 735: 1 4 9 39 26 8 7 5 2 3 
	-> 1 2 3 4 5 7 8 9 
Structure 736: 1 55 4 11 6 9 13 40 8 7 124 12 5 2 3 
	-> 1 2 3 4 5 6 7 8 9 11 12 13 
Structure 737: 1 19 4 11 6 84 13 18 17 16 5 2 3 
	-> 1 2 3 4 5 6 11 13 16 17 18 19 
Structure 738: 1 20 4 6 30 9 13 198 40 8 7 36 2 3 
	-> 1 2 3 4 6 7 8 9 13 20 
Structure 739: 1 10 4 6 9 15 14 8 7 12 5 2 3 
	-> 1 2 3 4 5 6 7 8 9 10 12 14 15 
Structure 740: 1 10 4 6 21 13 41 16 34 12 5 2 3 
	-> 1 2 3 4 5 6 10 12 13 16 
Structure 741: 1 10 19 4 11 6 86 18 17 16 5 2 3 
	-> 1 2 3 4 5 6 10 11 16 17 18 19 
Structure 742: 1 10 4 11 6 9 15 14 8 7 12 5 2 3 
	-> 1 2 3 4 5 6 7 8 9 10 11 12 14 15 
Structure 743: 1 10 4 9 13 92 8 7 12 5 2 3 
	-> 1 2 3 4 5 7 8 9 10 12 13 
Structure 744: 1 19 4 11 6 9 24 51 14 8 7 36 2 3 
	-> 1 2 3 4 6 7 8 9 11 14 19 
Structure 745: 1 10 4 11 6 23 199 92 16 5 2 3 
	-> 1 2 3 4 5 6 10 11 16 
Structure 746: 1 19 4 9 13 31 8 7 36 2 3 
	-> 1 2 3 4 7 8 9 13 19 
Structure 747: 1 10 4 6 30 9 13 8 7 12 5 2 3 
	-> 1 2 3 4 5 6 7 8 9 10 12 13 
Structure 748: 1 10 4 9 13 27 8 7 12 5 2 3 
	-> 1 2 3 4 5 7 8 9 10 12 13 
Structure 749: 1 20 4 11 6 9 13 27 34 12 5 2 3 
	-> 1 2 3 4 5 6 9 11 12 13 20 
Structure 750: 1 10 4 11 6 9 13 8 7 12 5 2 3 
	-> 1 2 3 4 5 6 7 8 9 10 11 12 13 
Structure 751: 1 10 4 11 6 22 49 18 17 44 16 5 35 2 3 
	-> 1 2 3 4 5 6 10 11 16 17 18 
Structure 752: 1 10 4 6 9 13 31 8 7 12 5 2 3 
	-> 1 2 3 4 5 6 7 8 9 10 12 13 
Structure 753: 1 19 4 11 6 9 48 15 14 8 7 5 2 3 
	-> 1 2 3 4 5 6 7 8 9 11 14 15 19 
Structure 754: 1 20 19 4 11 6 23 21 13 18 17 16 5 2 3 
	-> 1 2 3 4 5 6 11 13 16 17 18 19 20 
Structure 755: 1 4 6 23 32 15 14 16 34 12 5 2 3 
	-> 1 2 3 4 5 6 12 14 15 16 
Structure 756: 1 10 4 6 38 9 13 27 8 7 12 5 2 3 
	-> 1 2 3 4 5 6 7 8 9 10 12 13 
Structure 757: 1 10 4 6 200 21 13 42 8 7 5 2 3 
	-> 1 2 3 4 5 6 7 8 10 13 
Structure 758: 1 10 4 11 6 9 13 31 8 7 12 5 2 3 
	-> 1 2 3 4 5 6 7 8 9 10 11 12 13 
Structure 759: 1 10 25 4 6 9 15 14 8 7 2 3 
	-> 1 2 3 4 6 7 8 9 10 14 15 
Structure 760: 1 10 4 6 30 9 15 14 8 29 7 36 2 3 
	-> 1 2 3 4 6 7 8 9 10 14 15 
Structure 761: 1 19 4 11 6 9 15 14 8 106 5 2 3 
	-> 1 2 3 4 5 6 8 9 11 14 15 19 
Structure 762: 1 10 19 4 6 22 18 17 33 16 5 2 3 
	-> 1 2 3 4 5 6 10 16 17 18 19 
Structure 763: 1 4 11 6 9 57 13 8 7 12 5 2 3 
	-> 1 2 3 4 5 6 7 8 9 11 12 13 
Structure 764: 1 10 19 4 6 32 15 14 8 7 12 5 2 3 
	-> 1 2 3 4 5 6 7 8 10 12 14 15 19 
Structure 765: 1 4 6 77 9 13 78 8 7 12 5 2 3 
	-> 1 2 3 4 5 6 7 8 9 12 13 
Structure 766: 1 19 4 11 6 9 15 14 8 7 5 35 2 3 
	-> 1 2 3 4 5 6 7 8 9 11 14 15 19 
Structure 767: 1 10 4 11 6 9 37 8 7 12 5 2 3 
	-> 1 2 3 4 5 6 7 8 9 10 11 12 
Structure 768: 1 4 11 6 9 15 14 8 7 12 5 2 3 
	-> 1 2 3 4 5 6 7 8 9 11 12 14 15 
Structure 769: 1 20 4 11 6 22 18 17 16 5 2 3 
	-> 1 2 3 4 5 6 11 16 17 18 20 
Structure 770: 1 20 4 11 6 9 13 8 7 12 5 2 3 
	-> 1 2 3 4 5 6 7 8 9 11 12 13 20 
Structure 771: 1 10 4 6 38 9 13 8 7 12 5 2 3 
	-> 1 2 3 4 5 6 7 8 9 10 12 13 
Structure 772: 1 20 4 6 30 22 18 17 50 5 2 3 
	-> 1 2 3 4 5 6 17 18 20 
Structure 773: 1 4 11 6 9 15 14 8 7 12 5 2 3 
	-> 1 2 3 4 5 6 7 8 9 11 12 14 15 
Structure 774: 1 10 4 11 6 9 24 14 8 7 5 2 3 
	-> 1 2 3 4 5 6 7 8 9 10 11 14 
Structure 775: 1 10 4 6 47 21 13 42 8 7 12 5 2 3 
	-> 1 2 3 4 5 6 7 8 10 12 13 
Structure 776: 1 10 25 4 6 9 15 14 8 7 12 5 2 3 
	-> 1 2 3 4 5 6 7 8 9 10 12 14 15 
Structure 777: 1 4 11 6 9 24 52 58 8 7 12 5 2 3 
	-> 1 2 3 4 5 6 7 8 9 11 12 
Structure 778: 1 20 4 11 6 9 15 14 8 7 5 2 3 
	-> 1 2 3 4 5 6 7 8 9 11 14 15 20 
Structure 779: 1 10 25 4 11 6 9 13 27 8 7 12 5 2 3 
	-> 1 2 3 4 5 6 7 8 9 10 11 12 13 
Structure 780: 1 10 4 53 9 13 8 7 12 5 2 3 
	-> 1 2 3 4 5 7 8 9 10 12 13 
Structure 781: 1 10 19 4 11 6 9 13 54 34 12 5 2 3 
	-> 1 2 3 4 5 6 9 10 11 12 13 19 
Structure 782: 1 4 11 6 21 13 42 8 7 12 5 2 3 
	-> 1 2 3 4 5 6 7 8 11 12 13 
Structure 783: 1 28 4 11 6 9 13 8 7 12 5 2 3 
	-> 1 2 3 4 5 6 7 8 9 11 12 13 
Structure 784: 1 20 28 4 6 30 9 13 31 8 7 5 2 3 
	-> 1 2 3 4 5 6 7 8 9 13 20 
Structure 785: 1 20 19 4 11 6 9 14 8 7 5 2 3 
	-> 1 2 3 4 5 6 7 8 9 11 14 19 20 
Structure 786: 1 10 4 11 6 9 13 8 7 146 12 5 2 3 
	-> 1 2 3 4 5 6 7 8 9 10 11 12 13 
Structure 787: 1 10 4 6 30 9 15 14 8 7 2 3 
	-> 1 2 3 4 6 7 8 9 10 14 15 
Structure 788: 1 10 4 11 6 9 15 14 8 7 12 5 2 3 
	-> 1 2 3 4 5 6 7 8 9 10 11 12 14 15 
Structure 789: 1 10 4 11 6 9 48 62 14 8 7 5 2 3 
	-> 1 2 3 4 5 6 7 8 9 10 11 14 
Structure 790: 1 10 4 11 6 9 13 27 8 29 7 5 2 3 
	-> 1 2 3 4 5 6 7 8 9 10 11 13 
Structure 791: 1 10 4 6 80 22 18 17 33 16 5 2 3 
	-> 1 2 3 4 5 6 10 16 17 18 
Structure 792: 1 10 4 11 6 9 15 14 8 7 12 5 2 3 
	-> 1 2 3 4 5 6 7 8 9 10 11 12 14 15 
Structure 793: 1 10 4 6 30 9 24 58 8 7 12 5 2 3 
	-> 1 2 3 4 5 6 7 8 9 10 12 
Structure 794: 1 20 4 9 13 8 7 5 2 3 
	-> 1 2 3 4 5 7 8 9 13 20 
Structure 795: 1 20 67 64 75 22 18 17 45 16 5 2 3 
	-> 1 2 3 5 16 17 18 20 
Structure 796: 1 10 4 6 201 32 15 14 8 7 5 2 3 
	-> 1 2 3 4 5 6 7 8 10 14 15 
Structure 797: 1 10 4 89 73 18 17 16 2 3 
	-> 1 2 3 4 10 16 17 18 
Structure 798: 1 10 4 11 6 23 21 13 18 17 33 16 5 2 3 
	-> 1 2 3 4 5 6 10 11 13 16 17 18 
Structure 799: 1 10 4 6 47 38 21 13 202 203 110 81 7 2 3 
	-> 1 2 3 4 6 7 10 13 
Structure 800: 1 10 19 4 6 9 13 93 31 8 29 7 5 2 3 
	-> 1 2 3 4 5 6 7 8 9 10 13 19 
Structure 801: 1 10 4 6 9 52 58 8 7 12 5 2 3 
	-> 1 2 3 4 5 6 7 8 9 10 12 
Structure 802: 1 19 4 11 6 9 13 27 8 7 5 2 3 
	-> 1 2 3 4 5 6 7 8 9 11 13 19 
Structure 803: 1 10 4 11 6 32 15 14 42 8 7 12 5 2 3 
	-> 1 2 3 4 5 6 7 8 10 11 12 14 15 
Structure 804: 1 10 4 11 6 9 13 27 8 7 12 5 2 3 
	-> 1 2 3 4 5 6 7 8 9 10 11 12 13 
Structure 805: 1 19 4 6 21 13 18 17 16 5 35 2 3 
	-> 1 2 3 4 5 6 13 16 17 18 19 
Structure 806: 1 10 4 9 13 27 8 7 12 5 2 3 
	-> 1 2 3 4 5 7 8 9 10 12 13 
Structure 807: 1 55 4 11 6 9 13 8 29 7 100 36 2 3 
	-> 1 2 3 4 6 7 8 9 11 13 
Structure 808: 1 20 46 82 90 23 63 84 204 18 17 16 2 3 
	-> 1 2 3 16 17 18 20 
Structure 809: 1 19 4 11 6 38 9 13 40 8 7 5 2 3 
	-> 1 2 3 4 5 6 7 8 9 11 13 19 
Structure 810: 1 4 6 9 13 27 8 7 5 2 3 
	-> 1 2 3 4 5 6 7 8 9 13 
Structure 811: 1 10 4 11 6 23 21 13 18 17 16 5 2 3 
	-> 1 2 3 4 5 6 10 11 13 16 17 18 
Structure 812: 205 206 207 208 209 104 118 119 120 18 17 16 2 3 
	-> 2 3 16 17 18 
Structure 813: 1 10 4 6 9 24 26 8 7 5 2 3 
	-> 1 2 3 4 5 6 7 8 9 10 
Structure 814: 1 10 4 11 6 9 15 14 8 7 12 5 2 3 
	-> 1 2 3 4 5 6 7 8 9 10 11 12 14 15 
Structure 815: 1 4 32 15 14 8 7 12 5 35 2 3 
	-> 1 2 3 4 5 7 8 12 14 15 
Structure 816: 1 20 19 4 6 30 43 32 15 14 8 7 94 2 3 
	-> 1 2 3 4 6 7 8 14 15 19 20 
Structure 817: 1 10 4 11 6 9 24 14 8 7 12 5 2 3 
	-> 1 2 3 4 5 6 7 8 9 10 11 12 14 
Structure 818: 1 4 6 79 22 18 17 16 5 2 3 
	-> 1 2 3 4 5 6 16 17 18 
Structure 819: 1 10 4 11 6 22 210 18 17 33 16 5 2 3 
	-> 1 2 3 4 5 6 10 11 16 17 18 
Structure 820: 1 28 4 11 6 9 24 26 8 7 12 5 2 3 
	-> 1 2 3 4 5 6 7 8 9 11 12 
Structure 821: 1 10 4 11 6 9 13 40 8 7 5 2 3 
	-> 1 2 3 4 5 6 7 8 9 10 11 13 
Structure 822: 1 10 4 6 32 15 14 8 29 7 5 2 3 
	-> 1 2 3 4 5 6 7 8 10 14 15 
Structure 823: 1 28 4 6 9 13 27 8 7 5 2 3 
	-> 1 2 3 4 5 6 7 8 9 13 
Structure 824: 1 55 4 11 6 9 15 14 8 7 5 2 3 
	-> 1 2 3 4 5 6 7 8 9 11 14 15 
Structure 825: 1 20 4 11 6 9 15 14 8 29 7 5 2 3 
	-> 1 2 3 4 5 6 7 8 9 11 14 15 20 
Structure 826: 1 10 4 11 6 96 9 13 93 31 8 7 12 5 2 3 
	-> 1 2 3 4 5 6 7 8 9 10 11 12 13 
Structure 827: 1 10 4 11 6 9 13 40 8 7 36 2 3 
	-> 1 2 3 4 6 7 8 9 10 11 13 
Structure 828: 1 19 4 11 6 22 49 18 17 44 16 5 2 3 
	-> 1 2 3 4 5 6 11 16 17 18 19 
Structure 829: 1 20 19 4 11 6 21 13 68 41 88 29 7 2 3 
	-> 1 2 3 4 6 7 11 13 19 20 
Structure 830: 1 10 4 11 6 22 18 17 16 5 2 3 
	-> 1 2 3 4 5 6 10 11 16 17 18 
Structure 831: 1 10 19 4 11 6 9 13 31 8 7 12 5 2 3 
	-> 1 2 3 4 5 6 7 8 9 10 11 12 13 19 
Structure 832: 1 20 4 11 6 138 21 13 42 8 7 36 2 3 
	-> 1 2 3 4 6 7 8 11 13 20 
Structure 833: 1 20 4 11 6 43 9 24 14 8 7 12 5 2 3 
	-> 1 2 3 4 5 6 7 8 9 11 12 14 20 
Structure 834: 1 4 6 23 84 211 18 17 16 2 3 
	-> 1 2 3 4 6 16 17 18 
Structure 835: 1 20 19 4 11 6 9 48 212 51 14 8 7 5 2 3 
	-> 1 2 3 4 5 6 7 8 9 11 14 19 20 
Structure 836: 1 67 64 9 15 14 8 7 5 2 3 
	-> 1 2 3 5 7 8 9 14 15 
Structure 837: 1 10 28 4 102 6 9 13 27 8 7 12 5 2 3 
	-> 1 2 3 4 5 6 7 8 9 10 12 13 
Structure 838: 1 20 46 56 11 6 9 13 8 7 12 5 2 3 
	-> 1 2 3 5 6 7 8 9 11 12 13 20 
Structure 839: 1 28 4 11 6 9 15 14 8 7 12 5 2 3 
	-> 1 2 3 4 5 6 7 8 9 11 12 14 15 
Structure 840: 1 20 4 6 9 15 26 54 34 12 5 2 3 
	-> 1 2 3 4 5 6 9 12 15 20 
Structure 841: 1 10 4 11 6 9 15 14 8 7 36 2 3 
	-> 1 2 3 4 6 7 8 9 10 11 14 15 
Structure 842: 1 10 4 213 9 13 31 8 7 12 5 2 3 
	-> 1 2 3 4 5 7 8 9 10 12 13 
Structure 843: 1 10 25 4 11 6 21 13 18 17 16 214 94 2 3 
	-> 1 2 3 4 6 10 11 13 16 17 18 
Structure 844: 1 10 4 11 6 9 15 14 8 7 12 5 2 3 
	-> 1 2 3 4 5 6 7 8 9 10 11 12 14 15 
Structure 845: 1 20 4 11 6 9 13 97 8 7 36 60 2 3 
	-> 1 2 3 4 6 7 8 9 11 13 20 
Structure 846: 1 10 4 11 6 9 13 8 7 5 2 3 
	-> 1 2 3 4 5 6 7 8 9 10 11 13 
Structure 847: 1 20 4 6 9 15 14 8 7 12 5 2 3 
	-> 1 2 3 4 5 6 7 8 9 12 14 15 20 
Structure 848: 1 10 4 6 23 21 13 18 17 16 5 2 3 
	-> 1 2 3 4 5 6 10 13 16 17 18 
Structure 849: 1 10 4 11 6 96 9 39 26 8 7 12 5 2 3 
	-> 1 2 3 4 5 6 7 8 9 10 11 12 
Structure 850: 1 10 4 11 6 21 13 41 16 34 12 5 2 3 
	-> 1 2 3 4 5 6 10 11 12 13 16 
Structure 851: 1 10 4 11 6 22 18 17 16 5 2 3 
	-> 1 2 3 4 5 6 10 11 16 17 18 
Structure 852: 1 20 46 56 6 22 18 17 50 5 60 2 3 
	-> 1 2 3 5 6 17 18 20 
Structure 853: 1 10 4 11 6 9 15 14 8 7 12 5 2 3 
	-> 1 2 3 4 5 6 7 8 9 10 11 12 14 15 
Structure 854: 1 20 4 11 6 9 15 14 8 7 12 5 2 3 
	-> 1 2 3 4 5 6 7 8 9 11 12 14 15 20 
Structure 855: 1 55 4 6 9 48 13 8 7 5 2 3 
	-> 1 2 3 4 5 6 7 8 9 13 
Structure 856: 1 10 25 4 11 6 9 13 8 7 5 2 3 
	-> 1 2 3 4 5 6 7 8 9 10 11 13 
Structure 857: 1 4 11 6 9 13 8 7 12 5 2 3 
	-> 1 2 3 4 5 6 7 8 9 11 12 13 
Structure 858: 1 10 4 11 6 9 15 14 8 7 5 2 3 
	-> 1 2 3 4 5 6 7 8 9 10 11 14 15 
Structure 859: 1 20 4 11 6 9 15 14 8 7 5 2 3 
	-> 1 2 3 4 5 6 7 8 9 11 14 15 20 
Structure 860: 1 4 6 215 22 18 17 50 5 2 3 
	-> 1 2 3 4 5 6 17 18 
Structure 861: 1 20 4 11 6 9 13 8 7 12 5 2 3 
	-> 1 2 3 4 5 6 7 8 9 11 12 13 20 
Structure 862: 1 10 4 11 6 9 48 24 37 8 7 12 5 2 3 
	-> 1 2 3 4 5 6 7 8 9 10 11 12 
Structure 863: 1 10 4 11 6 9 13 31 8 7 12 5 2 3 
	-> 1 2 3 4 5 6 7 8 9 10 11 12 13 
Structure 864: 1 10 4 53 43 9 37 8 7 12 5 2 3 
	-> 1 2 3 4 5 7 8 9 10 12 
Structure 865: 1 28 4 9 13 31 8 7 12 5 2 3 
	-> 1 2 3 4 5 7 8 9 12 13 
Structure 866: 1 10 19 4 6 23 21 13 18 17 45 16 5 2 3 
	-> 1 2 3 4 5 6 10 13 16 17 18 19 
Structure 867: 1 10 19 4 11 6 9 13 8 7 5 2 3 
	-> 1 2 3 4 5 6 7 8 9 10 11 13 19 
Structure 868: 1 10 4 6 38 9 24 52 8 7 5 2 3 
	-> 1 2 3 4 5 6 7 8 9 10 
Structure 869: 1 10 4 11 6 9 13 8 7 12 5 2 3 
	-> 1 2 3 4 5 6 7 8 9 10 11 12 13 
Structure 870: 1 20 4 89 38 76 32 15 14 8 7 12 5 2 3 
	-> 1 2 3 4 5 7 8 12 14 15 20 
Structure 871: 1 10 4 11 6 86 18 17 33 16 5 2 3 
	-> 1 2 3 4 5 6 10 11 16 17 18 
Structure 872: 1 20 4 9 13 31 8 7 12 5 2 3 
	-> 1 2 3 4 5 7 8 9 12 13 20 
Structure 873: 1 10 4 6 145 22 49 18 17 44 16 5 2 3 
	-> 1 2 3 4 5 6 10 16 17 18 
Structure 874: 1 10 4 11 6 9 62 26 216 34 12 5 2 3 
	-> 1 2 3 4 5 6 9 10 11 12 
Structure 875: 1 20 4 11 6 9 13 8 7 12 5 2 3 
	-> 1 2 3 4 5 6 7 8 9 11 12 13 20 
Structure 876: 1 19 4 9 24 37 8 7 5 2 3 
	-> 1 2 3 4 5 7 8 9 19 
Structure 877: 1 103 4 11 6 9 15 14 8 7 12 5 2 3 
	-> 1 2 3 4 5 6 7 8 9 11 12 14 15 
Structure 878: 1 19 4 11 6 21 13 41 16 34 12 5 2 3 
	-> 1 2 3 4 5 6 11 12 13 16 19 
Structure 879: 1 10 19 4 11 6 9 57 51 14 8 7 5 2 3 
	-> 1 2 3 4 5 6 7 8 9 10 11 14 19 
Structure 880: 1 10 4 9 13 8 7 12 5 2 3 
	-> 1 2 3 4 5 7 8 9 10 12 13 
Structure 881: 1 10 4 11 6 9 15 14 8 7 36 2 3 
	-> 1 2 3 4 6 7 8 9 10 11 14 15 
Structure 882: 1 10 19 4 6 23 21 13 18 17 16 5 2 3 
	-> 1 2 3 4 5 6 10 13 16 17 18 19 
Structure 883: 1 10 55 4 11 6 9 15 14 8 7 5 2 3 
	-> 1 2 3 4 5 6 7 8 9 10 11 14 15 
Structure 884: 1 20 4 6 47 9 37 8 29 7 5 2 3 
	-> 1 2 3 4 5 6 7 8 9 20 
Structure 885: 1 10 4 11 6 13 71 18 17 16 65 66 137 72 
	-> 1 4 6 10 11 13 16 17 18 
Structure 886: 1 4 11 6 9 15 14 8 7 12 5 2 3 
	-> 1 2 3 4 5 6 7 8 9 11 12 14 15 
Structure 887: 1 10 4 11 6 9 13 27 8 7 12 5 2 3 
	-> 1 2 3 4 5 6 7 8 9 10 11 12 13 
Structure 888: 1 10 4 11 6 9 13 27 8 7 12 5 2 3 
	-> 1 2 3 4 5 6 7 8 9 10 11 12 13 
Structure 889: 1 10 4 74 9 48 24 52 58 8 29 7 5 2 3 
	-> 1 2 3 4 5 7 8 9 10 
Structure 890: 1 10 4 11 6 9 13 27 8 7 12 5 2 3 
	-> 1 2 3 4 5 6 7 8 9 10 11 12 13 
Structure 891: 1 10 19 4 11 6 9 24 26 8 7 2 3 
	-> 1 2 3 4 6 7 8 9 10 11 19 
Structure 892: 116 117 217 104 118 119 120 218 219 18 17 44 16 2 3 
	-> 2 3 16 17 18 
Structure 893: 1 10 4 6 9 52 8 7 5 2 3 
	-> 1 2 3 4 5 6 7 8 9 10 
Structure 894: 1 10 4 9 13 8 7 12 5 2 3 
	-> 1 2 3 4 5 7 8 9 10 12 13 
Structure 895: 1 10 4 11 6 32 15 14 42 8 7 5 2 3 
	-> 1 2 3 4 5 6 7 8 10 11 14 15 
Structure 896: 1 4 11 6 23 87 84 13 71 18 17 33 16 2 3 
	-> 1 2 3 4 6 11 13 16 17 18 
Structure 897: 1 10 4 11 6 9 13 27 8 7 12 5 2 3 
	-> 1 2 3 4 5 6 7 8 9 10 11 12 13 
Structure 898: 1 10 19 4 11 6 32 15 26 8 7 36 2 3 
	-> 1 2 3 4 6 7 8 10 11 15 19 
Structure 899: 1 10 28 19 4 6 23 21 13 18 17 44 16 5 35 2 3 
	-> 1 2 3 4 5 6 10 13 16 17 18 19 
Structure 900: 1 20 19 4 11 6 9 13 31 8 7 5 2 3 
	-> 1 2 3 4 5 6 7 8 9 11 13 19 20 
Structure 901: 1 28 4 11 6 22 49 18 17 33 16 5 2 3 
	-> 1 2 3 4 5 6 11 16 17 18 
Structure 902: 1 10 28 4 11 6 73 101 18 17 16 5 2 3 
	-> 1 2 3 4 5 6 10 11 16 17 18 
Structure 903: 1 10 4 11 6 22 49 18 17 16 5 2 3 
	-> 1 2 3 4 5 6 10 11 16 17 18 
Structure 904: 1 10 4 6 23 21 13 18 17 33 16 5 2 3 
	-> 1 2 3 4 5 6 10 13 16 17 18 
Structure 905: 1 4 11 6 9 13 8 7 12 5 2 3 
	-> 1 2 3 4 5 6 7 8 9 11 12 13 
Structure 906: 1 10 4 11 6 9 13 8 29 7 5 2 3 
	-> 1 2 3 4 5 6 7 8 9 10 11 13 
Structure 907: 1 20 28 4 11 6 9 24 14 8 7 12 5 2 3 
	-> 1 2 3 4 5 6 7 8 9 11 12 14 20 
Structure 908: 1 10 4 11 6 21 13 68 41 16 34 12 5 2 3 
	-> 1 2 3 4 5 6 10 11 12 13 16 
Structure 909: 1 10 25 4 11 6 43 9 51 14 8 7 12 5 2 3 
	-> 1 2 3 4 5 6 7 8 9 10 11 12 14 
Structure 910: 1 10 4 11 6 9 13 8 7 12 5 2 3 
	-> 1 2 3 4 5 6 7 8 9 10 11 12 13 
Structure 911: 1 4 6 80 9 15 14 8 29 7 5 2 3 
	-> 1 2 3 4 5 6 7 8 9 14 15 
Structure 912: 1 10 4 11 6 23 32 15 14 16 34 12 5 35 2 3 
	-> 1 2 3 4 5 6 10 11 12 14 15 16 
Structure 913: 1 10 4 11 6 9 13 8 125 12 5 2 3 
	-> 1 2 3 4 5 6 8 9 10 11 12 13 
Structure 914: 1 19 4 6 38 9 48 24 14 8 7 12 5 2 3 
	-> 1 2 3 4 5 6 7 8 9 12 14 19 
Structure 915: 1 55 4 11 6 13 73 101 18 17 16 115 12 5 2 3 
	-> 1 2 3 4 5 6 11 12 13 16 17 18 
Structure 916: 1 19 4 6 22 18 17 44 16 5 2 3 
	-> 1 2 3 4 5 6 16 17 18 19 
Structure 917: 1 10 25 4 11 6 23 21 13 61 8 7 5 2 3 
	-> 1 2 3 4 5 6 7 8 10 11 13 
Structure 918: 1 4 11 6 43 9 15 14 8 7 12 5 2 3 
	-> 1 2 3 4 5 6 7 8 9 11 12 14 15 
Structure 919: 1 19 4 11 6 86 18 17 50 112 5 2 3 
	-> 1 2 3 4 5 6 11 17 18 19 
Structure 920: 1 10 4 11 6 23 21 13 18 17 33 16 5 2 3 
	-> 1 2 3 4 5 6 10 11 13 16 17 18 
Structure 921: 1 10 19 4 6 22 220 18 17 16 5 35 2 3 
	-> 1 2 3 4 5 6 10 16 17 18 19 
Structure 922: 1 10 4 11 6 22 49 18 17 16 5 2 3 
	-> 1 2 3 4 5 6 10 11 16 17 18 
Structure 923: 1 20 28 4 11 6 23 21 13 18 17 16 5 2 3 
	-> 1 2 3 4 5 6 11 13 16 17 18 20 
Structure 924: 1 4 6 30 21 13 110 81 29 7 2 3 
	-> 1 2 3 4 6 7 13 
Structure 925: 1 10 4 11 6 9 13 85 8 7 5 2 3 
	-> 1 2 3 4 5 6 7 8 9 10 11 13 
Structure 926: 1 20 4 11 6 22 18 17 33 16 5 2 3 
	-> 1 2 3 4 5 6 11 16 17 18 20 
Structure 927: 1 10 4 11 6 9 15 14 8 7 12 5 2 3 
	-> 1 2 3 4 5 6 7 8 9 10 11 12 14 15 
Structure 928: 1 10 4 11 6 23 63 32 15 14 16 34 12 5 2 3 
	-> 1 2 3 4 5 6 10 11 12 14 15 16 
Structure 929: 1 10 19 4 11 6 9 39 26 8 7 5 2 3 
	-> 1 2 3 4 5 6 7 8 9 10 11 19 
Structure 930: 1 10 4 11 6 9 24 26 8 7 12 5 2 3 
	-> 1 2 3 4 5 6 7 8 9 10 11 12 
Structure 931: 1 10 4 11 6 9 13 40 8 7 12 5 2 3 
	-> 1 2 3 4 5 6 7 8 9 10 11 12 13 
Structure 932: 1 10 25 4 11 6 9 15 14 8 7 94 2 3 
	-> 1 2 3 4 6 7 8 9 10 11 14 15 
Structure 933: 1 20 4 11 6 23 76 32 15 14 8 29 7 5 2 3 
	-> 1 2 3 4 5 6 7 8 11 14 15 20 
Structure 934: 1 20 4 11 6 9 15 14 8 7 5 2 3 
	-> 1 2 3 4 5 6 7 8 9 11 14 15 20 
Structure 935: 1 10 19 4 11 6 9 13 8 7 12 5 2 3 
	-> 1 2 3 4 5 6 7 8 9 10 11 12 13 19 
Structure 936: 1 10 4 11 6 9 15 14 8 7 12 5 2 3 
	-> 1 2 3 4 5 6 7 8 9 10 11 12 14 15 
Structure 937: 1 28 4 11 6 9 48 24 51 14 8 7 5 2 3 
	-> 1 2 3 4 5 6 7 8 9 11 14 
Structure 938: 1 4 9 24 26 8 7 12 5 2 3 
	-> 1 2 3 4 5 7 8 9 12 
Structure 939: 1 10 4 11 6 9 13 85 8 29 7 5 2 3 
	-> 1 2 3 4 5 6 7 8 9 10 11 13 
Structure 940: 1 55 4 11 6 32 15 14 8 7 5 2 3 
	-> 1 2 3 4 5 6 7 8 11 14 15 
Structure 941: 1 28 4 11 6 21 13 42 8 7 12 5 35 2 3 
	-> 1 2 3 4 5 6 7 8 11 12 13 
Structure 942: 1 4 11 6 9 15 14 8 7 12 5 2 3 
	-> 1 2 3 4 5 6 7 8 9 11 12 14 15 
Structure 943: 1 10 4 11 6 9 48 24 37 8 7 12 5 2 3 
	-> 1 2 3 4 5 6 7 8 9 10 11 12 
Structure 944: 1 20 4 6 9 24 39 26 8 7 12 5 35 2 3 
	-> 1 2 3 4 5 6 7 8 9 12 20 
Structure 945: 1 10 19 4 6 9 24 113 37 8 29 7 5 2 3 
	-> 1 2 3 4 5 6 7 8 9 10 19 
Structure 946: 1 19 4 11 6 9 26 8 7 12 5 2 3 
	-> 1 2 3 4 5 6 7 8 9 11 12 19 
Structure 947: 1 19 4 6 30 22 18 17 50 5 2 3 
	-> 1 2 3 4 5 6 17 18 19 
Structure 948: 1 4 11 6 9 15 14 8 7 12 5 2 3 
	-> 1 2 3 4 5 6 7 8 9 11 12 14 15 
Structure 949: 1 10 55 4 38 9 24 51 14 8 7 5 2 3 
	-> 1 2 3 4 5 7 8 9 10 14 
Structure 950: 1 19 4 11 6 9 24 39 26 8 7 5 2 3 
	-> 1 2 3 4 5 6 7 8 9 11 19 
Structure 951: 1 19 4 6 38 9 15 14 8 7 12 5 2 3 
	-> 1 2 3 4 5 6 7 8 9 12 14 15 19 
Structure 952: 1 20 4 6 47 22 18 17 16 5 2 3 
	-> 1 2 3 4 5 6 16 17 18 20 
Structure 953: 1 4 11 6 21 13 68 41 88 81 7 2 3 
	-> 1 2 3 4 6 7 11 13 
Structure 954: 1 10 4 6 30 9 15 51 14 8 7 12 5 2 3 
	-> 1 2 3 4 5 6 7 8 9 10 12 14 15 
Structure 955: 1 20 4 11 6 22 49 18 17 16 5 2 3 
	-> 1 2 3 4 5 6 11 16 17 18 20 
Structure 956: 1 10 4 11 6 9 13 27 8 7 12 5 2 3 
	-> 1 2 3 4 5 6 7 8 9 10 11 12 13 
Structure 957: 1 10 4 11 6 9 15 14 8 7 5 2 3 
	-> 1 2 3 4 5 6 7 8 9 10 11 14 15 
Structure 958: 1 19 4 6 9 13 8 7 5 2 3 
	-> 1 2 3 4 5 6 7 8 9 13 19 
Structure 959: 1 10 4 6 80 9 13 31 8 7 12 5 2 3 
	-> 1 2 3 4 5 6 7 8 9 10 12 13 
Structure 960: 1 20 4 11 6 9 15 14 8 7 5 2 3 
	-> 1 2 3 4 5 6 7 8 9 11 14 15 20 
Structure 961: 1 10 4 11 6 9 13 8 7 12 5 2 3 
	-> 1 2 3 4 5 6 7 8 9 10 11 12 13 
Structure 962: 1 20 4 11 6 9 24 14 8 7 12 5 2 3 
	-> 1 2 3 4 5 6 7 8 9 11 12 14 20 
Structure 963: 1 10 4 11 6 22 18 17 16 115 5 2 3 
	-> 1 2 3 4 5 6 10 11 16 17 18 
Structure 964: 1 10 4 11 6 9 24 37 8 7 5 2 3 
	-> 1 2 3 4 5 6 7 8 9 10 11 
Structure 965: 1 10 4 11 6 9 15 14 8 7 12 5 2 3 
	-> 1 2 3 4 5 6 7 8 9 10 11 12 14 15 
Structure 966: 1 19 4 6 83 221 21 13 18 17 16 2 3 
	-> 1 2 3 4 6 13 16 17 18 19 
Structure 967: 1 10 4 11 6 9 13 92 8 7 12 5 2 3 
	-> 1 2 3 4 5 6 7 8 9 10 11 12 13 
Structure 968: 1 19 4 43 9 39 26 8 7 12 5 2 
	-> 1 2 4 5 7 8 9 12 19 
Structure 969: 1 67 64 75 86 18 17 44 16 5 2 3 
	-> 1 2 3 5 16 17 18 
Structure 970: 1 10 4 11 6 9 15 14 8 7 12 5 2 3 
	-> 1 2 3 4 5 6 7 8 9 10 11 12 14 15 
Structure 971: 1 10 4 6 9 13 85 8 7 5 2 3 
	-> 1 2 3 4 5 6 7 8 9 10 13 
Structure 972: 1 10 4 6 9 15 14 8 7 12 5 2 3 
	-> 1 2 3 4 5 6 7 8 9 10 12 14 15 
Structure 973: 1 20 4 6 222 129 13 132 42 8 7 5 2 3 
	-> 1 2 3 4 5 6 7 8 13 20 
Structure 974: 1 4 6 23 21 136 13 18 17 44 33 16 5 2 3 
	-> 1 2 3 4 5 6 13 16 17 18 
Structure 975: 1 10 25 4 11 6 9 15 14 8 7 12 5 2 3 
	-> 1 2 3 4 5 6 7 8 9 10 11 12 14 15 
Structure 976: 1 28 4 6 30 9 13 40 16 34 12 5 2 3 
	-> 1 2 3 4 5 6 9 12 13 16 
Structure 977: 1 10 4 6 9 37 8 7 12 5 2 3 
	-> 1 2 3 4 5 6 7 8 9 10 12 
Structure 978: 1 19 4 6 43 9 15 14 8 7 12 5 2 3 
	-> 1 2 3 4 5 6 7 8 9 12 14 15 19 
Structure 979: 1 4 53 43 9 37 223 34 12 5 2 3 
	-> 1 2 3 4 5 9 12 
Structure 980: 1 10 28 4 6 9 24 26 8 7 12 5 2 3 
	-> 1 2 3 4 5 6 7 8 9 10 12 
Structure 981: 1 20 19 4 6 32 15 14 8 7 5 2 3 
	-> 1 2 3 4 5 6 7 8 14 15 19 20 
Structure 982: 1 20 4 6 23 21 13 18 17 33 16 36 2 3 
	-> 1 2 3 4 6 13 16 17 18 20 
Structure 983: 1 20 19 4 6 30 23 21 13 18 17 50 112 5 2 3 
	-> 1 2 3 4 5 6 13 17 18 19 20 
Structure 984: 1 28 19 4 11 6 9 15 14 8 7 2 3 
	-> 1 2 3 4 6 7 8 9 11 14 15 19 
Structure 985: 1 10 4 11 6 9 15 14 8 7 12 5 2 3 
	-> 1 2 3 4 5 6 7 8 9 10 11 12 14 15 
Structure 986: 1 55 4 11 6 23 21 13 18 17 16 224 121 2 3 
	-> 1 2 3 4 6 11 13 16 17 18 
Structure 987: 1 10 4 11 6 22 18 17 33 16 36 2 3 
	-> 1 2 3 4 6 10 11 16 17 18 
Structure 988: 1 55 4 11 6 9 15 14 8 7 12 5 2 3 
	-> 1 2 3 4 5 6 7 8 9 11 12 14 15 
Structure 989: 1 20 4 11 6 9 13 225 8 7 12 5 2 3 
	-> 1 2 3 4 5 6 7 8 9 11 12 13 20 
Structure 990: 1 10 25 4 11 6 38 9 24 14 8 7 5 2 3 
	-> 1 2 3 4 5 6 7 8 9 10 11 14 
Structure 991: 1 4 11 6 22 49 18 17 44 16 5 2 3 
	-> 1 2 3 4 5 6 11 16 17 18 
Structure 992: 1 19 4 22 18 17 16 5 2 3 
	-> 1 2 3 4 5 16 17 18 19 
Structure 993: 116 117 104 118 119 120 226 18 17 33 16 2 3 
	-> 2 3 16 17 18 
Structure 994: 1 20 46 143 6 9 15 14 8 7 12 5 2 3 
	-> 1 2 3 5 6 7 8 9 12 14 15 20 
Structure 995: 1 20 4 6 47 9 13 8 7 144 5 2 3 
	-> 1 2 3 4 5 6 7 8 9 13 20 
Structure 996: 1 10 4 11 6 9 13 8 7 5 2 3 
	-> 1 2 3 4 5 6 7 8 9 10 11 13 
Structure 997: 1 20 4 11 6 22 18 17 16 5 2 3 
	-> 1 2 3 4 5 6 11 16 17 18 20 
Structure 998: 1 20 4 38 21 13 68 41 81 7 2 3 
	-> 1 2 3 4 7 13 20 
Structure 999: 1 10 4 6 9 13 31 42 8 7 12 5 2 3 
	-> 1 2 3 4 5 6 7 8 9 10 12 13 
Structure 1000: 1 10 4 11 6 32 15 14 42 8 7 12 5 2 3 
	-> 1 2 3 4 5 6 7 8 9 10 12 13  