Processing: /nethome/akirkpatrick3/Research/RNA/profiling/RNAStructProfilingConsolidation/output/training/ykoK/C.botulinum.1_sfold/input/C.botulinum.1_sfold.out
Structure 1: A 1 2 46 5 3 20 19 22
	-> 3 5 A 
Structure 2: A C 5 10 D 3 B 25
	-> 3 5 A B C 10 D 
Structure 3: 29 A C 5 21 10 D 3 B
	-> 3 5 A B C 10 D 
Structure 4: 11 A C 5 10 D 3 B
	-> 3 5 A B C 10 11 D 
Structure 5: 11 A C 5 10 D 3 B
	-> 3 5 A B C 10 11 D 
Structure 6: 11 A C 5 10 3 B
	-> 3 5 A B C 10 11 
Structure 7: 11 A C E 15 5 10 3 B
	-> 3 5 A B C 10 11 E 
Structure 8: 11 A C 5 10 3 B
	-> 3 5 A B C 10 11 
Structure 9: 30 27 A C 5 10 D 3 17 B
	-> 3 5 A B C 10 D 
Structure 10: 11 A C 5 10 3 B
	-> 3 5 A B C 10 11 
Structure 11: A C 15 5 10 D 3 B
	-> 3 5 A B C 10 D 
Structure 12: 11 A 1 2 5 10 D 3 B
	-> 3 5 A B 10 11 D 
Structure 13: 11 A C 5 10 3 B
	-> 3 5 A B C 10 11 
Structure 14: 11 A C 5 10 D 3 B
	-> 3 5 A B C 10 11 D 
Structure 15: 11 A C E 5 10 D 3 B
	-> 3 5 A B C 10 11 D E 
Structure 16: 11 A C 5 10 3 B
	-> 3 5 A B C 10 11 
Structure 17: 11 A C 5 10 3 B
	-> 3 5 A B C 10 11 
Structure 18: 11 A C 5 10 D 3 B
	-> 3 5 A B C 10 11 D 
Structure 19: 11 4 26 C 5 10 3 B
	-> 3 5 B C 10 11 
Structure 20: 11 A C 5 10 D 3 B
	-> 3 5 A B C 10 11 D 
Structure 21: 11 A C 5 10 D 3 B
	-> 3 5 A B C 10 11 D 
Structure 22: 11 A C 5 10 3 B
	-> 3 5 A B C 10 11 
Structure 23: 11 A C 5 10 D 3 B
	-> 3 5 A B C 10 11 D 
Structure 24: A C 5 10 D 3 B
	-> 3 5 A B C 10 D 
Structure 25: 11 A C 5 10 3 B
	-> 3 5 A B C 10 11 
Structure 26: 11 A C 5 10 D 3 B
	-> 3 5 A B C 10 11 D 
Structure 27: 11 A C 5 10 3 B
	-> 3 5 A B C 10 11 
Structure 28: A C E 5 10 D 3 B
	-> 3 5 A B C 10 D E 
Structure 29: 11 A C 5 10 D 3 B
	-> 3 5 A B C 10 11 D 
Structure 30: 11 A C 5 10 3 B
	-> 3 5 A B C 10 11 
Structure 31: 11 A C 5 10 D 3 B
	-> 3 5 A B C 10 11 D 
Structure 32: 11 A C 5 10 D 3 B
	-> 3 5 A B C 10 11 D 
Structure 33: 11 A C 15 5 21 10 3 B
	-> 3 5 A B C 10 11 
Structure 34: 11 A C 5 10 3 B
	-> 3 5 A B C 10 11 
Structure 35: 11 A C 5 10 D 3 B
	-> 3 5 A B C 10 11 D 
Structure 36: 11 A C 5 10 D 3 B
	-> 3 5 A B C 10 11 D 
Structure 37: 11 A C E 15 5 10 3 B
	-> 3 5 A B C 10 11 E 
Structure 38: 16 11 A C 15 5 10 D 3 B
	-> 3 5 A B C 10 11 D 
Structure 39: 11 A C 5 10 D 3 B
	-> 3 5 A B C 10 11 D 
Structure 40: 11 A C 5 10 D 3 B
	-> 3 5 A B C 10 11 D 
Structure 41: 11 A C 15 5 10 3 B
	-> 3 5 A B C 10 11 
Structure 42: 11 47 6 C 5 10 3 B
	-> 3 5 B C 10 11 
Structure 43: 11 A C E 5 10 D 3 B
	-> 3 5 A B C 10 11 D E 
Structure 44: 11 A C 5 10 3 B
	-> 3 5 A B C 10 11 
Structure 45: 11 A C 5 10 3 B
	-> 3 5 A B C 10 11 
Structure 46: 11 4 26 C 5 10 3 B
	-> 3 5 B C 10 11 
Structure 47: 11 A C 5 10 D 3 B
	-> 3 5 A B C 10 11 D 
Structure 48: A C 15 5 10 D 3 B
	-> 3 5 A B C 10 D 
Structure 49: 16 11 A C 5 10 D 3 B
	-> 3 5 A B C 10 11 D 
Structure 50: 11 A C 5 10 D 3 B
	-> 3 5 A B C 10 11 D 
Structure 51: A C 5 10 D 3 B
	-> 3 5 A B C 10 D 
Structure 52: 16 11 A C 5 10 3 17 B
	-> 3 5 A B C 10 11 
Structure 53: 11 A C 5 10 D 3 B
	-> 3 5 A B C 10 11 D 
Structure 54: 11 A C 5 10 D 3 B
	-> 3 5 A B C 10 11 D 
Structure 55: 11 A C 5 10 3 B
	-> 3 5 A B C 10 11 
Structure 56: 11 A C 5 10 3 B
	-> 3 5 A B C 10 11 
Structure 57: 16 11 A C 15 5 10 D 3 B
	-> 3 5 A B C 10 11 D 
Structure 58: 11 A 1 2 5 10 D 3 B
	-> 3 5 A B 10 11 D 
Structure 59: 11 A C E 5 10 D 3 17 B
	-> 3 5 A B C 10 11 D E 
Structure 60: 11 A C 5 10 D 3 B
	-> 3 5 A B C 10 11 D 
Structure 61: 11 A C 5 10 D 3 B
	-> 3 5 A B C 10 11 D 
Structure 62: 11 A C 5 31 10 D 3 B
	-> 3 5 A B C 10 11 D 
Structure 63: A C E 5 10 D 3 B
	-> 3 5 A B C 10 D E 
Structure 64: 11 A C 15 5 10 D 3 B
	-> 3 5 A B C 10 11 D 
Structure 65: 11 A C 5 10 3 B
	-> 3 5 A B C 10 11 
Structure 66: 16 11 A C 5 10 D 3 B
	-> 3 5 A B C 10 11 D 
Structure 67: 11 A C 5 10 3 B
	-> 3 5 A B C 10 11 
Structure 68: 11 A C 5 10 D 3 B
	-> 3 5 A B C 10 11 D 
Structure 69: 11 A C 5 10 D 3 B
	-> 3 5 A B C 10 11 D 
Structure 70: 11 A C 5 10 D 3 B
	-> 3 5 A B C 10 11 D 
Structure 71: 11 A C 5 10 3 B
	-> 3 5 A B C 10 11 
Structure 72: 11 A C 5 10 D 3 17 B
	-> 3 5 A B C 10 11 D 
Structure 73: 11 A C 5 10 D 3 B
	-> 3 5 A B C 10 11 D 
Structure 74: A C 5 10 D 3 B
	-> 3 5 A B C 10 D 
Structure 75: 11 A C 5 10 D 3 B
	-> 3 5 A B C 10 11 D 
Structure 76: A C 5 10 D 3 B
	-> 3 5 A B C 10 D 
Structure 77: 11 A C 5 10 D 3 B
	-> 3 5 A B C 10 11 D 
Structure 78: 11 A C 5 10 D 3 B
	-> 3 5 A B C 10 11 D 
Structure 79: 11 A C 5 10 D 3 B
	-> 3 5 A B C 10 11 D 
Structure 80: 11 A C 5 10 D 3 B
	-> 3 5 A B C 10 11 D 
Structure 81: 11 A C 5 10 D 3 B
	-> 3 5 A B C 10 11 D 
Structure 82: 11 A C 5 10 D 3 B
	-> 3 5 A B C 10 11 D 
Structure 83: 11 A C 5 10 D 3 B
	-> 3 5 A B C 10 11 D 
Structure 84: 11 A C 5 10 D 3 B
	-> 3 5 A B C 10 11 D 
Structure 85: 11 A C 5 10 D 3 B
	-> 3 5 A B C 10 11 D 
Structure 86: 11 A 1 2 5 10 D 3 B
	-> 3 5 A B 10 11 D 
Structure 87: 11 A C 5 10 D 3 B
	-> 3 5 A B C 10 11 D 
Structure 88: 11 A C 5 10 D 3 B
	-> 3 5 A B C 10 11 D 
Structure 89: A C 15 5 10 D 3 B
	-> 3 5 A B C 10 D 
Structure 90: 11 A C 5 10 D 3 B
	-> 3 5 A B C 10 11 D 
Structure 91: 11 A C 5 10 D 3 B
	-> 3 5 A B C 10 11 D 
Structure 92: 16 11 A C 5 10 3 B
	-> 3 5 A B C 10 11 
Structure 93: 11 A C 32 5 10 D 3 B
	-> 3 5 A B C 10 11 D 
Structure 94: 11 A C 5 10 D 3 B
	-> 3 5 A B C 10 11 D 
Structure 95: 11 A C 15 5 10 3 B
	-> 3 5 A B C 10 11 
Structure 96: 11 A C 5 10 D 3 B
	-> 3 5 A B C 10 11 D 
Structure 97: 11 A C 5 10 3 B
	-> 3 5 A B C 10 11 
Structure 98: 11 A C E 5 10 D 3 B
	-> 3 5 A B C 10 11 D E 
Structure 99: 11 A C 5 10 D 3 B
	-> 3 5 A B C 10 11 D 
Structure 100: 11 A C 5 10 D 3 B
	-> 3 5 A B C 10 11 D 
Structure 101: 11 A C 15 5 10 D 3 B
	-> 3 5 A B C 10 11 D 
Structure 102: 11 A C 15 5 10 D 3 B
	-> 3 5 A B C 10 11 D 
Structure 103: 11 A C 5 10 D 3 B
	-> 3 5 A B C 10 11 D 
Structure 104: 11 A C 5 10 D 3 B
	-> 3 5 A B C 10 11 D 
Structure 105: 11 A C 5 10 3 B
	-> 3 5 A B C 10 11 
Structure 106: 11 A C 5 10 3 B
	-> 3 5 A B C 10 11 
Structure 107: 11 A C 5 10 D 3 41 B
	-> 3 5 A B C 10 11 D 
Structure 108: 11 A 1 2 5 10 3 B
	-> 3 5 A B 10 11 
Structure 109: 11 A C E 15 5 10 D 3 B
	-> 3 5 A B C 10 11 D E 
Structure 110: 11 A C 5 10 D 3 B
	-> 3 5 A B C 10 11 D 
Structure 111: 11 A C E 5 10 D 3 B
	-> 3 5 A B C 10 11 D E 
Structure 112: 11 A C 5 10 D 3 B
	-> 3 5 A B C 10 11 D 
Structure 113: 11 A C 5 10 D 3 B
	-> 3 5 A B C 10 11 D 
Structure 114: 11 A C 5 10 3 B
	-> 3 5 A B C 10 11 
Structure 115: 11 A C 5 10 3 B
	-> 3 5 A B C 10 11 
Structure 116: A 1 2 5 10 D 3 B
	-> 3 5 A B 10 D 
Structure 117: 11 A C 5 10 3 B
	-> 3 5 A B C 10 11 
Structure 118: 11 A C 5 10 3 B
	-> 3 5 A B C 10 11 
Structure 119: 11 A C 15 5 10 D 3 B
	-> 3 5 A B C 10 11 D 
Structure 120: 11 A C 5 10 3 B
	-> 3 5 A B C 10 11 
Structure 121: 11 A C 5 10 3 B
	-> 3 5 A B C 10 11 
Structure 122: 11 A C 5 10 D 3 17 B
	-> 3 5 A B C 10 11 D 
Structure 123: 48 49 C 5 10 D 3 B
	-> 3 5 B C 10 D 
Structure 124: A C 5 10 3 B
	-> 3 5 A B C 10 
Structure 125: 11 A C 5 10 3 B
	-> 3 5 A B C 10 11 
Structure 126: 11 A C 5 10 D 3 B
	-> 3 5 A B C 10 11 D 
Structure 127: 11 A 1 2 E 15 5 10 D 3 B
	-> 3 5 A B 10 11 D E 
Structure 128: 11 A C 5 10 D 3 B
	-> 3 5 A B C 10 11 D 
Structure 129: 11 A C 5 10 D 3 B
	-> 3 5 A B C 10 11 D 
Structure 130: 11 A C 5 33 D 3 B
	-> 3 5 A B C 11 D 
Structure 131: 11 A C 5 10 D 3 B
	-> 3 5 A B C 10 11 D 
Structure 132: 11 A C 5 10 D 3 B
	-> 3 5 A B C 10 11 D 
Structure 133: 11 A C E 5 10 D 3 B
	-> 3 5 A B C 10 11 D E 
Structure 134: 11 A C 5 10 3 B
	-> 3 5 A B C 10 11 
Structure 135: A C 5 10 D 3 B
	-> 3 5 A B C 10 D 
Structure 136: 11 A C 5 10 3 B
	-> 3 5 A B C 10 11 
Structure 137: 11 A C 5 10 D 3 B
	-> 3 5 A B C 10 11 D 
Structure 138: 11 A C 5 10 D 3 B
	-> 3 5 A B C 10 11 D 
Structure 139: 11 A C 5 10 3 B
	-> 3 5 A B C 10 11 
Structure 140: 11 A C 5 3 20 19 22
	-> 3 5 A C 11 
Structure 141: 11 A C E 5 10 D 3 B
	-> 3 5 A B C 10 11 D E 
Structure 142: 11 A C 5 10 D 3 B
	-> 3 5 A B C 10 11 D 
Structure 143: 11 A C 5 10 3 B
	-> 3 5 A B C 10 11 
Structure 144: 11 A C 5 10 D 3 17 B
	-> 3 5 A B C 10 11 D 
Structure 145: 11 A C 5 10 D 3 B
	-> 3 5 A B C 10 11 D 
Structure 146: 11 A C 5 10 D 3 B
	-> 3 5 A B C 10 11 D 
Structure 147: 11 A C 5 10 3 B
	-> 3 5 A B C 10 11 
Structure 148: 11 A C 5 10 3 B
	-> 3 5 A B C 10 11 
Structure 149: 11 A C 5 10 3 B
	-> 3 5 A B C 10 11 
Structure 150: A C 5 10 3 B
	-> 3 5 A B C 10 
Structure 151: 11 A C 5 10 D 3 B
	-> 3 5 A B C 10 11 D 
Structure 152: 11 A C 5 10 D 3 B
	-> 3 5 A B C 10 11 D 
Structure 153: 11 A C 5 10 D 3 B
	-> 3 5 A B C 10 11 D 
Structure 154: 11 A C 5 10 3 B
	-> 3 5 A B C 10 11 
Structure 155: 11 A C 5 10 D 3 B
	-> 3 5 A B C 10 11 D 
Structure 156: 11 A C 5 10 3 B
	-> 3 5 A B C 10 11 
Structure 157: 11 A C 5 10 3 B
	-> 3 5 A B C 10 11 
Structure 158: 11 A C 5 10 3 B
	-> 3 5 A B C 10 11 
Structure 159: 11 A C E 5 10 D 3 B
	-> 3 5 A B C 10 11 D E 
Structure 160: 11 A C 5 10 3 B
	-> 3 5 A B C 10 11 
Structure 161: 34 11 A C 5 10 D 3 B
	-> 3 5 A B C 10 11 D 
Structure 162: 11 A 1 2 5 21 10 D 3 B
	-> 3 5 A B 10 11 D 
Structure 163: 11 A C 5 10 D 3 B
	-> 3 5 A B C 10 11 D 
Structure 164: 11 A C E 5 10 3 B
	-> 3 5 A B C 10 11 E 
Structure 165: 11 A C 5 10 3 B
	-> 3 5 A B C 10 11 
Structure 166: 11 A C 5 21 10 3 B
	-> 3 5 A B C 10 11 
Structure 167: 11 A 28 C 5 10 3 B
	-> 3 5 A B C 10 11 
Structure 168: 16 11 A C 5 10 D 3 B
	-> 3 5 A B C 10 11 D 
Structure 169: 11 A C 5 10 D 3 B
	-> 3 5 A B C 10 11 D 
Structure 170: 11 A C 5 10 D 3 B
	-> 3 5 A B C 10 11 D 
Structure 171: 11 A C 5 10 D 3 B
	-> 3 5 A B C 10 11 D 
Structure 172: 11 A C 5 10 3 B
	-> 3 5 A B C 10 11 
Structure 173: 11 A 1 2 5 10 3 B
	-> 3 5 A B 10 11 
Structure 174: 11 A C 5 10 D 3 B
	-> 3 5 A B C 10 11 D 
Structure 175: 11 A C 5 10 D 3 B
	-> 3 5 A B C 10 11 D 
Structure 176: 11 A C E 5 10 D 3 B
	-> 3 5 A B C 10 11 D E 
Structure 177: 11 A C 5 10 D 3 B
	-> 3 5 A B C 10 11 D 
Structure 178: A C 5 10 D 3 B
	-> 3 5 A B C 10 D 
Structure 179: 11 A C 5 3 20 19 22
	-> 3 5 A C 11 
Structure 180: 11 A C 5 10 D 3 B
	-> 3 5 A B C 10 11 D 
Structure 181: A C 5 10 D 3 B
	-> 3 5 A B C 10 D 
Structure 182: 11 A C 5 10 D 3 B
	-> 3 5 A B C 10 11 D 
Structure 183: 11 A C 5 10 3 B
	-> 3 5 A B C 10 11 
Structure 184: 30 27 A C 15 5 10 D 3 B
	-> 3 5 A B C 10 D 
Structure 185: 11 A C 5 10 3 B
	-> 3 5 A B C 10 11 
Structure 186: 11 A C 5 10 D 3 B
	-> 3 5 A B C 10 11 D 
Structure 187: 11 A C 5 10 3 B
	-> 3 5 A B C 10 11 
Structure 188: 11 A C 5 10 D 3 17 B
	-> 3 5 A B C 10 11 D 
Structure 189: 11 A C 5 10 3 B
	-> 3 5 A B C 10 11 
Structure 190: 11 A C 5 10 3 B
	-> 3 5 A B C 10 11 
Structure 191: 11 A C 5 10 D 3 B
	-> 3 5 A B C 10 11 D 
Structure 192: 11 A C 5 10 D 3 B
	-> 3 5 A B C 10 11 D 
Structure 193: A C E 5 10 D 3 B
	-> 3 5 A B C 10 D E 
Structure 194: 11 A C 5 10 3 B
	-> 3 5 A B C 10 11 
Structure 195: 11 A C 5 10 3 B
	-> 3 5 A B C 10 11 
Structure 196: 11 A C 5 10 D 3 B
	-> 3 5 A B C 10 11 D 
Structure 197: 11 A C 5 10 3 B 25
	-> 3 5 A B C 10 11 
Structure 198: 11 A C 5 10 3 B
	-> 3 5 A B C 10 11 
Structure 199: 11 A C 5 10 D 3 B
	-> 3 5 A B C 10 11 D 
Structure 200: 11 A C 5 10 D 3 B
	-> 3 5 A B C 10 11 D 
Structure 201: 11 A C 5 21 10 D 3 B
	-> 3 5 A B C 10 11 D 
Structure 202: 11 A C 5 10 D 3 B
	-> 3 5 A B C 10 11 D 
Structure 203: 11 A C 5 10 3 B
	-> 3 5 A B C 10 11 
Structure 204: 11 A C 5 10 3 17 B
	-> 3 5 A B C 10 11 
Structure 205: 11 A 1 2 5 10 3 B
	-> 3 5 A B 10 11 
Structure 206: 11 A C 5 10 D 3 B
	-> 3 5 A B C 10 11 D 
Structure 207: 11 A C 5 10 D 3 B
	-> 3 5 A B C 10 11 D 
Structure 208: 11 A C E 5 10 D 3 B
	-> 3 5 A B C 10 11 D E 
Structure 209: 11 A C 5 10 3 B
	-> 3 5 A B C 10 11 
Structure 210: 11 A C 5 21 10 D 3 B
	-> 3 5 A B C 10 11 D 
Structure 211: 11 A C 5 10 D 35 3 B
	-> 3 5 A B C 10 11 D 
Structure 212: 11 A C 5 10 3 B
	-> 3 5 A B C 10 11 
Structure 213: 11 A C 5 10 D 3 B
	-> 3 5 A B C 10 11 D 
Structure 214: 11 A C 5 10 D 3 B
	-> 3 5 A B C 10 11 D 
Structure 215: 11 A C 5 10 3 B
	-> 3 5 A B C 10 11 
Structure 216: 50 A C 5 10 3 B
	-> 3 5 A B C 10 
Structure 217: 11 A C 5 10 D 3 B
	-> 3 5 A B C 10 11 D 
Structure 218: 11 A C 5 51 36 D 3 B
	-> 3 5 A B C 11 D 
Structure 219: 11 A C 5 10 D 3 B
	-> 3 5 A B C 10 11 D 
Structure 220: 11 A C 5 10 D 3 B
	-> 3 5 A B C 10 11 D 
Structure 221: 11 A C E 5 10 D 3 17 B
	-> 3 5 A B C 10 11 D E 
Structure 222: 11 A C 21 10 D 3 B
	-> 3 A B C 10 11 D 
Structure 223: 11 A C 5 10 D 3 B
	-> 3 5 A B C 10 11 D 
Structure 224: 11 A C 5 10 3 B
	-> 3 5 A B C 10 11 
Structure 225: 11 A C 5 10 3 B
	-> 3 5 A B C 10 11 
Structure 226: 29 A C 5 10 3 B
	-> 3 5 A B C 10 
Structure 227: 11 A C 5 10 D 3 B
	-> 3 5 A B C 10 11 D 
Structure 228: 11 A C 5 10 D 3 B
	-> 3 5 A B C 10 11 D 
Structure 229: 11 A C 15 5 10 3 B
	-> 3 5 A B C 10 11 
Structure 230: 16 11 A C 5 10 3 B
	-> 3 5 A B C 10 11 
Structure 231: 11 A C E 5 10 D 3 B
	-> 3 5 A B C 10 11 D E 
Structure 232: 11 A C 5 10 D 3 B
	-> 3 5 A B C 10 11 D 
Structure 233: 16 11 A C 5 10 D 3 B
	-> 3 5 A B C 10 11 D 
Structure 234: 11 A C 5 10 D 3 B
	-> 3 5 A B C 10 11 D 
Structure 235: 11 A C 5 10 D 3 B
	-> 3 5 A B C 10 11 D 
Structure 236: 11 A C 5 10 D 3 B
	-> 3 5 A B C 10 11 D 
Structure 237: 11 A C 5 10 D 3 B
	-> 3 5 A B C 10 11 D 
Structure 238: 11 A C 5 10 D 3 B
	-> 3 5 A B C 10 11 D 
Structure 239: 11 A C 5 21 10 D 3 B
	-> 3 5 A B C 10 11 D 
Structure 240: 11 A C 5 10 3 B
	-> 3 5 A B C 10 11 
Structure 241: 11 A C 5 10 3 B
	-> 3 5 A B C 10 11 
Structure 242: A C E 5 10 D 3 B
	-> 3 5 A B C 10 D E 
Structure 243: 11 A C 15 5 10 D 3 B 25
	-> 3 5 A B C 10 11 D 
Structure 244: 16 11 A C 5 10 D 3 B
	-> 3 5 A B C 10 11 D 
Structure 245: 11 A C 5 10 3 B
	-> 3 5 A B C 10 11 
Structure 246: 11 A C 15 5 10 D 3 B
	-> 3 5 A B C 10 11 D 
Structure 247: 11 A C 5 10 3 B
	-> 3 5 A B C 10 11 
Structure 248: 11 A 1 2 E 5 3 20 19 22
	-> 3 5 A 11 E 
Structure 249: 16 11 A C 5 D 3 B
	-> 3 5 A B C 11 D 
Structure 250: A C 5 10 D 3 B
	-> 3 5 A B C 10 D 
Structure 251: 11 A C E 5 10 D 3 B
	-> 3 5 A B C 10 11 D E 
Structure 252: 11 A C 5 10 3 B
	-> 3 5 A B C 10 11 
Structure 253: 11 A C 5 10 D 3 B
	-> 3 5 A B C 10 11 D 
Structure 254: 11 A C E 5 10 D 3 B
	-> 3 5 A B C 10 11 D E 
Structure 255: 11 A C 5 D 3 B
	-> 3 5 A B C 11 D 
Structure 256: 11 A C 5 10 3 B
	-> 3 5 A B C 10 11 
Structure 257: 11 A C 5 10 3 B
	-> 3 5 A B C 10 11 
Structure 258: 11 A C 5 10 D 3 B
	-> 3 5 A B C 10 11 D 
Structure 259: 11 A C 5 10 3 B
	-> 3 5 A B C 10 11 
Structure 260: A C E 5 10 3 B
	-> 3 5 A B C 10 E 
Structure 261: 11 A C 5 21 10 D 3 B
	-> 3 5 A B C 10 11 D 
Structure 262: 11 A C 5 10 D 3 B
	-> 3 5 A B C 10 11 D 
Structure 263: 11 A C 5 D 3 B
	-> 3 5 A B C 11 D 
Structure 264: 11 A C 5 33 D 3 B
	-> 3 5 A B C 11 D 
Structure 265: 11 A C 5 10 D 3 B
	-> 3 5 A B C 10 11 D 
Structure 266: 11 A C 5 10 D 3 B
	-> 3 5 A B C 10 11 D 
Structure 267: 11 A C 5 10 3 B
	-> 3 5 A B C 10 11 
Structure 268: 11 A C 5 3 20 19 22
	-> 3 5 A C 11 
Structure 269: 11 A C 5 10 D 3 B
	-> 3 5 A B C 10 11 D 
Structure 270: 11 A 1 2 5 10 3 B
	-> 3 5 A B 10 11 
Structure 271: 11 A C 5 10 D 3 B
	-> 3 5 A B C 10 11 D 
Structure 272: 11 A C 5 10 D 3 B
	-> 3 5 A B C 10 11 D 
Structure 273: 34 11 A C 5 10 D 3 B
	-> 3 5 A B C 10 11 D 
Structure 274: 11 A C 5 10 3 B
	-> 3 5 A B C 10 11 
Structure 275: 11 A C 5 10 3 B
	-> 3 5 A B C 10 11 
Structure 276: 11 A C 5 3 20 19 22
	-> 3 5 A C 11 
Structure 277: 11 A C 5 10 D 3 B
	-> 3 5 A B C 10 11 D 
Structure 278: 11 A C 5 10 3 B
	-> 3 5 A B C 10 11 
Structure 279: 11 A C 5 10 D 3 B
	-> 3 5 A B C 10 11 D 
Structure 280: 11 A C 5 21 10 D 3 B
	-> 3 5 A B C 10 11 D 
Structure 281: A C E 5 10 3 B
	-> 3 5 A B C 10 E 
Structure 282: 11 A C 5 10 D 3 B
	-> 3 5 A B C 10 11 D 
Structure 283: 11 A C 5 10 D 3 B
	-> 3 5 A B C 10 11 D 
Structure 284: 11 A C E 5 10 D 3 B
	-> 3 5 A B C 10 11 D E 
Structure 285: 11 A C 5 10 D 3 B
	-> 3 5 A B C 10 11 D 
Structure 286: 11 A C 5 10 D 3 B
	-> 3 5 A B C 10 11 D 
Structure 287: 11 A C E 5 10 D 3 B
	-> 3 5 A B C 10 11 D E 
Structure 288: 11 A C 32 5 10 D 3 B
	-> 3 5 A B C 10 11 D 
Structure 289: 11 A C 5 10 D 3 B
	-> 3 5 A B C 10 11 D 
Structure 290: 11 A C 5 10 3 B
	-> 3 5 A B C 10 11 
Structure 291: 16 11 A C 5 10 D 3 B
	-> 3 5 A B C 10 11 D 
Structure 292: 11 A C E 5 10 D 3 B
	-> 3 5 A B C 10 11 D E 
Structure 293: 11 A C 5 10 3 B
	-> 3 5 A B C 10 11 
Structure 294: 11 A C 5 10 3 B
	-> 3 5 A B C 10 11 
Structure 295: 11 A C 5 10 D 3 B
	-> 3 5 A B C 10 11 D 
Structure 296: 11 A C 52 5 10 D 3 B
	-> 3 5 A B C 10 11 D 
Structure 297: 11 A C 5 10 D 3 B
	-> 3 5 A B C 10 11 D 
Structure 298: 11 A C 5 10 D 3 B
	-> 3 5 A B C 10 11 D 
Structure 299: 11 A C E 5 10 3 B
	-> 3 5 A B C 10 11 E 
Structure 300: 11 A C 5 10 3 B
	-> 3 5 A B C 10 11 
Structure 301: 11 A C 5 10 D 3 B
	-> 3 5 A B C 10 11 D 
Structure 302: A C 5 D 3 B
	-> 3 5 A B C D 
Structure 303: 11 A C 5 10 D 3 B
	-> 3 5 A B C 10 11 D 
Structure 304: 11 A C 5 10 3 B
	-> 3 5 A B C 10 11 
Structure 305: 11 A C 32 5 10 D 3 B
	-> 3 5 A B C 10 11 D 
Structure 306: 11 A C 5 D 3 B
	-> 3 5 A B C 11 D 
Structure 307: 11 A C 5 10 D 3 B
	-> 3 5 A B C 10 11 D 
Structure 308: 37 A C E 5 D 3 20 19 22
	-> 3 5 A C D E 
Structure 309: 11 A 1 2 5 10 3 B
	-> 3 5 A B 10 11 
Structure 310: 11 A C E 5 10 D 3 B
	-> 3 5 A B C 10 11 D E 
Structure 311: 11 A C 5 10 D 3 B
	-> 3 5 A B C 10 11 D 
Structure 312: 11 A C 5 10 D 3 B
	-> 3 5 A B C 10 11 D 
Structure 313: 11 A C 5 10 D 3 B
	-> 3 5 A B C 10 11 D 
Structure 314: 11 A C 5 10 D 3 B
	-> 3 5 A B C 10 11 D 
Structure 315: 11 A C 15 5 10 D 3 B
	-> 3 5 A B C 10 11 D 
Structure 316: 11 A C 5 10 D 3 B
	-> 3 5 A B C 10 11 D 
Structure 317: A C 5 10 D 3 B
	-> 3 5 A B C 10 D 
Structure 318: 11 A C 5 10 D 3 B
	-> 3 5 A B C 10 11 D 
Structure 319: 11 A C 5 10 3 B
	-> 3 5 A B C 10 11 
Structure 320: 11 A C 5 10 D 3 B
	-> 3 5 A B C 10 11 D 
Structure 321: 11 A C E 5 D 3 20 19 38
	-> 3 5 A C 11 D E 
Structure 322: 11 A C 5 10 D 3 B
	-> 3 5 A B C 10 11 D 
Structure 323: A C E 5 10 D 3 B
	-> 3 5 A B C 10 D E 
Structure 324: 11 A C 5 3 20 19 22
	-> 3 5 A C 11 
Structure 325: 30 27 A C 5 10 3 B
	-> 3 5 A B C 10 
Structure 326: 11 A C E 5 10 3 B
	-> 3 5 A B C 10 11 E 
Structure 327: 16 11 A C E 5 10 D 3 B
	-> 3 5 A B C 10 11 D E 
Structure 328: A C 5 10 D 3 B
	-> 3 5 A B C 10 D 
Structure 329: 11 A C 5 10 3 B
	-> 3 5 A B C 10 11 
Structure 330: 11 A C 5 10 D 3 B
	-> 3 5 A B C 10 11 D 
Structure 331: 11 A C 5 10 3 B
	-> 3 5 A B C 10 11 
Structure 332: 11 A C 5 10 3 B
	-> 3 5 A B C 10 11 
Structure 333: 11 A C 5 10 D 3 B
	-> 3 5 A B C 10 11 D 
Structure 334: 16 11 A C 5 10 3 B
	-> 3 5 A B C 10 11 
Structure 335: 11 A C 5 10 D 3 B
	-> 3 5 A B C 10 11 D 
Structure 336: 11 A C 5 10 D 3 B
	-> 3 5 A B C 10 11 D 
Structure 337: 16 11 A C 5 10 3 B
	-> 3 5 A B C 10 11 
Structure 338: A C 15 5 10 3 B
	-> 3 5 A B C 10 
Structure 339: 11 A C 5 10 D 3 B
	-> 3 5 A B C 10 11 D 
Structure 340: 16 11 4 26 1 2 5 10 3 B
	-> 3 5 B 10 11 
Structure 341: 11 A C 5 10 D 3 B
	-> 3 5 A B C 10 11 D 
Structure 342: 11 A C 5 10 3 B
	-> 3 5 A B C 10 11 
Structure 343: 11 A C 21 10 D 3 B
	-> 3 A B C 10 11 D 
Structure 344: 11 A C 5 10 D 3 B
	-> 3 5 A B C 10 11 D 
Structure 345: 11 A C 5 10 D 3 B
	-> 3 5 A B C 10 11 D 
Structure 346: 11 A C 15 5 10 D 3 B
	-> 3 5 A B C 10 11 D 
Structure 347: 11 A C E 5 10 3 B
	-> 3 5 A B C 10 11 E 
Structure 348: 11 A C 5 10 D 3 B
	-> 3 5 A B C 10 11 D 
Structure 349: 11 A C 5 10 3 B
	-> 3 5 A B C 10 11 
Structure 350: A C 5 10 D 3 B
	-> 3 5 A B C 10 D 
Structure 351: 11 A C 5 10 D 3 B
	-> 3 5 A B C 10 11 D 
Structure 352: 11 A C 5 10 D 3 B
	-> 3 5 A B C 10 11 D 
Structure 353: 11 A 1 2 15 5 10 D 3 B
	-> 3 5 A B 10 11 D 
Structure 354: 11 A C 5 10 D 3 B
	-> 3 5 A B C 10 11 D 
Structure 355: 11 A C 5 10 D 3 B
	-> 3 5 A B C 10 11 D 
Structure 356: 11 A C E 15 5 10 D 3 B
	-> 3 5 A B C 10 11 D E 
Structure 357: 11 A C 5 10 D 3 B
	-> 3 5 A B C 10 11 D 
Structure 358: 11 A C 5 10 D 3 B
	-> 3 5 A B C 10 11 D 
Structure 359: 11 A C 5 10 D 3 B
	-> 3 5 A B C 10 11 D 
Structure 360: 11 A C 5 D 3 B
	-> 3 5 A B C 11 D 
Structure 361: 11 A C 5 10 D 3 B
	-> 3 5 A B C 10 11 D 
Structure 362: 11 A C 5 10 3 B
	-> 3 5 A B C 10 11 
Structure 363: 11 A C 5 10 D 3 B
	-> 3 5 A B C 10 11 D 
Structure 364: A C 5 10 D 3 B
	-> 3 5 A B C 10 D 
Structure 365: 11 A C 5 10 D 3 B
	-> 3 5 A B C 10 11 D 
Structure 366: 11 A C 15 5 10 D 3 B
	-> 3 5 A B C 10 11 D 
Structure 367: 11 A C 5 10 3 B
	-> 3 5 A B C 10 11 
Structure 368: 11 A C 5 10 D 3 17 B
	-> 3 5 A B C 10 11 D 
Structure 369: 11 A C E 5 10 D 3 B
	-> 3 5 A B C 10 11 D E 
Structure 370: A C 5 10 3 B
	-> 3 5 A B C 10 
Structure 371: 11 A C 5 10 3 B
	-> 3 5 A B C 10 11 
Structure 372: 11 A C 5 10 3 B
	-> 3 5 A B C 10 11 
Structure 373: 16 11 A C 5 10 D 3 B
	-> 3 5 A B C 10 11 D 
Structure 374: 11 A C 5 10 D 3 B
	-> 3 5 A B C 10 11 D 
Structure 375: A C 5 10 D 3 B
	-> 3 5 A B C 10 D 
Structure 376: 11 A C 5 10 3 B
	-> 3 5 A B C 10 11 
Structure 377: 11 A C 5 10 3 B
	-> 3 5 A B C 10 11 
Structure 378: A C 5 10 D 3 B
	-> 3 5 A B C 10 D 
Structure 379: 11 A C 5 10 D 3 B
	-> 3 5 A B C 10 11 D 
Structure 380: 11 A C 5 10 3 B
	-> 3 5 A B C 10 11 
Structure 381: 16 11 A C 5 10 3 B
	-> 3 5 A B C 10 11 
Structure 382: 4 26 28 C E 5 10 3 B
	-> 3 5 B C 10 E 
Structure 383: 11 A C 42 3 43 44 B
	-> 3 A B C 11 
Structure 384: 11 A C 5 10 3 B
	-> 3 5 A B C 10 11 
Structure 385: 11 A C 5 10 D 3 B
	-> 3 5 A B C 10 11 D 
Structure 386: 11 A C 5 10 D 3 B
	-> 3 5 A B C 10 11 D 
Structure 387: 11 A C 5 D 3 B
	-> 3 5 A B C 11 D 
Structure 388: A C 5 10 3 B
	-> 3 5 A B C 10 
Structure 389: 11 A C 5 10 D 3 B
	-> 3 5 A B C 10 11 D 
Structure 390: 11 A C 5 10 D 3 B
	-> 3 5 A B C 10 11 D 
Structure 391: A C 5 D 3 B
	-> 3 5 A B C D 
Structure 392: 16 11 A C E 5 10 3 B
	-> 3 5 A B C 10 11 E 
Structure 393: 11 A C 5 10 D 3 B 25
	-> 3 5 A B C 10 11 D 
Structure 394: 11 A C 5 10 D 3 B
	-> 3 5 A B C 10 11 D 
Structure 395: 16 11 A C 5 10 D 3 B
	-> 3 5 A B C 10 11 D 
Structure 396: 11 A C 5 10 D 3 B
	-> 3 5 A B C 10 11 D 
Structure 397: 11 A C 5 10 3 B
	-> 3 5 A B C 10 11 
Structure 398: 11 A C 5 3 20 19 22
	-> 3 5 A C 11 
Structure 399: 11 A C 5 10 D 3 B
	-> 3 5 A B C 10 11 D 
Structure 400: 11 A C 5 D 3 B
	-> 3 5 A B C 11 D 
Structure 401: 16 11 A C 5 10 D 3 B
	-> 3 5 A B C 10 11 D 
Structure 402: 11 A C E 5 10 D 3 B
	-> 3 5 A B C 10 11 D E 
Structure 403: 11 A C 5 10 D 3 B
	-> 3 5 A B C 10 11 D 
Structure 404: 11 A C 5 10 3 B
	-> 3 5 A B C 10 11 
Structure 405: 11 A C 5 10 3 B
	-> 3 5 A B C 10 11 
Structure 406: 11 A C 5 10 D 3 B
	-> 3 5 A B C 10 11 D 
Structure 407: 11 4 26 C 5 10 D 3 17 B
	-> 3 5 B C 10 11 D 
Structure 408: 11 A C 5 10 D 3 B
	-> 3 5 A B C 10 11 D 
Structure 409: 11 A C E 5 10 3 B
	-> 3 5 A B C 10 11 E 
Structure 410: 11 A C 5 10 D 3 B
	-> 3 5 A B C 10 11 D 
Structure 411: 11 A C 5 3 20 19 38
	-> 3 5 A C 11 
Structure 412: 11 A C 5 31 10 3 B
	-> 3 5 A B C 10 11 
Structure 413: 11 A C 5 10 D 3 B
	-> 3 5 A B C 10 11 D 
Structure 414: 11 A C 5 10 D 3 B
	-> 3 5 A B C 10 11 D 
Structure 415: 27 A C 5 10 3 B 25
	-> 3 5 A B C 10 
Structure 416: 16 11 A C 5 10 D 3 B
	-> 3 5 A B C 10 11 D 
Structure 417: 11 A C 5 10 3 B
	-> 3 5 A B C 10 11 
Structure 418: 11 A C 5 10 D 3 B
	-> 3 5 A B C 10 11 D 
Structure 419: 11 A C 5 10 D 3 B
	-> 3 5 A B C 10 11 D 
Structure 420: A C E 5 10 D 3 B
	-> 3 5 A B C 10 D E 
Structure 421: 11 A C E 5 10 D 3 B
	-> 3 5 A B C 10 11 D E 
Structure 422: 11 A C 5 10 D 3 B
	-> 3 5 A B C 10 11 D 
Structure 423: 11 A 1 2 5 10 D 3 B
	-> 3 5 A B 10 11 D 
Structure 424: 11 A C 15 5 10 3 B
	-> 3 5 A B C 10 11 
Structure 425: 11 A C 5 10 D 3 B
	-> 3 5 A B C 10 11 D 
Structure 426: 11 A 28 C 5 10 D 3 B
	-> 3 5 A B C 10 11 D 
Structure 427: 11 A 1 2 5 D 3 20 19 22
	-> 3 5 A 11 D 
Structure 428: 11 A C 5 10 D 3 B
	-> 3 5 A B C 10 11 D 
Structure 429: 16 11 A C 5 10 D 3 B
	-> 3 5 A B C 10 11 D 
Structure 430: 11 A C 15 5 10 D 3 B
	-> 3 5 A B C 10 11 D 
Structure 431: 11 A C 5 10 D 3 B
	-> 3 5 A B C 10 11 D 
Structure 432: 11 A C 5 10 D 3 B
	-> 3 5 A B C 10 11 D 
Structure 433: 11 A C 15 5 10 D 3 B
	-> 3 5 A B C 10 11 D 
Structure 434: A C 5 10 3 B
	-> 3 5 A B C 10 
Structure 435: A C 5 10 D 3 B
	-> 3 5 A B C 10 D 
Structure 436: 11 A C E 5 10 D 3 B
	-> 3 5 A B C 10 11 D E 
Structure 437: 11 A C 5 10 D 3 B
	-> 3 5 A B C 10 11 D 
Structure 438: 11 A C 5 10 D 3 B
	-> 3 5 A B C 10 11 D 
Structure 439: 11 A C 5 10 D 3 B
	-> 3 5 A B C 10 11 D 
Structure 440: 11 A C 5 10 D 3 B
	-> 3 5 A B C 10 11 D 
Structure 441: 11 A C 5 10 D 3 B
	-> 3 5 A B C 10 11 D 
Structure 442: 11 A C 5 10 D 3 B
	-> 3 5 A B C 10 11 D 
Structure 443: 11 A C 5 10 3 B
	-> 3 5 A B C 10 11 
Structure 444: 11 A C 5 10 D 3 B
	-> 3 5 A B C 10 11 D 
Structure 445: 11 A C 5 10 D 3 B
	-> 3 5 A B C 10 11 D 
Structure 446: 11 A C 5 10 3 B
	-> 3 5 A B C 10 11 
Structure 447: 11 A C 5 10 D 3 B
	-> 3 5 A B C 10 11 D 
Structure 448: 11 A C 5 10 D 3 B
	-> 3 5 A B C 10 11 D 
Structure 449: 11 A C 5 10 D 3 B
	-> 3 5 A B C 10 11 D 
Structure 450: 11 A C 5 10 D 3 B
	-> 3 5 A B C 10 11 D 
Structure 451: 11 A C 15 5 10 D 3 B
	-> 3 5 A B C 10 11 D 
Structure 452: 11 A C 5 10 D 3 B
	-> 3 5 A B C 10 11 D 
Structure 453: 11 A C 15 5 21 10 3 B
	-> 3 5 A B C 10 11 
Structure 454: 16 11 A C 5 10 3 B
	-> 3 5 A B C 10 11 
Structure 455: 11 4 26 C 5 10 3 B
	-> 3 5 B C 10 11 
Structure 456: A C 5 10 D 3 B
	-> 3 5 A B C 10 D 
Structure 457: 11 A C 5 10 D 3 B
	-> 3 5 A B C 10 11 D 
Structure 458: 11 A C 5 10 D 3 B
	-> 3 5 A B C 10 11 D 
Structure 459: 11 A C 5 10 D 3 B
	-> 3 5 A B C 10 11 D 
Structure 460: A C 5 10 D 3 B
	-> 3 5 A B C 10 D 
Structure 461: A C 5 10 D 3 B
	-> 3 5 A B C 10 D 
Structure 462: 11 A C E 5 10 3 B
	-> 3 5 A B C 10 11 E 
Structure 463: 11 A C 5 10 3 B
	-> 3 5 A B C 10 11 
Structure 464: 11 A C 5 10 D 35 3 B
	-> 3 5 A B C 10 11 D 
Structure 465: 11 A C 5 10 D 3 B
	-> 3 5 A B C 10 11 D 
Structure 466: 11 A C 5 10 D 3 B
	-> 3 5 A B C 10 11 D 
Structure 467: 11 A 1 2 5 10 D 3 17 B
	-> 3 5 A B 10 11 D 
Structure 468: 11 A C 5 10 3 B
	-> 3 5 A B C 10 11 
Structure 469: 11 A C 5 10 3 B
	-> 3 5 A B C 10 11 
Structure 470: A C 5 10 D 3 B
	-> 3 5 A B C 10 D 
Structure 471: 11 A C 5 10 3 B
	-> 3 5 A B C 10 11 
Structure 472: 11 A C 5 10 D 3 B
	-> 3 5 A B C 10 11 D 
Structure 473: A C 5 10 3 B
	-> 3 5 A B C 10 
Structure 474: A C 5 10 D 3 B
	-> 3 5 A B C 10 D 
Structure 475: 11 A C E 5 10 D 3 B
	-> 3 5 A B C 10 11 D E 
Structure 476: 11 A 1 2 5 10 D 3 B
	-> 3 5 A B 10 11 D 
Structure 477: 11 A C 5 10 3 B
	-> 3 5 A B C 10 11 
Structure 478: 11 A C 5 10 D 3 B
	-> 3 5 A B C 10 11 D 
Structure 479: 11 A C 5 10 D 3 B
	-> 3 5 A B C 10 11 D 
Structure 480: 11 A C 5 10 D 3 B
	-> 3 5 A B C 10 11 D 
Structure 481: 11 A C 5 3 20 19 22
	-> 3 5 A C 11 
Structure 482: 11 A C 5 3 20 19 22
	-> 3 5 A C 11 
Structure 483: 11 A C 5 10 D 3 B
	-> 3 5 A B C 10 11 D 
Structure 484: 11 A C 5 10 3 B
	-> 3 5 A B C 10 11 
Structure 485: 11 A C 5 10 D 3 B
	-> 3 5 A B C 10 11 D 
Structure 486: 11 A C 5 10 3 B
	-> 3 5 A B C 10 11 
Structure 487: A C E 5 10 D 3 B
	-> 3 5 A B C 10 D E 
Structure 488: 11 A C 5 10 D 3 B
	-> 3 5 A B C 10 11 D 
Structure 489: 11 A 54 C 5 10 D 3 B
	-> 3 5 A B C 10 11 D 
Structure 490: 11 A C E 5 10 D 3 B 25
	-> 3 5 A B C 10 11 D E 
Structure 491: 11 A C 5 10 3 B
	-> 3 5 A B C 10 11 
Structure 492: 11 A C 5 10 3 B
	-> 3 5 A B C 10 11 
Structure 493: 11 A 1 2 5 10 D 3 B
	-> 3 5 A B 10 11 D 
Structure 494: 11 A C 5 10 D 3 B
	-> 3 5 A B C 10 11 D 
Structure 495: 11 A 28 C 5 10 D 3 B
	-> 3 5 A B C 10 11 D 
Structure 496: 11 A C 5 10 D 3 B
	-> 3 5 A B C 10 11 D 
Structure 497: 11 A C E 5 10 3 B
	-> 3 5 A B C 10 11 E 
Structure 498: A C 5 10 D 3 B
	-> 3 5 A B C 10 D 
Structure 499: 11 A C 5 10 3 17 B
	-> 3 5 A B C 10 11 
Structure 500: 11 A C 15 5 10 D 3 B
	-> 3 5 A B C 10 11 D 
Structure 501: A C 5 10 D 3 B
	-> 3 5 A B C 10 D 
Structure 502: 11 A C 5 10 3 B
	-> 3 5 A B C 10 11 
Structure 503: 11 A C E 5 10 D 3 B
	-> 3 5 A B C 10 11 D E 
Structure 504: A C 5 10 D 3 B
	-> 3 5 A B C 10 D 
Structure 505: 11 A C 5 10 3 B
	-> 3 5 A B C 10 11 
Structure 506: 11 A C 5 10 D 3 17 B
	-> 3 5 A B C 10 11 D 
Structure 507: A C 5 10 3 B
	-> 3 5 A B C 10 
Structure 508: 11 A C 5 10 D 3 B
	-> 3 5 A B C 10 11 D 
Structure 509: 11 A C 5 10 3 B
	-> 3 5 A B C 10 11 
Structure 510: 11 A C 5 10 D 3 B
	-> 3 5 A B C 10 11 D 
Structure 511: 11 A C 5 10 3 B
	-> 3 5 A B C 10 11 
Structure 512: 11 A C 5 10 3 17 B
	-> 3 5 A B C 10 11 
Structure 513: A C 5 10 3 B
	-> 3 5 A B C 10 
Structure 514: 11 A C 5 10 D 3 B
	-> 3 5 A B C 10 11 D 
Structure 515: 11 A C 5 10 3 B
	-> 3 5 A B C 10 11 
Structure 516: 11 A C 5 10 3 B
	-> 3 5 A B C 10 11 
Structure 517: 11 A C 5 10 D 3 B
	-> 3 5 A B C 10 11 D 
Structure 518: 11 A C 5 D 3 B
	-> 3 5 A B C 11 D 
Structure 519: 11 A 1 2 5 3 20 19 22
	-> 3 5 A 11 
Structure 520: 11 A C E 5 10 D 3 B
	-> 3 5 A B C 10 11 D E 
Structure 521: 11 A C 5 10 3 B
	-> 3 5 A B C 10 11 
Structure 522: A C 5 10 3 B
	-> 3 5 A B C 10 
Structure 523: 11 A C 5 21 10 D 3 B
	-> 3 5 A B C 10 11 D 
Structure 524: 11 A C 5 10 D 3 B
	-> 3 5 A B C 10 11 D 
Structure 525: 11 A C 5 10 D 3 B
	-> 3 5 A B C 10 11 D 
Structure 526: 11 A C 5 10 D 3 B
	-> 3 5 A B C 10 11 D 
Structure 527: 11 A C 5 10 D 3 B 25
	-> 3 5 A B C 10 11 D 
Structure 528: 11 A C 5 10 D 3 B
	-> 3 5 A B C 10 11 D 
Structure 529: 11 A C 5 10 D 3 B
	-> 3 5 A B C 10 11 D 
Structure 530: 11 A C 5 10 D 3 B
	-> 3 5 A B C 10 11 D 
Structure 531: 11 A C 5 10 D 3 B
	-> 3 5 A B C 10 11 D 
Structure 532: 11 A 1 2 5 10 D 3 B
	-> 3 5 A B 10 11 D 
Structure 533: 11 A C E 5 10 D 3 B
	-> 3 5 A B C 10 11 D E 
Structure 534: 11 A C 5 10 D 3 B
	-> 3 5 A B C 10 11 D 
Structure 535: 11 A C E 5 10 D 3 B
	-> 3 5 A B C 10 11 D E 
Structure 536: 11 A C E 5 10 3 B
	-> 3 5 A B C 10 11 E 
Structure 537: 11 A C 5 10 D 3 B
	-> 3 5 A B C 10 11 D 
Structure 538: 11 A C 5 10 D 3 B
	-> 3 5 A B C 10 11 D 
Structure 539: 27 A C 5 10 D 3 B
	-> 3 5 A B C 10 D 
Structure 540: 11 A C 15 5 10 D 3 B
	-> 3 5 A B C 10 11 D 
Structure 541: 11 A C 5 10 D 3 B
	-> 3 5 A B C 10 11 D 
Structure 542: 11 A C 5 10 D 3 B
	-> 3 5 A B C 10 11 D 
Structure 543: 11 A C 5 10 D 3 B
	-> 3 5 A B C 10 11 D 
Structure 544: 11 A C 5 10 3 B
	-> 3 5 A B C 10 11 
Structure 545: 11 A C E 5 10 D 3 B
	-> 3 5 A B C 10 11 D E 
Structure 546: 11 A C 5 10 D 3 B
	-> 3 5 A B C 10 11 D 
Structure 547: 11 A C 5 10 3 B
	-> 3 5 A B C 10 11 
Structure 548: 16 11 A C 5 10 D 3 B
	-> 3 5 A B C 10 11 D 
Structure 549: 11 A C 5 10 D 3 B
	-> 3 5 A B C 10 11 D 
Structure 550: 11 A C 5 10 D 3 B
	-> 3 5 A B C 10 11 D 
Structure 551: 11 A C 5 10 D 3 B
	-> 3 5 A B C 10 11 D 
Structure 552: 11 4 26 C 5 10 D 3 B
	-> 3 5 B C 10 11 D 
Structure 553: 11 A C 5 10 D 3 56 B
	-> 3 5 A B C 10 11 D 
Structure 554: 11 A C 5 10 3 B
	-> 3 5 A B C 10 11 
Structure 555: 11 A C 5 10 D 3 B
	-> 3 5 A B C 10 11 D 
Structure 556: 11 A C 5 10 D 3 B
	-> 3 5 A B C 10 11 D 
Structure 557: 11 A C 5 10 3 B
	-> 3 5 A B C 10 11 
Structure 558: 11 A C 5 10 D 3 B
	-> 3 5 A B C 10 11 D 
Structure 559: A C E 5 10 D 3 B
	-> 3 5 A B C 10 D E 
Structure 560: 16 11 A C 5 10 3 B
	-> 3 5 A B C 10 11 
Structure 561: 11 A C 5 10 3 B
	-> 3 5 A B C 10 11 
Structure 562: 11 A C 5 10 D 3 B
	-> 3 5 A B C 10 11 D 
Structure 563: A C 5 10 D 3 B
	-> 3 5 A B C 10 D 
Structure 564: 11 A C 5 36 D 3 B
	-> 3 5 A B C 11 D 
Structure 565: A C 5 10 3 B
	-> 3 5 A B C 10 
Structure 566: 11 A C 5 33 D 3 B
	-> 3 5 A B C 11 D 
Structure 567: 11 A C E 5 10 3 B
	-> 3 5 A B C 10 11 E 
Structure 568: 16 11 A C 15 5 10 D 3 B
	-> 3 5 A B C 10 11 D 
Structure 569: 11 A C 5 10 3 B
	-> 3 5 A B C 10 11 
Structure 570: A C 5 10 D 3 17 B
	-> 3 5 A B C 10 D 
Structure 571: 57 11 A C 5 10 3 B
	-> 3 5 A B C 10 11 
Structure 572: 11 A C 5 10 D 3 B
	-> 3 5 A B C 10 11 D 
Structure 573: 16 11 A C E 5 10 D 3 B
	-> 3 5 A B C 10 11 D E 
Structure 574: 11 A C 5 10 3 B
	-> 3 5 A B C 10 11 
Structure 575: 11 A C 5 10 D 3 B
	-> 3 5 A B C 10 11 D 
Structure 576: 11 A C 5 10 D 3 B
	-> 3 5 A B C 10 11 D 
Structure 577: 11 A C 5 10 D 3 B
	-> 3 5 A B C 10 11 D 
Structure 578: A C 5 D 3 B
	-> 3 5 A B C D 
Structure 579: 11 A C E 5 10 D 3 B
	-> 3 5 A B C 10 11 D E 
Structure 580: 11 A C 5 10 D 3 B
	-> 3 5 A B C 10 11 D 
Structure 581: 11 A C 5 10 3 B
	-> 3 5 A B C 10 11 
Structure 582: 11 A C 5 36 D 3 B
	-> 3 5 A B C 11 D 
Structure 583: 16 11 A C 5 10 D 3 B
	-> 3 5 A B C 10 11 D 
Structure 584: 11 A C 5 10 D 3 B
	-> 3 5 A B C 10 11 D 
Structure 585: 11 A C 5 10 D 3 B
	-> 3 5 A B C 10 11 D 
Structure 586: 11 A C 5 10 D 3 B
	-> 3 5 A B C 10 11 D 
Structure 587: A C E 5 10 D 3 B
	-> 3 5 A B C 10 D E 
Structure 588: 11 A C 5 10 D 3 B
	-> 3 5 A B C 10 11 D 
Structure 589: 11 A C 5 10 D 3 B
	-> 3 5 A B C 10 11 D 
Structure 590: 11 A C 5 10 3 45 B
	-> 3 5 A B C 10 11 
Structure 591: 11 A C 32 5 10 D 3 B
	-> 3 5 A B C 10 11 D 
Structure 592: 16 11 A C 5 10 3 B
	-> 3 5 A B C 10 11 
Structure 593: 16 11 A C 5 D 3 B
	-> 3 5 A B C 11 D 
Structure 594: 11 A C 5 10 3 B
	-> 3 5 A B C 10 11 
Structure 595: A C E 5 10 3 B
	-> 3 5 A B C 10 E 
Structure 596: 11 A C 5 10 3 B
	-> 3 5 A B C 10 11 
Structure 597: 11 A C 5 10 3 B
	-> 3 5 A B C 10 11 
Structure 598: 11 A C 5 10 3 B
	-> 3 5 A B C 10 11 
Structure 599: 11 A C 5 10 D 3 B
	-> 3 5 A B C 10 11 D 
Structure 600: 16 11 A C 5 10 3 B
	-> 3 5 A B C 10 11 
Structure 601: 11 A C E 5 10 3 B
	-> 3 5 A B C 10 11 E 
Structure 602: 11 A C 5 10 D 3 B
	-> 3 5 A B C 10 11 D 
Structure 603: 11 A C 5 10 D 3 B
	-> 3 5 A B C 10 11 D 
Structure 604: 11 A C 15 5 10 D 3 B
	-> 3 5 A B C 10 11 D 
Structure 605: 11 A C 5 10 D 3 B
	-> 3 5 A B C 10 11 D 
Structure 606: 11 A C 5 10 D 3 B
	-> 3 5 A B C 10 11 D 
Structure 607: 11 A C 5 10 D 3 B
	-> 3 5 A B C 10 11 D 
Structure 608: 11 A C 5 10 D 3 B
	-> 3 5 A B C 10 11 D 
Structure 609: 11 A C 5 10 D 3 B
	-> 3 5 A B C 10 11 D 
Structure 610: 11 A C 5 10 D 3 B
	-> 3 5 A B C 10 11 D 
Structure 611: 11 A C 5 10 D 3 B
	-> 3 5 A B C 10 11 D 
Structure 612: 16 11 A C 5 10 D 3 B
	-> 3 5 A B C 10 11 D 
Structure 613: 11 A C 5 10 3 B
	-> 3 5 A B C 10 11 
Structure 614: 11 A C 5 10 3 B
	-> 3 5 A B C 10 11 
Structure 615: 11 A C 5 10 D 3 B
	-> 3 5 A B C 10 11 D 
Structure 616: 16 11 A C 5 10 D 3 B
	-> 3 5 A B C 10 11 D 
Structure 617: 11 A C 5 10 D 3 B
	-> 3 5 A B C 10 11 D 
Structure 618: 11 A C 5 10 D 3 B
	-> 3 5 A B C 10 11 D 
Structure 619: 11 A C 5 10 D 3 B
	-> 3 5 A B C 10 11 D 
Structure 620: 11 A C 5 10 D 3 B
	-> 3 5 A B C 10 11 D 
Structure 621: 11 A C 5 10 D 3 B
	-> 3 5 A B C 10 11 D 
Structure 622: 11 A C 5 10 3 B
	-> 3 5 A B C 10 11 
Structure 623: 11 A C 5 10 D 3 B
	-> 3 5 A B C 10 11 D 
Structure 624: A C 5 10 3 B
	-> 3 5 A B C 10 
Structure 625: 11 A C 5 10 D 3 B
	-> 3 5 A B C 10 11 D 
Structure 626: 11 A C 5 10 D 3 B
	-> 3 5 A B C 10 11 D 
Structure 627: 11 A C E 5 10 D 3 17 B
	-> 3 5 A B C 10 11 D E 
Structure 628: A C 5 10 D 3 B
	-> 3 5 A B C 10 D 
Structure 629: 11 A C E 5 21 10 3 B
	-> 3 5 A B C 10 11 E 
Structure 630: 11 A C 5 10 D 3 B
	-> 3 5 A B C 10 11 D 
Structure 631: 11 A C 5 21 10 D 3 B 25
	-> 3 5 A B C 10 11 D 
Structure 632: 16 11 A C 5 21 10 3 B
	-> 3 5 A B C 10 11 
Structure 633: 11 A C 5 10 3 B
	-> 3 5 A B C 10 11 
Structure 634: 11 A C 5 D 3 45 B
	-> 3 5 A B C 11 D 
Structure 635: 11 A C 5 10 D 3 B
	-> 3 5 A B C 10 11 D 
Structure 636: 11 A C E 5 10 3 B
	-> 3 5 A B C 10 11 E 
Structure 637: A C 5 10 3 B
	-> 3 5 A B C 10 
Structure 638: 37 A C 5 10 D 3 B
	-> 3 5 A B C 10 D 
Structure 639: 11 A C 5 10 3 B
	-> 3 5 A B C 10 11 
Structure 640: A C 5 10 3 B
	-> 3 5 A B C 10 
Structure 641: A C 5 10 D 3 B
	-> 3 5 A B C 10 D 
Structure 642: 11 A C 5 10 D 3 B
	-> 3 5 A B C 10 11 D 
Structure 643: 11 A C 5 10 D 3 B
	-> 3 5 A B C 10 11 D 
Structure 644: 29 A C 5 10 D 3 B
	-> 3 5 A B C 10 D 
Structure 645: 11 A C 15 5 10 3 B
	-> 3 5 A B C 10 11 
Structure 646: 11 A C 5 10 3 B
	-> 3 5 A B C 10 11 
Structure 647: A C 5 10 D 3 B
	-> 3 5 A B C 10 D 
Structure 648: 11 A C 5 10 D 3 B
	-> 3 5 A B C 10 11 D 
Structure 649: A C 5 10 D 3 B
	-> 3 5 A B C 10 D 
Structure 650: A C E 5 10 3 B
	-> 3 5 A B C 10 E 
Structure 651: 11 A 1 2 5 10 D 3 B
	-> 3 5 A B 10 11 D 
Structure 652: 11 A C 5 31 10 D 3 B
	-> 3 5 A B C 10 11 D 
Structure 653: 11 A C 5 10 D 3 B
	-> 3 5 A B C 10 11 D 
Structure 654: 11 A C 5 10 D 3 B
	-> 3 5 A B C 10 11 D 
Structure 655: 11 A C 5 10 3 B
	-> 3 5 A B C 10 11 
Structure 656: 16 11 A C 5 10 D 3 B
	-> 3 5 A B C 10 11 D 
Structure 657: A C 5 10 D 3 B
	-> 3 5 A B C 10 D 
Structure 658: 11 A C 5 10 D 3 B
	-> 3 5 A B C 10 11 D 
Structure 659: A C 5 10 D 3 B
	-> 3 5 A B C 10 D 
Structure 660: 11 A C 5 10 D 3 B
	-> 3 5 A B C 10 11 D 
Structure 661: 16 11 A C E 5 10 D 3 B
	-> 3 5 A B C 10 11 D E 
Structure 662: 11 A C 5 21 10 3 B
	-> 3 5 A B C 10 11 
Structure 663: 16 11 A C 5 10 D 3 B
	-> 3 5 A B C 10 11 D 
Structure 664: 11 A C 5 10 D 3 B
	-> 3 5 A B C 10 11 D 
Structure 665: 16 11 A C 5 10 D 35 3 B
	-> 3 5 A B C 10 11 D 
Structure 666: 11 A C 5 10 D 3 B
	-> 3 5 A B C 10 11 D 
Structure 667: 11 A 1 2 15 5 10 D 3 B
	-> 3 5 A B 10 11 D 
Structure 668: 58 A C 5 10 D 3 B
	-> 3 5 A B C 10 D 
Structure 669: 11 A 28 C 5 10 3 B
	-> 3 5 A B C 10 11 
Structure 670: 11 A C 5 10 3 B
	-> 3 5 A B C 10 11 
Structure 671: 37 A C 5 10 3 B
	-> 3 5 A B C 10 
Structure 672: 11 A C 5 10 3 17 B
	-> 3 5 A B C 10 11 
Structure 673: 11 A C E 5 10 D 3 B
	-> 3 5 A B C 10 11 D E 
Structure 674: A 1 2 5 D 3 20 19 22
	-> 3 5 A D 
Structure 675: 11 A C 5 10 3 B
	-> 3 5 A B C 10 11 
Structure 676: 11 A C 5 10 D 3 17 B
	-> 3 5 A B C 10 11 D 
Structure 677: A C 5 10 D 3 B
	-> 3 5 A B C 10 D 
Structure 678: 11 A C 5 10 3 B
	-> 3 5 A B C 10 11 
Structure 679: A C 5 10 3 B
	-> 3 5 A B C 10 
Structure 680: 11 A C 5 10 3 B
	-> 3 5 A B C 10 11 
Structure 681: 11 A C 5 10 3 B
	-> 3 5 A B C 10 11 
Structure 682: 11 A C 5 10 3 B
	-> 3 5 A B C 10 11 
Structure 683: 11 A C 5 10 3 B
	-> 3 5 A B C 10 11 
Structure 684: 11 A C 5 10 3 B
	-> 3 5 A B C 10 11 
Structure 685: 11 A C 5 D 3 B
	-> 3 5 A B C 11 D 
Structure 686: 11 A C 5 10 3 B
	-> 3 5 A B C 10 11 
Structure 687: 11 A C 5 33 D 3 B
	-> 3 5 A B C 11 D 
Structure 688: 11 A C 5 10 3 B
	-> 3 5 A B C 10 11 
Structure 689: 11 A C 5 10 3 B
	-> 3 5 A B C 10 11 
Structure 690: 11 A C 5 10 D 3 B
	-> 3 5 A B C 10 11 D 
Structure 691: 11 A C 5 10 D 3 B
	-> 3 5 A B C 10 11 D 
Structure 692: 11 A C E 5 10 D 3 B
	-> 3 5 A B C 10 11 D E 
Structure 693: A C 5 10 D 3 B
	-> 3 5 A B C 10 D 
Structure 694: 11 A C 5 10 3 B
	-> 3 5 A B C 10 11 
Structure 695: A C 5 10 3 B
	-> 3 5 A B C 10 
Structure 696: 11 A C E 5 10 D 3 B
	-> 3 5 A B C 10 11 D E 
Structure 697: 11 A C 5 10 D 3 B
	-> 3 5 A B C 10 11 D 
Structure 698: 11 A C E 5 10 D 3 B
	-> 3 5 A B C 10 11 D E 
Structure 699: A C 5 10 D 3 B
	-> 3 5 A B C 10 D 
Structure 700: 11 A C 5 36 D 3 B
	-> 3 5 A B C 11 D 
Structure 701: 11 A C 5 10 D 3 B
	-> 3 5 A B C 10 11 D 
Structure 702: A C 5 10 D 35 3 B
	-> 3 5 A B C 10 D 
Structure 703: 11 A C 5 10 D 3 B
	-> 3 5 A B C 10 11 D 
Structure 704: 11 A C 5 10 3 B
	-> 3 5 A B C 10 11 
Structure 705: 16 11 A C 5 10 D 3 B
	-> 3 5 A B C 10 11 D 
Structure 706: 11 A C E 5 10 3 B
	-> 3 5 A B C 10 11 E 
Structure 707: A C 5 10 3 B
	-> 3 5 A B C 10 
Structure 708: 16 11 A C 5 10 D 3 B
	-> 3 5 A B C 10 11 D 
Structure 709: 11 A C 5 10 D 3 B
	-> 3 5 A B C 10 11 D 
Structure 710: 11 A C 5 10 3 B
	-> 3 5 A B C 10 11 
Structure 711: 11 A C 5 3 B
	-> 3 5 A B C 11 
Structure 712: 16 11 A C 5 10 D 3 B
	-> 3 5 A B C 10 11 D 
Structure 713: 11 A C 5 10 D 3 B
	-> 3 5 A B C 10 11 D 
Structure 714: 11 A C 5 10 3 B
	-> 3 5 A B C 10 11 
Structure 715: 11 A C 5 10 3 B
	-> 3 5 A B C 10 11 
Structure 716: 11 A C E 5 10 3 B
	-> 3 5 A B C 10 11 E 
Structure 717: 11 A C 5 10 3 B
	-> 3 5 A B C 10 11 
Structure 718: 11 A C 5 10 D 3 B
	-> 3 5 A B C 10 11 D 
Structure 719: 11 A C E 5 10 D 3 B
	-> 3 5 A B C 10 11 D E 
Structure 720: A C 5 10 D 3 B
	-> 3 5 A B C 10 D 
Structure 721: 11 A C 5 10 3 B
	-> 3 5 A B C 10 11 
Structure 722: 11 A C 5 10 D 3 B
	-> 3 5 A B C 10 11 D 
Structure 723: 11 A C 5 10 3 B
	-> 3 5 A B C 10 11 
Structure 724: 11 A C 5 10 D 3 B
	-> 3 5 A B C 10 11 D 
Structure 725: 11 A C 5 10 D 3 B
	-> 3 5 A B C 10 11 D 
Structure 726: 11 A C 5 10 D 3 B
	-> 3 5 A B C 10 11 D 
Structure 727: 11 A C 5 10 D 3 B
	-> 3 5 A B C 10 11 D 
Structure 728: 11 A C 5 10 3 B
	-> 3 5 A B C 10 11 
Structure 729: 11 A C E 5 10 D 3 B
	-> 3 5 A B C 10 11 D E 
Structure 730: 11 A C 5 10 D 3 B
	-> 3 5 A B C 10 11 D 
Structure 731: 11 A C 5 10 D 3 B
	-> 3 5 A B C 10 11 D 
Structure 732: 11 A C 5 10 D 3 B
	-> 3 5 A B C 10 11 D 
Structure 733: 11 A C 5 10 3 B
	-> 3 5 A B C 10 11 
Structure 734: 11 A C E 5 10 3 B 25
	-> 3 5 A B C 10 11 E 
Structure 735: 11 A C 5 10 D 3 B
	-> 3 5 A B C 10 11 D 
Structure 736: 11 A C 15 5 10 D 3 B
	-> 3 5 A B C 10 11 D 
Structure 737: 11 A C 5 10 D 3 B
	-> 3 5 A B C 10 11 D 
Structure 738: 11 A C 5 D 3 B
	-> 3 5 A B C 11 D 
Structure 739: 11 A C 5 10 D 3 B
	-> 3 5 A B C 10 11 D 
Structure 740: 11 A C 5 31 10 D 3 B 25
	-> 3 5 A B C 10 11 D 
Structure 741: 11 A C 5 D 3 20 19 38
	-> 3 5 A C 11 D 
Structure 742: 11 A C E 5 10 3 B
	-> 3 5 A B C 10 11 E 
Structure 743: 11 4 26 28 C 5 10 D 3 B
	-> 3 5 B C 10 11 D 
Structure 744: 11 A 1 2 15 5 10 D 3 B
	-> 3 5 A B 10 11 D 
Structure 745: 11 A C 5 10 3 B
	-> 3 5 A B C 10 11 
Structure 746: 11 A C 5 10 3 B
	-> 3 5 A B C 10 11 
Structure 747: 11 A C 5 21 10 D 3 B
	-> 3 5 A B C 10 11 D 
Structure 748: A C 5 D 3 B
	-> 3 5 A B C D 
Structure 749: 11 A C 5 33 D 3 B
	-> 3 5 A B C 11 D 
Structure 750: 11 A C E 15 5 31 10 D 3 B
	-> 3 5 A B C 10 11 D E 
Structure 751: 11 A C E 5 10 3 B
	-> 3 5 A B C 10 11 E 
Structure 752: 11 A C 5 D 3 20 19 38 22
	-> 3 5 A C 11 D 
Structure 753: 11 A C 5 10 D 3 B
	-> 3 5 A B C 10 11 D 
Structure 754: 11 A C 5 10 D 3 B
	-> 3 5 A B C 10 11 D 
Structure 755: 11 A C 5 10 3 B
	-> 3 5 A B C 10 11 
Structure 756: 11 A C 5 10 D 3 B
	-> 3 5 A B C 10 11 D 
Structure 757: 11 A C 5 10 D 3 B
	-> 3 5 A B C 10 11 D 
Structure 758: 11 A C E 5 D 3 B
	-> 3 5 A B C 11 D E 
Structure 759: A C 5 10 3 B
	-> 3 5 A B C 10 
Structure 760: 11 A C 5 10 D 3 B
	-> 3 5 A B C 10 11 D 
Structure 761: A C 5 10 D 3 B
	-> 3 5 A B C 10 D 
Structure 762: A C E 5 10 D 3 B
	-> 3 5 A B C 10 D E 
Structure 763: 11 A C 5 21 10 3 B
	-> 3 5 A B C 10 11 
Structure 764: 11 A C 5 21 10 D 3 B
	-> 3 5 A B C 10 11 D 
Structure 765: 11 A 1 2 5 10 D 3 B
	-> 3 5 A B 10 11 D 
Structure 766: 11 A 1 2 5 10 D 3 B
	-> 3 5 A B 10 11 D 
Structure 767: A C 5 10 3 B
	-> 3 5 A B C 10 
Structure 768: 11 A C 5 10 D 3 B
	-> 3 5 A B C 10 11 D 
Structure 769: 11 A 1 2 5 10 D 3 B
	-> 3 5 A B 10 11 D 
Structure 770: 11 A C 5 3 B
	-> 3 5 A B C 11 
Structure 771: 11 A C 5 10 3 17 B
	-> 3 5 A B C 10 11 
Structure 772: 11 A C 5 10 D 3 B
	-> 3 5 A B C 10 11 D 
Structure 773: 11 A C 5 10 D 3 B
	-> 3 5 A B C 10 11 D 
Structure 774: 11 A C 5 3 B
	-> 3 5 A B C 11 
Structure 775: 11 A C 5 10 D 3 B
	-> 3 5 A B C 10 11 D 
Structure 776: 11 4 26 C 5 10 D 3 B
	-> 3 5 B C 10 11 D 
Structure 777: 11 A C 5 10 D 3 B
	-> 3 5 A B C 10 11 D 
Structure 778: 11 A C 5 10 D 3 B
	-> 3 5 A B C 10 11 D 
Structure 779: 11 A C 15 5 10 3 B
	-> 3 5 A B C 10 11 
Structure 780: 11 A C 5 10 D 3 B
	-> 3 5 A B C 10 11 D 
Structure 781: 11 A C E 5 10 D 3 B
	-> 3 5 A B C 10 11 D E 
Structure 782: 11 A C 5 10 3 17 B
	-> 3 5 A B C 10 11 
Structure 783: A C 5 10 D 3 B
	-> 3 5 A B C 10 D 
Structure 784: 11 A C 5 10 3 B
	-> 3 5 A B C 10 11 
Structure 785: 11 A C 5 10 D 3 B
	-> 3 5 A B C 10 11 D 
Structure 786: 11 A C 5 10 D 3 B
	-> 3 5 A B C 10 11 D 
Structure 787: 11 A C 5 10 D 3 B
	-> 3 5 A B C 10 11 D 
Structure 788: 11 A C E 5 10 3 B
	-> 3 5 A B C 10 11 E 
Structure 789: 11 A C 5 10 D 3 B
	-> 3 5 A B C 10 11 D 
Structure 790: 11 A C 5 10 D 3 B
	-> 3 5 A B C 10 11 D 
Structure 791: 11 A C 5 10 D 3 B
	-> 3 5 A B C 10 11 D 
Structure 792: A C 5 10 3 B
	-> 3 5 A B C 10 
Structure 793: 11 A C 15 5 10 D 3 B
	-> 3 5 A B C 10 11 D 
Structure 794: 11 A C 5 10 D 3 B
	-> 3 5 A B C 10 11 D 
Structure 795: 11 A C 5 10 D 3 B
	-> 3 5 A B C 10 11 D 
Structure 796: 11 A C 5 10 3 B
	-> 3 5 A B C 10 11 
Structure 797: A C 5 10 D 3 B
	-> 3 5 A B C 10 D 
Structure 798: A C 5 10 3 B
	-> 3 5 A B C 10 
Structure 799: 11 A C 5 10 D 3 B
	-> 3 5 A B C 10 11 D 
Structure 800: 29 59 A C 5 10 D 3 B
	-> 3 5 A B C 10 D 
Structure 801: 11 A C 5 10 3 B
	-> 3 5 A B C 10 11 
Structure 802: 11 A C 5 10 D 3 B
	-> 3 5 A B C 10 11 D 
Structure 803: 16 11 A C 5 10 D 3 B
	-> 3 5 A B C 10 11 D 
Structure 804: 11 A C 5 10 3 B
	-> 3 5 A B C 10 11 
Structure 805: 11 A C 5 10 3 B
	-> 3 5 A B C 10 11 
Structure 806: 11 A C 5 10 D 3 B
	-> 3 5 A B C 10 11 D 
Structure 807: 11 A C 15 5 10 D 3 B
	-> 3 5 A B C 10 11 D 
Structure 808: 11 A 1 2 5 10 3 B
	-> 3 5 A B 10 11 
Structure 809: A C 5 10 D 3 B
	-> 3 5 A B C 10 D 
Structure 810: 11 A C 5 10 D 3 B
	-> 3 5 A B C 10 11 D 
Structure 811: A C 5 10 3 B
	-> 3 5 A B C 10 
Structure 812: 11 A C 5 10 D 3 B
	-> 3 5 A B C 10 11 D 
Structure 813: 11 A 1 2 5 10 D 3 17 B
	-> 3 5 A B 10 11 D 
Structure 814: 11 A C 5 10 D 3 B
	-> 3 5 A B C 10 11 D 
Structure 815: 11 A C 5 10 D 3 B
	-> 3 5 A B C 10 11 D 
Structure 816: 11 A C 5 10 D 3 B
	-> 3 5 A B C 10 11 D 
Structure 817: 11 A C E 5 10 3 B
	-> 3 5 A B C 10 11 E 
Structure 818: 11 A C 5 10 D 3 B
	-> 3 5 A B C 10 11 D 
Structure 819: 11 A C 5 10 D 3 B
	-> 3 5 A B C 10 11 D 
Structure 820: 11 A 1 2 5 10 D 3 B
	-> 3 5 A B 10 11 D 
Structure 821: 11 A C E 15 5 10 D 3 B
	-> 3 5 A B C 10 11 D E 
Structure 822: 11 A C 5 21 10 3 B
	-> 3 5 A B C 10 11 
Structure 823: 11 A C E 5 10 3 B
	-> 3 5 A B C 10 11 E 
Structure 824: A C 5 10 3 B
	-> 3 5 A B C 10 
Structure 825: 11 A C 5 10 D 3 B
	-> 3 5 A B C 10 11 D 
Structure 826: 11 A C 5 10 3 B
	-> 3 5 A B C 10 11 
Structure 827: 11 A C 5 10 3 B
	-> 3 5 A B C 10 11 
Structure 828: 11 A C 5 10 3 17 B
	-> 3 5 A B C 10 11 
Structure 829: 11 A C 5 10 D 3 17 B
	-> 3 5 A B C 10 11 D 
Structure 830: 11 A C 5 10 3 B
	-> 3 5 A B C 10 11 
Structure 831: A C 5 10 D 3 B
	-> 3 5 A B C 10 D 
Structure 832: 11 A C 5 36 D 3 B
	-> 3 5 A B C 11 D 
Structure 833: 11 A C 5 10 D 3 B
	-> 3 5 A B C 10 11 D 
Structure 834: 11 A 1 2 E 5 10 3 B
	-> 3 5 A B 10 11 E 
Structure 835: A C 5 10 D 3 B
	-> 3 5 A B C 10 D 
Structure 836: 11 A C 15 5 10 D 3 B
	-> 3 5 A B C 10 11 D 
Structure 837: 34 37 27 A C 5 10 D 3 B
	-> 3 5 A B C 10 D 
Structure 838: A 1 2 5 10 D 3 B
	-> 3 5 A B 10 D 
Structure 839: 11 A C 5 10 3 B
	-> 3 5 A B C 10 11 
Structure 840: 11 A C 5 10 3 B
	-> 3 5 A B C 10 11 
Structure 841: 11 A C 5 10 D 3 B
	-> 3 5 A B C 10 11 D 
Structure 842: 11 A C 5 10 3 B
	-> 3 5 A B C 10 11 
Structure 843: 11 A C 5 10 D 3 B
	-> 3 5 A B C 10 11 D 
Structure 844: 11 A 1 2 5 10 D 3 B
	-> 3 5 A B 10 11 D 
Structure 845: 11 A C 5 10 D 3 B
	-> 3 5 A B C 10 11 D 
Structure 846: A C 5 10 D 3 B
	-> 3 5 A B C 10 D 
Structure 847: 11 A C 5 10 D 3 B
	-> 3 5 A B C 10 11 D 
Structure 848: 11 A C 5 10 D 3 B
	-> 3 5 A B C 10 11 D 
Structure 849: 11 A C 5 10 D 3 B
	-> 3 5 A B C 10 11 D 
Structure 850: 11 A C 5 10 3 B
	-> 3 5 A B C 10 11 
Structure 851: 11 A C 5 D 3 B
	-> 3 5 A B C 11 D 
Structure 852: 11 A C 5 10 3 B
	-> 3 5 A B C 10 11 
Structure 853: A C 5 10 D 3 B
	-> 3 5 A B C 10 D 
Structure 854: 11 A C 5 10 D 3 B
	-> 3 5 A B C 10 11 D 
Structure 855: 11 A C 5 D 3 20 19 22
	-> 3 5 A C 11 D 
Structure 856: 11 A C 5 10 D 3 B
	-> 3 5 A B C 10 11 D 
Structure 857: 11 A C 5 10 3 B
	-> 3 5 A B C 10 11 
Structure 858: 11 A C 5 10 3 B
	-> 3 5 A B C 10 11 
Structure 859: A C 5 21 10 D 35 3 B
	-> 3 5 A B C 10 D 
Structure 860: 16 11 A C 5 10 D 3 B
	-> 3 5 A B C 10 11 D 
Structure 861: 11 A C 5 10 D 3 B
	-> 3 5 A B C 10 11 D 
Structure 862: 11 A C 5 3 20 19 22
	-> 3 5 A C 11 
Structure 863: 11 A C 5 10 D 3 B
	-> 3 5 A B C 10 11 D 
Structure 864: 11 A C 5 21 10 D 3 B
	-> 3 5 A B C 10 11 D 
Structure 865: 11 A C 5 10 3 B
	-> 3 5 A B C 10 11 
Structure 866: 11 A C 5 10 D 3 B
	-> 3 5 A B C 10 11 D 
Structure 867: 11 A C 5 10 D 3 B
	-> 3 5 A B C 10 11 D 
Structure 868: 11 A C 5 10 3 B
	-> 3 5 A B C 10 11 
Structure 869: 11 A C 5 10 3 B
	-> 3 5 A B C 10 11 
Structure 870: 30 27 A C 5 10 3 B
	-> 3 5 A B C 10 
Structure 871: 11 A C E 5 10 3 B
	-> 3 5 A B C 10 11 E 
Structure 872: 11 A C 5 10 D 3 B
	-> 3 5 A B C 10 11 D 
Structure 873: 11 A C 5 10 D 3 B
	-> 3 5 A B C 10 11 D 
Structure 874: 11 A C 5 10 3 B
	-> 3 5 A B C 10 11 
Structure 875: A C 5 10 D 3 B
	-> 3 5 A B C 10 D 
Structure 876: 11 A C 5 10 D 3 B
	-> 3 5 A B C 10 11 D 
Structure 877: 11 A 1 2 5 3 20 19 22
	-> 3 5 A 11 
Structure 878: 11 A C 5 10 3 B
	-> 3 5 A B C 10 11 
Structure 879: 11 A C 5 D 3 B
	-> 3 5 A B C 11 D 
Structure 880: 11 A C 5 10 D 3 B
	-> 3 5 A B C 10 11 D 
Structure 881: 11 A C 5 10 D 3 B
	-> 3 5 A B C 10 11 D 
Structure 882: 11 A 1 2 5 10 D 3 B
	-> 3 5 A B 10 11 D 
Structure 883: 11 A C 5 10 3 B
	-> 3 5 A B C 10 11 
Structure 884: 11 A C 15 5 10 3 B
	-> 3 5 A B C 10 11 
Structure 885: 11 A C 5 10 3 B
	-> 3 5 A B C 10 11 
Structure 886: 11 A C 5 10 D 3 B
	-> 3 5 A B C 10 11 D 
Structure 887: 11 A C 15 5 10 D 3 B
	-> 3 5 A B C 10 11 D 
Structure 888: 11 A C 5 10 D 3 B 25
	-> 3 5 A B C 10 11 D 
Structure 889: 16 11 A C 5 10 D 3 B
	-> 3 5 A B C 10 11 D 
Structure 890: 11 A C 5 10 D 3 B
	-> 3 5 A B C 10 11 D 
Structure 891: 11 A C 5 10 D 3 B
	-> 3 5 A B C 10 11 D 
Structure 892: 11 A C 5 10 D 3 B
	-> 3 5 A B C 10 11 D 
Structure 893: 11 A C E 5 10 D 3 B
	-> 3 5 A B C 10 11 D E 
Structure 894: 11 A C 5 10 3 B
	-> 3 5 A B C 10 11 
Structure 895: 11 A C 5 10 D 3 B
	-> 3 5 A B C 10 11 D 
Structure 896: 30 A C 5 10 D 3 B
	-> 3 5 A B C 10 D 
Structure 897: 11 A 1 2 5 10 D 3 B 25
	-> 3 5 A B 10 11 D 
Structure 898: 11 A C 5 10 D 3 B
	-> 3 5 A B C 10 11 D 
Structure 899: 11 A C 5 10 D 3 B
	-> 3 5 A B C 10 11 D 
Structure 900: 16 11 A C 5 10 D 3 B
	-> 3 5 A B C 10 11 D 
Structure 901: 11 A C 5 10 D 3 B
	-> 3 5 A B C 10 11 D 
Structure 902: 11 A C 5 10 3 B
	-> 3 5 A B C 10 11 
Structure 903: 16 11 A C 5 10 D 3 B
	-> 3 5 A B C 10 11 D 
Structure 904: 11 A C 5 10 D 3 17 B 25
	-> 3 5 A B C 10 11 D 
Structure 905: 11 A C 5 10 3 B
	-> 3 5 A B C 10 11 
Structure 906: 11 A 1 2 5 10 D 3 B
	-> 3 5 A B 10 11 D 
Structure 907: 11 A C 5 3 20 19 22
	-> 3 5 A C 11 
Structure 908: 11 A 1 2 5 10 3 B
	-> 3 5 A B 10 11 
Structure 909: 11 A C E 15 5 10 3 B
	-> 3 5 A B C 10 11 E 
Structure 910: 11 A C 5 10 3 60 B
	-> 3 5 A B C 10 11 
Structure 911: 16 11 A C 5 10 D 3 B
	-> 3 5 A B C 10 11 D 
Structure 912: 11 A C 5 10 D 3 B
	-> 3 5 A B C 10 11 D 
Structure 913: 11 A C 5 10 D 3 B
	-> 3 5 A B C 10 11 D 
Structure 914: 34 11 A C 5 10 3 B
	-> 3 5 A B C 10 11 
Structure 915: 11 A C 5 10 D 3 B
	-> 3 5 A B C 10 11 D 
Structure 916: A C E 5 10 D 3 B
	-> 3 5 A B C 10 D E 
Structure 917: 11 A C 5 10 D 3 B
	-> 3 5 A B C 10 11 D 
Structure 918: 11 A C 5 10 3 B
	-> 3 5 A B C 10 11 
Structure 919: 11 A C 5 10 3 B
	-> 3 5 A B C 10 11 
Structure 920: A C 5 10 3 B
	-> 3 5 A B C 10 
Structure 921: 11 A C 5 10 3 B
	-> 3 5 A B C 10 11 
Structure 922: A C 32 5 10 D 3 B
	-> 3 5 A B C 10 D 
Structure 923: 11 A C 5 10 3 B
	-> 3 5 A B C 10 11 
Structure 924: 11 A C 5 10 D 3 17 B
	-> 3 5 A B C 10 11 D 
Structure 925: 11 A C 5 10 D 3 B
	-> 3 5 A B C 10 11 D 
Structure 926: 11 A C 5 10 D 3 B
	-> 3 5 A B C 10 11 D 
Structure 927: 11 A C 5 10 D 3 B
	-> 3 5 A B C 10 11 D 
Structure 928: 11 A C 5 10 D 3 B
	-> 3 5 A B C 10 11 D 
Structure 929: 11 A C E 5 10 3 B
	-> 3 5 A B C 10 11 E 
Structure 930: 11 A C 5 10 D 3 B
	-> 3 5 A B C 10 11 D 
Structure 931: 11 A C 5 10 D 3 B
	-> 3 5 A B C 10 11 D 
Structure 932: 16 11 A C 15 5 10 3 B
	-> 3 5 A B C 10 11 
Structure 933: 11 A C 5 10 D 3 B
	-> 3 5 A B C 10 11 D 
Structure 934: A C 5 10 D 3 B
	-> 3 5 A B C 10 D 
Structure 935: 11 A C E 5 10 D 3 B
	-> 3 5 A B C 10 11 D E 
Structure 936: 11 A C 5 10 D 3 B
	-> 3 5 A B C 10 11 D 
Structure 937: 11 A C 15 5 10 3 B
	-> 3 5 A B C 10 11 
Structure 938: 16 11 A C 5 10 3 B
	-> 3 5 A B C 10 11 
Structure 939: 11 A 61 C 5 10 D 3 B
	-> 3 5 A B C 10 11 D 
Structure 940: 11 A C 5 21 10 D 3 B
	-> 3 5 A B C 10 11 D 
Structure 941: 11 A C 5 10 3 B
	-> 3 5 A B C 10 11 
Structure 942: 16 11 A C 5 10 3 B
	-> 3 5 A B C 10 11 
Structure 943: 11 A C 5 10 D 3 B
	-> 3 5 A B C 10 11 D 
Structure 944: A C 42 3 62 43 44 B
	-> 3 A B C 
Structure 945: 11 A C 5 10 D 3 B
	-> 3 5 A B C 10 11 D 
Structure 946: 11 A C 5 D 3 B
	-> 3 5 A B C 11 D 
Structure 947: 11 A C 5 10 3 B
	-> 3 5 A B C 10 11 
Structure 948: 11 A C 5 3 B
	-> 3 5 A B C 11 
Structure 949: 16 11 A C 5 10 D 3 B
	-> 3 5 A B C 10 11 D 
Structure 950: 11 A C 5 10 D 3 B
	-> 3 5 A B C 10 11 D 
Structure 951: 11 A C 5 10 D 3 B
	-> 3 5 A B C 10 11 D 
Structure 952: 11 A C 5 10 D 3 B
	-> 3 5 A B C 10 11 D 
Structure 953: 29 A C 5 10 D 3 B
	-> 3 5 A B C 10 D 
Structure 954: 11 A C 15 5 10 D 3 B
	-> 3 5 A B C 10 11 D 
Structure 955: 11 A C 5 10 D 3 B
	-> 3 5 A B C 10 11 D 
Structure 956: 11 A C 5 10 D 3 B
	-> 3 5 A B C 10 11 D 
Structure 957: 11 A C 5 10 D 3 B
	-> 3 5 A B C 10 11 D 
Structure 958: 11 A C 5 10 D 3 B
	-> 3 5 A B C 10 11 D 
Structure 959: 11 A C 5 10 D 3 B
	-> 3 5 A B C 10 11 D 
Structure 960: 11 A C 5 10 D 3 B
	-> 3 5 A B C 10 11 D 
Structure 961: A C 5 10 3 B
	-> 3 5 A B C 10 
Structure 962: A C 5 D 3 20 19 22
	-> 3 5 A C D 
Structure 963: 11 A C 5 10 3 19 22
	-> 3 5 A C 10 11 
Structure 964: 34 A C E 5 10 D 3 B
	-> 3 5 A B C 10 D E 
Structure 965: 11 A C 5 10 D 3 B
	-> 3 5 A B C 10 11 D 
Structure 966: 11 A C 5 10 D 3 B
	-> 3 5 A B C 10 11 D 
Structure 967: 11 4 26 C 5 10 3 B
	-> 3 5 B C 10 11 
Structure 968: 11 A C 5 10 D 3 B
	-> 3 5 A B C 10 11 D 
Structure 969: 11 A C 5 10 D 3 41 B
	-> 3 5 A B C 10 11 D 
Structure 970: 11 A C 5 10 D 3 B
	-> 3 5 A B C 10 11 D 
Structure 971: 11 A C 5 10 D 3 B
	-> 3 5 A B C 10 11 D 
Structure 972: A C 5 10 3 B
	-> 3 5 A B C 10 
Structure 973: 11 A C 5 10 3 B
	-> 3 5 A B C 10 11 
Structure 974: 11 A C 5 10 3 B
	-> 3 5 A B C 10 11 
Structure 975: 16 11 A C 5 10 3 B
	-> 3 5 A B C 10 11 
Structure 976: A C 5 10 D 3 B
	-> 3 5 A B C 10 D 
Structure 977: 11 A C 5 10 D 3 B
	-> 3 5 A B C 10 11 D 
Structure 978: 11 A C 15 5 10 D 3 B 25
	-> 3 5 A B C 10 11 D 
Structure 979: 11 A C 5 10 D 3 B
	-> 3 5 A B C 10 11 D 
Structure 980: 11 A C 5 10 D 3 B
	-> 3 5 A B C 10 11 D 
Structure 981: 11 A C 5 10 3 B
	-> 3 5 A B C 10 11 
Structure 982: 11 A 28 C 5 10 3 B
	-> 3 5 A B C 10 11 
Structure 983: A C 5 10 D 3 B
	-> 3 5 A B C 10 D 
Structure 984: 11 A C 5 10 3 B
	-> 3 5 A B C 10 11 
Structure 985: 11 A C 5 10 3 B
	-> 3 5 A B C 10 11 
Structure 986: 11 A C 5 10 D 3 B
	-> 3 5 A B C 10 11 D 
Structure 987: 11 A C 5 10 D 3 B
	-> 3 5 A B C 10 11 D 
Structure 988: 11 A C 5 10 3 B
	-> 3 5 A B C 10 11 
Structure 989: 11 A C 5 10 D 3 17 B
	-> 3 5 A B C 10 11 D 
Structure 990: 11 A C E 5 10 D 3 B
	-> 3 5 A B C 10 11 D E 
Structure 991: 11 A C 5 10 D 3 B
	-> 3 5 A B C 10 11 D 
Structure 992: 11 A C E 15 5 D 3 B
	-> 3 5 A B C 11 D E 
Structure 993: 11 A C 5 10 D 3 B
	-> 3 5 A B C 10 11 D 
Structure 994: 11 A C 5 10 D 3 B
	-> 3 5 A B C 10 11 D 
Structure 995: 11 A C 5 3 20 19 22
	-> 3 5 A C 11 
Structure 996: 11 A C 5 10 3 B
	-> 3 5 A B C 10 11 
Structure 997: 11 A C 5 10 3 B
	-> 3 5 A B C 10 11 
Structure 998: A C 5 10 D 3 B
	-> 3 5 A B C 10 D 
Structure 999: A 1 2 5 10 D 3 B
	-> 3 5 A B 10 D 
Structure 1000: 11 A C 5 10 3 B
	-> 3 5 A B C 10 11 
