Processing: /home/hwilco/Documents/RNA Research/RNAStructProfiling-master/output/development/B.subtilis.1_sfold/input/B.subtilis.1_sfold.out
Structure 1: 14 B 4 3 A
Structure 2: 2 B 4 3 A
Structure 3: 2 8 B 4 3 A
Structure 4: 2 C B 4 3 A
Structure 5: 2 18 15 30 13 A
Structure 6: 2 C B 4 3 A
Structure 7: 2 8 B 4 3 A
Structure 8: 2 C B 4 3 A
Structure 9: 2 B 4 3 A
Structure 10: 2 C B 4 3 A
Structure 11: 2 8 B 4 3 A
Structure 12: 2 8 B 4 3 33 1
Structure 13: 2 C B 4 3 A
Structure 14: 2 B 4 3 A
Structure 15: 2 8 B 4 3 A
Structure 16: 21 18 15 17 13 A
Structure 17: 2 14 B 4 3 A
Structure 18: 2 C B 4 3 A
Structure 19: 2 C B 4 3 43 A
Structure 20: 2 8 4 3 A
Structure 21: 2 C B 4 3 A
Structure 22: 2 C 22 23 24 25 31 3 1
Structure 23: 14 B 4 3 A
Structure 24: 2 10 B 4 3 A
Structure 25: 2 8 B 4 3 A
Structure 26: 2 10 B 4 3 A
Structure 27: 2 8 B 4 3 A
Structure 28: 14 B 4 3 A
Structure 29: 2 C B 4 3 34 A
Structure 30: 2 19 15 17 13 A
Structure 31: 2 C B 4 3 A
Structure 32: 47 21 18 15 17 13 A
Structure 33: 2 C B 4 3 A
Structure 34: 2 14 B 4 3 A
Structure 35: 2 10 B 4 3 A
Structure 36: 2 C B 4 3 A
Structure 37: 2 8 63 4 3 A
Structure 38: 2 C B 4 3 A
Structure 39: 2 C B 4 3 A
Structure 40: 32 21 18 15 17 13 A
Structure 41: 2 10 B 4 3 A
Structure 42: 2 18 15 17 13 A
Structure 43: 48 14 B 4 3 A
Structure 44: 2 C B 4 3 A
Structure 45: 2 8 4 3 A
Structure 46: 2 C B 4 3 A
Structure 47: 14 B 4 3 A
Structure 48: 2 C 22 23 24 25 31 3 1
Structure 49: 2 14 B 4 3 A
Structure 50: 2 C B 4 3 A
Structure 51: 2 8 B 4 3 A
Structure 52: 2 10 B 4 3 A
Structure 53: 2 8 4 3 A
Structure 54: 2 C B 4 3 A
Structure 55: 2 10 B 4 3 A
Structure 56: 27 14 B 4 3 A
Structure 57: 2 10 B 4 3 A
Structure 58: 2 8 4 3 A
Structure 59: 2 8 B 4 3 A
Structure 60: 2 C B 4 3 A
Structure 61: 2 8 4 3 A
Structure 62: 2 8 B 4 3 A
Structure 63: 2 10 B 4 3 A
Structure 64: 2 C B 4 3 A
Structure 65: 2 C B 4 3 A
Structure 66: 2 C B 4 3 A
Structure 67: 2 C B 4 3 A
Structure 68: 2 C B 4 3 A
Structure 69: 2 64 10 B 4 3 A
Structure 70: 2 C B 4 3 A
Structure 71: 2 18 15 17 13 A
Structure 72: 2 14 B 4 3 A
Structure 73: 2 10 B 4 3 A
Structure 74: 2 B 4 3 A
Structure 75: 2 19 15 17 13 A
Structure 76: 2 8 B 4 3 A
Structure 77: 2 8 4 3 A
Structure 78: 2 C B 4 3 A
Structure 79: 21 18 15 17 13 A
Structure 80: 14 B 4 3 A
Structure 81: 2 C B 4 3 A
Structure 82: 2 8 4 3 A
Structure 83: 2 C B 4 3 40 A
Structure 84: 2 8 4 3 A
Structure 85: 2 C B 4 3 A
Structure 86: 2 C B 4 3 A
Structure 87: 2 C B 4 39 35 A
Structure 88: 2 8 4 3 A
Structure 89: 2 8 4 3 A
Structure 90: 2 8 B 4 3 A
Structure 91: 2 C B 4 3 A
Structure 92: 2 C B 4 3 A
Structure 93: 2 8 4 3 33 1
Structure 94: 2 10 B 4 3 A
Structure 95: 27 14 B 4 3 A
Structure 96: 2 C B 4 3 A
Structure 97: 2 8 4 3 A
Structure 98: 2 C B 4 3 A
Structure 99: 2 C B 4 3 A
Structure 100: 2 14 B 4 3 A
Structure 101: 2 C B 4 3 A
Structure 102: 2 C B 4 3 A
Structure 103: 2 10 B 4 3 A
Structure 104: 2 8 B 4 3 A
Structure 105: 14 B 4 3 A
Structure 106: 2 14 B 4 3 A
Structure 107: 14 B 4 3 A
Structure 108: 2 C B 4 3 A
Structure 109: 2 C B 4 3 A
Structure 110: 2 C B 4 3 13 A
Structure 111: 2 B 4 3 13 A
Structure 112: 2 C B 4 3 A
Structure 113: 2 C B 4 3 A
Structure 114: 2 36 65 66 49 13 A
Structure 115: 2 C B 4 39 A
Structure 116: 14 B 4 3 A 50
Structure 117: 2 8 4 3 A
Structure 118: 2 18 15 17 13 A
Structure 119: 2 10 B 4 3 20 A
Structure 120: 2 C B 4 3 A
Structure 121: 2 C B 4 3 A
Structure 122: 2 8 4 3 A
Structure 123: 2 36 19 15 17 13 A
Structure 124: 2 18 15 17 13 A
Structure 125: 27 14 B 4 3 A
Structure 126: 2 C B 4 3 A
Structure 127: 32 14 B 4 3 A
Structure 128: 2 8 B 4 3 A
Structure 129: 2 C B 4 3 A
Structure 130: 2 8 B 4 3 33 1
Structure 131: 2 10 B 4 3 A
Structure 132: 2 10 B 4 3 A
Structure 133: 2 29 22 23 24 25 3 1
Structure 134: 2 10 B 4 3 33 1
Structure 135: 2 C B 4 3 41 A
Structure 136: 2 18 15 17 13 A
Structure 137: 2 C B 4 3 A
Structure 138: 2 8 B 4 3 A
Structure 139: 2 8 B 4 3 67 68 69 51
Structure 140: 2 18 15 17 13 A
Structure 141: 2 14 B 4 3 A
Structure 142: 2 C B 4 3 A
Structure 143: 2 C B 4 3 A
Structure 144: 2 C B 4 3 A
Structure 145: 2 14 28 4 37 35 A
Structure 146: 2 C B 4 3 A
Structure 147: 2 8 4 3 A
Structure 148: 2 8 B 4 3 A
Structure 149: 2 C B 4 3 A
Structure 150: 2 B 4 3 A
Structure 151: 2 10 B 4 3 A
Structure 152: 2 10 B 4 3 A
Structure 153: 2 C B 4 3 A
Structure 154: 14 B 4 3 A
Structure 155: 2 10 B 4 3 A
Structure 156: 2 C B 4 3 A
Structure 157: 2 10 B 4 3 A
Structure 158: 2 14 B 4 3 A
Structure 159: 2 8 B 4 3 A
Structure 160: 2 14 B 4 3 A
Structure 161: 2 C B 4 3 A
Structure 162: 2 B 4 3 A
Structure 163: 2 10 B 4 3 A
Structure 164: 2 C B 4 3 A
Structure 165: 2 C B 4 3 A
Structure 166: 32 21 18 15 17 13 A
Structure 167: 2 C B 4 3 A
Structure 168: 2 8 B 4 3 A
Structure 169: 14 B 4 3 A
Structure 170: 27 14 B 4 3 A
Structure 171: 2 C B 4 3 A
Structure 172: 2 8 B 4 3 A
Structure 173: 2 26 B 4 3 43 A
Structure 174: 2 C B 4 3 A
Structure 175: 2 26 B 4 3 A
Structure 176: 2 C B 4 3 A
Structure 177: 2 8 4 3 A
Structure 178: 2 18 15 17 13 A
Structure 179: 2 10 B 4 3 A
Structure 180: 2 8 4 3 A
Structure 181: 2 10 B 4 3 A
Structure 182: 2 C B 4 3 A
Structure 183: 2 8 4 3 A
Structure 184: 2 C B 4 3 A
Structure 185: 2 26 B 4 3 6 1
Structure 186: 2 C B 4 3 A
Structure 187: 2 26 B 4 3 A
Structure 188: 2 C B 4 3 A
Structure 189: 2 C B 4 3 A
Structure 190: 2 C B 4 3 A
Structure 191: 2 19 15 17 13 A
Structure 192: 2 B 4 3 A
Structure 193: 2 8 B 4 3 A
Structure 194: 2 B 4 3 A
Structure 195: 2 10 8 4 3 A
Structure 196: 2 8 B 4 3 A
Structure 197: 2 8 4 3 A
Structure 198: 2 10 B 4 3 A
Structure 199: 2 10 B 4 3 A
Structure 200: 2 C B 4 3 20 A
Structure 201: 2 8 B 4 3 A
Structure 202: 2 C B 4 3 A
Structure 203: 2 C B 4 3 A
Structure 204: 2 C B 4 3 A
Structure 205: 2 C B 4 3 A
Structure 206: 2 C B 4 3 A
Structure 207: 2 C B 4 3 A
Structure 208: 27 14 B 4 3 A
Structure 209: 21 19 15 17 13 A
Structure 210: 14 B 4 3 A
Structure 211: 2 8 4 3 A
Structure 212: 2 C B 4 3 A
Structure 213: 2 8 4 3 A
Structure 214: 2 8 4 3 A
Structure 215: 14 28 4 3 A
Structure 216: 2 8 B 4 3 A
Structure 217: 2 10 B 4 3 20 A
Structure 218: 2 10 B 4 3 A
Structure 219: 2 C B 4 3 A
Structure 220: 2 10 B 4 3 A
Structure 221: 2 8 B 4 3 A
Structure 222: 2 14 B 4 3 A
Structure 223: 2 C B 4 3 20 A 70
Structure 224: 2 C B 4 3 A
Structure 225: 2 10 B 4 3 A
Structure 226: 2 C B 4 3 A
Structure 227: 2 8 4 3 A
Structure 228: 2 14 B 4 3 A
Structure 229: 2 8 B 4 3 A
Structure 230: 2 C B 4 71 3 A
Structure 231: 2 8 B 4 3 6 1
Structure 232: 2 8 B 4 3 A
Structure 233: 2 B 4 3 A
Structure 234: 2 10 B 4 3 A
Structure 235: 2 10 B 4 3 A
Structure 236: 2 10 B 4 3 A
Structure 237: 2 C B 4 3 A
Structure 238: 2 B 4 3 A
Structure 239: 2 18 15 17 13 A
Structure 240: 2 C 29 22 23 24 25 3 1
Structure 241: 2 C B 4 3 A
Structure 242: 2 8 B 4 3 A
Structure 243: 2 8 B 4 3 20 A
Structure 244: 2 18 15 52 30 13 A
Structure 245: 2 B 4 3 20 A
Structure 246: 14 B 4 3 A
Structure 247: 2 8 B 4 3 20 A
Structure 248: 2 18 15 17 13 A
Structure 249: 2 10 B 4 3 A
Structure 250: 2 C B 4 3 A
Structure 251: 2 8 4 3 A
Structure 252: 2 14 B 4 3 A
Structure 253: 14 B 4 3 A
Structure 254: 2 C B 4 3 A
Structure 255: 2 C B 4 37 35 A
Structure 256: 2 C B 4 3 A
Structure 257: 2 14 B 4 3 A
Structure 258: 2 8 B 4 3 A
Structure 259: 2 B 4 3 A
Structure 260: 14 B 4 3 A
Structure 261: 2 8 B 4 3 A
Structure 262: 2 10 B 4 3 A
Structure 263: 2 10 B 4 3 A
Structure 264: 32 14 B 4 3 A
Structure 265: 2 14 B 4 3 A
Structure 266: 2 C B 4 3 A
Structure 267: 2 C B 4 3 A
Structure 268: 2 8 B 4 3 A
Structure 269: 2 28 4 3 A
Structure 270: 2 8 B 4 3 A
Structure 271: 2 C B 4 3 A
Structure 272: 2 C B 4 3 A
Structure 273: 2 B 4 3 A
Structure 274: 2 8 B 4 3 A
Structure 275: 2 C B 4 3 A
Structure 276: 2 C B 4 3 A
Structure 277: 2 C B 4 3 A
Structure 278: 2 C B 4 3 A
Structure 279: 2 10 B 4 3 A
Structure 280: 2 C B 4 3 A
Structure 281: 2 C B 4 3 A
Structure 282: 2 C B 4 3 A
Structure 283: 2 C B 4 3 13 A
Structure 284: 2 10 B 4 3 A
Structure 285: 2 C B 4 3 A
Structure 286: 2 8 B 4 3 A
Structure 287: 2 8 4 3 A
Structure 288: 27 14 B 4 3 A
Structure 289: 2 10 B 4 3 A
Structure 290: 2 C B 4 3 A
Structure 291: 2 10 B 4 3 A
Structure 292: 2 C B 4 3 A
Structure 293: 2 8 B 4 39 20 A
Structure 294: 2 C 15 17 53 72 A
Structure 295: 2 C B 4 3 A
Structure 296: 27 14 28 4 3 A
Structure 297: 2 10 B 4 3 A
Structure 298: 2 8 B 4 3 A
Structure 299: 2 10 B 4 3 A
Structure 300: 2 8 B 4 3 A
Structure 301: 2 10 B 4 3 A
Structure 302: 2 C B 4 3 A
Structure 303: 2 C B 4 3 A
Structure 304: 54 55 B 4 3 A
Structure 305: 2 18 15 17 13 A
Structure 306: 2 8 4 3 A
Structure 307: 2 C 8 B 4 3 A
Structure 308: 2 8 B 4 3 A
Structure 309: 2 C B 4 37 3 A
Structure 310: 2 10 B 4 3 A
Structure 311: 2 19 15 17 13 A
Structure 312: 2 B 4 3 A
Structure 313: 2 10 B 4 3 A
Structure 314: 2 C B 4 3 A
Structure 315: 2 26 B 4 3 A
Structure 316: 2 14 B 4 3 A
Structure 317: 2 8 4 3 20 A
Structure 318: 2 14 B 4 3 A
Structure 319: 2 C B 4 3 A
Structure 320: 2 8 B 73 4 3 A
Structure 321: 2 B 4 3 13 A
Structure 322: 2 B 4 3 A
Structure 323: 2 8 B 4 3 A
Structure 324: 2 C B 4 3 A
Structure 325: 2 C B 4 3 A
Structure 326: 2 18 15 17 13 A
Structure 327: 2 10 B 4 3 A
Structure 328: 2 8 4 3 A
Structure 329: 32 21 18 15 17 13 A
Structure 330: 2 C B 4 39 35 A
Structure 331: 2 C B 4 3 A
Structure 332: 2 C 29 22 23 24 25 3 1
Structure 333: 2 C B 4 3 A
Structure 334: 2 C B 4 3 A
Structure 335: 2 C B 4 3 A
Structure 336: 2 8 4 3 A
Structure 337: 2 10 B 4 3 A
Structure 338: 2 10 B 4 3 A
Structure 339: 2 10 B 4 3 A
Structure 340: 38 21 18 15 17 13 A
Structure 341: 2 8 4 3 A
Structure 342: 2 C B 4 3 A
Structure 343: 2 8 B 4 3 A
Structure 344: 2 18 15 30 13 A
Structure 345: 2 C B 4 3 A
Structure 346: 2 C B 4 3 A
Structure 347: 2 10 B 4 3 A
Structure 348: 2 4 56 3 13 A
Structure 349: 2 10 B 4 3 A
Structure 350: 2 10 B 4 3 A
Structure 351: 2 B 4 3 A
Structure 352: 2 C 28 4 3 13 A
Structure 353: 2 8 4 3 A
Structure 354: 2 C B 4 3 A
Structure 355: 2 C B 4 3 A
Structure 356: 32 14 B 4 3 A
Structure 357: 2 C B 4 3 A
Structure 358: 2 C B 4 3 A
Structure 359: 2 8 B 4 3 A
Structure 360: 2 19 15 17 13 A
Structure 361: 2 10 B 4 3 A
Structure 362: 2 10 B 4 3 A
Structure 363: 2 C 74 B 4 3 A
Structure 364: 2 8 4 3 A
Structure 365: 2 C B 4 3 43 A
Structure 366: 2 8 B 4 3 A
Structure 367: 2 14 B 4 3 A
Structure 368: 2 8 4 3 A
Structure 369: 2 18 15 17 13 A
Structure 370: 2 18 15 17 13 A
Structure 371: 2 8 4 3 A
Structure 372: 2 C B 4 3 A
Structure 373: 2 C B 4 3 13 A
Structure 374: 2 C B 4 3 40 A
Structure 375: 2 8 4 75 3 A
Structure 376: 2 10 B 4 3 A
Structure 377: 2 10 B 4 3 A
Structure 378: 2 C B 4 3 A
Structure 379: 2 8 B 4 3 A
Structure 380: 2 8 B 4 3 A
Structure 381: 2 8 4 3 A
Structure 382: 2 26 B 4 3 A
Structure 383: 2 C B 4 3 A
Structure 384: 2 36 18 15 30 13 A
Structure 385: 2 B 4 3 A
Structure 386: 2 C B 4 3 A
Structure 387: 2 C B 4 3 A
Structure 388: 2 B 4 3 A
Structure 389: 2 C B 4 3 A
Structure 390: 2 36 19 15 17 13 A
Structure 391: 2 8 B 4 3 A
Structure 392: 2 8 4 3 A
Structure 393: 2 C B 4 3 A
Structure 394: 2 C B 4 3 A
Structure 395: 2 8 4 3 A
Structure 396: 2 14 B 4 3 A
Structure 397: 2 8 B 4 3 A
Structure 398: 2 C B 4 3 A
Structure 399: 2 C B 4 3 A
Structure 400: 2 C B 4 3 A
Structure 401: 2 C B 4 3 A
Structure 402: 2 8 4 3 A
Structure 403: 14 B 4 3 76 1
Structure 404: 2 57 28 4 3 A
Structure 405: 2 8 4 3 A
Structure 406: 2 10 B 4 3 A
Structure 407: 2 C B 4 3 13 A
Structure 408: 2 8 B 4 3 A
Structure 409: 2 C B 4 3 A
Structure 410: 2 8 4 37 35 A
Structure 411: 2 B 4 3 A
Structure 412: 2 C B 4 3 A
Structure 413: 2 10 B 4 3 A
Structure 414: 2 C B 4 3 A
Structure 415: 2 C 28 4 3 A
Structure 416: 2 8 4 3 A
Structure 417: 2 C 22 23 24 25 3 1
Structure 418: 2 C B 4 3 A
Structure 419: 2 C B 4 3 A
Structure 420: 2 8 4 3 A
Structure 421: 2 10 B 4 3 A
Structure 422: 2 10 B 4 3 A
Structure 423: 2 C B 4 3 A
Structure 424: 2 8 4 3 A
Structure 425: 2 18 15 17 13 34 A
Structure 426: 2 8 B 4 3 A
Structure 427: 2 10 B 4 3 A
Structure 428: 2 10 B 4 3 A
Structure 429: 2 10 B 4 3 20 A
Structure 430: 2 8 B 4 3 A
Structure 431: 2 C B 4 3 A
Structure 432: 2 10 B 4 3 A
Structure 433: 2 10 B 4 3 A
Structure 434: 2 14 B 4 3 A
Structure 435: 2 C B 4 3 A
Structure 436: 2 14 B 4 3 A
Structure 437: 14 B 4 3 A
Structure 438: 2 8 B 4 3 A
Structure 439: 14 B 4 3 A
Structure 440: 2 58 B 4 3 A
Structure 441: 14 B 4 3 A
Structure 442: 2 19 15 17 13 A
Structure 443: 2 8 B 4 3 A
Structure 444: 2 10 B 4 3 A
Structure 445: 2 C B 4 3 A
Structure 446: 2 26 B 4 3 A
Structure 447: 2 C B 4 3 A
Structure 448: 2 C B 4 3 A
Structure 449: 2 10 B 4 3 A
Structure 450: 2 B 4 3 A
Structure 451: 2 10 B 4 3 A
Structure 452: 2 21 19 15 17 13 A
Structure 453: 38 2 10 B 4 3 A
Structure 454: 2 10 B 4 3 A
Structure 455: 2 C B 4 3 A
Structure 456: 2 10 B 4 3 A
Structure 457: 2 C B 4 3 34 A
Structure 458: 2 8 4 3 A
Structure 459: 2 10 B 4 3 A
Structure 460: 2 10 B 4 3 A
Structure 461: 2 14 B 4 3 A
Structure 462: 2 8 B 4 3 A
Structure 463: 2 10 B 4 3 A
Structure 464: 2 8 B 4 3 A
Structure 465: 2 8 4 3 A
Structure 466: 2 B 4 3 44 77
Structure 467: 2 8 4 3 A
Structure 468: 27 14 B 4 3 A
Structure 469: 2 8 B 4 3 A
Structure 470: 2 C B 4 3 A
Structure 471: 2 8 4 3 A
Structure 472: 2 C B 4 3 A
Structure 473: 2 C B 4 3 A
Structure 474: 2 B 4 3 A
Structure 475: 2 C B 4 3 A
Structure 476: 21 18 15 17 13 A
Structure 477: 2 14 B 4 3 A
Structure 478: 2 8 B 4 3 A
Structure 479: 2 8 4 3 A
Structure 480: 2 C B 4 3 A
Structure 481: 2 18 15 17 13 A
Structure 482: 2 18 15 17 13 A
Structure 483: 2 10 B 4 3 A
Structure 484: 2 10 B 4 3 A
Structure 485: 2 8 4 3 A
Structure 486: 27 14 B 4 3 20 A
Structure 487: 2 8 4 3 A
Structure 488: 2 8 B 4 3 20 A
Structure 489: 2 8 4 3 A
Structure 490: 2 8 4 3 A
Structure 491: 2 B 4 3 A
Structure 492: 2 10 B 4 3 A
Structure 493: 21 18 15 17 13 A
Structure 494: 14 B 4 3 A 78
Structure 495: 2 8 B 4 3 A
Structure 496: 2 8 4 3 A
Structure 497: 2 C B 4 3 A
Structure 498: 2 10 B 4 3 A
Structure 499: 2 C B 4 3 A
Structure 500: 2 10 B 4 3 A
Structure 501: 2 C B 4 56 3 A
Structure 502: 2 C B 4 3 A
Structure 503: 2 10 B 4 3 A
Structure 504: 2 8 4 3 A
Structure 505: 2 C 28 4 3 41 A
Structure 506: 2 10 B 4 3 A
Structure 507: 2 26 B 4 3 A
Structure 508: 2 8 4 3 A
Structure 509: 2 26 B 4 3 A
Structure 510: 2 10 B 4 3 A
Structure 511: 2 C B 4 3 A
Structure 512: 2 21 18 15 17 13 A
Structure 513: 2 8 B 4 3 A
Structure 514: 2 8 B 4 3 A
Structure 515: 2 8 4 3 A
Structure 516: 2 8 4 3 A
Structure 517: 2 10 B 4 3 A
Structure 518: 2 8 B 4 3 A
Structure 519: 14 B 4 3 A
Structure 520: 2 21 18 15 17 13 A
Structure 521: 2 8 4 3 A
Structure 522: 2 10 B 4 3 A
Structure 523: 2 10 B 4 3 A
Structure 524: 2 26 B 4 3 A
Structure 525: 2 18 15 17 13 A
Structure 526: 2 10 B 4 3 A
Structure 527: 2 10 B 4 3 A
Structure 528: 2 C B 4 3 A
Structure 529: 2 8 4 3 A
Structure 530: 2 C B 4 3 13 A
Structure 531: 2 8 4 3 A
Structure 532: 2 B 4 3 A
Structure 533: 2 8 B 4 3 A
Structure 534: 2 C B 4 3 40 A
Structure 535: 2 C B 4 3 41 A
Structure 536: 2 C B 4 3 A
Structure 537: 2 C 18 15 17 59 34 A
Structure 538: 2 C B 4 3 A
Structure 539: 38 2 10 B 4 3 20 A
Structure 540: 2 14 8 B 4 3 A
Structure 541: 2 10 B 4 3 A
Structure 542: 2 C B 4 3 A
Structure 543: 2 10 B 4 3 A
Structure 544: 2 26 B 4 3 A
Structure 545: 2 10 B 4 3 A
Structure 546: 2 8 B 4 3 A
Structure 547: 2 8 B 4 3 A
Structure 548: 2 10 B 4 37 35 A
Structure 549: 2 8 4 3 A
Structure 550: 2 8 B 4 39 20 A
Structure 551: 2 C B 4 3 A
Structure 552: 2 C B 4 3 A
Structure 553: 2 10 B 4 3 A
Structure 554: 2 10 B 4 3 A
Structure 555: 38 2 10 B 4 3 A
Structure 556: 2 8 B 4 3 A
Structure 557: 2 C B 4 3 A
Structure 558: 2 26 B 4 3 A
Structure 559: 2 4 3 13 A
Structure 560: 2 14 B 4 3 A
Structure 561: 2 C B 4 3 A
Structure 562: 2 C B 4 3 A
Structure 563: 2 C B 4 3 A
Structure 564: 54 55 B 4 3 A
Structure 565: 2 10 B 4 3 A
Structure 566: 2 10 B 4 3 A
Structure 567: 2 B 4 3 A
Structure 568: 2 10 B 4 3 A
Structure 569: 2 14 B 4 3 A
Structure 570: 2 8 B 4 3 A
Structure 571: 2 C B 4 3 A
Structure 572: 2 8 4 3 A
Structure 573: 2 C B 4 3 A
Structure 574: 2 8 B 4 3 A
Structure 575: 2 10 B 4 3 6 1
Structure 576: 2 22 23 24 25 3 1
Structure 577: 2 C B 4 3 A
Structure 578: 19 15 17 13 A
Structure 579: 2 10 B 4 3 A
Structure 580: 2 C B 4 3 20 A
Structure 581: 2 C B 4 3 A
Structure 582: 2 C B 4 3 A
Structure 583: 2 8 B 4 3 A
Structure 584: 2 8 4 3 A
Structure 585: 2 14 B 4 3 A
Structure 586: 2 18 15 17 13 A
Structure 587: 2 C B 4 3 A
Structure 588: 14 B 4 3 A
Structure 589: 2 C B 4 3 A
Structure 590: 2 10 B 4 3 A
Structure 591: 2 8 B 4 3 A
Structure 592: 2 C B 4 3 A
Structure 593: 2 10 B 4 3 A
Structure 594: 2 C 29 22 23 24 25 31 3 20 1
Structure 595: 2 8 4 3 A
Structure 596: 2 C B 4 3 60 A
Structure 597: 2 19 15 52 30 13 A
Structure 598: 2 C B 4 3 A
Structure 599: 2 10 B 4 3 A
Structure 600: 2 8 B 4 3 A
Structure 601: 2 8 B 4 3 A
Structure 602: 2 B 4 3 A
Structure 603: 2 C B 4 3 A
Structure 604: 2 C B 4 3 A
Structure 605: 2 10 B 4 3 A
Structure 606: 2 C B 4 3 A
Structure 607: 2 8 B 4 3 A
Structure 608: 2 10 B 4 3 A
Structure 609: 14 8 4 3 A
Structure 610: 2 10 B 4 3 A
Structure 611: 2 B 4 3 A
Structure 612: 2 8 B 4 3 A
Structure 613: 2 10 B 4 3 A
Structure 614: 2 8 B 4 3 A
Structure 615: 2 B 4 3 A
Structure 616: 79 80 8 4 3 A
Structure 617: 2 8 4 3 A
Structure 618: 2 10 B 4 3 A
Structure 619: 2 26 B 4 3 A
Structure 620: 2 19 15 17 13 A
Structure 621: 2 45 15 30 13 A
Structure 622: 2 8 B 4 3 A
Structure 623: 14 B 4 3 A
Structure 624: 2 C 29 22 81 23 24 25 31 3 1
Structure 625: 2 C B 4 3 A
Structure 626: 2 21 18 15 17 13 A
Structure 627: 14 B 4 3 A 50
Structure 628: 2 10 B 4 3 A
Structure 629: 21 19 15 17 13 A
Structure 630: 2 10 B 4 3 A
Structure 631: 2 C B 4 3 A
Structure 632: 2 8 B 4 3 A
Structure 633: 2 C B 4 3 A
Structure 634: 2 8 B 4 3 A
Structure 635: 2 8 B 4 3 A
Structure 636: 2 C B 4 3 20 A
Structure 637: 14 B 4 3 A
Structure 638: 2 C B 4 3 A
Structure 639: 2 10 B 4 3 A
Structure 640: 2 8 B 4 3 A
Structure 641: 2 8 B 4 3 A
Structure 642: 2 C B 4 3 A
Structure 643: 2 18 15 17 13 A
Structure 644: 2 C B 4 3 A
Structure 645: 2 C B 4 3 A
Structure 646: 2 C B 4 3 A
Structure 647: 2 B 4 3 20 A
Structure 648: 2 10 B 4 3 A
Structure 649: 2 10 B 4 3 A
Structure 650: 2 14 B 4 3 A
Structure 651: 2 8 4 3 A
Structure 652: 2 C B 4 3 A
Structure 653: 2 8 4 3 A
Structure 654: 2 10 B 4 3 A
Structure 655: 2 C B 4 3 A
Structure 656: 2 C 28 4 3 A
Structure 657: 2 C B 4 3 A
Structure 658: 38 2 C B 4 3 A
Structure 659: 2 C B 4 3 A
Structure 660: 2 B 4 3 A
Structure 661: 2 C B 4 3 A
Structure 662: 2 C B 4 3 A
Structure 663: 2 B 4 3 34 A
Structure 664: 2 8 4 3 A
Structure 665: 2 C 22 23 24 25 42 3 1
Structure 666: 32 14 B 4 3 A
Structure 667: 2 B 4 3 A
Structure 668: 2 8 B 4 3 A
Structure 669: 2 C B 4 3 A
Structure 670: 2 10 B 4 3 A
Structure 671: 2 10 B 4 3 A
Structure 672: 2 8 B 4 3 A
Structure 673: 2 10 B 4 3 A
Structure 674: 2 10 B 4 3 A
Structure 675: 2 C B 4 3 A
Structure 676: 2 8 B 4 3 A
Structure 677: 2 B 4 3 A
Structure 678: 2 8 4 3 A
Structure 679: 2 14 B 4 37 A
Structure 680: 2 8 B 4 3 A
Structure 681: 2 C 29 22 23 24 25 31 3 1
Structure 682: 2 8 B 4 3 A
Structure 683: 2 C B 4 3 A
Structure 684: 2 B 4 3 A
Structure 685: 2 10 B 4 3 A
Structure 686: 2 B 4 3 A
Structure 687: 2 B 4 3 A
Structure 688: 2 B 4 3 A
Structure 689: 27 14 B 4 3 A
Structure 690: 2 C B 4 3 A
Structure 691: 2 10 B 4 3 A
Structure 692: 2 10 B 4 3 A
Structure 693: 2 8 4 3 A
Structure 694: 2 C B 4 3 A
Structure 695: 2 8 4 3 A
Structure 696: 2 B 4 3 A
Structure 697: 2 C B 4 3 A
Structure 698: 2 10 B 4 3 A
Structure 699: 2 10 B 4 3 A
Structure 700: 2 4 3 13 A
Structure 701: 2 8 B 4 3 A
Structure 702: 21 19 15 17 13 A
Structure 703: 2 C B 4 3 A
Structure 704: 2 C B 4 3 A
Structure 705: 2 19 15 17 13 A
Structure 706: 2 18 15 17 13 A
Structure 707: 2 C B 4 3 A
Structure 708: 2 C 29 22 23 24 25 3 1
Structure 709: 2 10 B 4 3 A
Structure 710: 2 C B 4 3 A
Structure 711: 2 18 15 17 13 A
Structure 712: 27 14 B 4 3 A
Structure 713: 2 C B 4 3 A
Structure 714: 2 21 18 15 17 13 A
Structure 715: 2 C B 4 3 A
Structure 716: 2 8 B 4 3 A
Structure 717: 2 18 4 82 13 A
Structure 718: 2 8 4 3 A
Structure 719: 2 8 4 3 A
Structure 720: 2 C B 4 3 A
Structure 721: 27 14 B 4 3 A
Structure 722: 2 8 B 4 3 20 A
Structure 723: 2 C B 4 3 A
Structure 724: 2 C 28 4 3 A
Structure 725: 2 83 B 4 3 A
Structure 726: 2 19 15 17 13 A
Structure 727: 2 C B 4 3 A
Structure 728: 2 B 4 3 A
Structure 729: 2 8 4 3 A
Structure 730: 2 C B 4 3 A
Structure 731: 2 8 4 3 A
Structure 732: 2 8 B 4 3 A
Structure 733: 2 C B 4 3 A
Structure 734: 2 46 26 B 4 3 A
Structure 735: 2 10 B 4 3 A
Structure 736: 47 10 B 4 3 A
Structure 737: 2 8 4 3 A
Structure 738: 2 8 B 4 3 A
Structure 739: 14 B 4 3 A
Structure 740: 2 8 B 4 3 A
Structure 741: 2 10 B 4 3 A
Structure 742: 2 10 B 4 3 A
Structure 743: 2 C B 4 3 A
Structure 744: 2 8 4 3 A
Structure 745: 38 2 B 4 3 A
Structure 746: 2 8 B 4 3 A
Structure 747: 2 C 28 4 3 A
Structure 748: 2 10 B 4 3 A
Structure 749: 2 C B 4 3 A
Structure 750: 27 14 B 4 3 A
Structure 751: 2 8 4 3 A
Structure 752: 2 19 15 17 13 A
Structure 753: 2 10 B 4 3 A
Structure 754: 2 8 B 4 3 A
Structure 755: 2 C B 4 3 A
Structure 756: 2 14 B 4 3 A
Structure 757: 2 8 4 3 A
Structure 758: 2 C 15 17 53 84 85 44
Structure 759: 21 18 15 17 13 A
Structure 760: 2 18 61 15 17 13 A
Structure 761: 2 8 4 3 A
Structure 762: 2 C B 4 3 A
Structure 763: 2 C B 4 3 A
Structure 764: 2 C B 4 3 A
Structure 765: 2 8 B 4 3 A
Structure 766: 2 8 4 3 A
Structure 767: 2 8 4 3 A
Structure 768: 2 18 15 30 13 A
Structure 769: 2 46 8 4 3 A
Structure 770: 2 B 4 3 A
Structure 771: 2 C B 4 3 44 51
Structure 772: 2 8 B 4 3 A
Structure 773: 2 10 B 4 3 A
Structure 774: 2 C B 4 3 A
Structure 775: 2 C B 4 3 A
Structure 776: 2 8 B 4 3 A
Structure 777: 14 B 4 3 A 86 87
Structure 778: 2 C B 4 3 A
Structure 779: 21 18 15 17 13 A
Structure 780: 2 C B 4 3 A
Structure 781: 2 C B 4 3 A
Structure 782: 2 8 B 4 3 A
Structure 783: 2 C 29 22 23 24 25 3 1
Structure 784: 2 22 23 24 88 42 3 1
Structure 785: 21 19 15 17 13 A
Structure 786: 2 C 29 22 23 24 25 31 3 1
Structure 787: 27 14 B 4 3 A
Structure 788: 89 90 91 3 13 A
Structure 789: 2 14 B 4 3 A
Structure 790: 2 8 4 3 A
Structure 791: 2 19 15 17 13 A
Structure 792: 2 8 4 3 A
Structure 793: 2 8 4 3 A
Structure 794: 2 10 B 4 3 A
Structure 795: 2 C B 4 3 A
Structure 796: 2 10 B 4 3 A
Structure 797: 2 C B 4 3 A
Structure 798: 2 10 B 4 3 A
Structure 799: 2 10 B 4 3 A
Structure 800: 2 8 B 4 3 20 A
Structure 801: 2 10 B 4 3 A
Structure 802: 2 10 B 4 3 A
Structure 803: 2 C B 4 3 A
Structure 804: 2 C B 4 3 A
Structure 805: 2 8 B 4 3 A
Structure 806: 2 10 B 4 3 A
Structure 807: 2 B 4 3 20 A
Structure 808: 2 8 B 4 3 A
Structure 809: 2 C B 4 3 A
Structure 810: 2 8 B 4 3 A
Structure 811: 2 C B 4 3 A
Structure 812: 2 18 61 15 17 49 59 A
Structure 813: 2 C B 4 3 A
Structure 814: 2 8 4 3 A
Structure 815: 2 C B 4 3 A
Structure 816: 2 14 B 4 3 A
Structure 817: 2 36 19 15 17 13 A
Structure 818: 21 18 15 17 13 A
Structure 819: 2 B 4 3 A
Structure 820: 2 C B 4 3 A
Structure 821: 2 10 B 4 3 A
Structure 822: 2 10 B 4 3 A
Structure 823: 2 B 4 3 A
Structure 824: 2 10 B 4 3 A
Structure 825: 2 8 B 4 3 A
Structure 826: 2 8 B 4 3 33 1
Structure 827: 21 18 15 17 13 A
Structure 828: 2 C B 4 3 13 A
Structure 829: 2 8 4 3 A
Structure 830: 2 C B 4 3 A
Structure 831: 2 C B 4 3 A
Structure 832: 2 18 15 17 13 A
Structure 833: 2 8 B 4 3 A
Structure 834: 2 B 4 3 A
Structure 835: 2 C B 4 3 20 6 1
Structure 836: 2 8 4 3 A
Structure 837: 2 C B 4 3 A
Structure 838: 2 8 4 3 A
Structure 839: 2 10 B 4 3 A
Structure 840: 2 19 15 17 13 A
Structure 841: 32 14 B 4 3 A
Structure 842: 2 C B 4 3 A
Structure 843: 2 C B 4 3 A
Structure 844: 2 10 B 4 3 A
Structure 845: 2 8 B 4 3 A
Structure 846: 2 8 B 4 3 A
Structure 847: 2 C B 4 3 20 A
Structure 848: 2 8 B 4 3 A
Structure 849: 2 14 B 4 3 A
Structure 850: 2 19 15 17 13 A
Structure 851: 2 C 8 4 3 A
Structure 852: 2 10 B 4 3 A
Structure 853: 2 28 4 3 A
Structure 854: 2 C B 4 3 A
Structure 855: 2 14 B 4 3 A
Structure 856: 2 B 4 3 A
Structure 857: 2 C B 4 3 A
Structure 858: 2 C B 4 3 A
Structure 859: 2 C 62 22 23 24 25 31 3 1
Structure 860: 2 8 B 4 3 A
Structure 861: 2 10 B 4 3 A
Structure 862: 2 14 B 4 3 A
Structure 863: 2 C B 4 3 A
Structure 864: 14 B 4 3 A
Structure 865: 2 8 B 4 3 A
Structure 866: 48 14 B 4 3 A
Structure 867: 2 8 B 4 3 A
Structure 868: 2 C B 4 3 A
Structure 869: 2 8 4 3 A
Structure 870: 2 92 4 3 13 A
Structure 871: 2 14 B 4 3 A
Structure 872: 2 C B 4 3 13 A
Structure 873: 2 10 B 4 3 A
Structure 874: 2 8 B 4 3 A
Structure 875: 2 B 4 3 A
Structure 876: 2 C B 4 3 A
Structure 877: 2 C B 4 3 33 1
Structure 878: 2 10 B 4 3 A
Structure 879: 2 8 B 4 3 A
Structure 880: 2 8 B 4 3 A
Structure 881: 2 8 4 3 A
Structure 882: 2 18 15 17 13 A
Structure 883: 2 10 B 4 3 A
Structure 884: 2 C B 4 3 A
Structure 885: 2 C B 4 3 A
Structure 886: 2 14 B 4 3 A
Structure 887: 2 C B 4 3 A
Structure 888: 2 C B 4 3 A
Structure 889: 2 C 62 22 23 24 25 3 1
Structure 890: 2 B 4 3 A
Structure 891: 2 10 B 4 3 A
Structure 892: 2 8 B 4 3 A
Structure 893: 2 B 4 3 A
Structure 894: 27 14 B 4 3 A
Structure 895: 2 8 B 4 3 A
Structure 896: 2 8 B 4 3 A
Structure 897: 2 C B 4 3 A
Structure 898: 2 10 B 4 3 A
Structure 899: 2 C B 4 3 A
Structure 900: 2 C B 4 3 A
Structure 901: 2 C B 4 3 A
Structure 902: 2 C 22 23 24 25 42 3 1
Structure 903: 2 10 B 4 3 A
Structure 904: 2 26 B 4 93 3 A
Structure 905: 14 B 4 3 A
Structure 906: 2 C B 4 3 A
Structure 907: 2 26 B 4 3 A
Structure 908: 2 10 B 4 3 A
Structure 909: 2 19 15 17 13 A
Structure 910: 21 18 15 17 13 A
Structure 911: 2 C B 4 3 A
Structure 912: 2 14 B 4 3 A
Structure 913: 2 C B 4 3 A
Structure 914: 2 C B 4 3 34 A
Structure 915: 2 29 22 23 24 25 3 1
Structure 916: 2 8 4 3 A
Structure 917: 2 21 45 15 17 13 A
Structure 918: 21 18 15 17 13 A
Structure 919: 2 C B 4 3 A
Structure 920: 2 94 3 13 A
Structure 921: 2 19 15 30 13 A
Structure 922: 2 10 B 4 3 A
Structure 923: 2 8 B 4 3 A
Structure 924: 2 C B 4 3 20 A
Structure 925: 2 8 4 3 A
Structure 926: 2 8 B 4 3 A
Structure 927: 14 B 4 3 20 A
Structure 928: 2 B 4 3 40 A
Structure 929: 2 C B 4 3 A
Structure 930: 2 8 B 4 3 A
Structure 931: 2 C B 4 3 A
Structure 932: 2 C 29 22 23 24 25 31 3 1
Structure 933: 2 8 4 3 A
Structure 934: 2 10 B 4 3 A
Structure 935: 2 8 B 4 3 A
Structure 936: 2 B 4 3 A
Structure 937: 2 95 C B 4 3 A
Structure 938: 2 B 4 3 A
Structure 939: 2 B 4 3 6 1
Structure 940: 2 B 4 3 A
Structure 941: 2 C B 4 3 A
Structure 942: 2 8 B 4 3 A
Structure 943: 2 8 4 3 20 A
Structure 944: 2 C B 4 3 6 1
Structure 945: 2 18 15 30 13 A
Structure 946: 2 C B 4 3 A
Structure 947: 2 18 15 17 13 A
Structure 948: 2 B 4 3 A
Structure 949: 2 C B 4 3 41 A
Structure 950: 2 8 B 4 3 A
Structure 951: 2 C B 4 3 A
Structure 952: 2 36 19 15 17 13 A
Structure 953: 2 C B 4 3 A
Structure 954: 2 C B 4 3 A
Structure 955: 2 C B 4 3 A
Structure 956: 2 8 B 4 3 A
Structure 957: 2 8 B 4 3 A
Structure 958: 2 C B 4 3 A
Structure 959: 2 8 4 3 A
Structure 960: 2 C B 4 3 A
Structure 961: 2 10 B 4 3 A
Structure 962: 2 21 45 15 17 13 A
Structure 963: 2 46 26 B 4 3 A
Structure 964: 58 B 4 3 A
Structure 965: 2 8 B 4 3 A
Structure 966: 2 19 15 17 13 A
Structure 967: 2 C B 4 3 A
Structure 968: 2 8 4 3 A
Structure 969: 27 14 B 4 3 A
Structure 970: 2 8 4 3 A
Structure 971: 2 10 B 4 3 A
Structure 972: 2 14 B 4 3 A
Structure 973: 2 B 4 3 60 A
Structure 974: 2 18 15 17 13 A
Structure 975: 2 8 B 4 3 A
Structure 976: 2 C B 4 3 33 1
Structure 977: 2 C B 4 3 A
Structure 978: 2 C B 4 3 A
Structure 979: 2 10 B 4 3 20 A
Structure 980: 2 8 B 4 3 A
Structure 981: 2 10 B 4 3 A
Structure 982: 2 10 B 4 3 A
Structure 983: 2 8 4 3 A
Structure 984: 14 B 4 3 A
Structure 985: 2 26 B 4 3 A
Structure 986: 2 C B 4 3 A
Structure 987: 2 8 4 3 A
Structure 988: 2 8 4 3 A
Structure 989: 2 10 B 4 3 A
Structure 990: 2 C B 4 3 A
Structure 991: 2 26 22 23 24 25 42 3 1
Structure 992: 2 8 4 3 A
Structure 993: 2 C B 4 3 A
Structure 994: 2 8 B 4 3 A
Structure 995: 2 57 B 4 3 A
Structure 996: 2 8 B 4 3 A
Structure 997: 2 C B 4 3 A
Structure 998: 2 10 B 4 3 A
Structure 999: 2 14 B 4 3 A
Structure 1000: 2 B 4 3 A
