Processing: /home/hwilco/Documents/RNA Research/RNAStructProfiling-master/output/training/FMN/Desulfitobacterium_h.2_sfold/input/Desulfitobacterium_h.2_sfold.out
Structure 1: 1 4 5 2 3 6 16
	-> 1 2 3 4 5 6 
Structure 2: 1 4 14 2 3 9 A
	-> 1 2 3 4 A 9 
Structure 3: 1 4 5 2 3 6
	-> 1 2 3 4 5 6 
Structure 4: 13 1 35 24 22 5 2 3 11 A
	-> 1 2 3 5 A 
Structure 5: 1 4 5 2 3 6 8
	-> 1 2 3 4 5 6 8 
Structure 6: 1 4 5 2 3 11 A
	-> 1 2 3 4 5 A 
Structure 7: 1 4 5 2 3 6 8
	-> 1 2 3 4 5 6 8 
Structure 8: 1 4 14 2 3 9
	-> 1 2 3 4 9 
Structure 9: 1 4 5 2 3 6 8
	-> 1 2 3 4 5 6 8 
Structure 10: 1 4 5 2 3 6
	-> 1 2 3 4 5 6 
Structure 11: 1 4 5 2 3 6 10
	-> 1 2 3 4 5 6 10 
Structure 12: 1 4 5 2 3 6 8
	-> 1 2 3 4 5 6 8 
Structure 13: 1 4 5 2 3 6 8
	-> 1 2 3 4 5 6 8 
Structure 14: B 1 4 5 2 3 6 16
	-> 1 2 3 4 5 6 B 
Structure 15: 1 79 22 2 3 9 11 A
	-> 1 2 3 A 9 
Structure 16: 1 4 2 36 25 9 A
	-> 1 2 4 A 9 
Structure 17: 1 4 42 5 2 3 6 8
	-> 1 2 3 4 5 6 8 
Structure 18: B 1 4 5 2 3 6 8
	-> 1 2 3 4 5 6 8 B 
Structure 19: 1 4 5 2 3 6
	-> 1 2 3 4 5 6 
Structure 20: 15 B 1 4 5 2 3 60 37 11 A
	-> 1 2 3 4 5 A B 
Structure 21: 1 4 5 2 3 6
	-> 1 2 3 4 5 6 
Structure 22: 1 4 5 2 3 6
	-> 1 2 3 4 5 6 
Structure 23: 1 4 5 2 3 23 6 8
	-> 1 2 3 4 5 6 8 
Structure 24: 1 4 5 2 3 6
	-> 1 2 3 4 5 6 
Structure 25: 1 4 5 2 3 6
	-> 1 2 3 4 5 6 
Structure 26: 13 1 4 5 2 3 6
	-> 1 2 3 4 5 6 
Structure 27: 1 4 5 2 3 6
	-> 1 2 3 4 5 6 
Structure 28: 15 B 1 4 5 2 19 3 6
	-> 1 2 3 4 5 6 B 
Structure 29: 1 4 5 2 3 6 8
	-> 1 2 3 4 5 6 8 
Structure 30: 1 4 5 2 3 6 10
	-> 1 2 3 4 5 6 10 
Structure 31: 1 4 5 2 3 6 16
	-> 1 2 3 4 5 6 
Structure 32: 1 4 5 2 3 6 61
	-> 1 2 3 4 5 6 
Structure 33: 1 33 42 5 2 3 6
	-> 1 2 3 5 6 
Structure 34: 1 38 22 2 52 27 20 9 A
	-> 1 2 A 9 
Structure 35: B 1 4 5 2 3 6 10
	-> 1 2 3 4 5 6 10 B 
Structure 36: 1 4 5 2 3 26 6
	-> 1 2 3 4 5 6 
Structure 37: 1 4 5 2 3 6 8
	-> 1 2 3 4 5 6 8 
Structure 38: B 1 4 5 2 3 6
	-> 1 2 3 4 5 6 B 
Structure 39: 1 4 5 2 19 3 6 A
	-> 1 2 3 4 5 6 A 
Structure 40: 1 4 5 2 3 6 8
	-> 1 2 3 4 5 6 8 
Structure 41: B 1 4 2 3 9 11 A
	-> 1 2 3 4 A 9 B 
Structure 42: 15 1 4 5 2 3 6
	-> 1 2 3 4 5 6 
Structure 43: 1 4 5 2 3 6 16
	-> 1 2 3 4 5 6 
Structure 44: 1 4 43 2 3 9 11 A
	-> 1 2 3 4 A 9 
Structure 45: 1 4 80 2 3 9 53 11 A
	-> 1 2 3 4 A 9 
Structure 46: 1 4 5 2 3 6
	-> 1 2 3 4 5 6 
Structure 47: B 1 4 5 2 3 6
	-> 1 2 3 4 5 6 B 
Structure 48: 15 B 1 4 14 2 81 82 20 9
	-> 1 2 4 9 B 
Structure 49: 1 4 2 3 9 A
	-> 1 2 3 4 A 9 
Structure 50: 1 4 5 2 3 6 8
	-> 1 2 3 4 5 6 8 
Structure 51: 1 4 14 2 3 39 9
	-> 1 2 3 4 9 
Structure 52: 1 4 5 2 3 6 8
	-> 1 2 3 4 5 6 8 
Structure 53: 1 4 5 2 3 6
	-> 1 2 3 4 5 6 
Structure 54: 1 4 5 2 3 6 8
	-> 1 2 3 4 5 6 8 
Structure 55: 1 4 5 2 3 6 10
	-> 1 2 3 4 5 6 10 
Structure 56: 1 4 5 2 3 6 A
	-> 1 2 3 4 5 6 A 
Structure 57: 15 B 1 33 4 5 2 3 6 10
	-> 1 2 3 4 5 6 10 B 
Structure 58: 1 4 5 2 3 6 8
	-> 1 2 3 4 5 6 8 
Structure 59: 1 28 22 2 3 9 11 A
	-> 1 2 3 A 9 
Structure 60: 1 4 5 2 3 6 10
	-> 1 2 3 4 5 6 10 
Structure 61: 13 1 4 5 2 3 23 6 10
	-> 1 2 3 4 5 6 10 
Structure 62: 1 4 5 2 3 6
	-> 1 2 3 4 5 6 
Structure 63: B 1 4 5 2 3 6
	-> 1 2 3 4 5 6 B 
Structure 64: 1 4 5 2 3 6 10
	-> 1 2 3 4 5 6 10 
Structure 65: 1 4 5 2 3 6 8
	-> 1 2 3 4 5 6 8 
Structure 66: 1 4 45 54 2 3 39 9 A
	-> 1 2 3 4 A 9 
Structure 67: 1 4 14 2 3 9 A
	-> 1 2 3 4 A 9 
Structure 68: 15 1 4 5 2 3 6 8
	-> 1 2 3 4 5 6 8 
Structure 69: B 1 4 5 2 3 6
	-> 1 2 3 4 5 6 B 
Structure 70: 1 4 2 3 25 9 A
	-> 1 2 3 4 A 9 
Structure 71: 13 1 4 5 2 3 6
	-> 1 2 3 4 5 6 
Structure 72: 1 4 5 2 3 6 16
	-> 1 2 3 4 5 6 
Structure 73: 1 4 5 2 3 6
	-> 1 2 3 4 5 6 
Structure 74: 1 4 5 2 3 6 8
	-> 1 2 3 4 5 6 8 
Structure 75: 1 4 5 2 3 62 11 A
	-> 1 2 3 4 5 A 
Structure 76: B 1 32 4 5 2 19 3 26 6 A
	-> 1 2 3 4 5 6 A B 
Structure 77: 1 4 5 2 3 6
	-> 1 2 3 4 5 6 
Structure 78: 1 4 5 2 3 6 8
	-> 1 2 3 4 5 6 8 
Structure 79: 1 28 22 2 3 9 11 A
	-> 1 2 3 A 9 
Structure 80: 1 4 14 2 3 25 9 A
	-> 1 2 3 4 A 9 
Structure 81: 1 4 5 2 3 6
	-> 1 2 3 4 5 6 
Structure 82: 1 4 29 2 3 9 A
	-> 1 2 3 4 A 9 
Structure 83: 1 4 63 2 3 9
	-> 1 2 3 4 9 
Structure 84: 1 4 14 2 19 20 9
	-> 1 2 4 9 
Structure 85: 1 4 5 2 3 6 16
	-> 1 2 3 4 5 6 
Structure 86: 15 1 4 5 2 3 6 16
	-> 1 2 3 4 5 6 
Structure 87: 1 4 5 2 3 6
	-> 1 2 3 4 5 6 
Structure 88: 1 4 5 2 3 6
	-> 1 2 3 4 5 6 
Structure 89: 1 4 5 2 3 23 6 8
	-> 1 2 3 4 5 6 8 
Structure 90: B 1 4 5 2 3 6 10
	-> 1 2 3 4 5 6 10 B 
Structure 91: 1 4 29 3 9 A
	-> 1 3 4 A 9 
Structure 92: 1 4 14 2 3 9 A
	-> 1 2 3 4 A 9 
Structure 93: 1 4 5 2 3 6
	-> 1 2 3 4 5 6 
Structure 94: B 1 4 5 83 84 3 6
	-> 1 3 4 5 6 B 
Structure 95: 1 4 5 2 3 6 8
	-> 1 2 3 4 5 6 8 
Structure 96: B 1 4 2 3 9 11 A
	-> 1 2 3 4 A 9 B 
Structure 97: 1 4 29 19 3 9 A
	-> 1 3 4 A 9 
Structure 98: B 1 4 5 44 2 3 6 8
	-> 1 2 3 4 5 6 8 B 
Structure 99: 1 4 5 2 3 6 A
	-> 1 2 3 4 5 6 A 
Structure 100: 1 4 5 2 3 6 8
	-> 1 2 3 4 5 6 8 
Structure 101: 1 4 5 2 3 6 A
	-> 1 2 3 4 5 6 A 
Structure 102: 1 4 14 2 20 9
	-> 1 2 4 9 
Structure 103: 1 4 14 2 3 9 64 A
	-> 1 2 3 4 A 9 
Structure 104: 1 4 5 2 3 6 10
	-> 1 2 3 4 5 6 10 
Structure 105: 1 4 5 2 3 6 10
	-> 1 2 3 4 5 6 10 
Structure 106: 1 4 5 2 3 6 10
	-> 1 2 3 4 5 6 10 
Structure 107: 1 4 2 3 9 65 A
	-> 1 2 3 4 A 9 
Structure 108: B 1 4 5 2 3 6
	-> 1 2 3 4 5 6 B 
Structure 109: 13 1 4 5 2 3 6 10
	-> 1 2 3 4 5 6 10 
Structure 110: 13 1 4 5 2 3 6 10
	-> 1 2 3 4 5 6 10 
Structure 111: 1 4 5 2 3 6
	-> 1 2 3 4 5 6 
Structure 112: 1 4 5 2 3 26 6 10 16
	-> 1 2 3 4 5 6 10 
Structure 113: 1 4 5 2 3 6 8
	-> 1 2 3 4 5 6 8 
Structure 114: 1 4 43 2 19 3 9 11 A
	-> 1 2 3 4 A 9 
Structure 115: 1 4 5 2 3 6 8
	-> 1 2 3 4 5 6 8 
Structure 116: 15 B 1 4 5 2 3 6
	-> 1 2 3 4 5 6 B 
Structure 117: B 1 4 5 2 3 6 A
	-> 1 2 3 4 5 6 A B 
Structure 118: 13 1 4 2 3 9 11 A
	-> 1 2 3 4 A 9 
Structure 119: B 1 4 14 2 3 9 A
	-> 1 2 3 4 A 9 B 
Structure 120: 15 B 1 4 5 2 3 6 8
	-> 1 2 3 4 5 6 8 B 
Structure 121: B 1 24 22 5 2 3 11 A
	-> 1 2 3 5 A B 
Structure 122: 15 1 4 5 2 3 6 A
	-> 1 2 3 4 5 6 A 
Structure 123: 1 4 5 2 3 6
	-> 1 2 3 4 5 6 
Structure 124: 1 4 5 2 3 6 A
	-> 1 2 3 4 5 6 A 
Structure 125: 1 4 5 2 3 6 10
	-> 1 2 3 4 5 6 10 
Structure 126: 1 4 5 2 19 3 6
	-> 1 2 3 4 5 6 
Structure 127: 1 4 5 2 3 6 16
	-> 1 2 3 4 5 6 
Structure 128: 15 B 1 4 5 2 3 6
	-> 1 2 3 4 5 6 B 
Structure 129: 1 4 5 2 3 6
	-> 1 2 3 4 5 6 
Structure 130: 1 4 5 2 19 3 6
	-> 1 2 3 4 5 6 
Structure 131: 1 4 5 2 3 6 16
	-> 1 2 3 4 5 6 
Structure 132: 1 4 5 2 3 6 10
	-> 1 2 3 4 5 6 10 
Structure 133: 1 4 5 2 3 6 10
	-> 1 2 3 4 5 6 10 
Structure 134: 1 4 5 2 3 6 10
	-> 1 2 3 4 5 6 10 
Structure 135: 1 4 14 2 85 55 20 9
	-> 1 2 4 9 
Structure 136: 1 4 5 2 3 46 11 A
	-> 1 2 3 4 5 A 
Structure 137: 1 4 47 56 2 3 6 8
	-> 1 2 3 4 6 8 
Structure 138: 1 4 5 2 3 6 A
	-> 1 2 3 4 5 6 A 
Structure 139: 13 1 4 5 2 3 6 10
	-> 1 2 3 4 5 6 10 
Structure 140: B 1 4 5 2 3 6
	-> 1 2 3 4 5 6 B 
Structure 141: 1 4 5 2 3 6 16
	-> 1 2 3 4 5 6 
Structure 142: 1 4 5 2 3 6
	-> 1 2 3 4 5 6 
Structure 143: 1 4 5 2 3 6
	-> 1 2 3 4 5 6 
Structure 144: 1 4 5 2 3 26 6
	-> 1 2 3 4 5 6 
Structure 145: 15 1 4 5 2 3 6
	-> 1 2 3 4 5 6 
Structure 146: 1 32 5 2 3 6 10
	-> 1 2 3 5 6 10 
Structure 147: 1 4 5 2 3 26 6 16
	-> 1 2 3 4 5 6 
Structure 148: B 1 4 5 2 3 6 8
	-> 1 2 3 4 5 6 8 B 
Structure 149: 1 4 5 2 3 6
	-> 1 2 3 4 5 6 
Structure 150: B 1 4 5 2 3 6 8
	-> 1 2 3 4 5 6 8 B 
Structure 151: 13 1 4 5 2 3 48 23 6 8
	-> 1 2 3 4 5 6 8 
Structure 152: 13 1 4 5 2 3 26 6 8
	-> 1 2 3 4 5 6 8 
Structure 153: 1 4 5 2 3 6
	-> 1 2 3 4 5 6 
Structure 154: 13 1 4 5 2 3 6
	-> 1 2 3 4 5 6 
Structure 155: 1 4 5 2 19 3 6 10
	-> 1 2 3 4 5 6 10 
Structure 156: B 1 4 5 2 3 6 8
	-> 1 2 3 4 5 6 8 B 
Structure 157: 1 4 5 2 3 6
	-> 1 2 3 4 5 6 
Structure 158: 15 1 4 5 2 3 6 8
	-> 1 2 3 4 5 6 8 
Structure 159: 15 1 4 5 2 3 6 10 16
	-> 1 2 3 4 5 6 10 
Structure 160: 1 4 5 2 3 57 6
	-> 1 2 3 4 5 6 
Structure 161: 1 4 5 2 3 6
	-> 1 2 3 4 5 6 
Structure 162: 1 38 22 2 3 9 11 A
	-> 1 2 3 A 9 
Structure 163: 13 1 4 5 2 3 6
	-> 1 2 3 4 5 6 
Structure 164: B 1 4 5 2 3 6 A
	-> 1 2 3 4 5 6 A B 
Structure 165: 1 4 5 2 3 6 10
	-> 1 2 3 4 5 6 10 
Structure 166: 1 24 66 5 2 3 11 A
	-> 1 2 3 5 A 
Structure 167: 1 4 5 2 3 6
	-> 1 2 3 4 5 6 
Structure 168: 1 4 5 2 3 6 8
	-> 1 2 3 4 5 6 8 
Structure 169: 1 38 22 2 3 9 A
	-> 1 2 3 A 9 
Structure 170: 1 4 2 3 9 11 A
	-> 1 2 3 4 A 9 
Structure 171: 15 1 28 22 2 3 9 A
	-> 1 2 3 A 9 
Structure 172: 1 4 5 2 3 6
	-> 1 2 3 4 5 6 
Structure 173: 1 4 5 2 3 6
	-> 1 2 3 4 5 6 
Structure 174: 1 4 5 2 3 6 8
	-> 1 2 3 4 5 6 8 
Structure 175: 1 4 5 2 3 6
	-> 1 2 3 4 5 6 
Structure 176: 1 4 5 2 3 6 A
	-> 1 2 3 4 5 6 A 
Structure 177: 1 4 5 2 3 6
	-> 1 2 3 4 5 6 
Structure 178: 1 4 5 2 3 6 16
	-> 1 2 3 4 5 6 
Structure 179: 1 4 5 2 3 6
	-> 1 2 3 4 5 6 
Structure 180: 1 4 2 3 25 9 A
	-> 1 2 3 4 A 9 
Structure 181: 1 4 5 2 3 6
	-> 1 2 3 4 5 6 
Structure 182: 1 4 5 2 3 6
	-> 1 2 3 4 5 6 
Structure 183: 1 4 5 2 3 6 10 A
	-> 1 2 3 4 5 6 A 10 
Structure 184: B 1 4 5 2 3 6
	-> 1 2 3 4 5 6 B 
Structure 185: 1 4 5 2 3 6 16
	-> 1 2 3 4 5 6 
Structure 186: 15 B 1 4 5 2 3 6
	-> 1 2 3 4 5 6 B 
Structure 187: 15 1 4 5 2 3 6
	-> 1 2 3 4 5 6 
Structure 188: 1 4 5 2 3 6 61
	-> 1 2 3 4 5 6 
Structure 189: 1 4 5 2 3 6 10
	-> 1 2 3 4 5 6 10 
Structure 190: 1 4 5 2 3 6
	-> 1 2 3 4 5 6 
Structure 191: 1 4 31 3 9 11 A
	-> 1 3 4 A 9 
Structure 192: 1 4 5 2 3 6 10
	-> 1 2 3 4 5 6 10 
Structure 193: B 1 4 5 2 3 6 8
	-> 1 2 3 4 5 6 8 B 
Structure 194: 1 4 5 2 3 6 8
	-> 1 2 3 4 5 6 8 
Structure 195: 1 4 5 2 3 6 8
	-> 1 2 3 4 5 6 8 
Structure 196: 1 4 2 3 9 11 A
	-> 1 2 3 4 A 9 
Structure 197: 1 4 5 2 3 26 6 A
	-> 1 2 3 4 5 6 A 
Structure 198: 1 4 5 2 3 6 10
	-> 1 2 3 4 5 6 10 
Structure 199: 1 4 5 2 3 6 8
	-> 1 2 3 4 5 6 8 
Structure 200: B 1 4 5 2 3 6
	-> 1 2 3 4 5 6 B 
Structure 201: 1 4 5 2 3 6 16
	-> 1 2 3 4 5 6 
Structure 202: 1 4 5 2 3 6
	-> 1 2 3 4 5 6 
Structure 203: 1 4 5 19 3 23 6 A
	-> 1 3 4 5 6 A 
Structure 204: 1 24 22 5 2 3 11 A
	-> 1 2 3 5 A 
Structure 205: B 1 4 14 29 86 3 9 A
	-> 1 3 4 A 9 B 
Structure 206: 1 4 5 2 3 6
	-> 1 2 3 4 5 6 
Structure 207: 1 4 30 14 2 3 9
	-> 1 2 3 4 9 
Structure 208: 13 1 4 5 2 3 6 A
	-> 1 2 3 4 5 6 A 
Structure 209: B 1 4 5 2 3 6 A
	-> 1 2 3 4 5 6 A B 
Structure 210: 1 4 5 2 3 6 10
	-> 1 2 3 4 5 6 10 
Structure 211: 1 4 5 2 3 6 10
	-> 1 2 3 4 5 6 10 
Structure 212: 1 24 67 5 2 3 11 A
	-> 1 2 3 5 A 
Structure 213: 1 4 5 2 3 6 A
	-> 1 2 3 4 5 6 A 
Structure 214: 1 4 5 2 3 40 6 34
	-> 1 2 3 4 5 6 
Structure 215: 15 1 4 14 2 3 9
	-> 1 2 3 4 9 
Structure 216: 13 1 4 5 2 3 6
	-> 1 2 3 4 5 6 
Structure 217: 1 4 5 2 3 6 8
	-> 1 2 3 4 5 6 8 
Structure 218: 1 4 5 2 3 23 6
	-> 1 2 3 4 5 6 
Structure 219: 1 4 5 2 3 6
	-> 1 2 3 4 5 6 
Structure 220: B 1 24 22 5 2 3 11 A
	-> 1 2 3 5 A B 
Structure 221: 1 4 5 2 49 3 6 10
	-> 1 2 3 4 5 6 10 
Structure 222: 1 87 50 68 5 2 3 A
	-> 1 2 3 5 A 
Structure 223: 1 4 5 2 3 6 10
	-> 1 2 3 4 5 6 10 
Structure 224: 13 1 4 5 2 3 6 8
	-> 1 2 3 4 5 6 8 
Structure 225: 1 4 5 2 3 6
	-> 1 2 3 4 5 6 
Structure 226: 1 4 5 2 3 6
	-> 1 2 3 4 5 6 
Structure 227: 1 4 5 2 3 6
	-> 1 2 3 4 5 6 
Structure 228: 1 4 5 2 3 6 8
	-> 1 2 3 4 5 6 8 
Structure 229: 1 4 5 2 3 6 8
	-> 1 2 3 4 5 6 8 
Structure 230: 1 4 5 2 3 6 8
	-> 1 2 3 4 5 6 8 
Structure 231: 1 4 5 2 3 6 8
	-> 1 2 3 4 5 6 8 
Structure 232: 1 4 14 88 19 89 3 25 9
	-> 1 3 4 9 
Structure 233: 1 4 5 2 3 6 A
	-> 1 2 3 4 5 6 A 
Structure 234: 13 1 4 5 2 3 6
	-> 1 2 3 4 5 6 
Structure 235: 1 4 5 2 3 26 6
	-> 1 2 3 4 5 6 
Structure 236: 1 4 5 2 3 6 8
	-> 1 2 3 4 5 6 8 
Structure 237: 15 1 4 14 2 20 9
	-> 1 2 4 9 
Structure 238: 1 4 5 2 3 6 8
	-> 1 2 3 4 5 6 8 
Structure 239: 1 4 5 2 3 6
	-> 1 2 3 4 5 6 
Structure 240: 1 4 5 2 3 6
	-> 1 2 3 4 5 6 
Structure 241: 1 4 5 2 3 6 A
	-> 1 2 3 4 5 6 A 
Structure 242: 1 4 5 2 3 11 A
	-> 1 2 3 4 5 A 
Structure 243: 1 4 5 2 3 6 8
	-> 1 2 3 4 5 6 8 
Structure 244: 35 22 5 2 3 11 A
	-> 2 3 5 A 
Structure 245: 1 4 5 2 3 6 8
	-> 1 2 3 4 5 6 8 
Structure 246: 1 4 5 2 3 58 11 A
	-> 1 2 3 4 5 A 
Structure 247: 15 1 4 5 2 3 6 8
	-> 1 2 3 4 5 6 8 
Structure 248: 1 4 5 2 3 6 10
	-> 1 2 3 4 5 6 10 
Structure 249: 1 4 5 2 3 6 8
	-> 1 2 3 4 5 6 8 
Structure 250: 1 4 5 2 3 6 8
	-> 1 2 3 4 5 6 8 
Structure 251: 1 4 5 2 3 6 A
	-> 1 2 3 4 5 6 A 
Structure 252: 1 4 5 2 3 6
	-> 1 2 3 4 5 6 
Structure 253: 1 4 5 2 3 6
	-> 1 2 3 4 5 6 
Structure 254: 1 4 5 2 3 6 8 16
	-> 1 2 3 4 5 6 8 
Structure 255: 1 4 5 2 3 6
	-> 1 2 3 4 5 6 
Structure 256: 1 4 5 2 3 6 10
	-> 1 2 3 4 5 6 10 
Structure 257: 1 4 5 2 3 6 10
	-> 1 2 3 4 5 6 10 
Structure 258: 1 4 30 14 2 3 9 A
	-> 1 2 3 4 A 9 
Structure 259: B 1 4 5 2 3 6 10
	-> 1 2 3 4 5 6 10 B 
Structure 260: 1 4 5 2 3 6
	-> 1 2 3 4 5 6 
Structure 261: 1 4 5 2 3 6
	-> 1 2 3 4 5 6 
Structure 262: 15 B 1 4 5 2 3 6
	-> 1 2 3 4 5 6 B 
Structure 263: 1 4 5 2 3 6
	-> 1 2 3 4 5 6 
Structure 264: 1 4 5 2 3 6 10
	-> 1 2 3 4 5 6 10 
Structure 265: 1 28 22 2 3 9 A
	-> 1 2 3 A 9 
Structure 266: 13 1 4 5 2 3 6 10
	-> 1 2 3 4 5 6 10 
Structure 267: 1 4 5 2 3 6
	-> 1 2 3 4 5 6 
Structure 268: 1 4 5 2 3 6 10
	-> 1 2 3 4 5 6 10 
Structure 269: 1 4 5 2 3 6 A
	-> 1 2 3 4 5 6 A 
Structure 270: 13 1 4 14 2 3 9
	-> 1 2 3 4 9 
Structure 271: 13 1 4 14 2 3 9 A
	-> 1 2 3 4 A 9 
Structure 272: 1 4 5 2 3 6
	-> 1 2 3 4 5 6 
Structure 273: 1 4 5 2 3 6 8
	-> 1 2 3 4 5 6 8 
Structure 274: 1 4 5 2 3 6
	-> 1 2 3 4 5 6 
Structure 275: 1 4 30 14 2 20 9
	-> 1 2 4 9 
Structure 276: 15 B 1 4 5 2 3 6 8
	-> 1 2 3 4 5 6 8 B 
Structure 277: 1 4 2 3 9 11 A
	-> 1 2 3 4 A 9 
Structure 278: 1 4 5 2 3 26 6
	-> 1 2 3 4 5 6 
Structure 279: 1 24 69 5 2 3 11 A
	-> 1 2 3 5 A 
Structure 280: 1 4 5 2 3 6 16
	-> 1 2 3 4 5 6 
Structure 281: B 1 4 70 2 3 9 11 A
	-> 1 2 3 4 A 9 B 
Structure 282: 1 4 14 2 3 9 A
	-> 1 2 3 4 A 9 
Structure 283: 1 4 2 3 9 11 A
	-> 1 2 3 4 A 9 
Structure 284: 1 4 5 2 3 6 8
	-> 1 2 3 4 5 6 8 
Structure 285: 15 1 4 14 2 3 9 A
	-> 1 2 3 4 A 9 
Structure 286: 15 B 1 4 5 2 3 6 10
	-> 1 2 3 4 5 6 10 B 
Structure 287: 1 4 5 2 3 6
	-> 1 2 3 4 5 6 
Structure 288: 1 4 5 2 3 6 8
	-> 1 2 3 4 5 6 8 
Structure 289: 1 4 5 2 3 6 A
	-> 1 2 3 4 5 6 A 
Structure 290: 1 4 5 2 3 6
	-> 1 2 3 4 5 6 
Structure 291: 1 4 5 2 3 6 A
	-> 1 2 3 4 5 6 A 
Structure 292: 1 4 5 2 3 6
	-> 1 2 3 4 5 6 
Structure 293: 1 90 4 91 71 92 93 9
	-> 1 4 9 
Structure 294: 15 B 1 4 5 2 3 6 10
	-> 1 2 3 4 5 6 10 B 
Structure 295: 1 4 5 2 3 6 8
	-> 1 2 3 4 5 6 8 
Structure 296: 1 4 5 2 3 6 10
	-> 1 2 3 4 5 6 10 
Structure 297: 15 1 28 22 2 27 20 9 A
	-> 1 2 A 9 
Structure 298: 1 4 5 2 3 6 34
	-> 1 2 3 4 5 6 
Structure 299: B 1 4 5 2 3 11 A
	-> 1 2 3 4 5 A B 
Structure 300: B 1 4 5 2 3 6 8
	-> 1 2 3 4 5 6 8 B 
Structure 301: 1 4 5 2 3 6 10
	-> 1 2 3 4 5 6 10 
Structure 302: 1 4 5 2 3 6
	-> 1 2 3 4 5 6 
Structure 303: 1 4 5 2 3 6 A
	-> 1 2 3 4 5 6 A 
Structure 304: 1 4 2 3 9 41 A
	-> 1 2 3 4 A 9 
Structure 305: 1 4 5 2 3 26 6 8
	-> 1 2 3 4 5 6 8 
Structure 306: 1 4 5 2 3 51 6
	-> 1 2 3 4 5 6 
Structure 307: 1 4 2 3 9 11 A
	-> 1 2 3 4 A 9 
Structure 308: 1 4 5 2 3 6 8
	-> 1 2 3 4 5 6 8 
Structure 309: 13 1 4 5 2 3 6 A
	-> 1 2 3 4 5 6 A 
Structure 310: 1 4 30 14 2 3 9 A
	-> 1 2 3 4 A 9 
Structure 311: 1 4 5 2 3 6
	-> 1 2 3 4 5 6 
Structure 312: 1 4 2 3 9 11 A
	-> 1 2 3 4 A 9 
Structure 313: 1 4 5 2 19 3 23 6 8
	-> 1 2 3 4 5 6 8 
Structure 314: 1 4 5 2 3 6 10
	-> 1 2 3 4 5 6 10 
Structure 315: 1 4 2 3 9 11 A
	-> 1 2 3 4 A 9 
Structure 316: 13 1 4 5 2 3 6 10
	-> 1 2 3 4 5 6 10 
Structure 317: B 1 38 22 2 27 20 9 53 A
	-> 1 2 A 9 B 
Structure 318: 1 4 5 2 3 6
	-> 1 2 3 4 5 6 
Structure 319: B 1 4 5 2 3 6 10
	-> 1 2 3 4 5 6 10 B 
Structure 320: 1 4 5 2 3 6 10
	-> 1 2 3 4 5 6 10 
Structure 321: 1 4 5 2 3 6
	-> 1 2 3 4 5 6 
Structure 322: 1 4 5 2 3 6 8
	-> 1 2 3 4 5 6 8 
Structure 323: B 1 4 5 2 3 6 8
	-> 1 2 3 4 5 6 8 B 
Structure 324: 1 4 5 2 3 46 37 11 A
	-> 1 2 3 4 5 A 
Structure 325: 1 4 5 2 3 6
	-> 1 2 3 4 5 6 
Structure 326: 1 4 5 2 3 6
	-> 1 2 3 4 5 6 
Structure 327: 1 4 2 20 9 A
	-> 1 2 4 A 9 
Structure 328: 15 B 1 4 5 2 3 6 A
	-> 1 2 3 4 5 6 A B 
Structure 329: 1 4 5 2 3 6 8
	-> 1 2 3 4 5 6 8 
Structure 330: 1 4 5 2 3 6 10
	-> 1 2 3 4 5 6 10 
Structure 331: 1 4 5 2 3 6
	-> 1 2 3 4 5 6 
Structure 332: 1 4 2 3 9 11 A
	-> 1 2 3 4 A 9 
Structure 333: B 1 4 5 2 3 6 16
	-> 1 2 3 4 5 6 B 
Structure 334: 1 4 5 2 19 3 6 8
	-> 1 2 3 4 5 6 8 
Structure 335: 1 4 5 2 3 6 10
	-> 1 2 3 4 5 6 10 
Structure 336: 1 28 22 2 3 9 11 A
	-> 1 2 3 A 9 
Structure 337: 1 4 5 2 3 6
	-> 1 2 3 4 5 6 
Structure 338: 15 B 1 4 5 2 3 6
	-> 1 2 3 4 5 6 B 
Structure 339: 13 1 4 5 2 3 6 A
	-> 1 2 3 4 5 6 A 
Structure 340: 1 4 5 2 3 6 8
	-> 1 2 3 4 5 6 8 
Structure 341: B 1 33 4 5 2 19 49 3 6
	-> 1 2 3 4 5 6 B 
Structure 342: 1 4 5 2 3 6
	-> 1 2 3 4 5 6 
Structure 343: 1 4 5 2 3 6 A
	-> 1 2 3 4 5 6 A 
Structure 344: 13 1 4 5 2 3 51 6 A
	-> 1 2 3 4 5 6 A 
Structure 345: 1 4 5 2 3 6 8
	-> 1 2 3 4 5 6 8 
Structure 346: 1 4 2 3 9 11 A
	-> 1 2 3 4 A 9 
Structure 347: 1 4 5 2 19 3 6 10
	-> 1 2 3 4 5 6 10 
Structure 348: 1 4 5 2 3 6 16
	-> 1 2 3 4 5 6 
Structure 349: 1 4 5 2 3 6
	-> 1 2 3 4 5 6 
Structure 350: 13 1 4 5 2 3 6
	-> 1 2 3 4 5 6 
Structure 351: 1 4 72 2 3 9 11 A
	-> 1 2 3 4 A 9 
Structure 352: 13 1 4 5 2 3 6 A
	-> 1 2 3 4 5 6 A 
Structure 353: 1 4 5 2 3 6
	-> 1 2 3 4 5 6 
Structure 354: 1 4 5 2 19 3 6 8
	-> 1 2 3 4 5 6 8 
Structure 355: 1 4 5 2 3 6 A
	-> 1 2 3 4 5 6 A 
Structure 356: 1 4 5 2 3 6 8
	-> 1 2 3 4 5 6 8 
Structure 357: 15 B 1 4 5 2 3 6 8
	-> 1 2 3 4 5 6 8 B 
Structure 358: 1 4 5 2 3 6
	-> 1 2 3 4 5 6 
Structure 359: 1 4 14 2 20 9 A
	-> 1 2 4 A 9 
Structure 360: 1 4 5 2 3 6
	-> 1 2 3 4 5 6 
Structure 361: B 1 4 14 2 3 9 A
	-> 1 2 3 4 A 9 B 
Structure 362: 1 4 29 71 94 9 A
	-> 1 4 A 9 
Structure 363: 1 4 5 2 3 6 A
	-> 1 2 3 4 5 6 A 
Structure 364: 1 4 5 2 3 6 59
	-> 1 2 3 4 5 6 
Structure 365: 1 4 5 2 3 60 37 11 A
	-> 1 2 3 4 5 A 
Structure 366: 15 1 28 95 69 2 27 20 9 A
	-> 1 2 A 9 
Structure 367: 1 4 5 2 3 6
	-> 1 2 3 4 5 6 
Structure 368: B 1 4 5 2 3 6
	-> 1 2 3 4 5 6 B 
Structure 369: 1 4 5 2 3 6 10
	-> 1 2 3 4 5 6 10 
Structure 370: 1 4 5 2 3 6 10
	-> 1 2 3 4 5 6 10 
Structure 371: 1 4 5 2 3 6
	-> 1 2 3 4 5 6 
Structure 372: B 1 4 5 2 19 3 6
	-> 1 2 3 4 5 6 B 
Structure 373: B 1 4 5 2 3 6 10
	-> 1 2 3 4 5 6 10 B 
Structure 374: 1 4 5 2 3 51 6 8
	-> 1 2 3 4 5 6 8 
Structure 375: 1 4 5 2 3 6
	-> 1 2 3 4 5 6 
Structure 376: 1 4 5 2 3 6 10
	-> 1 2 3 4 5 6 10 
Structure 377: 13 1 50 68 5 2 3 11 A
	-> 1 2 3 5 A 
Structure 378: 1 4 5 2 3 6
	-> 1 2 3 4 5 6 
Structure 379: 1 4 5 2 3 6 8
	-> 1 2 3 4 5 6 8 
Structure 380: B 1 4 14 2 3 9
	-> 1 2 3 4 9 B 
Structure 381: 1 33 4 5 2 3 40 6
	-> 1 2 3 4 5 6 
Structure 382: 1 4 5 2 3 6
	-> 1 2 3 4 5 6 
Structure 383: 1 4 5 2 3 6 16
	-> 1 2 3 4 5 6 
Structure 384: 1 28 22 2 73 20 9 A
	-> 1 2 A 9 
Structure 385: 1 4 5 2 3 46 37 41 A
	-> 1 2 3 4 5 A 
Structure 386: 1 4 5 2 3 6
	-> 1 2 3 4 5 6 
Structure 387: 1 24 5 2 3 11 A
	-> 1 2 3 5 A 
Structure 388: 1 4 5 2 3 6 10
	-> 1 2 3 4 5 6 10 
Structure 389: 1 4 14 2 3 9 64 A
	-> 1 2 3 4 A 9 
Structure 390: 1 4 5 2 3 6
	-> 1 2 3 4 5 6 
Structure 391: 1 4 5 2 3 23 6 8
	-> 1 2 3 4 5 6 8 
Structure 392: 1 4 5 2 3 48 6
	-> 1 2 3 4 5 6 
Structure 393: 1 4 5 2 3 6
	-> 1 2 3 4 5 6 
Structure 394: 1 4 5 2 3 6
	-> 1 2 3 4 5 6 
Structure 395: 1 4 5 2 3 6
	-> 1 2 3 4 5 6 
Structure 396: 1 4 5 2 3 6
	-> 1 2 3 4 5 6 
Structure 397: 1 4 5 2 3 6
	-> 1 2 3 4 5 6 
Structure 398: 1 4 5 2 3 6 10
	-> 1 2 3 4 5 6 10 
Structure 399: 1 4 5 2 3 6 8
	-> 1 2 3 4 5 6 8 
Structure 400: 1 4 5 2 3 6 8
	-> 1 2 3 4 5 6 8 
Structure 401: 96 1 4 5 2 3 6
	-> 1 2 3 4 5 6 
Structure 402: 1 4 5 2 3 6 10
	-> 1 2 3 4 5 6 10 
Structure 403: 1 4 5 2 3 23 6 8
	-> 1 2 3 4 5 6 8 
Structure 404: B 1 4 5 2 3 6 10
	-> 1 2 3 4 5 6 10 B 
Structure 405: 1 4 5 2 3 6
	-> 1 2 3 4 5 6 
Structure 406: 1 4 14 2 3 9 A
	-> 1 2 3 4 A 9 
Structure 407: B 1 4 14 2 3 9 A
	-> 1 2 3 4 A 9 B 
Structure 408: 15 1 4 5 2 3 6 16
	-> 1 2 3 4 5 6 
Structure 409: 1 4 5 2 3 6
	-> 1 2 3 4 5 6 
Structure 410: 1 4 14 2 19 3 9 A
	-> 1 2 3 4 A 9 
Structure 411: B 1 4 5 2 3 6 8
	-> 1 2 3 4 5 6 8 B 
Structure 412: B 1 24 22 5 2 3 11 A
	-> 1 2 3 5 A B 
Structure 413: 1 4 5 2 3 6
	-> 1 2 3 4 5 6 
Structure 414: 1 4 31 36 20 9 A
	-> 1 4 A 9 
Structure 415: 1 4 5 2 3 6
	-> 1 2 3 4 5 6 
Structure 416: 1 24 22 5 2 3 11 A
	-> 1 2 3 5 A 
Structure 417: 1 4 5 2 3 6 10
	-> 1 2 3 4 5 6 10 
Structure 418: 1 4 5 2 3 48 6 34
	-> 1 2 3 4 5 6 
Structure 419: 1 4 5 2 3 6 10
	-> 1 2 3 4 5 6 10 
Structure 420: 1 24 97 67 5 2 3 11 A
	-> 1 2 3 5 A 
Structure 421: 1 4 5 2 3 6 10
	-> 1 2 3 4 5 6 10 
Structure 422: 1 4 5 2 3 57 6 8
	-> 1 2 3 4 5 6 8 
Structure 423: 15 1 4 5 2 3 6 8
	-> 1 2 3 4 5 6 8 
Structure 424: 1 4 29 19 3 9 A
	-> 1 3 4 A 9 
Structure 425: 1 4 5 2 3 6 10
	-> 1 2 3 4 5 6 10 
Structure 426: 1 4 5 2 3 6 10
	-> 1 2 3 4 5 6 10 
Structure 427: 13 B 1 4 5 2 3 6
	-> 1 2 3 4 5 6 B 
Structure 428: 13 1 4 14 2 3 9 A
	-> 1 2 3 4 A 9 
Structure 429: 1 4 5 44 2 3 6
	-> 1 2 3 4 5 6 
Structure 430: 1 4 5 2 3 6
	-> 1 2 3 4 5 6 
Structure 431: 1 4 14 2 3 9 A
	-> 1 2 3 4 A 9 
Structure 432: 1 4 5 2 3 40 6 10
	-> 1 2 3 4 5 6 10 
Structure 433: 1 32 4 31 3 9 11 A
	-> 1 3 4 A 9 
Structure 434: 1 4 5 2 3 6 10
	-> 1 2 3 4 5 6 10 
Structure 435: 1 4 5 2 3 6 8
	-> 1 2 3 4 5 6 8 
Structure 436: 13 B 1 4 5 2 3 6
	-> 1 2 3 4 5 6 B 
Structure 437: 1 4 29 3 9 A
	-> 1 3 4 A 9 
Structure 438: 1 4 5 2 3 6
	-> 1 2 3 4 5 6 
Structure 439: 1 4 5 2 3 6 10
	-> 1 2 3 4 5 6 10 
Structure 440: 1 4 5 2 3 6 10
	-> 1 2 3 4 5 6 10 
Structure 441: 1 4 5 2 3 6
	-> 1 2 3 4 5 6 
Structure 442: 1 4 5 2 3 6 10
	-> 1 2 3 4 5 6 10 
Structure 443: 1 98 99 2 20 9 A
	-> 1 2 A 9 
Structure 444: 1 4 30 2 19 3 9 11 A
	-> 1 2 3 4 A 9 
Structure 445: 1 4 5 2 3 6 10
	-> 1 2 3 4 5 6 10 
Structure 446: 1 4 2 36 20 9 A
	-> 1 2 4 A 9 
Structure 447: 1 4 14 2 20 9 A
	-> 1 2 4 A 9 
Structure 448: 13 1 4 5 2 3 6 10
	-> 1 2 3 4 5 6 10 
Structure 449: 1 4 43 2 20 9 A
	-> 1 2 4 A 9 
Structure 450: B 1 24 66 5 2 3 11 A
	-> 1 2 3 5 A B 
Structure 451: 1 4 5 2 3 6 A
	-> 1 2 3 4 5 6 A 
Structure 452: 1 4 5 2 3 6
	-> 1 2 3 4 5 6 
Structure 453: B 1 4 5 2 3 6
	-> 1 2 3 4 5 6 B 
Structure 454: 1 4 5 2 3 6 10
	-> 1 2 3 4 5 6 10 
Structure 455: B 1 4 42 5 2 3 6 10
	-> 1 2 3 4 5 6 10 B 
Structure 456: 1 33 14 2 20 9
	-> 1 2 9 
Structure 457: 1 4 5 2 3 6 10
	-> 1 2 3 4 5 6 10 
Structure 458: 1 4 43 2 27 20 9 A
	-> 1 2 4 A 9 
Structure 459: 1 4 5 2 3 6
	-> 1 2 3 4 5 6 
Structure 460: 1 4 5 2 3 6
	-> 1 2 3 4 5 6 
Structure 461: 1 4 5 2 3 6
	-> 1 2 3 4 5 6 
Structure 462: 13 1 4 5 2 3 6 A
	-> 1 2 3 4 5 6 A 
Structure 463: 1 4 5 2 3 6
	-> 1 2 3 4 5 6 
Structure 464: B 1 4 14 2 3 9 A
	-> 1 2 3 4 A 9 B 
Structure 465: 13 1 4 5 2 3 6 10
	-> 1 2 3 4 5 6 10 
Structure 466: 1 4 5 2 3 6 8
	-> 1 2 3 4 5 6 8 
Structure 467: 1 4 5 2 3 6
	-> 1 2 3 4 5 6 
Structure 468: 1 4 5 2 3 6
	-> 1 2 3 4 5 6 
Structure 469: 13 1 4 5 2 3 6
	-> 1 2 3 4 5 6 
Structure 470: 1 4 5 2 3 6 8
	-> 1 2 3 4 5 6 8 
Structure 471: 1 4 5 2 3 6 10
	-> 1 2 3 4 5 6 10 
Structure 472: 15 B 1 4 5 2 3 6
	-> 1 2 3 4 5 6 B 
Structure 473: 1 4 5 2 3 37 41 A
	-> 1 2 3 4 5 A 
Structure 474: 1 4 5 2 3 6
	-> 1 2 3 4 5 6 
Structure 475: 13 1 4 5 2 3 6
	-> 1 2 3 4 5 6 
Structure 476: 13 1 4 5 2 3 6 10
	-> 1 2 3 4 5 6 10 
Structure 477: 1 4 5 2 3 6 8
	-> 1 2 3 4 5 6 8 
Structure 478: 1 4 5 2 3 6 8
	-> 1 2 3 4 5 6 8 
Structure 479: 1 4 5 2 3 6 A
	-> 1 2 3 4 5 6 A 
Structure 480: 1 4 5 2 3 6
	-> 1 2 3 4 5 6 
Structure 481: 1 4 5 2 3 6
	-> 1 2 3 4 5 6 
Structure 482: 1 4 5 2 3 6
	-> 1 2 3 4 5 6 
Structure 483: 1 4 5 2 19 3 6 8
	-> 1 2 3 4 5 6 8 
Structure 484: 1 4 5 2 3 6
	-> 1 2 3 4 5 6 
Structure 485: 1 4 30 14 2 3 9 A
	-> 1 2 3 4 A 9 
Structure 486: 13 1 4 5 2 3 6 16
	-> 1 2 3 4 5 6 
Structure 487: 1 4 5 2 3 6
	-> 1 2 3 4 5 6 
Structure 488: 1 4 5 2 3 6 16
	-> 1 2 3 4 5 6 
Structure 489: 15 13 1 4 14 2 19 3 25 9 A
	-> 1 2 3 4 A 9 
Structure 490: 1 4 5 2 3 6 8
	-> 1 2 3 4 5 6 8 
Structure 491: 1 4 29 3 9 A
	-> 1 3 4 A 9 
Structure 492: 1 4 30 14 2 19 3 9
	-> 1 2 3 4 9 
Structure 493: 1 4 5 2 3 6 8
	-> 1 2 3 4 5 6 8 
Structure 494: 1 4 100 2 27 20 9 A
	-> 1 2 4 A 9 
Structure 495: 13 1 4 5 2 3 6
	-> 1 2 3 4 5 6 
Structure 496: B 1 4 5 2 3 74 6 10 16
	-> 1 2 3 4 5 6 10 B 
Structure 497: 1 4 5 2 3 6 A
	-> 1 2 3 4 5 6 A 
Structure 498: 1 4 5 2 19 3 6 8
	-> 1 2 3 4 5 6 8 
Structure 499: B 1 4 5 2 3 6
	-> 1 2 3 4 5 6 B 
Structure 500: 1 4 5 2 3 6 10
	-> 1 2 3 4 5 6 10 
Structure 501: 13 1 4 5 2 3 6
	-> 1 2 3 4 5 6 
Structure 502: B 1 4 5 2 3 6 8
	-> 1 2 3 4 5 6 8 B 
Structure 503: 1 4 5 2 3 6 8
	-> 1 2 3 4 5 6 8 
Structure 504: 1 35 33 42 5 2 19 3 11 A
	-> 1 2 3 5 A 
Structure 505: 1 4 5 2 3 6 8
	-> 1 2 3 4 5 6 8 
Structure 506: 1 4 5 2 3 6 10
	-> 1 2 3 4 5 6 10 
Structure 507: 15 B 1 4 5 2 3 6 A
	-> 1 2 3 4 5 6 A B 
Structure 508: 1 4 5 2 3 6
	-> 1 2 3 4 5 6 
Structure 509: B 1 4 5 2 3 6
	-> 1 2 3 4 5 6 B 
Structure 510: B 1 101 4 5 2 3 6 10
	-> 1 2 3 4 5 6 10 B 
Structure 511: 1 4 5 2 3 6
	-> 1 2 3 4 5 6 
Structure 512: B 1 4 5 2 3 6
	-> 1 2 3 4 5 6 B 
Structure 513: 1 4 5 2 3 6 10
	-> 1 2 3 4 5 6 10 
Structure 514: B 1 4 5 2 3 6 8
	-> 1 2 3 4 5 6 8 B 
Structure 515: 1 4 5 2 3 6 10
	-> 1 2 3 4 5 6 10 
Structure 516: 1 4 5 2 3 6 8
	-> 1 2 3 4 5 6 8 
Structure 517: 1 4 5 2 3 6
	-> 1 2 3 4 5 6 
Structure 518: 1 4 5 2 3 6 8
	-> 1 2 3 4 5 6 8 
Structure 519: 1 4 5 2 3 6
	-> 1 2 3 4 5 6 
Structure 520: 13 1 4 14 2 20 9 A
	-> 1 2 4 A 9 
Structure 521: 1 4 5 2 3 6
	-> 1 2 3 4 5 6 
Structure 522: 1 4 5 2 3 6
	-> 1 2 3 4 5 6 
Structure 523: 1 4 5 2 3 6
	-> 1 2 3 4 5 6 
Structure 524: B 1 4 5 2 3 6 10
	-> 1 2 3 4 5 6 10 B 
Structure 525: 13 1 4 5 2 3 6
	-> 1 2 3 4 5 6 
Structure 526: 1 4 5 2 3 6 A
	-> 1 2 3 4 5 6 A 
Structure 527: 1 4 5 2 3 23 6 8
	-> 1 2 3 4 5 6 8 
Structure 528: 15 1 4 2 3 9 11 A
	-> 1 2 3 4 A 9 
Structure 529: 13 1 4 5 2 3 6 A
	-> 1 2 3 4 5 6 A 
Structure 530: 1 4 5 2 3 6 10
	-> 1 2 3 4 5 6 10 
Structure 531: 15 B 1 4 5 2 3 6
	-> 1 2 3 4 5 6 B 
Structure 532: 1 4 5 2 3 23 6 10
	-> 1 2 3 4 5 6 10 
Structure 533: 1 4 2 3 9 A
	-> 1 2 3 4 A 9 
Structure 534: 1 4 14 2 3 25 9 A
	-> 1 2 3 4 A 9 
Structure 535: 1 4 5 2 3 40 6 10
	-> 1 2 3 4 5 6 10 
Structure 536: 1 4 14 2 3 9 A
	-> 1 2 3 4 A 9 
Structure 537: 1 4 5 2 3 6
	-> 1 2 3 4 5 6 
Structure 538: 1 4 14 2 3 25 9 A
	-> 1 2 3 4 A 9 
Structure 539: 1 4 2 3 9 11 A
	-> 1 2 3 4 A 9 
Structure 540: 13 1 4 5 2 3 6
	-> 1 2 3 4 5 6 
Structure 541: 1 4 14 2 19 20 9
	-> 1 2 4 9 
Structure 542: 1 4 14 2 3 39 9
	-> 1 2 3 4 9 
Structure 543: 1 4 29 3 9 A
	-> 1 3 4 A 9 
Structure 544: 1 4 5 2 3 6 A
	-> 1 2 3 4 5 6 A 
Structure 545: 1 4 2 36 55 102 9
	-> 1 2 4 9 
Structure 546: 1 4 5 2 3 6 A
	-> 1 2 3 4 5 6 A 
Structure 547: 1 4 2 27 20 9 A
	-> 1 2 4 A 9 
Structure 548: 1 4 14 2 3 25 9 A
	-> 1 2 3 4 A 9 
Structure 549: 1 4 5 2 3 6 10
	-> 1 2 3 4 5 6 10 
Structure 550: 1 4 5 2 3 23 6 8
	-> 1 2 3 4 5 6 8 
Structure 551: 1 4 5 2 3 6 10
	-> 1 2 3 4 5 6 10 
Structure 552: 1 4 5 2 3 6 A
	-> 1 2 3 4 5 6 A 
Structure 553: 1 4 5 2 3 6
	-> 1 2 3 4 5 6 
Structure 554: 1 4 5 2 3 6 10
	-> 1 2 3 4 5 6 10 
Structure 555: 1 4 5 2 3 48 23 6 10
	-> 1 2 3 4 5 6 10 
Structure 556: 1 4 5 2 3 6
	-> 1 2 3 4 5 6 
Structure 557: 1 4 5 2 3 6
	-> 1 2 3 4 5 6 
Structure 558: 1 4 5 2 3 6 8
	-> 1 2 3 4 5 6 8 
Structure 559: 1 4 5 2 3 6 10 16
	-> 1 2 3 4 5 6 10 
Structure 560: 15 1 4 5 2 3 6
	-> 1 2 3 4 5 6 
Structure 561: 1 4 5 2 3 6 10
	-> 1 2 3 4 5 6 10 
Structure 562: 1 4 5 2 3 11 A
	-> 1 2 3 4 5 A 
Structure 563: 1 4 5 2 3 6
	-> 1 2 3 4 5 6 
Structure 564: B 1 4 5 2 3 6
	-> 1 2 3 4 5 6 B 
Structure 565: 13 1 4 5 2 3 23 6
	-> 1 2 3 4 5 6 
Structure 566: 1 4 5 2 3 6 16
	-> 1 2 3 4 5 6 
Structure 567: 1 28 22 2 3 9 11 A
	-> 1 2 3 A 9 
Structure 568: 1 4 5 2 3 6
	-> 1 2 3 4 5 6 
Structure 569: 1 4 5 2 3 6 8
	-> 1 2 3 4 5 6 8 
Structure 570: 1 4 5 2 3 6
	-> 1 2 3 4 5 6 
Structure 571: 1 4 5 2 3 6
	-> 1 2 3 4 5 6 
Structure 572: 1 4 5 2 3 26 6 10
	-> 1 2 3 4 5 6 10 
Structure 573: 1 4 5 2 3 11 A
	-> 1 2 3 4 5 A 
Structure 574: 1 4 14 2 3 9 A
	-> 1 2 3 4 A 9 
Structure 575: 1 4 5 2 3 6
	-> 1 2 3 4 5 6 
Structure 576: 1 4 5 2 3 6
	-> 1 2 3 4 5 6 
Structure 577: 1 4 29 3 9 A
	-> 1 3 4 A 9 
Structure 578: 1 4 5 2 3 6 8
	-> 1 2 3 4 5 6 8 
Structure 579: 1 4 5 2 3 6 10
	-> 1 2 3 4 5 6 10 
Structure 580: 13 1 4 5 2 3 6
	-> 1 2 3 4 5 6 
Structure 581: 15 B 1 4 5 2 3 6
	-> 1 2 3 4 5 6 B 
Structure 582: 1 4 45 54 2 3 9 11 A
	-> 1 2 3 4 A 9 
Structure 583: 1 4 5 2 3 6
	-> 1 2 3 4 5 6 
Structure 584: 1 4 5 2 3 6 8
	-> 1 2 3 4 5 6 8 
Structure 585: 1 4 5 2 19 3 6
	-> 1 2 3 4 5 6 
Structure 586: 13 1 4 5 2 19 3 26 6 8
	-> 1 2 3 4 5 6 8 
Structure 587: 13 1 4 5 2 3 6 34
	-> 1 2 3 4 5 6 
Structure 588: 1 4 5 2 3 6
	-> 1 2 3 4 5 6 
Structure 589: 1 4 2 3 9 11 A
	-> 1 2 3 4 A 9 
Structure 590: 1 4 2 3 9 11 A
	-> 1 2 3 4 A 9 
Structure 591: 1 4 5 2 3 6 A
	-> 1 2 3 4 5 6 A 
Structure 592: 1 4 5 2 3 6
	-> 1 2 3 4 5 6 
Structure 593: B 1 4 75 31 3 9 11 A
	-> 1 3 4 A 9 B 
Structure 594: 1 4 5 2 3 6 8
	-> 1 2 3 4 5 6 8 
Structure 595: 1 4 5 2 19 3 6 10
	-> 1 2 3 4 5 6 10 
Structure 596: 1 4 5 2 3 26 6 16
	-> 1 2 3 4 5 6 
Structure 597: 1 4 5 2 3 6 59
	-> 1 2 3 4 5 6 
Structure 598: 13 1 4 103 75 31 3 9 11 A
	-> 1 3 4 A 9 
Structure 599: 1 4 5 2 3 6
	-> 1 2 3 4 5 6 
Structure 600: 1 4 5 2 3 6 10
	-> 1 2 3 4 5 6 10 
Structure 601: 1 4 5 2 3 6 A
	-> 1 2 3 4 5 6 A 
Structure 602: 1 4 5 2 3 6 10
	-> 1 2 3 4 5 6 10 
Structure 603: 1 4 2 3 9 11 A
	-> 1 2 3 4 A 9 
Structure 604: 1 4 5 2 3 6
	-> 1 2 3 4 5 6 
Structure 605: B 1 4 5 2 3 6 8
	-> 1 2 3 4 5 6 8 B 
Structure 606: 1 4 5 2 3 6
	-> 1 2 3 4 5 6 
Structure 607: 1 4 29 3 9 A
	-> 1 3 4 A 9 
Structure 608: 1 4 2 3 9 11 A
	-> 1 2 3 4 A 9 
Structure 609: 1 24 5 44 2 3 11 A
	-> 1 2 3 5 A 
Structure 610: B 1 4 5 2 3 6
	-> 1 2 3 4 5 6 B 
Structure 611: 1 4 5 2 3 58 6 10
	-> 1 2 3 4 5 6 10 
Structure 612: 15 B 1 4 5 2 3 6 10
	-> 1 2 3 4 5 6 10 B 
Structure 613: 1 4 5 2 3 6
	-> 1 2 3 4 5 6 
Structure 614: B 1 4 5 2 3 57 6 8
	-> 1 2 3 4 5 6 8 B 
Structure 615: 15 1 4 5 2 3 6
	-> 1 2 3 4 5 6 
Structure 616: 1 4 5 2 3 6 10
	-> 1 2 3 4 5 6 10 
Structure 617: 13 1 4 5 2 3 11 A
	-> 1 2 3 4 5 A 
Structure 618: 1 4 5 2 3 6
	-> 1 2 3 4 5 6 
Structure 619: 1 4 5 2 3 6 A
	-> 1 2 3 4 5 6 A 
Structure 620: 1 4 5 2 3 6
	-> 1 2 3 4 5 6 
Structure 621: 1 4 5 2 3 6 8
	-> 1 2 3 4 5 6 8 
Structure 622: 1 4 5 2 3 6 10
	-> 1 2 3 4 5 6 10 
Structure 623: 1 4 5 2 3 6 A
	-> 1 2 3 4 5 6 A 
Structure 624: 1 4 5 2 3 6 10
	-> 1 2 3 4 5 6 10 
Structure 625: 1 4 2 20 9 A
	-> 1 2 4 A 9 
Structure 626: 1 4 5 2 3 6
	-> 1 2 3 4 5 6 
Structure 627: 1 28 22 2 3 9 11 A
	-> 1 2 3 A 9 
Structure 628: 1 4 5 2 3 6 10 16
	-> 1 2 3 4 5 6 10 
Structure 629: 15 1 4 5 2 3 23 6
	-> 1 2 3 4 5 6 
Structure 630: 13 1 24 5 2 3 11 A
	-> 1 2 3 5 A 
Structure 631: 1 4 2 3 9 11 A
	-> 1 2 3 4 A 9 
Structure 632: 1 4 5 2 3 6 16
	-> 1 2 3 4 5 6 
Structure 633: 1 4 5 2 3 6
	-> 1 2 3 4 5 6 
Structure 634: 1 4 5 2 3 6
	-> 1 2 3 4 5 6 
Structure 635: 15 1 24 22 5 2 3 104 A
	-> 1 2 3 5 A 
Structure 636: B 1 4 45 2 3 9 11 A
	-> 1 2 3 4 A 9 B 
Structure 637: 15 1 4 5 2 3 6 8
	-> 1 2 3 4 5 6 8 
Structure 638: 1 4 5 2 19 3 6 10
	-> 1 2 3 4 5 6 10 
Structure 639: 13 1 4 2 27 20 9 A
	-> 1 2 4 A 9 
Structure 640: 1 4 5 2 3 6 8
	-> 1 2 3 4 5 6 8 
Structure 641: 1 4 5 2 3 6 10
	-> 1 2 3 4 5 6 10 
Structure 642: 1 4 14 2 3 9 A
	-> 1 2 3 4 A 9 
Structure 643: 1 4 5 2 3 6
	-> 1 2 3 4 5 6 
Structure 644: 1 4 5 2 3 6
	-> 1 2 3 4 5 6 
Structure 645: 1 4 42 5 2 3 6
	-> 1 2 3 4 5 6 
Structure 646: 1 4 5 2 3 6
	-> 1 2 3 4 5 6 
Structure 647: 1 4 5 2 3 6 8
	-> 1 2 3 4 5 6 8 
Structure 648: 1 4 5 19 3 46 37 11 A
	-> 1 3 4 5 A 
Structure 649: 13 B 1 4 5 2 19 3 6
	-> 1 2 3 4 5 6 B 
Structure 650: 1 4 5 2 3 6
	-> 1 2 3 4 5 6 
Structure 651: 1 4 5 2 3 6 10
	-> 1 2 3 4 5 6 10 
Structure 652: 1 4 5 2 3 6 A
	-> 1 2 3 4 5 6 A 
Structure 653: 1 4 14 2 20 9 A
	-> 1 2 4 A 9 
Structure 654: 1 4 5 2 3 6 A
	-> 1 2 3 4 5 6 A 
Structure 655: 1 4 30 14 2 20 9
	-> 1 2 4 9 
Structure 656: 1 4 5 2 3 6 10
	-> 1 2 3 4 5 6 10 
Structure 657: 1 4 5 2 3 6 8
	-> 1 2 3 4 5 6 8 
Structure 658: 13 1 4 5 2 3 6
	-> 1 2 3 4 5 6 
Structure 659: 1 4 5 2 3 6
	-> 1 2 3 4 5 6 
Structure 660: 1 4 5 2 3 6 10 16
	-> 1 2 3 4 5 6 10 
Structure 661: 1 4 5 2 3 6 10
	-> 1 2 3 4 5 6 10 
Structure 662: 1 4 5 2 3 6 8
	-> 1 2 3 4 5 6 8 
Structure 663: 1 4 5 2 3 26 6 16
	-> 1 2 3 4 5 6 
Structure 664: 1 4 14 2 3 9 53 A
	-> 1 2 3 4 A 9 
Structure 665: 1 28 22 2 3 9 11 A
	-> 1 2 3 A 9 
Structure 666: 1 4 5 2 19 3 6
	-> 1 2 3 4 5 6 
Structure 667: 1 28 22 2 3 9 11 A
	-> 1 2 3 A 9 
Structure 668: 1 4 5 2 3 6
	-> 1 2 3 4 5 6 
Structure 669: 1 4 5 2 3 6 8
	-> 1 2 3 4 5 6 8 
Structure 670: 1 4 5 2 3 6 8
	-> 1 2 3 4 5 6 8 
Structure 671: 1 28 22 2 27 20 9 A
	-> 1 2 A 9 
Structure 672: 1 4 31 3 9 11 A
	-> 1 3 4 A 9 
Structure 673: 1 4 5 2 3 6 8
	-> 1 2 3 4 5 6 8 
Structure 674: 1 4 5 2 3 6 10 16
	-> 1 2 3 4 5 6 10 
Structure 675: 13 1 4 5 2 3 6
	-> 1 2 3 4 5 6 
Structure 676: 1 4 5 2 3 6 A
	-> 1 2 3 4 5 6 A 
Structure 677: 1 4 2 27 20 9 A
	-> 1 2 4 A 9 
Structure 678: B 1 38 22 2 27 20 9 A
	-> 1 2 A 9 B 
Structure 679: 1 4 14 2 3 9 A
	-> 1 2 3 4 A 9 
Structure 680: 1 4 5 2 3 6
	-> 1 2 3 4 5 6 
Structure 681: 1 4 14 2 3 25 9 A
	-> 1 2 3 4 A 9 
Structure 682: 1 4 5 2 3 6
	-> 1 2 3 4 5 6 
Structure 683: 1 4 2 52 27 20 9 A
	-> 1 2 4 A 9 
Structure 684: 1 4 5 2 3 6 A
	-> 1 2 3 4 5 6 A 
Structure 685: 1 4 5 2 3 6 10
	-> 1 2 3 4 5 6 10 
Structure 686: 15 B 1 4 5 2 3 6 16
	-> 1 2 3 4 5 6 B 
Structure 687: B 1 4 5 2 3 6 8
	-> 1 2 3 4 5 6 8 B 
Structure 688: B 1 4 2 3 9 11 A
	-> 1 2 3 4 A 9 B 
Structure 689: 1 4 5 2 3 58 62 11 A
	-> 1 2 3 4 5 A 
Structure 690: 1 4 5 2 3 6 A
	-> 1 2 3 4 5 6 A 
Structure 691: 1 4 2 36 20 9 A
	-> 1 2 4 A 9 
Structure 692: 1 4 5 2 3 6 8
	-> 1 2 3 4 5 6 8 
Structure 693: 1 4 29 3 9 A
	-> 1 3 4 A 9 
Structure 694: B 1 4 5 2 3 6
	-> 1 2 3 4 5 6 B 
Structure 695: 1 4 5 2 3 6 A
	-> 1 2 3 4 5 6 A 
Structure 696: 1 4 5 2 3 6 8
	-> 1 2 3 4 5 6 8 
Structure 697: 1 38 22 2 3 9 41 A
	-> 1 2 3 A 9 
Structure 698: B 1 4 5 2 3 6
	-> 1 2 3 4 5 6 B 
Structure 699: 15 1 76 4 2 3 25 9 A
	-> 1 2 3 4 A 9 
Structure 700: 13 1 4 5 2 3 6
	-> 1 2 3 4 5 6 
Structure 701: 13 1 4 5 2 3 6 8
	-> 1 2 3 4 5 6 8 
Structure 702: 1 4 31 105 3 9 77 11 A
	-> 1 3 4 A 9 
Structure 703: 15 B 1 4 5 2 3 6 8
	-> 1 2 3 4 5 6 8 B 
Structure 704: 15 1 4 5 2 3 6 10
	-> 1 2 3 4 5 6 10 
Structure 705: 1 4 5 2 3 6
	-> 1 2 3 4 5 6 
Structure 706: 1 4 5 2 3 6
	-> 1 2 3 4 5 6 
Structure 707: 1 24 5 2 3 11 A
	-> 1 2 3 5 A 
Structure 708: 1 4 5 2 3 6 A
	-> 1 2 3 4 5 6 A 
Structure 709: 13 1 106 50 5 2 3 A
	-> 1 2 3 5 A 
Structure 710: 1 4 5 2 3 23 6
	-> 1 2 3 4 5 6 
Structure 711: 1 4 5 2 3 6 8
	-> 1 2 3 4 5 6 8 
Structure 712: 13 1 4 5 2 3 6 A
	-> 1 2 3 4 5 6 A 
Structure 713: 13 1 4 14 2 3 25 9
	-> 1 2 3 4 9 
Structure 714: 1 4 5 2 3 6 10
	-> 1 2 3 4 5 6 10 
Structure 715: 1 4 5 2 3 6
	-> 1 2 3 4 5 6 
Structure 716: 1 4 5 2 3 6
	-> 1 2 3 4 5 6 
Structure 717: 1 4 5 2 3 6
	-> 1 2 3 4 5 6 
Structure 718: 1 4 5 2 3 6 A
	-> 1 2 3 4 5 6 A 
Structure 719: 1 4 5 2 3 6
	-> 1 2 3 4 5 6 
Structure 720: B 1 4 5 2 3 6
	-> 1 2 3 4 5 6 B 
Structure 721: 15 1 107 22 5 2 19 3 11 A
	-> 1 2 3 5 A 
Structure 722: 1 4 2 3 9 11 A
	-> 1 2 3 4 A 9 
Structure 723: B 1 4 14 2 3 25 9 A
	-> 1 2 3 4 A 9 B 
Structure 724: 1 4 63 29 3 9
	-> 1 3 4 9 
Structure 725: 1 4 5 2 3 6 A
	-> 1 2 3 4 5 6 A 
Structure 726: 1 4 2 3 25 9 A
	-> 1 2 3 4 A 9 
Structure 727: 1 4 5 2 3 6 8
	-> 1 2 3 4 5 6 8 
Structure 728: 1 4 5 2 3 6
	-> 1 2 3 4 5 6 
Structure 729: B 1 4 5 2 3 6 10
	-> 1 2 3 4 5 6 10 B 
Structure 730: 1 4 5 2 3 6 10
	-> 1 2 3 4 5 6 10 
Structure 731: 1 4 14 2 3 9 A
	-> 1 2 3 4 A 9 
Structure 732: 1 4 5 2 3 6 8
	-> 1 2 3 4 5 6 8 
Structure 733: 1 28 22 2 3 9 11 A
	-> 1 2 3 A 9 
Structure 734: 13 1 4 5 2 3 6 A
	-> 1 2 3 4 5 6 A 
Structure 735: 1 4 5 2 3 6 10
	-> 1 2 3 4 5 6 10 
Structure 736: 1 4 5 2 3 6 8
	-> 1 2 3 4 5 6 8 
Structure 737: 1 4 5 2 3 6
	-> 1 2 3 4 5 6 
Structure 738: 1 4 5 2 3 6 8
	-> 1 2 3 4 5 6 8 
Structure 739: 1 4 14 2 3 9 A
	-> 1 2 3 4 A 9 
Structure 740: 1 4 5 2 3 6
	-> 1 2 3 4 5 6 
Structure 741: 1 4 5 2 3 6
	-> 1 2 3 4 5 6 
Structure 742: 1 4 5 2 3 6
	-> 1 2 3 4 5 6 
Structure 743: 1 4 5 2 3 6
	-> 1 2 3 4 5 6 
Structure 744: B 1 4 5 2 3 6
	-> 1 2 3 4 5 6 B 
Structure 745: B 1 4 2 3 9 41 A
	-> 1 2 3 4 A 9 B 
Structure 746: 1 4 5 2 3 6 8
	-> 1 2 3 4 5 6 8 
Structure 747: 1 4 5 2 3 6 8
	-> 1 2 3 4 5 6 8 
Structure 748: 1 4 5 2 3 6
	-> 1 2 3 4 5 6 
Structure 749: 1 32 5 2 3 6 8
	-> 1 2 3 5 6 8 
Structure 750: 1 4 2 3 9 11 A
	-> 1 2 3 4 A 9 
Structure 751: 1 4 5 2 3 6 10
	-> 1 2 3 4 5 6 10 
Structure 752: B 1 4 5 2 3 6 8
	-> 1 2 3 4 5 6 8 B 
Structure 753: 1 4 5 2 3 6 10
	-> 1 2 3 4 5 6 10 
Structure 754: 1 4 5 2 3 77 11 A
	-> 1 2 3 4 5 A 
Structure 755: 1 4 14 2 3 39 9 A
	-> 1 2 3 4 A 9 
Structure 756: 1 4 5 2 3 6
	-> 1 2 3 4 5 6 
Structure 757: 1 4 5 2 3 6 8
	-> 1 2 3 4 5 6 8 
Structure 758: B 1 4 5 44 2 3 6
	-> 1 2 3 4 5 6 B 
Structure 759: 1 4 5 2 3 6 10
	-> 1 2 3 4 5 6 10 
Structure 760: 1 4 5 2 3 6
	-> 1 2 3 4 5 6 
Structure 761: 108 35 4 5 2 3 A
	-> 2 3 4 5 A 
Structure 762: 1 4 5 2 3 6 10
	-> 1 2 3 4 5 6 10 
Structure 763: 1 4 5 2 3 6 10
	-> 1 2 3 4 5 6 10 
Structure 764: 1 24 22 5 2 3 65 A
	-> 1 2 3 5 A 
Structure 765: 1 4 5 2 3 6 8
	-> 1 2 3 4 5 6 8 
Structure 766: 13 35 33 4 5 2 3 11 A
	-> 2 3 4 5 A 
Structure 767: 1 4 5 2 3 6
	-> 1 2 3 4 5 6 
Structure 768: 1 32 5 2 3 6 8
	-> 1 2 3 5 6 8 
Structure 769: 1 4 5 2 3 6 A
	-> 1 2 3 4 5 6 A 
Structure 770: 1 4 5 2 3 23 6
	-> 1 2 3 4 5 6 
Structure 771: 15 1 4 5 2 3 6 16
	-> 1 2 3 4 5 6 
Structure 772: 1 4 5 2 3 6 10
	-> 1 2 3 4 5 6 10 
Structure 773: 1 4 5 2 3 6 A
	-> 1 2 3 4 5 6 A 
Structure 774: 1 4 5 2 3 6 A
	-> 1 2 3 4 5 6 A 
Structure 775: 1 4 5 2 3 6
	-> 1 2 3 4 5 6 
Structure 776: 1 4 5 2 3 6 16
	-> 1 2 3 4 5 6 
Structure 777: 1 4 5 2 3 6 34
	-> 1 2 3 4 5 6 
Structure 778: 1 4 109 31 73 20 9 A
	-> 1 4 A 9 
Structure 779: 13 1 4 47 56 2 3 6 8
	-> 1 2 3 4 6 8 
Structure 780: 1 4 5 2 3 6
	-> 1 2 3 4 5 6 
Structure 781: 1 4 5 2 3 6
	-> 1 2 3 4 5 6 
Structure 782: 1 4 5 2 3 6
	-> 1 2 3 4 5 6 
Structure 783: 1 4 5 2 3 6
	-> 1 2 3 4 5 6 
Structure 784: 1 4 5 2 3 23 6
	-> 1 2 3 4 5 6 
Structure 785: 1 5 2 3 6 16
	-> 1 2 3 5 6 
Structure 786: 1 4 5 2 3 51 23 6 8
	-> 1 2 3 4 5 6 8 
Structure 787: 15 1 4 5 2 3 6 8
	-> 1 2 3 4 5 6 8 
Structure 788: 1 4 5 2 3 26 6 8
	-> 1 2 3 4 5 6 8 
Structure 789: 1 4 5 2 3 6 10
	-> 1 2 3 4 5 6 10 
Structure 790: B 1 4 5 2 3 6 8
	-> 1 2 3 4 5 6 8 B 
Structure 791: 1 4 5 2 3 6 8
	-> 1 2 3 4 5 6 8 
Structure 792: 1 4 5 2 3 6 8
	-> 1 2 3 4 5 6 8 
Structure 793: 1 4 2 3 9 11 A
	-> 1 2 3 4 A 9 
Structure 794: 1 4 5 2 3 6 10
	-> 1 2 3 4 5 6 10 
Structure 795: 1 4 5 2 3 23 6 8
	-> 1 2 3 4 5 6 8 
Structure 796: 1 4 5 2 3 40 6 16
	-> 1 2 3 4 5 6 
Structure 797: 15 1 4 5 2 3 6 10
	-> 1 2 3 4 5 6 10 
Structure 798: 1 4 5 2 3 6 34
	-> 1 2 3 4 5 6 
Structure 799: 1 4 14 2 3 39 9
	-> 1 2 3 4 9 
Structure 800: 1 4 2 20 9 A
	-> 1 2 4 A 9 
Structure 801: 1 4 2 3 9 11 A
	-> 1 2 3 4 A 9 
Structure 802: 1 4 5 2 3 6
	-> 1 2 3 4 5 6 
Structure 803: 1 4 43 2 3 9 11 A
	-> 1 2 3 4 A 9 
Structure 804: 1 4 5 2 3 6 8
	-> 1 2 3 4 5 6 8 
Structure 805: 13 1 4 5 2 3 6 10 34
	-> 1 2 3 4 5 6 10 
Structure 806: 1 4 5 2 3 6 10
	-> 1 2 3 4 5 6 10 
Structure 807: 1 4 5 2 3 6
	-> 1 2 3 4 5 6 
Structure 808: 1 4 5 2 3 6 A
	-> 1 2 3 4 5 6 A 
Structure 809: B 1 4 31 110 111 3 9 A
	-> 1 3 4 A 9 B 
Structure 810: 15 1 4 5 2 3 6
	-> 1 2 3 4 5 6 
Structure 811: 13 1 4 5 2 3 6
	-> 1 2 3 4 5 6 
Structure 812: B 1 4 5 2 3 6 8
	-> 1 2 3 4 5 6 8 B 
Structure 813: 1 4 5 2 3 23 6 8
	-> 1 2 3 4 5 6 8 
Structure 814: 1 4 5 2 3 6 8
	-> 1 2 3 4 5 6 8 
Structure 815: 13 1 4 5 2 3 6 8
	-> 1 2 3 4 5 6 8 
Structure 816: 1 4 5 2 3 6 8
	-> 1 2 3 4 5 6 8 
Structure 817: 15 1 4 5 2 3 6 8
	-> 1 2 3 4 5 6 8 
Structure 818: 1 4 5 2 3 6 A
	-> 1 2 3 4 5 6 A 
Structure 819: 1 4 5 2 49 3 6 A
	-> 1 2 3 4 5 6 A 
Structure 820: 15 B 1 4 2 3 9 11 A
	-> 1 2 3 4 A 9 B 
Structure 821: 1 4 5 2 3 6
	-> 1 2 3 4 5 6 
Structure 822: B 1 4 5 2 3 6 16
	-> 1 2 3 4 5 6 B 
Structure 823: 1 4 5 2 3 6
	-> 1 2 3 4 5 6 
Structure 824: 1 4 5 2 3 6 A
	-> 1 2 3 4 5 6 A 
Structure 825: B 1 4 5 2 3 6
	-> 1 2 3 4 5 6 B 
Structure 826: 1 4 5 2 3 6 8
	-> 1 2 3 4 5 6 8 
Structure 827: 1 4 5 2 3 6 A
	-> 1 2 3 4 5 6 A 
Structure 828: 1 4 14 2 3 25 9 A
	-> 1 2 3 4 A 9 
Structure 829: 1 4 5 2 19 3 6
	-> 1 2 3 4 5 6 
Structure 830: 1 4 5 2 3 6
	-> 1 2 3 4 5 6 
Structure 831: 15 1 4 5 2 3 6 8
	-> 1 2 3 4 5 6 8 
Structure 832: B 1 4 5 2 19 3 6 10
	-> 1 2 3 4 5 6 10 B 
Structure 833: 1 4 5 2 3 23 6
	-> 1 2 3 4 5 6 
Structure 834: 1 4 5 2 3 6 A
	-> 1 2 3 4 5 6 A 
Structure 835: 1 4 5 2 3 6
	-> 1 2 3 4 5 6 
Structure 836: 1 4 5 2 3 26 6 8
	-> 1 2 3 4 5 6 8 
Structure 837: 13 1 4 5 2 3 6
	-> 1 2 3 4 5 6 
Structure 838: 13 1 4 2 3 9 11 A
	-> 1 2 3 4 A 9 
Structure 839: 1 4 5 2 3 6 10
	-> 1 2 3 4 5 6 10 
Structure 840: 15 B 1 4 2 27 20 9 A
	-> 1 2 4 A 9 B 
Structure 841: 1 4 5 2 3 6 8
	-> 1 2 3 4 5 6 8 
Structure 842: 13 1 4 5 2 3 6
	-> 1 2 3 4 5 6 
Structure 843: 1 4 5 2 3 6 8
	-> 1 2 3 4 5 6 8 
Structure 844: 1 4 5 2 3 6 8
	-> 1 2 3 4 5 6 8 
Structure 845: 1 4 47 56 2 3 6
	-> 1 2 3 4 6 
Structure 846: 13 1 4 5 2 3 6
	-> 1 2 3 4 5 6 
Structure 847: 13 1 4 14 2 3 25 9 A
	-> 1 2 3 4 A 9 
Structure 848: 1 76 4 2 3 9 11 A
	-> 1 2 3 4 A 9 
Structure 849: 1 4 5 2 49 3 6 16
	-> 1 2 3 4 5 6 
Structure 850: 1 4 5 2 3 6 A
	-> 1 2 3 4 5 6 A 
Structure 851: 1 4 5 2 3 6
	-> 1 2 3 4 5 6 
Structure 852: 1 4 5 2 3 6 10
	-> 1 2 3 4 5 6 10 
Structure 853: B 1 4 5 2 3 6
	-> 1 2 3 4 5 6 B 
Structure 854: 1 4 5 2 3 6 8
	-> 1 2 3 4 5 6 8 
Structure 855: 1 4 5 2 3 6
	-> 1 2 3 4 5 6 
Structure 856: 1 4 5 2 3 6 A
	-> 1 2 3 4 5 6 A 
Structure 857: 1 4 5 2 3 6
	-> 1 2 3 4 5 6 
Structure 858: 1 4 5 2 3 6 10
	-> 1 2 3 4 5 6 10 
Structure 859: 1 4 47 2 3 6 8
	-> 1 2 3 4 6 8 
Structure 860: 1 4 5 2 3 6 A
	-> 1 2 3 4 5 6 A 
Structure 861: 1 4 5 2 3 6 8
	-> 1 2 3 4 5 6 8 
Structure 862: 1 24 22 5 2 3 11 A
	-> 1 2 3 5 A 
Structure 863: 1 4 5 2 3 6 16
	-> 1 2 3 4 5 6 
Structure 864: 1 4 5 2 3 6 10
	-> 1 2 3 4 5 6 10 
Structure 865: 1 4 5 2 3 6 8
	-> 1 2 3 4 5 6 8 
Structure 866: 1 4 70 2 3 9
	-> 1 2 3 4 9 
Structure 867: B 1 4 5 2 3 6
	-> 1 2 3 4 5 6 B 
Structure 868: 1 4 5 2 3 6 16
	-> 1 2 3 4 5 6 
Structure 869: 1 4 5 2 19 3 6 10
	-> 1 2 3 4 5 6 10 
Structure 870: 1 4 5 2 3 6
	-> 1 2 3 4 5 6 
Structure 871: 1 4 5 2 3 6
	-> 1 2 3 4 5 6 
Structure 872: 1 4 5 2 3 6 10
	-> 1 2 3 4 5 6 10 
Structure 873: 1 4 5 2 19 3 6 A
	-> 1 2 3 4 5 6 A 
Structure 874: 1 4 5 2 3 6 10
	-> 1 2 3 4 5 6 10 
Structure 875: 1 4 5 2 3 6 8
	-> 1 2 3 4 5 6 8 
Structure 876: B 1 4 5 2 3 6
	-> 1 2 3 4 5 6 B 
Structure 877: 15 B 1 4 5 2 3 6
	-> 1 2 3 4 5 6 B 
Structure 878: 1 4 2 27 20 9 A
	-> 1 2 4 A 9 
Structure 879: 13 1 4 5 2 3 6 A
	-> 1 2 3 4 5 6 A 
Structure 880: 1 4 5 2 3 6
	-> 1 2 3 4 5 6 
Structure 881: B 1 4 5 2 3 6 10
	-> 1 2 3 4 5 6 10 B 
Structure 882: B 1 4 5 2 3 6
	-> 1 2 3 4 5 6 B 
Structure 883: 1 4 5 2 3 6 8
	-> 1 2 3 4 5 6 8 
Structure 884: B 1 4 5 2 3 6 10
	-> 1 2 3 4 5 6 10 B 
Structure 885: 13 1 4 5 2 3 23 6 59
	-> 1 2 3 4 5 6 
Structure 886: B 1 32 4 5 31 3 6 10
	-> 1 3 4 5 6 10 B 
Structure 887: 1 4 5 2 3 6 10
	-> 1 2 3 4 5 6 10 
Structure 888: 1 4 5 2 3 11 A
	-> 1 2 3 4 5 A 
Structure 889: 13 B 1 4 5 2 3 6 10
	-> 1 2 3 4 5 6 10 B 
Structure 890: 1 4 5 2 3 6
	-> 1 2 3 4 5 6 
Structure 891: B 1 4 5 2 3 6 8
	-> 1 2 3 4 5 6 8 B 
Structure 892: 1 4 5 2 3 6 8
	-> 1 2 3 4 5 6 8 
Structure 893: 15 B 1 4 5 2 3 6 8
	-> 1 2 3 4 5 6 8 B 
Structure 894: B 1 4 5 2 3 6 8
	-> 1 2 3 4 5 6 8 B 
Structure 895: 13 1 4 14 2 20 9
	-> 1 2 4 9 
Structure 896: 1 4 5 2 3 6
	-> 1 2 3 4 5 6 
Structure 897: 1 4 5 2 3 6
	-> 1 2 3 4 5 6 
Structure 898: 1 4 112 5 2 3 6 8
	-> 1 2 3 4 5 6 8 
Structure 899: 1 35 22 5 2 3 11 A
	-> 1 2 3 5 A 
Structure 900: 1 4 5 2 3 6
	-> 1 2 3 4 5 6 
Structure 901: 1 4 30 14 2 3 39 9
	-> 1 2 3 4 9 
Structure 902: 1 4 5 2 3 6
	-> 1 2 3 4 5 6 
Structure 903: 1 4 5 2 3 6
	-> 1 2 3 4 5 6 
Structure 904: 1 4 5 2 3 6 8
	-> 1 2 3 4 5 6 8 
Structure 905: 15 B 1 4 5 2 3 6 A
	-> 1 2 3 4 5 6 A B 
Structure 906: 1 32 5 2 3 6
	-> 1 2 3 5 6 
Structure 907: B 1 4 5 2 3 6
	-> 1 2 3 4 5 6 B 
Structure 908: 13 1 50 113 114 72 2 3 11 A
	-> 1 2 3 A 
Structure 909: 1 4 5 2 3 6 10
	-> 1 2 3 4 5 6 10 
Structure 910: 1 4 5 2 3 6 16
	-> 1 2 3 4 5 6 
Structure 911: 1 4 5 2 19 3 6 10
	-> 1 2 3 4 5 6 10 
Structure 912: 1 4 14 2 3 9 A
	-> 1 2 3 4 A 9 
Structure 913: 1 4 5 2 3 6
	-> 1 2 3 4 5 6 
Structure 914: 1 4 5 2 3 6 10
	-> 1 2 3 4 5 6 10 
Structure 915: 1 4 5 2 3 6
	-> 1 2 3 4 5 6 
Structure 916: 1 4 14 2 3 9 A
	-> 1 2 3 4 A 9 
Structure 917: 1 4 5 2 3 6 10
	-> 1 2 3 4 5 6 10 
Structure 918: 15 1 4 5 2 3 6 8
	-> 1 2 3 4 5 6 8 
Structure 919: 1 4 14 2 55 20 9
	-> 1 2 4 9 
Structure 920: 1 4 5 2 3 6 A
	-> 1 2 3 4 5 6 A 
Structure 921: 1 4 5 2 3 6 10 16
	-> 1 2 3 4 5 6 10 
Structure 922: 1 4 5 2 3 6 10
	-> 1 2 3 4 5 6 10 
Structure 923: 13 1 4 5 2 3 6
	-> 1 2 3 4 5 6 
Structure 924: 13 1 4 5 2 3 23 6
	-> 1 2 3 4 5 6 
Structure 925: 1 4 29 2 3 9 A
	-> 1 2 3 4 A 9 
Structure 926: 1 4 5 2 3 23 6 10
	-> 1 2 3 4 5 6 10 
Structure 927: 1 4 5 2 3 6 8
	-> 1 2 3 4 5 6 8 
Structure 928: 1 4 5 2 3 74 6 8
	-> 1 2 3 4 5 6 8 
Structure 929: 1 4 5 2 3 6 8
	-> 1 2 3 4 5 6 8 
Structure 930: 1 32 4 5 2 3 6
	-> 1 2 3 4 5 6 
Structure 931: 1 4 5 2 19 3 6 8
	-> 1 2 3 4 5 6 8 
Structure 932: 1 4 5 2 19 3 6 10
	-> 1 2 3 4 5 6 10 
Structure 933: 1 4 5 2 3 6 16
	-> 1 2 3 4 5 6 
Structure 934: 15 B 1 4 5 2 3 6
	-> 1 2 3 4 5 6 B 
Structure 935: 1 4 5 2 3 6
	-> 1 2 3 4 5 6 
Structure 936: 1 4 5 2 3 6 8
	-> 1 2 3 4 5 6 8 
Structure 937: 1 4 5 2 3 6 8
	-> 1 2 3 4 5 6 8 
Structure 938: 1 4 5 2 3 26 6 8
	-> 1 2 3 4 5 6 8 
Structure 939: 1 4 5 2 3 6 10
	-> 1 2 3 4 5 6 10 
Structure 940: 1 4 2 20 9 A
	-> 1 2 4 A 9 
Structure 941: 15 B 1 4 5 2 3 6 16
	-> 1 2 3 4 5 6 B 
Structure 942: B 1 4 5 2 3 6 8
	-> 1 2 3 4 5 6 8 B 
Structure 943: 1 4 5 2 3 6 8
	-> 1 2 3 4 5 6 8 
Structure 944: 1 4 2 9 11 A
	-> 1 2 4 A 9 
Structure 945: 1 4 5 2 3 6
	-> 1 2 3 4 5 6 
Structure 946: 13 1 4 5 44 2 3 6 8
	-> 1 2 3 4 5 6 8 
Structure 947: 1 4 5 2 3 6 16
	-> 1 2 3 4 5 6 
Structure 948: 1 4 5 2 3 6 A
	-> 1 2 3 4 5 6 A 
Structure 949: B 1 4 5 2 3 6 10
	-> 1 2 3 4 5 6 10 B 
Structure 950: 1 24 22 5 2 3 11 A
	-> 1 2 3 5 A 
Structure 951: 1 4 5 2 3 6 10
	-> 1 2 3 4 5 6 10 
Structure 952: 1 4 5 2 3 6 10
	-> 1 2 3 4 5 6 10 
Structure 953: B 1 4 5 2 3 6
	-> 1 2 3 4 5 6 B 
Structure 954: 1 4 5 2 3 6
	-> 1 2 3 4 5 6 
Structure 955: 1 4 5 2 3 6
	-> 1 2 3 4 5 6 
Structure 956: 1 4 5 2 3 6 A
	-> 1 2 3 4 5 6 A 
Structure 957: 1 4 5 2 3 6
	-> 1 2 3 4 5 6 
Structure 958: 1 4 5 2 3 6 10 16
	-> 1 2 3 4 5 6 10 
Structure 959: B 1 4 5 2 3 6
	-> 1 2 3 4 5 6 B 
Structure 960: 1 4 5 2 3 23 6 8
	-> 1 2 3 4 5 6 8 
Structure 961: 1 4 78 2 36 20 9 A
	-> 1 2 4 A 9 
Structure 962: 1 4 5 2 3 40 6 10
	-> 1 2 3 4 5 6 10 
Structure 963: 1 4 5 2 3 6
	-> 1 2 3 4 5 6 
Structure 964: 15 B 1 4 5 2 3 6
	-> 1 2 3 4 5 6 B 
Structure 965: 13 1 4 30 14 2 3 9 A
	-> 1 2 3 4 A 9 
Structure 966: 1 4 78 2 52 27 20 9 A
	-> 1 2 4 A 9 
Structure 967: 1 4 30 14 2 3 9 A
	-> 1 2 3 4 A 9 
Structure 968: 1 4 5 2 3 6 A
	-> 1 2 3 4 5 6 A 
Structure 969: 1 4 5 2 3 6 10
	-> 1 2 3 4 5 6 10 
Structure 970: 1 4 5 2 3 6 10
	-> 1 2 3 4 5 6 10 
Structure 971: 1 4 5 2 3 6
	-> 1 2 3 4 5 6 
Structure 972: 1 4 5 2 3 6
	-> 1 2 3 4 5 6 
Structure 973: 1 4 5 2 3 6 8
	-> 1 2 3 4 5 6 8 
Structure 974: 1 4 5 2 3 6 A
	-> 1 2 3 4 5 6 A 
Structure 975: B 1 4 5 2 3 6 16
	-> 1 2 3 4 5 6 B 
Structure 976: 1 4 5 2 3 6 16
	-> 1 2 3 4 5 6 
Structure 977: 1 4 5 2 3 6
	-> 1 2 3 4 5 6 
Structure 978: 13 1 4 5 2 3 6 8
	-> 1 2 3 4 5 6 8 
Structure 979: 1 24 22 5 2 3 11 A
	-> 1 2 3 5 A 
Structure 980: 1 4 14 2 3 25 9 A
	-> 1 2 3 4 A 9 
Structure 981: 13 1 4 30 14 2 3 9 A
	-> 1 2 3 4 A 9 
Structure 982: 15 1 4 5 2 3 6 8
	-> 1 2 3 4 5 6 8 
Structure 983: 1 4 5 2 3 6 8
	-> 1 2 3 4 5 6 8 
Structure 984: 1 4 5 2 3 6
	-> 1 2 3 4 5 6 
Structure 985: 1 4 5 2 3 6
	-> 1 2 3 4 5 6 
Structure 986: B 1 4 5 2 3 6
	-> 1 2 3 4 5 6 B 
Structure 987: 1 4 5 2 19 3 6 8
	-> 1 2 3 4 5 6 8 
Structure 988: 1 4 5 2 3 6 8
	-> 1 2 3 4 5 6 8 
Structure 989: 1 4 5 2 3 6 8
	-> 1 2 3 4 5 6 8 
Structure 990: 1 4 5 2 3 6 10
	-> 1 2 3 4 5 6 10 
Structure 991: 1 4 5 2 3 6 A
	-> 1 2 3 4 5 6 A 
Structure 992: 1 4 45 54 2 3 9 41 A
	-> 1 2 3 4 A 9 
Structure 993: 13 1 4 5 2 3 6 8
	-> 1 2 3 4 5 6 8 
Structure 994: B 1 4 5 2 3 6 8
	-> 1 2 3 4 5 6 8 B 
Structure 995: 13 1 4 5 2 3 23 6
	-> 1 2 3 4 5 6 
Structure 996: 1 4 5 2 3 23 6 10
	-> 1 2 3 4 5 6 10 
Structure 997: 1 4 30 14 2 3 9 A
	-> 1 2 3 4 A 9 
Structure 998: 1 4 5 2 19 3 23 6 8
	-> 1 2 3 4 5 6 8 
Structure 999: 1 4 5 2 3 6 10
	-> 1 2 3 4 5 6 10 
Structure 1000: 1 4 5 2 3 6 A
	-> 1 2 3 4 5 6 A 
