Processing /home/hwilco/Documents/RNA Research/RNAStructProfiling-master/output/training/THF/Clostridium_botulinu.2_sfold/input/Clostridium_botulinu.2_sfold.out
Structure 1: 3 2 6 1 10 4 
	-> 1 2 3 4 6 10 
Structure 2: 7 2 6 1 10 4 
	-> 1 2 4 6 7 10 
Structure 3: 3 7 2 6 14 23 10 13 
	-> 2 3 6 7 10 
Structure 4: 3 7 2 6 1 5 4 
	-> 1 2 3 4 5 6 7 
Structure 5: 3 7 2 8 9 1 4 
	-> 1 2 3 4 7 8 9 
Structure 6: 3 2 8 9 1 10 4 
	-> 1 2 3 4 8 9 10 
Structure 7: 3 11 2 6 1 5 4 
	-> 1 2 3 4 5 6 11 
Structure 8: 3 2 6 1 5 4 
	-> 1 2 3 4 5 6 
Structure 9: 3 2 6 1 5 4 
	-> 1 2 3 4 5 6 
Structure 10: 7 2 6 1 5 4 
	-> 1 2 4 5 6 7 
Structure 11: 3 2 8 9 1 5 4 
	-> 1 2 3 4 5 8 9 
Structure 12: 3 7 2 8 9 1 5 4 
	-> 1 2 3 4 5 7 8 9 
Structure 13: 3 12 2 8 9 1 5 4 
	-> 1 2 3 4 5 8 9 
Structure 14: 3 2 6 1 5 4 
	-> 1 2 3 4 5 6 
Structure 15: 3 7 2 6 1 5 4 
	-> 1 2 3 4 5 6 7 
Structure 16: 3 2 8 9 34 1 5 4 
	-> 1 2 3 4 5 8 9 
Structure 17: 3 2 8 9 19 23 10 13 
	-> 2 3 8 9 10 
Structure 18: 3 7 2 8 9 1 5 4 
	-> 1 2 3 4 5 7 8 9 
Structure 19: 3 2 8 9 1 5 4 
	-> 1 2 3 4 5 8 9 
Structure 20: 3 2 8 9 1 5 13 
	-> 1 2 3 5 8 9 
Structure 21: 3 7 2 6 1 10 4 
	-> 1 2 3 4 6 7 10 
Structure 22: 3 7 2 6 14 1 5 13 
	-> 1 2 3 5 6 7 
Structure 23: 3 7 2 6 1 5 4 
	-> 1 2 3 4 5 6 7 
Structure 24: 3 7 2 8 9 1 10 4 
	-> 1 2 3 4 7 8 9 10 
Structure 25: 20 7 2 8 9 22 1 5 4 
	-> 1 2 4 5 7 8 9 
Structure 26: 3 2 6 1 5 4 
	-> 1 2 3 4 5 6 
Structure 27: 3 7 2 8 9 22 1 5 4 
	-> 1 2 3 4 5 7 8 9 
Structure 28: 3 7 2 6 1 5 4 
	-> 1 2 3 4 5 6 7 
Structure 29: 3 7 2 6 1 5 4 
	-> 1 2 3 4 5 6 7 
Structure 30: 3 2 6 1 10 4 
	-> 1 2 3 4 6 10 
Structure 31: 3 2 8 9 1 10 4 
	-> 1 2 3 4 8 9 10 
Structure 32: 3 17 6 1 5 16 4 
	-> 1 3 4 5 6 
Structure 33: 3 7 2 8 9 1 5 4 
	-> 1 2 3 4 5 7 8 9 
Structure 34: 3 2 6 1 5 4 
	-> 1 2 3 4 5 6 
Structure 35: 3 2 6 1 10 4 
	-> 1 2 3 4 6 10 
Structure 36: 3 7 2 6 14 23 10 13 
	-> 2 3 6 7 10 
Structure 37: 3 2 8 9 1 5 4 
	-> 1 2 3 4 5 8 9 
Structure 38: 3 2 6 1 5 4 
	-> 1 2 3 4 5 6 
Structure 39: 3 2 8 9 1 5 4 
	-> 1 2 3 4 5 8 9 
Structure 40: 3 11 2 6 1 5 4 
	-> 1 2 3 4 5 6 11 
Structure 41: 3 18 2 6 1 5 4 
	-> 1 2 3 4 5 6 
Structure 42: 7 2 8 9 1 5 4 
	-> 1 2 4 5 7 8 9 
Structure 43: 3 7 2 8 9 1 5 4 
	-> 1 2 3 4 5 7 8 9 
Structure 44: 3 2 6 1 5 4 
	-> 1 2 3 4 5 6 
Structure 45: 3 7 2 6 1 5 4 
	-> 1 2 3 4 5 6 7 
Structure 46: 3 11 7 2 6 1 5 4 
	-> 1 2 3 4 5 6 7 11 
Structure 47: 3 2 8 9 1 5 4 
	-> 1 2 3 4 5 8 9 
Structure 48: 3 2 8 9 1 5 4 
	-> 1 2 3 4 5 8 9 
Structure 49: 3 11 2 6 1 5 4 
	-> 1 2 3 4 5 6 11 
Structure 50: 3 2 8 9 1 5 4 
	-> 1 2 3 4 5 8 9 
Structure 51: 3 2 8 9 1 5 4 
	-> 1 2 3 4 5 8 9 
Structure 52: 3 7 2 8 9 1 5 4 
	-> 1 2 3 4 5 7 8 9 
Structure 53: 3 7 2 8 9 1 5 4 
	-> 1 2 3 4 5 7 8 9 
Structure 54: 3 7 2 6 1 5 4 
	-> 1 2 3 4 5 6 7 
Structure 55: 3 11 2 8 9 1 5 4 
	-> 1 2 3 4 5 8 9 11 
Structure 56: 3 2 8 9 1 15 4 
	-> 1 2 3 4 8 9 
Structure 57: 3 11 2 8 9 1 5 4 
	-> 1 2 3 4 5 8 9 11 
Structure 58: 3 2 8 9 1 5 4 
	-> 1 2 3 4 5 8 9 
Structure 59: 3 2 6 1 5 4 
	-> 1 2 3 4 5 6 
Structure 60: 3 11 7 2 8 9 1 5 4 
	-> 1 2 3 4 5 7 8 9 11 
Structure 61: 3 7 2 8 9 1 10 4 
	-> 1 2 3 4 7 8 9 10 
Structure 62: 3 12 2 8 9 37 1 10 
	-> 1 2 3 8 9 10 
Structure 63: 3 12 2 8 1 5 4 
	-> 1 2 3 4 5 8 
Structure 64: 3 2 6 1 5 4 
	-> 1 2 3 4 5 6 
Structure 65: 3 26 17 6 1 5 13 
	-> 1 3 5 6 
Structure 66: 3 7 2 8 9 1 5 4 
	-> 1 2 3 4 5 7 8 9 
Structure 67: 3 7 2 6 1 10 4 
	-> 1 2 3 4 6 7 10 
Structure 68: 3 2 8 9 22 1 5 4 
	-> 1 2 3 4 5 8 9 
Structure 69: 3 18 2 8 9 1 5 4 
	-> 1 2 3 4 5 8 9 
Structure 70: 3 7 2 6 1 10 4 
	-> 1 2 3 4 6 7 10 
Structure 71: 3 7 2 8 9 1 5 4 
	-> 1 2 3 4 5 7 8 9 
Structure 72: 3 11 26 2 6 1 5 16 4 
	-> 1 2 3 4 5 6 11 
Structure 73: 3 7 2 8 9 24 1 5 4 
	-> 1 2 3 4 5 7 8 9 
Structure 74: 3 7 2 6 1 5 4 
	-> 1 2 3 4 5 6 7 
Structure 75: 3 11 7 2 8 9 1 5 4 
	-> 1 2 3 4 5 7 8 9 11 
Structure 76: 7 2 6 1 5 4 
	-> 1 2 4 5 6 7 
Structure 77: 3 18 2 6 1 5 4 
	-> 1 2 3 4 5 6 
Structure 78: 3 7 2 8 9 19 1 5 4 
	-> 1 2 3 4 5 7 8 9 
Structure 79: 3 2 6 1 5 4 
	-> 1 2 3 4 5 6 
Structure 80: 3 7 2 8 9 1 5 4 
	-> 1 2 3 4 5 7 8 9 
Structure 81: 3 7 2 8 1 5 4 
	-> 1 2 3 4 5 7 8 
Structure 82: 3 11 2 8 9 1 5 4 
	-> 1 2 3 4 5 8 9 11 
Structure 83: 3 11 2 6 1 5 4 
	-> 1 2 3 4 5 6 11 
Structure 84: 3 11 2 6 1 5 16 4 
	-> 1 2 3 4 5 6 11 
Structure 85: 3 7 2 6 1 5 4 
	-> 1 2 3 4 5 6 7 
Structure 86: 3 7 2 8 9 1 10 4 
	-> 1 2 3 4 7 8 9 10 
Structure 87: 3 11 2 6 1 4 
	-> 1 2 3 4 6 11 
Structure 88: 3 2 6 14 23 10 13 
	-> 2 3 6 10 
Structure 89: 3 2 6 1 10 4 
	-> 1 2 3 4 6 10 
Structure 90: 3 11 2 6 1 5 4 
	-> 1 2 3 4 5 6 11 
Structure 91: 3 2 6 1 5 4 
	-> 1 2 3 4 5 6 
Structure 92: 3 2 8 9 1 5 4 
	-> 1 2 3 4 5 8 9 
Structure 93: 3 2 6 1 5 4 
	-> 1 2 3 4 5 6 
Structure 94: 3 11 2 8 9 1 5 4 
	-> 1 2 3 4 5 8 9 11 
Structure 95: 3 2 8 9 1 5 4 
	-> 1 2 3 4 5 8 9 
Structure 96: 3 7 2 8 9 1 5 4 
	-> 1 2 3 4 5 7 8 9 
Structure 97: 3 11 2 8 1 5 16 4 
	-> 1 2 3 4 5 8 11 
Structure 98: 3 2 8 9 1 5 4 
	-> 1 2 3 4 5 8 9 
Structure 99: 3 11 2 6 1 5 4 
	-> 1 2 3 4 5 6 11 
Structure 100: 3 12 2 8 9 1 5 4 
	-> 1 2 3 4 5 8 9 
Structure 101: 3 7 2 6 1 5 4 
	-> 1 2 3 4 5 6 7 
Structure 102: 3 2 6 1 15 13 
	-> 1 2 3 6 
Structure 103: 3 7 2 6 1 5 4 
	-> 1 2 3 4 5 6 7 
Structure 104: 3 2 8 9 24 1 5 4 
	-> 1 2 3 4 5 8 9 
Structure 105: 3 12 2 6 1 5 4 
	-> 1 2 3 4 5 6 
Structure 106: 3 29 17 6 1 5 4 
	-> 1 3 4 5 6 
Structure 107: 3 18 2 8 9 1 5 15 4 
	-> 1 2 3 4 5 8 9 
Structure 108: 3 7 2 8 9 1 5 4 
	-> 1 2 3 4 5 7 8 9 
Structure 109: 3 11 2 8 9 14 38 5 13 
	-> 2 3 5 8 9 11 
Structure 110: 3 2 6 1 4 
	-> 1 2 3 4 6 
Structure 111: 3 7 2 6 1 10 4 
	-> 1 2 3 4 6 7 10 
Structure 112: 3 7 2 6 1 5 4 
	-> 1 2 3 4 5 6 7 
Structure 113: 3 11 2 6 1 5 4 
	-> 1 2 3 4 5 6 11 
Structure 114: 3 7 2 6 1 5 4 
	-> 1 2 3 4 5 6 7 
Structure 115: 3 7 2 6 1 5 4 
	-> 1 2 3 4 5 6 7 
Structure 116: 3 2 8 9 1 15 4 
	-> 1 2 3 4 8 9 
Structure 117: 3 2 8 1 10 4 
	-> 1 2 3 4 8 10 
Structure 118: 3 2 8 9 1 5 4 
	-> 1 2 3 4 5 8 9 
Structure 119: 7 2 6 1 5 4 
	-> 1 2 4 5 6 7 
Structure 120: 3 2 6 14 1 5 13 
	-> 1 2 3 5 6 
Structure 121: 3 12 2 6 1 5 4 
	-> 1 2 3 4 5 6 
Structure 122: 3 11 2 6 1 5 4 
	-> 1 2 3 4 5 6 11 
Structure 123: 3 11 2 8 9 1 5 4 
	-> 1 2 3 4 5 8 9 11 
Structure 124: 3 7 2 6 1 5 4 
	-> 1 2 3 4 5 6 7 
Structure 125: 3 11 2 6 1 5 4 
	-> 1 2 3 4 5 6 11 
Structure 126: 3 7 2 6 1 5 16 4 
	-> 1 2 3 4 5 6 7 
Structure 127: 3 2 6 1 10 4 
	-> 1 2 3 4 6 10 
Structure 128: 3 7 2 8 9 1 5 4 
	-> 1 2 3 4 5 7 8 9 
Structure 129: 7 2 6 1 5 4 
	-> 1 2 4 5 6 7 
Structure 130: 3 12 17 6 1 5 4 
	-> 1 3 4 5 6 
Structure 131: 3 11 2 8 9 1 5 4 
	-> 1 2 3 4 5 8 9 11 
Structure 132: 3 2 8 9 1 5 4 
	-> 1 2 3 4 5 8 9 
Structure 133: 3 2 6 1 5 4 
	-> 1 2 3 4 5 6 
Structure 134: 3 7 2 6 1 5 4 
	-> 1 2 3 4 5 6 7 
Structure 135: 3 18 2 6 1 5 15 4 
	-> 1 2 3 4 5 6 
Structure 136: 3 7 2 6 1 5 4 
	-> 1 2 3 4 5 6 7 
Structure 137: 3 11 2 8 9 22 1 5 4 
	-> 1 2 3 4 5 8 9 11 
Structure 138: 3 7 2 6 1 5 4 
	-> 1 2 3 4 5 6 7 
Structure 139: 3 2 8 9 1 5 4 
	-> 1 2 3 4 5 8 9 
Structure 140: 20 7 2 8 9 1 5 4 
	-> 1 2 4 5 7 8 9 
Structure 141: 3 11 2 8 9 1 5 4 
	-> 1 2 3 4 5 8 9 11 
Structure 142: 3 21 2 8 9 1 5 4 
	-> 1 2 3 4 5 8 9 
Structure 143: 3 7 2 6 1 5 4 
	-> 1 2 3 4 5 6 7 
Structure 144: 3 11 2 8 9 1 5 4 
	-> 1 2 3 4 5 8 9 11 
Structure 145: 3 11 2 6 1 5 4 
	-> 1 2 3 4 5 6 11 
Structure 146: 3 7 2 8 9 1 5 4 
	-> 1 2 3 4 5 7 8 9 
Structure 147: 3 2 6 1 5 4 
	-> 1 2 3 4 5 6 
Structure 148: 3 18 2 8 9 31 1 5 
	-> 1 2 3 5 8 9 
Structure 149: 3 7 2 6 1 10 4 
	-> 1 2 3 4 6 7 10 
Structure 150: 3 2 8 9 1 5 4 
	-> 1 2 3 4 5 8 9 
Structure 151: 3 7 2 8 9 1 5 4 
	-> 1 2 3 4 5 7 8 9 
Structure 152: 20 7 2 8 9 1 5 4 
	-> 1 2 4 5 7 8 9 
Structure 153: 3 12 2 8 1 5 4 
	-> 1 2 3 4 5 8 
Structure 154: 3 7 2 8 9 1 5 4 
	-> 1 2 3 4 5 7 8 9 
Structure 155: 3 2 6 1 5 4 
	-> 1 2 3 4 5 6 
Structure 156: 3 11 2 8 9 1 5 4 
	-> 1 2 3 4 5 8 9 11 
Structure 157: 3 2 6 1 5 4 
	-> 1 2 3 4 5 6 
Structure 158: 3 7 2 6 1 5 4 
	-> 1 2 3 4 5 6 7 
Structure 159: 3 2 6 1 5 4 
	-> 1 2 3 4 5 6 
Structure 160: 3 7 2 8 1 10 4 
	-> 1 2 3 4 7 8 10 
Structure 161: 3 12 2 8 9 1 5 4 
	-> 1 2 3 4 5 8 9 
Structure 162: 3 2 6 1 5 4 
	-> 1 2 3 4 5 6 
Structure 163: 3 17 6 1 10 4 
	-> 1 3 4 6 10 
Structure 164: 3 11 2 6 1 5 4 
	-> 1 2 3 4 5 6 11 
Structure 165: 3 2 6 1 5 4 39 
	-> 1 2 3 4 5 6 
Structure 166: 3 11 2 8 9 1 5 4 
	-> 1 2 3 4 5 8 9 11 
Structure 167: 3 7 2 6 1 5 4 
	-> 1 2 3 4 5 6 7 
Structure 168: 3 7 2 8 9 19 40 1 5 13 
	-> 1 2 3 5 7 8 9 
Structure 169: 3 2 8 9 1 10 4 
	-> 1 2 3 4 8 9 10 
Structure 170: 3 7 2 8 9 22 1 5 4 
	-> 1 2 3 4 5 7 8 9 
Structure 171: 3 7 2 6 1 5 4 
	-> 1 2 3 4 5 6 7 
Structure 172: 3 41 7 2 8 9 1 5 4 
	-> 1 2 3 4 5 7 8 9 
Structure 173: 3 2 6 1 5 4 
	-> 1 2 3 4 5 6 
Structure 174: 3 7 2 6 1 10 4 
	-> 1 2 3 4 6 7 10 
Structure 175: 3 7 2 8 9 1 5 4 
	-> 1 2 3 4 5 7 8 9 
Structure 176: 3 7 2 8 9 1 5 4 
	-> 1 2 3 4 5 7 8 9 
Structure 177: 7 2 8 9 22 1 5 4 
	-> 1 2 4 5 7 8 9 
Structure 178: 3 7 2 6 1 5 4 
	-> 1 2 3 4 5 6 7 
Structure 179: 3 7 2 6 1 5 4 
	-> 1 2 3 4 5 6 7 
Structure 180: 20 7 2 6 1 10 4 
	-> 1 2 4 6 7 10 
Structure 181: 3 7 2 6 1 5 4 
	-> 1 2 3 4 5 6 7 
Structure 182: 3 7 2 6 1 10 4 
	-> 1 2 3 4 6 7 10 
Structure 183: 3 2 6 1 10 4 
	-> 1 2 3 4 6 10 
Structure 184: 3 11 2 8 9 1 5 4 
	-> 1 2 3 4 5 8 9 11 
Structure 185: 3 12 2 6 1 10 4 
	-> 1 2 3 4 6 10 
Structure 186: 3 2 8 9 1 5 4 
	-> 1 2 3 4 5 8 9 
Structure 187: 3 2 8 9 1 10 4 
	-> 1 2 3 4 8 9 10 
Structure 188: 3 2 8 9 1 5 4 
	-> 1 2 3 4 5 8 9 
Structure 189: 3 2 8 1 5 16 4 
	-> 1 2 3 4 5 8 
Structure 190: 3 2 8 9 1 5 4 
	-> 1 2 3 4 5 8 9 
Structure 191: 3 2 8 9 1 5 4 
	-> 1 2 3 4 5 8 9 
Structure 192: 3 7 2 8 9 1 5 4 
	-> 1 2 3 4 5 7 8 9 
Structure 193: 3 7 2 6 1 5 4 
	-> 1 2 3 4 5 6 7 
Structure 194: 3 7 2 8 9 1 10 4 
	-> 1 2 3 4 7 8 9 10 
Structure 195: 3 7 2 6 1 10 4 
	-> 1 2 3 4 6 7 10 
Structure 196: 3 2 8 9 1 10 4 
	-> 1 2 3 4 8 9 10 
Structure 197: 20 7 2 6 1 5 4 
	-> 1 2 4 5 6 7 
Structure 198: 3 7 2 6 1 5 4 
	-> 1 2 3 4 5 6 7 
Structure 199: 3 7 2 8 9 1 5 4 
	-> 1 2 3 4 5 7 8 9 
Structure 200: 3 2 8 9 1 5 15 4 
	-> 1 2 3 4 5 8 9 
Structure 201: 3 7 2 6 1 5 4 
	-> 1 2 3 4 5 6 7 
Structure 202: 3 21 2 8 9 1 5 4 
	-> 1 2 3 4 5 8 9 
Structure 203: 3 2 8 9 1 5 4 
	-> 1 2 3 4 5 8 9 
Structure 204: 3 12 2 6 1 10 4 
	-> 1 2 3 4 6 10 
Structure 205: 3 7 2 8 9 1 5 4 
	-> 1 2 3 4 5 7 8 9 
Structure 206: 3 11 2 6 1 5 4 
	-> 1 2 3 4 5 6 11 
Structure 207: 3 7 2 8 9 1 5 15 4 
	-> 1 2 3 4 5 7 8 9 
Structure 208: 3 7 2 8 9 1 5 15 4 
	-> 1 2 3 4 5 7 8 9 
Structure 209: 3 17 6 1 5 4 
	-> 1 3 4 5 6 
Structure 210: 3 2 8 9 1 5 4 
	-> 1 2 3 4 5 8 9 
Structure 211: 3 7 2 8 9 1 5 4 
	-> 1 2 3 4 5 7 8 9 
Structure 212: 3 7 2 6 1 15 4 
	-> 1 2 3 4 6 7 
Structure 213: 3 7 2 8 9 1 5 4 
	-> 1 2 3 4 5 7 8 9 
Structure 214: 3 2 8 9 1 5 4 
	-> 1 2 3 4 5 8 9 
Structure 215: 3 12 2 6 1 5 4 
	-> 1 2 3 4 5 6 
Structure 216: 3 7 2 6 1 5 4 
	-> 1 2 3 4 5 6 7 
Structure 217: 3 2 6 1 5 4 
	-> 1 2 3 4 5 6 
Structure 218: 3 11 2 8 9 1 10 4 
	-> 1 2 3 4 8 9 10 11 
Structure 219: 3 2 8 9 1 5 4 
	-> 1 2 3 4 5 8 9 
Structure 220: 3 2 9 1 10 4 
	-> 1 2 3 4 9 10 
Structure 221: 3 7 2 6 1 5 4 
	-> 1 2 3 4 5 6 7 
Structure 222: 3 7 2 6 1 5 4 
	-> 1 2 3 4 5 6 7 
Structure 223: 3 7 2 8 9 1 10 4 
	-> 1 2 3 4 7 8 9 10 
Structure 224: 3 7 2 8 9 1 5 15 4 
	-> 1 2 3 4 5 7 8 9 
Structure 225: 3 2 8 9 19 32 1 5 13 
	-> 1 2 3 5 8 9 
Structure 226: 3 11 2 8 9 1 5 4 
	-> 1 2 3 4 5 8 9 11 
Structure 227: 20 7 2 6 1 10 4 
	-> 1 2 4 6 7 10 
Structure 228: 3 2 6 42 1 5 4 
	-> 1 2 3 4 5 6 
Structure 229: 3 2 8 9 1 5 4 
	-> 1 2 3 4 5 8 9 
Structure 230: 3 7 2 6 27 1 5 4 
	-> 1 2 3 4 5 6 7 
Structure 231: 3 7 2 6 1 5 4 
	-> 1 2 3 4 5 6 7 
Structure 232: 3 7 2 6 1 5 16 4 
	-> 1 2 3 4 5 6 7 
Structure 233: 3 11 2 8 9 1 5 4 
	-> 1 2 3 4 5 8 9 11 
Structure 234: 3 11 2 6 1 5 4 
	-> 1 2 3 4 5 6 11 
Structure 235: 3 7 2 6 1 5 4 
	-> 1 2 3 4 5 6 7 
Structure 236: 3 18 2 8 9 1 5 13 
	-> 1 2 3 5 8 9 
Structure 237: 3 2 6 1 10 4 
	-> 1 2 3 4 6 10 
Structure 238: 3 2 6 1 5 4 
	-> 1 2 3 4 5 6 
Structure 239: 3 2 8 9 1 5 4 
	-> 1 2 3 4 5 8 9 
Structure 240: 3 7 2 8 9 24 1 5 4 
	-> 1 2 3 4 5 7 8 9 
Structure 241: 3 2 8 9 1 5 4 
	-> 1 2 3 4 5 8 9 
Structure 242: 3 7 2 6 1 5 4 
	-> 1 2 3 4 5 6 7 
Structure 243: 3 7 2 8 9 1 5 4 
	-> 1 2 3 4 5 7 8 9 
Structure 244: 3 7 2 6 1 5 4 
	-> 1 2 3 4 5 6 7 
Structure 245: 3 2 8 9 43 1 5 4 
	-> 1 2 3 4 5 8 9 
Structure 246: 3 11 2 8 9 1 5 4 
	-> 1 2 3 4 5 8 9 11 
Structure 247: 3 7 2 8 9 22 1 10 4 
	-> 1 2 3 4 7 8 9 10 
Structure 248: 3 2 6 1 5 4 
	-> 1 2 3 4 5 6 
Structure 249: 3 21 18 2 6 1 5 4 
	-> 1 2 3 4 5 6 
Structure 250: 3 2 8 9 44 1 5 13 
	-> 1 2 3 5 8 9 
Structure 251: 3 7 2 8 9 1 5 4 
	-> 1 2 3 4 5 7 8 9 
Structure 252: 3 7 2 8 9 1 5 4 
	-> 1 2 3 4 5 7 8 9 
Structure 253: 3 7 2 6 1 10 4 
	-> 1 2 3 4 6 7 10 
Structure 254: 3 12 2 6 1 5 4 
	-> 1 2 3 4 5 6 
Structure 255: 3 2 8 9 1 5 4 
	-> 1 2 3 4 5 8 9 
Structure 256: 3 18 2 8 9 45 1 10 4 
	-> 1 2 3 4 8 9 10 
Structure 257: 3 11 2 6 1 5 4 
	-> 1 2 3 4 5 6 11 
Structure 258: 3 7 2 6 1 5 4 
	-> 1 2 3 4 5 6 7 
Structure 259: 3 12 2 6 1 5 4 
	-> 1 2 3 4 5 6 
Structure 260: 3 7 2 6 1 5 4 
	-> 1 2 3 4 5 6 7 
Structure 261: 3 17 6 1 5 4 
	-> 1 3 4 5 6 
Structure 262: 3 12 2 6 1 5 4 
	-> 1 2 3 4 5 6 
Structure 263: 3 2 6 1 5 15 4 
	-> 1 2 3 4 5 6 
Structure 264: 3 7 2 6 1 5 4 
	-> 1 2 3 4 5 6 7 
Structure 265: 3 2 8 9 1 5 4 
	-> 1 2 3 4 5 8 9 
Structure 266: 3 7 2 6 1 10 4 
	-> 1 2 3 4 6 7 10 
Structure 267: 3 2 6 1 5 4 
	-> 1 2 3 4 5 6 
Structure 268: 3 2 8 9 1 5 4 
	-> 1 2 3 4 5 8 9 
Structure 269: 3 7 2 8 9 1 5 4 
	-> 1 2 3 4 5 7 8 9 
Structure 270: 3 2 8 9 1 5 4 
	-> 1 2 3 4 5 8 9 
Structure 271: 3 11 2 6 1 5 4 
	-> 1 2 3 4 5 6 11 
Structure 272: 3 2 8 9 31 1 10 
	-> 1 2 3 8 9 10 
Structure 273: 3 21 18 2 8 9 1 5 4 
	-> 1 2 3 4 5 8 9 
Structure 274: 3 11 2 6 1 5 4 
	-> 1 2 3 4 5 6 11 
Structure 275: 3 7 2 8 9 1 5 4 
	-> 1 2 3 4 5 7 8 9 
Structure 276: 3 7 2 8 9 1 5 4 
	-> 1 2 3 4 5 7 8 9 
Structure 277: 3 2 8 9 1 5 4 
	-> 1 2 3 4 5 8 9 
Structure 278: 3 7 2 8 9 1 5 4 
	-> 1 2 3 4 5 7 8 9 
Structure 279: 3 11 2 6 1 5 4 
	-> 1 2 3 4 5 6 11 
Structure 280: 3 7 2 46 6 1 5 4 
	-> 1 2 3 4 5 6 7 
Structure 281: 3 7 2 6 1 5 4 
	-> 1 2 3 4 5 6 7 
Structure 282: 3 11 7 2 6 1 5 15 4 
	-> 1 2 3 4 5 6 7 11 
Structure 283: 3 7 2 8 9 1 5 4 
	-> 1 2 3 4 5 7 8 9 
Structure 284: 3 7 2 6 1 5 4 
	-> 1 2 3 4 5 6 7 
Structure 285: 3 12 17 6 1 5 4 
	-> 1 3 4 5 6 
Structure 286: 3 7 2 6 1 10 4 
	-> 1 2 3 4 6 7 10 
Structure 287: 3 7 2 6 1 5 4 
	-> 1 2 3 4 5 6 7 
Structure 288: 3 2 8 9 1 5 4 
	-> 1 2 3 4 5 8 9 
Structure 289: 3 7 2 8 9 1 5 4 
	-> 1 2 3 4 5 7 8 9 
Structure 290: 3 11 2 6 1 5 4 
	-> 1 2 3 4 5 6 11 
Structure 291: 3 7 2 6 1 5 4 
	-> 1 2 3 4 5 6 7 
Structure 292: 3 11 2 6 1 5 4 
	-> 1 2 3 4 5 6 11 
Structure 293: 3 11 2 6 1 5 4 
	-> 1 2 3 4 5 6 11 
Structure 294: 3 7 2 6 1 5 4 
	-> 1 2 3 4 5 6 7 
Structure 295: 3 11 2 8 9 1 10 4 
	-> 1 2 3 4 8 9 10 11 
Structure 296: 3 7 2 6 1 5 4 
	-> 1 2 3 4 5 6 7 
Structure 297: 3 11 2 8 9 1 5 4 
	-> 1 2 3 4 5 8 9 11 
Structure 298: 3 7 2 6 1 10 4 
	-> 1 2 3 4 6 7 10 
Structure 299: 3 18 2 8 9 1 10 4 
	-> 1 2 3 4 8 9 10 
Structure 300: 3 12 2 8 9 1 5 4 
	-> 1 2 3 4 5 8 9 
Structure 301: 3 2 8 9 1 5 4 
	-> 1 2 3 4 5 8 9 
Structure 302: 3 7 2 8 9 1 5 4 
	-> 1 2 3 4 5 7 8 9 
Structure 303: 3 7 2 8 9 14 23 10 47 13 
	-> 2 3 7 8 9 10 
Structure 304: 3 7 2 6 1 5 4 
	-> 1 2 3 4 5 6 7 
Structure 305: 3 2 6 1 5 4 
	-> 1 2 3 4 5 6 
Structure 306: 3 2 6 1 5 4 
	-> 1 2 3 4 5 6 
Structure 307: 3 7 2 6 1 5 4 
	-> 1 2 3 4 5 6 7 
Structure 308: 3 11 2 6 1 10 4 
	-> 1 2 3 4 6 10 11 
Structure 309: 3 7 2 8 9 1 10 4 
	-> 1 2 3 4 7 8 9 10 
Structure 310: 3 11 2 6 1 5 4 
	-> 1 2 3 4 5 6 11 
Structure 311: 3 7 2 6 1 5 4 
	-> 1 2 3 4 5 6 7 
Structure 312: 3 2 6 1 5 4 
	-> 1 2 3 4 5 6 
Structure 313: 3 2 8 9 1 5 4 
	-> 1 2 3 4 5 8 9 
Structure 314: 3 2 8 9 1 5 15 4 
	-> 1 2 3 4 5 8 9 
Structure 315: 3 7 2 6 1 10 4 
	-> 1 2 3 4 6 7 10 
Structure 316: 3 2 6 1 5 4 
	-> 1 2 3 4 5 6 
Structure 317: 3 7 2 8 9 1 10 4 
	-> 1 2 3 4 7 8 9 10 
Structure 318: 3 7 2 8 9 1 5 4 
	-> 1 2 3 4 5 7 8 9 
Structure 319: 3 7 2 6 1 5 4 
	-> 1 2 3 4 5 6 7 
Structure 320: 3 7 2 8 9 1 5 4 
	-> 1 2 3 4 5 7 8 9 
Structure 321: 7 2 8 9 1 5 15 4 
	-> 1 2 4 5 7 8 9 
Structure 322: 3 11 2 6 1 5 4 
	-> 1 2 3 4 5 6 11 
Structure 323: 3 7 2 6 1 5 4 
	-> 1 2 3 4 5 6 7 
Structure 324: 3 12 2 6 1 5 4 
	-> 1 2 3 4 5 6 
Structure 325: 3 7 2 6 1 5 4 
	-> 1 2 3 4 5 6 7 
Structure 326: 3 2 8 9 1 5 4 
	-> 1 2 3 4 5 8 9 
Structure 327: 3 29 6 1 5 4 
	-> 1 3 4 5 6 
Structure 328: 3 7 2 6 1 5 4 
	-> 1 2 3 4 5 6 7 
Structure 329: 3 11 2 6 1 5 4 
	-> 1 2 3 4 5 6 11 
Structure 330: 7 2 6 1 5 4 
	-> 1 2 4 5 6 7 
Structure 331: 3 12 2 8 9 1 5 4 
	-> 1 2 3 4 5 8 9 
Structure 332: 3 2 6 1 5 4 
	-> 1 2 3 4 5 6 
Structure 333: 3 2 6 1 5 4 
	-> 1 2 3 4 5 6 
Structure 334: 3 2 8 9 1 10 4 
	-> 1 2 3 4 8 9 10 
Structure 335: 7 2 8 9 1 5 4 
	-> 1 2 4 5 7 8 9 
Structure 336: 3 7 2 6 27 1 10 4 
	-> 1 2 3 4 6 7 10 
Structure 337: 3 7 2 6 1 5 4 
	-> 1 2 3 4 5 6 7 
Structure 338: 3 7 2 6 1 5 4 
	-> 1 2 3 4 5 6 7 
Structure 339: 3 2 6 1 10 4 
	-> 1 2 3 4 6 10 
Structure 340: 3 12 2 6 1 5 4 
	-> 1 2 3 4 5 6 
Structure 341: 3 7 2 8 9 1 5 4 
	-> 1 2 3 4 5 7 8 9 
Structure 342: 3 17 6 1 5 4 
	-> 1 3 4 5 6 
Structure 343: 3 7 2 8 9 1 10 4 
	-> 1 2 3 4 7 8 9 10 
Structure 344: 3 7 2 8 9 1 5 4 
	-> 1 2 3 4 5 7 8 9 
Structure 345: 3 7 2 8 9 1 5 4 
	-> 1 2 3 4 5 7 8 9 
Structure 346: 3 7 2 8 9 1 10 4 
	-> 1 2 3 4 7 8 9 10 
Structure 347: 3 11 2 6 1 5 4 
	-> 1 2 3 4 5 6 11 
Structure 348: 3 2 6 1 5 4 
	-> 1 2 3 4 5 6 
Structure 349: 3 2 6 1 5 4 
	-> 1 2 3 4 5 6 
Structure 350: 3 12 2 6 48 1 5 4 
	-> 1 2 3 4 5 6 
Structure 351: 3 7 2 8 9 19 1 10 13 
	-> 1 2 3 7 8 9 10 
Structure 352: 3 11 2 8 9 1 5 4 
	-> 1 2 3 4 5 8 9 11 
Structure 353: 3 11 2 6 1 5 4 
	-> 1 2 3 4 5 6 11 
Structure 354: 3 7 2 8 9 1 10 4 
	-> 1 2 3 4 7 8 9 10 
Structure 355: 3 2 6 1 5 4 
	-> 1 2 3 4 5 6 
Structure 356: 3 7 2 8 9 1 5 4 
	-> 1 2 3 4 5 7 8 9 
Structure 357: 3 11 2 6 14 1 5 13 
	-> 1 2 3 5 6 11 
Structure 358: 3 7 2 6 27 1 5 4 
	-> 1 2 3 4 5 6 7 
Structure 359: 3 7 2 6 1 5 4 
	-> 1 2 3 4 5 6 7 
Structure 360: 3 7 2 6 1 5 4 
	-> 1 2 3 4 5 6 7 
Structure 361: 3 2 6 1 4 
	-> 1 2 3 4 6 
Structure 362: 3 11 2 6 25 1 10 4 
	-> 1 2 3 4 6 10 11 
Structure 363: 3 7 2 6 1 5 4 
	-> 1 2 3 4 5 6 7 
Structure 364: 20 7 2 8 9 1 5 4 
	-> 1 2 4 5 7 8 9 
Structure 365: 3 7 2 6 1 5 4 
	-> 1 2 3 4 5 6 7 
Structure 366: 3 2 6 1 10 4 
	-> 1 2 3 4 6 10 
Structure 367: 3 7 2 8 9 1 5 4 
	-> 1 2 3 4 5 7 8 9 
Structure 368: 3 6 28 1 5 4 
	-> 1 3 4 5 6 
Structure 369: 3 2 6 25 1 5 15 4 
	-> 1 2 3 4 5 6 
Structure 370: 3 11 2 6 14 23 10 13 
	-> 2 3 6 10 11 
Structure 371: 3 7 2 6 1 10 4 
	-> 1 2 3 4 6 7 10 
Structure 372: 3 7 2 8 9 1 10 4 
	-> 1 2 3 4 7 8 9 10 
Structure 373: 3 2 8 9 1 5 4 
	-> 1 2 3 4 5 8 9 
Structure 374: 3 7 18 2 8 9 1 5 4 
	-> 1 2 3 4 5 7 8 9 
Structure 375: 3 2 8 1 5 4 
	-> 1 2 3 4 5 8 
Structure 376: 3 29 2 6 1 5 4 
	-> 1 2 3 4 5 6 
Structure 377: 3 7 2 6 1 5 16 4 
	-> 1 2 3 4 5 6 7 
Structure 378: 3 7 2 6 1 5 4 
	-> 1 2 3 4 5 6 7 
Structure 379: 3 11 7 2 8 9 1 5 4 
	-> 1 2 3 4 5 7 8 9 11 
Structure 380: 3 7 2 8 9 1 5 4 
	-> 1 2 3 4 5 7 8 9 
Structure 381: 3 7 2 6 1 5 4 
	-> 1 2 3 4 5 6 7 
Structure 382: 3 7 2 6 1 10 4 
	-> 1 2 3 4 6 7 10 
Structure 383: 3 7 2 6 1 5 4 
	-> 1 2 3 4 5 6 7 
Structure 384: 3 11 2 8 9 1 5 15 4 
	-> 1 2 3 4 5 8 9 11 
Structure 385: 3 7 2 6 1 5 4 
	-> 1 2 3 4 5 6 7 
Structure 386: 3 12 2 8 9 1 5 33 4 
	-> 1 2 3 4 5 8 9 
Structure 387: 3 2 8 9 1 10 4 
	-> 1 2 3 4 8 9 10 
Structure 388: 3 2 8 9 1 5 4 
	-> 1 2 3 4 5 8 9 
Structure 389: 3 2 8 1 5 4 
	-> 1 2 3 4 5 8 
Structure 390: 3 12 2 8 9 24 1 5 4 
	-> 1 2 3 4 5 8 9 
Structure 391: 3 7 2 6 1 4 
	-> 1 2 3 4 6 7 
Structure 392: 3 12 2 6 1 5 4 
	-> 1 2 3 4 5 6 
Structure 393: 3 7 2 6 1 5 4 
	-> 1 2 3 4 5 6 7 
Structure 394: 3 7 2 6 1 5 4 
	-> 1 2 3 4 5 6 7 
Structure 395: 7 2 8 9 22 1 5 4 
	-> 1 2 4 5 7 8 9 
Structure 396: 3 7 2 6 1 5 33 4 
	-> 1 2 3 4 5 6 7 
Structure 397: 3 7 2 8 9 24 1 10 49 13 
	-> 1 2 3 7 8 9 10 
Structure 398: 3 7 2 6 1 5 4 
	-> 1 2 3 4 5 6 7 
Structure 399: 3 11 2 8 9 31 1 10 
	-> 1 2 3 8 9 10 11 
Structure 400: 3 12 2 8 9 1 5 4 
	-> 1 2 3 4 5 8 9 
Structure 401: 3 7 2 8 9 1 5 4 
	-> 1 2 3 4 5 7 8 9 
Structure 402: 3 2 6 1 5 4 
	-> 1 2 3 4 5 6 
Structure 403: 3 2 8 9 1 5 4 
	-> 1 2 3 4 5 8 9 
Structure 404: 3 7 2 8 9 1 5 4 
	-> 1 2 3 4 5 7 8 9 
Structure 405: 7 2 6 1 5 4 
	-> 1 2 4 5 6 7 
Structure 406: 3 11 7 2 6 1 10 16 4 
	-> 1 2 3 4 6 7 10 11 
Structure 407: 3 2 6 1 5 16 4 
	-> 1 2 3 4 5 6 
Structure 408: 3 7 2 8 9 1 5 15 50 4 
	-> 1 2 3 4 5 7 8 9 
Structure 409: 3 7 2 6 1 5 4 
	-> 1 2 3 4 5 6 7 
Structure 410: 3 17 6 1 5 4 
	-> 1 3 4 5 6 
Structure 411: 3 7 2 8 9 1 5 4 
	-> 1 2 3 4 5 7 8 9 
Structure 412: 3 2 8 9 1 10 4 
	-> 1 2 3 4 8 9 10 
Structure 413: 3 7 2 6 1 10 4 
	-> 1 2 3 4 6 7 10 
Structure 414: 3 2 6 1 5 4 
	-> 1 2 3 4 5 6 
Structure 415: 3 11 7 2 8 9 1 5 4 
	-> 1 2 3 4 5 7 8 9 11 
Structure 416: 3 7 2 8 9 19 1 5 4 
	-> 1 2 3 4 5 7 8 9 
Structure 417: 3 7 2 6 1 5 4 
	-> 1 2 3 4 5 6 7 
Structure 418: 7 2 9 14 1 5 13 
	-> 1 2 5 7 9 
Structure 419: 3 2 8 9 1 5 4 
	-> 1 2 3 4 5 8 9 
Structure 420: 3 2 6 1 5 4 
	-> 1 2 3 4 5 6 
Structure 421: 3 2 6 1 5 4 
	-> 1 2 3 4 5 6 
Structure 422: 3 7 2 6 1 5 4 
	-> 1 2 3 4 5 6 7 
Structure 423: 3 11 2 8 9 1 10 4 
	-> 1 2 3 4 8 9 10 11 
Structure 424: 3 7 2 6 1 10 4 
	-> 1 2 3 4 6 7 10 
Structure 425: 3 7 2 6 1 5 4 
	-> 1 2 3 4 5 6 7 
Structure 426: 3 12 2 8 9 1 5 4 
	-> 1 2 3 4 5 8 9 
Structure 427: 3 7 2 8 9 1 5 4 
	-> 1 2 3 4 5 7 8 9 
Structure 428: 3 2 6 1 10 16 4 
	-> 1 2 3 4 6 10 
Structure 429: 3 7 2 8 9 1 10 4 
	-> 1 2 3 4 7 8 9 10 
Structure 430: 3 7 2 6 1 5 4 
	-> 1 2 3 4 5 6 7 
Structure 431: 3 7 2 8 9 1 15 4 
	-> 1 2 3 4 7 8 9 
Structure 432: 3 2 6 1 5 16 4 
	-> 1 2 3 4 5 6 
Structure 433: 3 7 2 6 1 5 15 4 
	-> 1 2 3 4 5 6 7 
Structure 434: 3 7 2 8 9 1 5 4 
	-> 1 2 3 4 5 7 8 9 
Structure 435: 3 7 2 6 1 5 4 
	-> 1 2 3 4 5 6 7 
Structure 436: 3 2 8 9 14 51 5 13 
	-> 2 3 5 8 9 
Structure 437: 3 7 2 8 9 1 5 4 
	-> 1 2 3 4 5 7 8 9 
Structure 438: 3 7 2 6 1 5 4 
	-> 1 2 3 4 5 6 7 
Structure 439: 3 2 6 1 5 4 
	-> 1 2 3 4 5 6 
Structure 440: 3 2 8 9 1 5 4 
	-> 1 2 3 4 5 8 9 
Structure 441: 3 12 2 8 9 1 5 4 
	-> 1 2 3 4 5 8 9 
Structure 442: 3 2 6 1 5 4 
	-> 1 2 3 4 5 6 
Structure 443: 3 7 2 6 1 5 4 
	-> 1 2 3 4 5 6 7 
Structure 444: 3 7 2 6 14 23 10 13 
	-> 2 3 6 7 10 
Structure 445: 3 2 8 9 1 10 4 
	-> 1 2 3 4 8 9 10 
Structure 446: 3 7 2 8 9 1 5 4 
	-> 1 2 3 4 5 7 8 9 
Structure 447: 3 11 26 2 6 1 5 4 
	-> 1 2 3 4 5 6 11 
Structure 448: 3 7 2 6 1 5 4 
	-> 1 2 3 4 5 6 7 
Structure 449: 3 7 2 6 28 1 5 4 
	-> 1 2 3 4 5 6 7 
Structure 450: 52 20 7 2 6 1 5 4 
	-> 1 2 4 5 6 7 
Structure 451: 3 2 6 1 5 4 
	-> 1 2 3 4 5 6 
Structure 452: 3 12 2 6 1 5 4 
	-> 1 2 3 4 5 6 
Structure 453: 3 2 6 14 1 5 13 
	-> 1 2 3 5 6 
Structure 454: 3 2 6 1 5 4 
	-> 1 2 3 4 5 6 
Structure 455: 3 11 2 6 1 5 4 
	-> 1 2 3 4 5 6 11 
Structure 456: 3 7 2 8 9 1 5 4 
	-> 1 2 3 4 5 7 8 9 
Structure 457: 7 2 6 1 10 4 
	-> 1 2 4 6 7 10 
Structure 458: 3 11 2 6 1 5 4 
	-> 1 2 3 4 5 6 11 
Structure 459: 3 11 2 6 25 1 5 4 
	-> 1 2 3 4 5 6 11 
Structure 460: 3 7 2 8 9 1 5 4 
	-> 1 2 3 4 5 7 8 9 
Structure 461: 3 11 2 8 9 24 1 5 4 
	-> 1 2 3 4 5 8 9 11 
Structure 462: 3 18 2 6 1 10 4 
	-> 1 2 3 4 6 10 
Structure 463: 3 2 6 1 5 4 
	-> 1 2 3 4 5 6 
Structure 464: 3 2 6 1 5 4 
	-> 1 2 3 4 5 6 
Structure 465: 3 2 6 1 5 16 4 
	-> 1 2 3 4 5 6 
Structure 466: 3 2 6 1 5 4 
	-> 1 2 3 4 5 6 
Structure 467: 3 2 8 9 1 5 4 
	-> 1 2 3 4 5 8 9 
Structure 468: 3 2 8 9 1 5 4 
	-> 1 2 3 4 5 8 9 
Structure 469: 3 2 6 1 5 4 
	-> 1 2 3 4 5 6 
Structure 470: 3 11 2 6 14 23 10 53 13 
	-> 2 3 6 10 11 
Structure 471: 3 2 6 1 5 4 
	-> 1 2 3 4 5 6 
Structure 472: 3 2 8 9 1 5 4 
	-> 1 2 3 4 5 8 9 
Structure 473: 3 11 2 6 1 10 4 
	-> 1 2 3 4 6 10 11 
Structure 474: 3 2 6 1 5 4 
	-> 1 2 3 4 5 6 
Structure 475: 7 2 8 9 1 5 4 
	-> 1 2 4 5 7 8 9 
Structure 476: 3 6 1 5 4 
	-> 1 3 4 5 6 
Structure 477: 3 2 8 9 1 5 4 
	-> 1 2 3 4 5 8 9 
Structure 478: 3 7 2 6 1 5 4 
	-> 1 2 3 4 5 6 7 
Structure 479: 3 2 6 1 5 4 
	-> 1 2 3 4 5 6 
Structure 480: 3 7 2 6 23 10 4 
	-> 2 3 4 6 7 10 
Structure 481: 3 11 2 6 1 10 4 
	-> 1 2 3 4 6 10 11 
Structure 482: 3 7 2 8 9 1 10 4 
	-> 1 2 3 4 7 8 9 10 
Structure 483: 3 2 6 1 5 4 
	-> 1 2 3 4 5 6 
Structure 484: 3 2 8 9 1 5 4 
	-> 1 2 3 4 5 8 9 
Structure 485: 3 2 6 1 5 4 
	-> 1 2 3 4 5 6 
Structure 486: 3 7 2 9 1 5 4 
	-> 1 2 3 4 5 7 9 
Structure 487: 3 7 2 8 9 1 5 4 
	-> 1 2 3 4 5 7 8 9 
Structure 488: 3 7 2 6 1 5 4 
	-> 1 2 3 4 5 6 7 
Structure 489: 21 2 6 1 5 4 
	-> 1 2 4 5 6 
Structure 490: 3 2 6 1 5 4 
	-> 1 2 3 4 5 6 
Structure 491: 3 7 2 8 9 1 5 4 
	-> 1 2 3 4 5 7 8 9 
Structure 492: 3 2 6 1 5 4 
	-> 1 2 3 4 5 6 
Structure 493: 3 2 6 1 5 4 
	-> 1 2 3 4 5 6 
Structure 494: 3 2 6 1 5 4 
	-> 1 2 3 4 5 6 
Structure 495: 3 12 17 6 1 5 4 
	-> 1 3 4 5 6 
Structure 496: 3 2 8 9 19 32 23 10 13 
	-> 2 3 8 9 10 
Structure 497: 3 7 2 6 1 5 4 
	-> 1 2 3 4 5 6 7 
Structure 498: 3 2 6 1 5 4 
	-> 1 2 3 4 5 6 
Structure 499: 3 7 2 8 9 1 15 4 
	-> 1 2 3 4 7 8 9 
Structure 500: 3 2 6 1 5 16 4 
	-> 1 2 3 4 5 6 
Structure 501: 3 2 8 9 1 5 4 
	-> 1 2 3 4 5 8 9 
Structure 502: 3 17 6 1 5 4 
	-> 1 3 4 5 6 
Structure 503: 3 7 2 6 1 5 4 
	-> 1 2 3 4 5 6 7 
Structure 504: 3 35 2 6 1 5 4 
	-> 1 2 3 4 5 6 
Structure 505: 3 7 2 8 9 19 1 5 4 
	-> 1 2 3 4 5 7 8 9 
Structure 506: 3 2 8 9 1 10 4 
	-> 1 2 3 4 8 9 10 
Structure 507: 3 2 6 1 5 4 
	-> 1 2 3 4 5 6 
Structure 508: 3 7 2 6 1 5 15 4 
	-> 1 2 3 4 5 6 7 
Structure 509: 3 7 2 8 9 1 5 4 
	-> 1 2 3 4 5 7 8 9 
Structure 510: 3 2 6 1 5 4 
	-> 1 2 3 4 5 6 
Structure 511: 3 7 2 8 9 1 5 4 
	-> 1 2 3 4 5 7 8 9 
Structure 512: 3 7 2 9 1 5 4 
	-> 1 2 3 4 5 7 9 
Structure 513: 3 7 2 8 9 1 5 4 
	-> 1 2 3 4 5 7 8 9 
Structure 514: 3 7 2 8 9 1 4 
	-> 1 2 3 4 7 8 9 
Structure 515: 3 7 2 8 9 1 5 4 
	-> 1 2 3 4 5 7 8 9 
Structure 516: 3 2 6 1 5 4 
	-> 1 2 3 4 5 6 
Structure 517: 3 7 2 8 9 1 5 4 
	-> 1 2 3 4 5 7 8 9 
Structure 518: 3 7 2 6 27 1 5 4 
	-> 1 2 3 4 5 6 7 
Structure 519: 3 2 6 1 5 4 
	-> 1 2 3 4 5 6 
Structure 520: 3 2 6 1 10 4 
	-> 1 2 3 4 6 10 
Structure 521: 3 7 2 6 1 5 4 
	-> 1 2 3 4 5 6 7 
Structure 522: 3 2 8 9 1 5 4 
	-> 1 2 3 4 5 8 9 
Structure 523: 3 11 2 8 9 1 5 4 
	-> 1 2 3 4 5 8 9 11 
Structure 524: 7 2 8 9 1 5 4 
	-> 1 2 4 5 7 8 9 
Structure 525: 3 12 2 8 9 1 5 4 
	-> 1 2 3 4 5 8 9 
Structure 526: 3 12 2 8 9 1 10 4 
	-> 1 2 3 4 8 9 10 
Structure 527: 3 11 2 6 1 10 4 
	-> 1 2 3 4 6 10 11 
Structure 528: 3 7 2 8 9 1 5 4 54 
	-> 1 2 3 4 5 7 8 9 
Structure 529: 3 2 6 1 5 4 
	-> 1 2 3 4 5 6 
Structure 530: 3 7 2 8 9 1 5 4 
	-> 1 2 3 4 5 7 8 9 
Structure 531: 3 7 2 6 1 5 4 
	-> 1 2 3 4 5 6 7 
Structure 532: 3 7 2 8 9 1 5 4 
	-> 1 2 3 4 5 7 8 9 
Structure 533: 3 2 6 1 5 4 
	-> 1 2 3 4 5 6 
Structure 534: 3 2 8 9 1 5 4 
	-> 1 2 3 4 5 8 9 
Structure 535: 20 7 2 6 1 5 4 
	-> 1 2 4 5 6 7 
Structure 536: 3 7 2 6 1 5 4 
	-> 1 2 3 4 5 6 7 
Structure 537: 3 12 29 2 8 9 1 5 4 
	-> 1 2 3 4 5 8 9 
Structure 538: 3 7 2 8 9 1 5 4 
	-> 1 2 3 4 5 7 8 9 
Structure 539: 3 2 8 9 1 5 4 
	-> 1 2 3 4 5 8 9 
Structure 540: 3 11 2 6 1 5 4 
	-> 1 2 3 4 5 6 11 
Structure 541: 3 7 2 8 9 1 5 4 
	-> 1 2 3 4 5 7 8 9 
Structure 542: 3 7 2 8 9 1 5 4 
	-> 1 2 3 4 5 7 8 9 
Structure 543: 3 2 6 1 5 15 4 
	-> 1 2 3 4 5 6 
Structure 544: 3 7 2 6 25 1 5 4 
	-> 1 2 3 4 5 6 7 
Structure 545: 3 12 2 8 9 1 5 4 
	-> 1 2 3 4 5 8 9 
Structure 546: 3 2 6 1 5 4 
	-> 1 2 3 4 5 6 
Structure 547: 3 2 8 9 1 10 4 
	-> 1 2 3 4 8 9 10 
Structure 548: 3 2 8 9 1 5 4 
	-> 1 2 3 4 5 8 9 
Structure 549: 3 7 2 6 1 5 4 
	-> 1 2 3 4 5 6 7 
Structure 550: 3 2 6 1 5 4 
	-> 1 2 3 4 5 6 
Structure 551: 3 7 2 6 1 10 4 
	-> 1 2 3 4 6 7 10 
Structure 552: 3 11 26 2 6 1 10 4 
	-> 1 2 3 4 6 10 11 
Structure 553: 3 2 6 1 5 4 
	-> 1 2 3 4 5 6 
Structure 554: 3 7 2 6 1 5 4 
	-> 1 2 3 4 5 6 7 
Structure 555: 3 2 6 1 5 4 
	-> 1 2 3 4 5 6 
Structure 556: 3 11 2 8 9 1 5 4 
	-> 1 2 3 4 5 8 9 11 
Structure 557: 3 7 2 8 9 1 5 4 
	-> 1 2 3 4 5 7 8 9 
Structure 558: 3 7 2 6 28 1 5 4 
	-> 1 2 3 4 5 6 7 
Structure 559: 3 2 8 9 22 1 10 4 
	-> 1 2 3 4 8 9 10 
Structure 560: 3 2 8 9 1 5 4 
	-> 1 2 3 4 5 8 9 
Structure 561: 3 2 8 9 1 5 4 
	-> 1 2 3 4 5 8 9 
Structure 562: 3 18 2 8 9 1 5 4 
	-> 1 2 3 4 5 8 9 
Structure 563: 3 11 2 6 1 5 4 
	-> 1 2 3 4 5 6 11 
Structure 564: 3 11 2 6 1 5 4 
	-> 1 2 3 4 5 6 11 
Structure 565: 3 11 2 8 1 5 4 
	-> 1 2 3 4 5 8 11 
Structure 566: 3 7 2 8 9 1 5 4 
	-> 1 2 3 4 5 7 8 9 
Structure 567: 3 2 6 1 5 4 
	-> 1 2 3 4 5 6 
Structure 568: 3 2 8 9 1 5 4 
	-> 1 2 3 4 5 8 9 
Structure 569: 3 17 6 1 5 4 
	-> 1 3 4 5 6 
Structure 570: 3 7 2 6 1 5 4 
	-> 1 2 3 4 5 6 7 
Structure 571: 3 7 2 8 9 1 5 4 
	-> 1 2 3 4 5 7 8 9 
Structure 572: 3 7 2 9 1 10 4 
	-> 1 2 3 4 7 9 10 
Structure 573: 3 7 2 6 1 5 4 
	-> 1 2 3 4 5 6 7 
Structure 574: 3 7 2 8 9 1 5 4 
	-> 1 2 3 4 5 7 8 9 
Structure 575: 3 11 2 6 1 5 4 
	-> 1 2 3 4 5 6 11 
Structure 576: 3 7 2 8 9 1 5 4 
	-> 1 2 3 4 5 7 8 9 
Structure 577: 3 2 6 1 5 4 
	-> 1 2 3 4 5 6 
Structure 578: 3 2 8 9 1 5 4 
	-> 1 2 3 4 5 8 9 
Structure 579: 3 2 6 1 5 4 
	-> 1 2 3 4 5 6 
Structure 580: 3 2 8 9 1 5 4 
	-> 1 2 3 4 5 8 9 
Structure 581: 3 7 2 6 1 5 4 
	-> 1 2 3 4 5 6 7 
Structure 582: 3 11 2 6 1 5 4 
	-> 1 2 3 4 5 6 11 
Structure 583: 3 7 2 6 1 5 4 
	-> 1 2 3 4 5 6 7 
Structure 584: 3 2 6 1 5 4 
	-> 1 2 3 4 5 6 
Structure 585: 3 11 2 6 1 5 4 
	-> 1 2 3 4 5 6 11 
Structure 586: 3 2 6 1 5 4 
	-> 1 2 3 4 5 6 
Structure 587: 3 2 6 1 5 4 
	-> 1 2 3 4 5 6 
Structure 588: 3 2 6 1 10 4 
	-> 1 2 3 4 6 10 
Structure 589: 3 2 6 1 10 4 
	-> 1 2 3 4 6 10 
Structure 590: 3 12 2 6 1 5 4 
	-> 1 2 3 4 5 6 
Structure 591: 3 2 8 9 24 1 5 4 55 
	-> 1 2 3 4 5 8 9 
Structure 592: 3 7 2 8 9 1 5 4 
	-> 1 2 3 4 5 7 8 9 
Structure 593: 7 2 8 1 5 4 
	-> 1 2 4 5 7 8 
Structure 594: 3 2 6 1 5 4 
	-> 1 2 3 4 5 6 
Structure 595: 3 26 2 8 9 1 5 4 
	-> 1 2 3 4 5 8 9 
Structure 596: 3 7 2 8 9 14 1 10 13 
	-> 1 2 3 7 8 9 10 
Structure 597: 3 7 2 6 1 5 4 
	-> 1 2 3 4 5 6 7 
Structure 598: 3 7 2 8 9 19 32 1 10 56 
	-> 1 2 3 7 8 9 10 
Structure 599: 3 7 2 8 9 1 5 4 
	-> 1 2 3 4 5 7 8 9 
Structure 600: 3 2 6 1 5 4 
	-> 1 2 3 4 5 6 
Structure 601: 3 11 2 6 14 1 5 4 
	-> 1 2 3 4 5 6 11 
Structure 602: 3 7 2 6 27 1 5 4 
	-> 1 2 3 4 5 6 7 
Structure 603: 3 2 6 1 10 4 
	-> 1 2 3 4 6 10 
Structure 604: 3 2 8 9 1 5 4 
	-> 1 2 3 4 5 8 9 
Structure 605: 3 2 6 1 5 4 
	-> 1 2 3 4 5 6 
Structure 606: 3 11 2 8 9 19 1 5 13 
	-> 1 2 3 5 8 9 11 
Structure 607: 3 7 2 6 1 10 4 
	-> 1 2 3 4 6 7 10 
Structure 608: 3 2 6 1 5 4 
	-> 1 2 3 4 5 6 
Structure 609: 3 11 17 6 1 5 15 4 
	-> 1 3 4 5 6 11 
Structure 610: 3 2 6 27 1 10 4 
	-> 1 2 3 4 6 10 
Structure 611: 3 2 8 9 22 1 10 4 
	-> 1 2 3 4 8 9 10 
Structure 612: 3 11 2 6 1 5 4 
	-> 1 2 3 4 5 6 11 
Structure 613: 3 2 8 9 1 5 4 
	-> 1 2 3 4 5 8 9 
Structure 614: 3 12 2 6 1 5 4 
	-> 1 2 3 4 5 6 
Structure 615: 3 17 6 14 23 10 13 
	-> 3 6 10 
Structure 616: 3 2 6 1 5 4 
	-> 1 2 3 4 5 6 
Structure 617: 3 21 2 6 1 5 13 
	-> 1 2 3 5 6 
Structure 618: 3 2 8 9 1 10 4 
	-> 1 2 3 4 8 9 10 
Structure 619: 3 2 6 1 5 4 
	-> 1 2 3 4 5 6 
Structure 620: 3 7 2 6 1 5 4 
	-> 1 2 3 4 5 6 7 
Structure 621: 3 7 2 8 9 1 5 4 
	-> 1 2 3 4 5 7 8 9 
Structure 622: 3 2 6 1 5 4 
	-> 1 2 3 4 5 6 
Structure 623: 3 2 8 9 19 1 5 4 
	-> 1 2 3 4 5 8 9 
Structure 624: 3 2 8 9 1 5 4 
	-> 1 2 3 4 5 8 9 
Structure 625: 20 7 2 8 9 1 10 4 
	-> 1 2 4 7 8 9 10 
Structure 626: 3 17 6 1 5 30 4 
	-> 1 3 4 5 6 
Structure 627: 3 7 2 6 1 5 4 
	-> 1 2 3 4 5 6 7 
Structure 628: 3 11 2 6 1 5 4 
	-> 1 2 3 4 5 6 11 
Structure 629: 3 11 2 6 1 5 4 
	-> 1 2 3 4 5 6 11 
Structure 630: 7 2 6 1 10 4 
	-> 1 2 4 6 7 10 
Structure 631: 3 2 6 1 5 4 
	-> 1 2 3 4 5 6 
Structure 632: 3 7 2 8 9 1 5 30 4 
	-> 1 2 3 4 5 7 8 9 
Structure 633: 3 7 2 6 1 5 4 
	-> 1 2 3 4 5 6 7 
Structure 634: 3 11 2 6 1 5 16 4 
	-> 1 2 3 4 5 6 11 
Structure 635: 3 12 2 8 9 24 1 5 4 
	-> 1 2 3 4 5 8 9 
Structure 636: 3 2 8 9 1 5 4 
	-> 1 2 3 4 5 8 9 
Structure 637: 3 7 2 6 1 5 4 
	-> 1 2 3 4 5 6 7 
Structure 638: 20 7 2 6 1 5 4 
	-> 1 2 4 5 6 7 
Structure 639: 3 2 6 1 10 4 
	-> 1 2 3 4 6 10 
Structure 640: 3 11 2 8 1 10 4 
	-> 1 2 3 4 8 10 11 
Structure 641: 3 21 2 6 1 5 4 
	-> 1 2 3 4 5 6 
Structure 642: 3 2 6 1 10 4 
	-> 1 2 3 4 6 10 
Structure 643: 3 11 2 6 1 5 4 
	-> 1 2 3 4 5 6 11 
Structure 644: 3 2 6 1 5 4 
	-> 1 2 3 4 5 6 
Structure 645: 3 12 2 8 9 1 10 4 
	-> 1 2 3 4 8 9 10 
Structure 646: 3 12 2 6 1 10 4 
	-> 1 2 3 4 6 10 
Structure 647: 3 7 2 6 1 5 4 
	-> 1 2 3 4 5 6 7 
Structure 648: 3 2 8 9 1 5 4 
	-> 1 2 3 4 5 8 9 
Structure 649: 3 7 2 6 1 5 4 
	-> 1 2 3 4 5 6 7 
Structure 650: 3 11 2 8 9 1 5 4 
	-> 1 2 3 4 5 8 9 11 
Structure 651: 3 2 8 9 1 5 4 
	-> 1 2 3 4 5 8 9 
Structure 652: 3 7 2 6 1 5 4 
	-> 1 2 3 4 5 6 7 
Structure 653: 3 7 2 8 9 1 5 4 
	-> 1 2 3 4 5 7 8 9 
Structure 654: 3 7 2 8 9 1 5 4 
	-> 1 2 3 4 5 7 8 9 
Structure 655: 3 11 2 8 9 1 5 4 
	-> 1 2 3 4 5 8 9 11 
Structure 656: 3 11 2 8 9 1 5 4 
	-> 1 2 3 4 5 8 9 11 
Structure 657: 3 7 2 8 9 1 5 4 
	-> 1 2 3 4 5 7 8 9 
Structure 658: 3 7 2 6 1 5 4 
	-> 1 2 3 4 5 6 7 
Structure 659: 3 2 8 9 1 5 4 
	-> 1 2 3 4 5 8 9 
Structure 660: 20 7 2 6 1 5 4 
	-> 1 2 4 5 6 7 
Structure 661: 3 7 2 6 27 1 5 4 
	-> 1 2 3 4 5 6 7 
Structure 662: 20 7 2 9 19 1 5 13 
	-> 1 2 5 7 9 
Structure 663: 3 11 2 8 9 14 1 5 13 
	-> 1 2 3 5 8 9 11 
Structure 664: 3 7 2 8 9 1 5 4 
	-> 1 2 3 4 5 7 8 9 
Structure 665: 3 2 6 1 5 4 
	-> 1 2 3 4 5 6 
Structure 666: 3 2 8 9 1 5 4 
	-> 1 2 3 4 5 8 9 
Structure 667: 3 7 2 8 9 1 5 4 
	-> 1 2 3 4 5 7 8 9 
Structure 668: 3 7 2 6 1 5 4 
	-> 1 2 3 4 5 6 7 
Structure 669: 3 2 6 1 5 4 
	-> 1 2 3 4 5 6 
Structure 670: 3 7 2 8 9 14 1 5 13 
	-> 1 2 3 5 7 8 9 
Structure 671: 3 7 2 8 9 1 5 4 
	-> 1 2 3 4 5 7 8 9 
Structure 672: 3 7 2 8 9 1 5 4 
	-> 1 2 3 4 5 7 8 9 
Structure 673: 3 2 8 9 1 5 4 
	-> 1 2 3 4 5 8 9 
Structure 674: 3 7 2 8 9 14 1 10 13 
	-> 1 2 3 7 8 9 10 
Structure 675: 3 12 2 6 1 5 4 
	-> 1 2 3 4 5 6 
Structure 676: 3 7 2 6 1 5 4 
	-> 1 2 3 4 5 6 7 
Structure 677: 3 11 2 6 1 5 4 
	-> 1 2 3 4 5 6 11 
Structure 678: 3 2 6 1 5 4 
	-> 1 2 3 4 5 6 
Structure 679: 3 2 6 1 5 4 
	-> 1 2 3 4 5 6 
Structure 680: 3 7 2 8 9 24 1 5 4 
	-> 1 2 3 4 5 7 8 9 
Structure 681: 3 11 2 6 1 5 4 
	-> 1 2 3 4 5 6 11 
Structure 682: 3 11 2 8 1 5 16 4 
	-> 1 2 3 4 5 8 11 
Structure 683: 3 2 6 1 5 4 
	-> 1 2 3 4 5 6 
Structure 684: 3 12 17 6 1 5 4 
	-> 1 3 4 5 6 
Structure 685: 3 2 6 1 5 4 
	-> 1 2 3 4 5 6 
Structure 686: 3 11 2 6 1 5 4 
	-> 1 2 3 4 5 6 11 
Structure 687: 3 7 2 8 9 1 5 4 
	-> 1 2 3 4 5 7 8 9 
Structure 688: 3 7 2 8 9 1 5 4 
	-> 1 2 3 4 5 7 8 9 
Structure 689: 3 7 2 8 9 1 5 4 
	-> 1 2 3 4 5 7 8 9 
Structure 690: 3 7 2 9 1 5 30 4 
	-> 1 2 3 4 5 7 9 
Structure 691: 3 11 2 6 1 5 4 
	-> 1 2 3 4 5 6 11 
Structure 692: 7 2 6 1 5 4 
	-> 1 2 4 5 6 7 
Structure 693: 3 11 2 6 1 5 4 
	-> 1 2 3 4 5 6 11 
Structure 694: 3 11 2 6 1 10 4 
	-> 1 2 3 4 6 10 11 
Structure 695: 3 17 6 1 5 4 
	-> 1 3 4 5 6 
Structure 696: 3 7 2 6 1 5 4 
	-> 1 2 3 4 5 6 7 
Structure 697: 3 7 2 8 9 1 5 4 
	-> 1 2 3 4 5 7 8 9 
Structure 698: 3 2 8 9 1 5 4 
	-> 1 2 3 4 5 8 9 
Structure 699: 3 17 6 1 5 4 
	-> 1 3 4 5 6 
Structure 700: 3 2 6 1 5 4 
	-> 1 2 3 4 5 6 
Structure 701: 3 2 8 9 1 10 4 
	-> 1 2 3 4 8 9 10 
Structure 702: 3 2 8 9 19 1 5 13 
	-> 1 2 3 5 8 9 
Structure 703: 3 7 2 6 1 5 4 
	-> 1 2 3 4 5 6 7 
Structure 704: 3 7 2 8 9 1 5 4 
	-> 1 2 3 4 5 7 8 9 
Structure 705: 7 2 6 1 5 15 4 
	-> 1 2 4 5 6 7 
Structure 706: 3 2 6 1 10 4 
	-> 1 2 3 4 6 10 
Structure 707: 3 11 2 9 1 5 4 
	-> 1 2 3 4 5 9 11 
Structure 708: 3 2 6 1 5 4 
	-> 1 2 3 4 5 6 
Structure 709: 3 2 6 14 5 13 
	-> 2 3 5 6 
Structure 710: 3 7 2 6 1 5 4 
	-> 1 2 3 4 5 6 7 
Structure 711: 7 2 6 1 5 4 
	-> 1 2 4 5 6 7 
Structure 712: 3 7 2 6 1 5 16 4 
	-> 1 2 3 4 5 6 7 
Structure 713: 3 2 6 1 5 4 
	-> 1 2 3 4 5 6 
Structure 714: 3 2 6 1 5 4 
	-> 1 2 3 4 5 6 
Structure 715: 3 12 2 6 1 5 4 
	-> 1 2 3 4 5 6 
Structure 716: 3 11 2 6 25 1 5 4 
	-> 1 2 3 4 5 6 11 
Structure 717: 57 20 7 2 8 9 1 5 4 
	-> 1 2 4 5 7 8 9 
Structure 718: 7 2 8 9 1 5 4 
	-> 1 2 4 5 7 8 9 
Structure 719: 3 7 2 6 1 5 4 
	-> 1 2 3 4 5 6 7 
Structure 720: 3 7 2 6 1 5 4 
	-> 1 2 3 4 5 6 7 
Structure 721: 7 2 6 1 5 4 
	-> 1 2 4 5 6 7 
Structure 722: 3 2 6 25 1 10 4 
	-> 1 2 3 4 6 10 
Structure 723: 3 7 2 8 9 1 5 4 
	-> 1 2 3 4 5 7 8 9 
Structure 724: 3 2 8 9 1 10 4 
	-> 1 2 3 4 8 9 10 
Structure 725: 3 7 2 8 9 1 10 4 
	-> 1 2 3 4 7 8 9 10 
Structure 726: 3 2 6 1 5 4 
	-> 1 2 3 4 5 6 
Structure 727: 3 2 6 1 5 4 
	-> 1 2 3 4 5 6 
Structure 728: 3 2 6 1 5 33 4 
	-> 1 2 3 4 5 6 
Structure 729: 3 7 2 8 9 1 5 4 
	-> 1 2 3 4 5 7 8 9 
Structure 730: 3 2 6 1 10 4 
	-> 1 2 3 4 6 10 
Structure 731: 3 7 2 6 1 5 4 
	-> 1 2 3 4 5 6 7 
Structure 732: 3 2 8 9 1 5 4 
	-> 1 2 3 4 5 8 9 
Structure 733: 3 2 6 1 5 16 4 
	-> 1 2 3 4 5 6 
Structure 734: 3 2 6 1 5 4 
	-> 1 2 3 4 5 6 
Structure 735: 3 7 2 6 1 5 4 
	-> 1 2 3 4 5 6 7 
Structure 736: 3 2 6 1 5 4 
	-> 1 2 3 4 5 6 
Structure 737: 3 7 2 8 9 1 10 4 
	-> 1 2 3 4 7 8 9 10 
Structure 738: 3 2 6 1 5 4 
	-> 1 2 3 4 5 6 
Structure 739: 3 2 6 1 5 58 4 
	-> 1 2 3 4 5 6 
Structure 740: 3 7 2 6 1 5 4 
	-> 1 2 3 4 5 6 7 
Structure 741: 3 7 2 8 1 5 4 
	-> 1 2 3 4 5 7 8 
Structure 742: 7 2 6 1 5 4 
	-> 1 2 4 5 6 7 
Structure 743: 3 7 2 8 9 1 5 4 
	-> 1 2 3 4 5 7 8 9 
Structure 744: 3 7 2 6 1 5 4 
	-> 1 2 3 4 5 6 7 
Structure 745: 3 7 2 6 1 10 4 
	-> 1 2 3 4 6 7 10 
Structure 746: 3 7 2 8 1 5 16 4 
	-> 1 2 3 4 5 7 8 
Structure 747: 2 6 1 5 4 59 
	-> 1 2 4 5 6 
Structure 748: 3 11 2 8 9 1 5 4 
	-> 1 2 3 4 5 8 9 11 
Structure 749: 3 7 2 6 1 5 4 
	-> 1 2 3 4 5 6 7 
Structure 750: 3 7 2 6 1 5 4 
	-> 1 2 3 4 5 6 7 
Structure 751: 3 2 8 9 1 5 4 
	-> 1 2 3 4 5 8 9 
Structure 752: 3 7 2 8 9 1 5 4 
	-> 1 2 3 4 5 7 8 9 
Structure 753: 3 7 2 8 9 1 5 4 
	-> 1 2 3 4 5 7 8 9 
Structure 754: 3 7 2 6 1 5 4 
	-> 1 2 3 4 5 6 7 
Structure 755: 3 2 6 25 1 5 4 
	-> 1 2 3 4 5 6 
Structure 756: 3 7 2 6 1 5 4 
	-> 1 2 3 4 5 6 7 
Structure 757: 7 2 8 9 1 5 15 4 
	-> 1 2 4 5 7 8 9 
Structure 758: 3 11 2 8 9 1 10 4 60 
	-> 1 2 3 4 8 9 10 11 
Structure 759: 3 11 2 6 25 1 10 4 
	-> 1 2 3 4 6 10 11 
Structure 760: 3 2 8 9 1 10 4 
	-> 1 2 3 4 8 9 10 
Structure 761: 3 12 2 6 1 5 16 4 
	-> 1 2 3 4 5 6 
Structure 762: 3 7 2 6 1 5 4 
	-> 1 2 3 4 5 6 7 
Structure 763: 3 2 6 1 5 4 
	-> 1 2 3 4 5 6 
Structure 764: 3 11 2 6 1 5 4 
	-> 1 2 3 4 5 6 11 
Structure 765: 3 7 2 6 1 10 4 
	-> 1 2 3 4 6 7 10 
Structure 766: 3 11 2 8 9 1 10 4 
	-> 1 2 3 4 8 9 10 11 
Structure 767: 3 7 2 8 9 1 5 4 
	-> 1 2 3 4 5 7 8 9 
Structure 768: 3 7 2 6 1 5 4 
	-> 1 2 3 4 5 6 7 
Structure 769: 3 2 6 1 5 4 
	-> 1 2 3 4 5 6 
Structure 770: 3 11 2 8 1 5 16 4 
	-> 1 2 3 4 5 8 11 
Structure 771: 3 2 6 1 5 4 
	-> 1 2 3 4 5 6 
Structure 772: 3 7 2 6 1 5 4 
	-> 1 2 3 4 5 6 7 
Structure 773: 3 7 2 6 1 5 4 
	-> 1 2 3 4 5 6 7 
Structure 774: 61 3 2 6 24 1 5 4 
	-> 1 2 3 4 5 6 
Structure 775: 3 7 2 8 9 1 10 4 
	-> 1 2 3 4 7 8 9 10 
Structure 776: 3 7 18 2 6 14 1 5 13 
	-> 1 2 3 5 6 7 
Structure 777: 3 17 6 1 5 4 
	-> 1 3 4 5 6 
Structure 778: 3 2 6 1 10 4 
	-> 1 2 3 4 6 10 
Structure 779: 3 7 2 8 9 1 5 4 
	-> 1 2 3 4 5 7 8 9 
Structure 780: 3 12 2 6 14 1 5 13 
	-> 1 2 3 5 6 
Structure 781: 3 7 2 6 28 23 10 13 
	-> 2 3 6 7 10 
Structure 782: 3 7 2 6 25 1 5 4 
	-> 1 2 3 4 5 6 7 
Structure 783: 3 12 2 8 9 1 5 4 
	-> 1 2 3 4 5 8 9 
Structure 784: 3 7 2 6 1 5 4 
	-> 1 2 3 4 5 6 7 
Structure 785: 3 17 6 14 1 5 13 
	-> 1 3 5 6 
Structure 786: 3 7 2 8 1 5 16 4 
	-> 1 2 3 4 5 7 8 
Structure 787: 3 6 1 5 4 
	-> 1 3 4 5 6 
Structure 788: 3 7 2 6 1 5 4 
	-> 1 2 3 4 5 6 7 
Structure 789: 3 7 2 8 9 1 5 4 
	-> 1 2 3 4 5 7 8 9 
Structure 790: 3 7 2 6 1 5 4 
	-> 1 2 3 4 5 6 7 
Structure 791: 3 2 8 9 1 5 4 
	-> 1 2 3 4 5 8 9 
Structure 792: 3 7 2 6 1 5 4 
	-> 1 2 3 4 5 6 7 
Structure 793: 3 2 6 1 5 4 
	-> 1 2 3 4 5 6 
Structure 794: 3 2 6 1 5 4 
	-> 1 2 3 4 5 6 
Structure 795: 3 2 6 14 1 5 13 
	-> 1 2 3 5 6 
Structure 796: 3 2 8 9 1 5 4 
	-> 1 2 3 4 5 8 9 
Structure 797: 3 7 2 8 9 14 5 13 
	-> 2 3 5 7 8 9 
Structure 798: 3 7 2 6 1 10 4 
	-> 1 2 3 4 6 7 10 
Structure 799: 3 11 2 6 1 5 4 
	-> 1 2 3 4 5 6 11 
Structure 800: 7 2 6 1 5 4 
	-> 1 2 4 5 6 7 
Structure 801: 7 2 8 9 1 5 4 
	-> 1 2 4 5 7 8 9 
Structure 802: 3 2 8 9 1 5 4 
	-> 1 2 3 4 5 8 9 
Structure 803: 3 7 2 6 1 10 4 
	-> 1 2 3 4 6 7 10 
Structure 804: 3 2 6 1 5 16 4 
	-> 1 2 3 4 5 6 
Structure 805: 3 7 2 6 1 5 4 
	-> 1 2 3 4 5 6 7 
Structure 806: 3 7 2 8 1 5 4 
	-> 1 2 3 4 5 7 8 
Structure 807: 3 18 2 6 1 5 4 
	-> 1 2 3 4 5 6 
Structure 808: 3 7 2 6 1 5 4 
	-> 1 2 3 4 5 6 7 
Structure 809: 3 18 2 8 9 1 5 13 
	-> 1 2 3 5 8 9 
Structure 810: 3 7 2 8 9 1 5 4 
	-> 1 2 3 4 5 7 8 9 
Structure 811: 3 2 6 1 5 4 
	-> 1 2 3 4 5 6 
Structure 812: 3 2 8 9 1 5 4 
	-> 1 2 3 4 5 8 9 
Structure 813: 3 7 2 6 1 10 4 
	-> 1 2 3 4 6 7 10 
Structure 814: 3 7 2 8 9 24 1 5 4 
	-> 1 2 3 4 5 7 8 9 
Structure 815: 3 11 2 6 1 5 4 
	-> 1 2 3 4 5 6 11 
Structure 816: 3 7 2 6 1 5 4 
	-> 1 2 3 4 5 6 7 
Structure 817: 3 2 6 1 5 4 
	-> 1 2 3 4 5 6 
Structure 818: 3 17 6 1 5 4 
	-> 1 3 4 5 6 
Structure 819: 3 2 8 9 22 1 5 4 
	-> 1 2 3 4 5 8 9 
Structure 820: 3 7 2 8 9 1 5 4 
	-> 1 2 3 4 5 7 8 9 
Structure 821: 7 2 8 9 1 5 4 
	-> 1 2 4 5 7 8 9 
Structure 822: 3 2 6 1 10 4 
	-> 1 2 3 4 6 10 
Structure 823: 3 2 8 9 1 5 4 
	-> 1 2 3 4 5 8 9 
Structure 824: 3 2 6 14 1 5 13 
	-> 1 2 3 5 6 
Structure 825: 3 7 2 6 1 5 4 
	-> 1 2 3 4 5 6 7 
Structure 826: 3 2 8 9 1 5 4 
	-> 1 2 3 4 5 8 9 
Structure 827: 3 2 6 1 5 4 
	-> 1 2 3 4 5 6 
Structure 828: 3 2 8 9 1 5 4 
	-> 1 2 3 4 5 8 9 
Structure 829: 3 2 8 9 1 5 4 
	-> 1 2 3 4 5 8 9 
Structure 830: 3 2 8 9 1 10 4 
	-> 1 2 3 4 8 9 10 
Structure 831: 3 2 1 5 16 4 
	-> 1 2 3 4 5 
Structure 832: 3 7 2 8 9 1 5 4 
	-> 1 2 3 4 5 7 8 9 
Structure 833: 3 2 6 1 5 4 
	-> 1 2 3 4 5 6 
Structure 834: 3 11 2 8 9 1 5 4 
	-> 1 2 3 4 5 8 9 11 
Structure 835: 3 11 2 8 9 1 5 4 
	-> 1 2 3 4 5 8 9 11 
Structure 836: 3 7 2 6 1 5 15 4 
	-> 1 2 3 4 5 6 7 
Structure 837: 3 2 6 1 5 4 
	-> 1 2 3 4 5 6 
Structure 838: 3 2 6 1 5 4 
	-> 1 2 3 4 5 6 
Structure 839: 7 2 8 9 1 5 4 
	-> 1 2 4 5 7 8 9 
Structure 840: 3 7 2 8 9 1 10 4 
	-> 1 2 3 4 7 8 9 10 
Structure 841: 3 2 8 9 1 5 4 
	-> 1 2 3 4 5 8 9 
Structure 842: 3 6 1 5 4 
	-> 1 3 4 5 6 
Structure 843: 3 7 2 8 9 1 4 
	-> 1 2 3 4 7 8 9 
Structure 844: 3 2 6 1 5 4 
	-> 1 2 3 4 5 6 
Structure 845: 3 7 2 8 9 1 5 4 
	-> 1 2 3 4 5 7 8 9 
Structure 846: 3 7 2 6 1 5 4 
	-> 1 2 3 4 5 6 7 
Structure 847: 3 7 2 8 9 1 5 4 
	-> 1 2 3 4 5 7 8 9 
Structure 848: 3 21 2 8 9 1 5 4 
	-> 1 2 3 4 5 8 9 
Structure 849: 3 7 2 6 1 10 4 
	-> 1 2 3 4 6 7 10 
Structure 850: 3 7 2 6 1 5 4 
	-> 1 2 3 4 5 6 7 
Structure 851: 3 21 2 8 9 1 5 4 
	-> 1 2 3 4 5 8 9 
Structure 852: 3 21 2 8 9 1 5 4 
	-> 1 2 3 4 5 8 9 
Structure 853: 3 7 2 8 9 1 5 4 
	-> 1 2 3 4 5 7 8 9 
Structure 854: 3 7 2 8 9 1 5 4 
	-> 1 2 3 4 5 7 8 9 
Structure 855: 7 2 8 9 1 5 4 
	-> 1 2 4 5 7 8 9 
Structure 856: 3 11 2 6 14 1 5 13 
	-> 1 2 3 5 6 11 
Structure 857: 3 7 2 8 9 1 10 4 
	-> 1 2 3 4 7 8 9 10 
Structure 858: 3 11 2 8 9 1 5 4 
	-> 1 2 3 4 5 8 9 11 
Structure 859: 3 2 8 1 5 4 
	-> 1 2 3 4 5 8 
Structure 860: 3 12 2 8 9 1 5 4 
	-> 1 2 3 4 5 8 9 
Structure 861: 3 7 2 6 28 1 5 4 
	-> 1 2 3 4 5 6 7 
Structure 862: 3 12 2 6 1 5 4 
	-> 1 2 3 4 5 6 
Structure 863: 3 7 2 6 1 5 4 
	-> 1 2 3 4 5 6 7 
Structure 864: 3 2 6 1 5 4 
	-> 1 2 3 4 5 6 
Structure 865: 3 12 2 6 1 5 4 
	-> 1 2 3 4 5 6 
Structure 866: 3 7 2 8 9 1 5 4 
	-> 1 2 3 4 5 7 8 9 
Structure 867: 3 2 8 9 1 5 4 
	-> 1 2 3 4 5 8 9 
Structure 868: 3 2 6 1 5 15 4 
	-> 1 2 3 4 5 6 
Structure 869: 3 2 6 1 5 4 
	-> 1 2 3 4 5 6 
Structure 870: 3 18 2 8 9 1 5 4 
	-> 1 2 3 4 5 8 9 
Structure 871: 3 2 6 1 5 4 
	-> 1 2 3 4 5 6 
Structure 872: 3 12 2 8 9 1 5 4 
	-> 1 2 3 4 5 8 9 
Structure 873: 3 2 8 9 1 5 4 
	-> 1 2 3 4 5 8 9 
Structure 874: 3 7 2 6 1 10 4 
	-> 1 2 3 4 6 7 10 
Structure 875: 3 21 2 8 9 1 5 4 
	-> 1 2 3 4 5 8 9 
Structure 876: 3 2 6 1 5 4 
	-> 1 2 3 4 5 6 
Structure 877: 3 12 2 6 14 1 5 4 
	-> 1 2 3 4 5 6 
Structure 878: 3 2 8 9 1 5 4 
	-> 1 2 3 4 5 8 9 
Structure 879: 3 11 2 6 1 10 16 4 
	-> 1 2 3 4 6 10 11 
Structure 880: 3 2 8 9 19 1 5 13 
	-> 1 2 3 5 8 9 
Structure 881: 3 7 2 8 9 1 5 4 
	-> 1 2 3 4 5 7 8 9 
Structure 882: 3 11 2 8 9 1 5 4 
	-> 1 2 3 4 5 8 9 11 
Structure 883: 3 2 6 1 5 4 
	-> 1 2 3 4 5 6 
Structure 884: 3 2 8 9 1 5 4 
	-> 1 2 3 4 5 8 9 
Structure 885: 3 11 2 6 1 5 4 
	-> 1 2 3 4 5 6 11 
Structure 886: 3 7 2 6 1 5 4 
	-> 1 2 3 4 5 6 7 
Structure 887: 3 2 6 1 5 4 
	-> 1 2 3 4 5 6 
Structure 888: 3 2 8 9 1 10 4 
	-> 1 2 3 4 8 9 10 
Structure 889: 3 7 2 6 1 5 4 
	-> 1 2 3 4 5 6 7 
Structure 890: 3 7 2 6 1 5 4 
	-> 1 2 3 4 5 6 7 
Structure 891: 3 11 17 6 1 10 4 
	-> 1 3 4 6 10 11 
Structure 892: 3 11 2 8 9 19 1 10 4 
	-> 1 2 3 4 8 9 10 11 
Structure 893: 3 35 2 8 9 1 5 4 
	-> 1 2 3 4 5 8 9 
Structure 894: 3 7 2 6 1 5 4 
	-> 1 2 3 4 5 6 7 
Structure 895: 3 2 6 1 5 4 
	-> 1 2 3 4 5 6 
Structure 896: 3 7 2 8 9 1 10 4 
	-> 1 2 3 4 7 8 9 10 
Structure 897: 3 2 8 9 1 5 4 
	-> 1 2 3 4 5 8 9 
Structure 898: 3 7 2 6 28 1 10 4 
	-> 1 2 3 4 6 7 10 
Structure 899: 3 29 17 6 1 10 4 
	-> 1 3 4 6 10 
Structure 900: 3 7 2 6 1 5 4 
	-> 1 2 3 4 5 6 7 
Structure 901: 3 2 8 9 14 5 13 
	-> 2 3 5 8 9 
Structure 902: 3 7 2 8 9 1 10 4 
	-> 1 2 3 4 7 8 9 10 
Structure 903: 3 12 2 8 9 1 5 4 
	-> 1 2 3 4 5 8 9 
Structure 904: 3 2 6 1 5 4 
	-> 1 2 3 4 5 6 
Structure 905: 3 2 6 1 5 4 
	-> 1 2 3 4 5 6 
Structure 906: 3 2 6 1 5 4 
	-> 1 2 3 4 5 6 
Structure 907: 7 2 6 1 5 4 
	-> 1 2 4 5 6 7 
Structure 908: 3 11 2 6 14 1 5 13 
	-> 1 2 3 5 6 11 
Structure 909: 3 2 6 1 5 30 4 
	-> 1 2 3 4 5 6 
Structure 910: 7 2 8 9 1 10 4 
	-> 1 2 4 7 8 9 10 
Structure 911: 3 21 2 8 9 19 1 5 4 
	-> 1 2 3 4 5 8 9 
Structure 912: 3 7 2 8 9 1 5 4 
	-> 1 2 3 4 5 7 8 9 
Structure 913: 3 7 2 8 9 19 1 5 4 
	-> 1 2 3 4 5 7 8 9 
Structure 914: 3 7 2 6 1 5 4 
	-> 1 2 3 4 5 6 7 
Structure 915: 3 7 2 6 1 5 4 
	-> 1 2 3 4 5 6 7 
Structure 916: 3 2 6 1 5 4 
	-> 1 2 3 4 5 6 
Structure 917: 3 11 2 6 14 1 5 13 
	-> 1 2 3 5 6 11 
Structure 918: 3 2 6 1 5 4 
	-> 1 2 3 4 5 6 
Structure 919: 3 21 18 2 8 9 1 10 4 
	-> 1 2 3 4 8 9 10 
Structure 920: 3 11 2 6 1 5 4 
	-> 1 2 3 4 5 6 11 
Structure 921: 7 2 6 27 1 5 4 
	-> 1 2 4 5 6 7 
Structure 922: 3 21 2 6 1 5 4 
	-> 1 2 3 4 5 6 
Structure 923: 3 7 2 6 1 5 4 
	-> 1 2 3 4 5 6 7 
Structure 924: 3 7 2 6 1 5 4 
	-> 1 2 3 4 5 6 7 
Structure 925: 3 2 8 9 1 5 4 
	-> 1 2 3 4 5 8 9 
Structure 926: 3 11 2 6 1 5 4 
	-> 1 2 3 4 5 6 11 
Structure 927: 3 7 2 8 9 1 5 4 
	-> 1 2 3 4 5 7 8 9 
Structure 928: 3 2 6 1 5 4 
	-> 1 2 3 4 5 6 
Structure 929: 3 12 2 8 9 1 5 4 
	-> 1 2 3 4 5 8 9 
Structure 930: 3 2 6 1 5 16 4 
	-> 1 2 3 4 5 6 
Structure 931: 3 7 2 6 28 1 5 13 
	-> 1 2 3 5 6 7 
Structure 932: 3 2 8 9 1 5 4 
	-> 1 2 3 4 5 8 9 
Structure 933: 3 11 2 6 1 5 4 
	-> 1 2 3 4 5 6 11 
Structure 934: 3 26 2 8 9 1 5 4 
	-> 1 2 3 4 5 8 9 
Structure 935: 3 7 2 6 1 5 4 
	-> 1 2 3 4 5 6 7 
Structure 936: 3 21 2 6 1 5 4 
	-> 1 2 3 4 5 6 
Structure 937: 3 2 6 1 5 4 
	-> 1 2 3 4 5 6 
Structure 938: 3 7 2 6 1 5 4 
	-> 1 2 3 4 5 6 7 
Structure 939: 3 12 2 8 9 1 5 4 
	-> 1 2 3 4 5 8 9 
Structure 940: 3 2 6 1 5 4 
	-> 1 2 3 4 5 6 
Structure 941: 3 7 2 6 1 10 4 
	-> 1 2 3 4 6 7 10 
Structure 942: 7 2 6 1 5 4 
	-> 1 2 4 5 6 7 
Structure 943: 3 11 2 6 1 5 4 
	-> 1 2 3 4 5 6 11 
Structure 944: 3 7 2 6 1 5 4 
	-> 1 2 3 4 5 6 7 
Structure 945: 3 2 8 9 1 5 4 
	-> 1 2 3 4 5 8 9 
Structure 946: 3 7 2 8 9 1 5 4 
	-> 1 2 3 4 5 7 8 9 
Structure 947: 3 11 7 2 8 9 1 5 4 
	-> 1 2 3 4 5 7 8 9 11 
Structure 948: 3 7 2 8 9 34 1 5 13 
	-> 1 2 3 5 7 8 9 
Structure 949: 3 11 2 8 9 1 5 4 
	-> 1 2 3 4 5 8 9 11 
Structure 950: 3 2 6 14 5 13 
	-> 2 3 5 6 
Structure 951: 3 7 2 8 9 1 5 4 
	-> 1 2 3 4 5 7 8 9 
Structure 952: 3 12 2 6 1 5 4 
	-> 1 2 3 4 5 6 
Structure 953: 3 11 2 6 1 36 4 
	-> 1 2 3 4 6 11 
Structure 954: 3 11 26 17 62 6 1 5 4 
	-> 1 3 4 5 6 11 
Structure 955: 3 2 8 9 1 5 4 
	-> 1 2 3 4 5 8 9 
Structure 956: 3 11 7 2 8 9 14 1 5 4 
	-> 1 2 3 4 5 7 8 9 11 
Structure 957: 3 12 2 8 9 1 5 4 
	-> 1 2 3 4 5 8 9 
Structure 958: 3 7 2 6 1 5 4 
	-> 1 2 3 4 5 6 7 
Structure 959: 3 11 2 6 1 5 4 
	-> 1 2 3 4 5 6 11 
Structure 960: 3 2 8 9 1 5 4 
	-> 1 2 3 4 5 8 9 
Structure 961: 3 7 2 6 1 5 4 
	-> 1 2 3 4 5 6 7 
Structure 962: 3 2 8 9 1 10 4 
	-> 1 2 3 4 8 9 10 
Structure 963: 3 2 6 1 10 4 
	-> 1 2 3 4 6 10 
Structure 964: 3 2 8 9 1 5 4 
	-> 1 2 3 4 5 8 9 
Structure 965: 3 7 2 8 9 22 1 5 4 
	-> 1 2 3 4 5 7 8 9 
Structure 966: 7 2 6 1 4 
	-> 1 2 4 6 7 
Structure 967: 3 2 6 1 10 4 
	-> 1 2 3 4 6 10 
Structure 968: 3 12 2 6 1 5 4 
	-> 1 2 3 4 5 6 
Structure 969: 3 7 2 6 1 10 4 
	-> 1 2 3 4 6 7 10 
Structure 970: 3 7 2 6 1 10 4 
	-> 1 2 3 4 6 7 10 
Structure 971: 3 2 8 9 22 1 5 4 
	-> 1 2 3 4 5 8 9 
Structure 972: 3 2 6 1 5 4 
	-> 1 2 3 4 5 6 
Structure 973: 3 12 2 8 9 1 5 15 4 
	-> 1 2 3 4 5 8 9 
Structure 974: 3 7 2 8 9 1 5 4 
	-> 1 2 3 4 5 7 8 9 
Structure 975: 3 12 2 6 1 10 4 
	-> 1 2 3 4 6 10 
Structure 976: 3 12 2 8 9 1 5 4 
	-> 1 2 3 4 5 8 9 
Structure 977: 3 2 6 1 5 4 
	-> 1 2 3 4 5 6 
Structure 978: 3 11 2 8 9 1 10 4 
	-> 1 2 3 4 8 9 10 11 
Structure 979: 3 7 2 6 1 5 4 
	-> 1 2 3 4 5 6 7 
Structure 980: 3 2 8 9 1 10 4 
	-> 1 2 3 4 8 9 10 
Structure 981: 3 11 26 2 8 9 1 5 4 
	-> 1 2 3 4 5 8 9 11 
Structure 982: 3 7 2 8 9 1 5 4 
	-> 1 2 3 4 5 7 8 9 
Structure 983: 3 2 6 1 5 4 
	-> 1 2 3 4 5 6 
Structure 984: 3 7 2 6 1 5 4 
	-> 1 2 3 4 5 6 7 
Structure 985: 3 7 2 8 9 19 1 5 4 
	-> 1 2 3 4 5 7 8 9 
Structure 986: 3 7 2 8 9 1 5 4 
	-> 1 2 3 4 5 7 8 9 
Structure 987: 3 2 6 1 5 15 4 
	-> 1 2 3 4 5 6 
Structure 988: 3 7 2 6 1 5 30 4 
	-> 1 2 3 4 5 6 7 
Structure 989: 7 2 8 9 1 5 4 
	-> 1 2 4 5 7 8 9 
Structure 990: 3 2 6 1 5 4 
	-> 1 2 3 4 5 6 
Structure 991: 20 7 2 8 9 1 5 4 
	-> 1 2 4 5 7 8 9 
Structure 992: 3 11 2 6 1 36 4 
	-> 1 2 3 4 6 11 
Structure 993: 3 11 2 8 9 24 1 5 13 
	-> 1 2 3 5 8 9 11 
Structure 994: 3 7 2 8 9 1 5 4 
	-> 1 2 3 4 5 7 8 9 
Structure 995: 3 2 8 1 5 4 
	-> 1 2 3 4 5 8 
Structure 996: 3 2 6 1 5 4 
	-> 1 2 3 4 5 6 
Structure 997: 3 2 6 1 5 4 
	-> 1 2 3 4 5 6 
Structure 998: 3 7 2 6 1 5 4 
	-> 1 2 3 4 5 6 7 
Structure 999: 7 2 8 9 1 5 4 
	-> 1 2 4 5 7 8 9 
Structure 1000: 3 2 6 1 5 4 
	-> 1 2 4 5 7 8 9  