Processing: /home/hwilco/Documents/RNA Research/RNAStructProfiling-master/output/training/Actinobacillus_succi.1_sfold/input/Actinobacillus_succi.1_sfold.out
Structure 1: 1 43 B 62 28 29 20 12 6
	-> 1 B 6 
Structure 2: 1 2 21 19 14 71 A 8 7 3 4
	-> 1 A 2 3 4 7 8 
Structure 3: 1 2 15 22 16 8 7 3 6 4
	-> 1 2 3 4 6 7 8 
Structure 4: 1 2 21 19 14 51 9 A 26 38 4
	-> 1 A 2 4 9 
Structure 5: 178 179 2 15 16 8 7 3 6 4
	-> 2 3 4 6 7 8 
Structure 6: 1 58 B 9 A 20 12 13 54
	-> 1 A B 9 
Structure 7: 1 57 B 66 72 35 36 25 30 23 24 78
	-> 1 B 
Structure 8: 1 45 15 22 16 3 20 12 13
	-> 1 3 
Structure 9: 1 2 B 9 A 25 30 23 24 4
	-> 1 A 2 4 B 9 
Structure 10: 1 2 15 92 16 8 7 3 6 4
	-> 1 2 3 4 6 7 8 
Structure 11: 1 2 21 19 14 18 101 A 8 7 3 4
	-> 1 A 2 3 4 7 8 
Structure 12: 1 B 9 A 3 20 12 13
	-> 1 A 3 B 9 
Structure 13: 1 2 B 9 A 25 30 23 24 4
	-> 1 A 2 4 B 9 
Structure 14: 1 2 21 19 14 18 A 8 7 3 4
	-> 1 A 2 3 4 7 8 
Structure 15: 1 2 21 19 14 18 A 8 7 3 42
	-> 1 A 2 3 7 8 
Structure 16: 1 2 15 16 8 7 3 6 4
	-> 1 2 3 4 6 7 8 
Structure 17: 1 2 15 22 16 8 7 3 6 42
	-> 1 2 3 6 7 8 
Structure 18: 1 27 B 9 A 37 12 13
	-> 1 A B 9 
Structure 19: 1 2 15 22 16 8 7 3 6 4
	-> 1 2 3 4 6 7 8 
Structure 20: 1 2 15 22 16 8 7 3 6 4
	-> 1 2 3 4 6 7 8 
Structure 21: 1 43 B 62 28 29 20 12 13
	-> 1 B 
Structure 22: 1 45 15 22 16 28 29 20 12 13 54
	-> 1 
Structure 23: 1 2 15 22 16 8 7 3 6 4
	-> 1 2 3 4 6 7 8 
Structure 24: 1 45 B A 3 20 12 13
	-> 1 A 3 B 
Structure 25: 1 2 21 19 14 18 A 8 7 3 4
	-> 1 A 2 3 4 7 8 
Structure 26: 1 2 21 19 14 18 A 8 7 3 4
	-> 1 A 2 3 4 7 8 
Structure 27: 1 27 B 9 A 12 6 79
	-> 1 A B 6 9 
Structure 28: 1 2 15 22 16 8 7 3 6 4
	-> 1 2 3 4 6 7 8 
Structure 29: 1 B 9 A 3 93 12 13
	-> 1 A 3 B 9 
Structure 30: 1 2 15 92 16 8 7 3 6 4
	-> 1 2 3 4 6 7 8 
Structure 31: 1 43 B 62 3 20 12 13 47
	-> 1 3 B 
Structure 32: 1 2 21 19 14 18 33 A 48 28 29 4
	-> 1 A 2 4 
Structure 33: 1 45 15 22 16 3 20 12 13
	-> 1 3 
Structure 34: 1 59 B A 7 3 20 12 6
	-> 1 A 3 B 6 7 
Structure 35: 1 2 B 9 A 6 4
	-> 1 A 2 4 B 6 9 
Structure 36: 1 2 B A 8 7 3 6 4
	-> 1 A 2 3 4 B 6 7 8 
Structure 37: 1 B 40 8 7 3 6
	-> 1 3 B 6 7 8 
Structure 38: 1 2 B 9 A 26 63 6 4 52
	-> 1 A 2 4 B 6 9 
Structure 39: 1 2 B 9 A 26 38 6 4 52
	-> 1 A 2 4 B 6 9 
Structure 40: 1 2 15 22 16 8 7 3 6 4
	-> 1 2 3 4 6 7 8 
Structure 41: 1 45 15 32 16 28 29 12 13
	-> 1 
Structure 42: 1 2 B 180 9 A 3 6 42
	-> 1 A 2 3 B 6 9 
Structure 43: 1 2 B A 8 7 3 6 4
	-> 1 A 2 3 4 B 6 7 8 
Structure 44: 1 27 B 9 A 3 12 13
	-> 1 A 3 B 9 
Structure 45: 1 49 53 9 A 3 20 12 6 79
	-> 1 A 3 6 9 
Structure 46: 1 2 15 22 16 181 28 29 6 4
	-> 1 2 4 6 
Structure 47: 1 45 15 32 16 3 12 13 54
	-> 1 3 
Structure 48: 1 2 44 19 14 18 A 8 7 3 4
	-> 1 A 2 3 4 7 8 
Structure 49: 1 2 B 33 118 A 46 3 6 4
	-> 1 A 2 3 4 B 6 
Structure 50: 1 2 21 19 14 18 33 A 7 3 4
	-> 1 A 2 3 4 7 
Structure 51: 1 2 B 41 34 A 28 29 6 4
	-> 1 A 2 4 B 6 
Structure 52: 1 2 B A 8 7 3 6 4
	-> 1 A 2 3 4 B 6 7 8 
Structure 53: 1 2 B 9 A 3 6 4
	-> 1 A 2 3 4 B 6 9 
Structure 54: 1 45 15 32 16 28 29 20 12 13
	-> 1 
Structure 55: 1 2 B 9 A 102 119 39 4
	-> 1 A 2 4 B 9 
Structure 56: 1 2 21 19 14 18 9 A 26 4
	-> 1 A 2 4 9 
Structure 57: 1 2 15 22 16 8 7 3 6 4
	-> 1 2 3 4 6 7 8 
Structure 58: 1 2 B A 8 7 3 6 4
	-> 1 A 2 3 4 B 6 7 8 
Structure 59: 1 73 B 9 A 61 39 6 4
	-> 1 A 4 B 6 9 
Structure 60: 1 2 21 19 14 18 9 A 103 3 4
	-> 1 A 2 3 4 9 
Structure 61: 1 58 B 182 9 A 12 13 143
	-> 1 A B 9 
Structure 62: 1 2 15 22 16 37 6 4
	-> 1 2 4 6 
Structure 63: 1 43 B 3 20 12 6 79
	-> 1 3 B 6 
Structure 64: 1 31 B A 3 20 12 13
	-> 1 A 3 B 
Structure 65: 1 2 B 9 A 3 6 4
	-> 1 A 2 3 4 B 6 9 
Structure 66: 1 43 B 62 3 12 13
	-> 1 3 B 
Structure 67: 1 2 21 19 14 18 9 A 48 26 4
	-> 1 A 2 4 9 
Structure 68: 1 2 15 22 16 8 7 3 6 4
	-> 1 2 3 4 6 7 8 
Structure 69: 1 2 21 19 14 18 A 8 7 3 64
	-> 1 A 2 3 7 8 
Structure 70: 1 2 15 22 16 8 7 3 6 4
	-> 1 2 3 4 6 7 8 
Structure 71: 1 2 21 19 14 18 A 8 7 3 4
	-> 1 A 2 3 4 7 8 
Structure 72: 1 2 21 19 14 18 101 33 A 28 29 81
	-> 1 A 2 
Structure 73: 1 2 82 19 14 18 A 8 7 3 4
	-> 1 A 2 3 4 7 8 
Structure 74: 1 2 21 19 14 18 9 A 26 183 4
	-> 1 A 2 4 9 
Structure 75: 1 2 21 19 14 18 9 A 46 3 4
	-> 1 A 2 3 4 9 
Structure 76: 1 31 B A 3 20 12 13
	-> 1 A 3 B 
Structure 77: 1 58 B 75 9 A 12 6 83
	-> 1 A B 6 9 
Structure 78: 1 2 B 41 34 A 3 6 4
	-> 1 A 2 3 4 B 6 
Structure 79: 1 2 44 14 18 A 8 7 3 4
	-> 1 A 2 3 4 7 8 
Structure 80: 1 2 15 32 16 8 7 3 6 83 4
	-> 1 2 3 4 6 7 8 
Structure 81: 1 57 B 184 A 3 20 12 13
	-> 1 A 3 B 
Structure 82: 1 2 15 22 16 8 7 3 6 4
	-> 1 2 3 4 6 7 8 
Structure 83: 1 2 21 19 14 18 A 8 7 3 4
	-> 1 A 2 3 4 7 8 
Structure 84: 1 27 B 84 85 86 12 13
	-> 1 B 
Structure 85: 1 43 B 120 3 20 12 13
	-> 1 3 B 
Structure 86: 1 27 B 9 A 3 12 13
	-> 1 A 3 B 9 
Structure 87: 1 73 B 9 A 48 3 20 12 13
	-> 1 A 3 B 9 
Structure 88: 1 2 21 19 14 18 9 A 48 3 4
	-> 1 A 2 3 4 9 
Structure 89: 1 15 92 16 28 29 20 12 13 47
	-> 1 
Structure 90: 1 2 B 9 A 3 23 24 4
	-> 1 A 2 3 4 B 9 
Structure 91: 1 94 2 B 185 A 46 3 6 4
	-> 1 A 2 3 4 B 6 
Structure 92: 1 2 55 50 76 9 A 6 4
	-> 1 A 2 4 6 9 
Structure 93: 1 2 44 19 14 18 A 46 3 4
	-> 1 A 2 3 4 
Structure 94: 1 57 B 40 35 36 25 30 23 24 4
	-> 1 4 B 
Structure 95: 1 2 15 32 16 8 67 7 3 6 4
	-> 1 2 3 4 6 7 8 
Structure 96: 1 2 21 19 95 14 18 9 A 3 4
	-> 1 A 2 3 4 9 
Structure 97: 1 2 21 19 14 18 A 8 7 3 4
	-> 1 A 2 3 4 7 8 
Structure 98: 1 2 15 22 16 8 7 3 6 4
	-> 1 2 3 4 6 7 8 
Structure 99: 1 2 21 19 14 18 A 8 7 3 4
	-> 1 A 2 3 4 7 8 
Structure 100: 1 45 15 32 16 3 20 12 13
	-> 1 3 
Structure 101: 144 1 49 53 9 A 3 20 6 78
	-> 1 A 3 6 9 
Structure 102: 1 2 15 32 16 8 68 3 6 4
	-> 1 2 3 4 6 8 
Structure 103: 1 2 21 19 14 18 A 8 7 3 4
	-> 1 A 2 3 4 7 8 
Structure 104: 1 2 21 19 14 18 9 A 3 4
	-> 1 A 2 3 4 9 
Structure 105: 1 2 B 41 34 A 3 6 4
	-> 1 A 2 3 4 B 6 
Structure 106: 69 104 2 21 19 14 18 A 8 7 3 4
	-> A 2 3 4 7 8 
Structure 107: 121 87 90 65 B 40 145 122 105 8 7 3
	-> 3 B 7 8 
Structure 108: 1 2 21 19 14 18 A 8 7 3 42
	-> 1 A 2 3 7 8 
Structure 109: 1 B 9 A 3 20 12 13
	-> 1 A 3 B 9 
Structure 110: 1 2 15 32 16 8 7 3 6 4
	-> 1 2 3 4 6 7 8 
Structure 111: 1 2 15 32 16 8 7 3 6 4
	-> 1 2 3 4 6 7 8 
Structure 112: 1 2 21 19 14 18 A 8 7 3 4
	-> 1 A 2 3 4 7 8 
Structure 113: 1 2 15 22 16 8 7 3 6 4
	-> 1 2 3 4 6 7 8 
Structure 114: 1 2 21 19 14 18 A 8 7 3 4
	-> 1 A 2 3 4 7 8 
Structure 115: 1 31 B A 3 20 12 13
	-> 1 A 3 B 
Structure 116: 1 B 9 A 3 20 12 13
	-> 1 A 3 B 9 
Structure 117: 1 2 15 22 16 8 7 3 6 4 52
	-> 1 2 3 4 6 7 8 
Structure 118: 1 2 B 9 A 3 6 4
	-> 1 A 2 3 4 B 6 9 
Structure 119: 1 2 B 9 A 146 3 23 24 4
	-> 1 A 2 3 4 B 9 
Structure 120: 1 2 21 19 14 18 A 8 7 3 4
	-> 1 A 2 3 4 7 8 
Structure 121: 1 2 B 41 34 60 56 6 4
	-> 1 2 4 B 6 
Structure 122: 1 2 15 22 16 8 7 3 6 106
	-> 1 2 3 6 7 8 
Structure 123: 1 2 15 22 16 8 7 3 6 4
	-> 1 2 3 4 6 7 8 
Structure 124: 1 2 55 50 96 76 9 A 6 4
	-> 1 A 2 4 6 9 
Structure 125: 1 27 B 9 A 3 12 13
	-> 1 A 3 B 9 
Structure 126: 1 147 B 9 A 3 20 12 13
	-> 1 A 3 B 9 
Structure 127: 1 2 19 14 18 9 A 3 4
	-> 1 A 2 3 4 9 
Structure 128: 1 2 15 22 16 8 7 3 4
	-> 1 2 3 4 7 8 
Structure 129: 1 2 44 14 18 9 A 26 38 4
	-> 1 A 2 4 9 
Structure 130: 1 2 15 22 16 8 7 3 6 4
	-> 1 2 3 4 6 7 8 
Structure 131: 1 73 B 9 A 148 186 61 39 6
	-> 1 A B 6 9 
Structure 132: 1 149 B 9 A 3 93 12 13
	-> 1 A 3 B 9 
Structure 133: 1 2 21 19 14 18 9 A 26 38 4
	-> 1 A 2 4 9 
Structure 134: 1 45 15 22 16 37 20 12 97 77
	-> 1 
Structure 135: 1 2 82 95 14 18 A 7 3 4
	-> 1 A 2 3 4 7 
Structure 136: 1 2 15 22 16 8 7 3 6 4
	-> 1 2 3 4 6 7 8 
Structure 137: 1 2 21 19 14 51 A 28 29 39 42
	-> 1 A 2 
Structure 138: 1 2 15 22 16 8 7 3 6 4
	-> 1 2 3 4 6 7 8 
Structure 139: 1 2 15 22 16 46 3 6 4
	-> 1 2 3 4 6 
Structure 140: 1 2 21 19 14 18 A 8 7 3 4
	-> 1 A 2 3 4 7 8 
Structure 141: 1 2 B A 8 7 3 6 4
	-> 1 A 2 3 4 B 6 7 8 
Structure 142: 1 45 15 22 16 3 20 12 6
	-> 1 3 6 
Structure 143: 1 2 19 14 18 A 8 7 3 4
	-> 1 A 2 3 4 7 8 
Structure 144: 1 2 B 9 A 25 30 23 24 4
	-> 1 A 2 4 B 9 
Structure 145: 1 45 15 32 16 28 29 20 12 13
	-> 1 
Structure 146: 1 31 B A 88 89 123 107 6 79
	-> 1 A B 6 
Structure 147: 150 151 187 9 A 37 152 91 6
	-> A 6 9 
Structure 148: 1 2 15 22 16 25 30 23 24 4
	-> 1 2 4 
Structure 149: 1 2 21 19 14 18 A 8 7 3 4
	-> 1 A 2 3 4 7 8 
Structure 150: 1 2 19 14 51 A 8 7 3 4
	-> 1 A 2 3 4 7 8 
Structure 151: 1 58 B 188 124 35 36 20 12 13
	-> 1 B 
Structure 152: 1 2 21 19 14 18 9 A 37 4
	-> 1 A 2 4 9 
Structure 153: 1 2 15 22 16 8 7 3 6 4 52
	-> 1 2 3 4 6 7 8 
Structure 154: 1 2 55 50 9 A 3 6 4
	-> 1 A 2 3 4 6 9 
Structure 155: 1 2 15 32 16 8 7 3 6 4
	-> 1 2 3 4 6 7 8 
Structure 156: 1 2 B 9 A 7 3 6 4
	-> 1 A 2 3 4 B 6 7 9 
Structure 157: 1 2 44 19 14 18 A 8 7 3 4
	-> 1 A 2 3 4 7 8 
Structure 158: 1 2 21 19 14 18 9 A 26 63 4
	-> 1 A 2 4 9 
Structure 159: 1 43 B 80 3 20 12 13
	-> 1 3 B 
Structure 160: 1 2 15 22 16 8 7 3 6 4
	-> 1 2 3 4 6 7 8 
Structure 161: 1 27 B 9 A 3 12 13
	-> 1 A 3 B 9 
Structure 162: 1 2 44 14 18 9 A 3 4
	-> 1 A 2 3 4 9 
Structure 163: 1 2 21 19 14 18 A 8 7 3 4
	-> 1 A 2 3 4 7 8 
Structure 164: 1 2 21 19 14 18 A 8 7 3 4
	-> 1 A 2 3 4 7 8 
Structure 165: 1 2 21 19 14 51 A 8 7 3 4
	-> 1 A 2 3 4 7 8 
Structure 166: 1 2 B 34 A 7 3 6 189
	-> 1 A 2 3 B 6 7 
Structure 167: 1 2 B A 8 7 3 6 4 98
	-> 1 A 2 3 4 B 6 7 8 
Structure 168: 1 2 B A 46 103 3 6 4 52
	-> 1 A 2 3 4 B 6 
Structure 169: 1 31 B A 3 20 12 13
	-> 1 A 3 B 
Structure 170: 1 31 B A 3 20 12 13 47
	-> 1 A 3 B 
Structure 171: 1 2 15 32 16 8 7 3 6 4
	-> 1 2 3 4 6 7 8 
Structure 172: 1 2 B 71 A 7 3 4
	-> 1 A 2 3 4 B 7 
Structure 173: 1 2 15 22 16 8 7 3 6 4
	-> 1 2 3 4 6 7 8 
Structure 174: 1 58 B 9 A 20 12 13
	-> 1 A B 9 
Structure 175: 1 2 44 125 9 A 37 23 24 4
	-> 1 A 2 4 9 
Structure 176: 1 2 B A 8 7 3 6 42
	-> 1 A 2 3 B 6 7 8 
Structure 177: 1 2 15 22 16 8 7 3 6 4
	-> 1 2 3 4 6 7 8 
Structure 178: 1 2 B 9 A 146 3 23 24 4
	-> 1 A 2 3 4 B 9 
Structure 179: 1 45 15 22 16 28 29 20 12 13
	-> 1 
Structure 180: 1 2 B 9 A 25 30 23 24 4
	-> 1 A 2 4 B 9 
Structure 181: 1 2 55 50 76 153 A 56 6 4
	-> 1 A 2 4 6 
Structure 182: 1 59 B A 28 29 126 20 12 6 77
	-> 1 A B 6 
Structure 183: 1 2 B 127 33 A 7 3 6 4
	-> 1 A 2 3 4 B 6 7 
Structure 184: 1 2 15 154 8 7 3 6 4
	-> 1 2 3 4 6 7 8 
Structure 185: 1 2 155 9 A 3 6 4
	-> 1 A 2 3 4 6 9 
Structure 186: 1 2 B A 8 7 3 6 4
	-> 1 A 2 3 4 B 6 7 8 
Structure 187: 1 27 B 9 A 3 12 13
	-> 1 A 3 B 9 
Structure 188: 1 2 19 14 18 A 8 7 3 156 4
	-> 1 A 2 3 4 7 8 
Structure 189: 1 2 15 22 16 8 7 3 6 4 98
	-> 1 2 3 4 6 7 8 
Structure 190: 69 1 2 21 19 14 18 A 8 7 3 4
	-> 1 A 2 3 4 7 8 
Structure 191: 1 2 B A 28 29 6 4
	-> 1 A 2 4 B 6 
Structure 192: 1 2 B 9 A 26 38 6 4
	-> 1 A 2 4 B 6 9 
Structure 193: 1 73 B 9 A 88 89 39 6 157
	-> 1 A B 6 9 
Structure 194: 1 31 B A 3 20 12 13
	-> 1 A 3 B 
Structure 195: 1 43 B 62 8 7 3 6 128
	-> 1 3 B 6 7 8 
Structure 196: 1 2 B 33 A 37 6 4
	-> 1 A 2 4 B 6 
Structure 197: 1 2 15 22 16 8 7 3 6 4
	-> 1 2 3 4 6 7 8 
Structure 198: 1 2 49 53 A 8 7 3 6 4
	-> 1 A 2 3 4 6 7 8 
Structure 199: 1 2 15 32 16 7 3 6 4
	-> 1 2 3 4 6 7 
Structure 200: 1 2 21 19 14 18 33 A 7 3 4
	-> 1 A 2 3 4 7 
Structure 201: 1 2 B A 8 7 3 6 4
	-> 1 A 2 3 4 B 6 7 8 
Structure 202: 1 45 15 32 16 7 3 20 12 13
	-> 1 3 7 
Structure 203: 1 B 40 35 36 25 30 23 24 143
	-> 1 B 
Structure 204: 1 27 B 9 A 12 13
	-> 1 A B 9 
Structure 205: 1 2 15 22 16 8 7 3 6 4
	-> 1 2 3 4 6 7 8 
Structure 206: 1 2 B 34 60 56 6 4
	-> 1 2 4 B 6 
Structure 207: 1 2 B 71 A 8 7 3 4
	-> 1 A 2 3 4 B 7 8 
Structure 208: 1 31 B A 3 20 12 13
	-> 1 A 3 B 
Structure 209: 1 2 21 19 14 18 33 A 8 7 3 4
	-> 1 A 2 3 4 7 8 
Structure 210: 1 2 B A 8 7 3 6 4
	-> 1 A 2 3 4 B 6 7 8 
Structure 211: 1 2 44 108 190 A 8 7 3 4
	-> 1 A 2 3 4 7 8 
Structure 212: 1 99 129 40 105 8 7 3 6 4
	-> 1 3 4 6 7 8 
Structure 213: 1 2 B 9 A 3 6 4
	-> 1 A 2 3 4 B 6 9 
Structure 214: 1 2 B 75 9 A 25 30 23 24 4
	-> 1 A 2 4 B 9 
Structure 215: 1 43 49 53 80 28 29 93 12 13 47
	-> 1 
Structure 216: 1 2 49 53 A 8 7 3 6 4
	-> 1 A 2 3 4 6 7 8 
Structure 217: 1 2 B A 8 7 3 6 4
	-> 1 A 2 3 4 B 6 7 8 
Structure 218: 1 2 B A 46 3 6 4
	-> 1 A 2 3 4 B 6 
Structure 219: 1 27 B 9 A 3 12 13
	-> 1 A 3 B 9 
Structure 220: 1 2 21 19 14 18 A 26 38 81
	-> 1 A 2 
Structure 221: 1 2 B A 8 7 3 6 4
	-> 1 A 2 3 4 B 6 7 8 
Structure 222: 1 2 21 19 14 18 A 8 7 3 64
	-> 1 A 2 3 7 8 
Structure 223: 1 2 15 32 16 8 7 3 6 4
	-> 1 2 3 4 6 7 8 
Structure 224: 1 2 21 19 14 18 33 A 8 7 3 4
	-> 1 A 2 3 4 7 8 
Structure 225: 1 B 9 A 37 20 12 13
	-> 1 A B 9 
Structure 226: 1 57 B A 3 20 12 13
	-> 1 A 3 B 
Structure 227: 1 191 31 B A 3 12 6 79
	-> 1 A 3 B 6 
Structure 228: 1 2 B 9 A 25 30 23 24 4
	-> 1 A 2 4 B 9 
Structure 229: 1 2 15 32 16 8 7 3 6 4
	-> 1 2 3 4 6 7 8 
Structure 230: 1 45 15 22 16 109 89 123 107 192 13 54
	-> 1 
Structure 231: 1 2 21 19 14 18 51 9 A 3 4
	-> 1 A 2 3 4 9 
Structure 232: 1 43 B 20 12 13
	-> 1 B 
Structure 233: 1 B 9 A 3 20 12 13
	-> 1 A 3 B 9 
Structure 234: 1 31 B A 3 20 12 6 193
	-> 1 A 3 B 6 
Structure 235: 1 2 B 34 35 36 3 6 4
	-> 1 2 3 4 B 6 
Structure 236: 69 1 2 15 32 16 8 7 3 6 4
	-> 1 2 3 4 6 7 8 
Structure 237: 1 2 B 9 A 3 6 4
	-> 1 A 2 3 4 B 6 9 
Structure 238: 1 49 9 A 158 110 61 39 6
	-> 1 A 6 9 
Structure 239: 74 1 2 B 9 A 7 3 23 24 4
	-> 1 A 2 3 4 B 7 9 
Structure 240: 1 27 B 9 A 37 12 13
	-> 1 A B 9 
Structure 241: 1 2 15 22 16 8 68 7 3 6 4
	-> 1 2 3 4 6 7 8 
Structure 242: 1 2 B 71 A 26 38 4
	-> 1 A 2 4 B 
Structure 243: 74 1 2 15 16 8 7 3 6 4
	-> 1 2 3 4 6 7 8 
Structure 244: 1 2 21 19 14 18 9 A 7 3 4
	-> 1 A 2 3 4 7 9 
Structure 245: 1 B A 8 7 3 13 4
	-> 1 A 3 4 B 7 8 
Structure 246: 1 27 B 9 A 37 12 13
	-> 1 A B 9 
Structure 247: 1 31 B 153 A 3 20 12 13
	-> 1 A 3 B 
Structure 248: 1 27 B 9 A 3 12 13 54
	-> 1 A 3 B 9 
Structure 249: 1 2 B 71 48 8 67 7 3 4
	-> 1 2 3 4 B 7 8 
Structure 250: 1 B 66 72 122 105 8 7 3 47
	-> 1 3 B 7 8 
Structure 251: 1 43 B 80 3 20 12 13
	-> 1 3 B 
Structure 252: 1 2 82 19 14 18 A 28 29 39 4
	-> 1 A 2 4 
Structure 253: 1 2 B 9 A 25 30 23 24 4
	-> 1 A 2 4 B 9 
Structure 254: 1 2 15 22 16 46 3 6 4
	-> 1 2 3 4 6 
Structure 255: 1 58 B 9 A 20 12 13
	-> 1 A B 9 
Structure 256: 1 43 49 53 62 46 3 111 6 106 159
	-> 1 3 6 
Structure 257: 1 59 B A 3 20 12 13
	-> 1 A 3 B 
Structure 258: 1 31 B A 3 20 12 13 47
	-> 1 A 3 B 
Structure 259: 1 2 15 92 32 16 7 3 6 4
	-> 1 2 3 4 6 7 
Structure 260: 1 27 B 9 A 3 12 13
	-> 1 A 3 B 9 
Structure 261: 1 58 B 9 A 20 12 13 47
	-> 1 A B 9 
Structure 262: 112 65 B 9 A 3 107 6
	-> A 3 B 6 9 
Structure 263: 1 2 15 22 16 8 7 3 6 4
	-> 1 2 3 4 6 7 8 
Structure 264: 1 2 15 22 16 8 7 3 6 4
	-> 1 2 3 4 6 7 8 
Structure 265: 1 2 15 32 16 8 7 3 6 4
	-> 1 2 3 4 6 7 8 
Structure 266: 1 2 194 50 9 A 3 6 4
	-> 1 A 2 3 4 6 9 
Structure 267: 1 2 15 22 16 8 7 3 6 4
	-> 1 2 3 4 6 7 8 
Structure 268: 1 B 9 A 37 20 12 13
	-> 1 A B 9 
Structure 269: 1 2 B 195 196 35 36 39 6 42
	-> 1 2 B 6 
Structure 270: 1 2 B 34 A 7 3 6 4
	-> 1 A 2 3 4 B 6 7 
Structure 271: 1 99 129 40 35 36 25 30 23 24 4
	-> 1 4 
Structure 272: 1 2 21 19 14 18 9 A 26 63 4
	-> 1 A 2 4 9 
Structure 273: 1 59 B 9 A 3 20 12 13
	-> 1 A 3 B 9 
Structure 274: 1 2 B 34 60 56 6 4
	-> 1 2 4 B 6 
Structure 275: 1 2 B 9 A 3 6 4
	-> 1 A 2 3 4 B 6 9 
Structure 276: 1 2 B 130 197 160 8 7 3 4
	-> 1 2 3 4 B 7 8 
Structure 277: 1 27 B 9 A 3 12 13
	-> 1 A 3 B 9 
Structure 278: 1 31 B A 3 20 12 13
	-> 1 A 3 B 
Structure 279: 1 2 B 9 A 161 162 39 4
	-> 1 A 2 4 B 9 
Structure 280: 1 2 44 19 14 18 A 3 4 52
	-> 1 A 2 3 4 
Structure 281: 1 2 B 9 A 25 30 23 24 4
	-> 1 A 2 4 B 9 
Structure 282: 1 2 B A 8 7 3 6 42
	-> 1 A 2 3 B 6 7 8 
Structure 283: 1 2 44 14 18 A 8 7 3 70 113
	-> 1 A 2 3 7 8 
Structure 284: 1 2 82 95 14 51 A 48 28 29 39 4
	-> 1 A 2 4 
Structure 285: 1 2 15 22 16 8 7 3 6 4
	-> 1 2 3 4 6 7 8 
Structure 286: 1 58 B 9 A 20 12 13 54
	-> 1 A B 9 
Structure 287: 1 27 B 9 A 48 3 12 13
	-> 1 A 3 B 9 
Structure 288: 1 2 B 71 A 8 7 3 4
	-> 1 A 2 3 4 B 7 8 
Structure 289: 1 2 B 41 34 60 56 6 4
	-> 1 2 4 B 6 
Structure 290: 1 31 B A 20 12 6
	-> 1 A B 6 
Structure 291: 1 73 B 9 A 20 12 13
	-> 1 A B 9 
Structure 292: 1 31 B A 3 20 12 13
	-> 1 A 3 B 
Structure 293: 1 2 15 22 16 8 7 3 6 4 52
	-> 1 2 3 4 6 7 8 
Structure 294: 1 2 B 33 A 3 6 4
	-> 1 A 2 3 4 B 6 
Structure 295: 1 57 B A 37 20 12 13 54
	-> 1 A B 
Structure 296: 1 2 B 33 A 7 3 6 4
	-> 1 A 2 3 4 B 6 7 
Structure 297: 1 2 B 41 34 35 36 6 4 52
	-> 1 2 4 B 6 
Structure 298: 1 2 15 22 16 46 103 3 6 42
	-> 1 2 3 6 
Structure 299: 69 1 2 21 19 14 18 9 A 3 4
	-> 1 A 2 3 4 9 
Structure 300: 1 31 B A 3 12 13
	-> 1 A 3 B 
Structure 301: 1 2 21 19 14 51 A 8 7 3 4
	-> 1 A 2 3 4 7 8 
Structure 302: 1 2 B 71 A 8 7 3 4
	-> 1 A 2 3 4 B 7 8 
Structure 303: 1 2 21 19 14 18 9 A 48 26 4
	-> 1 A 2 4 9 
Structure 304: 1 2 15 32 16 8 7 3 6 4
	-> 1 2 3 4 6 7 8 
Structure 305: 1 2 15 22 16 8 7 3 6 198 114
	-> 1 2 3 6 7 8 
Structure 306: 1 2 15 32 16 8 7 3 6 4
	-> 1 2 3 4 6 7 8 
Structure 307: 1 2 15 16 8 68 3 6 4
	-> 1 2 3 4 6 8 
Structure 308: 1 2 B 9 A 26 42
	-> 1 A 2 B 9 
Structure 309: 1 2 21 19 14 51 A 46 3 4
	-> 1 A 2 3 4 
Structure 310: 1 45 15 22 16 131 132 110 61 39 6
	-> 1 6 
Structure 311: 1 2 B 9 A 25 30 23 24 4
	-> 1 A 2 4 B 9 
Structure 312: 1 2 B A 8 7 3 6 4
	-> 1 A 2 3 4 B 6 7 8 
Structure 313: 1 2 B 41 34 A 7 3 6 4
	-> 1 A 2 3 4 B 6 7 
Structure 314: 1 2 15 22 16 8 7 3 6 4
	-> 1 2 3 4 6 7 8 
Structure 315: 1 2 15 32 16 8 7 3 6 4
	-> 1 2 3 4 6 7 8 
Structure 316: 1 2 21 19 14 18 A 8 7 3 4
	-> 1 A 2 3 4 7 8 
Structure 317: 74 1 31 B 9 A 3 20 12 13
	-> 1 A 3 B 9 
Structure 318: 1 149 B 9 A 3 20 12 13 54
	-> 1 A 3 B 9 
Structure 319: 1 2 B A 8 7 3 6 4
	-> 1 A 2 3 4 B 6 7 8 
Structure 320: 1 31 B 163 A 3 20 12 6
	-> 1 A 3 B 6 
Structure 321: 1 57 B 40 124 35 36 25 30 23 24 4
	-> 1 4 B 
Structure 322: 1 2 15 32 16 8 7 3 6 4
	-> 1 2 3 4 6 7 8 
Structure 323: 1 27 B 9 A 3 91 6
	-> 1 A 3 B 6 9 
Structure 324: 87 90 65 B 40 35 36 25 30 23 24
	-> B 
Structure 325: 74 1 2 B 9 A 3 6 4
	-> 1 A 2 3 4 B 6 9 
Structure 326: 1 2 15 22 16 8 7 3 6 4
	-> 1 2 3 4 6 7 8 
Structure 327: 1 2 44 14 18 9 A 3 4
	-> 1 A 2 3 4 9 
Structure 328: 1 2 B 9 A 26 6 100
	-> 1 A 2 B 6 9 
Structure 329: 1 2 B 9 A 48 3 6 4
	-> 1 A 2 3 4 B 6 9 
Structure 330: 1 27 B 9 A 37 12 13
	-> 1 A B 9 
Structure 331: 1 31 B A 3 20 12 13
	-> 1 A 3 B 
Structure 332: 1 31 B A 3 20 12 13
	-> 1 A 3 B 
Structure 333: 1 27 B 35 36 12 13
	-> 1 B 
Structure 334: 1 2 B A 8 7 3 6 4
	-> 1 A 2 3 4 B 6 7 8 
Structure 335: 1 2 21 19 164 18 118 A 8 7 3 4
	-> 1 A 2 3 4 7 8 
Structure 336: 1 2 21 19 14 51 9 A 26 38 4
	-> 1 A 2 4 9 
Structure 337: 1 2 B 9 A 25 115 23 24 4 52
	-> 1 A 2 4 B 9 
Structure 338: 1 2 49 53 9 A 3 23 24 42
	-> 1 A 2 3 9 
Structure 339: 1 2 B 9 A 3 23 24 4
	-> 1 A 2 3 4 B 9 
Structure 340: 1 133 B A 37 20 12 13
	-> 1 A B 
Structure 341: 1 2 15 22 16 8 7 3 6 4
	-> 1 2 3 4 6 7 8 
Structure 342: 1 2 55 50 96 76 84 85 86 6 83 4
	-> 1 2 4 6 
Structure 343: 1 2 15 22 16 8 7 3 6 4
	-> 1 2 3 4 6 7 8 
Structure 344: 1 2 21 19 14 18 9 A 39 4
	-> 1 A 2 4 9 
Structure 345: 1 2 B 9 A 37 23 24 4
	-> 1 A 2 4 B 9 
Structure 346: 1 2 B 41 34 35 36 3 6 4
	-> 1 2 3 4 B 6 
Structure 347: 1 2 B A 8 7 3 6 4
	-> 1 A 2 3 4 B 6 7 8 
Structure 348: 1 2 B 9 A 3 23 24 4
	-> 1 A 2 3 4 B 9 
Structure 349: 1 2 B 71 A 8 3 4
	-> 1 A 2 3 4 B 8 
Structure 350: 1 27 B 163 9 A 3 12 13
	-> 1 A 3 B 9 
Structure 351: 1 2 B A 8 7 3 6 4
	-> 1 A 2 3 4 B 6 7 8 
Structure 352: 1 27 B 9 A 3 12 13
	-> 1 A 3 B 9 
Structure 353: 1 2 15 32 16 8 7 3 6 4 52
	-> 1 2 3 4 6 7 8 
Structure 354: 1 2 B 116 33 A 68 3 6 4
	-> 1 A 2 3 4 B 6 
Structure 355: 1 2 B 33 A 68 3 4
	-> 1 A 2 3 4 B 
Structure 356: 1 2 B 84 85 86 6 4
	-> 1 2 4 B 6 
Structure 357: 1 2 15 22 16 8 7 3 6 4
	-> 1 2 3 4 6 7 8 
Structure 358: 1 B 40 8 7 3 6
	-> 1 3 B 6 7 8 
Structure 359: 1 2 B 9 A 48 26 38 6 4
	-> 1 A 2 4 B 6 9 
Structure 360: 1 2 15 22 16 8 7 3 6 4
	-> 1 2 3 4 6 7 8 
Structure 361: 1 2 15 32 16 8 7 3 6 42
	-> 1 2 3 6 7 8 
Structure 362: 1 2 15 22 16 8 7 3 6 4
	-> 1 2 3 4 6 7 8 
Structure 363: 1 2 15 22 16 8 7 3 6 4
	-> 1 2 3 4 6 7 8 
Structure 364: 1 43 B 62 3 20 12 13 47
	-> 1 3 B 
Structure 365: 1 2 B 130 199 160 8 7 3 4
	-> 1 2 3 4 B 7 8 
Structure 366: 1 B 9 A 200 3 12 13
	-> 1 A 3 B 9 
Structure 367: 1 2 B A 8 7 3 6 4
	-> 1 A 2 3 4 B 6 7 8 
Structure 368: 1 2 21 19 14 18 9 A 39 4
	-> 1 A 2 4 9 
Structure 369: 1 58 B 9 A 20 12 13
	-> 1 A B 9 
Structure 370: 1 2 B 9 A 25 115 23 24 4
	-> 1 A 2 4 B 9 
Structure 371: 1 2 15 32 16 8 7 3 6 4
	-> 1 2 3 4 6 7 8 
Structure 372: 1 31 B A 3 20 12 13
	-> 1 A 3 B 
Structure 373: 69 1 B 40 35 36 25 30 23 24 4
	-> 1 4 B 
Structure 374: 1 2 15 22 16 8 67 7 3 6 4
	-> 1 2 3 4 6 7 8 
Structure 375: 1 2 21 19 14 18 33 A 48 103 3 4
	-> 1 A 2 3 4 
Structure 376: 1 2 B 9 A 3 6 4
	-> 1 A 2 3 4 B 6 9 
Structure 377: 1 2 15 22 16 8 7 3 6 70 78
	-> 1 2 3 6 7 8 
Structure 378: 1 165 166 B 9 A 20 12 13
	-> 1 A B 9 
Structure 379: 1 2 201 A 7 3 6 4
	-> 1 A 2 3 4 6 7 
Structure 380: 1 59 B 40 134 35 36 25 30 23 24 4
	-> 1 4 B 
Structure 381: 1 31 B 9 A 3 20 12 6 77
	-> 1 A 3 B 6 9 
Structure 382: 1 2 B 9 A 26 38 6 4
	-> 1 A 2 4 B 6 9 
Structure 383: 1 165 166 B 9 A 20 12 13
	-> 1 A B 9 
Structure 384: 1 B 9 A 3 20 12 13
	-> 1 A 3 B 9 
Structure 385: 1 2 55 50 96 76 9 A 6 4
	-> 1 A 2 4 6 9 
Structure 386: 1 58 B 9 A 20 12 13
	-> 1 A B 9 
Structure 387: 1 2 15 22 16 8 67 7 3 6 4
	-> 1 2 3 4 6 7 8 
Structure 388: 1 2 19 14 18 9 A 26 38 4
	-> 1 A 2 4 9 
Structure 389: 1 2 B 33 A 28 29 6 4
	-> 1 A 2 4 B 6 
Structure 390: 1 99 167 40 35 36 25 30 23 24 4
	-> 1 4 
Structure 391: 1 2 44 14 18 9 A 26 38 4
	-> 1 A 2 4 9 
Structure 392: 1 2 B 41 34 168 3 6 4
	-> 1 2 3 4 B 6 
Structure 393: 1 31 B 9 A 3 20 12 13
	-> 1 A 3 B 9 
Structure 394: 1 2 B 9 A 7 3 23 24 4
	-> 1 A 2 3 4 B 7 9 
Structure 395: 1 31 B A 38 12 13 54
	-> 1 A B 
Structure 396: 1 59 B 40 8 7 3 6
	-> 1 3 B 6 7 8 
Structure 397: 1 B A 8 7 3 6 156 4
	-> 1 A 3 4 B 6 7 8 
Structure 398: 1 2 B 41 34 169 35 36 6 4
	-> 1 2 4 B 6 
Structure 399: 1 2 B A 8 7 3 117 54 4
	-> 1 A 2 3 4 B 7 8 
Structure 400: 1 57 B 170 35 36 61 39 6
	-> 1 B 6 
Structure 401: 121 87 90 65 B 66 72 35 36 25 30 23 24
	-> B 
Structure 402: 1 27 B 9 A 3 12 13
	-> 1 A 3 B 9 
Structure 403: 1 31 B A 3 20 12 13
	-> 1 A 3 B 
Structure 404: 1 B 40 8 7 3 6 4
	-> 1 3 4 B 6 7 8 
Structure 405: 1 2 21 19 14 18 A 202 8 7 3 4
	-> 1 A 2 3 4 7 8 
Structure 406: 1 2 21 19 14 18 A 8 7 3 4
	-> 1 A 2 3 4 7 8 
Structure 407: 1 2 15 22 16 8 7 3 6 4
	-> 1 2 3 4 6 7 8 
Structure 408: 1 2 B A 8 7 3 6 4 98
	-> 1 A 2 3 4 B 6 7 8 
Structure 409: 1 2 49 53 A 8 7 3 6 4 52
	-> 1 A 2 3 4 6 7 8 
Structure 410: 1 43 B 203 28 29 20 12 13 47
	-> 1 B 
Structure 411: 1 B 9 A 3 20 12 13
	-> 1 A 3 B 9 
Structure 412: 1 2 B 34 60 56 6 4
	-> 1 2 4 B 6 
Structure 413: 1 2 82 19 14 18 A 8 7 3 4
	-> 1 A 2 3 4 7 8 
Structure 414: 1 2 15 32 16 8 7 3 6 4
	-> 1 2 3 4 6 7 8 
Structure 415: 1 73 B 9 A 148 61 39 6
	-> 1 A B 6 9 
Structure 416: 1 2 155 50 9 A 3 6 4
	-> 1 A 2 3 4 6 9 
Structure 417: 1 2 135 14 18 A 8 7 3 4
	-> 1 A 2 3 4 7 8 
Structure 418: 1 2 15 22 16 8 7 3 6 4
	-> 1 2 3 4 6 7 8 
Structure 419: 1 45 15 22 16 28 29 20 12 13
	-> 1 
Structure 420: 1 2 49 53 9 A 3 6 42
	-> 1 A 2 3 6 9 
Structure 421: 1 2 B 9 A 25 23 24 4
	-> 1 A 2 4 B 9 
Structure 422: 1 B 40 35 36 25 30 23 24 4
	-> 1 4 B 
Structure 423: 1 2 15 22 16 8 7 3 6 4
	-> 1 2 3 4 6 7 8 
Structure 424: 1 2 B 33 A 3 6 4
	-> 1 A 2 3 4 B 6 
Structure 425: 1 2 15 22 16 8 7 3 6 4
	-> 1 2 3 4 6 7 8 
Structure 426: 1 204 151 21 19 14 18 A 8 7 3 79
	-> 1 A 3 7 8 
Structure 427: 1 2 21 19 14 18 A 8 7 3 4
	-> 1 A 2 3 4 7 8 
Structure 428: 1 2 21 19 14 18 A 8 7 3 4
	-> 1 A 2 3 4 7 8 
Structure 429: 1 2 21 19 14 18 9 A 26 38 4
	-> 1 A 2 4 9 
Structure 430: 1 2 B 9 A 25 30 23 24 4
	-> 1 A 2 4 B 9 
Structure 431: 1 2 B 9 A 37 39 6 4
	-> 1 A 2 4 B 6 9 
Structure 432: 1 2 21 19 14 18 33 A 37 70 78
	-> 1 A 2 
Structure 433: 1 27 B A 28 29 12 13
	-> 1 A B 
Structure 434: 1 2 B 130 48 8 7 3 4
	-> 1 2 3 4 B 7 8 
Structure 435: 1 2 21 19 14 18 A 8 7 3 4
	-> 1 A 2 3 4 7 8 
Structure 436: 1 2 B 33 A 28 29 6 4
	-> 1 A 2 4 B 6 
Structure 437: 1 57 B A 3 20 12 13
	-> 1 A 3 B 
Structure 438: 1 31 B A 3 20 12 13 54
	-> 1 A 3 B 
Structure 439: 1 2 21 19 14 51 A 8 7 3 4
	-> 1 A 2 3 4 7 8 
Structure 440: 1 57 B A 28 29 20 12 13
	-> 1 A B 
Structure 441: 1 2 19 14 18 9 A 26 38 4
	-> 1 A 2 4 9 
Structure 442: 1 2 B A 8 7 3 6 4
	-> 1 A 2 3 4 B 6 7 8 
Structure 443: 1 2 55 50 76 84 85 86 136 6 4
	-> 1 2 4 6 
Structure 444: 1 2 21 19 14 18 9 A 7 3 70 78
	-> 1 A 2 3 7 9 
Structure 445: 1 2 21 19 14 18 9 A 26 38 4
	-> 1 A 2 4 9 
Structure 446: 1 2 B 9 A 26 38 6 4
	-> 1 A 2 4 B 6 9 
Structure 447: 1 2 15 22 16 8 7 3 6 171 4
	-> 1 2 3 4 6 7 8 
Structure 448: 1 31 B A 3 20 12 13 47
	-> 1 A 3 B 
Structure 449: 1 2 B 9 A 102 119 137 39 4
	-> 1 A 2 4 B 9 
Structure 450: 1 2 B 41 34 A 7 3 6 4
	-> 1 A 2 3 4 B 6 7 
Structure 451: 1 2 15 22 16 8 7 3 6 4
	-> 1 2 3 4 6 7 8 
Structure 452: 1 2 21 19 14 18 A 8 7 3 4
	-> 1 A 2 3 4 7 8 
Structure 453: 1 2 B 33 A 28 29 6 4
	-> 1 A 2 4 B 6 
Structure 454: 69 104 138 B 40 8 7 3 6
	-> 3 B 6 7 8 
Structure 455: 1 205 19 14 18 101 9 A 26 38 4
	-> 1 A 4 9 
Structure 456: 1 2 B 9 A 3 23 24 4
	-> 1 A 2 3 4 B 9 
Structure 457: 1 2 B A 8 7 3 6 4
	-> 1 A 2 3 4 B 6 7 8 
Structure 458: 74 1 27 B 9 A 3 12 13 54
	-> 1 A 3 B 9 
Structure 459: 1 73 B 9 A 88 89 39 13
	-> 1 A B 9 
Structure 460: 1 2 55 50 9 A 37 6 4
	-> 1 A 2 4 6 9 
Structure 461: 1 59 B A 28 29 20 12 13
	-> 1 A B 
Structure 462: 1 2 15 22 16 8 7 3 6 4
	-> 1 2 3 4 6 7 8 
Structure 463: 1 2 B 9 A 26 38 4
	-> 1 A 2 4 B 9 
Structure 464: 206 133 B A 109 61 39 6 114
	-> A B 6 
Structure 465: 1 2 B 33 A 37 6 4
	-> 1 A 2 4 B 6 
Structure 466: 1 2 B 41 34 A 7 3 6 4
	-> 1 A 2 3 4 B 6 7 
Structure 467: 1 2 41 34 A 7 3 6 4
	-> 1 A 2 3 4 6 7 
Structure 468: 1 2 21 19 14 18 9 A 3 4
	-> 1 A 2 3 4 9 
Structure 469: 1 2 21 19 14 18 A 8 7 3 4
	-> 1 A 2 3 4 7 8 
Structure 470: 1 15 22 16 28 29 20 12 13 47
	-> 1 
Structure 471: 74 1 2 21 19 14 51 A 46 3 4
	-> 1 A 2 3 4 
Structure 472: 74 1 B 9 A 3 20 12 13
	-> 1 A 3 B 9 
Structure 473: 1 45 15 32 16 28 29 20 207 12 13
	-> 1 
Structure 474: 1 2 21 19 14 18 A 8 7 3 4
	-> 1 A 2 3 4 7 8 
Structure 475: 1 2 21 19 14 18 33 A 8 7 3 4
	-> 1 A 2 3 4 7 8 
Structure 476: 1 2 21 19 14 18 9 A 26 38 4
	-> 1 A 2 4 9 
Structure 477: 1 57 B 40 35 36 25 30 23 24
	-> 1 B 
Structure 478: 1 2 B 9 A 26 38 6 4
	-> 1 A 2 4 B 6 9 
Structure 479: 1 2 B A 8 7 3 6 4
	-> 1 A 2 3 4 B 6 7 8 
Structure 480: 1 172 B 9 A 3 6 128 114
	-> 1 A 3 B 6 9 
Structure 481: 1 2 21 19 14 18 A 8 7 3 4
	-> 1 A 2 3 4 7 8 
Structure 482: 1 27 B 9 A 37 12 13
	-> 1 A B 9 
Structure 483: 1 2 49 53 9 A 25 30 23 24 4
	-> 1 A 2 4 9 
Structure 484: 1 31 49 53 A 37 20 12 13 54
	-> 1 A 
Structure 485: 1 45 15 22 16 3 20 12 13
	-> 1 3 
Structure 486: 1 27 B 9 A 48 3 12 13
	-> 1 A 3 B 9 
Structure 487: 1 2 B A 46 3 6 4
	-> 1 A 2 3 4 B 6 
Structure 488: 1 2 82 95 14 18 9 A 26 63 4
	-> 1 A 2 4 9 
Structure 489: 1 2 B A 46 3 6 4
	-> 1 A 2 3 4 B 6 
Structure 490: 1 2 B 71 A 8 7 3 4
	-> 1 A 2 3 4 B 7 8 
Structure 491: 112 65 B 40 134 35 36 25 30 23 24
	-> B 
Structure 492: 1 2 15 22 16 8 7 3 6 4
	-> 1 2 3 4 6 7 8 
Structure 493: 1 2 B 9 A 3 6 4
	-> 1 A 2 3 4 B 6 9 
Structure 494: 1 2 B 41 34 60 56 6 4
	-> 1 2 4 B 6 
Structure 495: 1 2 B 9 A 25 30 23 24 4
	-> 1 A 2 4 B 9 
Structure 496: 1 2 B 9 A 37 6 4
	-> 1 A 2 4 B 6 9 
Structure 497: 1 B 40 35 36 25 30 23 24 4
	-> 1 4 B 
Structure 498: 1 2 21 19 14 18 A 8 7 3 70 81 78
	-> 1 A 2 3 7 8 
Structure 499: 1 2 B 9 A 25 23 24 4
	-> 1 A 2 4 B 9 
Structure 500: 1 27 B 9 A 37 12 13 47
	-> 1 A B 9 
Structure 501: 1 2 B 33 A 8 7 3 6 4
	-> 1 A 2 3 4 B 6 7 8 
Structure 502: 1 2 19 14 18 A 46 3 42
	-> 1 A 2 3 
Structure 503: 1 2 21 19 14 18 A 8 7 3 4
	-> 1 A 2 3 4 7 8 
Structure 504: 1 B 9 A 3 20 12 13
	-> 1 A 3 B 9 
Structure 505: 1 2 21 19 14 18 A 8 7 3 4
	-> 1 A 2 3 4 7 8 
Structure 506: 1 2 44 19 14 18 A 8 68 3 4
	-> 1 A 2 3 4 8 
Structure 507: 1 2 B 9 A 26 38 6 4
	-> 1 A 2 4 B 6 9 
Structure 508: 1 2 19 14 18 A 8 7 3 81
	-> 1 A 2 3 7 8 
Structure 509: 1 2 21 19 14 51 9 A 46 3 4
	-> 1 A 2 3 4 9 
Structure 510: 1 57 B 40 60 56 6 4
	-> 1 4 B 6 
Structure 511: 1 B 66 72 8 7 3 6
	-> 1 3 B 6 7 8 
Structure 512: 1 27 B A 37 12 6
	-> 1 A B 6 
Structure 513: 1 2 15 32 16 8 7 3 6 4
	-> 1 2 3 4 6 7 8 
Structure 514: 1 2 B A 8 7 3 6 4
	-> 1 A 2 3 4 B 6 7 8 
Structure 515: 1 27 B 9 A 3 12 13
	-> 1 A 3 B 9 
Structure 516: 1 2 21 19 14 18 A 26 63 70 113
	-> 1 A 2 
Structure 517: 1 2 19 14 18 33 A 28 29 81
	-> 1 A 2 
Structure 518: 1 2 B 9 A 3 6 4 52
	-> 1 A 2 3 4 B 6 9 
Structure 519: 1 2 B 9 A 25 30 23 24 4
	-> 1 A 2 4 B 9 
Structure 520: 1 2 B A 8 7 3 6 4
	-> 1 A 2 3 4 B 6 7 8 
Structure 521: 1 2 21 19 14 18 A 8 7 3 4
	-> 1 A 2 3 4 7 8 
Structure 522: 1 2 15 22 16 8 7 3 6 42
	-> 1 2 3 6 7 8 
Structure 523: 1 2 44 14 18 116 33 A 8 7 3 4
	-> 1 A 2 3 4 7 8 
Structure 524: 1 2 B 41 34 60 56 6 70 113
	-> 1 2 B 6 
Structure 525: 1 2 21 19 14 18 A 8 7 3 4
	-> 1 A 2 3 4 7 8 
Structure 526: 1 2 B 9 A 25 23 24 4
	-> 1 A 2 4 B 9 
Structure 527: 1 2 15 208 209 8 7 3 6 4
	-> 1 2 3 4 6 7 8 
Structure 528: 1 2 21 19 14 18 A 8 68 7 3 4
	-> 1 A 2 3 4 7 8 
Structure 529: 1 2 44 125 14 18 A 28 29 39 4
	-> 1 A 2 4 
Structure 530: 1 2 B 34 A 28 29 6 4
	-> 1 A 2 4 B 6 
Structure 531: 1 2 B 9 A 25 23 24 4
	-> 1 A 2 4 B 9 
Structure 532: 1 58 B 9 A 20 12 6 77
	-> 1 A B 6 9 
Structure 533: 1 31 B A 3 20 12 6 77
	-> 1 A 3 B 6 
Structure 534: 1 2 21 19 14 18 9 A 26 38 4
	-> 1 A 2 4 9 
Structure 535: 1 2 21 19 14 51 A 8 7 3 4
	-> 1 A 2 3 4 7 8 
Structure 536: 1 2 15 22 16 28 29 6 4
	-> 1 2 4 6 
Structure 537: 1 2 15 22 16 8 7 3 6 42
	-> 1 2 3 6 7 8 
Structure 538: 1 2 B 41 34 60 56 6 4
	-> 1 2 4 B 6 
Structure 539: 1 2 B 41 34 A 7 3 6 4
	-> 1 A 2 3 4 B 6 7 
Structure 540: 1 2 21 19 14 18 116 33 A 7 3 70 113
	-> 1 A 2 3 7 
Structure 541: 1 2 21 19 14 18 101 A 8 7 3 4
	-> 1 A 2 3 4 7 8 
Structure 542: 1 2 B 9 A 26 38 6 4
	-> 1 A 2 4 B 6 9 
Structure 543: 1 2 21 19 14 18 9 A 26 38 4
	-> 1 A 2 4 9 
Structure 544: 1 31 B A 3 20 12 13
	-> 1 A 3 B 
Structure 545: 1 2 21 19 14 18 A 8 7 3 4
	-> 1 A 2 3 4 7 8 
Structure 546: 1 2 B 9 A 3 23 24 70 81 78
	-> 1 A 2 3 B 9 
Structure 547: 1 2 B 33 A 3 6 4
	-> 1 A 2 3 4 B 6 
Structure 548: 1 2 55 50 9 A 3 6 4
	-> 1 A 2 3 4 6 9 
Structure 549: 1 2 B 34 35 36 3 6 4
	-> 1 2 3 4 B 6 
Structure 550: 1 B 9 A 3 20 12 97
	-> 1 A 3 B 9 
Structure 551: 1 2 55 50 9 A 3 6 4
	-> 1 A 2 3 4 6 9 
Structure 552: 1 27 B 9 A 37 12 13 47
	-> 1 A B 9 
Structure 553: 1 58 B 9 A 20 12 13
	-> 1 A B 9 
Structure 554: 1 43 B 28 126 20 12 13
	-> 1 B 
Structure 555: 1 57 B A 3 12 13
	-> 1 A 3 B 
Structure 556: 1 2 B A 8 7 3 6 42
	-> 1 A 2 3 B 6 7 8 
Structure 557: 1 2 21 19 14 18 A 8 7 3 4
	-> 1 A 2 3 4 7 8 
Structure 558: 1 2 15 22 16 8 7 3 6 4
	-> 1 2 3 4 6 7 8 
Structure 559: 1 2 15 32 16 8 7 3 6 4
	-> 1 2 3 4 6 7 8 
Structure 560: 1 43 B 80 3 20 12 13 210
	-> 1 3 B 
Structure 561: 144 211 87 90 65 B 66 72 35 36 25 30 23 24
	-> B 
Structure 562: 1 2 55 50 9 A 3 6 4
	-> 1 A 2 3 4 6 9 
Structure 563: 212 133 B 213 8 7 3 6 214 215
	-> 3 B 6 7 8 
Structure 564: 1 2 B 41 34 35 36 6 4
	-> 1 2 4 B 6 
Structure 565: 1 2 55 50 9 A 3 6 4
	-> 1 A 2 3 4 6 9 
Structure 566: 1 99 B A 3 20 12 13
	-> 1 A 3 B 
Structure 567: 1 59 B A 48 3 20 12 13
	-> 1 A 3 B 
Structure 568: 1 2 15 32 16 46 3 6 4
	-> 1 2 3 4 6 
Structure 569: 69 1 27 B 9 A 20 12 13
	-> 1 A B 9 
Structure 570: 112 65 B 66 72 35 36 25 23 24
	-> B 
Structure 571: 1 2 B 41 34 60 56 6 4
	-> 1 2 4 B 6 
Structure 572: 1 45 15 22 16 37 20 12 6 77
	-> 1 6 
Structure 573: 1 2 21 19 14 18 A 8 7 3 4
	-> 1 A 2 3 4 7 8 
Structure 574: 1 94 B A 26 38 6 4
	-> 1 A 4 B 6 
Structure 575: 1 31 B A 3 20 12 216 13
	-> 1 A 3 B 
Structure 576: 1 2 21 19 14 18 A 46 3 4
	-> 1 A 2 3 4 
Structure 577: 1 2 15 32 16 8 7 3 6 4 52
	-> 1 2 3 4 6 7 8 
Structure 578: 1 2 55 50 9 A 37 6 4 98
	-> 1 A 2 4 6 9 
Structure 579: 1 27 B 9 A 3 12 13
	-> 1 A 3 B 9 
Structure 580: 1 2 21 19 14 18 A 8 7 3 4
	-> 1 A 2 3 4 7 8 
Structure 581: 1 99 167 75 9 A 3 20 12 13
	-> 1 A 3 9 
Structure 582: 1 2 B 9 A 25 23 24 4
	-> 1 A 2 4 B 9 
Structure 583: 1 31 B A 3 20 12 13
	-> 1 A 3 B 
Structure 584: 1 45 15 22 16 28 29 20 12 13 47
	-> 1 
Structure 585: 1 2 21 19 14 18 116 33 A 68 3 4
	-> 1 A 2 3 4 
Structure 586: 1 2 19 14 18 A 8 7 3 4
	-> 1 A 2 3 4 7 8 
Structure 587: 1 2 B A 8 7 3 139 140 4
	-> 1 A 2 3 4 B 7 8 
Structure 588: 1 2 B 34 60 56 6 4
	-> 1 2 4 B 6 
Structure 589: 1 43 B 62 3 20 12 13
	-> 1 3 B 
Structure 590: 1 2 B A 8 7 3 6 64
	-> 1 A 2 3 B 6 7 8 
Structure 591: 1 2 19 14 18 A 8 7 3 4 52
	-> 1 A 2 3 4 7 8 
Structure 592: 1 31 B A 3 20 12 13
	-> 1 A 3 B 
Structure 593: 1 2 15 22 16 8 7 3 6 4
	-> 1 2 3 4 6 7 8 
Structure 594: 1 2 21 19 14 18 A 8 7 3 4
	-> 1 A 2 3 4 7 8 
Structure 595: 1 2 49 53 71 A 8 7 3 4
	-> 1 A 2 3 4 7 8 
Structure 596: 1 2 15 16 8 7 3 6 4
	-> 1 2 3 4 6 7 8 
Structure 597: 1 2 15 22 16 8 7 3 6 4
	-> 1 2 3 4 6 7 8 
Structure 598: 1 2 15 22 16 8 7 3 6 4
	-> 1 2 3 4 6 7 8 
Structure 599: 1 2 B 9 A 25 30 23 24 4
	-> 1 A 2 4 B 9 
Structure 600: 1 43 B 217 80 37 93 12 13 47
	-> 1 B 
Structure 601: 1 2 B 9 A 25 30 23 24 4
	-> 1 A 2 4 B 9 
Structure 602: 1 45 B A 3 20 12 13
	-> 1 A 3 B 
Structure 603: 1 27 B 9 A 3 12 13
	-> 1 A 3 B 9 
Structure 604: 1 57 B 40 8 7 3 6 4
	-> 1 3 4 B 6 7 8 
Structure 605: 1 2 B 41 34 60 56 6 4
	-> 1 2 4 B 6 
Structure 606: 1 2 B 9 A 25 23 24 4
	-> 1 A 2 4 B 9 
Structure 607: 1 27 15 22 16 37 12 13
	-> 1 
Structure 608: 1 2 B 9 A 25 30 23 24 4
	-> 1 A 2 4 B 9 
Structure 609: 1 15 22 16 3 20 12 13
	-> 1 3 
Structure 610: 1 B 9 A 3 20 12 6 79
	-> 1 A 3 B 6 9 
Structure 611: 1 2 21 19 14 18 A 8 7 3 4
	-> 1 A 2 3 4 7 8 
Structure 612: 1 B 9 A 3 20 12 13
	-> 1 A 3 B 9 
Structure 613: 1 2 B 34 60 56 6 4
	-> 1 2 4 B 6 
Structure 614: 1 172 B 9 A 3 6 4
	-> 1 A 3 4 B 6 9 
Structure 615: 1 27 B 9 A 3 91 6 4
	-> 1 A 3 4 B 6 9 
Structure 616: 1 2 15 22 16 8 7 3 6 4
	-> 1 2 3 4 6 7 8 
Structure 617: 1 59 B A 28 29 20 12 13
	-> 1 A B 
Structure 618: 1 2 55 50 9 A 37 6 4
	-> 1 A 2 4 6 9 
Structure 619: 1 2 B A 8 7 3 6 4
	-> 1 A 2 3 4 B 6 7 8 
Structure 620: 121 87 138 B 40 35 36 25 30 23 24
	-> B 
Structure 621: 1 2 49 53 9 A 25 30 23 24 4
	-> 1 A 2 4 9 
Structure 622: 1 2 B 41 34 60 56 6 4
	-> 1 2 4 B 6 
Structure 623: 1 2 21 19 14 A 8 7 3 4
	-> 1 A 2 3 4 7 8 
Structure 624: 1 2 B A 8 7 3 6 4
	-> 1 A 2 3 4 B 6 7 8 
Structure 625: 1 2 B 9 A 102 137 39 4
	-> 1 A 2 4 B 9 
Structure 626: 1 58 B 9 A 20 12 13
	-> 1 A B 9 
Structure 627: 1 B 9 A 3 20 12 13
	-> 1 A 3 B 9 
Structure 628: 1 31 B A 3 20 12 13
	-> 1 A 3 B 
Structure 629: 1 2 19 14 18 A 8 7 3 42
	-> 1 A 2 3 7 8 
Structure 630: 1 2 B A 8 7 3 6 4
	-> 1 A 2 3 4 B 6 7 8 
Structure 631: 1 2 B 41 34 35 36 218 6 171 4
	-> 1 2 4 B 6 
Structure 632: 1 2 B 33 A 7 3 6 4 52
	-> 1 A 2 3 4 B 6 7 
Structure 633: 1 2 21 19 14 51 A 8 7 3 42
	-> 1 A 2 3 7 8 
Structure 634: 1 2 21 19 14 18 9 A 26 38 4
	-> 1 A 2 4 9 
Structure 635: 1 2 44 164 18 A 8 7 3 4
	-> 1 A 2 3 4 7 8 
Structure 636: 1 2 55 50 9 A 3 6 4
	-> 1 A 2 3 4 6 9 
Structure 637: 1 59 B A 8 7 3 111 6 4
	-> 1 A 3 4 B 6 7 8 
Structure 638: 1 2 15 22 16 8 7 3 6 4
	-> 1 2 3 4 6 7 8 
Structure 639: 1 2 B 75 9 A 102 119 39 42
	-> 1 A 2 B 9 
Structure 640: 1 2 15 22 16 219 220 173 4
	-> 1 2 4 
Structure 641: 1 31 B A 3 20 12 13 47 54
	-> 1 A 3 B 
Structure 642: 1 2 21 19 14 51 A 26 63 4
	-> 1 A 2 4 
Structure 643: 1 2 44 14 18 33 A 8 7 3 4
	-> 1 A 2 3 4 7 8 
Structure 644: 1 2 B A 46 3 4
	-> 1 A 2 3 4 B 
Structure 645: 74 1 2 15 22 16 8 7 3 6 4
	-> 1 2 3 4 6 7 8 
Structure 646: 1 2 135 19 14 18 A 8 7 3 106 100
	-> 1 A 2 3 7 8 
Structure 647: 1 221 31 B A 3 20 12 13
	-> 1 A 3 B 
Structure 648: 1 2 B A 25 30 23 24 4
	-> 1 A 2 4 B 
Structure 649: 1 31 B 9 A 3 20 12 13
	-> 1 A 3 B 9 
Structure 650: 1 2 B A 46 3 6 4
	-> 1 A 2 3 4 B 6 
Structure 651: 1 2 15 32 16 8 7 3 6 4
	-> 1 2 3 4 6 7 8 
Structure 652: 1 59 B A 3 20 12 13 54
	-> 1 A 3 B 
Structure 653: 1 2 B 41 34 60 56 6 4
	-> 1 2 4 B 6 
Structure 654: 1 2 15 22 16 37 23 24 4
	-> 1 2 4 
Structure 655: 1 2 50 96 76 A 56 6 4
	-> 1 A 2 4 6 
Structure 656: 1 2 21 19 14 18 9 A 48 37 39 4
	-> 1 A 2 4 9 
Structure 657: 1 2 15 32 16 8 7 222 3 6 4
	-> 1 2 3 4 6 7 8 
Structure 658: 1 2 15 22 16 8 7 3 6 4
	-> 1 2 3 4 6 7 8 
Structure 659: 1 2 B 75 9 A 25 30 23 24 4
	-> 1 A 2 4 B 9 
Structure 660: 1 45 15 22 32 16 28 29 20 12 13
	-> 1 
Structure 661: 1 B 40 145 8 7 3 223 4
	-> 1 3 4 B 7 8 
Structure 662: 1 27 B 118 A 28 29 12 6
	-> 1 A B 6 
Structure 663: 1 2 15 22 16 8 7 3 6 4
	-> 1 2 3 4 6 7 8 
Structure 664: 1 2 B 75 9 A 3 23 24 4
	-> 1 A 2 3 4 B 9 
Structure 665: 1 224 129 9 A 3 20 12 13
	-> 1 A 3 9 
Structure 666: 1 2 B A 8 67 7 3 4
	-> 1 A 2 3 4 B 7 8 
Structure 667: 1 B A 28 29 20 12 13
	-> 1 A B 
Structure 668: 1 58 B 9 A 20 12 13
	-> 1 A B 9 
Structure 669: 1 B 9 A 3 20 12 6
	-> 1 A 3 B 6 9 
Structure 670: 1 2 B 9 A 25 115 23 24 4
	-> 1 A 2 4 B 9 
Structure 671: 1 2 B 33 A 3 6 4
	-> 1 A 2 3 4 B 6 
Structure 672: 1 B 9 A 3 20 12 6 77
	-> 1 A 3 B 6 9 
Structure 673: 1 2 B 75 9 A 26 38 6 4
	-> 1 A 2 4 B 6 9 
Structure 674: 1 2 B A 8 7 3 6 42
	-> 1 A 2 3 B 6 7 8 
Structure 675: 1 27 B 9 A 3 12 13
	-> 1 A 3 B 9 
Structure 676: 1 2 B 9 A 25 30 23 24 4
	-> 1 A 2 4 B 9 
Structure 677: 1 2 44 19 14 18 A 8 7 3 4
	-> 1 A 2 3 4 7 8 
Structure 678: 1 2 15 32 16 8 7 3 6 4
	-> 1 2 3 4 6 7 8 
Structure 679: 74 1 2 21 19 14 18 A 8 7 3 4
	-> 1 A 2 3 4 7 8 
Structure 680: 1 2 15 22 16 8 7 3 6 4
	-> 1 2 3 4 6 7 8 
Structure 681: 1 2 15 22 16 8 7 3 6 4
	-> 1 2 3 4 6 7 8 
Structure 682: 1 2 21 19 14 18 9 A 26 63 4
	-> 1 A 2 4 9 
Structure 683: 1 2 21 19 14 51 A 8 7 3 225 64 100
	-> 1 A 2 3 7 8 
Structure 684: 1 2 15 22 16 8 7 3 6 42
	-> 1 2 3 6 7 8 
Structure 685: 1 2 B 9 A 48 25 30 23 24 4
	-> 1 A 2 4 B 9 
Structure 686: 1 31 B A 3 20 12 13
	-> 1 A 3 B 
Structure 687: 1 2 B A 8 7 3 6 4
	-> 1 A 2 3 4 B 6 7 8 
Structure 688: 1 45 B A 37 20 12 13 47
	-> 1 A B 
Structure 689: 1 2 15 22 16 8 7 3 139 140 4
	-> 1 2 3 4 7 8 
Structure 690: 1 2 B 33 A 37 4
	-> 1 A 2 4 B 
Structure 691: 1 2 15 22 16 8 67 7 3 6 4
	-> 1 2 3 4 6 7 8 
Structure 692: 1 43 B 80 28 29 20 12 13
	-> 1 B 
Structure 693: 1 57 B A 3 20 12 13
	-> 1 A 3 B 
Structure 694: 1 2 55 50 9 A 3 6 4
	-> 1 A 2 3 4 6 9 
Structure 695: 1 31 B 9 A 3 20 12 141
	-> 1 A 3 B 9 
Structure 696: 1 2 21 19 14 18 A 8 7 3 4
	-> 1 A 2 3 4 7 8 
Structure 697: 69 1 2 55 50 96 76 84 85 86 6 4
	-> 1 2 4 6 
Structure 698: 1 2 B A 8 7 3 6 4
	-> 1 A 2 3 4 B 6 7 8 
Structure 699: 1 2 B 41 34 A 3 6 4
	-> 1 A 2 3 4 B 6 
Structure 700: 1 2 15 22 16 8 7 3 6 4
	-> 1 2 3 4 6 7 8 
Structure 701: 1 2 B 41 34 124 35 36 6 4
	-> 1 2 4 B 6 
Structure 702: 1 43 B 62 3 20 12 13
	-> 1 3 B 
Structure 703: 1 2 B 33 A 3 117 4
	-> 1 A 2 3 4 B 
Structure 704: 1 2 44 14 18 226 A 8 7 3 4
	-> 1 A 2 3 4 7 8 
Structure 705: 1 2 15 22 16 8 7 3 6 4
	-> 1 2 3 4 6 7 8 
Structure 706: 1 2 21 19 14 18 A 8 7 3 4
	-> 1 A 2 3 4 7 8 
Structure 707: 1 2 B 9 A 3 6 4
	-> 1 A 2 3 4 B 6 9 
Structure 708: 1 31 B A 3 20 12 13
	-> 1 A 3 B 
Structure 709: 1 2 B 41 34 A 28 29 6 4
	-> 1 A 2 4 B 6 
Structure 710: 1 2 21 19 14 18 9 A 26 4 52
	-> 1 A 2 4 9 
Structure 711: 1 45 15 22 16 28 29 20 12 13
	-> 1 
Structure 712: 1 43 B 62 28 29 20 12 13
	-> 1 B 
Structure 713: 1 2 21 19 14 18 9 A 26 4
	-> 1 A 2 4 9 
Structure 714: 1 31 B A 3 20 12 13
	-> 1 A 3 B 
Structure 715: 1 2 15 22 16 46 3 6 4
	-> 1 2 3 4 6 
Structure 716: 1 2 B 84 85 86 136 25 23 24 70 78
	-> 1 2 B 
Structure 717: 1 2 49 53 A 8 7 3 6 4
	-> 1 A 2 3 4 6 7 8 
Structure 718: 1 2 15 174 22 16 8 7 3 6 4
	-> 1 2 3 4 6 7 8 
Structure 719: 1 2 19 14 18 9 A 3 4
	-> 1 A 2 3 4 9 
Structure 720: 1 2 21 19 14 18 A 8 7 3 4
	-> 1 A 2 3 4 7 8 
Structure 721: 1 2 B A 8 7 3 6 4
	-> 1 A 2 3 4 B 6 7 8 
Structure 722: 1 B 9 A 3 20 12 227 13
	-> 1 A 3 B 9 
Structure 723: 1 31 B A 3 20 12 13 47
	-> 1 A 3 B 
Structure 724: 1 2 21 19 14 18 9 A 26 63 81
	-> 1 A 2 9 
Structure 725: 1 2 15 32 16 67 7 3 6 4
	-> 1 2 3 4 6 7 
Structure 726: 1 2 B 9 A 25 30 23 24 4
	-> 1 A 2 4 B 9 
Structure 727: 1 2 21 19 14 18 9 A 26 38 4
	-> 1 A 2 4 9 
Structure 728: 1 2 B A 8 7 3 6 4
	-> 1 A 2 3 4 B 6 7 8 
Structure 729: 1 94 2 21 19 14 18 9 A 7 3 4
	-> 1 A 2 3 4 7 9 
Structure 730: 1 2 15 22 32 16 8 7 3 6 4
	-> 1 2 3 4 6 7 8 
Structure 731: 1 2 B 228 122 105 8 7 3 4
	-> 1 2 3 4 B 7 8 
Structure 732: 1 2 B A 46 3 6 4
	-> 1 A 2 3 4 B 6 
Structure 733: 1 27 B 9 A 3 12 13
	-> 1 A 3 B 9 
Structure 734: 1 2 B A 8 7 3 6 4
	-> 1 A 2 3 4 B 6 7 8 
Structure 735: 1 2 49 9 A 26 38 6 4
	-> 1 A 2 4 6 9 
Structure 736: 1 27 B 9 A 3 12 13
	-> 1 A 3 B 9 
Structure 737: 69 104 90 65 B 66 48 8 7 3 13 47
	-> 3 B 7 8 
Structure 738: 1 43 B 62 175 131 132 110 61 39 117 54
	-> 1 B 
Structure 739: 1 31 B A 229 61 39 6 4
	-> 1 A 4 B 6 
Structure 740: 1 57 B 230 35 36 20 12 13
	-> 1 B 
Structure 741: 1 2 B 33 A 68 7 3 6 4
	-> 1 A 2 3 4 B 6 7 
Structure 742: 1 2 15 22 16 8 7 3 4
	-> 1 2 3 4 7 8 
Structure 743: 1 27 B 9 A 3 12 231 13 47
	-> 1 A 3 B 9 
Structure 744: 1 27 B 9 A 37 12 13
	-> 1 A B 9 
Structure 745: 69 1 31 B 9 A 3 20 12 13
	-> 1 A 3 B 9 
Structure 746: 1 2 B A 8 7 3 6 64
	-> 1 A 2 3 B 6 7 8 
Structure 747: 1 2 21 19 14 18 9 A 26 63 4
	-> 1 A 2 4 9 
Structure 748: 1 2 19 14 18 33 A 7 3 4
	-> 1 A 2 3 4 7 
Structure 749: 1 2 55 50 9 A 3 6 4
	-> 1 A 2 3 4 6 9 
Structure 750: 1 31 B A 3 20 12 13
	-> 1 A 3 B 
Structure 751: 1 2 21 19 14 18 A 8 7 3 4
	-> 1 A 2 3 4 7 8 
Structure 752: 1 58 B 232 9 A 20 12 13
	-> 1 A B 9 
Structure 753: 1 2 15 22 16 46 3 6 4
	-> 1 2 3 4 6 
Structure 754: 1 B 40 35 36 25 30 23 24 4
	-> 1 4 B 
Structure 755: 1 2 21 19 14 18 9 A 3 39 4
	-> 1 A 2 3 4 9 
Structure 756: 1 27 B 9 A 37 12 13
	-> 1 A B 9 
Structure 757: 1 2 21 19 14 18 33 A 68 3 4
	-> 1 A 2 3 4 
Structure 758: 1 2 B A 7 3 23 24 4
	-> 1 A 2 3 4 B 7 
Structure 759: 1 2 21 19 14 18 9 A 3 106 159
	-> 1 A 2 3 9 
Structure 760: 1 2 B A 8 7 3 6 4
	-> 1 A 2 3 4 B 6 7 8 
Structure 761: 1 2 B 41 34 A 28 29 6 4
	-> 1 A 2 4 B 6 
Structure 762: 1 59 B A 37 20 12 13
	-> 1 A B 
Structure 763: 1 2 B A 8 7 3 6 42
	-> 1 A 2 3 B 6 7 8 
Structure 764: 1 2 B 9 A 25 23 24 4
	-> 1 A 2 4 B 9 
Structure 765: 1 73 B 9 A 88 89 233 152 91 6
	-> 1 A B 6 9 
Structure 766: 1 58 B 9 A 20 12 13
	-> 1 A B 9 
Structure 767: 1 2 B A 25 30 23 24 4
	-> 1 A 2 4 B 
Structure 768: 1 58 B 9 A 20 12 13
	-> 1 A B 9 
Structure 769: 1 2 15 32 16 8 7 3 6 4
	-> 1 2 3 4 6 7 8 
Structure 770: 1 59 B A 37 20 12 13
	-> 1 A B 
Structure 771: 1 2 B A 8 7 3 6 4
	-> 1 A 2 3 4 B 6 7 8 
Structure 772: 1 2 19 14 18 A 67 7 3 4
	-> 1 A 2 3 4 7 
Structure 773: 1 27 15 22 16 28 29 12 13
	-> 1 
Structure 774: 1 2 15 22 16 8 7 3 6 4
	-> 1 2 3 4 6 7 8 
Structure 775: 1 2 B 33 A 7 3 6 4
	-> 1 A 2 3 4 B 6 7 
Structure 776: 1 57 B 40 8 7 3 6 4
	-> 1 3 4 B 6 7 8 
Structure 777: 1 2 15 22 16 8 7 3 6 4
	-> 1 2 3 4 6 7 8 
Structure 778: 1 2 15 174 22 16 234 28 29 39 4
	-> 1 2 4 
Structure 779: 1 27 15 22 16 28 29 12 13
	-> 1 
Structure 780: 1 2 44 19 14 18 A 8 7 3 4
	-> 1 A 2 3 4 7 8 
Structure 781: 1 2 B 9 A 25 23 24 4
	-> 1 A 2 4 B 9 
Structure 782: 1 2 B 48 8 7 3 6 42
	-> 1 2 3 B 6 7 8 
Structure 783: 1 2 15 22 16 46 3 6 4
	-> 1 2 3 4 6 
Structure 784: 1 59 B A 28 29 20 12 6
	-> 1 A B 6 
Structure 785: 1 27 B 9 A 37 12 13 54
	-> 1 A B 9 
Structure 786: 1 2 B A 8 7 3 6 4
	-> 1 A 2 3 4 B 6 7 8 
Structure 787: 1 176 B A 88 89 123 107 13
	-> 1 A B 
Structure 788: 1 43 B 120 67 7 3 91 6
	-> 1 3 B 6 7 
Structure 789: 1 2 B 33 A 8 7 3 6 4
	-> 1 A 2 3 4 B 6 7 8 
Structure 790: 1 2 44 14 18 A 8 67 7 3 4
	-> 1 A 2 3 4 7 8 
Structure 791: 1 27 B 127 9 A 3 111 6
	-> 1 A 3 B 6 9 
Structure 792: 1 27 B 235 A 28 29 6 236 4
	-> 1 A 4 B 6 
Structure 793: 1 2 21 19 14 51 A 8 7 3 4
	-> 1 A 2 3 4 7 8 
Structure 794: 1 B 9 A 3 20 12 13 47
	-> 1 A 3 B 9 
Structure 795: 1 94 15 22 16 8 7 3 6 4
	-> 1 3 4 6 7 8 
Structure 796: 1 2 21 19 14 18 9 A 26 63 4
	-> 1 A 2 4 9 
Structure 797: 1 B 9 A 3 20 12 141 97 237
	-> 1 A 3 B 9 
Structure 798: 1 B 40 35 36 25 23 24 42
	-> 1 B 
Structure 799: 1 27 B 9 A 3 12 13
	-> 1 A 3 B 9 
Structure 800: 1 43 B 127 62 7 3 20 91 6 4
	-> 1 3 4 B 6 7 
Structure 801: 1 2 B 9 A 28 29 6 42
	-> 1 A 2 B 6 9 
Structure 802: 1 2 B 9 A 25 23 24 64
	-> 1 A 2 B 9 
Structure 803: 1 B 40 35 36 25 30 23 24 4
	-> 1 4 B 
Structure 804: 1 43 B 80 175 131 132 158 110 61 39 6
	-> 1 B 6 
Structure 805: 74 1 B 9 A 3 20 12 13
	-> 1 A 3 B 9 
Structure 806: 1 2 B 33 A 7 3 6 4
	-> 1 A 2 3 4 B 6 7 
Structure 807: 1 2 44 108 14 18 A 8 7 3 4
	-> 1 A 2 3 4 7 8 
Structure 808: 1 B 40 35 36 25 30 23 24 4
	-> 1 4 B 
Structure 809: 1 2 21 19 14 18 9 A 26 38 4
	-> 1 A 2 4 9 
Structure 810: 1 73 B 9 A 3 20 12 13
	-> 1 A 3 B 9 
Structure 811: 1 2 15 22 16 8 7 3 6 4
	-> 1 2 3 4 6 7 8 
Structure 812: 1 2 21 19 14 18 A 8 7 3 4
	-> 1 A 2 3 4 7 8 
Structure 813: 1 176 49 53 9 A 61 39 6 4
	-> 1 A 4 6 9 
Structure 814: 1 2 21 19 14 18 34 A 28 29 4
	-> 1 A 2 4 
Structure 815: 1 2 21 19 14 18 A 8 7 3 4
	-> 1 A 2 3 4 7 8 
Structure 816: 1 2 21 19 14 18 A 8 7 3 4
	-> 1 A 2 3 4 7 8 
Structure 817: 1 2 44 14 18 A 8 7 3 4 52
	-> 1 A 2 3 4 7 8 
Structure 818: 1 2 B 41 34 142 35 36 6 4
	-> 1 2 4 B 6 
Structure 819: 1 2 15 22 16 8 7 3 6 238 64
	-> 1 2 3 6 7 8 
Structure 820: 1 2 15 22 16 8 7 3 6 4
	-> 1 2 3 4 6 7 8 
Structure 821: 1 B 40 134 35 36 25 30 23 24
	-> 1 B 
Structure 822: 1 2 15 22 16 8 7 3 6 4
	-> 1 2 3 4 6 7 8 
Structure 823: 1 2 B A 25 30 23 24 4
	-> 1 A 2 4 B 
Structure 824: 1 2 15 32 16 46 3 6 4
	-> 1 2 3 4 6 
Structure 825: 1 31 B A 3 20 12 13
	-> 1 A 3 B 
Structure 826: 1 27 B 9 A 3 111 6 4
	-> 1 A 3 4 B 6 9 
Structure 827: 1 2 21 19 14 18 A 8 7 3 4
	-> 1 A 2 3 4 7 8 
Structure 828: 1 2 21 19 14 18 9 A 39 4
	-> 1 A 2 4 9 
Structure 829: 1 2 15 22 16 8 7 3 6 4
	-> 1 2 3 4 6 7 8 
Structure 830: 1 57 B 40 8 7 3 6 4
	-> 1 3 4 B 6 7 8 
Structure 831: 1 2 21 19 14 18 9 A 3 39 4
	-> 1 A 2 3 4 9 
Structure 832: 1 73 B A 20 12 13
	-> 1 A B 
Structure 833: 1 59 B 40 35 36 25 30 23 24 4
	-> 1 4 B 
Structure 834: 1 43 B 120 28 29 12 13
	-> 1 B 
Structure 835: 1 2 21 19 14 18 9 A 26 38 4
	-> 1 A 2 4 9 
Structure 836: 1 27 15 22 16 28 29 12 13
	-> 1 
Structure 837: 1 2 21 19 14 18 9 A 26 4
	-> 1 A 2 4 9 
Structure 838: 1 2 B 9 A 3 6 83 4 52
	-> 1 A 2 3 4 B 6 9 
Structure 839: 1 31 49 53 A 3 20 12 6 79
	-> 1 A 3 6 
Structure 840: 239 138 65 B 240 66 35 36 61 23 24
	-> B 
Structure 841: 1 2 21 19 14 241 51 33 A 3 64 100
	-> 1 A 2 3 
Structure 842: 1 B 9 A 20 12 13
	-> 1 A B 9 
Structure 843: 1 2 19 14 18 A 8 7 3 4
	-> 1 A 2 3 4 7 8 
Structure 844: 1 2 B 9 A 3 23 24 4
	-> 1 A 2 3 4 B 9 
Structure 845: 1 2 B 9 A 137 39 4
	-> 1 A 2 4 B 9 
Structure 846: 1 2 21 19 14 18 A 8 7 3 4
	-> 1 A 2 3 4 7 8 
Structure 847: 1 2 21 19 14 18 A 8 7 3 70
	-> 1 A 2 3 7 8 
Structure 848: 1 2 B 41 34 142 35 36 6 4
	-> 1 2 4 B 6 
Structure 849: 1 2 B 9 A 242 161 162 39 4
	-> 1 A 2 4 B 9 
Structure 850: 1 2 21 19 14 18 A 8 7 3 4
	-> 1 A 2 3 4 7 8 
Structure 851: 1 2 15 22 16 8 7 3 6 4
	-> 1 2 3 4 6 7 8 
Structure 852: 1 27 B A 3 12 13 54
	-> 1 A 3 B 
Structure 853: 1 2 15 22 16 46 243 3 6 83 4
	-> 1 2 3 4 6 
Structure 854: 1 2 15 22 16 8 7 3 6 4
	-> 1 2 3 4 6 7 8 
Structure 855: 1 2 B 9 A 25 30 23 24 4
	-> 1 A 2 4 B 9 
Structure 856: 1 2 B 33 A 37 6 4
	-> 1 A 2 4 B 6 
Structure 857: 1 B 9 A 3 20 12 97
	-> 1 A 3 B 9 
Structure 858: 1 2 B 9 A 25 23 24 4
	-> 1 A 2 4 B 9 
Structure 859: 1 B 9 A 3 20 12 13
	-> 1 A 3 B 9 
Structure 860: 1 57 B A 7 3 12 13
	-> 1 A 3 B 7 
Structure 861: 1 31 49 53 A 3 20 12 13
	-> 1 A 3 
Structure 862: 1 2 21 19 14 18 A 8 7 3 4
	-> 1 A 2 3 4 7 8 
Structure 863: 1 2 B A 8 7 3 6 4
	-> 1 A 2 3 4 B 6 7 8 
Structure 864: 1 2 B 9 A 25 23 24 4
	-> 1 A 2 4 B 9 
Structure 865: 1 2 15 22 16 8 7 3 6 4
	-> 1 2 3 4 6 7 8 
Structure 866: 1 2 B 9 A 25 30 23 24 4
	-> 1 A 2 4 B 9 
Structure 867: 1 65 B 66 72 35 36 25 115 23 24
	-> 1 B 
Structure 868: 1 58 B 9 A 20 12 13
	-> 1 A B 9 
Structure 869: 1 2 15 22 16 8 7 3 6 4
	-> 1 2 3 4 6 7 8 
Structure 870: 1 B 244 40 48 8 7 3 6
	-> 1 3 B 6 7 8 
Structure 871: 1 2 B 9 A 48 3 23 24 4
	-> 1 A 2 3 4 B 9 
Structure 872: 1 27 B 9 A 37 12 13
	-> 1 A B 9 
Structure 873: 1 2 15 32 16 173 139 140 42
	-> 1 2 
Structure 874: 1 2 21 19 14 18 33 A 28 29 4
	-> 1 A 2 4 
Structure 875: 1 2 B A 8 7 3 6 4
	-> 1 A 2 3 4 B 6 7 8 
Structure 876: 1 2 44 14 18 A 8 7 3 4
	-> 1 A 2 3 4 7 8 
Structure 877: 1 2 21 19 14 18 9 A 26 38 4
	-> 1 A 2 4 9 
Structure 878: 1 45 15 22 16 3 20 12 13
	-> 1 3 
Structure 879: 1 B 9 A 3 20 12 13
	-> 1 A 3 B 9 
Structure 880: 1 59 B A 28 29 126 20 12 13 245
	-> 1 A B 
Structure 881: 112 65 B 66 72 35 36 25 23 24
	-> B 
Structure 882: 1 27 B A 37 12 6
	-> 1 A B 6 
Structure 883: 1 2 21 19 14 18 33 A 28 29 4
	-> 1 A 2 4 
Structure 884: 1 B 9 A 3 20 12 6
	-> 1 A 3 B 6 9 
Structure 885: 1 2 B 9 A 25 30 23 24 42
	-> 1 A 2 B 9 
Structure 886: 1 45 15 22 16 88 61 39 6 4
	-> 1 4 6 
Structure 887: 1 2 B 9 A 3 6 4
	-> 1 A 2 3 4 B 6 9 
Structure 888: 1 2 21 19 14 18 9 A 3 4
	-> 1 A 2 3 4 9 
Structure 889: 1 2 15 22 16 8 7 3 6 4
	-> 1 2 3 4 6 7 8 
Structure 890: 1 2 21 19 14 18 9 A 26 38 4
	-> 1 A 2 4 9 
Structure 891: 69 1 2 55 50 9 A 48 3 6 4
	-> 1 A 2 3 4 6 9 
Structure 892: 1 2 21 19 14 18 33 A 8 7 3 4
	-> 1 A 2 3 4 7 8 
Structure 893: 1 2 B 9 A 3 6 83 4
	-> 1 A 2 3 4 B 6 9 
Structure 894: 1 B 9 A 3 20 12 6 157
	-> 1 A 3 B 6 9 
Structure 895: 1 45 15 32 16 3 246 12 13
	-> 1 3 
Structure 896: 1 59 B A 3 20 12 13
	-> 1 A 3 B 
Structure 897: 1 2 15 22 16 8 7 3 6 4
	-> 1 2 3 4 6 7 8 
Structure 898: 1 247 31 B A 88 61 39 6 4
	-> 1 A 4 B 6 
Structure 899: 1 2 44 108 14 18 33 A 8 7 3 4
	-> 1 A 2 3 4 7 8 
Structure 900: 1 2 B 34 A 3 6 4
	-> 1 A 2 3 4 B 6 
Structure 901: 1 2 B 33 A 68 3 6 4
	-> 1 A 2 3 4 B 6 
Structure 902: 1 2 44 125 14 18 9 A 26 38 4
	-> 1 A 2 4 9 
Structure 903: 87 90 65 B 66 72 35 36 25 30 23 24
	-> B 
Structure 904: 1 2 B A 8 7 3 6 4
	-> 1 A 2 3 4 B 6 7 8 
Structure 905: 1 2 21 19 14 18 9 A 26 63 64
	-> 1 A 2 9 
Structure 906: 1 2 15 22 16 8 7 3 6 4 52
	-> 1 2 3 4 6 7 8 
Structure 907: 1 2 21 19 14 18 A 8 68 3 4
	-> 1 A 2 3 4 8 
Structure 908: 69 104 150 2 B A 8 7 3 6 4
	-> A 2 3 4 B 6 7 8 
Structure 909: 1 2 49 9 A 25 30 23 24 4
	-> 1 A 2 4 9 
Structure 910: 1 2 49 53 33 A 3 6 4
	-> 1 A 2 3 4 6 
Structure 911: 1 2 15 92 248 8 67 7 3 6 4
	-> 1 2 3 4 6 7 8 
Structure 912: 1 147 B 9 A 3 20 12 13
	-> 1 A 3 B 9 
Structure 913: 1 43 249 32 16 250 3 93 12 13 54
	-> 1 3 
Structure 914: 1 2 15 22 16 8 7 3 6 4
	-> 1 2 3 4 6 7 8 
Structure 915: 1 2 B 41 34 169 35 36 6 4
	-> 1 2 4 B 6 
Structure 916: 1 2 15 32 16 8 7 3 6 4
	-> 1 2 3 4 6 7 8 
Structure 917: 1 2 15 32 16 8 7 3 6 4
	-> 1 2 3 4 6 7 8 
Structure 918: 1 49 53 9 A 3 20 12 13
	-> 1 A 3 9 
Structure 919: 1 2 44 14 18 A 8 7 3 4
	-> 1 A 2 3 4 7 8 
Structure 920: 1 2 15 32 16 8 7 3 6 4
	-> 1 2 3 4 6 7 8 
Structure 921: 1 2 B 33 A 8 7 3 6 4
	-> 1 A 2 3 4 B 6 7 8 
Structure 922: 1 2 15 32 16 8 7 3 6 177 100
	-> 1 2 3 6 7 8 
Structure 923: 1 2 15 22 16 8 7 3 6 4
	-> 1 2 3 4 6 7 8 
Structure 924: 1 2 49 53 9 A 25 30 23 24 64
	-> 1 A 2 9 
Structure 925: 1 43 B 80 8 7 3 6 128 114
	-> 1 3 B 6 7 8 
Structure 926: 1 2 B 9 A 3 23 24 4
	-> 1 A 2 3 4 B 9 
Structure 927: 1 59 B 170 35 36 61 39 117 54
	-> 1 B 
Structure 928: 1 27 B 75 9 A 3 12 13
	-> 1 A 3 B 9 
Structure 929: 1 27 B 9 A 3 12 13
	-> 1 A 3 B 9 
Structure 930: 1 2 B 34 48 168 3 6 4
	-> 1 2 3 4 B 6 
Structure 931: 1 2 135 53 51 A 8 7 3 4
	-> 1 A 2 3 4 7 8 
Structure 932: 1 2 21 19 14 18 A 8 7 3 177 64
	-> 1 A 2 3 7 8 
Structure 933: 1 2 15 22 16 8 3 6 4
	-> 1 2 3 4 6 8 
Structure 934: 1 2 B 9 A 25 23 24 4
	-> 1 A 2 4 B 9 
Structure 935: 1 251 B A 3 20 12 47
	-> 1 A 3 B 
Structure 936: 1 2 44 108 14 18 A 8 7 3 70
	-> 1 A 2 3 7 8 
Structure 937: 1 2 B A 8 7 3 6 64
	-> 1 A 2 3 B 6 7 8 
Structure 938: 1 2 15 22 16 3 6 4
	-> 1 2 3 4 6 
Structure 939: 1 94 2 B 9 A 252 25 30 23 24 4 98
	-> 1 A 2 4 B 9 
Structure 940: 1 2 B 9 A 46 3 6 4 52
	-> 1 A 2 3 4 B 6 9 
Structure 941: 1 2 B 9 A 26 63 6 4
	-> 1 A 2 4 B 6 9 
Structure 942: 1 2 B 41 34 A 28 29 6 83 4
	-> 1 A 2 4 B 6 
Structure 943: 1 2 21 19 14 18 9 A 26 63 4
	-> 1 A 2 4 9 
Structure 944: 1 2 21 19 14 18 33 253 254 60 56 4
	-> 1 2 4 
Structure 945: 1 2 B 34 142 60 56 6 4
	-> 1 2 4 B 6 
Structure 946: 1 2 15 22 32 16 8 7 3 6 4
	-> 1 2 3 4 6 7 8 
Structure 947: 1 2 B 41 34 A 7 3 6 4
	-> 1 A 2 3 4 B 6 7 
Structure 948: 1 2 15 255 154 8 7 3 6 4
	-> 1 2 3 4 6 7 8 
Structure 949: 1 2 B 9 A 3 6 4
	-> 1 A 2 3 4 B 6 9 
Structure 950: 1 2 21 19 14 51 A 8 7 3 4 52
	-> 1 A 2 3 4 7 8 
Structure 951: 1 2 B A 8 7 3 6 4
	-> 1 A 2 3 4 B 6 7 8 
Structure 952: 1 31 B A 3 20 12 6 77
	-> 1 A 3 B 6 
Structure 953: 1 B 40 35 36 25 30 23 24 4
	-> 1 4 B 
Structure 954: 1 2 B 33 A 8 7 3 6 4
	-> 1 A 2 3 4 B 6 7 8 
Structure 955: 1 2 21 19 14 18 9 A 26 38 4
	-> 1 A 2 4 9 
Structure 956: 1 2 19 14 51 9 A 26 38 4
	-> 1 A 2 4 9 
Structure 957: 1 27 B 9 A 12 13
	-> 1 A B 9 
Structure 958: 1 2 B 75 9 A 3 6 4
	-> 1 A 2 3 4 B 6 9 
Structure 959: 1 2 B A 8 7 3 6 42
	-> 1 A 2 3 B 6 7 8 
Structure 960: 1 2 15 22 16 8 7 3 6 4
	-> 1 2 3 4 6 7 8 
Structure 961: 1 2 44 14 18 A 8 7 3 4
	-> 1 A 2 3 4 7 8 
Structure 962: 1 31 B A 3 20 12 13
	-> 1 A 3 B 
Structure 963: 1 2 21 19 14 18 9 A 3 64
	-> 1 A 2 3 9 
Structure 964: 1 27 B 9 A 3 12 13
	-> 1 A 3 B 9 
Structure 965: 1 27 B 9 A 37 12 13
	-> 1 A B 9 
Structure 966: 1 2 15 32 16 8 7 3 6 4
	-> 1 2 3 4 6 7 8 
Structure 967: 1 27 15 22 16 28 29 12 97
	-> 1 
Structure 968: 1 2 B 9 A 25 23 24 4
	-> 1 A 2 4 B 9 
Structure 969: 1 2 21 19 14 18 A 8 7 3 4
	-> 1 A 2 3 4 7 8 
Structure 970: 1 2 15 22 16 8 7 3 6 4
	-> 1 2 3 4 6 7 8 
Structure 971: 1 2 21 19 14 18 9 A 3 39 4
	-> 1 A 2 3 4 9 
Structure 972: 1 2 B A 8 7 3 6 4
	-> 1 A 2 3 4 B 6 7 8 
Structure 973: 1 2 B 34 256 136 3 6 4
	-> 1 2 3 4 B 6 
Structure 974: 1 2 B 33 A 48 7 3 6 4
	-> 1 A 2 3 4 B 6 7 
Structure 975: 1 2 21 19 14 18 A 8 67 7 3 4
	-> 1 A 2 3 4 7 8 
Structure 976: 1 2 B 41 34 60 56 6 4
	-> 1 2 4 B 6 
Structure 977: 1 45 15 22 16 28 29 20 12 13
	-> 1 
Structure 978: 1 2 B A 8 7 3 6 4
	-> 1 A 2 3 4 B 6 7 8 
Structure 979: 1 2 15 32 16 8 7 3 6 4
	-> 1 2 3 4 6 7 8 
Structure 980: 1 B A 109 89 6
	-> 1 A B 6 
Structure 981: 1 43 B 62 3 20 12 141 47 77
	-> 1 3 B 
Structure 982: 1 B A 7 3 20 12 13
	-> 1 A 3 B 7 
Structure 983: 1 57 B A 3 20 12 13
	-> 1 A 3 B 
Structure 984: 1 31 B A 109 38 12 13
	-> 1 A B 
Structure 985: 1 2 B A 8 7 3 6 42
	-> 1 A 2 3 B 6 7 8 
Structure 986: 1 2 21 19 14 18 9 A 46 3 4
	-> 1 A 2 3 4 9 
Structure 987: 1 2 15 22 16 8 7 3 6 4
	-> 1 2 3 4 6 7 8 
Structure 988: 1 2 B 9 A 25 30 23 24 4
	-> 1 A 2 4 B 9 
Structure 989: 1 2 B 9 A 25 30 23 24 4
	-> 1 A 2 4 B 9 
Structure 990: 1 2 21 19 95 76 84 85 86 39 4
	-> 1 2 4 
Structure 991: 1 2 55 50 9 A 3 6 4
	-> 1 A 2 3 4 6 9 
Structure 992: 1 2 B 71 A 26 38 4
	-> 1 A 2 4 B 
Structure 993: 1 2 15 22 16 8 7 3 6 4
	-> 1 2 3 4 6 7 8 
Structure 994: 1 2 19 14 18 9 A 3 4
	-> 1 A 2 3 4 9 
Structure 995: 1 2 B A 8 7 3 6 4
	-> 1 A 2 3 4 B 6 7 8 
Structure 996: 1 2 B 9 A 25 30 23 24 4
	-> 1 A 2 4 B 9 
Structure 997: 87 65 B 66 72 8 7 3 6
	-> 3 B 6 7 8 
Structure 998: 1 2 15 32 16 8 7 3 6 4
	-> 1 2 3 4 6 7 8 
Structure 999: 1 2 15 22 16 8 7 3 6 4
	-> 1 2 3 4 6 7 8 
Structure 1000: 1 2 82 19 14 51 A 8 7 3 4
	-> 1 A 2 3 4 7 8 
