Processing /nethome/akirkpatrick3/Research/RNA/profiling/RNAStructProfilingConsolidation/output/training/ykoK/Serratia_proteamacul.1_sfold/input/Serratia_proteamacul.1_sfold.out
Structure 1: 4 8 7 5 3 6 16 13 1 17 21 2 
	-> 1 2 3 4 5 6 7 8 13 16 17 
Structure 2: 4 8 7 5 3 62 6 11 13 1 9 10 2 
	-> 1 2 3 4 5 6 7 8 9 10 11 13 
Structure 3: 4 8 7 15 5 3 12 6 11 1 9 10 2 
	-> 1 2 3 4 5 6 7 8 9 10 11 12 15 
Structure 4: 4 8 7 5 3 12 6 11 14 1 9 10 2 
	-> 1 2 3 4 5 6 7 8 9 10 11 12 14 
Structure 5: 4 8 7 5 3 12 6 11 14 1 9 10 2 
	-> 1 2 3 4 5 6 7 8 9 10 11 12 14 
Structure 6: 4 8 7 5 3 6 24 1 9 10 2 
	-> 1 2 3 4 5 6 7 8 9 10 
Structure 7: 4 8 7 5 3 6 11 13 1 30 9 10 2 
	-> 1 2 3 4 5 6 7 8 9 10 11 13 
Structure 8: 4 8 7 5 3 12 6 11 13 1 9 10 2 
	-> 1 2 3 4 5 6 7 8 9 10 11 12 13 
Structure 9: 4 8 7 5 3 12 6 11 1 9 10 2 
	-> 1 2 3 4 5 6 7 8 9 10 11 12 
Structure 10: 4 8 7 15 5 3 12 6 11 14 1 9 10 2 
	-> 1 2 3 4 5 6 7 8 9 10 11 12 14 15 
Structure 11: 4 8 7 5 3 12 6 11 1 9 10 2 
	-> 1 2 3 4 5 6 7 8 9 10 11 12 
Structure 12: 4 8 7 5 3 12 6 11 14 1 9 10 2 
	-> 1 2 3 4 5 6 7 8 9 10 11 12 14 
Structure 13: 4 26 19 7 5 3 12 6 11 13 1 9 10 2 
	-> 1 2 3 4 5 6 7 9 10 11 12 13 
Structure 14: 4 19 7 5 3 6 11 14 1 9 10 2 
	-> 1 2 3 4 5 6 7 9 10 11 14 
Structure 15: 4 19 7 5 3 12 6 11 13 1 9 10 2 
	-> 1 2 3 4 5 6 7 9 10 11 12 13 
Structure 16: 4 8 7 5 3 12 6 11 13 1 9 10 2 
	-> 1 2 3 4 5 6 7 8 9 10 11 12 13 
Structure 17: 4 8 7 5 3 12 6 11 13 1 9 10 2 
	-> 1 2 3 4 5 6 7 8 9 10 11 12 13 
Structure 18: 4 8 7 20 5 3 6 11 14 1 9 10 2 
	-> 1 2 3 4 5 6 7 8 9 10 11 14 
Structure 19: 4 8 7 5 3 6 11 13 1 9 10 2 
	-> 1 2 3 4 5 6 7 8 9 10 11 13 
Structure 20: 4 8 7 15 5 3 12 6 11 13 1 9 10 52 2 
	-> 1 2 3 4 5 6 7 8 9 10 11 12 13 15 
Structure 21: 4 8 7 5 3 12 6 11 13 1 9 10 2 
	-> 1 2 3 4 5 6 7 8 9 10 11 12 13 
Structure 22: 4 19 7 5 3 6 11 1 9 10 2 
	-> 1 2 3 4 5 6 7 9 10 11 
Structure 23: 4 8 7 5 3 12 6 11 13 1 9 10 2 
	-> 1 2 3 4 5 6 7 8 9 10 11 12 13 
Structure 24: 4 19 7 5 3 6 16 1 17 18 2 
	-> 1 2 3 4 5 6 7 16 17 18 
Structure 25: 4 8 7 20 5 3 6 11 14 1 9 10 2 
	-> 1 2 3 4 5 6 7 8 9 10 11 14 
Structure 26: 4 8 7 15 5 3 6 11 13 1 9 10 2 
	-> 1 2 3 4 5 6 7 8 9 10 11 13 15 
Structure 27: 4 8 7 5 3 12 6 11 1 9 10 2 
	-> 1 2 3 4 5 6 7 8 9 10 11 12 
Structure 28: 4 8 7 5 3 12 6 16 1 17 18 2 
	-> 1 2 3 4 5 6 7 8 12 16 17 18 
Structure 29: 4 8 7 48 3 12 6 46 1 63 17 2 
	-> 1 2 3 4 6 7 8 12 17 
Structure 30: 4 8 7 15 5 3 6 11 13 1 9 10 2 
	-> 1 2 3 4 5 6 7 8 9 10 11 13 15 
Structure 31: 4 19 7 5 3 6 11 13 1 9 10 2 
	-> 1 2 3 4 5 6 7 9 10 11 13 
Structure 32: 4 8 7 5 3 12 6 16 14 1 17 21 2 
	-> 1 2 3 4 5 6 7 8 12 14 16 17 
Structure 33: 4 8 23 64 20 5 3 12 6 11 14 1 9 10 2 
	-> 1 2 3 4 5 6 8 9 10 11 12 14 
Structure 34: 4 41 7 15 5 3 28 6 16 13 1 17 18 2 
	-> 1 2 3 4 5 6 7 13 15 16 17 18 
Structure 35: 4 8 7 5 3 6 11 14 1 9 10 2 
	-> 1 2 3 4 5 6 7 8 9 10 11 14 
Structure 36: 4 8 7 5 3 12 6 11 13 1 9 10 2 
	-> 1 2 3 4 5 6 7 8 9 10 11 12 13 
Structure 37: 4 8 7 15 5 3 12 6 16 13 1 17 18 2 
	-> 1 2 3 4 5 6 7 8 12 13 15 16 17 18 
Structure 38: 4 8 7 15 5 3 6 16 14 1 17 18 2 
	-> 1 2 3 4 5 6 7 8 14 15 16 17 18 
Structure 39: 4 8 7 5 3 6 11 13 1 9 10 2 
	-> 1 2 3 4 5 6 7 8 9 10 11 13 
Structure 40: 4 8 7 15 5 3 12 6 11 14 1 9 10 2 
	-> 1 2 3 4 5 6 7 8 9 10 11 12 14 15 
Structure 41: 4 8 7 38 3 6 11 13 1 9 10 2 
	-> 1 2 3 4 6 7 8 9 10 11 13 
Structure 42: 4 8 7 5 3 12 6 25 24 65 1 9 10 2 
	-> 1 2 3 4 5 6 7 8 9 10 12 
Structure 43: 4 8 7 15 5 48 3 12 6 11 14 1 9 10 2 
	-> 1 2 3 4 5 6 7 8 9 10 11 12 14 15 
Structure 44: 4 8 23 7 15 5 3 6 11 14 1 9 10 2 
	-> 1 2 3 4 5 6 7 8 9 10 11 14 15 
Structure 45: 4 8 7 15 5 3 6 16 13 1 17 21 2 
	-> 1 2 3 4 5 6 7 8 13 15 16 17 
Structure 46: 4 8 7 5 3 12 6 11 1 9 10 2 
	-> 1 2 3 4 5 6 7 8 9 10 11 12 
Structure 47: 4 8 7 5 3 12 6 11 14 1 9 10 2 
	-> 1 2 3 4 5 6 7 8 9 10 11 12 14 
Structure 48: 4 8 7 5 3 6 16 14 1 17 18 2 
	-> 1 2 3 4 5 6 7 8 14 16 17 18 
Structure 49: 4 19 7 38 3 12 6 11 1 9 10 2 
	-> 1 2 3 4 6 7 9 10 11 12 
Structure 50: 4 8 7 5 3 12 6 16 1 17 21 2 
	-> 1 2 3 4 5 6 7 8 12 16 17 
Structure 51: 8 7 5 3 6 11 13 1 9 10 2 
	-> 1 2 3 5 6 7 8 9 10 11 13 
Structure 52: 4 8 7 5 3 12 6 11 13 1 9 10 2 
	-> 1 2 3 4 5 6 7 8 9 10 11 12 13 
Structure 53: 4 8 7 15 5 3 12 53 54 16 14 1 17 2 
	-> 1 2 3 4 5 7 8 12 14 15 16 17 
Structure 54: 4 8 7 20 5 3 12 6 84 11 1 9 10 2 
	-> 1 2 3 4 5 6 7 8 9 10 11 12 
Structure 55: 4 8 7 15 5 3 12 6 11 1 9 10 2 
	-> 1 2 3 4 5 6 7 8 9 10 11 12 15 
Structure 56: 4 8 7 5 3 12 6 11 13 1 9 10 2 
	-> 1 2 3 4 5 6 7 8 9 10 11 12 13 
Structure 57: 4 8 7 5 3 12 6 11 1 9 10 2 
	-> 1 2 3 4 5 6 7 8 9 10 11 12 
Structure 58: 4 8 7 5 22 3 6 16 1 17 18 2 
	-> 1 2 3 4 5 6 7 8 16 17 18 
Structure 59: 4 8 7 15 5 3 12 6 11 13 1 9 10 2 
	-> 1 2 3 4 5 6 7 8 9 10 11 12 13 15 
Structure 60: 4 8 7 15 5 3 12 6 11 13 1 9 10 2 
	-> 1 2 3 4 5 6 7 8 9 10 11 12 13 15 
Structure 61: 4 19 7 5 3 12 6 11 13 1 9 10 2 
	-> 1 2 3 4 5 6 7 9 10 11 12 13 
Structure 62: 4 8 23 7 5 3 12 6 11 14 1 66 9 10 2 
	-> 1 2 3 4 5 6 7 8 9 10 11 12 14 
Structure 63: 4 8 7 5 22 3 6 11 14 1 9 10 2 
	-> 1 2 3 4 5 6 7 8 9 10 11 14 
Structure 64: 4 26 19 23 20 5 3 12 6 16 13 1 17 21 2 
	-> 1 2 3 4 5 6 12 13 16 17 
Structure 65: 4 8 7 15 5 3 6 11 13 1 9 10 2 
	-> 1 2 3 4 5 6 7 8 9 10 11 13 15 
Structure 66: 4 8 7 5 3 12 6 11 1 9 10 2 
	-> 1 2 3 4 5 6 7 8 9 10 11 12 
Structure 67: 4 8 7 5 3 12 6 16 49 1 50 55 21 2 
	-> 1 2 3 4 5 6 7 8 12 16 
Structure 68: 4 8 7 5 3 56 14 1 51 9 10 2 
	-> 1 2 3 4 5 7 8 9 10 14 
Structure 69: 4 8 7 5 3 12 6 11 1 9 10 2 
	-> 1 2 3 4 5 6 7 8 9 10 11 12 
Structure 70: 4 8 7 15 5 3 28 6 11 1 9 33 2 
	-> 1 2 3 4 5 6 7 8 9 11 15 
Structure 71: 4 8 7 5 3 6 16 1 17 18 2 
	-> 1 2 3 4 5 6 7 8 16 17 18 
Structure 72: 4 19 7 5 3 6 11 14 1 9 10 2 
	-> 1 2 3 4 5 6 7 9 10 11 14 
Structure 73: 4 19 7 5 3 12 6 11 14 1 9 10 2 
	-> 1 2 3 4 5 6 7 9 10 11 12 14 
Structure 74: 4 8 7 5 3 12 6 11 13 1 9 10 2 
	-> 1 2 3 4 5 6 7 8 9 10 11 12 13 
Structure 75: 4 26 41 7 15 5 3 12 6 11 13 1 9 10 2 
	-> 1 2 3 4 5 6 7 9 10 11 12 13 15 
Structure 76: 4 19 7 5 3 12 6 11 13 1 9 10 2 
	-> 1 2 3 4 5 6 7 9 10 11 12 13 
Structure 77: 4 8 7 5 3 12 6 11 13 1 9 10 2 
	-> 1 2 3 4 5 6 7 8 9 10 11 12 13 
Structure 78: 4 8 7 20 5 3 28 6 11 14 1 9 10 2 
	-> 1 2 3 4 5 6 7 8 9 10 11 14 
Structure 79: 4 8 7 5 3 12 6 11 1 9 10 2 
	-> 1 2 3 4 5 6 7 8 9 10 11 12 
Structure 80: 4 8 7 5 3 12 6 16 13 1 17 18 2 
	-> 1 2 3 4 5 6 7 8 12 13 16 17 18 
Structure 81: 4 8 7 5 3 12 6 11 14 1 9 10 2 
	-> 1 2 3 4 5 6 7 8 9 10 11 12 14 
Structure 82: 4 8 7 5 3 6 11 13 1 9 10 2 
	-> 1 2 3 4 5 6 7 8 9 10 11 13 
Structure 83: 4 8 7 5 22 3 12 6 16 13 1 17 18 2 
	-> 1 2 3 4 5 6 7 8 12 13 16 17 18 
Structure 84: 4 8 7 15 5 3 12 6 16 14 1 17 21 2 
	-> 1 2 3 4 5 6 7 8 12 14 15 16 17 
Structure 85: 4 8 7 5 3 6 11 13 1 9 10 2 
	-> 1 2 3 4 5 6 7 8 9 10 11 13 
Structure 86: 4 8 7 5 3 12 6 11 14 1 9 10 2 
	-> 1 2 3 4 5 6 7 8 9 10 11 12 14 
Structure 87: 4 8 7 15 5 3 6 11 13 1 9 10 2 
	-> 1 2 3 4 5 6 7 8 9 10 11 13 15 
Structure 88: 4 8 7 5 3 12 6 11 13 1 9 10 2 
	-> 1 2 3 4 5 6 7 8 9 10 11 12 13 
Structure 89: 4 8 7 5 3 12 6 11 1 9 76 52 2 
	-> 1 2 3 4 5 6 7 8 9 11 12 
Structure 90: 4 8 7 5 3 6 46 77 1 17 2 
	-> 1 2 3 4 5 6 7 8 17 
Structure 91: 4 8 23 7 5 3 6 11 13 1 9 10 2 
	-> 1 2 3 4 5 6 7 8 9 10 11 13 
Structure 92: 4 8 7 5 3 12 6 16 13 1 17 21 2 
	-> 1 2 3 4 5 6 7 8 12 13 16 17 
Structure 93: 4 8 7 5 3 12 6 16 1 17 18 2 
	-> 1 2 3 4 5 6 7 8 12 16 17 18 
Structure 94: 4 8 7 5 3 6 11 13 1 9 10 2 
	-> 1 2 3 4 5 6 7 8 9 10 11 13 
Structure 95: 4 8 7 5 3 6 11 27 1 9 10 2 
	-> 1 2 3 4 5 6 7 8 9 10 11 
Structure 96: 4 8 7 15 5 3 12 6 11 13 1 9 10 2 
	-> 1 2 3 4 5 6 7 8 9 10 11 12 13 15 
Structure 97: 4 8 7 5 3 12 6 11 1 9 10 2 
	-> 1 2 3 4 5 6 7 8 9 10 11 12 
Structure 98: 4 8 7 20 5 3 6 11 13 1 9 10 2 
	-> 1 2 3 4 5 6 7 8 9 10 11 13 
Structure 99: 4 8 7 5 22 3 6 11 13 1 9 10 2 
	-> 1 2 3 4 5 6 7 8 9 10 11 13 
Structure 100: 4 8 7 5 3 6 11 1 9 33 2 
	-> 1 2 3 4 5 6 7 8 9 11 
Structure 101: 4 8 7 5 3 6 11 13 1 9 10 2 
	-> 1 2 3 4 5 6 7 8 9 10 11 13 
Structure 102: 4 8 7 5 3 6 11 14 1 9 10 2 
	-> 1 2 3 4 5 6 7 8 9 10 11 14 
Structure 103: 4 8 7 5 3 6 11 13 1 9 10 2 
	-> 1 2 3 4 5 6 7 8 9 10 11 13 
Structure 104: 4 8 7 5 3 6 11 13 1 9 10 2 
	-> 1 2 3 4 5 6 7 8 9 10 11 13 
Structure 105: 4 19 7 15 5 3 12 6 16 14 1 17 21 2 
	-> 1 2 3 4 5 6 7 12 14 15 16 17 
Structure 106: 4 26 19 7 5 3 12 6 11 1 9 10 2 
	-> 1 2 3 4 5 6 7 9 10 11 12 
Structure 107: 4 8 7 5 3 6 11 14 1 9 10 2 
	-> 1 2 3 4 5 6 7 8 9 10 11 14 
Structure 108: 4 8 7 15 5 3 12 6 11 14 1 30 9 10 2 
	-> 1 2 3 4 5 6 7 8 9 10 11 12 14 15 
Structure 109: 4 8 7 5 3 12 6 16 13 1 17 18 2 
	-> 1 2 3 4 5 6 7 8 12 13 16 17 18 
Structure 110: 4 8 7 5 3 12 6 11 13 1 9 10 2 
	-> 1 2 3 4 5 6 7 8 9 10 11 12 13 
Structure 111: 4 8 7 5 3 12 6 11 27 13 1 9 33 2 
	-> 1 2 3 4 5 6 7 8 9 11 12 13 
Structure 112: 4 19 7 5 3 12 6 11 1 9 52 2 
	-> 1 2 3 4 5 6 7 9 11 12 
Structure 113: 4 8 7 5 3 6 11 14 1 9 10 2 
	-> 1 2 3 4 5 6 7 8 9 10 11 14 
Structure 114: 4 8 7 5 3 6 11 14 1 9 10 2 
	-> 1 2 3 4 5 6 7 8 9 10 11 14 
Structure 115: 4 19 7 5 3 12 6 11 42 1 66 9 10 2 
	-> 1 2 3 4 5 6 7 9 10 11 12 
Structure 116: 4 8 7 15 5 3 6 11 1 9 10 2 
	-> 1 2 3 4 5 6 7 8 9 10 11 15 
Structure 117: 4 8 7 5 3 12 56 1 51 9 10 2 
	-> 1 2 3 4 5 7 8 9 10 12 
Structure 118: 4 26 19 7 5 3 12 6 11 27 13 1 9 10 2 
	-> 1 2 3 4 5 6 7 9 10 11 12 13 
Structure 119: 4 8 7 5 3 12 6 11 14 1 9 10 2 
	-> 1 2 3 4 5 6 7 8 9 10 11 12 14 
Structure 120: 4 8 7 15 5 3 12 6 11 1 78 43 2 
	-> 1 2 3 4 5 6 7 8 11 12 15 
Structure 121: 4 19 7 15 5 3 12 6 44 11 1 9 10 2 
	-> 1 2 3 4 5 6 7 9 10 11 12 15 
Structure 122: 4 8 7 5 3 6 11 14 1 9 10 2 
	-> 1 2 3 4 5 6 7 8 9 10 11 14 
Structure 123: 4 8 7 5 3 12 6 11 13 1 9 10 2 
	-> 1 2 3 4 5 6 7 8 9 10 11 12 13 
Structure 124: 4 8 7 5 3 12 6 11 14 1 9 10 2 
	-> 1 2 3 4 5 6 7 8 9 10 11 12 14 
Structure 125: 4 8 7 20 5 3 12 6 11 1 9 10 2 
	-> 1 2 3 4 5 6 7 8 9 10 11 12 
Structure 126: 4 8 7 5 3 6 11 1 9 10 2 
	-> 1 2 3 4 5 6 7 8 9 10 11 
Structure 127: 4 8 7 5 3 12 6 11 14 1 9 10 2 
	-> 1 2 3 4 5 6 7 8 9 10 11 12 14 
Structure 128: 4 8 7 5 3 12 6 11 1 9 10 2 
	-> 1 2 3 4 5 6 7 8 9 10 11 12 
Structure 129: 4 8 7 15 5 3 12 6 11 1 9 10 2 
	-> 1 2 3 4 5 6 7 8 9 10 11 12 15 
Structure 130: 4 8 7 15 5 3 12 6 16 1 17 18 2 
	-> 1 2 3 4 5 6 7 8 12 15 16 17 18 
Structure 131: 4 8 7 15 5 3 12 6 11 13 1 9 10 2 
	-> 1 2 3 4 5 6 7 8 9 10 11 12 13 15 
Structure 132: 4 8 7 15 5 3 12 6 16 14 1 17 21 2 
	-> 1 2 3 4 5 6 7 8 12 14 15 16 17 
Structure 133: 4 8 7 5 3 6 16 49 1 17 18 2 
	-> 1 2 3 4 5 6 7 8 16 17 18 
Structure 134: 4 8 34 35 37 44 11 1 9 10 36 29 2 
	-> 1 2 4 8 9 10 11 
Structure 135: 4 8 7 5 22 3 6 11 13 1 9 10 2 
	-> 1 2 3 4 5 6 7 8 9 10 11 13 
Structure 136: 4 8 7 15 5 3 12 6 11 27 1 9 10 2 
	-> 1 2 3 4 5 6 7 8 9 10 11 12 15 
Structure 137: 4 8 7 5 3 12 6 11 14 1 9 10 2 
	-> 1 2 3 4 5 6 7 8 9 10 11 12 14 
Structure 138: 4 19 7 5 3 12 6 16 1 17 18 2 
	-> 1 2 3 4 5 6 7 12 16 17 18 
Structure 139: 4 8 7 5 3 12 6 11 1 9 10 2 
	-> 1 2 3 4 5 6 7 8 9 10 11 12 
Structure 140: 4 8 7 5 3 12 6 11 13 1 9 10 2 
	-> 1 2 3 4 5 6 7 8 9 10 11 12 13 
Structure 141: 4 8 7 5 3 6 11 13 1 9 10 2 
	-> 1 2 3 4 5 6 7 8 9 10 11 13 
Structure 142: 4 8 7 5 3 6 16 14 1 17 18 2 
	-> 1 2 3 4 5 6 7 8 14 16 17 18 
Structure 143: 4 8 7 15 5 3 12 6 11 13 1 9 10 2 
	-> 1 2 3 4 5 6 7 8 9 10 11 12 13 15 
Structure 144: 4 8 7 15 5 3 12 6 11 14 1 30 9 10 2 
	-> 1 2 3 4 5 6 7 8 9 10 11 12 14 15 
Structure 145: 4 8 7 15 5 3 12 6 16 14 1 17 21 2 
	-> 1 2 3 4 5 6 7 8 12 14 15 16 17 
Structure 146: 4 8 7 15 5 3 12 6 24 42 1 9 10 2 
	-> 1 2 3 4 5 6 7 8 9 10 12 15 
Structure 147: 4 8 7 15 5 3 6 11 13 1 9 10 2 
	-> 1 2 3 4 5 6 7 8 9 10 11 13 15 
Structure 148: 4 8 7 15 5 3 12 6 11 1 9 10 2 
	-> 1 2 3 4 5 6 7 8 9 10 11 12 15 
Structure 149: 4 8 7 5 3 12 6 11 13 1 9 10 2 
	-> 1 2 3 4 5 6 7 8 9 10 11 12 13 
Structure 150: 4 8 7 5 3 6 11 14 1 9 10 2 
	-> 1 2 3 4 5 6 7 8 9 10 11 14 
Structure 151: 4 8 7 15 5 3 12 6 11 1 9 10 2 
	-> 1 2 3 4 5 6 7 8 9 10 11 12 15 
Structure 152: 4 8 7 5 3 12 6 11 27 13 1 9 10 2 
	-> 1 2 3 4 5 6 7 8 9 10 11 12 13 
Structure 153: 4 8 7 5 3 6 11 1 9 10 2 
	-> 1 2 3 4 5 6 7 8 9 10 11 
Structure 154: 4 8 7 5 3 6 11 13 1 9 10 2 
	-> 1 2 3 4 5 6 7 8 9 10 11 13 
Structure 155: 4 8 7 31 5 3 12 6 11 13 1 9 10 2 
	-> 1 2 3 4 5 6 7 8 9 10 11 12 13 
Structure 156: 4 8 7 5 3 12 6 11 1 9 10 2 
	-> 1 2 3 4 5 6 7 8 9 10 11 12 
Structure 157: 4 8 7 5 3 12 6 11 1 9 10 2 
	-> 1 2 3 4 5 6 7 8 9 10 11 12 
Structure 158: 4 8 7 5 3 6 11 13 1 9 10 2 
	-> 1 2 3 4 5 6 7 8 9 10 11 13 
Structure 159: 4 8 7 5 3 12 6 16 13 1 17 18 2 
	-> 1 2 3 4 5 6 7 8 12 13 16 17 18 
Structure 160: 4 8 7 15 5 3 12 6 11 14 1 9 10 2 
	-> 1 2 3 4 5 6 7 8 9 10 11 12 14 15 
Structure 161: 4 8 7 5 3 6 11 13 1 9 10 2 
	-> 1 2 3 4 5 6 7 8 9 10 11 13 
Structure 162: 4 8 7 31 3 6 11 1 9 10 2 
	-> 1 2 3 4 6 7 8 9 10 11 
Structure 163: 4 8 7 5 3 6 11 13 1 9 10 2 
	-> 1 2 3 4 5 6 7 8 9 10 11 13 
Structure 164: 4 8 7 15 5 3 6 11 14 1 9 10 2 
	-> 1 2 3 4 5 6 7 8 9 10 11 14 15 
Structure 165: 4 8 7 5 3 6 11 13 1 9 10 2 
	-> 1 2 3 4 5 6 7 8 9 10 11 13 
Structure 166: 4 8 7 5 3 12 6 11 27 13 1 9 10 2 
	-> 1 2 3 4 5 6 7 8 9 10 11 12 13 
Structure 167: 4 8 7 5 3 6 11 14 1 9 10 2 
	-> 1 2 3 4 5 6 7 8 9 10 11 14 
Structure 168: 4 8 7 15 5 3 12 6 16 14 1 17 18 2 
	-> 1 2 3 4 5 6 7 8 12 14 15 16 17 18 
Structure 169: 39 8 7 5 3 28 6 11 14 1 9 10 2 
	-> 1 2 3 5 6 7 8 9 10 11 14 
Structure 170: 4 8 7 5 3 6 11 13 1 9 10 2 
	-> 1 2 3 4 5 6 7 8 9 10 11 13 
Structure 171: 4 8 7 5 3 6 11 13 1 9 10 2 
	-> 1 2 3 4 5 6 7 8 9 10 11 13 
Structure 172: 4 8 7 20 5 3 12 6 11 13 1 9 10 2 
	-> 1 2 3 4 5 6 7 8 9 10 11 12 13 
Structure 173: 4 8 23 85 86 5 3 56 42 1 51 9 10 2 
	-> 1 2 3 4 5 8 9 10 
Structure 174: 4 8 7 15 5 3 12 6 11 14 1 9 10 2 
	-> 1 2 3 4 5 6 7 8 9 10 11 12 14 15 
Structure 175: 4 8 7 20 5 3 6 11 1 9 10 2 
	-> 1 2 3 4 5 6 7 8 9 10 11 
Structure 176: 4 26 19 7 5 3 12 6 11 13 1 9 10 2 
	-> 1 2 3 4 5 6 7 9 10 11 12 13 
Structure 177: 4 8 7 5 3 12 6 16 14 1 17 18 2 
	-> 1 2 3 4 5 6 7 8 12 14 16 17 18 
Structure 178: 4 19 7 5 3 6 16 14 1 17 18 2 
	-> 1 2 3 4 5 6 7 14 16 17 18 
Structure 179: 26 19 7 5 3 6 11 14 1 9 10 2 
	-> 1 2 3 5 6 7 9 10 11 14 
Structure 180: 4 8 7 5 3 6 11 1 9 10 2 
	-> 1 2 3 4 5 6 7 8 9 10 11 
Structure 181: 4 8 7 5 3 6 16 1 17 18 2 
	-> 1 2 3 4 5 6 7 8 16 17 18 
Structure 182: 4 8 7 5 3 12 6 11 13 1 9 10 2 
	-> 1 2 3 4 5 6 7 8 9 10 11 12 13 
Structure 183: 4 8 7 15 5 3 12 6 11 13 1 9 10 2 
	-> 1 2 3 4 5 6 7 8 9 10 11 12 13 15 
Structure 184: 4 8 7 15 5 3 12 6 11 27 13 1 9 10 2 
	-> 1 2 3 4 5 6 7 8 9 10 11 12 13 15 
Structure 185: 4 8 7 5 3 57 11 14 1 9 10 29 2 
	-> 1 2 3 4 5 7 8 9 10 11 14 
Structure 186: 4 8 7 5 3 6 11 13 1 9 10 2 
	-> 1 2 3 4 5 6 7 8 9 10 11 13 
Structure 187: 4 8 7 5 3 12 6 11 13 1 66 9 10 2 
	-> 1 2 3 4 5 6 7 8 9 10 11 12 13 
Structure 188: 4 8 7 5 22 3 6 11 14 1 9 10 2 
	-> 1 2 3 4 5 6 7 8 9 10 11 14 
Structure 189: 4 8 7 15 5 3 6 11 14 1 9 10 2 
	-> 1 2 3 4 5 6 7 8 9 10 11 14 15 
Structure 190: 4 8 7 15 5 3 12 6 11 13 1 9 10 2 
	-> 1 2 3 4 5 6 7 8 9 10 11 12 13 15 
Structure 191: 4 8 7 5 3 12 6 16 1 17 18 2 
	-> 1 2 3 4 5 6 7 8 12 16 17 18 
Structure 192: 4 8 7 20 5 3 12 6 25 24 13 1 9 10 2 
	-> 1 2 3 4 5 6 7 8 9 10 12 13 
Structure 193: 4 8 7 15 5 3 6 16 14 1 17 21 2 
	-> 1 2 3 4 5 6 7 8 14 15 16 17 
Structure 194: 4 41 7 5 3 12 6 11 14 1 30 9 10 2 
	-> 1 2 3 4 5 6 7 9 10 11 12 14 
Structure 195: 4 8 7 5 3 12 6 25 24 13 1 9 10 2 
	-> 1 2 3 4 5 6 7 8 9 10 12 13 
Structure 196: 4 8 23 47 45 3 6 11 13 1 9 10 2 
	-> 1 2 3 4 6 8 9 10 11 13 
Structure 197: 4 8 7 5 3 12 6 11 14 1 9 10 2 
	-> 1 2 3 4 5 6 7 8 9 10 11 12 14 
Structure 198: 4 8 7 5 3 12 6 11 14 1 9 10 2 
	-> 1 2 3 4 5 6 7 8 9 10 11 12 14 
Structure 199: 4 8 7 5 3 12 6 11 14 1 9 10 2 
	-> 1 2 3 4 5 6 7 8 9 10 11 12 14 
Structure 200: 4 8 7 20 5 3 12 6 11 1 9 10 2 
	-> 1 2 3 4 5 6 7 8 9 10 11 12 
Structure 201: 4 8 7 15 5 22 3 6 11 13 1 9 10 2 
	-> 1 2 3 4 5 6 7 8 9 10 11 13 15 
Structure 202: 4 8 7 15 5 3 12 6 11 1 9 10 2 
	-> 1 2 3 4 5 6 7 8 9 10 11 12 15 
Structure 203: 4 8 7 15 5 22 3 12 6 16 13 1 17 21 2 
	-> 1 2 3 4 5 6 7 8 12 13 15 16 17 
Structure 204: 4 8 7 5 3 6 11 14 1 9 10 2 
	-> 1 2 3 4 5 6 7 8 9 10 11 14 
Structure 205: 4 8 7 5 3 28 6 11 13 1 9 10 2 
	-> 1 2 3 4 5 6 7 8 9 10 11 13 
Structure 206: 4 8 23 20 5 22 3 6 11 1 9 10 2 
	-> 1 2 3 4 5 6 8 9 10 11 
Structure 207: 4 8 7 5 3 6 11 13 1 9 10 2 
	-> 1 2 3 4 5 6 7 8 9 10 11 13 
Structure 208: 4 8 7 5 3 12 6 11 13 1 9 10 2 
	-> 1 2 3 4 5 6 7 8 9 10 11 12 13 
Structure 209: 4 8 7 5 3 12 6 11 13 1 9 10 2 
	-> 1 2 3 4 5 6 7 8 9 10 11 12 13 
Structure 210: 4 8 7 5 3 12 6 11 13 1 9 10 2 
	-> 1 2 3 4 5 6 7 8 9 10 11 12 13 
Structure 211: 4 8 7 5 3 12 6 11 14 1 9 10 2 
	-> 1 2 3 4 5 6 7 8 9 10 11 12 14 
Structure 212: 4 8 7 15 5 3 6 44 11 14 1 9 10 2 
	-> 1 2 3 4 5 6 7 8 9 10 11 14 15 
Structure 213: 4 8 7 15 5 22 3 6 16 13 1 17 21 2 
	-> 1 2 3 4 5 6 7 8 13 15 16 17 
Structure 214: 4 8 7 15 5 3 12 6 11 27 14 1 9 10 2 
	-> 1 2 3 4 5 6 7 8 9 10 11 12 14 15 
Structure 215: 4 8 7 15 5 3 12 6 11 13 1 9 10 2 
	-> 1 2 3 4 5 6 7 8 9 10 11 12 13 15 
Structure 216: 4 8 7 5 3 12 6 11 1 9 10 2 
	-> 1 2 3 4 5 6 7 8 9 10 11 12 
Structure 217: 4 8 7 5 22 3 6 11 1 9 10 2 
	-> 1 2 3 4 5 6 7 8 9 10 11 
Structure 218: 4 19 7 15 5 3 6 11 13 1 9 10 2 
	-> 1 2 3 4 5 6 7 9 10 11 13 15 
Structure 219: 4 8 7 5 3 12 6 11 13 1 9 10 2 
	-> 1 2 3 4 5 6 7 8 9 10 11 12 13 
Structure 220: 4 8 7 5 3 12 6 11 14 1 9 10 2 
	-> 1 2 3 4 5 6 7 8 9 10 11 12 14 
Structure 221: 4 8 7 20 5 3 6 11 13 1 32 9 10 2 
	-> 1 2 3 4 5 6 7 8 9 10 11 13 
Structure 222: 4 8 7 5 3 12 6 11 14 1 9 10 2 
	-> 1 2 3 4 5 6 7 8 9 10 11 12 14 
Structure 223: 4 19 7 5 3 6 11 13 1 9 10 2 
	-> 1 2 3 4 5 6 7 9 10 11 13 
Structure 224: 4 8 7 5 22 3 6 79 1 9 10 2 
	-> 1 2 3 4 5 6 7 8 9 10 
Structure 225: 4 8 7 15 5 3 6 11 14 1 9 10 2 
	-> 1 2 3 4 5 6 7 8 9 10 11 14 15 
Structure 226: 4 8 7 5 22 3 12 6 11 14 1 9 10 2 
	-> 1 2 3 4 5 6 7 8 9 10 11 12 14 
Structure 227: 4 8 7 5 3 12 6 11 13 1 9 10 2 
	-> 1 2 3 4 5 6 7 8 9 10 11 12 13 
Structure 228: 4 8 7 5 3 12 6 11 14 1 32 9 10 2 
	-> 1 2 3 4 5 6 7 8 9 10 11 12 14 
Structure 229: 4 8 7 5 3 57 11 1 9 10 29 2 
	-> 1 2 3 4 5 7 8 9 10 11 
Structure 230: 4 19 7 20 5 3 12 6 46 1 43 2 
	-> 1 2 3 4 5 6 7 12 
Structure 231: 4 8 7 5 3 6 11 1 9 10 2 
	-> 1 2 3 4 5 6 7 8 9 10 11 
Structure 232: 4 8 7 5 3 6 11 13 1 30 9 10 2 
	-> 1 2 3 4 5 6 7 8 9 10 11 13 
Structure 233: 4 8 7 5 3 6 16 1 17 18 2 
	-> 1 2 3 4 5 6 7 8 16 17 18 
Structure 234: 4 8 7 5 3 12 6 16 13 1 87 18 2 
	-> 1 2 3 4 5 6 7 8 12 13 16 18 
Structure 235: 4 8 34 35 37 16 14 1 58 59 67 88 2 
	-> 1 2 4 8 14 16 
Structure 236: 4 19 7 15 5 3 12 6 11 13 1 9 10 2 
	-> 1 2 3 4 5 6 7 9 10 11 12 13 15 
Structure 237: 4 8 7 5 3 12 6 11 14 1 9 10 2 
	-> 1 2 3 4 5 6 7 8 9 10 11 12 14 
Structure 238: 4 8 7 5 3 6 11 1 9 10 2 
	-> 1 2 3 4 5 6 7 8 9 10 11 
Structure 239: 4 8 7 5 48 3 12 6 11 14 1 9 10 2 
	-> 1 2 3 4 5 6 7 8 9 10 11 12 14 
Structure 240: 4 8 7 15 5 3 12 6 11 1 9 10 2 
	-> 1 2 3 4 5 6 7 8 9 10 11 12 15 
Structure 241: 4 8 7 15 5 3 12 6 11 13 1 9 10 2 
	-> 1 2 3 4 5 6 7 8 9 10 11 12 13 15 
Structure 242: 4 8 7 5 3 12 6 11 13 1 9 10 2 
	-> 1 2 3 4 5 6 7 8 9 10 11 12 13 
Structure 243: 4 8 7 5 3 6 11 13 1 9 10 2 
	-> 1 2 3 4 5 6 7 8 9 10 11 13 
Structure 244: 4 8 23 7 5 22 3 12 6 11 14 1 9 10 2 
	-> 1 2 3 4 5 6 7 8 9 10 11 12 14 
Structure 245: 8 7 5 3 6 11 14 1 9 10 2 
	-> 1 2 3 5 6 7 8 9 10 11 14 
Structure 246: 4 8 7 15 5 3 12 6 16 13 1 17 18 2 
	-> 1 2 3 4 5 6 7 8 12 13 15 16 17 18 
Structure 247: 4 19 7 5 3 12 6 11 1 9 10 2 
	-> 1 2 3 4 5 6 7 9 10 11 12 
Structure 248: 4 8 7 15 5 3 12 6 11 13 1 9 10 2 
	-> 1 2 3 4 5 6 7 8 9 10 11 12 13 15 
Structure 249: 4 8 7 5 3 6 11 1 9 10 2 
	-> 1 2 3 4 5 6 7 8 9 10 11 
Structure 250: 4 8 7 15 5 3 12 6 16 14 1 17 18 2 
	-> 1 2 3 4 5 6 7 8 12 14 15 16 17 18 
Structure 251: 4 8 7 5 22 3 6 11 1 9 10 2 
	-> 1 2 3 4 5 6 7 8 9 10 11 
Structure 252: 4 8 7 5 3 6 11 13 1 9 10 2 
	-> 1 2 3 4 5 6 7 8 9 10 11 13 
Structure 253: 4 8 7 5 3 12 6 16 49 1 50 21 2 
	-> 1 2 3 4 5 6 7 8 12 16 
Structure 254: 4 8 7 15 5 3 6 11 1 9 10 2 
	-> 1 2 3 4 5 6 7 8 9 10 11 15 
Structure 255: 4 8 7 15 5 3 68 6 11 1 9 10 2 
	-> 1 2 3 4 5 6 7 8 9 10 11 15 
Structure 256: 4 8 7 5 3 6 11 13 1 9 10 2 
	-> 1 2 3 4 5 6 7 8 9 10 11 13 
Structure 257: 4 8 7 5 3 6 16 1 17 18 2 
	-> 1 2 3 4 5 6 7 8 16 17 18 
Structure 258: 4 8 7 5 3 12 6 11 13 1 9 10 2 
	-> 1 2 3 4 5 6 7 8 9 10 11 12 13 
Structure 259: 4 8 7 5 22 3 6 11 13 1 9 10 2 
	-> 1 2 3 4 5 6 7 8 9 10 11 13 
Structure 260: 4 8 7 15 5 3 12 6 11 13 1 9 10 2 
	-> 1 2 3 4 5 6 7 8 9 10 11 12 13 15 
Structure 261: 4 8 7 15 5 3 6 11 13 1 9 10 2 
	-> 1 2 3 4 5 6 7 8 9 10 11 13 15 
Structure 262: 4 19 7 5 3 12 6 11 1 9 10 2 
	-> 1 2 3 4 5 6 7 9 10 11 12 
Structure 263: 4 26 19 7 15 5 3 12 6 11 13 1 9 10 2 
	-> 1 2 3 4 5 6 7 9 10 11 12 13 15 
Structure 264: 8 7 5 3 12 6 16 1 17 21 2 
	-> 1 2 3 5 6 7 8 12 16 17 
Structure 265: 4 8 7 15 5 3 12 62 6 11 13 1 9 10 2 
	-> 1 2 3 4 5 6 7 8 9 10 11 12 13 15 
Structure 266: 4 26 19 7 5 3 12 6 11 14 1 9 10 2 
	-> 1 2 3 4 5 6 7 9 10 11 12 14 
Structure 267: 4 8 23 69 3 6 16 14 1 17 21 2 
	-> 1 2 3 4 6 8 14 16 17 
Structure 268: 4 8 7 5 3 6 11 1 9 10 2 
	-> 1 2 3 4 5 6 7 8 9 10 11 
Structure 269: 4 19 7 5 3 28 6 16 1 50 18 2 
	-> 1 2 3 4 5 6 7 16 18 
Structure 270: 4 8 7 20 5 3 6 11 13 1 9 10 2 
	-> 1 2 3 4 5 6 7 8 9 10 11 13 
Structure 271: 4 8 7 5 3 12 6 11 14 1 9 10 2 
	-> 1 2 3 4 5 6 7 8 9 10 11 12 14 
Structure 272: 4 8 7 15 5 3 12 6 16 13 1 17 21 2 
	-> 1 2 3 4 5 6 7 8 12 13 15 16 17 
Structure 273: 4 19 7 15 5 3 6 11 13 1 9 10 2 
	-> 1 2 3 4 5 6 7 9 10 11 13 15 
Structure 274: 4 8 7 5 3 12 6 11 13 1 9 10 2 
	-> 1 2 3 4 5 6 7 8 9 10 11 12 13 
Structure 275: 4 8 34 35 37 16 14 1 17 60 70 71 36 29 2 
	-> 1 2 4 8 14 16 17 
Structure 276: 4 8 7 5 3 12 6 11 1 9 10 2 
	-> 1 2 3 4 5 6 7 8 9 10 11 12 
Structure 277: 4 8 7 5 3 12 6 25 24 14 1 9 10 2 
	-> 1 2 3 4 5 6 7 8 9 10 12 14 
Structure 278: 4 8 7 5 3 6 16 14 1 17 18 2 
	-> 1 2 3 4 5 6 7 8 14 16 17 18 
Structure 279: 4 8 7 15 5 22 3 12 6 11 13 1 9 10 2 
	-> 1 2 3 4 5 6 7 8 9 10 11 12 13 15 
Structure 280: 4 8 7 15 5 3 12 6 11 14 1 9 10 2 
	-> 1 2 3 4 5 6 7 8 9 10 11 12 14 15 
Structure 281: 4 8 7 15 5 3 12 6 11 14 1 9 10 2 
	-> 1 2 3 4 5 6 7 8 9 10 11 12 14 15 
Structure 282: 4 8 7 15 5 3 12 6 11 14 1 9 10 2 
	-> 1 2 3 4 5 6 7 8 9 10 11 12 14 15 
Structure 283: 4 8 7 5 3 6 11 14 1 9 10 2 
	-> 1 2 3 4 5 6 7 8 9 10 11 14 
Structure 284: 4 8 7 15 5 3 6 25 24 14 1 9 10 2 
	-> 1 2 3 4 5 6 7 8 9 10 14 15 
Structure 285: 4 8 7 15 5 3 12 6 11 13 1 9 10 2 
	-> 1 2 3 4 5 6 7 8 9 10 11 12 13 15 
Structure 286: 4 8 7 5 3 6 16 1 17 18 2 
	-> 1 2 3 4 5 6 7 8 16 17 18 
Structure 287: 4 8 7 5 3 6 16 1 17 18 2 
	-> 1 2 3 4 5 6 7 8 16 17 18 
Structure 288: 4 8 7 5 3 12 6 11 13 1 9 33 2 
	-> 1 2 3 4 5 6 7 8 9 11 12 13 
Structure 289: 4 8 7 5 3 12 6 11 1 9 10 2 
	-> 1 2 3 4 5 6 7 8 9 10 11 12 
Structure 290: 4 8 7 5 3 12 6 11 1 9 10 2 
	-> 1 2 3 4 5 6 7 8 9 10 11 12 
Structure 291: 4 8 7 15 5 22 3 12 6 11 1 9 10 2 
	-> 1 2 3 4 5 6 7 8 9 10 11 12 15 
Structure 292: 4 8 7 15 5 3 6 16 1 17 21 2 
	-> 1 2 3 4 5 6 7 8 15 16 17 
Structure 293: 4 8 7 15 5 3 12 6 11 1 30 9 10 2 
	-> 1 2 3 4 5 6 7 8 9 10 11 12 15 
Structure 294: 4 8 7 5 3 12 6 11 14 1 9 10 2 
	-> 1 2 3 4 5 6 7 8 9 10 11 12 14 
Structure 295: 4 8 7 5 3 6 16 1 17 18 2 
	-> 1 2 3 4 5 6 7 8 16 17 18 
Structure 296: 4 8 7 15 5 3 12 6 11 1 9 10 2 
	-> 1 2 3 4 5 6 7 8 9 10 11 12 15 
Structure 297: 4 19 7 15 5 3 6 16 13 1 17 21 2 
	-> 1 2 3 4 5 6 7 13 15 16 17 
Structure 298: 4 8 7 5 3 12 6 16 14 1 17 18 2 
	-> 1 2 3 4 5 6 7 8 12 14 16 17 18 
Structure 299: 4 8 7 20 5 3 28 6 11 14 1 9 10 2 
	-> 1 2 3 4 5 6 7 8 9 10 11 14 
Structure 300: 4 8 7 5 3 12 6 11 13 1 9 10 2 
	-> 1 2 3 4 5 6 7 8 9 10 11 12 13 
Structure 301: 4 8 7 5 3 28 6 11 13 1 9 10 2 
	-> 1 2 3 4 5 6 7 8 9 10 11 13 
Structure 302: 4 8 7 5 3 6 16 1 17 18 2 
	-> 1 2 3 4 5 6 7 8 16 17 18 
Structure 303: 4 8 7 5 3 12 6 11 1 9 10 2 
	-> 1 2 3 4 5 6 7 8 9 10 11 12 
Structure 304: 4 8 7 5 3 12 6 11 13 1 9 10 2 
	-> 1 2 3 4 5 6 7 8 9 10 11 12 13 
Structure 305: 4 8 7 5 3 12 6 11 14 1 9 10 2 
	-> 1 2 3 4 5 6 7 8 9 10 11 12 14 
Structure 306: 39 8 7 5 3 6 16 13 1 17 18 2 
	-> 1 2 3 5 6 7 8 13 16 17 18 
Structure 307: 4 8 7 15 5 3 6 16 14 1 17 21 2 
	-> 1 2 3 4 5 6 7 8 14 15 16 17 
Structure 308: 4 8 7 5 3 6 16 14 1 17 21 2 
	-> 1 2 3 4 5 6 7 8 14 16 17 
Structure 309: 4 8 7 5 3 12 6 11 14 1 9 10 2 
	-> 1 2 3 4 5 6 7 8 9 10 11 12 14 
Structure 310: 4 8 7 5 22 3 6 11 13 1 9 10 2 
	-> 1 2 3 4 5 6 7 8 9 10 11 13 
Structure 311: 4 8 7 5 3 12 6 11 13 1 9 10 2 
	-> 1 2 3 4 5 6 7 8 9 10 11 12 13 
Structure 312: 4 8 7 5 3 12 6 11 14 1 9 10 2 
	-> 1 2 3 4 5 6 7 8 9 10 11 12 14 
Structure 313: 4 8 23 7 5 3 12 6 11 14 1 32 9 10 2 
	-> 1 2 3 4 5 6 7 8 9 10 11 12 14 
Structure 314: 4 8 7 15 5 3 6 11 14 1 9 10 2 
	-> 1 2 3 4 5 6 7 8 9 10 11 14 15 
Structure 315: 4 8 7 15 5 3 6 11 14 1 9 10 2 
	-> 1 2 3 4 5 6 7 8 9 10 11 14 15 
Structure 316: 4 8 7 5 3 12 6 11 1 9 10 2 
	-> 1 2 3 4 5 6 7 8 9 10 11 12 
Structure 317: 4 8 7 5 3 12 6 89 27 13 1 55 9 10 2 
	-> 1 2 3 4 5 6 7 8 9 10 12 13 
Structure 318: 4 8 7 5 3 6 11 13 1 9 10 2 
	-> 1 2 3 4 5 6 7 8 9 10 11 13 
Structure 319: 4 8 7 5 3 6 11 13 1 30 9 10 2 
	-> 1 2 3 4 5 6 7 8 9 10 11 13 
Structure 320: 4 8 7 20 5 3 6 11 13 1 9 10 2 
	-> 1 2 3 4 5 6 7 8 9 10 11 13 
Structure 321: 4 8 7 5 3 12 6 11 13 1 9 10 2 
	-> 1 2 3 4 5 6 7 8 9 10 11 12 13 
Structure 322: 4 8 7 20 5 3 12 6 11 13 1 9 10 2 
	-> 1 2 3 4 5 6 7 8 9 10 11 12 13 
Structure 323: 4 8 23 64 20 5 3 12 6 11 1 9 10 2 
	-> 1 2 3 4 5 6 8 9 10 11 12 
Structure 324: 4 19 7 20 5 3 6 11 1 9 10 2 
	-> 1 2 3 4 5 6 7 9 10 11 
Structure 325: 4 8 7 15 5 3 12 6 11 13 1 9 10 2 
	-> 1 2 3 4 5 6 7 8 9 10 11 12 13 15 
Structure 326: 4 8 7 5 3 12 6 11 1 9 10 2 
	-> 1 2 3 4 5 6 7 8 9 10 11 12 
Structure 327: 4 8 7 5 3 6 11 1 9 10 2 
	-> 1 2 3 4 5 6 7 8 9 10 11 
Structure 328: 4 8 7 20 5 3 6 11 13 1 9 10 2 
	-> 1 2 3 4 5 6 7 8 9 10 11 13 
Structure 329: 4 8 7 5 3 6 11 27 13 1 9 10 2 
	-> 1 2 3 4 5 6 7 8 9 10 11 13 
Structure 330: 4 8 7 5 3 12 6 11 14 1 9 10 2 
	-> 1 2 3 4 5 6 7 8 9 10 11 12 14 
Structure 331: 4 8 7 5 3 12 6 11 13 1 9 10 2 
	-> 1 2 3 4 5 6 7 8 9 10 11 12 13 
Structure 332: 4 8 7 5 3 12 6 25 24 14 1 9 10 2 
	-> 1 2 3 4 5 6 7 8 9 10 12 14 
Structure 333: 4 8 7 15 5 3 6 11 1 9 10 2 
	-> 1 2 3 4 5 6 7 8 9 10 11 15 
Structure 334: 4 8 7 5 3 6 11 14 1 9 10 2 
	-> 1 2 3 4 5 6 7 8 9 10 11 14 
Structure 335: 39 8 7 5 3 12 6 16 13 1 17 18 2 
	-> 1 2 3 5 6 7 8 12 13 16 17 18 
Structure 336: 4 19 7 5 3 12 6 11 14 1 9 10 2 
	-> 1 2 3 4 5 6 7 9 10 11 12 14 
Structure 337: 4 19 7 5 3 6 11 14 1 9 10 2 
	-> 1 2 3 4 5 6 7 9 10 11 14 
Structure 338: 4 8 7 15 5 3 6 11 14 1 9 10 2 
	-> 1 2 3 4 5 6 7 8 9 10 11 14 15 
Structure 339: 4 8 7 5 22 3 12 6 16 14 1 17 21 2 
	-> 1 2 3 4 5 6 7 8 12 14 16 17 
Structure 340: 4 8 7 5 3 12 6 11 27 13 1 9 10 2 
	-> 1 2 3 4 5 6 7 8 9 10 11 12 13 
Structure 341: 4 8 7 15 5 3 6 11 1 9 10 2 
	-> 1 2 3 4 5 6 7 8 9 10 11 15 
Structure 342: 4 8 7 15 5 3 12 6 11 13 1 9 10 2 
	-> 1 2 3 4 5 6 7 8 9 10 11 12 13 15 
Structure 343: 4 26 19 7 20 5 3 12 6 11 14 1 9 10 2 
	-> 1 2 3 4 5 6 7 9 10 11 12 14 
Structure 344: 4 8 23 47 45 38 3 12 6 11 1 9 10 2 
	-> 1 2 3 4 6 8 9 10 11 12 
Structure 345: 4 8 7 5 3 6 11 13 1 9 10 2 
	-> 1 2 3 4 5 6 7 8 9 10 11 13 
Structure 346: 4 19 7 15 5 3 12 6 11 80 1 9 10 2 
	-> 1 2 3 4 5 6 7 9 10 11 12 15 
Structure 347: 4 26 19 7 20 5 3 6 11 13 1 9 33 2 
	-> 1 2 3 4 5 6 7 9 11 13 
Structure 348: 4 8 7 15 5 3 12 90 72 16 13 1 17 29 2 
	-> 1 2 3 4 5 7 8 12 13 15 16 17 
Structure 349: 4 8 7 15 5 3 12 6 16 13 1 17 18 2 
	-> 1 2 3 4 5 6 7 8 12 13 15 16 17 18 
Structure 350: 4 8 7 15 5 3 12 6 16 1 17 21 2 
	-> 1 2 3 4 5 6 7 8 12 15 16 17 
Structure 351: 4 19 7 5 3 6 11 13 1 30 9 10 2 
	-> 1 2 3 4 5 6 7 9 10 11 13 
Structure 352: 4 8 7 5 3 6 11 13 1 9 10 2 
	-> 1 2 3 4 5 6 7 8 9 10 11 13 
Structure 353: 4 8 7 5 3 6 16 13 1 17 18 2 
	-> 1 2 3 4 5 6 7 8 13 16 17 18 
Structure 354: 4 8 7 5 3 6 11 13 1 9 10 2 
	-> 1 2 3 4 5 6 7 8 9 10 11 13 
Structure 355: 4 8 23 7 5 3 12 6 11 14 1 9 10 2 
	-> 1 2 3 4 5 6 7 8 9 10 11 12 14 
Structure 356: 4 8 7 5 3 6 16 1 17 18 2 
	-> 1 2 3 4 5 6 7 8 16 17 18 
Structure 357: 4 8 7 15 5 3 12 6 16 1 17 18 2 
	-> 1 2 3 4 5 6 7 8 12 15 16 17 18 
Structure 358: 4 8 7 5 3 6 25 65 1 9 10 2 
	-> 1 2 3 4 5 6 7 8 9 10 
Structure 359: 4 8 7 5 3 12 6 11 13 1 9 10 2 
	-> 1 2 3 4 5 6 7 8 9 10 11 12 13 
Structure 360: 4 8 7 5 3 12 6 11 13 1 9 10 2 
	-> 1 2 3 4 5 6 7 8 9 10 11 12 13 
Structure 361: 4 19 7 5 3 6 11 13 1 91 43 2 
	-> 1 2 3 4 5 6 7 11 13 
Structure 362: 4 8 7 15 5 3 6 11 13 1 9 10 2 
	-> 1 2 3 4 5 6 7 8 9 10 11 13 15 
Structure 363: 4 8 7 15 5 3 12 6 11 14 1 9 10 2 
	-> 1 2 3 4 5 6 7 8 9 10 11 12 14 15 
Structure 364: 4 8 7 5 22 3 12 6 11 13 1 9 10 2 
	-> 1 2 3 4 5 6 7 8 9 10 11 12 13 
Structure 365: 4 8 7 5 3 6 11 1 9 10 2 
	-> 1 2 3 4 5 6 7 8 9 10 11 
Structure 366: 4 8 7 5 3 6 11 1 9 10 2 
	-> 1 2 3 4 5 6 7 8 9 10 11 
Structure 367: 4 8 7 5 3 6 11 14 1 32 9 10 2 
	-> 1 2 3 4 5 6 7 8 9 10 11 14 
Structure 368: 4 8 7 15 5 3 12 6 11 13 1 9 10 2 
	-> 1 2 3 4 5 6 7 8 9 10 11 12 13 15 
Structure 369: 4 8 7 5 22 3 6 11 13 1 9 10 2 
	-> 1 2 3 4 5 6 7 8 9 10 11 13 
Structure 370: 4 8 7 5 3 12 6 11 13 1 9 10 2 
	-> 1 2 3 4 5 6 7 8 9 10 11 12 13 
Structure 371: 4 8 7 15 5 3 12 6 11 13 1 9 10 2 
	-> 1 2 3 4 5 6 7 8 9 10 11 12 13 15 
Structure 372: 4 8 7 5 3 12 6 11 1 9 10 2 
	-> 1 2 3 4 5 6 7 8 9 10 11 12 
Structure 373: 4 8 7 15 5 3 12 6 11 1 9 10 2 
	-> 1 2 3 4 5 6 7 8 9 10 11 12 15 
Structure 374: 4 8 23 7 15 5 3 6 11 1 9 10 2 
	-> 1 2 3 4 5 6 7 8 9 10 11 15 
Structure 375: 4 8 7 15 5 3 6 11 1 9 10 2 
	-> 1 2 3 4 5 6 7 8 9 10 11 15 
Structure 376: 4 8 7 5 3 12 6 11 14 1 9 10 2 
	-> 1 2 3 4 5 6 7 8 9 10 11 12 14 
Structure 377: 4 8 7 5 3 6 11 13 1 9 10 2 
	-> 1 2 3 4 5 6 7 8 9 10 11 13 
Structure 378: 4 8 7 5 3 12 6 25 24 42 1 9 10 2 
	-> 1 2 3 4 5 6 7 8 9 10 12 
Structure 379: 4 8 23 20 5 3 12 6 11 13 1 9 10 2 
	-> 1 2 3 4 5 6 8 9 10 11 12 13 
Structure 380: 4 8 7 20 5 3 6 11 1 9 10 2 
	-> 1 2 3 4 5 6 7 8 9 10 11 
Structure 381: 4 8 7 5 3 12 6 11 13 1 9 10 2 
	-> 1 2 3 4 5 6 7 8 9 10 11 12 13 
Structure 382: 4 8 7 15 5 3 12 6 11 14 1 9 10 2 
	-> 1 2 3 4 5 6 7 8 9 10 11 12 14 15 
Structure 383: 4 8 7 3 6 11 14 1 9 10 2 
	-> 1 2 3 4 6 7 8 9 10 11 14 
Structure 384: 4 8 7 15 5 3 12 6 11 13 1 9 10 2 
	-> 1 2 3 4 5 6 7 8 9 10 11 12 13 15 
Structure 385: 4 8 7 15 5 3 6 11 14 1 9 10 2 
	-> 1 2 3 4 5 6 7 8 9 10 11 14 15 
Structure 386: 4 8 7 5 3 12 6 11 14 1 9 10 2 
	-> 1 2 3 4 5 6 7 8 9 10 11 12 14 
Structure 387: 4 19 7 5 3 6 11 13 1 9 10 2 
	-> 1 2 3 4 5 6 7 9 10 11 13 
Structure 388: 4 8 7 73 20 5 3 6 11 14 1 9 10 2 
	-> 1 2 3 4 5 6 7 8 9 10 11 14 
Structure 389: 4 8 7 5 3 12 6 11 1 9 10 2 
	-> 1 2 3 4 5 6 7 8 9 10 11 12 
Structure 390: 4 8 34 35 37 72 16 14 1 17 67 36 29 2 
	-> 1 2 4 8 14 16 17 
Structure 391: 4 8 7 5 3 6 11 14 1 9 10 2 
	-> 1 2 3 4 5 6 7 8 9 10 11 14 
Structure 392: 4 8 7 5 3 12 6 11 13 1 9 10 2 
	-> 1 2 3 4 5 6 7 8 9 10 11 12 13 
Structure 393: 4 8 7 20 5 3 12 6 11 14 1 9 10 2 
	-> 1 2 3 4 5 6 7 8 9 10 11 12 14 
Structure 394: 4 8 7 5 3 12 6 11 14 1 9 10 2 
	-> 1 2 3 4 5 6 7 8 9 10 11 12 14 
Structure 395: 4 8 7 5 3 6 16 49 1 50 92 18 2 
	-> 1 2 3 4 5 6 7 8 16 18 
Structure 396: 4 8 7 5 3 6 11 13 1 9 10 2 
	-> 1 2 3 4 5 6 7 8 9 10 11 13 
Structure 397: 4 8 7 15 5 3 6 24 14 1 9 10 2 
	-> 1 2 3 4 5 6 7 8 9 10 14 15 
Structure 398: 4 8 7 5 3 6 11 13 1 9 10 2 
	-> 1 2 3 4 5 6 7 8 9 10 11 13 
Structure 399: 4 8 7 5 3 12 6 16 14 1 17 18 2 
	-> 1 2 3 4 5 6 7 8 12 14 16 17 18 
Structure 400: 4 8 7 5 3 6 16 1 17 18 2 
	-> 1 2 3 4 5 6 7 8 16 17 18 
Structure 401: 4 8 7 5 3 6 11 13 1 9 10 2 
	-> 1 2 3 4 5 6 7 8 9 10 11 13 
Structure 402: 4 8 7 5 3 12 6 11 13 1 9 10 2 
	-> 1 2 3 4 5 6 7 8 9 10 11 12 13 
Structure 403: 4 8 7 31 5 3 6 46 77 1 93 17 2 
	-> 1 2 3 4 5 6 7 8 17 
Structure 404: 4 8 7 5 3 12 6 11 14 1 9 10 2 
	-> 1 2 3 4 5 6 7 8 9 10 11 12 14 
Structure 405: 4 8 7 15 5 3 6 16 14 1 17 18 2 
	-> 1 2 3 4 5 6 7 8 14 15 16 17 18 
Structure 406: 4 8 7 5 3 6 16 13 1 17 21 2 
	-> 1 2 3 4 5 6 7 8 13 16 17 
Structure 407: 4 8 7 5 3 12 6 11 14 1 9 10 2 
	-> 1 2 3 4 5 6 7 8 9 10 11 12 14 
Structure 408: 4 8 7 20 5 3 12 6 27 1 9 10 2 
	-> 1 2 3 4 5 6 7 8 9 10 12 
Structure 409: 4 8 23 20 5 3 12 6 11 13 1 9 10 2 
	-> 1 2 3 4 5 6 8 9 10 11 12 13 
Structure 410: 4 8 7 5 3 6 11 1 9 10 2 
	-> 1 2 3 4 5 6 7 8 9 10 11 
Structure 411: 4 8 23 7 5 3 28 6 11 1 9 10 2 
	-> 1 2 3 4 5 6 7 8 9 10 11 
Structure 412: 4 8 7 15 5 3 6 16 13 1 17 18 2 
	-> 1 2 3 4 5 6 7 8 13 15 16 17 18 
Structure 413: 4 8 7 5 3 6 16 14 1 17 18 2 
	-> 1 2 3 4 5 6 7 8 14 16 17 18 
Structure 414: 4 8 7 15 5 3 12 6 16 1 17 21 2 
	-> 1 2 3 4 5 6 7 8 12 15 16 17 
Structure 415: 4 8 7 5 3 12 6 11 13 1 30 9 10 2 
	-> 1 2 3 4 5 6 7 8 9 10 11 12 13 
Structure 416: 4 8 7 5 3 12 6 11 13 1 9 10 2 
	-> 1 2 3 4 5 6 7 8 9 10 11 12 13 
Structure 417: 4 8 7 15 5 22 3 12 6 11 13 1 9 10 2 
	-> 1 2 3 4 5 6 7 8 9 10 11 12 13 15 
Structure 418: 4 8 7 15 5 22 3 12 6 11 13 1 9 10 2 
	-> 1 2 3 4 5 6 7 8 9 10 11 12 13 15 
Structure 419: 4 19 7 15 5 3 12 6 11 1 9 10 2 
	-> 1 2 3 4 5 6 7 9 10 11 12 15 
Structure 420: 4 8 7 5 3 12 6 11 1 9 10 2 
	-> 1 2 3 4 5 6 7 8 9 10 11 12 
Structure 421: 4 41 7 5 3 6 11 1 9 10 2 
	-> 1 2 3 4 5 6 7 9 10 11 
Structure 422: 4 8 7 5 22 3 12 6 11 1 9 10 2 
	-> 1 2 3 4 5 6 7 8 9 10 11 12 
Structure 423: 4 8 7 15 5 3 12 6 11 13 1 9 10 2 
	-> 1 2 3 4 5 6 7 8 9 10 11 12 13 15 
Structure 424: 4 19 7 15 5 3 6 11 1 9 10 2 
	-> 1 2 3 4 5 6 7 9 10 11 15 
Structure 425: 4 8 7 5 3 6 11 14 1 32 9 10 2 
	-> 1 2 3 4 5 6 7 8 9 10 11 14 
Structure 426: 4 8 7 5 3 6 40 25 24 14 1 9 10 2 
	-> 1 2 3 4 5 6 7 8 9 10 14 
Structure 427: 8 7 5 3 6 11 1 9 10 2 
	-> 1 2 3 5 6 7 8 9 10 11 
Structure 428: 4 8 7 5 3 6 11 13 1 9 10 2 
	-> 1 2 3 4 5 6 7 8 9 10 11 13 
Structure 429: 4 8 7 15 5 3 6 11 13 1 9 10 2 
	-> 1 2 3 4 5 6 7 8 9 10 11 13 15 
Structure 430: 4 19 7 15 5 3 12 28 6 11 14 1 9 10 2 
	-> 1 2 3 4 5 6 7 9 10 11 12 14 15 
Structure 431: 4 8 7 5 3 12 6 16 13 1 17 18 2 
	-> 1 2 3 4 5 6 7 8 12 13 16 17 18 
Structure 432: 4 8 7 5 3 12 6 16 13 1 17 21 2 
	-> 1 2 3 4 5 6 7 8 12 13 16 17 
Structure 433: 4 26 19 7 5 3 6 11 14 1 9 10 2 
	-> 1 2 3 4 5 6 7 9 10 11 14 
Structure 434: 4 8 7 5 3 12 6 11 1 9 10 2 
	-> 1 2 3 4 5 6 7 8 9 10 11 12 
Structure 435: 4 8 7 20 5 3 12 6 11 13 1 9 10 2 
	-> 1 2 3 4 5 6 7 8 9 10 11 12 13 
Structure 436: 4 8 7 15 5 3 6 11 13 1 9 10 2 
	-> 1 2 3 4 5 6 7 8 9 10 11 13 15 
Structure 437: 4 8 7 5 3 12 6 11 1 9 10 2 
	-> 1 2 3 4 5 6 7 8 9 10 11 12 
Structure 438: 4 8 7 5 3 6 16 14 1 17 18 2 
	-> 1 2 3 4 5 6 7 8 14 16 17 18 
Structure 439: 4 8 7 15 5 3 12 6 16 14 1 17 21 2 
	-> 1 2 3 4 5 6 7 8 12 14 15 16 17 
Structure 440: 4 8 7 5 3 12 6 11 14 1 9 10 2 
	-> 1 2 3 4 5 6 7 8 9 10 11 12 14 
Structure 441: 4 19 7 15 5 3 12 6 11 13 1 9 10 2 
	-> 1 2 3 4 5 6 7 9 10 11 12 13 15 
Structure 442: 4 8 7 5 3 12 6 11 13 1 9 10 2 
	-> 1 2 3 4 5 6 7 8 9 10 11 12 13 
Structure 443: 4 8 7 5 22 3 6 11 1 9 10 2 
	-> 1 2 3 4 5 6 7 8 9 10 11 
Structure 444: 4 26 19 7 5 3 12 6 16 14 1 17 18 2 
	-> 1 2 3 4 5 6 7 12 14 16 17 18 
Structure 445: 4 8 34 35 37 11 1 74 61 9 10 36 29 2 
	-> 1 2 4 8 9 10 11 
Structure 446: 4 8 7 5 3 56 13 1 51 9 10 2 
	-> 1 2 3 4 5 7 8 9 10 13 
Structure 447: 4 8 7 5 3 12 6 16 13 1 17 18 2 
	-> 1 2 3 4 5 6 7 8 12 13 16 17 18 
Structure 448: 4 8 7 5 3 12 6 11 14 1 9 10 2 
	-> 1 2 3 4 5 6 7 8 9 10 11 12 14 
Structure 449: 4 8 7 5 3 12 6 11 1 9 10 2 
	-> 1 2 3 4 5 6 7 8 9 10 11 12 
Structure 450: 4 8 7 20 5 3 6 40 25 14 1 9 10 2 
	-> 1 2 3 4 5 6 7 8 9 10 14 
Structure 451: 4 8 7 5 3 6 16 13 1 17 18 2 
	-> 1 2 3 4 5 6 7 8 13 16 17 18 
Structure 452: 4 8 7 5 3 12 6 11 13 1 9 10 2 
	-> 1 2 3 4 5 6 7 8 9 10 11 12 13 
Structure 453: 4 8 7 5 3 62 6 11 1 9 10 2 
	-> 1 2 3 4 5 6 7 8 9 10 11 
Structure 454: 4 8 7 15 5 3 12 6 11 13 1 9 10 2 
	-> 1 2 3 4 5 6 7 8 9 10 11 12 13 15 
Structure 455: 4 8 7 31 5 3 6 11 14 1 9 10 2 
	-> 1 2 3 4 5 6 7 8 9 10 11 14 
Structure 456: 4 8 7 5 3 6 16 13 1 17 18 2 
	-> 1 2 3 4 5 6 7 8 13 16 17 18 
Structure 457: 4 8 7 5 3 12 6 11 14 1 9 10 2 
	-> 1 2 3 4 5 6 7 8 9 10 11 12 14 
Structure 458: 8 7 15 5 3 6 11 13 1 9 10 2 
	-> 1 2 3 5 6 7 8 9 10 11 13 15 
Structure 459: 4 8 7 5 3 12 6 11 13 1 9 10 2 
	-> 1 2 3 4 5 6 7 8 9 10 11 12 13 
Structure 460: 4 8 7 5 3 12 6 11 1 9 10 2 
	-> 1 2 3 4 5 6 7 8 9 10 11 12 
Structure 461: 4 8 7 5 3 12 6 11 13 1 9 10 2 
	-> 1 2 3 4 5 6 7 8 9 10 11 12 13 
Structure 462: 4 8 7 5 3 12 6 11 14 1 9 10 2 
	-> 1 2 3 4 5 6 7 8 9 10 11 12 14 
Structure 463: 4 8 7 5 3 6 11 1 9 10 2 
	-> 1 2 3 4 5 6 7 8 9 10 11 
Structure 464: 4 8 7 5 3 12 6 11 13 1 9 10 2 
	-> 1 2 3 4 5 6 7 8 9 10 11 12 13 
Structure 465: 4 8 7 15 5 3 12 6 11 13 1 9 10 2 
	-> 1 2 3 4 5 6 7 8 9 10 11 12 13 15 
Structure 466: 4 8 7 5 3 6 11 13 1 9 10 2 
	-> 1 2 3 4 5 6 7 8 9 10 11 13 
Structure 467: 4 8 7 5 3 12 6 16 13 1 17 18 2 
	-> 1 2 3 4 5 6 7 8 12 13 16 17 18 
Structure 468: 4 8 7 20 5 3 6 11 13 1 9 10 2 
	-> 1 2 3 4 5 6 7 8 9 10 11 13 
Structure 469: 4 8 7 5 3 53 54 16 14 1 17 29 2 
	-> 1 2 3 4 5 7 8 14 16 17 
Structure 470: 4 8 7 15 5 3 12 6 16 1 17 18 2 
	-> 1 2 3 4 5 6 7 8 12 15 16 17 18 
Structure 471: 4 8 75 45 38 3 12 6 11 13 1 9 10 2 
	-> 1 2 3 4 6 8 9 10 11 12 13 
Structure 472: 4 8 7 15 5 3 6 11 1 9 10 2 
	-> 1 2 3 4 5 6 7 8 9 10 11 15 
Structure 473: 4 8 7 5 3 12 6 11 13 1 9 10 52 2 
	-> 1 2 3 4 5 6 7 8 9 10 11 12 13 
Structure 474: 4 19 7 5 3 6 11 13 1 9 10 2 
	-> 1 2 3 4 5 6 7 9 10 11 13 
Structure 475: 4 8 7 15 5 3 12 6 11 14 1 9 10 2 
	-> 1 2 3 4 5 6 7 8 9 10 11 12 14 15 
Structure 476: 4 8 7 5 3 6 11 1 9 10 2 
	-> 1 2 3 4 5 6 7 8 9 10 11 
Structure 477: 4 8 7 20 5 3 12 6 11 13 1 9 10 2 
	-> 1 2 3 4 5 6 7 8 9 10 11 12 13 
Structure 478: 4 8 7 15 5 3 6 11 14 1 9 10 2 
	-> 1 2 3 4 5 6 7 8 9 10 11 14 15 
Structure 479: 4 8 7 5 3 12 6 11 14 1 9 10 2 
	-> 1 2 3 4 5 6 7 8 9 10 11 12 14 
Structure 480: 4 8 7 5 3 12 6 16 14 1 17 21 2 
	-> 1 2 3 4 5 6 7 8 12 14 16 17 
Structure 481: 4 8 7 15 5 3 12 6 11 13 1 9 10 2 
	-> 1 2 3 4 5 6 7 8 9 10 11 12 13 15 
Structure 482: 4 8 7 5 3 12 6 11 1 9 10 2 
	-> 1 2 3 4 5 6 7 8 9 10 11 12 
Structure 483: 4 8 7 5 3 6 16 13 1 17 21 2 
	-> 1 2 3 4 5 6 7 8 13 16 17 
Structure 484: 4 8 23 75 47 45 38 3 12 6 11 13 1 9 10 2 
	-> 1 2 3 4 6 8 9 10 11 12 13 
Structure 485: 4 19 7 5 3 6 11 13 1 9 10 2 
	-> 1 2 3 4 5 6 7 9 10 11 13 
Structure 486: 4 8 7 5 3 12 6 16 14 1 17 21 2 
	-> 1 2 3 4 5 6 7 8 12 14 16 17 
Structure 487: 4 8 7 15 5 3 12 6 16 14 1 17 18 2 
	-> 1 2 3 4 5 6 7 8 12 14 15 16 17 18 
Structure 488: 4 8 7 5 3 6 11 13 1 9 10 2 
	-> 1 2 3 4 5 6 7 8 9 10 11 13 
Structure 489: 4 8 7 5 3 12 6 40 25 24 1 9 10 2 
	-> 1 2 3 4 5 6 7 8 9 10 12 
Structure 490: 4 8 7 5 3 6 11 13 1 9 10 2 
	-> 1 2 3 4 5 6 7 8 9 10 11 13 
Structure 491: 4 8 7 15 5 3 6 11 1 9 10 2 
	-> 1 2 3 4 5 6 7 8 9 10 11 15 
Structure 492: 4 8 7 5 3 12 6 11 13 1 9 10 2 
	-> 1 2 3 4 5 6 7 8 9 10 11 12 13 
Structure 493: 4 8 7 5 3 12 6 25 24 14 1 9 10 2 
	-> 1 2 3 4 5 6 7 8 9 10 12 14 
Structure 494: 4 8 7 15 5 3 12 6 11 14 1 9 10 2 
	-> 1 2 3 4 5 6 7 8 9 10 11 12 14 15 
Structure 495: 4 8 23 20 5 3 12 6 16 1 17 18 2 
	-> 1 2 3 4 5 6 8 12 16 17 18 
Structure 496: 4 8 7 15 5 3 12 6 11 14 1 9 10 2 
	-> 1 2 3 4 5 6 7 8 9 10 11 12 14 15 
Structure 497: 4 8 7 15 5 3 12 6 11 14 1 9 10 2 
	-> 1 2 3 4 5 6 7 8 9 10 11 12 14 15 
Structure 498: 4 8 7 15 5 22 3 12 6 11 13 1 9 10 2 
	-> 1 2 3 4 5 6 7 8 9 10 11 12 13 15 
Structure 499: 4 8 7 15 5 3 12 6 11 13 1 9 10 2 
	-> 1 2 3 4 5 6 7 8 9 10 11 12 13 15 
Structure 500: 4 8 7 5 3 6 11 13 1 9 10 2 
	-> 1 2 3 4 5 6 7 8 9 10 11 13 
Structure 501: 4 8 7 5 3 12 6 11 13 1 9 10 2 
	-> 1 2 3 4 5 6 7 8 9 10 11 12 13 
Structure 502: 4 8 7 5 3 12 6 11 13 1 9 10 2 
	-> 1 2 3 4 5 6 7 8 9 10 11 12 13 
Structure 503: 4 8 7 5 22 3 6 11 14 1 9 10 2 
	-> 1 2 3 4 5 6 7 8 9 10 11 14 
Structure 504: 4 8 23 7 5 3 12 6 11 14 1 9 10 2 
	-> 1 2 3 4 5 6 7 8 9 10 11 12 14 
Structure 505: 4 8 7 5 48 3 6 16 13 1 17 21 2 
	-> 1 2 3 4 5 6 7 8 13 16 17 
Structure 506: 4 8 7 5 3 12 6 11 1 9 10 2 
	-> 1 2 3 4 5 6 7 8 9 10 11 12 
Structure 507: 4 8 7 15 5 3 12 6 11 80 13 1 30 9 10 2 
	-> 1 2 3 4 5 6 7 8 9 10 11 12 13 15 
Structure 508: 4 8 7 5 3 12 6 11 14 1 9 10 2 
	-> 1 2 3 4 5 6 7 8 9 10 11 12 14 
Structure 509: 4 8 7 5 3 12 6 16 14 1 17 21 2 
	-> 1 2 3 4 5 6 7 8 12 14 16 17 
Structure 510: 4 8 7 5 3 6 11 1 9 10 2 
	-> 1 2 3 4 5 6 7 8 9 10 11 
Structure 511: 4 8 7 5 3 12 6 16 14 1 17 18 2 
	-> 1 2 3 4 5 6 7 8 12 14 16 17 18 
Structure 512: 4 8 7 15 5 3 12 6 11 13 1 9 10 2 
	-> 1 2 3 4 5 6 7 8 9 10 11 12 13 15 
Structure 513: 4 8 23 20 5 3 12 6 11 13 1 9 10 2 
	-> 1 2 3 4 5 6 8 9 10 11 12 13 
Structure 514: 4 8 7 15 5 3 12 6 11 13 1 9 10 2 
	-> 1 2 3 4 5 6 7 8 9 10 11 12 13 15 
Structure 515: 4 8 7 15 5 3 12 68 6 40 25 24 14 1 9 10 2 
	-> 1 2 3 4 5 6 7 8 9 10 12 14 15 
Structure 516: 4 8 7 5 3 12 6 11 13 1 9 10 2 
	-> 1 2 3 4 5 6 7 8 9 10 11 12 13 
Structure 517: 4 8 7 5 3 28 6 16 13 1 17 18 2 
	-> 1 2 3 4 5 6 7 8 13 16 17 18 
Structure 518: 4 8 7 5 3 12 6 11 13 1 9 10 2 
	-> 1 2 3 4 5 6 7 8 9 10 11 12 13 
Structure 519: 4 8 7 15 5 3 12 6 16 13 1 17 18 2 
	-> 1 2 3 4 5 6 7 8 12 13 15 16 17 18 
Structure 520: 4 19 7 5 3 6 11 1 9 10 2 
	-> 1 2 3 4 5 6 7 9 10 11 
Structure 521: 4 8 7 5 3 6 11 13 1 9 10 2 
	-> 1 2 3 4 5 6 7 8 9 10 11 13 
Structure 522: 4 8 7 5 3 12 6 11 13 1 9 10 2 
	-> 1 2 3 4 5 6 7 8 9 10 11 12 13 
Structure 523: 4 8 7 15 5 3 12 6 16 13 1 17 21 2 
	-> 1 2 3 4 5 6 7 8 12 13 15 16 17 
Structure 524: 4 8 7 15 31 5 3 12 6 11 14 1 9 10 2 
	-> 1 2 3 4 5 6 7 8 9 10 11 12 14 15 
Structure 525: 4 8 7 5 3 6 16 14 1 17 21 2 
	-> 1 2 3 4 5 6 7 8 14 16 17 
Structure 526: 4 8 7 5 3 12 6 11 13 1 9 2 
	-> 1 2 3 4 5 6 7 8 9 11 12 13 
Structure 527: 4 19 7 5 3 12 6 11 13 1 9 10 2 
	-> 1 2 3 4 5 6 7 9 10 11 12 13 
Structure 528: 4 8 7 5 3 6 46 1 63 17 2 
	-> 1 2 3 4 5 6 7 8 17 
Structure 529: 4 8 7 5 3 12 6 16 13 1 17 18 2 
	-> 1 2 3 4 5 6 7 8 12 13 16 17 18 
Structure 530: 4 8 7 5 3 6 16 13 1 17 18 2 
	-> 1 2 3 4 5 6 7 8 13 16 17 18 
Structure 531: 4 19 7 5 3 12 6 16 14 1 17 18 2 
	-> 1 2 3 4 5 6 7 12 14 16 17 18 
Structure 532: 4 8 7 5 22 3 6 11 27 1 9 10 2 
	-> 1 2 3 4 5 6 7 8 9 10 11 
Structure 533: 4 8 7 5 3 12 6 11 14 1 9 10 2 
	-> 1 2 3 4 5 6 7 8 9 10 11 12 14 
Structure 534: 4 8 7 5 3 12 6 11 14 1 9 10 2 
	-> 1 2 3 4 5 6 7 8 9 10 11 12 14 
Structure 535: 4 8 34 35 37 72 16 14 1 17 94 67 95 36 29 2 
	-> 1 2 4 8 14 16 17 
Structure 536: 4 8 7 5 3 12 6 16 13 1 17 18 2 
	-> 1 2 3 4 5 6 7 8 12 13 16 17 18 
Structure 537: 4 8 7 5 3 12 6 11 14 1 9 10 2 
	-> 1 2 3 4 5 6 7 8 9 10 11 12 14 
Structure 538: 4 8 7 5 3 28 6 11 1 9 10 2 
	-> 1 2 3 4 5 6 7 8 9 10 11 
Structure 539: 4 8 7 5 22 3 12 6 16 1 17 18 2 
	-> 1 2 3 4 5 6 7 8 12 16 17 18 
Structure 540: 4 8 7 5 3 6 11 13 1 9 10 2 
	-> 1 2 3 4 5 6 7 8 9 10 11 13 
Structure 541: 4 8 7 15 5 3 6 16 1 17 21 2 
	-> 1 2 3 4 5 6 7 8 15 16 17 
Structure 542: 4 8 7 5 3 12 6 11 14 1 9 10 2 
	-> 1 2 3 4 5 6 7 8 9 10 11 12 14 
Structure 543: 4 8 7 15 5 3 12 6 11 1 9 10 2 
	-> 1 2 3 4 5 6 7 8 9 10 11 12 15 
Structure 544: 4 8 7 5 3 6 16 13 1 17 18 2 
	-> 1 2 3 4 5 6 7 8 13 16 17 18 
Structure 545: 4 8 7 5 3 6 11 13 1 9 10 2 
	-> 1 2 3 4 5 6 7 8 9 10 11 13 
Structure 546: 4 19 7 15 5 3 12 6 25 24 1 9 10 2 
	-> 1 2 3 4 5 6 7 9 10 12 15 
Structure 547: 4 8 23 69 96 3 12 6 11 14 1 9 10 2 
	-> 1 2 3 4 6 8 9 10 11 12 14 
Structure 548: 4 8 7 15 5 3 6 11 1 9 10 2 
	-> 1 2 3 4 5 6 7 8 9 10 11 15 
Structure 549: 4 8 7 5 3 12 6 16 14 1 17 18 2 
	-> 1 2 3 4 5 6 7 8 12 14 16 17 18 
Structure 550: 4 8 7 5 3 6 11 1 9 10 2 
	-> 1 2 3 4 5 6 7 8 9 10 11 
Structure 551: 4 19 7 15 5 3 12 6 11 14 1 9 10 2 
	-> 1 2 3 4 5 6 7 9 10 11 12 14 15 
Structure 552: 4 8 7 5 3 97 57 11 14 1 9 10 2 
	-> 1 2 3 4 5 7 8 9 10 11 14 
Structure 553: 4 8 23 7 5 3 6 11 14 1 9 10 2 
	-> 1 2 3 4 5 6 7 8 9 10 11 14 
Structure 554: 4 8 7 15 5 3 12 6 11 13 1 9 10 2 
	-> 1 2 3 4 5 6 7 8 9 10 11 12 13 15 
Structure 555: 4 8 34 35 37 16 1 17 60 70 71 36 29 2 
	-> 1 2 4 8 16 17 
Structure 556: 4 8 7 5 3 6 11 1 9 10 2 
	-> 1 2 3 4 5 6 7 8 9 10 11 
Structure 557: 4 8 23 20 5 3 12 6 16 14 1 17 18 2 
	-> 1 2 3 4 5 6 8 12 14 16 17 18 
Structure 558: 4 8 98 75 47 45 3 12 6 11 13 1 9 10 2 
	-> 1 2 3 4 6 8 9 10 11 12 13 
Structure 559: 4 8 7 5 3 12 6 16 13 1 17 18 2 
	-> 1 2 3 4 5 6 7 8 12 13 16 17 18 
Structure 560: 4 8 7 5 3 12 6 11 13 1 9 10 2 
	-> 1 2 3 4 5 6 7 8 9 10 11 12 13 
Structure 561: 4 8 7 5 3 12 6 11 13 1 9 10 2 
	-> 1 2 3 4 5 6 7 8 9 10 11 12 13 
Structure 562: 4 8 7 5 3 6 11 13 1 9 10 2 
	-> 1 2 3 4 5 6 7 8 9 10 11 13 
Structure 563: 4 8 7 15 5 3 6 11 1 9 10 2 
	-> 1 2 3 4 5 6 7 8 9 10 11 15 
Structure 564: 4 8 7 15 5 3 6 11 14 1 9 10 2 
	-> 1 2 3 4 5 6 7 8 9 10 11 14 15 
Structure 565: 4 19 7 5 3 12 6 11 1 9 10 2 
	-> 1 2 3 4 5 6 7 9 10 11 12 
Structure 566: 4 8 7 5 3 12 6 11 13 1 9 10 2 
	-> 1 2 3 4 5 6 7 8 9 10 11 12 13 
Structure 567: 4 8 7 15 5 3 6 11 14 1 9 10 2 
	-> 1 2 3 4 5 6 7 8 9 10 11 14 15 
Structure 568: 4 8 7 5 3 12 6 11 1 9 10 2 
	-> 1 2 3 4 5 6 7 8 9 10 11 12 
Structure 569: 4 8 7 5 3 12 6 11 13 1 9 10 2 
	-> 1 2 3 4 5 6 7 8 9 10 11 12 13 
Structure 570: 4 8 7 5 3 12 6 11 14 1 9 10 2 
	-> 1 2 3 4 5 6 7 8 9 10 11 12 14 
Structure 571: 4 8 7 5 3 12 6 11 1 9 10 2 
	-> 1 2 3 4 5 6 7 8 9 10 11 12 
Structure 572: 4 8 7 5 3 6 16 13 1 17 18 2 
	-> 1 2 3 4 5 6 7 8 13 16 17 18 
Structure 573: 4 8 7 15 5 3 6 11 13 1 9 10 2 
	-> 1 2 3 4 5 6 7 8 9 10 11 13 15 
Structure 574: 4 8 7 15 5 3 6 11 14 1 9 10 2 
	-> 1 2 3 4 5 6 7 8 9 10 11 14 15 
Structure 575: 39 8 7 5 3 99 28 6 16 14 1 17 18 2 
	-> 1 2 3 5 6 7 8 14 16 17 18 
Structure 576: 4 8 7 5 3 12 6 11 13 1 9 10 2 
	-> 1 2 3 4 5 6 7 8 9 10 11 12 13 
Structure 577: 4 8 7 5 3 12 6 11 14 1 9 10 2 
	-> 1 2 3 4 5 6 7 8 9 10 11 12 14 
Structure 578: 4 8 7 5 22 3 6 16 14 1 17 18 2 
	-> 1 2 3 4 5 6 7 8 14 16 17 18 
Structure 579: 4 19 7 15 5 3 6 11 13 1 9 10 2 
	-> 1 2 3 4 5 6 7 9 10 11 13 15 
Structure 580: 4 26 19 7 5 3 12 6 16 49 1 50 55 18 2 
	-> 1 2 3 4 5 6 7 12 16 18 
Structure 581: 4 8 7 15 5 3 12 6 11 27 13 1 9 10 2 
	-> 1 2 3 4 5 6 7 8 9 10 11 12 13 15 
Structure 582: 4 8 7 5 3 6 16 14 1 17 18 2 
	-> 1 2 3 4 5 6 7 8 14 16 17 18 
Structure 583: 4 8 7 5 3 6 11 13 1 9 10 2 
	-> 1 2 3 4 5 6 7 8 9 10 11 13 
Structure 584: 4 8 7 15 5 3 12 6 16 13 1 17 18 2 
	-> 1 2 3 4 5 6 7 8 12 13 15 16 17 18 
Structure 585: 4 8 7 5 3 12 6 11 1 9 10 2 
	-> 1 2 3 4 5 6 7 8 9 10 11 12 
Structure 586: 4 8 7 5 3 6 11 14 1 9 10 2 
	-> 1 2 3 4 5 6 7 8 9 10 11 14 
Structure 587: 4 8 7 5 3 6 11 1 9 10 2 
	-> 1 2 3 4 5 6 7 8 9 10 11 
Structure 588: 4 8 7 15 5 3 12 6 11 14 1 9 10 2 
	-> 1 2 3 4 5 6 7 8 9 10 11 12 14 15 
Structure 589: 4 8 7 20 5 3 12 6 11 1 30 9 10 2 
	-> 1 2 3 4 5 6 7 8 9 10 11 12 
Structure 590: 4 8 7 5 22 3 12 6 11 1 9 10 2 
	-> 1 2 3 4 5 6 7 8 9 10 11 12 
Structure 591: 4 8 7 5 3 12 6 11 1 9 10 2 
	-> 1 2 3 4 5 6 7 8 9 10 11 12 
Structure 592: 4 8 7 5 3 12 6 11 13 1 9 10 2 
	-> 1 2 3 4 5 6 7 8 9 10 11 12 13 
Structure 593: 8 7 5 3 6 11 13 1 9 10 2 
	-> 1 2 3 5 6 7 8 9 10 11 13 
Structure 594: 4 8 7 5 3 6 11 13 1 9 10 2 
	-> 1 2 3 4 5 6 7 8 9 10 11 13 
Structure 595: 4 8 7 15 5 3 6 16 14 1 17 18 2 
	-> 1 2 3 4 5 6 7 8 14 15 16 17 18 
Structure 596: 4 8 7 5 3 6 11 13 1 9 10 2 
	-> 1 2 3 4 5 6 7 8 9 10 11 13 
Structure 597: 4 8 7 5 3 6 16 13 1 17 21 2 
	-> 1 2 3 4 5 6 7 8 13 16 17 
Structure 598: 4 8 7 15 5 3 12 6 16 13 1 17 18 2 
	-> 1 2 3 4 5 6 7 8 12 13 15 16 17 18 
Structure 599: 4 8 7 5 3 12 6 16 1 17 18 2 
	-> 1 2 3 4 5 6 7 8 12 16 17 18 
Structure 600: 4 8 19 7 5 3 6 11 14 1 9 10 2 
	-> 1 2 3 4 5 6 7 8 9 10 11 14 
Structure 601: 4 8 7 5 3 12 6 16 13 1 17 18 2 
	-> 1 2 3 4 5 6 7 8 12 13 16 17 18 
Structure 602: 4 8 7 5 3 12 6 11 14 1 9 10 2 
	-> 1 2 3 4 5 6 7 8 9 10 11 12 14 
Structure 603: 4 8 7 5 3 12 6 11 1 9 10 2 
	-> 1 2 3 4 5 6 7 8 9 10 11 12 
Structure 604: 4 8 7 5 3 12 6 11 13 1 81 43 2 
	-> 1 2 3 4 5 6 7 8 11 12 13 
Structure 605: 4 8 7 5 3 6 11 1 9 10 2 
	-> 1 2 3 4 5 6 7 8 9 10 11 
Structure 606: 4 8 7 15 5 3 12 6 11 14 1 9 10 2 
	-> 1 2 3 4 5 6 7 8 9 10 11 12 14 15 
Structure 607: 4 8 7 15 5 3 12 6 11 13 1 30 9 10 2 
	-> 1 2 3 4 5 6 7 8 9 10 11 12 13 15 
Structure 608: 4 8 7 15 5 3 12 6 16 1 17 18 2 
	-> 1 2 3 4 5 6 7 8 12 15 16 17 18 
Structure 609: 4 8 7 15 5 3 12 6 11 1 9 10 2 
	-> 1 2 3 4 5 6 7 8 9 10 11 12 15 
Structure 610: 4 8 7 20 5 3 12 6 11 13 1 9 10 2 
	-> 1 2 3 4 5 6 7 8 9 10 11 12 13 
Structure 611: 4 8 7 15 5 3 6 11 13 1 9 10 2 
	-> 1 2 3 4 5 6 7 8 9 10 11 13 15 
Structure 612: 4 8 7 15 38 3 12 6 11 14 1 9 10 2 
	-> 1 2 3 4 6 7 8 9 10 11 12 14 15 
Structure 613: 4 8 7 5 3 12 6 16 1 17 21 18 2 
	-> 1 2 3 4 5 6 7 8 12 16 17 18 
Structure 614: 4 8 7 5 3 12 6 11 14 1 9 10 2 
	-> 1 2 3 4 5 6 7 8 9 10 11 12 14 
Structure 615: 4 19 7 15 5 3 6 11 1 9 10 2 
	-> 1 2 3 4 5 6 7 9 10 11 15 
Structure 616: 4 8 7 15 5 3 6 16 13 1 17 18 2 
	-> 1 2 3 4 5 6 7 8 13 15 16 17 18 
Structure 617: 4 8 7 15 5 3 6 11 13 1 9 10 2 
	-> 1 2 3 4 5 6 7 8 9 10 11 13 15 
Structure 618: 4 8 7 15 5 22 3 12 6 16 14 1 17 18 2 
	-> 1 2 3 4 5 6 7 8 12 14 15 16 17 18 
Structure 619: 4 8 7 5 3 6 11 14 1 9 10 2 
	-> 1 2 3 4 5 6 7 8 9 10 11 14 
Structure 620: 4 8 7 15 5 3 12 6 11 1 9 10 2 
	-> 1 2 3 4 5 6 7 8 9 10 11 12 15 
Structure 621: 4 8 7 5 3 6 16 1 17 21 2 
	-> 1 2 3 4 5 6 7 8 16 17 
Structure 622: 4 8 7 20 5 3 12 6 11 13 1 9 10 2 
	-> 1 2 3 4 5 6 7 8 9 10 11 12 13 
Structure 623: 4 8 7 5 3 12 6 11 1 9 10 2 
	-> 1 2 3 4 5 6 7 8 9 10 11 12 
Structure 624: 4 8 7 5 3 12 6 16 14 1 17 18 2 
	-> 1 2 3 4 5 6 7 8 12 14 16 17 18 
Structure 625: 4 8 7 5 3 6 11 1 9 10 2 
	-> 1 2 3 4 5 6 7 8 9 10 11 
Structure 626: 4 8 7 5 3 6 11 13 1 9 10 2 
	-> 1 2 3 4 5 6 7 8 9 10 11 13 
Structure 627: 4 8 7 5 22 3 12 6 11 14 1 9 10 2 
	-> 1 2 3 4 5 6 7 8 9 10 11 12 14 
Structure 628: 4 8 23 20 5 3 12 6 44 11 13 1 9 10 2 
	-> 1 2 3 4 5 6 8 9 10 11 12 13 
Structure 629: 4 8 7 15 5 3 6 11 1 9 10 2 
	-> 1 2 3 4 5 6 7 8 9 10 11 15 
Structure 630: 4 8 7 5 3 6 11 1 9 10 2 
	-> 1 2 3 4 5 6 7 8 9 10 11 
Structure 631: 4 8 7 5 3 12 6 25 24 1 9 10 2 
	-> 1 2 3 4 5 6 7 8 9 10 12 
Structure 632: 4 8 7 5 3 12 6 11 1 9 10 2 
	-> 1 2 3 4 5 6 7 8 9 10 11 12 
Structure 633: 8 7 5 3 12 6 11 1 9 10 2 
	-> 1 2 3 5 6 7 8 9 10 11 12 
Structure 634: 4 8 7 15 5 3 12 6 11 13 1 9 10 2 
	-> 1 2 3 4 5 6 7 8 9 10 11 12 13 15 
Structure 635: 4 8 7 5 3 12 6 11 14 1 9 10 2 
	-> 1 2 3 4 5 6 7 8 9 10 11 12 14 
Structure 636: 4 8 23 7 5 3 6 16 1 17 18 2 
	-> 1 2 3 4 5 6 7 8 16 17 18 
Structure 637: 4 8 7 5 3 6 11 13 1 9 10 2 
	-> 1 2 3 4 5 6 7 8 9 10 11 13 
Structure 638: 4 8 7 15 5 3 12 16 13 1 17 82 83 2 
	-> 1 2 3 4 5 7 8 12 13 15 16 17 
Structure 639: 4 8 7 5 3 6 40 25 24 14 1 9 10 2 
	-> 1 2 3 4 5 6 7 8 9 10 14 
Structure 640: 8 7 5 3 12 6 16 14 1 17 21 2 
	-> 1 2 3 5 6 7 8 12 14 16 17 
Structure 641: 4 8 7 15 5 3 6 11 13 1 9 10 2 
	-> 1 2 3 4 5 6 7 8 9 10 11 13 15 
Structure 642: 4 8 7 15 5 3 12 6 11 14 1 9 10 2 
	-> 1 2 3 4 5 6 7 8 9 10 11 12 14 15 
Structure 643: 4 8 7 5 3 6 16 13 1 17 18 2 
	-> 1 2 3 4 5 6 7 8 13 16 17 18 
Structure 644: 4 8 7 15 5 3 28 6 11 27 1 9 10 2 
	-> 1 2 3 4 5 6 7 8 9 10 11 15 
Structure 645: 4 8 7 15 5 3 6 11 13 1 9 10 2 
	-> 1 2 3 4 5 6 7 8 9 10 11 13 15 
Structure 646: 4 8 7 5 3 12 6 11 14 1 32 9 10 2 
	-> 1 2 3 4 5 6 7 8 9 10 11 12 14 
Structure 647: 4 8 7 5 3 6 11 13 1 9 10 2 
	-> 1 2 3 4 5 6 7 8 9 10 11 13 
Structure 648: 4 8 7 5 3 28 6 11 1 9 33 2 
	-> 1 2 3 4 5 6 7 8 9 11 
Structure 649: 4 19 7 5 3 12 6 11 13 1 30 9 10 2 
	-> 1 2 3 4 5 6 7 9 10 11 12 13 
Structure 650: 4 8 7 5 3 6 11 1 9 10 2 
	-> 1 2 3 4 5 6 7 8 9 10 11 
Structure 651: 4 8 7 5 3 12 6 11 14 1 9 10 2 
	-> 1 2 3 4 5 6 7 8 9 10 11 12 14 
Structure 652: 4 8 7 5 3 12 6 24 1 9 10 2 
	-> 1 2 3 4 5 6 7 8 9 10 12 
Structure 653: 4 8 7 15 5 3 12 6 11 13 1 9 10 2 
	-> 1 2 3 4 5 6 7 8 9 10 11 12 13 15 
Structure 654: 4 8 7 5 3 6 11 14 1 9 10 2 
	-> 1 2 3 4 5 6 7 8 9 10 11 14 
Structure 655: 39 8 7 15 5 22 3 6 11 13 1 9 10 2 
	-> 1 2 3 5 6 7 8 9 10 11 13 15 
Structure 656: 4 8 7 5 3 28 6 16 14 1 17 21 2 
	-> 1 2 3 4 5 6 7 8 14 16 17 
Structure 657: 4 8 7 5 3 6 16 1 17 18 2 
	-> 1 2 3 4 5 6 7 8 16 17 18 
Structure 658: 4 19 7 5 3 6 11 14 1 9 10 2 
	-> 1 2 3 4 5 6 7 9 10 11 14 
Structure 659: 4 8 7 5 3 6 11 1 9 10 2 
	-> 1 2 3 4 5 6 7 8 9 10 11 
Structure 660: 8 23 20 5 22 3 12 6 11 14 1 9 10 2 
	-> 1 2 3 5 6 8 9 10 11 12 14 
Structure 661: 4 8 7 5 3 6 11 14 1 9 10 2 
	-> 1 2 3 4 5 6 7 8 9 10 11 14 
Structure 662: 4 8 7 5 3 6 11 14 1 9 10 2 
	-> 1 2 3 4 5 6 7 8 9 10 11 14 
Structure 663: 4 8 7 15 5 22 3 12 6 11 13 1 9 10 2 
	-> 1 2 3 4 5 6 7 8 9 10 11 12 13 15 
Structure 664: 8 7 15 5 3 12 6 11 1 9 10 2 
	-> 1 2 3 5 6 7 8 9 10 11 12 15 
Structure 665: 4 8 7 15 5 3 6 11 1 9 10 2 
	-> 1 2 3 4 5 6 7 8 9 10 11 15 
Structure 666: 4 8 7 5 3 12 6 11 13 1 9 10 2 
	-> 1 2 3 4 5 6 7 8 9 10 11 12 13 
Structure 667: 4 8 7 5 3 6 16 14 1 17 18 2 
	-> 1 2 3 4 5 6 7 8 14 16 17 18 
Structure 668: 4 8 7 5 3 12 6 24 1 9 10 2 
	-> 1 2 3 4 5 6 7 8 9 10 12 
Structure 669: 4 8 7 5 3 12 6 11 13 1 9 10 2 
	-> 1 2 3 4 5 6 7 8 9 10 11 12 13 
Structure 670: 4 8 7 5 3 12 6 11 13 1 9 10 2 
	-> 1 2 3 4 5 6 7 8 9 10 11 12 13 
Structure 671: 4 8 7 5 3 6 11 13 1 9 10 2 
	-> 1 2 3 4 5 6 7 8 9 10 11 13 
Structure 672: 4 8 23 73 20 5 3 12 6 11 14 1 9 10 2 
	-> 1 2 3 4 5 6 8 9 10 11 12 14 
Structure 673: 4 8 7 5 48 3 12 6 16 1 58 59 18 2 
	-> 1 2 3 4 5 6 7 8 12 16 18 
Structure 674: 4 8 7 5 3 12 6 11 1 9 10 2 
	-> 1 2 3 4 5 6 7 8 9 10 11 12 
Structure 675: 4 8 7 5 3 6 16 14 1 17 18 2 
	-> 1 2 3 4 5 6 7 8 14 16 17 18 
Structure 676: 4 8 7 5 3 12 6 16 13 1 17 18 2 
	-> 1 2 3 4 5 6 7 8 12 13 16 17 18 
Structure 677: 4 26 19 7 5 3 12 6 11 14 1 9 10 2 
	-> 1 2 3 4 5 6 7 9 10 11 12 14 
Structure 678: 4 8 7 5 3 12 6 16 13 1 17 21 2 
	-> 1 2 3 4 5 6 7 8 12 13 16 17 
Structure 679: 4 8 7 5 3 12 6 11 13 1 9 10 2 
	-> 1 2 3 4 5 6 7 8 9 10 11 12 13 
Structure 680: 4 26 19 7 5 3 12 6 16 1 17 21 2 
	-> 1 2 3 4 5 6 7 12 16 17 
Structure 681: 4 8 7 5 3 6 16 13 1 17 18 2 
	-> 1 2 3 4 5 6 7 8 13 16 17 18 
Structure 682: 4 8 7 15 5 3 12 6 11 1 9 10 2 
	-> 1 2 3 4 5 6 7 8 9 10 11 12 15 
Structure 683: 4 8 7 5 3 12 6 11 1 9 33 2 
	-> 1 2 3 4 5 6 7 8 9 11 12 
Structure 684: 4 8 7 20 5 22 3 12 6 11 13 1 9 10 2 
	-> 1 2 3 4 5 6 7 8 9 10 11 12 13 
Structure 685: 4 8 7 20 5 3 12 6 11 14 1 9 10 2 
	-> 1 2 3 4 5 6 7 8 9 10 11 12 14 
Structure 686: 4 8 23 7 15 5 3 6 11 13 1 9 10 2 
	-> 1 2 3 4 5 6 7 8 9 10 11 13 15 
Structure 687: 4 8 7 15 5 3 12 6 16 14 1 17 18 2 
	-> 1 2 3 4 5 6 7 8 12 14 15 16 17 18 
Structure 688: 4 19 7 5 3 12 6 25 24 14 1 9 10 2 
	-> 1 2 3 4 5 6 7 9 10 12 14 
Structure 689: 4 8 7 5 3 6 11 14 1 9 10 2 
	-> 1 2 3 4 5 6 7 8 9 10 11 14 
Structure 690: 4 8 7 5 3 12 6 16 13 1 17 21 2 
	-> 1 2 3 4 5 6 7 8 12 13 16 17 
Structure 691: 4 8 7 5 3 12 6 16 1 17 21 2 
	-> 1 2 3 4 5 6 7 8 12 16 17 
Structure 692: 39 8 7 5 3 12 6 11 1 9 33 2 
	-> 1 2 3 5 6 7 8 9 11 12 
Structure 693: 4 8 7 15 5 22 3 6 11 27 13 1 9 10 2 
	-> 1 2 3 4 5 6 7 8 9 10 11 13 15 
Structure 694: 4 8 7 5 3 6 11 1 9 10 2 
	-> 1 2 3 4 5 6 7 8 9 10 11 
Structure 695: 4 8 7 15 5 3 12 6 11 1 9 10 2 
	-> 1 2 3 4 5 6 7 8 9 10 11 12 15 
Structure 696: 4 8 7 15 5 3 6 11 14 1 32 9 10 2 
	-> 1 2 3 4 5 6 7 8 9 10 11 14 15 
Structure 697: 4 8 7 5 22 3 6 11 1 9 10 2 
	-> 1 2 3 4 5 6 7 8 9 10 11 
Structure 698: 4 26 19 7 15 5 3 12 6 11 14 1 30 9 10 2 
	-> 1 2 3 4 5 6 7 9 10 11 12 14 15 
Structure 699: 4 26 19 7 5 22 3 6 11 13 1 9 10 2 
	-> 1 2 3 4 5 6 7 9 10 11 13 
Structure 700: 4 8 23 7 15 5 3 6 11 14 1 9 10 2 
	-> 1 2 3 4 5 6 7 8 9 10 11 14 15 
Structure 701: 4 8 7 5 3 12 6 11 13 1 9 10 2 
	-> 1 2 3 4 5 6 7 8 9 10 11 12 13 
Structure 702: 4 8 7 15 5 3 6 16 42 1 17 21 2 
	-> 1 2 3 4 5 6 7 8 15 16 17 
Structure 703: 4 8 7 15 5 3 12 6 11 14 1 9 10 2 
	-> 1 2 3 4 5 6 7 8 9 10 11 12 14 15 
Structure 704: 4 8 7 5 3 12 6 11 13 1 9 33 2 
	-> 1 2 3 4 5 6 7 8 9 11 12 13 
Structure 705: 4 8 7 5 3 12 6 11 14 1 9 10 2 
	-> 1 2 3 4 5 6 7 8 9 10 11 12 14 
Structure 706: 4 8 7 5 3 12 6 11 14 1 9 10 2 
	-> 1 2 3 4 5 6 7 8 9 10 11 12 14 
Structure 707: 4 26 19 7 5 22 3 12 6 11 13 1 9 10 2 
	-> 1 2 3 4 5 6 7 9 10 11 12 13 
Structure 708: 4 8 7 5 3 6 16 1 17 18 2 
	-> 1 2 3 4 5 6 7 8 16 17 18 
Structure 709: 4 8 7 5 3 6 11 13 1 9 10 2 
	-> 1 2 3 4 5 6 7 8 9 10 11 13 
Structure 710: 4 8 7 5 3 6 11 1 9 10 2 
	-> 1 2 3 4 5 6 7 8 9 10 11 
Structure 711: 4 8 7 5 3 12 6 11 14 1 9 10 2 
	-> 1 2 3 4 5 6 7 8 9 10 11 12 14 
Structure 712: 4 8 23 7 5 3 6 100 101 14 1 9 10 2 
	-> 1 2 3 4 5 6 7 8 9 10 14 
Structure 713: 4 8 7 5 3 12 6 44 11 13 1 9 10 2 
	-> 1 2 3 4 5 6 7 8 9 10 11 12 13 
Structure 714: 39 8 7 15 5 3 12 6 11 14 1 9 10 2 
	-> 1 2 3 5 6 7 8 9 10 11 12 14 15 
Structure 715: 4 8 7 5 3 6 11 1 9 10 2 
	-> 1 2 3 4 5 6 7 8 9 10 11 
Structure 716: 4 19 7 5 3 12 6 16 13 1 17 21 2 
	-> 1 2 3 4 5 6 7 12 13 16 17 
Structure 717: 4 8 7 5 3 6 11 13 1 9 10 2 
	-> 1 2 3 4 5 6 7 8 9 10 11 13 
Structure 718: 4 8 7 5 3 12 6 11 13 1 9 10 2 
	-> 1 2 3 4 5 6 7 8 9 10 11 12 13 
Structure 719: 4 8 7 15 5 3 6 16 1 17 18 2 
	-> 1 2 3 4 5 6 7 8 15 16 17 18 
Structure 720: 4 8 7 5 3 12 6 40 25 24 1 9 10 2 
	-> 1 2 3 4 5 6 7 8 9 10 12 
Structure 721: 4 8 7 15 5 3 6 11 14 1 9 10 2 
	-> 1 2 3 4 5 6 7 8 9 10 11 14 15 
Structure 722: 4 8 34 35 37 16 1 17 60 36 29 2 
	-> 1 2 4 8 16 17 
Structure 723: 4 8 7 31 5 3 12 6 40 25 24 14 1 9 10 2 
	-> 1 2 3 4 5 6 7 8 9 10 12 14 
Structure 724: 4 8 7 5 3 12 6 16 42 1 17 21 2 
	-> 1 2 3 4 5 6 7 8 12 16 17 
Structure 725: 4 8 7 5 3 12 6 11 14 1 9 10 2 
	-> 1 2 3 4 5 6 7 8 9 10 11 12 14 
Structure 726: 8 7 31 5 3 12 6 11 13 1 30 9 10 2 
	-> 1 2 3 5 6 7 8 9 10 11 12 13 
Structure 727: 4 8 7 20 5 3 28 6 11 1 9 10 2 
	-> 1 2 3 4 5 6 7 8 9 10 11 
Structure 728: 4 8 7 15 5 3 12 6 16 14 1 17 21 2 
	-> 1 2 3 4 5 6 7 8 12 14 15 16 17 
Structure 729: 4 8 7 15 5 3 6 11 13 1 9 10 2 
	-> 1 2 3 4 5 6 7 8 9 10 11 13 15 
Structure 730: 4 8 7 5 3 6 11 13 1 9 10 2 
	-> 1 2 3 4 5 6 7 8 9 10 11 13 
Structure 731: 4 8 7 15 5 3 6 11 1 30 9 10 2 
	-> 1 2 3 4 5 6 7 8 9 10 11 15 
Structure 732: 4 8 7 5 3 12 6 11 14 1 9 10 2 
	-> 1 2 3 4 5 6 7 8 9 10 11 12 14 
Structure 733: 4 8 7 15 5 3 12 6 16 1 17 18 2 
	-> 1 2 3 4 5 6 7 8 12 15 16 17 18 
Structure 734: 4 8 7 5 22 3 12 6 11 13 1 9 10 2 
	-> 1 2 3 4 5 6 7 8 9 10 11 12 13 
Structure 735: 4 8 7 5 3 12 6 11 13 1 9 10 2 
	-> 1 2 3 4 5 6 7 8 9 10 11 12 13 
Structure 736: 4 8 7 5 3 6 25 24 14 1 9 10 2 
	-> 1 2 3 4 5 6 7 8 9 10 14 
Structure 737: 4 8 7 5 3 6 11 13 1 9 10 2 
	-> 1 2 3 4 5 6 7 8 9 10 11 13 
Structure 738: 4 8 7 20 5 3 12 6 40 25 24 14 1 9 10 2 
	-> 1 2 3 4 5 6 7 8 9 10 12 14 
Structure 739: 4 8 7 5 3 12 6 16 1 17 21 2 
	-> 1 2 3 4 5 6 7 8 12 16 17 
Structure 740: 4 8 7 5 38 3 12 6 11 13 1 9 10 2 
	-> 1 2 3 4 5 6 7 8 9 10 11 12 13 
Structure 741: 4 8 7 5 3 12 6 11 14 1 9 10 2 
	-> 1 2 3 4 5 6 7 8 9 10 11 12 14 
Structure 742: 4 8 7 5 3 12 6 11 1 9 10 2 
	-> 1 2 3 4 5 6 7 8 9 10 11 12 
Structure 743: 4 8 7 15 5 3 6 11 1 9 10 2 
	-> 1 2 3 4 5 6 7 8 9 10 11 15 
Structure 744: 4 8 23 20 5 3 12 6 16 14 1 17 21 2 
	-> 1 2 3 4 5 6 8 12 14 16 17 
Structure 745: 4 8 7 15 5 3 12 6 11 1 9 10 2 
	-> 1 2 3 4 5 6 7 8 9 10 11 12 15 
Structure 746: 4 8 7 5 3 12 6 11 13 1 9 10 2 
	-> 1 2 3 4 5 6 7 8 9 10 11 12 13 
Structure 747: 4 8 23 7 5 3 12 6 11 13 1 9 10 2 
	-> 1 2 3 4 5 6 7 8 9 10 11 12 13 
Structure 748: 4 8 34 35 37 11 13 1 61 9 10 36 29 2 
	-> 1 2 4 8 9 10 11 13 
Structure 749: 4 19 7 5 3 12 6 16 14 1 17 21 2 
	-> 1 2 3 4 5 6 7 12 14 16 17 
Structure 750: 4 8 7 5 3 12 6 11 13 1 9 10 2 
	-> 1 2 3 4 5 6 7 8 9 10 11 12 13 
Structure 751: 4 8 7 20 5 3 12 6 11 14 1 9 10 2 
	-> 1 2 3 4 5 6 7 8 9 10 11 12 14 
Structure 752: 4 8 7 5 3 12 6 11 27 13 1 9 10 2 
	-> 1 2 3 4 5 6 7 8 9 10 11 12 13 
Structure 753: 4 8 23 102 47 45 38 3 12 6 25 24 14 1 9 10 2 
	-> 1 2 3 4 6 8 9 10 12 14 
Structure 754: 4 8 7 20 5 3 12 6 11 14 1 9 10 2 
	-> 1 2 3 4 5 6 7 8 9 10 11 12 14 
Structure 755: 4 19 7 20 5 3 6 11 14 1 32 9 10 2 
	-> 1 2 3 4 5 6 7 9 10 11 14 
Structure 756: 4 8 7 5 3 12 6 11 1 9 10 2 
	-> 1 2 3 4 5 6 7 8 9 10 11 12 
Structure 757: 4 8 7 15 5 3 12 6 11 1 9 10 2 
	-> 1 2 3 4 5 6 7 8 9 10 11 12 15 
Structure 758: 4 8 7 5 3 6 11 14 1 9 10 2 
	-> 1 2 3 4 5 6 7 8 9 10 11 14 
Structure 759: 4 8 7 5 3 6 11 1 9 10 2 
	-> 1 2 3 4 5 6 7 8 9 10 11 
Structure 760: 4 8 7 5 3 12 6 11 13 1 9 10 2 
	-> 1 2 3 4 5 6 7 8 9 10 11 12 13 
Structure 761: 4 8 7 5 3 12 6 11 13 1 9 10 2 
	-> 1 2 3 4 5 6 7 8 9 10 11 12 13 
Structure 762: 4 19 7 15 5 3 12 6 11 13 1 9 10 2 
	-> 1 2 3 4 5 6 7 9 10 11 12 13 15 
Structure 763: 4 8 7 5 3 6 11 13 1 9 10 2 
	-> 1 2 3 4 5 6 7 8 9 10 11 13 
Structure 764: 4 8 7 15 5 3 12 6 11 1 9 10 2 
	-> 1 2 3 4 5 6 7 8 9 10 11 12 15 
Structure 765: 4 8 7 15 31 5 3 6 11 1 9 10 2 
	-> 1 2 3 4 5 6 7 8 9 10 11 15 
Structure 766: 4 8 7 15 5 3 12 6 11 14 1 9 10 2 
	-> 1 2 3 4 5 6 7 8 9 10 11 12 14 15 
Structure 767: 4 8 7 5 3 6 79 13 1 9 10 2 
	-> 1 2 3 4 5 6 7 8 9 10 13 
Structure 768: 4 8 7 15 5 3 6 11 14 1 9 10 2 
	-> 1 2 3 4 5 6 7 8 9 10 11 14 15 
Structure 769: 4 8 7 5 3 6 16 13 1 17 18 2 
	-> 1 2 3 4 5 6 7 8 13 16 17 18 
Structure 770: 4 8 7 5 3 12 6 11 27 13 1 9 10 2 
	-> 1 2 3 4 5 6 7 8 9 10 11 12 13 
Structure 771: 4 8 7 15 5 3 6 11 13 1 9 10 2 
	-> 1 2 3 4 5 6 7 8 9 10 11 13 15 
Structure 772: 4 8 7 5 3 12 6 11 14 1 9 10 2 
	-> 1 2 3 4 5 6 7 8 9 10 11 12 14 
Structure 773: 4 8 7 15 5 3 12 6 11 13 1 9 10 2 
	-> 1 2 3 4 5 6 7 8 9 10 11 12 13 15 
Structure 774: 4 8 7 5 3 12 6 11 13 1 9 10 2 
	-> 1 2 3 4 5 6 7 8 9 10 11 12 13 
Structure 775: 4 8 7 15 5 3 12 6 11 14 1 9 10 2 
	-> 1 2 3 4 5 6 7 8 9 10 11 12 14 15 
Structure 776: 4 8 69 3 12 6 11 13 1 9 10 2 103 
	-> 1 2 3 4 6 8 9 10 11 12 13 
Structure 777: 4 8 7 5 3 6 11 13 1 9 10 2 
	-> 1 2 3 4 5 6 7 8 9 10 11 13 
Structure 778: 4 8 7 15 5 3 12 6 11 14 1 9 10 2 
	-> 1 2 3 4 5 6 7 8 9 10 11 12 14 15 
Structure 779: 4 8 7 5 22 3 6 11 13 1 9 10 2 
	-> 1 2 3 4 5 6 7 8 9 10 11 13 
Structure 780: 4 8 7 5 3 12 6 11 13 1 9 10 2 
	-> 1 2 3 4 5 6 7 8 9 10 11 12 13 
Structure 781: 4 19 7 31 5 22 3 6 11 14 1 9 10 2 
	-> 1 2 3 4 5 6 7 9 10 11 14 
Structure 782: 4 8 7 5 3 6 11 14 1 9 10 2 
	-> 1 2 3 4 5 6 7 8 9 10 11 14 
Structure 783: 4 8 7 20 5 3 6 11 14 1 9 10 2 
	-> 1 2 3 4 5 6 7 8 9 10 11 14 
Structure 784: 4 8 7 15 5 3 6 11 13 1 9 10 2 
	-> 1 2 3 4 5 6 7 8 9 10 11 13 15 
Structure 785: 4 8 7 5 3 12 6 11 1 32 9 10 2 
	-> 1 2 3 4 5 6 7 8 9 10 11 12 
Structure 786: 4 8 7 5 3 12 6 11 14 1 9 10 2 
	-> 1 2 3 4 5 6 7 8 9 10 11 12 14 
Structure 787: 4 8 7 5 3 6 16 13 1 17 18 2 
	-> 1 2 3 4 5 6 7 8 13 16 17 18 
Structure 788: 4 8 7 5 3 6 11 1 9 10 2 
	-> 1 2 3 4 5 6 7 8 9 10 11 
Structure 789: 4 8 7 5 3 12 6 11 13 1 9 10 2 
	-> 1 2 3 4 5 6 7 8 9 10 11 12 13 
Structure 790: 4 8 7 15 5 3 6 11 13 1 9 10 2 
	-> 1 2 3 4 5 6 7 8 9 10 11 13 15 
Structure 791: 4 8 7 5 3 6 16 14 1 17 21 2 
	-> 1 2 3 4 5 6 7 8 14 16 17 
Structure 792: 4 8 7 5 3 6 11 14 1 9 10 2 
	-> 1 2 3 4 5 6 7 8 9 10 11 14 
Structure 793: 4 8 7 5 3 12 6 11 14 1 32 9 10 2 
	-> 1 2 3 4 5 6 7 8 9 10 11 12 14 
Structure 794: 4 8 7 20 5 3 6 16 14 1 17 18 2 
	-> 1 2 3 4 5 6 7 8 14 16 17 18 
Structure 795: 4 19 7 38 3 6 11 14 1 9 10 2 
	-> 1 2 3 4 6 7 9 10 11 14 
Structure 796: 4 8 7 5 3 28 6 11 1 9 10 2 
	-> 1 2 3 4 5 6 7 8 9 10 11 
Structure 797: 4 8 7 5 3 12 6 11 27 13 1 9 10 2 
	-> 1 2 3 4 5 6 7 8 9 10 11 12 13 
Structure 798: 4 8 7 5 3 12 6 11 13 1 9 10 2 
	-> 1 2 3 4 5 6 7 8 9 10 11 12 13 
Structure 799: 4 8 7 5 3 6 11 14 1 9 10 2 
	-> 1 2 3 4 5 6 7 8 9 10 11 14 
Structure 800: 4 8 7 5 3 12 6 16 14 1 17 18 2 
	-> 1 2 3 4 5 6 7 8 12 14 16 17 18 
Structure 801: 4 8 7 15 5 3 6 11 13 1 9 10 2 
	-> 1 2 3 4 5 6 7 8 9 10 11 13 15 
Structure 802: 4 8 7 15 5 3 6 11 14 1 9 10 2 
	-> 1 2 3 4 5 6 7 8 9 10 11 14 15 
Structure 803: 4 8 7 20 5 3 12 6 11 14 1 9 10 2 
	-> 1 2 3 4 5 6 7 8 9 10 11 12 14 
Structure 804: 4 8 7 5 3 6 16 1 17 18 2 
	-> 1 2 3 4 5 6 7 8 16 17 18 
Structure 805: 4 8 7 31 5 3 12 6 11 13 1 9 10 2 
	-> 1 2 3 4 5 6 7 8 9 10 11 12 13 
Structure 806: 4 8 7 5 3 12 6 16 13 1 17 18 2 
	-> 1 2 3 4 5 6 7 8 12 13 16 17 18 
Structure 807: 4 8 7 5 3 12 6 11 13 1 9 10 2 
	-> 1 2 3 4 5 6 7 8 9 10 11 12 13 
Structure 808: 4 8 7 15 5 3 12 6 11 13 1 9 10 2 
	-> 1 2 3 4 5 6 7 8 9 10 11 12 13 15 
Structure 809: 4 8 7 5 3 12 6 11 13 1 32 9 10 2 
	-> 1 2 3 4 5 6 7 8 9 10 11 12 13 
Structure 810: 4 104 19 7 5 3 12 6 16 14 1 17 21 2 
	-> 1 2 3 4 5 6 7 12 14 16 17 
Structure 811: 4 8 7 5 3 12 6 11 1 9 10 2 
	-> 1 2 3 4 5 6 7 8 9 10 11 12 
Structure 812: 4 8 7 15 5 3 12 6 11 13 1 9 10 2 
	-> 1 2 3 4 5 6 7 8 9 10 11 12 13 15 
Structure 813: 4 8 7 5 3 12 6 11 1 9 10 2 
	-> 1 2 3 4 5 6 7 8 9 10 11 12 
Structure 814: 4 8 7 5 3 12 6 11 14 1 9 10 2 
	-> 1 2 3 4 5 6 7 8 9 10 11 12 14 
Structure 815: 4 8 7 15 5 3 12 6 11 14 1 9 10 2 
	-> 1 2 3 4 5 6 7 8 9 10 11 12 14 15 
Structure 816: 4 8 7 15 5 3 28 6 11 14 1 9 10 2 
	-> 1 2 3 4 5 6 7 8 9 10 11 14 15 
Structure 817: 4 8 7 5 3 12 6 11 13 1 9 10 2 
	-> 1 2 3 4 5 6 7 8 9 10 11 12 13 
Structure 818: 4 8 7 15 5 3 6 11 13 1 9 10 2 
	-> 1 2 3 4 5 6 7 8 9 10 11 13 15 
Structure 819: 4 8 7 5 3 12 6 16 1 17 18 2 
	-> 1 2 3 4 5 6 7 8 12 16 17 18 
Structure 820: 4 8 7 5 3 6 11 1 9 10 2 
	-> 1 2 3 4 5 6 7 8 9 10 11 
Structure 821: 4 8 7 5 3 12 6 11 13 1 9 10 2 
	-> 1 2 3 4 5 6 7 8 9 10 11 12 13 
Structure 822: 8 7 5 3 12 6 11 13 1 9 10 2 
	-> 1 2 3 5 6 7 8 9 10 11 12 13 
Structure 823: 4 8 7 5 3 12 6 11 13 1 9 10 2 
	-> 1 2 3 4 5 6 7 8 9 10 11 12 13 
Structure 824: 4 8 7 15 5 3 6 27 13 1 55 9 10 2 
	-> 1 2 3 4 5 6 7 8 9 10 13 15 
Structure 825: 4 26 19 7 5 3 12 6 11 13 1 78 43 2 
	-> 1 2 3 4 5 6 7 11 12 13 
Structure 826: 39 8 23 15 5 3 6 11 13 1 9 10 2 
	-> 1 2 3 5 6 8 9 10 11 13 15 
Structure 827: 4 8 7 5 3 12 6 16 1 17 18 2 
	-> 1 2 3 4 5 6 7 8 12 16 17 18 
Structure 828: 4 8 7 20 5 3 6 11 13 1 32 9 10 2 
	-> 1 2 3 4 5 6 7 8 9 10 11 13 
Structure 829: 4 8 7 15 5 3 12 6 105 46 1 63 17 2 
	-> 1 2 3 4 5 6 7 8 12 15 17 
Structure 830: 4 8 7 15 5 3 6 11 13 1 9 10 2 
	-> 1 2 3 4 5 6 7 8 9 10 11 13 15 
Structure 831: 4 8 7 15 5 3 12 6 11 13 1 9 10 2 
	-> 1 2 3 4 5 6 7 8 9 10 11 12 13 15 
Structure 832: 4 19 7 20 31 5 3 12 6 11 13 1 9 10 2 
	-> 1 2 3 4 5 6 7 9 10 11 12 13 
Structure 833: 4 19 7 15 5 3 6 11 14 1 9 10 2 
	-> 1 2 3 4 5 6 7 9 10 11 14 15 
Structure 834: 4 8 7 5 3 12 6 11 13 1 9 10 2 
	-> 1 2 3 4 5 6 7 8 9 10 11 12 13 
Structure 835: 4 8 7 5 3 6 11 1 9 10 2 
	-> 1 2 3 4 5 6 7 8 9 10 11 
Structure 836: 4 8 7 5 3 12 6 11 13 1 9 10 2 
	-> 1 2 3 4 5 6 7 8 9 10 11 12 13 
Structure 837: 4 8 7 15 5 3 12 6 11 1 9 10 2 
	-> 1 2 3 4 5 6 7 8 9 10 11 12 15 
Structure 838: 8 7 5 22 3 12 6 11 1 9 10 2 
	-> 1 2 3 5 6 7 8 9 10 11 12 
Structure 839: 4 26 41 7 5 3 6 16 1 17 21 2 
	-> 1 2 3 4 5 6 7 16 17 
Structure 840: 4 8 7 5 3 12 6 16 1 17 21 2 
	-> 1 2 3 4 5 6 7 8 12 16 17 
Structure 841: 4 8 7 5 3 12 6 11 14 1 9 10 2 
	-> 1 2 3 4 5 6 7 8 9 10 11 12 14 
Structure 842: 4 8 7 5 3 6 11 13 1 9 10 2 
	-> 1 2 3 4 5 6 7 8 9 10 11 13 
Structure 843: 4 19 7 5 3 6 11 14 1 9 33 2 
	-> 1 2 3 4 5 6 7 9 11 14 
Structure 844: 8 7 20 5 3 6 11 1 9 10 2 
	-> 1 2 3 5 6 7 8 9 10 11 
Structure 845: 4 8 7 15 5 3 12 6 24 14 1 9 10 2 
	-> 1 2 3 4 5 6 7 8 9 10 12 14 15 
Structure 846: 4 8 34 35 37 44 11 1 9 10 36 29 2 
	-> 1 2 4 8 9 10 11 
Structure 847: 4 8 19 7 15 5 3 12 6 11 13 1 9 10 2 
	-> 1 2 3 4 5 6 7 8 9 10 11 12 13 15 
Structure 848: 4 8 7 20 5 3 6 11 13 1 9 10 2 
	-> 1 2 3 4 5 6 7 8 9 10 11 13 
Structure 849: 8 7 5 3 12 6 16 13 1 17 18 2 
	-> 1 2 3 5 6 7 8 12 13 16 17 18 
Structure 850: 4 19 7 15 5 3 12 6 11 14 1 9 10 2 
	-> 1 2 3 4 5 6 7 9 10 11 12 14 15 
Structure 851: 8 7 5 3 12 6 11 14 1 9 10 2 
	-> 1 2 3 5 6 7 8 9 10 11 12 14 
Structure 852: 4 8 7 5 3 6 11 13 1 9 10 2 
	-> 1 2 3 4 5 6 7 8 9 10 11 13 
Structure 853: 4 8 7 5 22 3 6 11 14 1 9 10 2 
	-> 1 2 3 4 5 6 7 8 9 10 11 14 
Structure 854: 4 8 7 5 3 12 6 11 1 9 10 2 
	-> 1 2 3 4 5 6 7 8 9 10 11 12 
Structure 855: 4 8 7 20 5 3 12 6 11 13 1 9 10 2 
	-> 1 2 3 4 5 6 7 8 9 10 11 12 13 
Structure 856: 4 8 7 15 5 3 6 11 13 1 9 10 2 
	-> 1 2 3 4 5 6 7 8 9 10 11 13 15 
Structure 857: 4 8 7 5 3 53 54 16 13 1 17 36 29 2 
	-> 1 2 3 4 5 7 8 13 16 17 
Structure 858: 4 8 7 5 3 6 11 1 9 10 2 
	-> 1 2 3 4 5 6 7 8 9 10 11 
Structure 859: 4 8 7 5 3 12 6 11 13 1 30 9 33 2 
	-> 1 2 3 4 5 6 7 8 9 11 12 13 
Structure 860: 4 19 7 5 3 12 6 11 14 1 9 10 2 
	-> 1 2 3 4 5 6 7 9 10 11 12 14 
Structure 861: 4 8 7 15 5 3 6 16 14 1 17 18 2 
	-> 1 2 3 4 5 6 7 8 14 15 16 17 18 
Structure 862: 4 8 19 7 5 3 12 6 11 13 1 9 10 2 
	-> 1 2 3 4 5 6 7 8 9 10 11 12 13 
Structure 863: 4 19 7 31 5 3 6 11 13 1 9 10 2 
	-> 1 2 3 4 5 6 7 9 10 11 13 
Structure 864: 4 8 7 5 3 12 6 11 13 1 9 10 2 
	-> 1 2 3 4 5 6 7 8 9 10 11 12 13 
Structure 865: 4 8 7 5 3 6 11 14 1 9 10 2 
	-> 1 2 3 4 5 6 7 8 9 10 11 14 
Structure 866: 4 8 7 5 3 6 11 1 9 10 2 
	-> 1 2 3 4 5 6 7 8 9 10 11 
Structure 867: 4 8 19 7 15 5 3 6 25 24 13 1 9 10 2 
	-> 1 2 3 4 5 6 7 8 9 10 13 15 
Structure 868: 4 8 7 5 3 6 16 14 1 17 18 2 
	-> 1 2 3 4 5 6 7 8 14 16 17 18 
Structure 869: 4 19 7 20 5 3 6 11 1 9 10 2 
	-> 1 2 3 4 5 6 7 9 10 11 
Structure 870: 4 8 7 5 3 12 6 11 13 1 9 10 2 
	-> 1 2 3 4 5 6 7 8 9 10 11 12 13 
Structure 871: 4 8 7 5 3 12 6 16 14 1 17 21 2 
	-> 1 2 3 4 5 6 7 8 12 14 16 17 
Structure 872: 4 19 7 5 3 6 25 24 14 1 32 76 10 2 
	-> 1 2 3 4 5 6 7 10 14 
Structure 873: 4 8 7 5 3 12 6 11 13 1 9 10 2 
	-> 1 2 3 4 5 6 7 8 9 10 11 12 13 
Structure 874: 4 8 7 5 3 12 6 25 24 1 9 2 
	-> 1 2 3 4 5 6 7 8 9 12 
Structure 875: 4 8 7 5 3 12 6 11 13 1 9 10 2 
	-> 1 2 3 4 5 6 7 8 9 10 11 12 13 
Structure 876: 4 8 7 15 5 3 6 16 14 1 17 18 2 
	-> 1 2 3 4 5 6 7 8 14 15 16 17 18 
Structure 877: 4 8 7 5 3 12 6 11 14 1 9 10 2 
	-> 1 2 3 4 5 6 7 8 9 10 11 12 14 
Structure 878: 4 19 7 5 22 3 12 6 11 14 1 9 10 2 
	-> 1 2 3 4 5 6 7 9 10 11 12 14 
Structure 879: 4 8 7 15 5 3 6 11 14 1 9 10 2 
	-> 1 2 3 4 5 6 7 8 9 10 11 14 15 
Structure 880: 4 8 7 5 22 3 6 11 13 1 9 10 2 
	-> 1 2 3 4 5 6 7 8 9 10 11 13 
Structure 881: 4 19 7 5 3 12 6 16 1 17 21 2 
	-> 1 2 3 4 5 6 7 12 16 17 
Structure 882: 4 8 23 64 20 5 3 12 6 11 14 1 9 10 2 
	-> 1 2 3 4 5 6 8 9 10 11 12 14 
Structure 883: 4 19 7 5 3 12 6 11 27 13 1 9 10 2 
	-> 1 2 3 4 5 6 7 9 10 11 12 13 
Structure 884: 4 8 7 5 3 12 6 11 14 1 9 10 2 
	-> 1 2 3 4 5 6 7 8 9 10 11 12 14 
Structure 885: 4 8 7 5 3 6 11 1 9 10 2 
	-> 1 2 3 4 5 6 7 8 9 10 11 
Structure 886: 4 8 7 15 5 3 6 11 14 1 9 10 2 
	-> 1 2 3 4 5 6 7 8 9 10 11 14 15 
Structure 887: 4 8 7 15 5 3 12 6 11 13 1 9 10 2 
	-> 1 2 3 4 5 6 7 8 9 10 11 12 13 15 
Structure 888: 4 8 7 20 5 3 6 11 13 1 32 9 10 2 
	-> 1 2 3 4 5 6 7 8 9 10 11 13 
Structure 889: 4 8 7 20 5 3 6 11 13 1 9 33 2 
	-> 1 2 3 4 5 6 7 8 9 11 13 
Structure 890: 4 8 7 20 5 3 12 6 16 14 1 17 18 2 
	-> 1 2 3 4 5 6 7 8 12 14 16 17 18 
Structure 891: 4 19 7 15 5 3 12 6 11 13 1 9 10 2 
	-> 1 2 3 4 5 6 7 9 10 11 12 13 15 
Structure 892: 4 8 7 5 3 12 6 11 14 1 9 10 2 
	-> 1 2 3 4 5 6 7 8 9 10 11 12 14 
Structure 893: 4 8 23 47 45 5 3 12 6 11 14 1 43 2 
	-> 1 2 3 4 5 6 8 11 12 14 
Structure 894: 4 8 7 5 3 6 11 14 1 9 10 2 
	-> 1 2 3 4 5 6 7 8 9 10 11 14 
Structure 895: 4 8 7 5 3 6 16 13 1 17 21 2 
	-> 1 2 3 4 5 6 7 8 13 16 17 
Structure 896: 4 8 7 5 3 12 6 11 27 14 1 9 10 2 
	-> 1 2 3 4 5 6 7 8 9 10 11 12 14 
Structure 897: 4 8 7 15 5 3 6 16 14 1 58 59 21 2 
	-> 1 2 3 4 5 6 7 8 14 15 16 
Structure 898: 4 8 23 7 5 3 12 6 16 1 17 18 2 
	-> 1 2 3 4 5 6 7 8 12 16 17 18 
Structure 899: 4 19 7 15 5 3 6 11 14 1 9 10 2 
	-> 1 2 3 4 5 6 7 9 10 11 14 15 
Structure 900: 4 8 7 5 3 16 14 1 17 82 83 2 
	-> 1 2 3 4 5 7 8 14 16 17 
Structure 901: 4 8 7 15 5 3 6 11 13 1 9 10 2 
	-> 1 2 3 4 5 6 7 8 9 10 11 13 15 
Structure 902: 4 8 7 15 5 3 6 11 1 9 10 2 
	-> 1 2 3 4 5 6 7 8 9 10 11 15 
Structure 903: 4 8 7 5 3 12 6 11 1 9 10 2 
	-> 1 2 3 4 5 6 7 8 9 10 11 12 
Structure 904: 4 8 7 15 5 3 12 6 11 13 1 9 10 2 
	-> 1 2 3 4 5 6 7 8 9 10 11 12 13 15 
Structure 905: 4 8 7 15 5 3 12 6 11 14 1 9 10 2 
	-> 1 2 3 4 5 6 7 8 9 10 11 12 14 15 
Structure 906: 4 26 19 7 15 5 3 12 6 11 14 1 9 33 2 
	-> 1 2 3 4 5 6 7 9 11 12 14 15 
Structure 907: 4 8 7 5 3 6 11 13 1 9 10 2 
	-> 1 2 3 4 5 6 7 8 9 10 11 13 
Structure 908: 4 8 7 15 5 3 12 6 11 14 1 30 9 10 2 
	-> 1 2 3 4 5 6 7 8 9 10 11 12 14 15 
Structure 909: 4 8 7 15 5 3 6 11 14 1 9 10 2 
	-> 1 2 3 4 5 6 7 8 9 10 11 14 15 
Structure 910: 4 8 7 5 3 12 6 11 13 1 9 10 2 
	-> 1 2 3 4 5 6 7 8 9 10 11 12 13 
Structure 911: 4 8 7 15 5 3 12 6 16 14 1 17 18 2 
	-> 1 2 3 4 5 6 7 8 12 14 15 16 17 18 
Structure 912: 4 8 7 31 5 3 57 11 13 1 9 10 29 2 
	-> 1 2 3 4 5 7 8 9 10 11 13 
Structure 913: 4 8 7 5 3 6 11 1 9 10 2 
	-> 1 2 3 4 5 6 7 8 9 10 11 
Structure 914: 4 8 7 5 3 6 11 14 1 9 10 2 
	-> 1 2 3 4 5 6 7 8 9 10 11 14 
Structure 915: 4 8 7 15 5 3 6 25 24 1 9 10 2 
	-> 1 2 3 4 5 6 7 8 9 10 15 
Structure 916: 4 8 7 15 5 3 12 6 11 13 1 9 10 2 
	-> 1 2 3 4 5 6 7 8 9 10 11 12 13 15 
Structure 917: 4 8 7 5 3 12 6 16 1 17 18 2 
	-> 1 2 3 4 5 6 7 8 12 16 17 18 
Structure 918: 4 8 7 5 3 6 16 1 17 21 2 
	-> 1 2 3 4 5 6 7 8 16 17 
Structure 919: 4 8 7 5 3 12 6 11 13 1 9 10 2 
	-> 1 2 3 4 5 6 7 8 9 10 11 12 13 
Structure 920: 4 8 7 15 5 3 12 6 16 1 17 21 2 
	-> 1 2 3 4 5 6 7 8 12 15 16 17 
Structure 921: 4 8 7 15 5 3 6 11 13 1 9 10 2 
	-> 1 2 3 4 5 6 7 8 9 10 11 13 15 
Structure 922: 4 8 7 5 3 12 6 16 1 17 18 2 
	-> 1 2 3 4 5 6 7 8 12 16 17 18 
Structure 923: 4 19 7 15 5 3 106 107 1 51 9 10 2 
	-> 1 2 3 4 5 7 9 10 15 
Structure 924: 4 8 7 5 3 6 11 1 9 10 2 
	-> 1 2 3 4 5 6 7 8 9 10 11 
Structure 925: 4 8 7 5 3 6 11 13 1 9 10 2 
	-> 1 2 3 4 5 6 7 8 9 10 11 13 
Structure 926: 4 8 7 15 5 3 12 6 11 14 1 9 10 2 
	-> 1 2 3 4 5 6 7 8 9 10 11 12 14 15 
Structure 927: 4 8 7 5 3 6 11 13 1 81 43 2 
	-> 1 2 3 4 5 6 7 8 11 13 
Structure 928: 8 7 5 3 6 11 13 1 9 10 2 
	-> 1 2 3 5 6 7 8 9 10 11 13 
Structure 929: 4 8 7 5 22 3 12 6 11 1 32 9 10 2 
	-> 1 2 3 4 5 6 7 8 9 10 11 12 
Structure 930: 4 8 7 5 3 12 6 11 1 9 10 2 
	-> 1 2 3 4 5 6 7 8 9 10 11 12 
Structure 931: 4 8 7 20 5 3 12 6 11 14 1 9 10 2 
	-> 1 2 3 4 5 6 7 8 9 10 11 12 14 
Structure 932: 4 8 7 5 3 6 16 14 1 17 18 2 
	-> 1 2 3 4 5 6 7 8 14 16 17 18 
Structure 933: 4 8 7 5 3 6 11 13 1 9 10 2 
	-> 1 2 3 4 5 6 7 8 9 10 11 13 
Structure 934: 4 8 7 5 3 6 11 13 1 9 10 2 
	-> 1 2 3 4 5 6 7 8 9 10 11 13 
Structure 935: 4 8 7 5 3 28 6 16 1 17 21 2 
	-> 1 2 3 4 5 6 7 8 16 17 
Structure 936: 4 19 7 15 5 3 12 6 11 14 1 9 10 2 
	-> 1 2 3 4 5 6 7 9 10 11 12 14 15 
Structure 937: 4 8 7 5 3 6 11 14 1 9 10 2 
	-> 1 2 3 4 5 6 7 8 9 10 11 14 
Structure 938: 4 8 7 15 5 3 6 11 14 1 9 10 2 
	-> 1 2 3 4 5 6 7 8 9 10 11 14 15 
Structure 939: 4 8 34 35 37 16 13 1 17 60 70 71 36 29 2 
	-> 1 2 4 8 13 16 17 
Structure 940: 4 19 7 5 3 6 11 14 1 9 10 2 
	-> 1 2 3 4 5 6 7 9 10 11 14 
Structure 941: 4 8 34 35 108 13 1 109 110 74 61 9 10 36 29 2 
	-> 1 2 4 8 9 10 13 
Structure 942: 4 8 7 15 5 3 6 11 13 1 9 10 2 
	-> 1 2 3 4 5 6 7 8 9 10 11 13 15 
Structure 943: 4 8 7 15 5 3 6 16 13 1 17 18 2 
	-> 1 2 3 4 5 6 7 8 13 15 16 17 18 
Structure 944: 4 8 7 5 3 12 6 11 13 1 9 10 2 
	-> 1 2 3 4 5 6 7 8 9 10 11 12 13 
Structure 945: 4 8 7 15 5 3 6 11 13 1 9 10 2 
	-> 1 2 3 4 5 6 7 8 9 10 11 13 15 
Structure 946: 4 8 7 5 3 12 6 11 13 1 9 10 2 
	-> 1 2 3 4 5 6 7 8 9 10 11 12 13 
Structure 947: 4 8 7 15 5 3 12 6 11 14 1 9 10 2 
	-> 1 2 3 4 5 6 7 8 9 10 11 12 14 15 
Structure 948: 4 8 7 5 3 6 11 13 1 9 10 2 
	-> 1 2 3 4 5 6 7 8 9 10 11 13 
Structure 949: 4 8 34 35 37 11 1 74 61 9 10 36 29 2 
	-> 1 2 4 8 9 10 11 
Structure 950: 4 8 7 20 5 3 12 6 16 13 1 17 21 2 
	-> 1 2 3 4 5 6 7 8 12 13 16 17 
Structure 951: 4 8 7 5 3 12 6 11 13 1 9 10 2 
	-> 1 2 3 4 5 6 7 8 9 10 11 12 13 
Structure 952: 8 7 5 22 3 12 6 11 14 1 9 10 2 
	-> 1 2 3 5 6 7 8 9 10 11 12 14 
Structure 953: 4 8 7 5 22 3 12 6 11 13 1 9 10 2 
	-> 1 2 3 4 5 6 7 8 9 10 11 12 13 
Structure 954: 4 8 7 15 5 3 12 6 25 65 1 9 10 2 
	-> 1 2 3 4 5 6 7 8 9 10 12 15 
Structure 955: 4 8 7 5 22 3 12 6 11 13 1 9 10 2 
	-> 1 2 3 4 5 6 7 8 9 10 11 12 13 
Structure 956: 4 8 7 15 5 3 6 16 13 1 17 18 2 
	-> 1 2 3 4 5 6 7 8 13 15 16 17 18 
Structure 957: 4 8 7 15 5 3 6 11 13 1 9 10 2 
	-> 1 2 3 4 5 6 7 8 9 10 11 13 15 
Structure 958: 4 8 7 15 5 3 12 6 11 1 9 10 2 
	-> 1 2 3 4 5 6 7 8 9 10 11 12 15 
Structure 959: 4 8 7 5 3 12 6 11 1 9 10 2 
	-> 1 2 3 4 5 6 7 8 9 10 11 12 
Structure 960: 4 8 34 35 37 44 11 13 1 9 10 29 2 
	-> 1 2 4 8 9 10 11 13 
Structure 961: 4 8 7 5 3 12 6 11 13 1 9 10 2 
	-> 1 2 3 4 5 6 7 8 9 10 11 12 13 
Structure 962: 4 8 7 15 5 3 68 6 16 13 1 17 21 2 
	-> 1 2 3 4 5 6 7 8 13 15 16 17 
Structure 963: 4 19 7 5 22 3 12 6 11 13 1 9 10 2 
	-> 1 2 3 4 5 6 7 9 10 11 12 13 
Structure 964: 4 8 7 15 5 3 6 11 13 1 9 10 2 
	-> 1 2 3 4 5 6 7 8 9 10 11 13 15 
Structure 965: 4 8 7 5 3 12 6 11 14 1 9 10 2 
	-> 1 2 3 4 5 6 7 8 9 10 11 12 14 
Structure 966: 4 8 7 15 5 3 12 6 11 1 9 10 2 
	-> 1 2 3 4 5 6 7 8 9 10 11 12 15 
Structure 967: 4 8 7 15 5 3 6 11 1 9 10 2 
	-> 1 2 3 4 5 6 7 8 9 10 11 15 
Structure 968: 4 26 41 7 5 3 12 6 16 14 1 58 59 21 2 
	-> 1 2 3 4 5 6 7 12 14 16 
Structure 969: 4 8 23 73 20 5 3 12 6 11 1 9 10 2 
	-> 1 2 3 4 5 6 8 9 10 11 12 
Structure 970: 4 8 7 5 3 12 6 11 13 1 9 10 2 
	-> 1 2 3 4 5 6 7 8 9 10 11 12 13 
Structure 971: 4 41 7 5 3 12 6 11 13 1 9 10 2 
	-> 1 2 3 4 5 6 7 9 10 11 12 13 
Structure 972: 4 8 7 15 31 5 3 6 11 13 1 9 10 2 
	-> 1 2 3 4 5 6 7 8 9 10 11 13 15 
Structure 973: 4 8 7 5 3 6 11 14 1 9 10 2 
	-> 1 2 3 4 5 6 7 8 9 10 11 14 
Structure 974: 4 8 7 5 3 12 6 11 14 1 9 10 2 
	-> 1 2 3 4 5 6 7 8 9 10 11 12 14 
Structure 975: 4 26 19 7 5 3 12 6 11 1 9 10 2 
	-> 1 2 3 4 5 6 7 9 10 11 12 
Structure 976: 4 8 7 5 3 12 6 11 13 1 9 10 2 
	-> 1 2 3 4 5 6 7 8 9 10 11 12 13 
Structure 977: 4 8 7 5 3 6 11 13 1 9 10 2 
	-> 1 2 3 4 5 6 7 8 9 10 11 13 
Structure 978: 4 8 7 15 5 3 12 6 11 14 1 9 10 2 
	-> 1 2 3 4 5 6 7 8 9 10 11 12 14 15 
Structure 979: 4 8 7 15 5 3 12 6 14 1 9 10 2 
	-> 1 2 3 4 5 6 7 8 9 10 12 14 15 
Structure 980: 111 8 23 20 5 3 6 11 13 1 9 10 2 
	-> 1 2 3 5 6 8 9 10 11 13 
Structure 981: 4 8 7 5 3 6 11 14 1 9 10 2 
	-> 1 2 3 4 5 6 7 8 9 10 11 14 
Structure 982: 4 8 7 5 3 6 16 42 1 17 18 2 
	-> 1 2 3 4 5 6 7 8 16 17 18 
Structure 983: 4 8 7 5 3 12 6 11 13 1 9 10 2 
	-> 1 2 3 4 5 6 7 8 9 10 11 12 13 
Structure 984: 4 8 7 15 5 22 3 12 6 11 14 1 9 10 2 
	-> 1 2 3 4 5 6 7 8 9 10 11 12 14 15 
Structure 985: 4 8 7 5 3 6 11 14 1 9 10 2 
	-> 1 2 3 4 5 6 7 8 9 10 11 14 
Structure 986: 4 8 7 5 22 3 6 11 13 1 9 33 2 
	-> 1 2 3 4 5 6 7 8 9 11 13 
Structure 987: 4 8 7 15 31 5 3 12 6 11 13 1 9 10 2 
	-> 1 2 3 4 5 6 7 8 9 10 11 12 13 15 
Structure 988: 4 8 7 5 3 53 54 16 13 1 17 36 29 2 
	-> 1 2 3 4 5 7 8 13 16 17 
Structure 989: 4 19 7 15 5 3 12 6 11 13 1 9 10 2 
	-> 1 2 3 4 5 6 7 9 10 11 12 13 15 
Structure 990: 4 8 7 5 3 6 11 13 1 9 10 2 
	-> 1 2 3 4 5 6 7 8 9 10 11 13 
Structure 991: 4 8 7 5 3 12 6 11 13 1 9 10 2 
	-> 1 2 3 4 5 6 7 8 9 10 11 12 13 
Structure 992: 4 8 7 5 3 6 11 1 9 10 2 
	-> 1 2 3 4 5 6 7 8 9 10 11 
Structure 993: 8 7 5 3 12 6 11 13 1 9 10 2 
	-> 1 2 3 5 6 7 8 9 10 11 12 13 
Structure 994: 4 8 7 5 3 6 11 1 9 10 2 
	-> 1 2 3 4 5 6 7 8 9 10 11 
Structure 995: 4 8 7 15 5 3 12 6 16 13 1 17 18 2 
	-> 1 2 3 4 5 6 7 8 12 13 15 16 17 18 
Structure 996: 4 8 23 7 15 5 3 12 6 16 13 1 17 18 2 
	-> 1 2 3 4 5 6 7 8 12 13 15 16 17 18 
Structure 997: 4 8 7 5 22 3 6 16 1 17 18 2 
	-> 1 2 3 4 5 6 7 8 16 17 18 
Structure 998: 4 8 7 15 5 3 12 6 11 13 1 9 10 2 
	-> 1 2 3 4 5 6 7 8 9 10 11 12 13 15 
Structure 999: 4 8 7 5 3 6 11 13 1 9 10 2 
	-> 1 2 3 4 5 6 7 8 9 10 11 13 
Structure 1000: 4 8 7 15 5 3 12 6 11 1 9 10 2 
	-> 1 2 3 4 5 6 7 8 9 10 11 13  